/home/julian/airflow/logs/scheduler/latest already exists as a dir/file. Skip creating symlink.
  ____________       _____________
 ____    |__( )_________  __/__  /________      __
____  /| |_  /__  ___/_  /_ __  /_  __ \_ | /| / /
___  ___ |  / _  /   _  __/ _  / / /_/ /_ |/ |/ /
 _/_/  |_/_/  /_/    /_/    /_/  \____/____/|__/
[2024-10-07T13:10:08.899+0200] {_client.py:1038} INFO - HTTP Request: GET https://apacheairflow.gateway.scarf.sh/scheduler?version=2.10.2&python_version=3.11&platform=Linux&arch=x86_64&database=sqlite&db_version=3.41&executor=SequentialExecutor "HTTP/1.1 200 OK"
[2024-10-07T13:10:09.037+0200] {executor_loader.py:254} INFO - Loaded executor: SequentialExecutor
[2024-10-07 13:10:09 +0200] [196099] [INFO] Starting gunicorn 23.0.0
[2024-10-07T13:10:09.075+0200] {scheduler_job_runner.py:935} INFO - Starting the scheduler
[2024-10-07T13:10:09.076+0200] {scheduler_job_runner.py:942} INFO - Processing each file at most -1 times
[2024-10-07 13:10:09 +0200] [196099] [INFO] Listening at: http://[::]:8793 (196099)
[2024-10-07 13:10:09 +0200] [196099] [INFO] Using worker: sync
[2024-10-07 13:10:09 +0200] [196100] [INFO] Booting worker with pid: 196100
[2024-10-07T13:10:09.083+0200] {manager.py:174} INFO - Launched DagFileProcessorManager with pid: 196101
[2024-10-07T13:10:09.085+0200] {scheduler_job_runner.py:1847} INFO - Adopting or resetting orphaned tasks for active dag runs
[2024-10-07T13:10:09.088+0200] {settings.py:63} INFO - Configured default timezone UTC
[2024-10-07 13:10:09 +0200] [196102] [INFO] Booting worker with pid: 196102
[2024-10-07T13:10:09.094+0200] {scheduler_job_runner.py:1870} INFO - Marked 1 SchedulerJob instances as failed
[2024-10-07T13:10:09.101+0200] {file_processor_handler.py:129} WARNING - /home/julian/airflow/logs/scheduler/latest already exists as a dir/file. Skip creating symlink.
[2024-10-07T13:10:09.107+0200] {manager.py:406} WARNING - Because we cannot use more than 1 thread (parsing_processes = 2) when using sqlite. So we set parallelism to 1.
[2024-10-07T13:15:09.153+0200] {scheduler_job_runner.py:1847} INFO - Adopting or resetting orphaned tasks for active dag runs
[2024-10-07T13:20:09.202+0200] {scheduler_job_runner.py:1847} INFO - Adopting or resetting orphaned tasks for active dag runs
[2024-10-07T13:21:09.901+0200] {scheduler_job_runner.py:260} INFO - Exiting gracefully upon receiving signal 15
[2024-10-07T13:21:10.077+0200] {process_utils.py:132} INFO - Sending 15 to group 196101. PIDs of all processes in the group: []
[2024-10-07T13:21:10.078+0200] {process_utils.py:87} INFO - Sending the signal 15 to group 196101
[2024-10-07T13:21:10.078+0200] {process_utils.py:101} INFO - Sending the signal 15 to process 196101 as process group is missing.
[2024-10-07T13:21:10.081+0200] {process_utils.py:132} INFO - Sending 15 to group 196101. PIDs of all processes in the group: []
[2024-10-07T13:21:10.081+0200] {process_utils.py:87} INFO - Sending the signal 15 to group 196101
[2024-10-07T13:21:10.081+0200] {process_utils.py:101} INFO - Sending the signal 15 to process 196101 as process group is missing.
[2024-10-07T13:21:10.082+0200] {scheduler_job_runner.py:1014} INFO - Exited execute loop
[2024-10-07 13:21:10 +0200] [196099] [INFO] Handling signal: term
[2024-10-07 13:21:10 +0200] [196102] [INFO] Worker exiting (pid: 196102)
[2024-10-07 13:21:10 +0200] [196100] [INFO] Worker exiting (pid: 196100)
[2024-10-07 13:21:10 +0200] [196099] [INFO] Shutting down: Master
