[2024-09-27T14:20:57.029+0200] {processor.py:186} INFO - Started process (PID=280093) to work on /home/julian/.cache/pypoetry/virtualenvs/real-time-data-lake-QWGm5iRW-py3.11/lib/python3.11/site-packages/airflow/example_dags/example_latest_only.py
[2024-09-27T14:20:57.030+0200] {processor.py:914} INFO - Processing file /home/julian/.cache/pypoetry/virtualenvs/real-time-data-lake-QWGm5iRW-py3.11/lib/python3.11/site-packages/airflow/example_dags/example_latest_only.py for tasks to queue
[2024-09-27T14:20:57.033+0200] {logging_mixin.py:190} INFO - [2024-09-27T14:20:57.033+0200] {dagbag.py:588} INFO - Filling up the DagBag from /home/julian/.cache/pypoetry/virtualenvs/real-time-data-lake-QWGm5iRW-py3.11/lib/python3.11/site-packages/airflow/example_dags/example_latest_only.py
[2024-09-27T14:20:57.042+0200] {processor.py:925} INFO - DAG(s) 'latest_only' retrieved from /home/julian/.cache/pypoetry/virtualenvs/real-time-data-lake-QWGm5iRW-py3.11/lib/python3.11/site-packages/airflow/example_dags/example_latest_only.py
[2024-09-27T14:20:57.115+0200] {logging_mixin.py:190} INFO - [2024-09-27T14:20:57.115+0200] {override.py:1901} INFO - Created Permission View: can delete on DAG:latest_only
[2024-09-27T14:20:57.124+0200] {logging_mixin.py:190} INFO - [2024-09-27T14:20:57.124+0200] {override.py:1901} INFO - Created Permission View: can read on DAG:latest_only
[2024-09-27T14:20:57.130+0200] {logging_mixin.py:190} INFO - [2024-09-27T14:20:57.129+0200] {override.py:1901} INFO - Created Permission View: can edit on DAG:latest_only
[2024-09-27T14:20:57.141+0200] {logging_mixin.py:190} INFO - [2024-09-27T14:20:57.140+0200] {override.py:1901} INFO - Created Permission View: can create on DAG Run:latest_only
[2024-09-27T14:20:57.146+0200] {logging_mixin.py:190} INFO - [2024-09-27T14:20:57.146+0200] {override.py:1901} INFO - Created Permission View: can delete on DAG Run:latest_only
[2024-09-27T14:20:57.152+0200] {logging_mixin.py:190} INFO - [2024-09-27T14:20:57.152+0200] {override.py:1901} INFO - Created Permission View: can read on DAG Run:latest_only
[2024-09-27T14:20:57.157+0200] {logging_mixin.py:190} INFO - [2024-09-27T14:20:57.157+0200] {override.py:1901} INFO - Created Permission View: menu access on DAG Run:latest_only
[2024-09-27T14:20:57.157+0200] {logging_mixin.py:190} INFO - [2024-09-27T14:20:57.157+0200] {dag.py:3239} INFO - Sync 1 DAGs
[2024-09-27T14:20:57.164+0200] {logging_mixin.py:190} INFO - [2024-09-27T14:20:57.164+0200] {dag.py:3262} INFO - Creating ORM DAG for latest_only
[2024-09-27T14:20:57.169+0200] {logging_mixin.py:190} INFO - [2024-09-27T14:20:57.169+0200] {dag.py:4180} INFO - Setting next_dagrun for latest_only to 2024-09-27 08:00:00+00:00, run_after=2024-09-27 12:00:00+00:00
[2024-09-27T14:20:57.182+0200] {processor.py:208} INFO - Processing /home/julian/.cache/pypoetry/virtualenvs/real-time-data-lake-QWGm5iRW-py3.11/lib/python3.11/site-packages/airflow/example_dags/example_latest_only.py took 0.160 seconds
[2024-09-27T14:22:34.589+0200] {processor.py:186} INFO - Started process (PID=280272) to work on /home/julian/.cache/pypoetry/virtualenvs/real-time-data-lake-QWGm5iRW-py3.11/lib/python3.11/site-packages/airflow/example_dags/example_latest_only.py
[2024-09-27T14:22:34.595+0200] {processor.py:914} INFO - Processing file /home/julian/.cache/pypoetry/virtualenvs/real-time-data-lake-QWGm5iRW-py3.11/lib/python3.11/site-packages/airflow/example_dags/example_latest_only.py for tasks to queue
[2024-09-27T14:22:34.598+0200] {logging_mixin.py:190} INFO - [2024-09-27T14:22:34.597+0200] {dagbag.py:588} INFO - Filling up the DagBag from /home/julian/.cache/pypoetry/virtualenvs/real-time-data-lake-QWGm5iRW-py3.11/lib/python3.11/site-packages/airflow/example_dags/example_latest_only.py
[2024-09-27T14:22:34.606+0200] {processor.py:925} INFO - DAG(s) 'latest_only' retrieved from /home/julian/.cache/pypoetry/virtualenvs/real-time-data-lake-QWGm5iRW-py3.11/lib/python3.11/site-packages/airflow/example_dags/example_latest_only.py
[2024-09-27T14:22:34.627+0200] {logging_mixin.py:190} INFO - [2024-09-27T14:22:34.626+0200] {dag.py:3239} INFO - Sync 1 DAGs
[2024-09-27T14:22:34.646+0200] {logging_mixin.py:190} INFO - [2024-09-27T14:22:34.646+0200] {dag.py:4180} INFO - Setting next_dagrun for latest_only to 2024-09-27 08:00:00+00:00, run_after=2024-09-27 12:00:00+00:00
[2024-09-27T14:22:34.658+0200] {processor.py:208} INFO - Processing /home/julian/.cache/pypoetry/virtualenvs/real-time-data-lake-QWGm5iRW-py3.11/lib/python3.11/site-packages/airflow/example_dags/example_latest_only.py took 0.076 seconds
[2024-09-27T14:23:50.692+0200] {processor.py:186} INFO - Started process (PID=280488) to work on /home/julian/.cache/pypoetry/virtualenvs/real-time-data-lake-QWGm5iRW-py3.11/lib/python3.11/site-packages/airflow/example_dags/example_latest_only.py
[2024-09-27T14:23:50.693+0200] {processor.py:914} INFO - Processing file /home/julian/.cache/pypoetry/virtualenvs/real-time-data-lake-QWGm5iRW-py3.11/lib/python3.11/site-packages/airflow/example_dags/example_latest_only.py for tasks to queue
[2024-09-27T14:23:50.694+0200] {logging_mixin.py:190} INFO - [2024-09-27T14:23:50.694+0200] {dagbag.py:588} INFO - Filling up the DagBag from /home/julian/.cache/pypoetry/virtualenvs/real-time-data-lake-QWGm5iRW-py3.11/lib/python3.11/site-packages/airflow/example_dags/example_latest_only.py
[2024-09-27T14:23:50.698+0200] {processor.py:925} INFO - DAG(s) 'latest_only' retrieved from /home/julian/.cache/pypoetry/virtualenvs/real-time-data-lake-QWGm5iRW-py3.11/lib/python3.11/site-packages/airflow/example_dags/example_latest_only.py
[2024-09-27T14:23:50.708+0200] {logging_mixin.py:190} INFO - [2024-09-27T14:23:50.708+0200] {dag.py:3239} INFO - Sync 1 DAGs
[2024-09-27T14:23:50.721+0200] {logging_mixin.py:190} INFO - [2024-09-27T14:23:50.721+0200] {dag.py:4180} INFO - Setting next_dagrun for latest_only to 2024-09-27 08:00:00+00:00, run_after=2024-09-27 12:00:00+00:00
[2024-09-27T14:23:50.736+0200] {processor.py:208} INFO - Processing /home/julian/.cache/pypoetry/virtualenvs/real-time-data-lake-QWGm5iRW-py3.11/lib/python3.11/site-packages/airflow/example_dags/example_latest_only.py took 0.047 seconds
[2024-09-27T14:25:07.835+0200] {processor.py:186} INFO - Started process (PID=280743) to work on /home/julian/.cache/pypoetry/virtualenvs/real-time-data-lake-QWGm5iRW-py3.11/lib/python3.11/site-packages/airflow/example_dags/example_latest_only.py
[2024-09-27T14:25:07.841+0200] {processor.py:914} INFO - Processing file /home/julian/.cache/pypoetry/virtualenvs/real-time-data-lake-QWGm5iRW-py3.11/lib/python3.11/site-packages/airflow/example_dags/example_latest_only.py for tasks to queue
[2024-09-27T14:25:07.843+0200] {logging_mixin.py:190} INFO - [2024-09-27T14:25:07.843+0200] {dagbag.py:588} INFO - Filling up the DagBag from /home/julian/.cache/pypoetry/virtualenvs/real-time-data-lake-QWGm5iRW-py3.11/lib/python3.11/site-packages/airflow/example_dags/example_latest_only.py
[2024-09-27T14:25:07.852+0200] {processor.py:925} INFO - DAG(s) 'latest_only' retrieved from /home/julian/.cache/pypoetry/virtualenvs/real-time-data-lake-QWGm5iRW-py3.11/lib/python3.11/site-packages/airflow/example_dags/example_latest_only.py
[2024-09-27T14:25:07.872+0200] {logging_mixin.py:190} INFO - [2024-09-27T14:25:07.871+0200] {dag.py:3239} INFO - Sync 1 DAGs
[2024-09-27T14:25:07.890+0200] {logging_mixin.py:190} INFO - [2024-09-27T14:25:07.890+0200] {dag.py:4180} INFO - Setting next_dagrun for latest_only to 2024-09-27 08:00:00+00:00, run_after=2024-09-27 12:00:00+00:00
[2024-09-27T14:25:07.903+0200] {processor.py:208} INFO - Processing /home/julian/.cache/pypoetry/virtualenvs/real-time-data-lake-QWGm5iRW-py3.11/lib/python3.11/site-packages/airflow/example_dags/example_latest_only.py took 0.076 seconds
[2024-09-27T14:31:01.404+0200] {processor.py:186} INFO - Started process (PID=281503) to work on /home/julian/.cache/pypoetry/virtualenvs/real-time-data-lake-QWGm5iRW-py3.11/lib/python3.11/site-packages/airflow/example_dags/example_latest_only.py
[2024-09-27T14:31:01.410+0200] {processor.py:914} INFO - Processing file /home/julian/.cache/pypoetry/virtualenvs/real-time-data-lake-QWGm5iRW-py3.11/lib/python3.11/site-packages/airflow/example_dags/example_latest_only.py for tasks to queue
[2024-09-27T14:31:01.412+0200] {logging_mixin.py:190} INFO - [2024-09-27T14:31:01.412+0200] {dagbag.py:588} INFO - Filling up the DagBag from /home/julian/.cache/pypoetry/virtualenvs/real-time-data-lake-QWGm5iRW-py3.11/lib/python3.11/site-packages/airflow/example_dags/example_latest_only.py
[2024-09-27T14:31:01.416+0200] {processor.py:925} INFO - DAG(s) 'latest_only' retrieved from /home/julian/.cache/pypoetry/virtualenvs/real-time-data-lake-QWGm5iRW-py3.11/lib/python3.11/site-packages/airflow/example_dags/example_latest_only.py
[2024-09-27T14:31:01.426+0200] {logging_mixin.py:190} INFO - [2024-09-27T14:31:01.426+0200] {dag.py:3239} INFO - Sync 1 DAGs
[2024-09-27T14:31:01.438+0200] {logging_mixin.py:190} INFO - [2024-09-27T14:31:01.438+0200] {dag.py:4180} INFO - Setting next_dagrun for latest_only to 2024-09-27 08:00:00+00:00, run_after=2024-09-27 12:00:00+00:00
[2024-09-27T14:31:01.451+0200] {processor.py:208} INFO - Processing /home/julian/.cache/pypoetry/virtualenvs/real-time-data-lake-QWGm5iRW-py3.11/lib/python3.11/site-packages/airflow/example_dags/example_latest_only.py took 0.050 seconds
[2024-09-27T14:32:14.004+0200] {processor.py:186} INFO - Started process (PID=281613) to work on /home/julian/.cache/pypoetry/virtualenvs/real-time-data-lake-QWGm5iRW-py3.11/lib/python3.11/site-packages/airflow/example_dags/example_latest_only.py
[2024-09-27T14:32:14.010+0200] {processor.py:914} INFO - Processing file /home/julian/.cache/pypoetry/virtualenvs/real-time-data-lake-QWGm5iRW-py3.11/lib/python3.11/site-packages/airflow/example_dags/example_latest_only.py for tasks to queue
[2024-09-27T14:32:14.012+0200] {logging_mixin.py:190} INFO - [2024-09-27T14:32:14.012+0200] {dagbag.py:588} INFO - Filling up the DagBag from /home/julian/.cache/pypoetry/virtualenvs/real-time-data-lake-QWGm5iRW-py3.11/lib/python3.11/site-packages/airflow/example_dags/example_latest_only.py
[2024-09-27T14:32:14.021+0200] {processor.py:925} INFO - DAG(s) 'latest_only' retrieved from /home/julian/.cache/pypoetry/virtualenvs/real-time-data-lake-QWGm5iRW-py3.11/lib/python3.11/site-packages/airflow/example_dags/example_latest_only.py
[2024-09-27T14:32:14.042+0200] {logging_mixin.py:190} INFO - [2024-09-27T14:32:14.041+0200] {dag.py:3239} INFO - Sync 1 DAGs
[2024-09-27T14:32:14.061+0200] {logging_mixin.py:190} INFO - [2024-09-27T14:32:14.061+0200] {dag.py:4180} INFO - Setting next_dagrun for latest_only to 2024-09-27 08:00:00+00:00, run_after=2024-09-27 12:00:00+00:00
[2024-09-27T14:32:14.074+0200] {processor.py:208} INFO - Processing /home/julian/.cache/pypoetry/virtualenvs/real-time-data-lake-QWGm5iRW-py3.11/lib/python3.11/site-packages/airflow/example_dags/example_latest_only.py took 0.078 seconds
[2024-09-27T14:33:28.425+0200] {processor.py:186} INFO - Started process (PID=281806) to work on /home/julian/.cache/pypoetry/virtualenvs/real-time-data-lake-QWGm5iRW-py3.11/lib/python3.11/site-packages/airflow/example_dags/example_latest_only.py
[2024-09-27T14:33:28.431+0200] {processor.py:914} INFO - Processing file /home/julian/.cache/pypoetry/virtualenvs/real-time-data-lake-QWGm5iRW-py3.11/lib/python3.11/site-packages/airflow/example_dags/example_latest_only.py for tasks to queue
[2024-09-27T14:33:28.433+0200] {logging_mixin.py:190} INFO - [2024-09-27T14:33:28.433+0200] {dagbag.py:588} INFO - Filling up the DagBag from /home/julian/.cache/pypoetry/virtualenvs/real-time-data-lake-QWGm5iRW-py3.11/lib/python3.11/site-packages/airflow/example_dags/example_latest_only.py
[2024-09-27T14:33:28.442+0200] {processor.py:925} INFO - DAG(s) 'latest_only' retrieved from /home/julian/.cache/pypoetry/virtualenvs/real-time-data-lake-QWGm5iRW-py3.11/lib/python3.11/site-packages/airflow/example_dags/example_latest_only.py
[2024-09-27T14:33:28.463+0200] {logging_mixin.py:190} INFO - [2024-09-27T14:33:28.462+0200] {dag.py:3239} INFO - Sync 1 DAGs
[2024-09-27T14:33:28.482+0200] {logging_mixin.py:190} INFO - [2024-09-27T14:33:28.482+0200] {dag.py:4180} INFO - Setting next_dagrun for latest_only to 2024-09-27 08:00:00+00:00, run_after=2024-09-27 12:00:00+00:00
[2024-09-27T14:33:28.496+0200] {processor.py:208} INFO - Processing /home/julian/.cache/pypoetry/virtualenvs/real-time-data-lake-QWGm5iRW-py3.11/lib/python3.11/site-packages/airflow/example_dags/example_latest_only.py took 0.078 seconds
[2024-09-27T14:34:41.899+0200] {processor.py:186} INFO - Started process (PID=282084) to work on /home/julian/.cache/pypoetry/virtualenvs/real-time-data-lake-QWGm5iRW-py3.11/lib/python3.11/site-packages/airflow/example_dags/example_latest_only.py
[2024-09-27T14:34:41.905+0200] {processor.py:914} INFO - Processing file /home/julian/.cache/pypoetry/virtualenvs/real-time-data-lake-QWGm5iRW-py3.11/lib/python3.11/site-packages/airflow/example_dags/example_latest_only.py for tasks to queue
[2024-09-27T14:34:41.907+0200] {logging_mixin.py:190} INFO - [2024-09-27T14:34:41.907+0200] {dagbag.py:588} INFO - Filling up the DagBag from /home/julian/.cache/pypoetry/virtualenvs/real-time-data-lake-QWGm5iRW-py3.11/lib/python3.11/site-packages/airflow/example_dags/example_latest_only.py
[2024-09-27T14:34:41.916+0200] {processor.py:925} INFO - DAG(s) 'latest_only' retrieved from /home/julian/.cache/pypoetry/virtualenvs/real-time-data-lake-QWGm5iRW-py3.11/lib/python3.11/site-packages/airflow/example_dags/example_latest_only.py
[2024-09-27T14:34:41.936+0200] {logging_mixin.py:190} INFO - [2024-09-27T14:34:41.936+0200] {dag.py:3239} INFO - Sync 1 DAGs
[2024-09-27T14:34:41.957+0200] {logging_mixin.py:190} INFO - [2024-09-27T14:34:41.956+0200] {dag.py:4180} INFO - Setting next_dagrun for latest_only to 2024-09-27 08:00:00+00:00, run_after=2024-09-27 12:00:00+00:00
[2024-09-27T14:34:41.969+0200] {processor.py:208} INFO - Processing /home/julian/.cache/pypoetry/virtualenvs/real-time-data-lake-QWGm5iRW-py3.11/lib/python3.11/site-packages/airflow/example_dags/example_latest_only.py took 0.077 seconds
[2024-09-27T14:35:52.829+0200] {processor.py:186} INFO - Started process (PID=282207) to work on /home/julian/.cache/pypoetry/virtualenvs/real-time-data-lake-QWGm5iRW-py3.11/lib/python3.11/site-packages/airflow/example_dags/example_latest_only.py
[2024-09-27T14:35:52.835+0200] {processor.py:914} INFO - Processing file /home/julian/.cache/pypoetry/virtualenvs/real-time-data-lake-QWGm5iRW-py3.11/lib/python3.11/site-packages/airflow/example_dags/example_latest_only.py for tasks to queue
[2024-09-27T14:35:52.837+0200] {logging_mixin.py:190} INFO - [2024-09-27T14:35:52.837+0200] {dagbag.py:588} INFO - Filling up the DagBag from /home/julian/.cache/pypoetry/virtualenvs/real-time-data-lake-QWGm5iRW-py3.11/lib/python3.11/site-packages/airflow/example_dags/example_latest_only.py
[2024-09-27T14:35:52.846+0200] {processor.py:925} INFO - DAG(s) 'latest_only' retrieved from /home/julian/.cache/pypoetry/virtualenvs/real-time-data-lake-QWGm5iRW-py3.11/lib/python3.11/site-packages/airflow/example_dags/example_latest_only.py
[2024-09-27T14:35:52.867+0200] {logging_mixin.py:190} INFO - [2024-09-27T14:35:52.866+0200] {dag.py:3239} INFO - Sync 1 DAGs
[2024-09-27T14:35:52.886+0200] {logging_mixin.py:190} INFO - [2024-09-27T14:35:52.886+0200] {dag.py:4180} INFO - Setting next_dagrun for latest_only to 2024-09-27 08:00:00+00:00, run_after=2024-09-27 12:00:00+00:00
[2024-09-27T14:35:52.899+0200] {processor.py:208} INFO - Processing /home/julian/.cache/pypoetry/virtualenvs/real-time-data-lake-QWGm5iRW-py3.11/lib/python3.11/site-packages/airflow/example_dags/example_latest_only.py took 0.077 seconds
[2024-09-27T14:37:06.755+0200] {processor.py:186} INFO - Started process (PID=282318) to work on /home/julian/.cache/pypoetry/virtualenvs/real-time-data-lake-QWGm5iRW-py3.11/lib/python3.11/site-packages/airflow/example_dags/example_latest_only.py
[2024-09-27T14:37:06.761+0200] {processor.py:914} INFO - Processing file /home/julian/.cache/pypoetry/virtualenvs/real-time-data-lake-QWGm5iRW-py3.11/lib/python3.11/site-packages/airflow/example_dags/example_latest_only.py for tasks to queue
[2024-09-27T14:37:06.764+0200] {logging_mixin.py:190} INFO - [2024-09-27T14:37:06.763+0200] {dagbag.py:588} INFO - Filling up the DagBag from /home/julian/.cache/pypoetry/virtualenvs/real-time-data-lake-QWGm5iRW-py3.11/lib/python3.11/site-packages/airflow/example_dags/example_latest_only.py
[2024-09-27T14:37:06.773+0200] {processor.py:925} INFO - DAG(s) 'latest_only' retrieved from /home/julian/.cache/pypoetry/virtualenvs/real-time-data-lake-QWGm5iRW-py3.11/lib/python3.11/site-packages/airflow/example_dags/example_latest_only.py
[2024-09-27T14:37:06.786+0200] {logging_mixin.py:190} INFO - [2024-09-27T14:37:06.786+0200] {dag.py:3239} INFO - Sync 1 DAGs
[2024-09-27T14:37:06.798+0200] {logging_mixin.py:190} INFO - [2024-09-27T14:37:06.798+0200] {dag.py:4180} INFO - Setting next_dagrun for latest_only to 2024-09-27 08:00:00+00:00, run_after=2024-09-27 12:00:00+00:00
[2024-09-27T14:37:06.811+0200] {processor.py:208} INFO - Processing /home/julian/.cache/pypoetry/virtualenvs/real-time-data-lake-QWGm5iRW-py3.11/lib/python3.11/site-packages/airflow/example_dags/example_latest_only.py took 0.063 seconds
[2024-09-27T14:38:23.397+0200] {processor.py:186} INFO - Started process (PID=282717) to work on /home/julian/.cache/pypoetry/virtualenvs/real-time-data-lake-QWGm5iRW-py3.11/lib/python3.11/site-packages/airflow/example_dags/example_latest_only.py
[2024-09-27T14:38:23.403+0200] {processor.py:914} INFO - Processing file /home/julian/.cache/pypoetry/virtualenvs/real-time-data-lake-QWGm5iRW-py3.11/lib/python3.11/site-packages/airflow/example_dags/example_latest_only.py for tasks to queue
[2024-09-27T14:38:23.405+0200] {logging_mixin.py:190} INFO - [2024-09-27T14:38:23.405+0200] {dagbag.py:588} INFO - Filling up the DagBag from /home/julian/.cache/pypoetry/virtualenvs/real-time-data-lake-QWGm5iRW-py3.11/lib/python3.11/site-packages/airflow/example_dags/example_latest_only.py
[2024-09-27T14:38:23.414+0200] {processor.py:925} INFO - DAG(s) 'latest_only' retrieved from /home/julian/.cache/pypoetry/virtualenvs/real-time-data-lake-QWGm5iRW-py3.11/lib/python3.11/site-packages/airflow/example_dags/example_latest_only.py
[2024-09-27T14:38:23.435+0200] {logging_mixin.py:190} INFO - [2024-09-27T14:38:23.434+0200] {dag.py:3239} INFO - Sync 1 DAGs
[2024-09-27T14:38:23.454+0200] {logging_mixin.py:190} INFO - [2024-09-27T14:38:23.454+0200] {dag.py:4180} INFO - Setting next_dagrun for latest_only to 2024-09-27 08:00:00+00:00, run_after=2024-09-27 12:00:00+00:00
[2024-09-27T14:38:23.468+0200] {processor.py:208} INFO - Processing /home/julian/.cache/pypoetry/virtualenvs/real-time-data-lake-QWGm5iRW-py3.11/lib/python3.11/site-packages/airflow/example_dags/example_latest_only.py took 0.078 seconds
