[2024-09-27T14:20:12.037+0200] {processor.py:186} INFO - Started process (PID=280014) to work on /home/julian/.cache/pypoetry/virtualenvs/real-time-data-lake-QWGm5iRW-py3.11/lib/python3.11/site-packages/airflow/example_dags/example_task_group.py
[2024-09-27T14:20:12.038+0200] {processor.py:914} INFO - Processing file /home/julian/.cache/pypoetry/virtualenvs/real-time-data-lake-QWGm5iRW-py3.11/lib/python3.11/site-packages/airflow/example_dags/example_task_group.py for tasks to queue
[2024-09-27T14:20:12.040+0200] {logging_mixin.py:190} INFO - [2024-09-27T14:20:12.040+0200] {dagbag.py:588} INFO - Filling up the DagBag from /home/julian/.cache/pypoetry/virtualenvs/real-time-data-lake-QWGm5iRW-py3.11/lib/python3.11/site-packages/airflow/example_dags/example_task_group.py
[2024-09-27T14:20:12.053+0200] {processor.py:925} INFO - DAG(s) 'example_task_group' retrieved from /home/julian/.cache/pypoetry/virtualenvs/real-time-data-lake-QWGm5iRW-py3.11/lib/python3.11/site-packages/airflow/example_dags/example_task_group.py
[2024-09-27T14:20:12.133+0200] {logging_mixin.py:190} INFO - [2024-09-27T14:20:12.133+0200] {override.py:1901} INFO - Created Permission View: can delete on DAG:example_task_group
[2024-09-27T14:20:12.140+0200] {logging_mixin.py:190} INFO - [2024-09-27T14:20:12.140+0200] {override.py:1901} INFO - Created Permission View: can read on DAG:example_task_group
[2024-09-27T14:20:12.147+0200] {logging_mixin.py:190} INFO - [2024-09-27T14:20:12.146+0200] {override.py:1901} INFO - Created Permission View: can edit on DAG:example_task_group
[2024-09-27T14:20:12.156+0200] {logging_mixin.py:190} INFO - [2024-09-27T14:20:12.155+0200] {override.py:1901} INFO - Created Permission View: can create on DAG Run:example_task_group
[2024-09-27T14:20:12.162+0200] {logging_mixin.py:190} INFO - [2024-09-27T14:20:12.162+0200] {override.py:1901} INFO - Created Permission View: can delete on DAG Run:example_task_group
[2024-09-27T14:20:12.168+0200] {logging_mixin.py:190} INFO - [2024-09-27T14:20:12.167+0200] {override.py:1901} INFO - Created Permission View: can read on DAG Run:example_task_group
[2024-09-27T14:20:12.175+0200] {logging_mixin.py:190} INFO - [2024-09-27T14:20:12.174+0200] {override.py:1901} INFO - Created Permission View: menu access on DAG Run:example_task_group
[2024-09-27T14:20:12.175+0200] {logging_mixin.py:190} INFO - [2024-09-27T14:20:12.175+0200] {dag.py:3239} INFO - Sync 1 DAGs
[2024-09-27T14:20:12.183+0200] {logging_mixin.py:190} INFO - [2024-09-27T14:20:12.182+0200] {dag.py:3262} INFO - Creating ORM DAG for example_task_group
[2024-09-27T14:20:12.183+0200] {logging_mixin.py:190} INFO - [2024-09-27T14:20:12.183+0200] {dag.py:4180} INFO - Setting next_dagrun for example_task_group to None, run_after=None
[2024-09-27T14:20:12.196+0200] {processor.py:208} INFO - Processing /home/julian/.cache/pypoetry/virtualenvs/real-time-data-lake-QWGm5iRW-py3.11/lib/python3.11/site-packages/airflow/example_dags/example_task_group.py took 0.166 seconds
[2024-09-27T14:21:12.445+0200] {processor.py:186} INFO - Started process (PID=280113) to work on /home/julian/.cache/pypoetry/virtualenvs/real-time-data-lake-QWGm5iRW-py3.11/lib/python3.11/site-packages/airflow/example_dags/example_task_group.py
[2024-09-27T14:21:12.446+0200] {processor.py:914} INFO - Processing file /home/julian/.cache/pypoetry/virtualenvs/real-time-data-lake-QWGm5iRW-py3.11/lib/python3.11/site-packages/airflow/example_dags/example_task_group.py for tasks to queue
[2024-09-27T14:21:12.448+0200] {logging_mixin.py:190} INFO - [2024-09-27T14:21:12.447+0200] {dagbag.py:588} INFO - Filling up the DagBag from /home/julian/.cache/pypoetry/virtualenvs/real-time-data-lake-QWGm5iRW-py3.11/lib/python3.11/site-packages/airflow/example_dags/example_task_group.py
[2024-09-27T14:21:12.459+0200] {processor.py:925} INFO - DAG(s) 'example_task_group' retrieved from /home/julian/.cache/pypoetry/virtualenvs/real-time-data-lake-QWGm5iRW-py3.11/lib/python3.11/site-packages/airflow/example_dags/example_task_group.py
[2024-09-27T14:21:12.481+0200] {logging_mixin.py:190} INFO - [2024-09-27T14:21:12.480+0200] {dag.py:3239} INFO - Sync 1 DAGs
[2024-09-27T14:21:12.493+0200] {logging_mixin.py:190} INFO - [2024-09-27T14:21:12.493+0200] {dag.py:4180} INFO - Setting next_dagrun for example_task_group to None, run_after=None
[2024-09-27T14:21:12.506+0200] {processor.py:208} INFO - Processing /home/julian/.cache/pypoetry/virtualenvs/real-time-data-lake-QWGm5iRW-py3.11/lib/python3.11/site-packages/airflow/example_dags/example_task_group.py took 0.068 seconds
[2024-09-27T14:21:55.503+0200] {processor.py:186} INFO - Started process (PID=280216) to work on /home/julian/.cache/pypoetry/virtualenvs/real-time-data-lake-QWGm5iRW-py3.11/lib/python3.11/site-packages/airflow/example_dags/example_task_group.py
[2024-09-27T14:21:55.508+0200] {processor.py:914} INFO - Processing file /home/julian/.cache/pypoetry/virtualenvs/real-time-data-lake-QWGm5iRW-py3.11/lib/python3.11/site-packages/airflow/example_dags/example_task_group.py for tasks to queue
[2024-09-27T14:21:55.510+0200] {logging_mixin.py:190} INFO - [2024-09-27T14:21:55.510+0200] {dagbag.py:588} INFO - Filling up the DagBag from /home/julian/.cache/pypoetry/virtualenvs/real-time-data-lake-QWGm5iRW-py3.11/lib/python3.11/site-packages/airflow/example_dags/example_task_group.py
[2024-09-27T14:21:55.517+0200] {processor.py:925} INFO - DAG(s) 'example_task_group' retrieved from /home/julian/.cache/pypoetry/virtualenvs/real-time-data-lake-QWGm5iRW-py3.11/lib/python3.11/site-packages/airflow/example_dags/example_task_group.py
[2024-09-27T14:21:55.529+0200] {logging_mixin.py:190} INFO - [2024-09-27T14:21:55.529+0200] {dag.py:3239} INFO - Sync 1 DAGs
[2024-09-27T14:21:55.536+0200] {logging_mixin.py:190} INFO - [2024-09-27T14:21:55.536+0200] {dag.py:4180} INFO - Setting next_dagrun for example_task_group to None, run_after=None
[2024-09-27T14:21:55.549+0200] {processor.py:208} INFO - Processing /home/julian/.cache/pypoetry/virtualenvs/real-time-data-lake-QWGm5iRW-py3.11/lib/python3.11/site-packages/airflow/example_dags/example_task_group.py took 0.050 seconds
[2024-09-27T14:22:48.888+0200] {processor.py:186} INFO - Started process (PID=280311) to work on /home/julian/.cache/pypoetry/virtualenvs/real-time-data-lake-QWGm5iRW-py3.11/lib/python3.11/site-packages/airflow/example_dags/example_task_group.py
[2024-09-27T14:22:48.894+0200] {processor.py:914} INFO - Processing file /home/julian/.cache/pypoetry/virtualenvs/real-time-data-lake-QWGm5iRW-py3.11/lib/python3.11/site-packages/airflow/example_dags/example_task_group.py for tasks to queue
[2024-09-27T14:22:48.896+0200] {logging_mixin.py:190} INFO - [2024-09-27T14:22:48.896+0200] {dagbag.py:588} INFO - Filling up the DagBag from /home/julian/.cache/pypoetry/virtualenvs/real-time-data-lake-QWGm5iRW-py3.11/lib/python3.11/site-packages/airflow/example_dags/example_task_group.py
[2024-09-27T14:22:48.901+0200] {processor.py:925} INFO - DAG(s) 'example_task_group' retrieved from /home/julian/.cache/pypoetry/virtualenvs/real-time-data-lake-QWGm5iRW-py3.11/lib/python3.11/site-packages/airflow/example_dags/example_task_group.py
[2024-09-27T14:22:48.911+0200] {logging_mixin.py:190} INFO - [2024-09-27T14:22:48.911+0200] {dag.py:3239} INFO - Sync 1 DAGs
[2024-09-27T14:22:48.919+0200] {logging_mixin.py:190} INFO - [2024-09-27T14:22:48.919+0200] {dag.py:4180} INFO - Setting next_dagrun for example_task_group to None, run_after=None
[2024-09-27T14:22:48.932+0200] {processor.py:208} INFO - Processing /home/julian/.cache/pypoetry/virtualenvs/real-time-data-lake-QWGm5iRW-py3.11/lib/python3.11/site-packages/airflow/example_dags/example_task_group.py took 0.047 seconds
[2024-09-27T14:23:41.546+0200] {processor.py:186} INFO - Started process (PID=280455) to work on /home/julian/.cache/pypoetry/virtualenvs/real-time-data-lake-QWGm5iRW-py3.11/lib/python3.11/site-packages/airflow/example_dags/example_task_group.py
[2024-09-27T14:23:41.547+0200] {processor.py:914} INFO - Processing file /home/julian/.cache/pypoetry/virtualenvs/real-time-data-lake-QWGm5iRW-py3.11/lib/python3.11/site-packages/airflow/example_dags/example_task_group.py for tasks to queue
[2024-09-27T14:23:41.550+0200] {logging_mixin.py:190} INFO - [2024-09-27T14:23:41.549+0200] {dagbag.py:588} INFO - Filling up the DagBag from /home/julian/.cache/pypoetry/virtualenvs/real-time-data-lake-QWGm5iRW-py3.11/lib/python3.11/site-packages/airflow/example_dags/example_task_group.py
[2024-09-27T14:23:41.561+0200] {processor.py:925} INFO - DAG(s) 'example_task_group' retrieved from /home/julian/.cache/pypoetry/virtualenvs/real-time-data-lake-QWGm5iRW-py3.11/lib/python3.11/site-packages/airflow/example_dags/example_task_group.py
[2024-09-27T14:23:41.583+0200] {logging_mixin.py:190} INFO - [2024-09-27T14:23:41.583+0200] {dag.py:3239} INFO - Sync 1 DAGs
[2024-09-27T14:23:41.591+0200] {logging_mixin.py:190} INFO - [2024-09-27T14:23:41.591+0200] {dag.py:4180} INFO - Setting next_dagrun for example_task_group to None, run_after=None
[2024-09-27T14:23:41.604+0200] {processor.py:208} INFO - Processing /home/julian/.cache/pypoetry/virtualenvs/real-time-data-lake-QWGm5iRW-py3.11/lib/python3.11/site-packages/airflow/example_dags/example_task_group.py took 0.066 seconds
[2024-09-27T14:24:31.782+0200] {processor.py:186} INFO - Started process (PID=280665) to work on /home/julian/.cache/pypoetry/virtualenvs/real-time-data-lake-QWGm5iRW-py3.11/lib/python3.11/site-packages/airflow/example_dags/example_task_group.py
[2024-09-27T14:24:31.788+0200] {processor.py:914} INFO - Processing file /home/julian/.cache/pypoetry/virtualenvs/real-time-data-lake-QWGm5iRW-py3.11/lib/python3.11/site-packages/airflow/example_dags/example_task_group.py for tasks to queue
[2024-09-27T14:24:31.791+0200] {logging_mixin.py:190} INFO - [2024-09-27T14:24:31.790+0200] {dagbag.py:588} INFO - Filling up the DagBag from /home/julian/.cache/pypoetry/virtualenvs/real-time-data-lake-QWGm5iRW-py3.11/lib/python3.11/site-packages/airflow/example_dags/example_task_group.py
[2024-09-27T14:24:31.802+0200] {processor.py:925} INFO - DAG(s) 'example_task_group' retrieved from /home/julian/.cache/pypoetry/virtualenvs/real-time-data-lake-QWGm5iRW-py3.11/lib/python3.11/site-packages/airflow/example_dags/example_task_group.py
[2024-09-27T14:24:31.824+0200] {logging_mixin.py:190} INFO - [2024-09-27T14:24:31.824+0200] {dag.py:3239} INFO - Sync 1 DAGs
[2024-09-27T14:24:31.835+0200] {logging_mixin.py:190} INFO - [2024-09-27T14:24:31.835+0200] {dag.py:4180} INFO - Setting next_dagrun for example_task_group to None, run_after=None
[2024-09-27T14:24:31.849+0200] {processor.py:208} INFO - Processing /home/julian/.cache/pypoetry/virtualenvs/real-time-data-lake-QWGm5iRW-py3.11/lib/python3.11/site-packages/airflow/example_dags/example_task_group.py took 0.074 seconds
[2024-09-27T14:25:23.312+0200] {processor.py:186} INFO - Started process (PID=280770) to work on /home/julian/.cache/pypoetry/virtualenvs/real-time-data-lake-QWGm5iRW-py3.11/lib/python3.11/site-packages/airflow/example_dags/example_task_group.py
[2024-09-27T14:25:23.318+0200] {processor.py:914} INFO - Processing file /home/julian/.cache/pypoetry/virtualenvs/real-time-data-lake-QWGm5iRW-py3.11/lib/python3.11/site-packages/airflow/example_dags/example_task_group.py for tasks to queue
[2024-09-27T14:25:23.320+0200] {logging_mixin.py:190} INFO - [2024-09-27T14:25:23.320+0200] {dagbag.py:588} INFO - Filling up the DagBag from /home/julian/.cache/pypoetry/virtualenvs/real-time-data-lake-QWGm5iRW-py3.11/lib/python3.11/site-packages/airflow/example_dags/example_task_group.py
[2024-09-27T14:25:23.331+0200] {processor.py:925} INFO - DAG(s) 'example_task_group' retrieved from /home/julian/.cache/pypoetry/virtualenvs/real-time-data-lake-QWGm5iRW-py3.11/lib/python3.11/site-packages/airflow/example_dags/example_task_group.py
[2024-09-27T14:25:23.352+0200] {logging_mixin.py:190} INFO - [2024-09-27T14:25:23.352+0200] {dag.py:3239} INFO - Sync 1 DAGs
[2024-09-27T14:25:23.363+0200] {logging_mixin.py:190} INFO - [2024-09-27T14:25:23.363+0200] {dag.py:4180} INFO - Setting next_dagrun for example_task_group to None, run_after=None
[2024-09-27T14:25:23.376+0200] {processor.py:208} INFO - Processing /home/julian/.cache/pypoetry/virtualenvs/real-time-data-lake-QWGm5iRW-py3.11/lib/python3.11/site-packages/airflow/example_dags/example_task_group.py took 0.071 seconds
[2024-09-27T14:30:22.491+0200] {processor.py:186} INFO - Started process (PID=281405) to work on /home/julian/.cache/pypoetry/virtualenvs/real-time-data-lake-QWGm5iRW-py3.11/lib/python3.11/site-packages/airflow/example_dags/example_task_group.py
[2024-09-27T14:30:22.497+0200] {processor.py:914} INFO - Processing file /home/julian/.cache/pypoetry/virtualenvs/real-time-data-lake-QWGm5iRW-py3.11/lib/python3.11/site-packages/airflow/example_dags/example_task_group.py for tasks to queue
[2024-09-27T14:30:22.500+0200] {logging_mixin.py:190} INFO - [2024-09-27T14:30:22.499+0200] {dagbag.py:588} INFO - Filling up the DagBag from /home/julian/.cache/pypoetry/virtualenvs/real-time-data-lake-QWGm5iRW-py3.11/lib/python3.11/site-packages/airflow/example_dags/example_task_group.py
[2024-09-27T14:30:22.513+0200] {processor.py:925} INFO - DAG(s) 'example_task_group' retrieved from /home/julian/.cache/pypoetry/virtualenvs/real-time-data-lake-QWGm5iRW-py3.11/lib/python3.11/site-packages/airflow/example_dags/example_task_group.py
[2024-09-27T14:30:22.538+0200] {logging_mixin.py:190} INFO - [2024-09-27T14:30:22.538+0200] {dag.py:3239} INFO - Sync 1 DAGs
[2024-09-27T14:30:22.546+0200] {logging_mixin.py:190} INFO - [2024-09-27T14:30:22.546+0200] {dag.py:4180} INFO - Setting next_dagrun for example_task_group to None, run_after=None
[2024-09-27T14:30:22.560+0200] {processor.py:208} INFO - Processing /home/julian/.cache/pypoetry/virtualenvs/real-time-data-lake-QWGm5iRW-py3.11/lib/python3.11/site-packages/airflow/example_dags/example_task_group.py took 0.077 seconds
[2024-09-27T14:31:15.721+0200] {processor.py:186} INFO - Started process (PID=281522) to work on /home/julian/.cache/pypoetry/virtualenvs/real-time-data-lake-QWGm5iRW-py3.11/lib/python3.11/site-packages/airflow/example_dags/example_task_group.py
[2024-09-27T14:31:15.726+0200] {processor.py:914} INFO - Processing file /home/julian/.cache/pypoetry/virtualenvs/real-time-data-lake-QWGm5iRW-py3.11/lib/python3.11/site-packages/airflow/example_dags/example_task_group.py for tasks to queue
[2024-09-27T14:31:15.728+0200] {logging_mixin.py:190} INFO - [2024-09-27T14:31:15.727+0200] {dagbag.py:588} INFO - Filling up the DagBag from /home/julian/.cache/pypoetry/virtualenvs/real-time-data-lake-QWGm5iRW-py3.11/lib/python3.11/site-packages/airflow/example_dags/example_task_group.py
[2024-09-27T14:31:15.733+0200] {processor.py:925} INFO - DAG(s) 'example_task_group' retrieved from /home/julian/.cache/pypoetry/virtualenvs/real-time-data-lake-QWGm5iRW-py3.11/lib/python3.11/site-packages/airflow/example_dags/example_task_group.py
[2024-09-27T14:31:15.744+0200] {logging_mixin.py:190} INFO - [2024-09-27T14:31:15.744+0200] {dag.py:3239} INFO - Sync 1 DAGs
[2024-09-27T14:31:15.751+0200] {logging_mixin.py:190} INFO - [2024-09-27T14:31:15.751+0200] {dag.py:4180} INFO - Setting next_dagrun for example_task_group to None, run_after=None
[2024-09-27T14:31:15.765+0200] {processor.py:208} INFO - Processing /home/julian/.cache/pypoetry/virtualenvs/real-time-data-lake-QWGm5iRW-py3.11/lib/python3.11/site-packages/airflow/example_dags/example_task_group.py took 0.052 seconds
[2024-09-27T14:32:06.009+0200] {processor.py:186} INFO - Started process (PID=281601) to work on /home/julian/.cache/pypoetry/virtualenvs/real-time-data-lake-QWGm5iRW-py3.11/lib/python3.11/site-packages/airflow/example_dags/example_task_group.py
[2024-09-27T14:32:06.015+0200] {processor.py:914} INFO - Processing file /home/julian/.cache/pypoetry/virtualenvs/real-time-data-lake-QWGm5iRW-py3.11/lib/python3.11/site-packages/airflow/example_dags/example_task_group.py for tasks to queue
[2024-09-27T14:32:06.018+0200] {logging_mixin.py:190} INFO - [2024-09-27T14:32:06.017+0200] {dagbag.py:588} INFO - Filling up the DagBag from /home/julian/.cache/pypoetry/virtualenvs/real-time-data-lake-QWGm5iRW-py3.11/lib/python3.11/site-packages/airflow/example_dags/example_task_group.py
[2024-09-27T14:32:06.029+0200] {processor.py:925} INFO - DAG(s) 'example_task_group' retrieved from /home/julian/.cache/pypoetry/virtualenvs/real-time-data-lake-QWGm5iRW-py3.11/lib/python3.11/site-packages/airflow/example_dags/example_task_group.py
[2024-09-27T14:32:06.043+0200] {logging_mixin.py:190} INFO - [2024-09-27T14:32:06.043+0200] {dag.py:3239} INFO - Sync 1 DAGs
[2024-09-27T14:32:06.051+0200] {logging_mixin.py:190} INFO - [2024-09-27T14:32:06.051+0200] {dag.py:4180} INFO - Setting next_dagrun for example_task_group to None, run_after=None
[2024-09-27T14:32:06.065+0200] {processor.py:208} INFO - Processing /home/julian/.cache/pypoetry/virtualenvs/real-time-data-lake-QWGm5iRW-py3.11/lib/python3.11/site-packages/airflow/example_dags/example_task_group.py took 0.064 seconds
[2024-09-27T14:32:54.015+0200] {processor.py:186} INFO - Started process (PID=281752) to work on /home/julian/.cache/pypoetry/virtualenvs/real-time-data-lake-QWGm5iRW-py3.11/lib/python3.11/site-packages/airflow/example_dags/example_task_group.py
[2024-09-27T14:32:54.021+0200] {processor.py:914} INFO - Processing file /home/julian/.cache/pypoetry/virtualenvs/real-time-data-lake-QWGm5iRW-py3.11/lib/python3.11/site-packages/airflow/example_dags/example_task_group.py for tasks to queue
[2024-09-27T14:32:54.023+0200] {logging_mixin.py:190} INFO - [2024-09-27T14:32:54.022+0200] {dagbag.py:588} INFO - Filling up the DagBag from /home/julian/.cache/pypoetry/virtualenvs/real-time-data-lake-QWGm5iRW-py3.11/lib/python3.11/site-packages/airflow/example_dags/example_task_group.py
[2024-09-27T14:32:54.028+0200] {processor.py:925} INFO - DAG(s) 'example_task_group' retrieved from /home/julian/.cache/pypoetry/virtualenvs/real-time-data-lake-QWGm5iRW-py3.11/lib/python3.11/site-packages/airflow/example_dags/example_task_group.py
[2024-09-27T14:32:54.039+0200] {logging_mixin.py:190} INFO - [2024-09-27T14:32:54.039+0200] {dag.py:3239} INFO - Sync 1 DAGs
[2024-09-27T14:32:54.046+0200] {logging_mixin.py:190} INFO - [2024-09-27T14:32:54.046+0200] {dag.py:4180} INFO - Setting next_dagrun for example_task_group to None, run_after=None
[2024-09-27T14:32:54.066+0200] {processor.py:208} INFO - Processing /home/julian/.cache/pypoetry/virtualenvs/real-time-data-lake-QWGm5iRW-py3.11/lib/python3.11/site-packages/airflow/example_dags/example_task_group.py took 0.055 seconds
[2024-09-27T14:33:43.422+0200] {processor.py:186} INFO - Started process (PID=281844) to work on /home/julian/.cache/pypoetry/virtualenvs/real-time-data-lake-QWGm5iRW-py3.11/lib/python3.11/site-packages/airflow/example_dags/example_task_group.py
[2024-09-27T14:33:43.428+0200] {processor.py:914} INFO - Processing file /home/julian/.cache/pypoetry/virtualenvs/real-time-data-lake-QWGm5iRW-py3.11/lib/python3.11/site-packages/airflow/example_dags/example_task_group.py for tasks to queue
[2024-09-27T14:33:43.431+0200] {logging_mixin.py:190} INFO - [2024-09-27T14:33:43.430+0200] {dagbag.py:588} INFO - Filling up the DagBag from /home/julian/.cache/pypoetry/virtualenvs/real-time-data-lake-QWGm5iRW-py3.11/lib/python3.11/site-packages/airflow/example_dags/example_task_group.py
[2024-09-27T14:33:43.441+0200] {processor.py:925} INFO - DAG(s) 'example_task_group' retrieved from /home/julian/.cache/pypoetry/virtualenvs/real-time-data-lake-QWGm5iRW-py3.11/lib/python3.11/site-packages/airflow/example_dags/example_task_group.py
[2024-09-27T14:33:43.463+0200] {logging_mixin.py:190} INFO - [2024-09-27T14:33:43.463+0200] {dag.py:3239} INFO - Sync 1 DAGs
[2024-09-27T14:33:43.480+0200] {logging_mixin.py:190} INFO - [2024-09-27T14:33:43.480+0200] {dag.py:4180} INFO - Setting next_dagrun for example_task_group to None, run_after=None
[2024-09-27T14:33:43.495+0200] {processor.py:208} INFO - Processing /home/julian/.cache/pypoetry/virtualenvs/real-time-data-lake-QWGm5iRW-py3.11/lib/python3.11/site-packages/airflow/example_dags/example_task_group.py took 0.079 seconds
[2024-09-27T14:34:32.964+0200] {processor.py:186} INFO - Started process (PID=282024) to work on /home/julian/.cache/pypoetry/virtualenvs/real-time-data-lake-QWGm5iRW-py3.11/lib/python3.11/site-packages/airflow/example_dags/example_task_group.py
[2024-09-27T14:34:32.965+0200] {processor.py:914} INFO - Processing file /home/julian/.cache/pypoetry/virtualenvs/real-time-data-lake-QWGm5iRW-py3.11/lib/python3.11/site-packages/airflow/example_dags/example_task_group.py for tasks to queue
[2024-09-27T14:34:32.968+0200] {logging_mixin.py:190} INFO - [2024-09-27T14:34:32.967+0200] {dagbag.py:588} INFO - Filling up the DagBag from /home/julian/.cache/pypoetry/virtualenvs/real-time-data-lake-QWGm5iRW-py3.11/lib/python3.11/site-packages/airflow/example_dags/example_task_group.py
[2024-09-27T14:34:32.979+0200] {processor.py:925} INFO - DAG(s) 'example_task_group' retrieved from /home/julian/.cache/pypoetry/virtualenvs/real-time-data-lake-QWGm5iRW-py3.11/lib/python3.11/site-packages/airflow/example_dags/example_task_group.py
[2024-09-27T14:34:32.991+0200] {logging_mixin.py:190} INFO - [2024-09-27T14:34:32.990+0200] {dag.py:3239} INFO - Sync 1 DAGs
[2024-09-27T14:34:32.998+0200] {logging_mixin.py:190} INFO - [2024-09-27T14:34:32.998+0200] {dag.py:4180} INFO - Setting next_dagrun for example_task_group to None, run_after=None
[2024-09-27T14:34:33.011+0200] {processor.py:208} INFO - Processing /home/julian/.cache/pypoetry/virtualenvs/real-time-data-lake-QWGm5iRW-py3.11/lib/python3.11/site-packages/airflow/example_dags/example_task_group.py took 0.054 seconds
[2024-09-27T14:35:20.745+0200] {processor.py:186} INFO - Started process (PID=282147) to work on /home/julian/.cache/pypoetry/virtualenvs/real-time-data-lake-QWGm5iRW-py3.11/lib/python3.11/site-packages/airflow/example_dags/example_task_group.py
[2024-09-27T14:35:20.750+0200] {processor.py:914} INFO - Processing file /home/julian/.cache/pypoetry/virtualenvs/real-time-data-lake-QWGm5iRW-py3.11/lib/python3.11/site-packages/airflow/example_dags/example_task_group.py for tasks to queue
[2024-09-27T14:35:20.754+0200] {logging_mixin.py:190} INFO - [2024-09-27T14:35:20.753+0200] {dagbag.py:588} INFO - Filling up the DagBag from /home/julian/.cache/pypoetry/virtualenvs/real-time-data-lake-QWGm5iRW-py3.11/lib/python3.11/site-packages/airflow/example_dags/example_task_group.py
[2024-09-27T14:35:20.759+0200] {processor.py:925} INFO - DAG(s) 'example_task_group' retrieved from /home/julian/.cache/pypoetry/virtualenvs/real-time-data-lake-QWGm5iRW-py3.11/lib/python3.11/site-packages/airflow/example_dags/example_task_group.py
[2024-09-27T14:35:20.769+0200] {logging_mixin.py:190} INFO - [2024-09-27T14:35:20.769+0200] {dag.py:3239} INFO - Sync 1 DAGs
[2024-09-27T14:35:20.777+0200] {logging_mixin.py:190} INFO - [2024-09-27T14:35:20.777+0200] {dag.py:4180} INFO - Setting next_dagrun for example_task_group to None, run_after=None
[2024-09-27T14:35:20.790+0200] {processor.py:208} INFO - Processing /home/julian/.cache/pypoetry/virtualenvs/real-time-data-lake-QWGm5iRW-py3.11/lib/python3.11/site-packages/airflow/example_dags/example_task_group.py took 0.049 seconds
[2024-09-27T14:36:08.403+0200] {processor.py:186} INFO - Started process (PID=282227) to work on /home/julian/.cache/pypoetry/virtualenvs/real-time-data-lake-QWGm5iRW-py3.11/lib/python3.11/site-packages/airflow/example_dags/example_task_group.py
[2024-09-27T14:36:08.409+0200] {processor.py:914} INFO - Processing file /home/julian/.cache/pypoetry/virtualenvs/real-time-data-lake-QWGm5iRW-py3.11/lib/python3.11/site-packages/airflow/example_dags/example_task_group.py for tasks to queue
[2024-09-27T14:36:08.411+0200] {logging_mixin.py:190} INFO - [2024-09-27T14:36:08.411+0200] {dagbag.py:588} INFO - Filling up the DagBag from /home/julian/.cache/pypoetry/virtualenvs/real-time-data-lake-QWGm5iRW-py3.11/lib/python3.11/site-packages/airflow/example_dags/example_task_group.py
[2024-09-27T14:36:08.423+0200] {processor.py:925} INFO - DAG(s) 'example_task_group' retrieved from /home/julian/.cache/pypoetry/virtualenvs/real-time-data-lake-QWGm5iRW-py3.11/lib/python3.11/site-packages/airflow/example_dags/example_task_group.py
[2024-09-27T14:36:08.446+0200] {logging_mixin.py:190} INFO - [2024-09-27T14:36:08.446+0200] {dag.py:3239} INFO - Sync 1 DAGs
[2024-09-27T14:36:08.458+0200] {logging_mixin.py:190} INFO - [2024-09-27T14:36:08.458+0200] {dag.py:4180} INFO - Setting next_dagrun for example_task_group to None, run_after=None
[2024-09-27T14:36:08.471+0200] {processor.py:208} INFO - Processing /home/julian/.cache/pypoetry/virtualenvs/real-time-data-lake-QWGm5iRW-py3.11/lib/python3.11/site-packages/airflow/example_dags/example_task_group.py took 0.075 seconds
[2024-09-27T14:36:54.973+0200] {processor.py:186} INFO - Started process (PID=282299) to work on /home/julian/.cache/pypoetry/virtualenvs/real-time-data-lake-QWGm5iRW-py3.11/lib/python3.11/site-packages/airflow/example_dags/example_task_group.py
[2024-09-27T14:36:54.979+0200] {processor.py:914} INFO - Processing file /home/julian/.cache/pypoetry/virtualenvs/real-time-data-lake-QWGm5iRW-py3.11/lib/python3.11/site-packages/airflow/example_dags/example_task_group.py for tasks to queue
[2024-09-27T14:36:54.982+0200] {logging_mixin.py:190} INFO - [2024-09-27T14:36:54.982+0200] {dagbag.py:588} INFO - Filling up the DagBag from /home/julian/.cache/pypoetry/virtualenvs/real-time-data-lake-QWGm5iRW-py3.11/lib/python3.11/site-packages/airflow/example_dags/example_task_group.py
[2024-09-27T14:36:54.993+0200] {processor.py:925} INFO - DAG(s) 'example_task_group' retrieved from /home/julian/.cache/pypoetry/virtualenvs/real-time-data-lake-QWGm5iRW-py3.11/lib/python3.11/site-packages/airflow/example_dags/example_task_group.py
[2024-09-27T14:36:55.016+0200] {logging_mixin.py:190} INFO - [2024-09-27T14:36:55.016+0200] {dag.py:3239} INFO - Sync 1 DAGs
[2024-09-27T14:36:55.028+0200] {logging_mixin.py:190} INFO - [2024-09-27T14:36:55.028+0200] {dag.py:4180} INFO - Setting next_dagrun for example_task_group to None, run_after=None
[2024-09-27T14:36:55.041+0200] {processor.py:208} INFO - Processing /home/julian/.cache/pypoetry/virtualenvs/real-time-data-lake-QWGm5iRW-py3.11/lib/python3.11/site-packages/airflow/example_dags/example_task_group.py took 0.075 seconds
[2024-09-27T14:37:46.877+0200] {processor.py:186} INFO - Started process (PID=282517) to work on /home/julian/.cache/pypoetry/virtualenvs/real-time-data-lake-QWGm5iRW-py3.11/lib/python3.11/site-packages/airflow/example_dags/example_task_group.py
[2024-09-27T14:37:46.883+0200] {processor.py:914} INFO - Processing file /home/julian/.cache/pypoetry/virtualenvs/real-time-data-lake-QWGm5iRW-py3.11/lib/python3.11/site-packages/airflow/example_dags/example_task_group.py for tasks to queue
[2024-09-27T14:37:46.886+0200] {logging_mixin.py:190} INFO - [2024-09-27T14:37:46.885+0200] {dagbag.py:588} INFO - Filling up the DagBag from /home/julian/.cache/pypoetry/virtualenvs/real-time-data-lake-QWGm5iRW-py3.11/lib/python3.11/site-packages/airflow/example_dags/example_task_group.py
[2024-09-27T14:37:46.896+0200] {processor.py:925} INFO - DAG(s) 'example_task_group' retrieved from /home/julian/.cache/pypoetry/virtualenvs/real-time-data-lake-QWGm5iRW-py3.11/lib/python3.11/site-packages/airflow/example_dags/example_task_group.py
[2024-09-27T14:37:46.918+0200] {logging_mixin.py:190} INFO - [2024-09-27T14:37:46.917+0200] {dag.py:3239} INFO - Sync 1 DAGs
[2024-09-27T14:37:46.932+0200] {logging_mixin.py:190} INFO - [2024-09-27T14:37:46.932+0200] {dag.py:4180} INFO - Setting next_dagrun for example_task_group to None, run_after=None
[2024-09-27T14:37:46.946+0200] {processor.py:208} INFO - Processing /home/julian/.cache/pypoetry/virtualenvs/real-time-data-lake-QWGm5iRW-py3.11/lib/python3.11/site-packages/airflow/example_dags/example_task_group.py took 0.076 seconds
[2024-09-27T14:38:38.677+0200] {processor.py:186} INFO - Started process (PID=282767) to work on /home/julian/.cache/pypoetry/virtualenvs/real-time-data-lake-QWGm5iRW-py3.11/lib/python3.11/site-packages/airflow/example_dags/example_task_group.py
[2024-09-27T14:38:38.683+0200] {processor.py:914} INFO - Processing file /home/julian/.cache/pypoetry/virtualenvs/real-time-data-lake-QWGm5iRW-py3.11/lib/python3.11/site-packages/airflow/example_dags/example_task_group.py for tasks to queue
[2024-09-27T14:38:38.685+0200] {logging_mixin.py:190} INFO - [2024-09-27T14:38:38.685+0200] {dagbag.py:588} INFO - Filling up the DagBag from /home/julian/.cache/pypoetry/virtualenvs/real-time-data-lake-QWGm5iRW-py3.11/lib/python3.11/site-packages/airflow/example_dags/example_task_group.py
[2024-09-27T14:38:38.697+0200] {processor.py:925} INFO - DAG(s) 'example_task_group' retrieved from /home/julian/.cache/pypoetry/virtualenvs/real-time-data-lake-QWGm5iRW-py3.11/lib/python3.11/site-packages/airflow/example_dags/example_task_group.py
[2024-09-27T14:38:38.721+0200] {logging_mixin.py:190} INFO - [2024-09-27T14:38:38.720+0200] {dag.py:3239} INFO - Sync 1 DAGs
[2024-09-27T14:38:38.731+0200] {logging_mixin.py:190} INFO - [2024-09-27T14:38:38.731+0200] {dag.py:4180} INFO - Setting next_dagrun for example_task_group to None, run_after=None
[2024-09-27T14:38:38.746+0200] {processor.py:208} INFO - Processing /home/julian/.cache/pypoetry/virtualenvs/real-time-data-lake-QWGm5iRW-py3.11/lib/python3.11/site-packages/airflow/example_dags/example_task_group.py took 0.077 seconds
