[2024-09-27T14:20:24.190+0200] {processor.py:186} INFO - Started process (PID=280030) to work on /home/julian/.cache/pypoetry/virtualenvs/real-time-data-lake-QWGm5iRW-py3.11/lib/python3.11/site-packages/airflow/example_dags/example_bash_operator.py
[2024-09-27T14:20:24.191+0200] {processor.py:914} INFO - Processing file /home/julian/.cache/pypoetry/virtualenvs/real-time-data-lake-QWGm5iRW-py3.11/lib/python3.11/site-packages/airflow/example_dags/example_bash_operator.py for tasks to queue
[2024-09-27T14:20:24.193+0200] {logging_mixin.py:190} INFO - [2024-09-27T14:20:24.193+0200] {dagbag.py:588} INFO - Filling up the DagBag from /home/julian/.cache/pypoetry/virtualenvs/real-time-data-lake-QWGm5iRW-py3.11/lib/python3.11/site-packages/airflow/example_dags/example_bash_operator.py
[2024-09-27T14:20:24.216+0200] {processor.py:925} INFO - DAG(s) 'example_bash_operator' retrieved from /home/julian/.cache/pypoetry/virtualenvs/real-time-data-lake-QWGm5iRW-py3.11/lib/python3.11/site-packages/airflow/example_dags/example_bash_operator.py
[2024-09-27T14:20:24.287+0200] {logging_mixin.py:190} INFO - [2024-09-27T14:20:24.286+0200] {override.py:1901} INFO - Created Permission View: can delete on DAG:example_bash_operator
[2024-09-27T14:20:24.294+0200] {logging_mixin.py:190} INFO - [2024-09-27T14:20:24.294+0200] {override.py:1901} INFO - Created Permission View: can read on DAG:example_bash_operator
[2024-09-27T14:20:24.300+0200] {logging_mixin.py:190} INFO - [2024-09-27T14:20:24.300+0200] {override.py:1901} INFO - Created Permission View: can edit on DAG:example_bash_operator
[2024-09-27T14:20:24.308+0200] {logging_mixin.py:190} INFO - [2024-09-27T14:20:24.308+0200] {override.py:1901} INFO - Created Permission View: can create on DAG Run:example_bash_operator
[2024-09-27T14:20:24.315+0200] {logging_mixin.py:190} INFO - [2024-09-27T14:20:24.315+0200] {override.py:1901} INFO - Created Permission View: can delete on DAG Run:example_bash_operator
[2024-09-27T14:20:24.321+0200] {logging_mixin.py:190} INFO - [2024-09-27T14:20:24.321+0200] {override.py:1901} INFO - Created Permission View: can read on DAG Run:example_bash_operator
[2024-09-27T14:20:24.327+0200] {logging_mixin.py:190} INFO - [2024-09-27T14:20:24.326+0200] {override.py:1901} INFO - Created Permission View: menu access on DAG Run:example_bash_operator
[2024-09-27T14:20:24.327+0200] {logging_mixin.py:190} INFO - [2024-09-27T14:20:24.327+0200] {dag.py:3239} INFO - Sync 1 DAGs
[2024-09-27T14:20:24.334+0200] {logging_mixin.py:190} INFO - [2024-09-27T14:20:24.333+0200] {dag.py:3262} INFO - Creating ORM DAG for example_bash_operator
[2024-09-27T14:20:24.339+0200] {logging_mixin.py:190} INFO - [2024-09-27T14:20:24.339+0200] {dag.py:4180} INFO - Setting next_dagrun for example_bash_operator to 2024-09-26 00:00:00+00:00, run_after=2024-09-27 00:00:00+00:00
[2024-09-27T14:20:24.352+0200] {processor.py:208} INFO - Processing /home/julian/.cache/pypoetry/virtualenvs/real-time-data-lake-QWGm5iRW-py3.11/lib/python3.11/site-packages/airflow/example_dags/example_bash_operator.py took 0.168 seconds
[2024-09-27T14:22:05.712+0200] {processor.py:186} INFO - Started process (PID=280230) to work on /home/julian/.cache/pypoetry/virtualenvs/real-time-data-lake-QWGm5iRW-py3.11/lib/python3.11/site-packages/airflow/example_dags/example_bash_operator.py
[2024-09-27T14:22:05.718+0200] {processor.py:914} INFO - Processing file /home/julian/.cache/pypoetry/virtualenvs/real-time-data-lake-QWGm5iRW-py3.11/lib/python3.11/site-packages/airflow/example_dags/example_bash_operator.py for tasks to queue
[2024-09-27T14:22:05.722+0200] {logging_mixin.py:190} INFO - [2024-09-27T14:22:05.722+0200] {dagbag.py:588} INFO - Filling up the DagBag from /home/julian/.cache/pypoetry/virtualenvs/real-time-data-lake-QWGm5iRW-py3.11/lib/python3.11/site-packages/airflow/example_dags/example_bash_operator.py
[2024-09-27T14:22:05.738+0200] {processor.py:925} INFO - DAG(s) 'example_bash_operator' retrieved from /home/julian/.cache/pypoetry/virtualenvs/real-time-data-lake-QWGm5iRW-py3.11/lib/python3.11/site-packages/airflow/example_dags/example_bash_operator.py
[2024-09-27T14:22:05.765+0200] {logging_mixin.py:190} INFO - [2024-09-27T14:22:05.764+0200] {dag.py:3239} INFO - Sync 1 DAGs
[2024-09-27T14:22:05.780+0200] {logging_mixin.py:190} INFO - [2024-09-27T14:22:05.780+0200] {dag.py:4180} INFO - Setting next_dagrun for example_bash_operator to 2024-09-26 00:00:00+00:00, run_after=2024-09-27 00:00:00+00:00
[2024-09-27T14:22:05.794+0200] {processor.py:208} INFO - Processing /home/julian/.cache/pypoetry/virtualenvs/real-time-data-lake-QWGm5iRW-py3.11/lib/python3.11/site-packages/airflow/example_dags/example_bash_operator.py took 0.088 seconds
[2024-09-27T14:23:01.500+0200] {processor.py:186} INFO - Started process (PID=280327) to work on /home/julian/.cache/pypoetry/virtualenvs/real-time-data-lake-QWGm5iRW-py3.11/lib/python3.11/site-packages/airflow/example_dags/example_bash_operator.py
[2024-09-27T14:23:01.505+0200] {processor.py:914} INFO - Processing file /home/julian/.cache/pypoetry/virtualenvs/real-time-data-lake-QWGm5iRW-py3.11/lib/python3.11/site-packages/airflow/example_dags/example_bash_operator.py for tasks to queue
[2024-09-27T14:23:01.508+0200] {logging_mixin.py:190} INFO - [2024-09-27T14:23:01.508+0200] {dagbag.py:588} INFO - Filling up the DagBag from /home/julian/.cache/pypoetry/virtualenvs/real-time-data-lake-QWGm5iRW-py3.11/lib/python3.11/site-packages/airflow/example_dags/example_bash_operator.py
[2024-09-27T14:23:01.526+0200] {processor.py:925} INFO - DAG(s) 'example_bash_operator' retrieved from /home/julian/.cache/pypoetry/virtualenvs/real-time-data-lake-QWGm5iRW-py3.11/lib/python3.11/site-packages/airflow/example_dags/example_bash_operator.py
[2024-09-27T14:23:01.557+0200] {logging_mixin.py:190} INFO - [2024-09-27T14:23:01.557+0200] {dag.py:3239} INFO - Sync 1 DAGs
[2024-09-27T14:23:01.571+0200] {logging_mixin.py:190} INFO - [2024-09-27T14:23:01.571+0200] {dag.py:4180} INFO - Setting next_dagrun for example_bash_operator to 2024-09-26 00:00:00+00:00, run_after=2024-09-27 00:00:00+00:00
[2024-09-27T14:23:01.585+0200] {processor.py:208} INFO - Processing /home/julian/.cache/pypoetry/virtualenvs/real-time-data-lake-QWGm5iRW-py3.11/lib/python3.11/site-packages/airflow/example_dags/example_bash_operator.py took 0.093 seconds
[2024-09-27T14:23:55.836+0200] {processor.py:186} INFO - Started process (PID=280494) to work on /home/julian/.cache/pypoetry/virtualenvs/real-time-data-lake-QWGm5iRW-py3.11/lib/python3.11/site-packages/airflow/example_dags/example_bash_operator.py
[2024-09-27T14:23:55.836+0200] {processor.py:914} INFO - Processing file /home/julian/.cache/pypoetry/virtualenvs/real-time-data-lake-QWGm5iRW-py3.11/lib/python3.11/site-packages/airflow/example_dags/example_bash_operator.py for tasks to queue
[2024-09-27T14:23:55.838+0200] {logging_mixin.py:190} INFO - [2024-09-27T14:23:55.838+0200] {dagbag.py:588} INFO - Filling up the DagBag from /home/julian/.cache/pypoetry/virtualenvs/real-time-data-lake-QWGm5iRW-py3.11/lib/python3.11/site-packages/airflow/example_dags/example_bash_operator.py
[2024-09-27T14:23:55.846+0200] {processor.py:925} INFO - DAG(s) 'example_bash_operator' retrieved from /home/julian/.cache/pypoetry/virtualenvs/real-time-data-lake-QWGm5iRW-py3.11/lib/python3.11/site-packages/airflow/example_dags/example_bash_operator.py
[2024-09-27T14:23:55.859+0200] {logging_mixin.py:190} INFO - [2024-09-27T14:23:55.859+0200] {dag.py:3239} INFO - Sync 1 DAGs
[2024-09-27T14:23:55.872+0200] {logging_mixin.py:190} INFO - [2024-09-27T14:23:55.871+0200] {dag.py:4180} INFO - Setting next_dagrun for example_bash_operator to 2024-09-26 00:00:00+00:00, run_after=2024-09-27 00:00:00+00:00
[2024-09-27T14:23:55.885+0200] {processor.py:208} INFO - Processing /home/julian/.cache/pypoetry/virtualenvs/real-time-data-lake-QWGm5iRW-py3.11/lib/python3.11/site-packages/airflow/example_dags/example_bash_operator.py took 0.052 seconds
[2024-09-27T14:24:47.248+0200] {processor.py:186} INFO - Started process (PID=280707) to work on /home/julian/.cache/pypoetry/virtualenvs/real-time-data-lake-QWGm5iRW-py3.11/lib/python3.11/site-packages/airflow/example_dags/example_bash_operator.py
[2024-09-27T14:24:47.254+0200] {processor.py:914} INFO - Processing file /home/julian/.cache/pypoetry/virtualenvs/real-time-data-lake-QWGm5iRW-py3.11/lib/python3.11/site-packages/airflow/example_dags/example_bash_operator.py for tasks to queue
[2024-09-27T14:24:47.256+0200] {logging_mixin.py:190} INFO - [2024-09-27T14:24:47.256+0200] {dagbag.py:588} INFO - Filling up the DagBag from /home/julian/.cache/pypoetry/virtualenvs/real-time-data-lake-QWGm5iRW-py3.11/lib/python3.11/site-packages/airflow/example_dags/example_bash_operator.py
[2024-09-27T14:24:47.274+0200] {processor.py:925} INFO - DAG(s) 'example_bash_operator' retrieved from /home/julian/.cache/pypoetry/virtualenvs/real-time-data-lake-QWGm5iRW-py3.11/lib/python3.11/site-packages/airflow/example_dags/example_bash_operator.py
[2024-09-27T14:24:47.304+0200] {logging_mixin.py:190} INFO - [2024-09-27T14:24:47.304+0200] {dag.py:3239} INFO - Sync 1 DAGs
[2024-09-27T14:24:47.317+0200] {logging_mixin.py:190} INFO - [2024-09-27T14:24:47.317+0200] {dag.py:4180} INFO - Setting next_dagrun for example_bash_operator to 2024-09-26 00:00:00+00:00, run_after=2024-09-27 00:00:00+00:00
[2024-09-27T14:24:47.330+0200] {processor.py:208} INFO - Processing /home/julian/.cache/pypoetry/virtualenvs/real-time-data-lake-QWGm5iRW-py3.11/lib/python3.11/site-packages/airflow/example_dags/example_bash_operator.py took 0.089 seconds
[2024-09-27T14:30:33.694+0200] {processor.py:186} INFO - Started process (PID=281423) to work on /home/julian/.cache/pypoetry/virtualenvs/real-time-data-lake-QWGm5iRW-py3.11/lib/python3.11/site-packages/airflow/example_dags/example_bash_operator.py
[2024-09-27T14:30:33.700+0200] {processor.py:914} INFO - Processing file /home/julian/.cache/pypoetry/virtualenvs/real-time-data-lake-QWGm5iRW-py3.11/lib/python3.11/site-packages/airflow/example_dags/example_bash_operator.py for tasks to queue
[2024-09-27T14:30:33.703+0200] {logging_mixin.py:190} INFO - [2024-09-27T14:30:33.703+0200] {dagbag.py:588} INFO - Filling up the DagBag from /home/julian/.cache/pypoetry/virtualenvs/real-time-data-lake-QWGm5iRW-py3.11/lib/python3.11/site-packages/airflow/example_dags/example_bash_operator.py
[2024-09-27T14:30:33.721+0200] {processor.py:925} INFO - DAG(s) 'example_bash_operator' retrieved from /home/julian/.cache/pypoetry/virtualenvs/real-time-data-lake-QWGm5iRW-py3.11/lib/python3.11/site-packages/airflow/example_dags/example_bash_operator.py
[2024-09-27T14:30:33.747+0200] {logging_mixin.py:190} INFO - [2024-09-27T14:30:33.747+0200] {dag.py:3239} INFO - Sync 1 DAGs
[2024-09-27T14:30:33.760+0200] {logging_mixin.py:190} INFO - [2024-09-27T14:30:33.760+0200] {dag.py:4180} INFO - Setting next_dagrun for example_bash_operator to 2024-09-26 00:00:00+00:00, run_after=2024-09-27 00:00:00+00:00
[2024-09-27T14:30:33.772+0200] {processor.py:208} INFO - Processing /home/julian/.cache/pypoetry/virtualenvs/real-time-data-lake-QWGm5iRW-py3.11/lib/python3.11/site-packages/airflow/example_dags/example_bash_operator.py took 0.086 seconds
[2024-09-27T14:31:27.192+0200] {processor.py:186} INFO - Started process (PID=281539) to work on /home/julian/.cache/pypoetry/virtualenvs/real-time-data-lake-QWGm5iRW-py3.11/lib/python3.11/site-packages/airflow/example_dags/example_bash_operator.py
[2024-09-27T14:31:27.198+0200] {processor.py:914} INFO - Processing file /home/julian/.cache/pypoetry/virtualenvs/real-time-data-lake-QWGm5iRW-py3.11/lib/python3.11/site-packages/airflow/example_dags/example_bash_operator.py for tasks to queue
[2024-09-27T14:31:27.201+0200] {logging_mixin.py:190} INFO - [2024-09-27T14:31:27.200+0200] {dagbag.py:588} INFO - Filling up the DagBag from /home/julian/.cache/pypoetry/virtualenvs/real-time-data-lake-QWGm5iRW-py3.11/lib/python3.11/site-packages/airflow/example_dags/example_bash_operator.py
[2024-09-27T14:31:27.219+0200] {processor.py:925} INFO - DAG(s) 'example_bash_operator' retrieved from /home/julian/.cache/pypoetry/virtualenvs/real-time-data-lake-QWGm5iRW-py3.11/lib/python3.11/site-packages/airflow/example_dags/example_bash_operator.py
[2024-09-27T14:31:27.246+0200] {logging_mixin.py:190} INFO - [2024-09-27T14:31:27.246+0200] {dag.py:3239} INFO - Sync 1 DAGs
[2024-09-27T14:31:27.258+0200] {logging_mixin.py:190} INFO - [2024-09-27T14:31:27.258+0200] {dag.py:4180} INFO - Setting next_dagrun for example_bash_operator to 2024-09-26 00:00:00+00:00, run_after=2024-09-27 00:00:00+00:00
[2024-09-27T14:31:27.272+0200] {processor.py:208} INFO - Processing /home/julian/.cache/pypoetry/virtualenvs/real-time-data-lake-QWGm5iRW-py3.11/lib/python3.11/site-packages/airflow/example_dags/example_bash_operator.py took 0.087 seconds
[2024-09-27T14:32:22.260+0200] {processor.py:186} INFO - Started process (PID=281631) to work on /home/julian/.cache/pypoetry/virtualenvs/real-time-data-lake-QWGm5iRW-py3.11/lib/python3.11/site-packages/airflow/example_dags/example_bash_operator.py
[2024-09-27T14:32:22.266+0200] {processor.py:914} INFO - Processing file /home/julian/.cache/pypoetry/virtualenvs/real-time-data-lake-QWGm5iRW-py3.11/lib/python3.11/site-packages/airflow/example_dags/example_bash_operator.py for tasks to queue
[2024-09-27T14:32:22.267+0200] {logging_mixin.py:190} INFO - [2024-09-27T14:32:22.267+0200] {dagbag.py:588} INFO - Filling up the DagBag from /home/julian/.cache/pypoetry/virtualenvs/real-time-data-lake-QWGm5iRW-py3.11/lib/python3.11/site-packages/airflow/example_dags/example_bash_operator.py
[2024-09-27T14:32:22.276+0200] {processor.py:925} INFO - DAG(s) 'example_bash_operator' retrieved from /home/julian/.cache/pypoetry/virtualenvs/real-time-data-lake-QWGm5iRW-py3.11/lib/python3.11/site-packages/airflow/example_dags/example_bash_operator.py
[2024-09-27T14:32:22.290+0200] {logging_mixin.py:190} INFO - [2024-09-27T14:32:22.290+0200] {dag.py:3239} INFO - Sync 1 DAGs
[2024-09-27T14:32:22.302+0200] {logging_mixin.py:190} INFO - [2024-09-27T14:32:22.302+0200] {dag.py:4180} INFO - Setting next_dagrun for example_bash_operator to 2024-09-26 00:00:00+00:00, run_after=2024-09-27 00:00:00+00:00
[2024-09-27T14:32:22.316+0200] {processor.py:208} INFO - Processing /home/julian/.cache/pypoetry/virtualenvs/real-time-data-lake-QWGm5iRW-py3.11/lib/python3.11/site-packages/airflow/example_dags/example_bash_operator.py took 0.064 seconds
[2024-09-27T14:33:11.119+0200] {processor.py:186} INFO - Started process (PID=281779) to work on /home/julian/.cache/pypoetry/virtualenvs/real-time-data-lake-QWGm5iRW-py3.11/lib/python3.11/site-packages/airflow/example_dags/example_bash_operator.py
[2024-09-27T14:33:11.124+0200] {processor.py:914} INFO - Processing file /home/julian/.cache/pypoetry/virtualenvs/real-time-data-lake-QWGm5iRW-py3.11/lib/python3.11/site-packages/airflow/example_dags/example_bash_operator.py for tasks to queue
[2024-09-27T14:33:11.127+0200] {logging_mixin.py:190} INFO - [2024-09-27T14:33:11.126+0200] {dagbag.py:588} INFO - Filling up the DagBag from /home/julian/.cache/pypoetry/virtualenvs/real-time-data-lake-QWGm5iRW-py3.11/lib/python3.11/site-packages/airflow/example_dags/example_bash_operator.py
[2024-09-27T14:33:11.137+0200] {processor.py:925} INFO - DAG(s) 'example_bash_operator' retrieved from /home/julian/.cache/pypoetry/virtualenvs/real-time-data-lake-QWGm5iRW-py3.11/lib/python3.11/site-packages/airflow/example_dags/example_bash_operator.py
[2024-09-27T14:33:11.153+0200] {logging_mixin.py:190} INFO - [2024-09-27T14:33:11.152+0200] {dag.py:3239} INFO - Sync 1 DAGs
[2024-09-27T14:33:11.166+0200] {logging_mixin.py:190} INFO - [2024-09-27T14:33:11.166+0200] {dag.py:4180} INFO - Setting next_dagrun for example_bash_operator to 2024-09-26 00:00:00+00:00, run_after=2024-09-27 00:00:00+00:00
[2024-09-27T14:33:11.182+0200] {processor.py:208} INFO - Processing /home/julian/.cache/pypoetry/virtualenvs/real-time-data-lake-QWGm5iRW-py3.11/lib/python3.11/site-packages/airflow/example_dags/example_bash_operator.py took 0.067 seconds
[2024-09-27T14:34:01.043+0200] {processor.py:186} INFO - Started process (PID=281895) to work on /home/julian/.cache/pypoetry/virtualenvs/real-time-data-lake-QWGm5iRW-py3.11/lib/python3.11/site-packages/airflow/example_dags/example_bash_operator.py
[2024-09-27T14:34:01.049+0200] {processor.py:914} INFO - Processing file /home/julian/.cache/pypoetry/virtualenvs/real-time-data-lake-QWGm5iRW-py3.11/lib/python3.11/site-packages/airflow/example_dags/example_bash_operator.py for tasks to queue
[2024-09-27T14:34:01.052+0200] {logging_mixin.py:190} INFO - [2024-09-27T14:34:01.051+0200] {dagbag.py:588} INFO - Filling up the DagBag from /home/julian/.cache/pypoetry/virtualenvs/real-time-data-lake-QWGm5iRW-py3.11/lib/python3.11/site-packages/airflow/example_dags/example_bash_operator.py
[2024-09-27T14:34:01.068+0200] {processor.py:925} INFO - DAG(s) 'example_bash_operator' retrieved from /home/julian/.cache/pypoetry/virtualenvs/real-time-data-lake-QWGm5iRW-py3.11/lib/python3.11/site-packages/airflow/example_dags/example_bash_operator.py
[2024-09-27T14:34:01.096+0200] {logging_mixin.py:190} INFO - [2024-09-27T14:34:01.096+0200] {dag.py:3239} INFO - Sync 1 DAGs
[2024-09-27T14:34:01.109+0200] {logging_mixin.py:190} INFO - [2024-09-27T14:34:01.108+0200] {dag.py:4180} INFO - Setting next_dagrun for example_bash_operator to 2024-09-26 00:00:00+00:00, run_after=2024-09-27 00:00:00+00:00
[2024-09-27T14:34:01.123+0200] {processor.py:208} INFO - Processing /home/julian/.cache/pypoetry/virtualenvs/real-time-data-lake-QWGm5iRW-py3.11/lib/python3.11/site-packages/airflow/example_dags/example_bash_operator.py took 0.087 seconds
[2024-09-27T14:34:49.779+0200] {processor.py:186} INFO - Started process (PID=282104) to work on /home/julian/.cache/pypoetry/virtualenvs/real-time-data-lake-QWGm5iRW-py3.11/lib/python3.11/site-packages/airflow/example_dags/example_bash_operator.py
[2024-09-27T14:34:49.784+0200] {processor.py:914} INFO - Processing file /home/julian/.cache/pypoetry/virtualenvs/real-time-data-lake-QWGm5iRW-py3.11/lib/python3.11/site-packages/airflow/example_dags/example_bash_operator.py for tasks to queue
[2024-09-27T14:34:49.787+0200] {logging_mixin.py:190} INFO - [2024-09-27T14:34:49.787+0200] {dagbag.py:588} INFO - Filling up the DagBag from /home/julian/.cache/pypoetry/virtualenvs/real-time-data-lake-QWGm5iRW-py3.11/lib/python3.11/site-packages/airflow/example_dags/example_bash_operator.py
[2024-09-27T14:34:49.805+0200] {processor.py:925} INFO - DAG(s) 'example_bash_operator' retrieved from /home/julian/.cache/pypoetry/virtualenvs/real-time-data-lake-QWGm5iRW-py3.11/lib/python3.11/site-packages/airflow/example_dags/example_bash_operator.py
[2024-09-27T14:34:49.833+0200] {logging_mixin.py:190} INFO - [2024-09-27T14:34:49.833+0200] {dag.py:3239} INFO - Sync 1 DAGs
[2024-09-27T14:34:49.846+0200] {logging_mixin.py:190} INFO - [2024-09-27T14:34:49.846+0200] {dag.py:4180} INFO - Setting next_dagrun for example_bash_operator to 2024-09-26 00:00:00+00:00, run_after=2024-09-27 00:00:00+00:00
[2024-09-27T14:34:49.859+0200] {processor.py:208} INFO - Processing /home/julian/.cache/pypoetry/virtualenvs/real-time-data-lake-QWGm5iRW-py3.11/lib/python3.11/site-packages/airflow/example_dags/example_bash_operator.py took 0.088 seconds
[2024-09-27T14:35:37.375+0200] {processor.py:186} INFO - Started process (PID=282181) to work on /home/julian/.cache/pypoetry/virtualenvs/real-time-data-lake-QWGm5iRW-py3.11/lib/python3.11/site-packages/airflow/example_dags/example_bash_operator.py
[2024-09-27T14:35:37.376+0200] {processor.py:914} INFO - Processing file /home/julian/.cache/pypoetry/virtualenvs/real-time-data-lake-QWGm5iRW-py3.11/lib/python3.11/site-packages/airflow/example_dags/example_bash_operator.py for tasks to queue
[2024-09-27T14:35:37.379+0200] {logging_mixin.py:190} INFO - [2024-09-27T14:35:37.378+0200] {dagbag.py:588} INFO - Filling up the DagBag from /home/julian/.cache/pypoetry/virtualenvs/real-time-data-lake-QWGm5iRW-py3.11/lib/python3.11/site-packages/airflow/example_dags/example_bash_operator.py
[2024-09-27T14:35:37.396+0200] {processor.py:925} INFO - DAG(s) 'example_bash_operator' retrieved from /home/julian/.cache/pypoetry/virtualenvs/real-time-data-lake-QWGm5iRW-py3.11/lib/python3.11/site-packages/airflow/example_dags/example_bash_operator.py
[2024-09-27T14:35:37.420+0200] {logging_mixin.py:190} INFO - [2024-09-27T14:35:37.420+0200] {dag.py:3239} INFO - Sync 1 DAGs
[2024-09-27T14:35:37.433+0200] {logging_mixin.py:190} INFO - [2024-09-27T14:35:37.433+0200] {dag.py:4180} INFO - Setting next_dagrun for example_bash_operator to 2024-09-26 00:00:00+00:00, run_after=2024-09-27 00:00:00+00:00
[2024-09-27T14:35:37.448+0200] {processor.py:208} INFO - Processing /home/julian/.cache/pypoetry/virtualenvs/real-time-data-lake-QWGm5iRW-py3.11/lib/python3.11/site-packages/airflow/example_dags/example_bash_operator.py took 0.080 seconds
[2024-09-27T14:36:25.609+0200] {processor.py:186} INFO - Started process (PID=282254) to work on /home/julian/.cache/pypoetry/virtualenvs/real-time-data-lake-QWGm5iRW-py3.11/lib/python3.11/site-packages/airflow/example_dags/example_bash_operator.py
[2024-09-27T14:36:25.615+0200] {processor.py:914} INFO - Processing file /home/julian/.cache/pypoetry/virtualenvs/real-time-data-lake-QWGm5iRW-py3.11/lib/python3.11/site-packages/airflow/example_dags/example_bash_operator.py for tasks to queue
[2024-09-27T14:36:25.617+0200] {logging_mixin.py:190} INFO - [2024-09-27T14:36:25.617+0200] {dagbag.py:588} INFO - Filling up the DagBag from /home/julian/.cache/pypoetry/virtualenvs/real-time-data-lake-QWGm5iRW-py3.11/lib/python3.11/site-packages/airflow/example_dags/example_bash_operator.py
[2024-09-27T14:36:25.635+0200] {processor.py:925} INFO - DAG(s) 'example_bash_operator' retrieved from /home/julian/.cache/pypoetry/virtualenvs/real-time-data-lake-QWGm5iRW-py3.11/lib/python3.11/site-packages/airflow/example_dags/example_bash_operator.py
[2024-09-27T14:36:25.662+0200] {logging_mixin.py:190} INFO - [2024-09-27T14:36:25.662+0200] {dag.py:3239} INFO - Sync 1 DAGs
[2024-09-27T14:36:25.674+0200] {logging_mixin.py:190} INFO - [2024-09-27T14:36:25.674+0200] {dag.py:4180} INFO - Setting next_dagrun for example_bash_operator to 2024-09-26 00:00:00+00:00, run_after=2024-09-27 00:00:00+00:00
[2024-09-27T14:36:25.688+0200] {processor.py:208} INFO - Processing /home/julian/.cache/pypoetry/virtualenvs/real-time-data-lake-QWGm5iRW-py3.11/lib/python3.11/site-packages/airflow/example_dags/example_bash_operator.py took 0.086 seconds
[2024-09-27T14:37:16.431+0200] {processor.py:186} INFO - Started process (PID=282330) to work on /home/julian/.cache/pypoetry/virtualenvs/real-time-data-lake-QWGm5iRW-py3.11/lib/python3.11/site-packages/airflow/example_dags/example_bash_operator.py
[2024-09-27T14:37:16.437+0200] {processor.py:914} INFO - Processing file /home/julian/.cache/pypoetry/virtualenvs/real-time-data-lake-QWGm5iRW-py3.11/lib/python3.11/site-packages/airflow/example_dags/example_bash_operator.py for tasks to queue
[2024-09-27T14:37:16.439+0200] {logging_mixin.py:190} INFO - [2024-09-27T14:37:16.439+0200] {dagbag.py:588} INFO - Filling up the DagBag from /home/julian/.cache/pypoetry/virtualenvs/real-time-data-lake-QWGm5iRW-py3.11/lib/python3.11/site-packages/airflow/example_dags/example_bash_operator.py
[2024-09-27T14:37:16.456+0200] {processor.py:925} INFO - DAG(s) 'example_bash_operator' retrieved from /home/julian/.cache/pypoetry/virtualenvs/real-time-data-lake-QWGm5iRW-py3.11/lib/python3.11/site-packages/airflow/example_dags/example_bash_operator.py
[2024-09-27T14:37:16.485+0200] {logging_mixin.py:190} INFO - [2024-09-27T14:37:16.485+0200] {dag.py:3239} INFO - Sync 1 DAGs
[2024-09-27T14:37:16.497+0200] {logging_mixin.py:190} INFO - [2024-09-27T14:37:16.497+0200] {dag.py:4180} INFO - Setting next_dagrun for example_bash_operator to 2024-09-26 00:00:00+00:00, run_after=2024-09-27 00:00:00+00:00
[2024-09-27T14:37:16.510+0200] {processor.py:208} INFO - Processing /home/julian/.cache/pypoetry/virtualenvs/real-time-data-lake-QWGm5iRW-py3.11/lib/python3.11/site-packages/airflow/example_dags/example_bash_operator.py took 0.086 seconds
[2024-09-27T14:38:08.305+0200] {processor.py:186} INFO - Started process (PID=282564) to work on /home/julian/.cache/pypoetry/virtualenvs/real-time-data-lake-QWGm5iRW-py3.11/lib/python3.11/site-packages/airflow/example_dags/example_bash_operator.py
[2024-09-27T14:38:08.311+0200] {processor.py:914} INFO - Processing file /home/julian/.cache/pypoetry/virtualenvs/real-time-data-lake-QWGm5iRW-py3.11/lib/python3.11/site-packages/airflow/example_dags/example_bash_operator.py for tasks to queue
[2024-09-27T14:38:08.313+0200] {logging_mixin.py:190} INFO - [2024-09-27T14:38:08.313+0200] {dagbag.py:588} INFO - Filling up the DagBag from /home/julian/.cache/pypoetry/virtualenvs/real-time-data-lake-QWGm5iRW-py3.11/lib/python3.11/site-packages/airflow/example_dags/example_bash_operator.py
[2024-09-27T14:38:08.331+0200] {processor.py:925} INFO - DAG(s) 'example_bash_operator' retrieved from /home/julian/.cache/pypoetry/virtualenvs/real-time-data-lake-QWGm5iRW-py3.11/lib/python3.11/site-packages/airflow/example_dags/example_bash_operator.py
[2024-09-27T14:38:08.358+0200] {logging_mixin.py:190} INFO - [2024-09-27T14:38:08.358+0200] {dag.py:3239} INFO - Sync 1 DAGs
[2024-09-27T14:38:08.371+0200] {logging_mixin.py:190} INFO - [2024-09-27T14:38:08.371+0200] {dag.py:4180} INFO - Setting next_dagrun for example_bash_operator to 2024-09-26 00:00:00+00:00, run_after=2024-09-27 00:00:00+00:00
[2024-09-27T14:38:08.384+0200] {processor.py:208} INFO - Processing /home/julian/.cache/pypoetry/virtualenvs/real-time-data-lake-QWGm5iRW-py3.11/lib/python3.11/site-packages/airflow/example_dags/example_bash_operator.py took 0.087 seconds
[2024-09-27T14:38:56.788+0200] {processor.py:186} INFO - Started process (PID=282826) to work on /home/julian/.cache/pypoetry/virtualenvs/real-time-data-lake-QWGm5iRW-py3.11/lib/python3.11/site-packages/airflow/example_dags/example_bash_operator.py
[2024-09-27T14:38:56.794+0200] {processor.py:914} INFO - Processing file /home/julian/.cache/pypoetry/virtualenvs/real-time-data-lake-QWGm5iRW-py3.11/lib/python3.11/site-packages/airflow/example_dags/example_bash_operator.py for tasks to queue
[2024-09-27T14:38:56.797+0200] {logging_mixin.py:190} INFO - [2024-09-27T14:38:56.796+0200] {dagbag.py:588} INFO - Filling up the DagBag from /home/julian/.cache/pypoetry/virtualenvs/real-time-data-lake-QWGm5iRW-py3.11/lib/python3.11/site-packages/airflow/example_dags/example_bash_operator.py
[2024-09-27T14:38:56.813+0200] {processor.py:925} INFO - DAG(s) 'example_bash_operator' retrieved from /home/julian/.cache/pypoetry/virtualenvs/real-time-data-lake-QWGm5iRW-py3.11/lib/python3.11/site-packages/airflow/example_dags/example_bash_operator.py
[2024-09-27T14:38:56.840+0200] {logging_mixin.py:190} INFO - [2024-09-27T14:38:56.839+0200] {dag.py:3239} INFO - Sync 1 DAGs
[2024-09-27T14:38:56.853+0200] {logging_mixin.py:190} INFO - [2024-09-27T14:38:56.853+0200] {dag.py:4180} INFO - Setting next_dagrun for example_bash_operator to 2024-09-26 00:00:00+00:00, run_after=2024-09-27 00:00:00+00:00
[2024-09-27T14:38:56.869+0200] {processor.py:208} INFO - Processing /home/julian/.cache/pypoetry/virtualenvs/real-time-data-lake-QWGm5iRW-py3.11/lib/python3.11/site-packages/airflow/example_dags/example_bash_operator.py took 0.087 seconds
