[2024-09-27T14:20:31.920+0200] {processor.py:186} INFO - Started process (PID=280042) to work on /home/julian/.cache/pypoetry/virtualenvs/real-time-data-lake-QWGm5iRW-py3.11/lib/python3.11/site-packages/airflow/example_dags/example_external_task_marker_dag.py
[2024-09-27T14:20:31.921+0200] {processor.py:914} INFO - Processing file /home/julian/.cache/pypoetry/virtualenvs/real-time-data-lake-QWGm5iRW-py3.11/lib/python3.11/site-packages/airflow/example_dags/example_external_task_marker_dag.py for tasks to queue
[2024-09-27T14:20:31.924+0200] {logging_mixin.py:190} INFO - [2024-09-27T14:20:31.923+0200] {dagbag.py:588} INFO - Filling up the DagBag from /home/julian/.cache/pypoetry/virtualenvs/real-time-data-lake-QWGm5iRW-py3.11/lib/python3.11/site-packages/airflow/example_dags/example_external_task_marker_dag.py
[2024-09-27T14:20:31.935+0200] {processor.py:925} INFO - DAG(s) 'example_external_task_marker_parent', 'example_external_task_marker_child' retrieved from /home/julian/.cache/pypoetry/virtualenvs/real-time-data-lake-QWGm5iRW-py3.11/lib/python3.11/site-packages/airflow/example_dags/example_external_task_marker_dag.py
[2024-09-27T14:20:32.003+0200] {logging_mixin.py:190} INFO - [2024-09-27T14:20:32.003+0200] {override.py:1901} INFO - Created Permission View: can delete on DAG:example_external_task_marker_parent
[2024-09-27T14:20:32.011+0200] {logging_mixin.py:190} INFO - [2024-09-27T14:20:32.011+0200] {override.py:1901} INFO - Created Permission View: can read on DAG:example_external_task_marker_parent
[2024-09-27T14:20:32.017+0200] {logging_mixin.py:190} INFO - [2024-09-27T14:20:32.016+0200] {override.py:1901} INFO - Created Permission View: can edit on DAG:example_external_task_marker_parent
[2024-09-27T14:20:32.025+0200] {logging_mixin.py:190} INFO - [2024-09-27T14:20:32.025+0200] {override.py:1901} INFO - Created Permission View: can create on DAG Run:example_external_task_marker_parent
[2024-09-27T14:20:32.031+0200] {logging_mixin.py:190} INFO - [2024-09-27T14:20:32.030+0200] {override.py:1901} INFO - Created Permission View: can delete on DAG Run:example_external_task_marker_parent
[2024-09-27T14:20:32.036+0200] {logging_mixin.py:190} INFO - [2024-09-27T14:20:32.036+0200] {override.py:1901} INFO - Created Permission View: can read on DAG Run:example_external_task_marker_parent
[2024-09-27T14:20:32.044+0200] {logging_mixin.py:190} INFO - [2024-09-27T14:20:32.043+0200] {override.py:1901} INFO - Created Permission View: menu access on DAG Run:example_external_task_marker_parent
[2024-09-27T14:20:32.058+0200] {logging_mixin.py:190} INFO - [2024-09-27T14:20:32.058+0200] {override.py:1901} INFO - Created Permission View: can delete on DAG:example_external_task_marker_child
[2024-09-27T14:20:32.064+0200] {logging_mixin.py:190} INFO - [2024-09-27T14:20:32.064+0200] {override.py:1901} INFO - Created Permission View: can read on DAG:example_external_task_marker_child
[2024-09-27T14:20:32.069+0200] {logging_mixin.py:190} INFO - [2024-09-27T14:20:32.069+0200] {override.py:1901} INFO - Created Permission View: can edit on DAG:example_external_task_marker_child
[2024-09-27T14:20:32.078+0200] {logging_mixin.py:190} INFO - [2024-09-27T14:20:32.077+0200] {override.py:1901} INFO - Created Permission View: can create on DAG Run:example_external_task_marker_child
[2024-09-27T14:20:32.083+0200] {logging_mixin.py:190} INFO - [2024-09-27T14:20:32.083+0200] {override.py:1901} INFO - Created Permission View: can delete on DAG Run:example_external_task_marker_child
[2024-09-27T14:20:32.088+0200] {logging_mixin.py:190} INFO - [2024-09-27T14:20:32.088+0200] {override.py:1901} INFO - Created Permission View: can read on DAG Run:example_external_task_marker_child
[2024-09-27T14:20:32.094+0200] {logging_mixin.py:190} INFO - [2024-09-27T14:20:32.093+0200] {override.py:1901} INFO - Created Permission View: menu access on DAG Run:example_external_task_marker_child
[2024-09-27T14:20:32.094+0200] {logging_mixin.py:190} INFO - [2024-09-27T14:20:32.094+0200] {dag.py:3239} INFO - Sync 2 DAGs
[2024-09-27T14:20:32.110+0200] {logging_mixin.py:190} INFO - [2024-09-27T14:20:32.110+0200] {dag.py:3262} INFO - Creating ORM DAG for example_external_task_marker_child
[2024-09-27T14:20:32.111+0200] {logging_mixin.py:190} INFO - [2024-09-27T14:20:32.111+0200] {dag.py:3262} INFO - Creating ORM DAG for example_external_task_marker_parent
[2024-09-27T14:20:32.112+0200] {logging_mixin.py:190} INFO - [2024-09-27T14:20:32.112+0200] {dag.py:4180} INFO - Setting next_dagrun for example_external_task_marker_child to None, run_after=None
[2024-09-27T14:20:32.112+0200] {logging_mixin.py:190} INFO - [2024-09-27T14:20:32.112+0200] {dag.py:4180} INFO - Setting next_dagrun for example_external_task_marker_parent to None, run_after=None
[2024-09-27T14:20:32.129+0200] {processor.py:208} INFO - Processing /home/julian/.cache/pypoetry/virtualenvs/real-time-data-lake-QWGm5iRW-py3.11/lib/python3.11/site-packages/airflow/example_dags/example_external_task_marker_dag.py took 0.216 seconds
[2024-09-27T14:22:12.269+0200] {processor.py:186} INFO - Started process (PID=280240) to work on /home/julian/.cache/pypoetry/virtualenvs/real-time-data-lake-QWGm5iRW-py3.11/lib/python3.11/site-packages/airflow/example_dags/example_external_task_marker_dag.py
[2024-09-27T14:22:12.275+0200] {processor.py:914} INFO - Processing file /home/julian/.cache/pypoetry/virtualenvs/real-time-data-lake-QWGm5iRW-py3.11/lib/python3.11/site-packages/airflow/example_dags/example_external_task_marker_dag.py for tasks to queue
[2024-09-27T14:22:12.278+0200] {logging_mixin.py:190} INFO - [2024-09-27T14:22:12.277+0200] {dagbag.py:588} INFO - Filling up the DagBag from /home/julian/.cache/pypoetry/virtualenvs/real-time-data-lake-QWGm5iRW-py3.11/lib/python3.11/site-packages/airflow/example_dags/example_external_task_marker_dag.py
[2024-09-27T14:22:12.288+0200] {processor.py:925} INFO - DAG(s) 'example_external_task_marker_child', 'example_external_task_marker_parent' retrieved from /home/julian/.cache/pypoetry/virtualenvs/real-time-data-lake-QWGm5iRW-py3.11/lib/python3.11/site-packages/airflow/example_dags/example_external_task_marker_dag.py
[2024-09-27T14:22:12.312+0200] {logging_mixin.py:190} INFO - [2024-09-27T14:22:12.312+0200] {dag.py:3239} INFO - Sync 2 DAGs
[2024-09-27T14:22:12.323+0200] {logging_mixin.py:190} INFO - [2024-09-27T14:22:12.323+0200] {dag.py:4180} INFO - Setting next_dagrun for example_external_task_marker_child to None, run_after=None
[2024-09-27T14:22:12.326+0200] {logging_mixin.py:190} INFO - [2024-09-27T14:22:12.326+0200] {dag.py:4180} INFO - Setting next_dagrun for example_external_task_marker_parent to None, run_after=None
[2024-09-27T14:22:12.337+0200] {processor.py:208} INFO - Processing /home/julian/.cache/pypoetry/virtualenvs/real-time-data-lake-QWGm5iRW-py3.11/lib/python3.11/site-packages/airflow/example_dags/example_external_task_marker_dag.py took 0.076 seconds
[2024-09-27T14:23:07.780+0200] {processor.py:186} INFO - Started process (PID=280361) to work on /home/julian/.cache/pypoetry/virtualenvs/real-time-data-lake-QWGm5iRW-py3.11/lib/python3.11/site-packages/airflow/example_dags/example_external_task_marker_dag.py
[2024-09-27T14:23:07.786+0200] {processor.py:914} INFO - Processing file /home/julian/.cache/pypoetry/virtualenvs/real-time-data-lake-QWGm5iRW-py3.11/lib/python3.11/site-packages/airflow/example_dags/example_external_task_marker_dag.py for tasks to queue
[2024-09-27T14:23:07.788+0200] {logging_mixin.py:190} INFO - [2024-09-27T14:23:07.788+0200] {dagbag.py:588} INFO - Filling up the DagBag from /home/julian/.cache/pypoetry/virtualenvs/real-time-data-lake-QWGm5iRW-py3.11/lib/python3.11/site-packages/airflow/example_dags/example_external_task_marker_dag.py
[2024-09-27T14:23:07.797+0200] {processor.py:925} INFO - DAG(s) 'example_external_task_marker_parent', 'example_external_task_marker_child' retrieved from /home/julian/.cache/pypoetry/virtualenvs/real-time-data-lake-QWGm5iRW-py3.11/lib/python3.11/site-packages/airflow/example_dags/example_external_task_marker_dag.py
[2024-09-27T14:23:07.818+0200] {logging_mixin.py:190} INFO - [2024-09-27T14:23:07.817+0200] {dag.py:3239} INFO - Sync 2 DAGs
[2024-09-27T14:23:07.830+0200] {logging_mixin.py:190} INFO - [2024-09-27T14:23:07.830+0200] {dag.py:4180} INFO - Setting next_dagrun for example_external_task_marker_child to None, run_after=None
[2024-09-27T14:23:07.832+0200] {logging_mixin.py:190} INFO - [2024-09-27T14:23:07.832+0200] {dag.py:4180} INFO - Setting next_dagrun for example_external_task_marker_parent to None, run_after=None
[2024-09-27T14:23:07.845+0200] {processor.py:208} INFO - Processing /home/julian/.cache/pypoetry/virtualenvs/real-time-data-lake-QWGm5iRW-py3.11/lib/python3.11/site-packages/airflow/example_dags/example_external_task_marker_dag.py took 0.070 seconds
[2024-09-27T14:24:03.304+0200] {processor.py:186} INFO - Started process (PID=280505) to work on /home/julian/.cache/pypoetry/virtualenvs/real-time-data-lake-QWGm5iRW-py3.11/lib/python3.11/site-packages/airflow/example_dags/example_external_task_marker_dag.py
[2024-09-27T14:24:03.310+0200] {processor.py:914} INFO - Processing file /home/julian/.cache/pypoetry/virtualenvs/real-time-data-lake-QWGm5iRW-py3.11/lib/python3.11/site-packages/airflow/example_dags/example_external_task_marker_dag.py for tasks to queue
[2024-09-27T14:24:03.312+0200] {logging_mixin.py:190} INFO - [2024-09-27T14:24:03.312+0200] {dagbag.py:588} INFO - Filling up the DagBag from /home/julian/.cache/pypoetry/virtualenvs/real-time-data-lake-QWGm5iRW-py3.11/lib/python3.11/site-packages/airflow/example_dags/example_external_task_marker_dag.py
[2024-09-27T14:24:03.317+0200] {processor.py:925} INFO - DAG(s) 'example_external_task_marker_parent', 'example_external_task_marker_child' retrieved from /home/julian/.cache/pypoetry/virtualenvs/real-time-data-lake-QWGm5iRW-py3.11/lib/python3.11/site-packages/airflow/example_dags/example_external_task_marker_dag.py
[2024-09-27T14:24:03.328+0200] {logging_mixin.py:190} INFO - [2024-09-27T14:24:03.328+0200] {dag.py:3239} INFO - Sync 2 DAGs
[2024-09-27T14:24:03.336+0200] {logging_mixin.py:190} INFO - [2024-09-27T14:24:03.335+0200] {dag.py:4180} INFO - Setting next_dagrun for example_external_task_marker_child to None, run_after=None
[2024-09-27T14:24:03.338+0200] {logging_mixin.py:190} INFO - [2024-09-27T14:24:03.338+0200] {dag.py:4180} INFO - Setting next_dagrun for example_external_task_marker_parent to None, run_after=None
[2024-09-27T14:24:03.352+0200] {processor.py:208} INFO - Processing /home/julian/.cache/pypoetry/virtualenvs/real-time-data-lake-QWGm5iRW-py3.11/lib/python3.11/site-packages/airflow/example_dags/example_external_task_marker_dag.py took 0.051 seconds
[2024-09-27T14:24:54.612+0200] {processor.py:186} INFO - Started process (PID=280717) to work on /home/julian/.cache/pypoetry/virtualenvs/real-time-data-lake-QWGm5iRW-py3.11/lib/python3.11/site-packages/airflow/example_dags/example_external_task_marker_dag.py
[2024-09-27T14:24:54.613+0200] {processor.py:914} INFO - Processing file /home/julian/.cache/pypoetry/virtualenvs/real-time-data-lake-QWGm5iRW-py3.11/lib/python3.11/site-packages/airflow/example_dags/example_external_task_marker_dag.py for tasks to queue
[2024-09-27T14:24:54.615+0200] {logging_mixin.py:190} INFO - [2024-09-27T14:24:54.615+0200] {dagbag.py:588} INFO - Filling up the DagBag from /home/julian/.cache/pypoetry/virtualenvs/real-time-data-lake-QWGm5iRW-py3.11/lib/python3.11/site-packages/airflow/example_dags/example_external_task_marker_dag.py
[2024-09-27T14:24:54.625+0200] {processor.py:925} INFO - DAG(s) 'example_external_task_marker_child', 'example_external_task_marker_parent' retrieved from /home/julian/.cache/pypoetry/virtualenvs/real-time-data-lake-QWGm5iRW-py3.11/lib/python3.11/site-packages/airflow/example_dags/example_external_task_marker_dag.py
[2024-09-27T14:24:54.647+0200] {logging_mixin.py:190} INFO - [2024-09-27T14:24:54.647+0200] {dag.py:3239} INFO - Sync 2 DAGs
[2024-09-27T14:24:54.664+0200] {logging_mixin.py:190} INFO - [2024-09-27T14:24:54.664+0200] {dag.py:4180} INFO - Setting next_dagrun for example_external_task_marker_child to None, run_after=None
[2024-09-27T14:24:54.668+0200] {logging_mixin.py:190} INFO - [2024-09-27T14:24:54.668+0200] {dag.py:4180} INFO - Setting next_dagrun for example_external_task_marker_parent to None, run_after=None
[2024-09-27T14:24:54.680+0200] {processor.py:208} INFO - Processing /home/julian/.cache/pypoetry/virtualenvs/real-time-data-lake-QWGm5iRW-py3.11/lib/python3.11/site-packages/airflow/example_dags/example_external_task_marker_dag.py took 0.075 seconds
[2024-09-27T14:30:39.252+0200] {processor.py:186} INFO - Started process (PID=281434) to work on /home/julian/.cache/pypoetry/virtualenvs/real-time-data-lake-QWGm5iRW-py3.11/lib/python3.11/site-packages/airflow/example_dags/example_external_task_marker_dag.py
[2024-09-27T14:30:39.258+0200] {processor.py:914} INFO - Processing file /home/julian/.cache/pypoetry/virtualenvs/real-time-data-lake-QWGm5iRW-py3.11/lib/python3.11/site-packages/airflow/example_dags/example_external_task_marker_dag.py for tasks to queue
[2024-09-27T14:30:39.261+0200] {logging_mixin.py:190} INFO - [2024-09-27T14:30:39.260+0200] {dagbag.py:588} INFO - Filling up the DagBag from /home/julian/.cache/pypoetry/virtualenvs/real-time-data-lake-QWGm5iRW-py3.11/lib/python3.11/site-packages/airflow/example_dags/example_external_task_marker_dag.py
[2024-09-27T14:30:39.270+0200] {processor.py:925} INFO - DAG(s) 'example_external_task_marker_child', 'example_external_task_marker_parent' retrieved from /home/julian/.cache/pypoetry/virtualenvs/real-time-data-lake-QWGm5iRW-py3.11/lib/python3.11/site-packages/airflow/example_dags/example_external_task_marker_dag.py
[2024-09-27T14:30:39.294+0200] {logging_mixin.py:190} INFO - [2024-09-27T14:30:39.293+0200] {dag.py:3239} INFO - Sync 2 DAGs
[2024-09-27T14:30:39.307+0200] {logging_mixin.py:190} INFO - [2024-09-27T14:30:39.307+0200] {dag.py:4180} INFO - Setting next_dagrun for example_external_task_marker_child to None, run_after=None
[2024-09-27T14:30:39.309+0200] {logging_mixin.py:190} INFO - [2024-09-27T14:30:39.309+0200] {dag.py:4180} INFO - Setting next_dagrun for example_external_task_marker_parent to None, run_after=None
[2024-09-27T14:30:39.322+0200] {processor.py:208} INFO - Processing /home/julian/.cache/pypoetry/virtualenvs/real-time-data-lake-QWGm5iRW-py3.11/lib/python3.11/site-packages/airflow/example_dags/example_external_task_marker_dag.py took 0.077 seconds
[2024-09-27T14:31:34.600+0200] {processor.py:186} INFO - Started process (PID=281550) to work on /home/julian/.cache/pypoetry/virtualenvs/real-time-data-lake-QWGm5iRW-py3.11/lib/python3.11/site-packages/airflow/example_dags/example_external_task_marker_dag.py
[2024-09-27T14:31:34.605+0200] {processor.py:914} INFO - Processing file /home/julian/.cache/pypoetry/virtualenvs/real-time-data-lake-QWGm5iRW-py3.11/lib/python3.11/site-packages/airflow/example_dags/example_external_task_marker_dag.py for tasks to queue
[2024-09-27T14:31:34.608+0200] {logging_mixin.py:190} INFO - [2024-09-27T14:31:34.608+0200] {dagbag.py:588} INFO - Filling up the DagBag from /home/julian/.cache/pypoetry/virtualenvs/real-time-data-lake-QWGm5iRW-py3.11/lib/python3.11/site-packages/airflow/example_dags/example_external_task_marker_dag.py
[2024-09-27T14:31:34.612+0200] {processor.py:925} INFO - DAG(s) 'example_external_task_marker_child', 'example_external_task_marker_parent' retrieved from /home/julian/.cache/pypoetry/virtualenvs/real-time-data-lake-QWGm5iRW-py3.11/lib/python3.11/site-packages/airflow/example_dags/example_external_task_marker_dag.py
[2024-09-27T14:31:34.624+0200] {logging_mixin.py:190} INFO - [2024-09-27T14:31:34.623+0200] {dag.py:3239} INFO - Sync 2 DAGs
[2024-09-27T14:31:34.631+0200] {logging_mixin.py:190} INFO - [2024-09-27T14:31:34.631+0200] {dag.py:4180} INFO - Setting next_dagrun for example_external_task_marker_child to None, run_after=None
[2024-09-27T14:31:34.633+0200] {logging_mixin.py:190} INFO - [2024-09-27T14:31:34.633+0200] {dag.py:4180} INFO - Setting next_dagrun for example_external_task_marker_parent to None, run_after=None
[2024-09-27T14:31:34.645+0200] {processor.py:208} INFO - Processing /home/julian/.cache/pypoetry/virtualenvs/real-time-data-lake-QWGm5iRW-py3.11/lib/python3.11/site-packages/airflow/example_dags/example_external_task_marker_dag.py took 0.049 seconds
[2024-09-27T14:32:28.304+0200] {processor.py:186} INFO - Started process (PID=281683) to work on /home/julian/.cache/pypoetry/virtualenvs/real-time-data-lake-QWGm5iRW-py3.11/lib/python3.11/site-packages/airflow/example_dags/example_external_task_marker_dag.py
[2024-09-27T14:32:28.305+0200] {processor.py:914} INFO - Processing file /home/julian/.cache/pypoetry/virtualenvs/real-time-data-lake-QWGm5iRW-py3.11/lib/python3.11/site-packages/airflow/example_dags/example_external_task_marker_dag.py for tasks to queue
[2024-09-27T14:32:28.313+0200] {logging_mixin.py:190} INFO - [2024-09-27T14:32:28.312+0200] {dagbag.py:588} INFO - Filling up the DagBag from /home/julian/.cache/pypoetry/virtualenvs/real-time-data-lake-QWGm5iRW-py3.11/lib/python3.11/site-packages/airflow/example_dags/example_external_task_marker_dag.py
[2024-09-27T14:32:28.319+0200] {processor.py:925} INFO - DAG(s) 'example_external_task_marker_child', 'example_external_task_marker_parent' retrieved from /home/julian/.cache/pypoetry/virtualenvs/real-time-data-lake-QWGm5iRW-py3.11/lib/python3.11/site-packages/airflow/example_dags/example_external_task_marker_dag.py
[2024-09-27T14:32:28.336+0200] {logging_mixin.py:190} INFO - [2024-09-27T14:32:28.335+0200] {dag.py:3239} INFO - Sync 2 DAGs
[2024-09-27T14:32:28.346+0200] {logging_mixin.py:190} INFO - [2024-09-27T14:32:28.345+0200] {dag.py:4180} INFO - Setting next_dagrun for example_external_task_marker_child to None, run_after=None
[2024-09-27T14:32:28.348+0200] {logging_mixin.py:190} INFO - [2024-09-27T14:32:28.348+0200] {dag.py:4180} INFO - Setting next_dagrun for example_external_task_marker_parent to None, run_after=None
[2024-09-27T14:32:28.364+0200] {processor.py:208} INFO - Processing /home/julian/.cache/pypoetry/virtualenvs/real-time-data-lake-QWGm5iRW-py3.11/lib/python3.11/site-packages/airflow/example_dags/example_external_task_marker_dag.py took 0.065 seconds
[2024-09-27T14:33:18.089+0200] {processor.py:186} INFO - Started process (PID=281792) to work on /home/julian/.cache/pypoetry/virtualenvs/real-time-data-lake-QWGm5iRW-py3.11/lib/python3.11/site-packages/airflow/example_dags/example_external_task_marker_dag.py
[2024-09-27T14:33:18.094+0200] {processor.py:914} INFO - Processing file /home/julian/.cache/pypoetry/virtualenvs/real-time-data-lake-QWGm5iRW-py3.11/lib/python3.11/site-packages/airflow/example_dags/example_external_task_marker_dag.py for tasks to queue
[2024-09-27T14:33:18.096+0200] {logging_mixin.py:190} INFO - [2024-09-27T14:33:18.096+0200] {dagbag.py:588} INFO - Filling up the DagBag from /home/julian/.cache/pypoetry/virtualenvs/real-time-data-lake-QWGm5iRW-py3.11/lib/python3.11/site-packages/airflow/example_dags/example_external_task_marker_dag.py
[2024-09-27T14:33:18.101+0200] {processor.py:925} INFO - DAG(s) 'example_external_task_marker_parent', 'example_external_task_marker_child' retrieved from /home/julian/.cache/pypoetry/virtualenvs/real-time-data-lake-QWGm5iRW-py3.11/lib/python3.11/site-packages/airflow/example_dags/example_external_task_marker_dag.py
[2024-09-27T14:33:18.112+0200] {logging_mixin.py:190} INFO - [2024-09-27T14:33:18.112+0200] {dag.py:3239} INFO - Sync 2 DAGs
[2024-09-27T14:33:18.120+0200] {logging_mixin.py:190} INFO - [2024-09-27T14:33:18.120+0200] {dag.py:4180} INFO - Setting next_dagrun for example_external_task_marker_child to None, run_after=None
[2024-09-27T14:33:18.122+0200] {logging_mixin.py:190} INFO - [2024-09-27T14:33:18.122+0200] {dag.py:4180} INFO - Setting next_dagrun for example_external_task_marker_parent to None, run_after=None
[2024-09-27T14:33:18.134+0200] {processor.py:208} INFO - Processing /home/julian/.cache/pypoetry/virtualenvs/real-time-data-lake-QWGm5iRW-py3.11/lib/python3.11/site-packages/airflow/example_dags/example_external_task_marker_dag.py took 0.048 seconds
[2024-09-27T14:34:07.338+0200] {processor.py:186} INFO - Started process (PID=281903) to work on /home/julian/.cache/pypoetry/virtualenvs/real-time-data-lake-QWGm5iRW-py3.11/lib/python3.11/site-packages/airflow/example_dags/example_external_task_marker_dag.py
[2024-09-27T14:34:07.344+0200] {processor.py:914} INFO - Processing file /home/julian/.cache/pypoetry/virtualenvs/real-time-data-lake-QWGm5iRW-py3.11/lib/python3.11/site-packages/airflow/example_dags/example_external_task_marker_dag.py for tasks to queue
[2024-09-27T14:34:07.346+0200] {logging_mixin.py:190} INFO - [2024-09-27T14:34:07.346+0200] {dagbag.py:588} INFO - Filling up the DagBag from /home/julian/.cache/pypoetry/virtualenvs/real-time-data-lake-QWGm5iRW-py3.11/lib/python3.11/site-packages/airflow/example_dags/example_external_task_marker_dag.py
[2024-09-27T14:34:07.356+0200] {processor.py:925} INFO - DAG(s) 'example_external_task_marker_parent', 'example_external_task_marker_child' retrieved from /home/julian/.cache/pypoetry/virtualenvs/real-time-data-lake-QWGm5iRW-py3.11/lib/python3.11/site-packages/airflow/example_dags/example_external_task_marker_dag.py
[2024-09-27T14:34:07.381+0200] {logging_mixin.py:190} INFO - [2024-09-27T14:34:07.381+0200] {dag.py:3239} INFO - Sync 2 DAGs
[2024-09-27T14:34:07.391+0200] {logging_mixin.py:190} INFO - [2024-09-27T14:34:07.391+0200] {dag.py:4180} INFO - Setting next_dagrun for example_external_task_marker_child to None, run_after=None
[2024-09-27T14:34:07.393+0200] {logging_mixin.py:190} INFO - [2024-09-27T14:34:07.393+0200] {dag.py:4180} INFO - Setting next_dagrun for example_external_task_marker_parent to None, run_after=None
[2024-09-27T14:34:07.406+0200] {processor.py:208} INFO - Processing /home/julian/.cache/pypoetry/virtualenvs/real-time-data-lake-QWGm5iRW-py3.11/lib/python3.11/site-packages/airflow/example_dags/example_external_task_marker_dag.py took 0.075 seconds
[2024-09-27T14:34:56.709+0200] {processor.py:186} INFO - Started process (PID=282113) to work on /home/julian/.cache/pypoetry/virtualenvs/real-time-data-lake-QWGm5iRW-py3.11/lib/python3.11/site-packages/airflow/example_dags/example_external_task_marker_dag.py
[2024-09-27T14:34:56.715+0200] {processor.py:914} INFO - Processing file /home/julian/.cache/pypoetry/virtualenvs/real-time-data-lake-QWGm5iRW-py3.11/lib/python3.11/site-packages/airflow/example_dags/example_external_task_marker_dag.py for tasks to queue
[2024-09-27T14:34:56.718+0200] {logging_mixin.py:190} INFO - [2024-09-27T14:34:56.717+0200] {dagbag.py:588} INFO - Filling up the DagBag from /home/julian/.cache/pypoetry/virtualenvs/real-time-data-lake-QWGm5iRW-py3.11/lib/python3.11/site-packages/airflow/example_dags/example_external_task_marker_dag.py
[2024-09-27T14:34:56.728+0200] {processor.py:925} INFO - DAG(s) 'example_external_task_marker_parent', 'example_external_task_marker_child' retrieved from /home/julian/.cache/pypoetry/virtualenvs/real-time-data-lake-QWGm5iRW-py3.11/lib/python3.11/site-packages/airflow/example_dags/example_external_task_marker_dag.py
[2024-09-27T14:34:56.753+0200] {logging_mixin.py:190} INFO - [2024-09-27T14:34:56.753+0200] {dag.py:3239} INFO - Sync 2 DAGs
[2024-09-27T14:34:56.763+0200] {logging_mixin.py:190} INFO - [2024-09-27T14:34:56.763+0200] {dag.py:4180} INFO - Setting next_dagrun for example_external_task_marker_child to None, run_after=None
[2024-09-27T14:34:56.765+0200] {logging_mixin.py:190} INFO - [2024-09-27T14:34:56.765+0200] {dag.py:4180} INFO - Setting next_dagrun for example_external_task_marker_parent to None, run_after=None
[2024-09-27T14:34:56.777+0200] {processor.py:208} INFO - Processing /home/julian/.cache/pypoetry/virtualenvs/real-time-data-lake-QWGm5iRW-py3.11/lib/python3.11/site-packages/airflow/example_dags/example_external_task_marker_dag.py took 0.075 seconds
[2024-09-27T14:35:43.915+0200] {processor.py:186} INFO - Started process (PID=282190) to work on /home/julian/.cache/pypoetry/virtualenvs/real-time-data-lake-QWGm5iRW-py3.11/lib/python3.11/site-packages/airflow/example_dags/example_external_task_marker_dag.py
[2024-09-27T14:35:43.920+0200] {processor.py:914} INFO - Processing file /home/julian/.cache/pypoetry/virtualenvs/real-time-data-lake-QWGm5iRW-py3.11/lib/python3.11/site-packages/airflow/example_dags/example_external_task_marker_dag.py for tasks to queue
[2024-09-27T14:35:43.923+0200] {logging_mixin.py:190} INFO - [2024-09-27T14:35:43.923+0200] {dagbag.py:588} INFO - Filling up the DagBag from /home/julian/.cache/pypoetry/virtualenvs/real-time-data-lake-QWGm5iRW-py3.11/lib/python3.11/site-packages/airflow/example_dags/example_external_task_marker_dag.py
[2024-09-27T14:35:43.933+0200] {processor.py:925} INFO - DAG(s) 'example_external_task_marker_child', 'example_external_task_marker_parent' retrieved from /home/julian/.cache/pypoetry/virtualenvs/real-time-data-lake-QWGm5iRW-py3.11/lib/python3.11/site-packages/airflow/example_dags/example_external_task_marker_dag.py
[2024-09-27T14:35:43.958+0200] {logging_mixin.py:190} INFO - [2024-09-27T14:35:43.958+0200] {dag.py:3239} INFO - Sync 2 DAGs
[2024-09-27T14:35:43.971+0200] {logging_mixin.py:190} INFO - [2024-09-27T14:35:43.970+0200] {dag.py:4180} INFO - Setting next_dagrun for example_external_task_marker_child to None, run_after=None
[2024-09-27T14:35:43.973+0200] {logging_mixin.py:190} INFO - [2024-09-27T14:35:43.972+0200] {dag.py:4180} INFO - Setting next_dagrun for example_external_task_marker_parent to None, run_after=None
[2024-09-27T14:35:43.985+0200] {processor.py:208} INFO - Processing /home/julian/.cache/pypoetry/virtualenvs/real-time-data-lake-QWGm5iRW-py3.11/lib/python3.11/site-packages/airflow/example_dags/example_external_task_marker_dag.py took 0.077 seconds
[2024-09-27T14:36:33.075+0200] {processor.py:186} INFO - Started process (PID=282264) to work on /home/julian/.cache/pypoetry/virtualenvs/real-time-data-lake-QWGm5iRW-py3.11/lib/python3.11/site-packages/airflow/example_dags/example_external_task_marker_dag.py
[2024-09-27T14:36:33.081+0200] {processor.py:914} INFO - Processing file /home/julian/.cache/pypoetry/virtualenvs/real-time-data-lake-QWGm5iRW-py3.11/lib/python3.11/site-packages/airflow/example_dags/example_external_task_marker_dag.py for tasks to queue
[2024-09-27T14:36:33.084+0200] {logging_mixin.py:190} INFO - [2024-09-27T14:36:33.083+0200] {dagbag.py:588} INFO - Filling up the DagBag from /home/julian/.cache/pypoetry/virtualenvs/real-time-data-lake-QWGm5iRW-py3.11/lib/python3.11/site-packages/airflow/example_dags/example_external_task_marker_dag.py
[2024-09-27T14:36:33.100+0200] {processor.py:925} INFO - DAG(s) 'example_external_task_marker_parent', 'example_external_task_marker_child' retrieved from /home/julian/.cache/pypoetry/virtualenvs/real-time-data-lake-QWGm5iRW-py3.11/lib/python3.11/site-packages/airflow/example_dags/example_external_task_marker_dag.py
[2024-09-27T14:36:33.124+0200] {logging_mixin.py:190} INFO - [2024-09-27T14:36:33.124+0200] {dag.py:3239} INFO - Sync 2 DAGs
[2024-09-27T14:36:33.133+0200] {logging_mixin.py:190} INFO - [2024-09-27T14:36:33.133+0200] {dag.py:4180} INFO - Setting next_dagrun for example_external_task_marker_child to None, run_after=None
[2024-09-27T14:36:33.135+0200] {logging_mixin.py:190} INFO - [2024-09-27T14:36:33.135+0200] {dag.py:4180} INFO - Setting next_dagrun for example_external_task_marker_parent to None, run_after=None
[2024-09-27T14:36:33.148+0200] {processor.py:208} INFO - Processing /home/julian/.cache/pypoetry/virtualenvs/real-time-data-lake-QWGm5iRW-py3.11/lib/python3.11/site-packages/airflow/example_dags/example_external_task_marker_dag.py took 0.079 seconds
[2024-09-27T14:37:23.387+0200] {processor.py:186} INFO - Started process (PID=282372) to work on /home/julian/.cache/pypoetry/virtualenvs/real-time-data-lake-QWGm5iRW-py3.11/lib/python3.11/site-packages/airflow/example_dags/example_external_task_marker_dag.py
[2024-09-27T14:37:23.393+0200] {processor.py:914} INFO - Processing file /home/julian/.cache/pypoetry/virtualenvs/real-time-data-lake-QWGm5iRW-py3.11/lib/python3.11/site-packages/airflow/example_dags/example_external_task_marker_dag.py for tasks to queue
[2024-09-27T14:37:23.395+0200] {logging_mixin.py:190} INFO - [2024-09-27T14:37:23.395+0200] {dagbag.py:588} INFO - Filling up the DagBag from /home/julian/.cache/pypoetry/virtualenvs/real-time-data-lake-QWGm5iRW-py3.11/lib/python3.11/site-packages/airflow/example_dags/example_external_task_marker_dag.py
[2024-09-27T14:37:23.406+0200] {processor.py:925} INFO - DAG(s) 'example_external_task_marker_parent', 'example_external_task_marker_child' retrieved from /home/julian/.cache/pypoetry/virtualenvs/real-time-data-lake-QWGm5iRW-py3.11/lib/python3.11/site-packages/airflow/example_dags/example_external_task_marker_dag.py
[2024-09-27T14:37:23.430+0200] {logging_mixin.py:190} INFO - [2024-09-27T14:37:23.430+0200] {dag.py:3239} INFO - Sync 2 DAGs
[2024-09-27T14:37:23.443+0200] {logging_mixin.py:190} INFO - [2024-09-27T14:37:23.443+0200] {dag.py:4180} INFO - Setting next_dagrun for example_external_task_marker_child to None, run_after=None
[2024-09-27T14:37:23.445+0200] {logging_mixin.py:190} INFO - [2024-09-27T14:37:23.445+0200] {dag.py:4180} INFO - Setting next_dagrun for example_external_task_marker_parent to None, run_after=None
[2024-09-27T14:37:23.457+0200] {processor.py:208} INFO - Processing /home/julian/.cache/pypoetry/virtualenvs/real-time-data-lake-QWGm5iRW-py3.11/lib/python3.11/site-packages/airflow/example_dags/example_external_task_marker_dag.py took 0.077 seconds
[2024-09-27T14:38:13.639+0200] {processor.py:186} INFO - Started process (PID=282598) to work on /home/julian/.cache/pypoetry/virtualenvs/real-time-data-lake-QWGm5iRW-py3.11/lib/python3.11/site-packages/airflow/example_dags/example_external_task_marker_dag.py
[2024-09-27T14:38:13.640+0200] {processor.py:914} INFO - Processing file /home/julian/.cache/pypoetry/virtualenvs/real-time-data-lake-QWGm5iRW-py3.11/lib/python3.11/site-packages/airflow/example_dags/example_external_task_marker_dag.py for tasks to queue
[2024-09-27T14:38:13.643+0200] {logging_mixin.py:190} INFO - [2024-09-27T14:38:13.642+0200] {dagbag.py:588} INFO - Filling up the DagBag from /home/julian/.cache/pypoetry/virtualenvs/real-time-data-lake-QWGm5iRW-py3.11/lib/python3.11/site-packages/airflow/example_dags/example_external_task_marker_dag.py
[2024-09-27T14:38:13.653+0200] {processor.py:925} INFO - DAG(s) 'example_external_task_marker_parent', 'example_external_task_marker_child' retrieved from /home/julian/.cache/pypoetry/virtualenvs/real-time-data-lake-QWGm5iRW-py3.11/lib/python3.11/site-packages/airflow/example_dags/example_external_task_marker_dag.py
[2024-09-27T14:38:13.678+0200] {logging_mixin.py:190} INFO - [2024-09-27T14:38:13.677+0200] {dag.py:3239} INFO - Sync 2 DAGs
[2024-09-27T14:38:13.686+0200] {logging_mixin.py:190} INFO - [2024-09-27T14:38:13.686+0200] {dag.py:4180} INFO - Setting next_dagrun for example_external_task_marker_child to None, run_after=None
[2024-09-27T14:38:13.688+0200] {logging_mixin.py:190} INFO - [2024-09-27T14:38:13.688+0200] {dag.py:4180} INFO - Setting next_dagrun for example_external_task_marker_parent to None, run_after=None
[2024-09-27T14:38:13.701+0200] {processor.py:208} INFO - Processing /home/julian/.cache/pypoetry/virtualenvs/real-time-data-lake-QWGm5iRW-py3.11/lib/python3.11/site-packages/airflow/example_dags/example_external_task_marker_dag.py took 0.069 seconds
[2024-09-27T14:39:03.459+0200] {processor.py:186} INFO - Started process (PID=282842) to work on /home/julian/.cache/pypoetry/virtualenvs/real-time-data-lake-QWGm5iRW-py3.11/lib/python3.11/site-packages/airflow/example_dags/example_external_task_marker_dag.py
[2024-09-27T14:39:03.465+0200] {processor.py:914} INFO - Processing file /home/julian/.cache/pypoetry/virtualenvs/real-time-data-lake-QWGm5iRW-py3.11/lib/python3.11/site-packages/airflow/example_dags/example_external_task_marker_dag.py for tasks to queue
[2024-09-27T14:39:03.468+0200] {logging_mixin.py:190} INFO - [2024-09-27T14:39:03.468+0200] {dagbag.py:588} INFO - Filling up the DagBag from /home/julian/.cache/pypoetry/virtualenvs/real-time-data-lake-QWGm5iRW-py3.11/lib/python3.11/site-packages/airflow/example_dags/example_external_task_marker_dag.py
[2024-09-27T14:39:03.479+0200] {processor.py:925} INFO - DAG(s) 'example_external_task_marker_parent', 'example_external_task_marker_child' retrieved from /home/julian/.cache/pypoetry/virtualenvs/real-time-data-lake-QWGm5iRW-py3.11/lib/python3.11/site-packages/airflow/example_dags/example_external_task_marker_dag.py
[2024-09-27T14:39:03.505+0200] {logging_mixin.py:190} INFO - [2024-09-27T14:39:03.504+0200] {dag.py:3239} INFO - Sync 2 DAGs
[2024-09-27T14:39:03.522+0200] {logging_mixin.py:190} INFO - [2024-09-27T14:39:03.522+0200] {dag.py:4180} INFO - Setting next_dagrun for example_external_task_marker_child to None, run_after=None
[2024-09-27T14:39:03.525+0200] {logging_mixin.py:190} INFO - [2024-09-27T14:39:03.525+0200] {dag.py:4180} INFO - Setting next_dagrun for example_external_task_marker_parent to None, run_after=None
[2024-09-27T14:39:03.537+0200] {processor.py:208} INFO - Processing /home/julian/.cache/pypoetry/virtualenvs/real-time-data-lake-QWGm5iRW-py3.11/lib/python3.11/site-packages/airflow/example_dags/example_external_task_marker_dag.py took 0.085 seconds
