[2024-09-27T14:20:52.908+0200] {processor.py:186} INFO - Started process (PID=280087) to work on /home/julian/.cache/pypoetry/virtualenvs/real-time-data-lake-QWGm5iRW-py3.11/lib/python3.11/site-packages/airflow/example_dags/example_kubernetes_executor.py
[2024-09-27T14:20:52.909+0200] {processor.py:914} INFO - Processing file /home/julian/.cache/pypoetry/virtualenvs/real-time-data-lake-QWGm5iRW-py3.11/lib/python3.11/site-packages/airflow/example_dags/example_kubernetes_executor.py for tasks to queue
[2024-09-27T14:20:52.911+0200] {logging_mixin.py:190} INFO - [2024-09-27T14:20:52.911+0200] {dagbag.py:588} INFO - Filling up the DagBag from /home/julian/.cache/pypoetry/virtualenvs/real-time-data-lake-QWGm5iRW-py3.11/lib/python3.11/site-packages/airflow/example_dags/example_kubernetes_executor.py
[2024-09-27T14:20:52.917+0200] {logging_mixin.py:190} INFO - [2024-09-27T14:20:52.916+0200] {example_kubernetes_executor.py:39} WARNING - The example_kubernetes_executor example DAG requires the kubernetes provider. Please install it with: pip install apache-airflow[cncf.kubernetes]
[2024-09-27T14:20:52.917+0200] {processor.py:927} WARNING - No viable dags retrieved from /home/julian/.cache/pypoetry/virtualenvs/real-time-data-lake-QWGm5iRW-py3.11/lib/python3.11/site-packages/airflow/example_dags/example_kubernetes_executor.py
[2024-09-27T14:20:52.929+0200] {processor.py:208} INFO - Processing /home/julian/.cache/pypoetry/virtualenvs/real-time-data-lake-QWGm5iRW-py3.11/lib/python3.11/site-packages/airflow/example_dags/example_kubernetes_executor.py took 0.028 seconds
[2024-09-27T14:22:30.578+0200] {processor.py:186} INFO - Started process (PID=280268) to work on /home/julian/.cache/pypoetry/virtualenvs/real-time-data-lake-QWGm5iRW-py3.11/lib/python3.11/site-packages/airflow/example_dags/example_kubernetes_executor.py
[2024-09-27T14:22:30.584+0200] {processor.py:914} INFO - Processing file /home/julian/.cache/pypoetry/virtualenvs/real-time-data-lake-QWGm5iRW-py3.11/lib/python3.11/site-packages/airflow/example_dags/example_kubernetes_executor.py for tasks to queue
[2024-09-27T14:22:30.587+0200] {logging_mixin.py:190} INFO - [2024-09-27T14:22:30.587+0200] {dagbag.py:588} INFO - Filling up the DagBag from /home/julian/.cache/pypoetry/virtualenvs/real-time-data-lake-QWGm5iRW-py3.11/lib/python3.11/site-packages/airflow/example_dags/example_kubernetes_executor.py
[2024-09-27T14:22:30.590+0200] {logging_mixin.py:190} INFO - [2024-09-27T14:22:30.590+0200] {example_kubernetes_executor.py:39} WARNING - The example_kubernetes_executor example DAG requires the kubernetes provider. Please install it with: pip install apache-airflow[cncf.kubernetes]
[2024-09-27T14:22:30.590+0200] {processor.py:927} WARNING - No viable dags retrieved from /home/julian/.cache/pypoetry/virtualenvs/real-time-data-lake-QWGm5iRW-py3.11/lib/python3.11/site-packages/airflow/example_dags/example_kubernetes_executor.py
[2024-09-27T14:22:30.603+0200] {processor.py:208} INFO - Processing /home/julian/.cache/pypoetry/virtualenvs/real-time-data-lake-QWGm5iRW-py3.11/lib/python3.11/site-packages/airflow/example_dags/example_kubernetes_executor.py took 0.032 seconds
[2024-09-27T14:23:24.968+0200] {processor.py:186} INFO - Started process (PID=280409) to work on /home/julian/.cache/pypoetry/virtualenvs/real-time-data-lake-QWGm5iRW-py3.11/lib/python3.11/site-packages/airflow/example_dags/example_kubernetes_executor.py
[2024-09-27T14:23:24.970+0200] {processor.py:914} INFO - Processing file /home/julian/.cache/pypoetry/virtualenvs/real-time-data-lake-QWGm5iRW-py3.11/lib/python3.11/site-packages/airflow/example_dags/example_kubernetes_executor.py for tasks to queue
[2024-09-27T14:23:24.972+0200] {logging_mixin.py:190} INFO - [2024-09-27T14:23:24.971+0200] {dagbag.py:588} INFO - Filling up the DagBag from /home/julian/.cache/pypoetry/virtualenvs/real-time-data-lake-QWGm5iRW-py3.11/lib/python3.11/site-packages/airflow/example_dags/example_kubernetes_executor.py
[2024-09-27T14:23:24.975+0200] {logging_mixin.py:190} INFO - [2024-09-27T14:23:24.975+0200] {example_kubernetes_executor.py:39} WARNING - The example_kubernetes_executor example DAG requires the kubernetes provider. Please install it with: pip install apache-airflow[cncf.kubernetes]
[2024-09-27T14:23:24.976+0200] {processor.py:927} WARNING - No viable dags retrieved from /home/julian/.cache/pypoetry/virtualenvs/real-time-data-lake-QWGm5iRW-py3.11/lib/python3.11/site-packages/airflow/example_dags/example_kubernetes_executor.py
[2024-09-27T14:23:24.988+0200] {processor.py:208} INFO - Processing /home/julian/.cache/pypoetry/virtualenvs/real-time-data-lake-QWGm5iRW-py3.11/lib/python3.11/site-packages/airflow/example_dags/example_kubernetes_executor.py took 0.026 seconds
[2024-09-27T14:24:42.102+0200] {processor.py:186} INFO - Started process (PID=280696) to work on /home/julian/.cache/pypoetry/virtualenvs/real-time-data-lake-QWGm5iRW-py3.11/lib/python3.11/site-packages/airflow/example_dags/example_kubernetes_executor.py
[2024-09-27T14:24:42.108+0200] {processor.py:914} INFO - Processing file /home/julian/.cache/pypoetry/virtualenvs/real-time-data-lake-QWGm5iRW-py3.11/lib/python3.11/site-packages/airflow/example_dags/example_kubernetes_executor.py for tasks to queue
[2024-09-27T14:24:42.110+0200] {logging_mixin.py:190} INFO - [2024-09-27T14:24:42.110+0200] {dagbag.py:588} INFO - Filling up the DagBag from /home/julian/.cache/pypoetry/virtualenvs/real-time-data-lake-QWGm5iRW-py3.11/lib/python3.11/site-packages/airflow/example_dags/example_kubernetes_executor.py
[2024-09-27T14:24:42.114+0200] {logging_mixin.py:190} INFO - [2024-09-27T14:24:42.113+0200] {example_kubernetes_executor.py:39} WARNING - The example_kubernetes_executor example DAG requires the kubernetes provider. Please install it with: pip install apache-airflow[cncf.kubernetes]
[2024-09-27T14:24:42.114+0200] {processor.py:927} WARNING - No viable dags retrieved from /home/julian/.cache/pypoetry/virtualenvs/real-time-data-lake-QWGm5iRW-py3.11/lib/python3.11/site-packages/airflow/example_dags/example_kubernetes_executor.py
[2024-09-27T14:24:42.127+0200] {processor.py:208} INFO - Processing /home/julian/.cache/pypoetry/virtualenvs/real-time-data-lake-QWGm5iRW-py3.11/lib/python3.11/site-packages/airflow/example_dags/example_kubernetes_executor.py took 0.032 seconds
[2024-09-27T14:30:57.409+0200] {processor.py:186} INFO - Started process (PID=281497) to work on /home/julian/.cache/pypoetry/virtualenvs/real-time-data-lake-QWGm5iRW-py3.11/lib/python3.11/site-packages/airflow/example_dags/example_kubernetes_executor.py
[2024-09-27T14:30:57.414+0200] {processor.py:914} INFO - Processing file /home/julian/.cache/pypoetry/virtualenvs/real-time-data-lake-QWGm5iRW-py3.11/lib/python3.11/site-packages/airflow/example_dags/example_kubernetes_executor.py for tasks to queue
[2024-09-27T14:30:57.416+0200] {logging_mixin.py:190} INFO - [2024-09-27T14:30:57.415+0200] {dagbag.py:588} INFO - Filling up the DagBag from /home/julian/.cache/pypoetry/virtualenvs/real-time-data-lake-QWGm5iRW-py3.11/lib/python3.11/site-packages/airflow/example_dags/example_kubernetes_executor.py
[2024-09-27T14:30:57.417+0200] {logging_mixin.py:190} INFO - [2024-09-27T14:30:57.417+0200] {example_kubernetes_executor.py:39} WARNING - The example_kubernetes_executor example DAG requires the kubernetes provider. Please install it with: pip install apache-airflow[cncf.kubernetes]
[2024-09-27T14:30:57.417+0200] {processor.py:927} WARNING - No viable dags retrieved from /home/julian/.cache/pypoetry/virtualenvs/real-time-data-lake-QWGm5iRW-py3.11/lib/python3.11/site-packages/airflow/example_dags/example_kubernetes_executor.py
[2024-09-27T14:30:57.423+0200] {processor.py:208} INFO - Processing /home/julian/.cache/pypoetry/virtualenvs/real-time-data-lake-QWGm5iRW-py3.11/lib/python3.11/site-packages/airflow/example_dags/example_kubernetes_executor.py took 0.018 seconds
[2024-09-27T14:32:10.500+0200] {processor.py:186} INFO - Started process (PID=281607) to work on /home/julian/.cache/pypoetry/virtualenvs/real-time-data-lake-QWGm5iRW-py3.11/lib/python3.11/site-packages/airflow/example_dags/example_kubernetes_executor.py
[2024-09-27T14:32:10.501+0200] {processor.py:914} INFO - Processing file /home/julian/.cache/pypoetry/virtualenvs/real-time-data-lake-QWGm5iRW-py3.11/lib/python3.11/site-packages/airflow/example_dags/example_kubernetes_executor.py for tasks to queue
[2024-09-27T14:32:10.503+0200] {logging_mixin.py:190} INFO - [2024-09-27T14:32:10.503+0200] {dagbag.py:588} INFO - Filling up the DagBag from /home/julian/.cache/pypoetry/virtualenvs/real-time-data-lake-QWGm5iRW-py3.11/lib/python3.11/site-packages/airflow/example_dags/example_kubernetes_executor.py
[2024-09-27T14:32:10.506+0200] {logging_mixin.py:190} INFO - [2024-09-27T14:32:10.506+0200] {example_kubernetes_executor.py:39} WARNING - The example_kubernetes_executor example DAG requires the kubernetes provider. Please install it with: pip install apache-airflow[cncf.kubernetes]
[2024-09-27T14:32:10.507+0200] {processor.py:927} WARNING - No viable dags retrieved from /home/julian/.cache/pypoetry/virtualenvs/real-time-data-lake-QWGm5iRW-py3.11/lib/python3.11/site-packages/airflow/example_dags/example_kubernetes_executor.py
[2024-09-27T14:32:10.520+0200] {processor.py:208} INFO - Processing /home/julian/.cache/pypoetry/virtualenvs/real-time-data-lake-QWGm5iRW-py3.11/lib/python3.11/site-packages/airflow/example_dags/example_kubernetes_executor.py took 0.027 seconds
[2024-09-27T14:33:04.344+0200] {processor.py:186} INFO - Started process (PID=281768) to work on /home/julian/.cache/pypoetry/virtualenvs/real-time-data-lake-QWGm5iRW-py3.11/lib/python3.11/site-packages/airflow/example_dags/example_kubernetes_executor.py
[2024-09-27T14:33:04.350+0200] {processor.py:914} INFO - Processing file /home/julian/.cache/pypoetry/virtualenvs/real-time-data-lake-QWGm5iRW-py3.11/lib/python3.11/site-packages/airflow/example_dags/example_kubernetes_executor.py for tasks to queue
[2024-09-27T14:33:04.352+0200] {logging_mixin.py:190} INFO - [2024-09-27T14:33:04.352+0200] {dagbag.py:588} INFO - Filling up the DagBag from /home/julian/.cache/pypoetry/virtualenvs/real-time-data-lake-QWGm5iRW-py3.11/lib/python3.11/site-packages/airflow/example_dags/example_kubernetes_executor.py
[2024-09-27T14:33:04.355+0200] {logging_mixin.py:190} INFO - [2024-09-27T14:33:04.355+0200] {example_kubernetes_executor.py:39} WARNING - The example_kubernetes_executor example DAG requires the kubernetes provider. Please install it with: pip install apache-airflow[cncf.kubernetes]
[2024-09-27T14:33:04.356+0200] {processor.py:927} WARNING - No viable dags retrieved from /home/julian/.cache/pypoetry/virtualenvs/real-time-data-lake-QWGm5iRW-py3.11/lib/python3.11/site-packages/airflow/example_dags/example_kubernetes_executor.py
[2024-09-27T14:33:04.369+0200] {processor.py:208} INFO - Processing /home/julian/.cache/pypoetry/virtualenvs/real-time-data-lake-QWGm5iRW-py3.11/lib/python3.11/site-packages/airflow/example_dags/example_kubernetes_executor.py took 0.033 seconds
[2024-09-27T14:34:17.668+0200] {processor.py:186} INFO - Started process (PID=281918) to work on /home/julian/.cache/pypoetry/virtualenvs/real-time-data-lake-QWGm5iRW-py3.11/lib/python3.11/site-packages/airflow/example_dags/example_kubernetes_executor.py
[2024-09-27T14:34:17.674+0200] {processor.py:914} INFO - Processing file /home/julian/.cache/pypoetry/virtualenvs/real-time-data-lake-QWGm5iRW-py3.11/lib/python3.11/site-packages/airflow/example_dags/example_kubernetes_executor.py for tasks to queue
[2024-09-27T14:34:17.676+0200] {logging_mixin.py:190} INFO - [2024-09-27T14:34:17.676+0200] {dagbag.py:588} INFO - Filling up the DagBag from /home/julian/.cache/pypoetry/virtualenvs/real-time-data-lake-QWGm5iRW-py3.11/lib/python3.11/site-packages/airflow/example_dags/example_kubernetes_executor.py
[2024-09-27T14:34:17.680+0200] {logging_mixin.py:190} INFO - [2024-09-27T14:34:17.679+0200] {example_kubernetes_executor.py:39} WARNING - The example_kubernetes_executor example DAG requires the kubernetes provider. Please install it with: pip install apache-airflow[cncf.kubernetes]
[2024-09-27T14:34:17.680+0200] {processor.py:927} WARNING - No viable dags retrieved from /home/julian/.cache/pypoetry/virtualenvs/real-time-data-lake-QWGm5iRW-py3.11/lib/python3.11/site-packages/airflow/example_dags/example_kubernetes_executor.py
[2024-09-27T14:34:17.693+0200] {processor.py:208} INFO - Processing /home/julian/.cache/pypoetry/virtualenvs/real-time-data-lake-QWGm5iRW-py3.11/lib/python3.11/site-packages/airflow/example_dags/example_kubernetes_executor.py took 0.032 seconds
[2024-09-27T14:35:29.917+0200] {processor.py:186} INFO - Started process (PID=282164) to work on /home/julian/.cache/pypoetry/virtualenvs/real-time-data-lake-QWGm5iRW-py3.11/lib/python3.11/site-packages/airflow/example_dags/example_kubernetes_executor.py
[2024-09-27T14:35:29.923+0200] {processor.py:914} INFO - Processing file /home/julian/.cache/pypoetry/virtualenvs/real-time-data-lake-QWGm5iRW-py3.11/lib/python3.11/site-packages/airflow/example_dags/example_kubernetes_executor.py for tasks to queue
[2024-09-27T14:35:29.926+0200] {logging_mixin.py:190} INFO - [2024-09-27T14:35:29.925+0200] {dagbag.py:588} INFO - Filling up the DagBag from /home/julian/.cache/pypoetry/virtualenvs/real-time-data-lake-QWGm5iRW-py3.11/lib/python3.11/site-packages/airflow/example_dags/example_kubernetes_executor.py
[2024-09-27T14:35:29.929+0200] {logging_mixin.py:190} INFO - [2024-09-27T14:35:29.929+0200] {example_kubernetes_executor.py:39} WARNING - The example_kubernetes_executor example DAG requires the kubernetes provider. Please install it with: pip install apache-airflow[cncf.kubernetes]
[2024-09-27T14:35:29.929+0200] {processor.py:927} WARNING - No viable dags retrieved from /home/julian/.cache/pypoetry/virtualenvs/real-time-data-lake-QWGm5iRW-py3.11/lib/python3.11/site-packages/airflow/example_dags/example_kubernetes_executor.py
[2024-09-27T14:35:29.942+0200] {processor.py:208} INFO - Processing /home/julian/.cache/pypoetry/virtualenvs/real-time-data-lake-QWGm5iRW-py3.11/lib/python3.11/site-packages/airflow/example_dags/example_kubernetes_executor.py took 0.032 seconds
[2024-09-27T14:36:40.969+0200] {processor.py:186} INFO - Started process (PID=282276) to work on /home/julian/.cache/pypoetry/virtualenvs/real-time-data-lake-QWGm5iRW-py3.11/lib/python3.11/site-packages/airflow/example_dags/example_kubernetes_executor.py
[2024-09-27T14:36:40.974+0200] {processor.py:914} INFO - Processing file /home/julian/.cache/pypoetry/virtualenvs/real-time-data-lake-QWGm5iRW-py3.11/lib/python3.11/site-packages/airflow/example_dags/example_kubernetes_executor.py for tasks to queue
[2024-09-27T14:36:40.977+0200] {logging_mixin.py:190} INFO - [2024-09-27T14:36:40.976+0200] {dagbag.py:588} INFO - Filling up the DagBag from /home/julian/.cache/pypoetry/virtualenvs/real-time-data-lake-QWGm5iRW-py3.11/lib/python3.11/site-packages/airflow/example_dags/example_kubernetes_executor.py
[2024-09-27T14:36:40.980+0200] {logging_mixin.py:190} INFO - [2024-09-27T14:36:40.980+0200] {example_kubernetes_executor.py:39} WARNING - The example_kubernetes_executor example DAG requires the kubernetes provider. Please install it with: pip install apache-airflow[cncf.kubernetes]
[2024-09-27T14:36:40.980+0200] {processor.py:927} WARNING - No viable dags retrieved from /home/julian/.cache/pypoetry/virtualenvs/real-time-data-lake-QWGm5iRW-py3.11/lib/python3.11/site-packages/airflow/example_dags/example_kubernetes_executor.py
[2024-09-27T14:36:40.993+0200] {processor.py:208} INFO - Processing /home/julian/.cache/pypoetry/virtualenvs/real-time-data-lake-QWGm5iRW-py3.11/lib/python3.11/site-packages/airflow/example_dags/example_kubernetes_executor.py took 0.031 seconds
[2024-09-27T14:37:58.163+0200] {processor.py:186} INFO - Started process (PID=282542) to work on /home/julian/.cache/pypoetry/virtualenvs/real-time-data-lake-QWGm5iRW-py3.11/lib/python3.11/site-packages/airflow/example_dags/example_kubernetes_executor.py
[2024-09-27T14:37:58.169+0200] {processor.py:914} INFO - Processing file /home/julian/.cache/pypoetry/virtualenvs/real-time-data-lake-QWGm5iRW-py3.11/lib/python3.11/site-packages/airflow/example_dags/example_kubernetes_executor.py for tasks to queue
[2024-09-27T14:37:58.172+0200] {logging_mixin.py:190} INFO - [2024-09-27T14:37:58.171+0200] {dagbag.py:588} INFO - Filling up the DagBag from /home/julian/.cache/pypoetry/virtualenvs/real-time-data-lake-QWGm5iRW-py3.11/lib/python3.11/site-packages/airflow/example_dags/example_kubernetes_executor.py
[2024-09-27T14:37:58.175+0200] {logging_mixin.py:190} INFO - [2024-09-27T14:37:58.175+0200] {example_kubernetes_executor.py:39} WARNING - The example_kubernetes_executor example DAG requires the kubernetes provider. Please install it with: pip install apache-airflow[cncf.kubernetes]
[2024-09-27T14:37:58.175+0200] {processor.py:927} WARNING - No viable dags retrieved from /home/julian/.cache/pypoetry/virtualenvs/real-time-data-lake-QWGm5iRW-py3.11/lib/python3.11/site-packages/airflow/example_dags/example_kubernetes_executor.py
[2024-09-27T14:37:58.188+0200] {processor.py:208} INFO - Processing /home/julian/.cache/pypoetry/virtualenvs/real-time-data-lake-QWGm5iRW-py3.11/lib/python3.11/site-packages/airflow/example_dags/example_kubernetes_executor.py took 0.032 seconds
[2024-09-27T14:39:12.880+0200] {processor.py:186} INFO - Started process (PID=282864) to work on /home/julian/.cache/pypoetry/virtualenvs/real-time-data-lake-QWGm5iRW-py3.11/lib/python3.11/site-packages/airflow/example_dags/example_kubernetes_executor.py
[2024-09-27T14:39:12.885+0200] {processor.py:914} INFO - Processing file /home/julian/.cache/pypoetry/virtualenvs/real-time-data-lake-QWGm5iRW-py3.11/lib/python3.11/site-packages/airflow/example_dags/example_kubernetes_executor.py for tasks to queue
[2024-09-27T14:39:12.886+0200] {logging_mixin.py:190} INFO - [2024-09-27T14:39:12.886+0200] {dagbag.py:588} INFO - Filling up the DagBag from /home/julian/.cache/pypoetry/virtualenvs/real-time-data-lake-QWGm5iRW-py3.11/lib/python3.11/site-packages/airflow/example_dags/example_kubernetes_executor.py
[2024-09-27T14:39:12.888+0200] {logging_mixin.py:190} INFO - [2024-09-27T14:39:12.888+0200] {example_kubernetes_executor.py:39} WARNING - The example_kubernetes_executor example DAG requires the kubernetes provider. Please install it with: pip install apache-airflow[cncf.kubernetes]
[2024-09-27T14:39:12.888+0200] {processor.py:927} WARNING - No viable dags retrieved from /home/julian/.cache/pypoetry/virtualenvs/real-time-data-lake-QWGm5iRW-py3.11/lib/python3.11/site-packages/airflow/example_dags/example_kubernetes_executor.py
[2024-09-27T14:39:12.894+0200] {processor.py:208} INFO - Processing /home/julian/.cache/pypoetry/virtualenvs/real-time-data-lake-QWGm5iRW-py3.11/lib/python3.11/site-packages/airflow/example_dags/example_kubernetes_executor.py took 0.018 seconds
