[2024-09-27T14:20:05.778+0200] {processor.py:186} INFO - Started process (PID=279991) to work on /home/julian/.cache/pypoetry/virtualenvs/real-time-data-lake-QWGm5iRW-py3.11/lib/python3.11/site-packages/airflow/example_dags/example_subdag_operator.py
[2024-09-27T14:20:05.779+0200] {processor.py:914} INFO - Processing file /home/julian/.cache/pypoetry/virtualenvs/real-time-data-lake-QWGm5iRW-py3.11/lib/python3.11/site-packages/airflow/example_dags/example_subdag_operator.py for tasks to queue
[2024-09-27T14:20:05.781+0200] {logging_mixin.py:190} INFO - [2024-09-27T14:20:05.780+0200] {dagbag.py:588} INFO - Filling up the DagBag from /home/julian/.cache/pypoetry/virtualenvs/real-time-data-lake-QWGm5iRW-py3.11/lib/python3.11/site-packages/airflow/example_dags/example_subdag_operator.py
[2024-09-27T14:20:05.802+0200] {processor.py:925} INFO - DAG(s) 'example_subdag_operator.section-1', 'example_subdag_operator.section-2', 'example_subdag_operator' retrieved from /home/julian/.cache/pypoetry/virtualenvs/real-time-data-lake-QWGm5iRW-py3.11/lib/python3.11/site-packages/airflow/example_dags/example_subdag_operator.py
[2024-09-27T14:20:05.863+0200] {logging_mixin.py:190} INFO - [2024-09-27T14:20:05.863+0200] {override.py:1901} INFO - Created Permission View: can delete on DAG:example_subdag_operator
[2024-09-27T14:20:05.871+0200] {logging_mixin.py:190} INFO - [2024-09-27T14:20:05.871+0200] {override.py:1901} INFO - Created Permission View: can read on DAG:example_subdag_operator
[2024-09-27T14:20:05.890+0200] {logging_mixin.py:190} INFO - [2024-09-27T14:20:05.889+0200] {override.py:1901} INFO - Created Permission View: can edit on DAG:example_subdag_operator
[2024-09-27T14:20:05.900+0200] {logging_mixin.py:190} INFO - [2024-09-27T14:20:05.900+0200] {override.py:1901} INFO - Created Permission View: can create on DAG Run:example_subdag_operator
[2024-09-27T14:20:05.905+0200] {logging_mixin.py:190} INFO - [2024-09-27T14:20:05.905+0200] {override.py:1901} INFO - Created Permission View: can delete on DAG Run:example_subdag_operator
[2024-09-27T14:20:05.911+0200] {logging_mixin.py:190} INFO - [2024-09-27T14:20:05.911+0200] {override.py:1901} INFO - Created Permission View: can read on DAG Run:example_subdag_operator
[2024-09-27T14:20:05.917+0200] {logging_mixin.py:190} INFO - [2024-09-27T14:20:05.917+0200] {override.py:1901} INFO - Created Permission View: menu access on DAG Run:example_subdag_operator
[2024-09-27T14:20:05.917+0200] {logging_mixin.py:190} INFO - [2024-09-27T14:20:05.917+0200] {dag.py:3239} INFO - Sync 3 DAGs
[2024-09-27T14:20:05.924+0200] {logging_mixin.py:190} INFO - [2024-09-27T14:20:05.924+0200] {dag.py:3262} INFO - Creating ORM DAG for example_subdag_operator
[2024-09-27T14:20:05.924+0200] {logging_mixin.py:190} INFO - [2024-09-27T14:20:05.924+0200] {dag.py:3262} INFO - Creating ORM DAG for example_subdag_operator.section-1
[2024-09-27T14:20:05.925+0200] {logging_mixin.py:190} INFO - [2024-09-27T14:20:05.925+0200] {dag.py:3262} INFO - Creating ORM DAG for example_subdag_operator.section-2
[2024-09-27T14:20:05.929+0200] {logging_mixin.py:190} INFO - [2024-09-27T14:20:05.929+0200] {dag.py:4180} INFO - Setting next_dagrun for example_subdag_operator to 2022-01-01 00:00:00+00:00, run_after=2022-01-01 00:00:00+00:00
[2024-09-27T14:20:05.930+0200] {logging_mixin.py:190} INFO - [2024-09-27T14:20:05.930+0200] {dag.py:4180} INFO - Setting next_dagrun for example_subdag_operator.section-1 to None, run_after=None
[2024-09-27T14:20:05.930+0200] {logging_mixin.py:190} INFO - [2024-09-27T14:20:05.930+0200] {dag.py:4180} INFO - Setting next_dagrun for example_subdag_operator.section-2 to None, run_after=None
[2024-09-27T14:20:05.934+0200] {logging_mixin.py:190} INFO - [2024-09-27T14:20:05.933+0200] {dag.py:3239} INFO - Sync 2 DAGs
[2024-09-27T14:20:05.937+0200] {logging_mixin.py:190} INFO - [2024-09-27T14:20:05.937+0200] {dag.py:4180} INFO - Setting next_dagrun for example_subdag_operator.section-1 to None, run_after=None
[2024-09-27T14:20:05.938+0200] {logging_mixin.py:190} INFO - [2024-09-27T14:20:05.938+0200] {dag.py:4180} INFO - Setting next_dagrun for example_subdag_operator.section-2 to None, run_after=None
[2024-09-27T14:20:05.948+0200] {processor.py:208} INFO - Processing /home/julian/.cache/pypoetry/virtualenvs/real-time-data-lake-QWGm5iRW-py3.11/lib/python3.11/site-packages/airflow/example_dags/example_subdag_operator.py took 0.173 seconds
[2024-09-27T14:21:06.206+0200] {processor.py:186} INFO - Started process (PID=280103) to work on /home/julian/.cache/pypoetry/virtualenvs/real-time-data-lake-QWGm5iRW-py3.11/lib/python3.11/site-packages/airflow/example_dags/example_subdag_operator.py
[2024-09-27T14:21:06.212+0200] {processor.py:914} INFO - Processing file /home/julian/.cache/pypoetry/virtualenvs/real-time-data-lake-QWGm5iRW-py3.11/lib/python3.11/site-packages/airflow/example_dags/example_subdag_operator.py for tasks to queue
[2024-09-27T14:21:06.215+0200] {logging_mixin.py:190} INFO - [2024-09-27T14:21:06.214+0200] {dagbag.py:588} INFO - Filling up the DagBag from /home/julian/.cache/pypoetry/virtualenvs/real-time-data-lake-QWGm5iRW-py3.11/lib/python3.11/site-packages/airflow/example_dags/example_subdag_operator.py
[2024-09-27T14:21:06.244+0200] {processor.py:925} INFO - DAG(s) 'example_subdag_operator.section-1', 'example_subdag_operator.section-2', 'example_subdag_operator' retrieved from /home/julian/.cache/pypoetry/virtualenvs/real-time-data-lake-QWGm5iRW-py3.11/lib/python3.11/site-packages/airflow/example_dags/example_subdag_operator.py
[2024-09-27T14:21:06.259+0200] {logging_mixin.py:190} INFO - [2024-09-27T14:21:06.259+0200] {dag.py:3239} INFO - Sync 3 DAGs
[2024-09-27T14:21:06.271+0200] {logging_mixin.py:190} INFO - [2024-09-27T14:21:06.271+0200] {dag.py:4180} INFO - Setting next_dagrun for example_subdag_operator to 2022-01-01 00:00:00+00:00, run_after=2022-01-01 00:00:00+00:00
[2024-09-27T14:21:06.273+0200] {logging_mixin.py:190} INFO - [2024-09-27T14:21:06.273+0200] {dag.py:4180} INFO - Setting next_dagrun for example_subdag_operator.section-1 to None, run_after=None
[2024-09-27T14:21:06.273+0200] {logging_mixin.py:190} INFO - [2024-09-27T14:21:06.273+0200] {dag.py:4180} INFO - Setting next_dagrun for example_subdag_operator.section-2 to None, run_after=None
[2024-09-27T14:21:06.277+0200] {logging_mixin.py:190} INFO - [2024-09-27T14:21:06.277+0200] {dag.py:3239} INFO - Sync 2 DAGs
[2024-09-27T14:21:06.280+0200] {logging_mixin.py:190} INFO - [2024-09-27T14:21:06.279+0200] {dag.py:4180} INFO - Setting next_dagrun for example_subdag_operator.section-1 to None, run_after=None
[2024-09-27T14:21:06.280+0200] {logging_mixin.py:190} INFO - [2024-09-27T14:21:06.280+0200] {dag.py:4180} INFO - Setting next_dagrun for example_subdag_operator.section-2 to None, run_after=None
[2024-09-27T14:21:06.288+0200] {processor.py:208} INFO - Processing /home/julian/.cache/pypoetry/virtualenvs/real-time-data-lake-QWGm5iRW-py3.11/lib/python3.11/site-packages/airflow/example_dags/example_subdag_operator.py took 0.089 seconds
[2024-09-27T14:21:49.236+0200] {processor.py:186} INFO - Started process (PID=280183) to work on /home/julian/.cache/pypoetry/virtualenvs/real-time-data-lake-QWGm5iRW-py3.11/lib/python3.11/site-packages/airflow/example_dags/example_subdag_operator.py
[2024-09-27T14:21:49.242+0200] {processor.py:914} INFO - Processing file /home/julian/.cache/pypoetry/virtualenvs/real-time-data-lake-QWGm5iRW-py3.11/lib/python3.11/site-packages/airflow/example_dags/example_subdag_operator.py for tasks to queue
[2024-09-27T14:21:49.245+0200] {logging_mixin.py:190} INFO - [2024-09-27T14:21:49.244+0200] {dagbag.py:588} INFO - Filling up the DagBag from /home/julian/.cache/pypoetry/virtualenvs/real-time-data-lake-QWGm5iRW-py3.11/lib/python3.11/site-packages/airflow/example_dags/example_subdag_operator.py
[2024-09-27T14:21:49.274+0200] {processor.py:925} INFO - DAG(s) 'example_subdag_operator.section-1', 'example_subdag_operator.section-2', 'example_subdag_operator' retrieved from /home/julian/.cache/pypoetry/virtualenvs/real-time-data-lake-QWGm5iRW-py3.11/lib/python3.11/site-packages/airflow/example_dags/example_subdag_operator.py
[2024-09-27T14:21:49.293+0200] {logging_mixin.py:190} INFO - [2024-09-27T14:21:49.293+0200] {dag.py:3239} INFO - Sync 3 DAGs
[2024-09-27T14:21:49.304+0200] {logging_mixin.py:190} INFO - [2024-09-27T14:21:49.304+0200] {dag.py:4180} INFO - Setting next_dagrun for example_subdag_operator to 2022-01-01 00:00:00+00:00, run_after=2022-01-01 00:00:00+00:00
[2024-09-27T14:21:49.307+0200] {logging_mixin.py:190} INFO - [2024-09-27T14:21:49.306+0200] {dag.py:4180} INFO - Setting next_dagrun for example_subdag_operator.section-1 to None, run_after=None
[2024-09-27T14:21:49.307+0200] {logging_mixin.py:190} INFO - [2024-09-27T14:21:49.307+0200] {dag.py:4180} INFO - Setting next_dagrun for example_subdag_operator.section-2 to None, run_after=None
[2024-09-27T14:21:49.311+0200] {logging_mixin.py:190} INFO - [2024-09-27T14:21:49.310+0200] {dag.py:3239} INFO - Sync 2 DAGs
[2024-09-27T14:21:49.313+0200] {logging_mixin.py:190} INFO - [2024-09-27T14:21:49.313+0200] {dag.py:4180} INFO - Setting next_dagrun for example_subdag_operator.section-1 to None, run_after=None
[2024-09-27T14:21:49.313+0200] {logging_mixin.py:190} INFO - [2024-09-27T14:21:49.313+0200] {dag.py:4180} INFO - Setting next_dagrun for example_subdag_operator.section-2 to None, run_after=None
[2024-09-27T14:21:49.323+0200] {processor.py:208} INFO - Processing /home/julian/.cache/pypoetry/virtualenvs/real-time-data-lake-QWGm5iRW-py3.11/lib/python3.11/site-packages/airflow/example_dags/example_subdag_operator.py took 0.094 seconds
[2024-09-27T14:22:42.713+0200] {processor.py:186} INFO - Started process (PID=280301) to work on /home/julian/.cache/pypoetry/virtualenvs/real-time-data-lake-QWGm5iRW-py3.11/lib/python3.11/site-packages/airflow/example_dags/example_subdag_operator.py
[2024-09-27T14:22:42.719+0200] {processor.py:914} INFO - Processing file /home/julian/.cache/pypoetry/virtualenvs/real-time-data-lake-QWGm5iRW-py3.11/lib/python3.11/site-packages/airflow/example_dags/example_subdag_operator.py for tasks to queue
[2024-09-27T14:22:42.720+0200] {logging_mixin.py:190} INFO - [2024-09-27T14:22:42.720+0200] {dagbag.py:588} INFO - Filling up the DagBag from /home/julian/.cache/pypoetry/virtualenvs/real-time-data-lake-QWGm5iRW-py3.11/lib/python3.11/site-packages/airflow/example_dags/example_subdag_operator.py
[2024-09-27T14:22:42.734+0200] {processor.py:925} INFO - DAG(s) 'example_subdag_operator.section-1', 'example_subdag_operator.section-2', 'example_subdag_operator' retrieved from /home/julian/.cache/pypoetry/virtualenvs/real-time-data-lake-QWGm5iRW-py3.11/lib/python3.11/site-packages/airflow/example_dags/example_subdag_operator.py
[2024-09-27T14:22:42.743+0200] {logging_mixin.py:190} INFO - [2024-09-27T14:22:42.743+0200] {dag.py:3239} INFO - Sync 3 DAGs
[2024-09-27T14:22:42.755+0200] {logging_mixin.py:190} INFO - [2024-09-27T14:22:42.755+0200] {dag.py:4180} INFO - Setting next_dagrun for example_subdag_operator to 2022-01-01 00:00:00+00:00, run_after=2022-01-01 00:00:00+00:00
[2024-09-27T14:22:42.757+0200] {logging_mixin.py:190} INFO - [2024-09-27T14:22:42.757+0200] {dag.py:4180} INFO - Setting next_dagrun for example_subdag_operator.section-1 to None, run_after=None
[2024-09-27T14:22:42.758+0200] {logging_mixin.py:190} INFO - [2024-09-27T14:22:42.758+0200] {dag.py:4180} INFO - Setting next_dagrun for example_subdag_operator.section-2 to None, run_after=None
[2024-09-27T14:22:42.761+0200] {logging_mixin.py:190} INFO - [2024-09-27T14:22:42.761+0200] {dag.py:3239} INFO - Sync 2 DAGs
[2024-09-27T14:22:42.764+0200] {logging_mixin.py:190} INFO - [2024-09-27T14:22:42.764+0200] {dag.py:4180} INFO - Setting next_dagrun for example_subdag_operator.section-1 to None, run_after=None
[2024-09-27T14:22:42.764+0200] {logging_mixin.py:190} INFO - [2024-09-27T14:22:42.764+0200] {dag.py:4180} INFO - Setting next_dagrun for example_subdag_operator.section-2 to None, run_after=None
[2024-09-27T14:22:42.773+0200] {processor.py:208} INFO - Processing /home/julian/.cache/pypoetry/virtualenvs/real-time-data-lake-QWGm5iRW-py3.11/lib/python3.11/site-packages/airflow/example_dags/example_subdag_operator.py took 0.063 seconds
[2024-09-27T14:23:35.222+0200] {processor.py:186} INFO - Started process (PID=280444) to work on /home/julian/.cache/pypoetry/virtualenvs/real-time-data-lake-QWGm5iRW-py3.11/lib/python3.11/site-packages/airflow/example_dags/example_subdag_operator.py
[2024-09-27T14:23:35.227+0200] {processor.py:914} INFO - Processing file /home/julian/.cache/pypoetry/virtualenvs/real-time-data-lake-QWGm5iRW-py3.11/lib/python3.11/site-packages/airflow/example_dags/example_subdag_operator.py for tasks to queue
[2024-09-27T14:23:35.231+0200] {logging_mixin.py:190} INFO - [2024-09-27T14:23:35.230+0200] {dagbag.py:588} INFO - Filling up the DagBag from /home/julian/.cache/pypoetry/virtualenvs/real-time-data-lake-QWGm5iRW-py3.11/lib/python3.11/site-packages/airflow/example_dags/example_subdag_operator.py
[2024-09-27T14:23:35.260+0200] {processor.py:925} INFO - DAG(s) 'example_subdag_operator.section-1', 'example_subdag_operator.section-2', 'example_subdag_operator' retrieved from /home/julian/.cache/pypoetry/virtualenvs/real-time-data-lake-QWGm5iRW-py3.11/lib/python3.11/site-packages/airflow/example_dags/example_subdag_operator.py
[2024-09-27T14:23:35.273+0200] {logging_mixin.py:190} INFO - [2024-09-27T14:23:35.272+0200] {dag.py:3239} INFO - Sync 3 DAGs
[2024-09-27T14:23:35.285+0200] {logging_mixin.py:190} INFO - [2024-09-27T14:23:35.285+0200] {dag.py:4180} INFO - Setting next_dagrun for example_subdag_operator to 2022-01-01 00:00:00+00:00, run_after=2022-01-01 00:00:00+00:00
[2024-09-27T14:23:35.287+0200] {logging_mixin.py:190} INFO - [2024-09-27T14:23:35.286+0200] {dag.py:4180} INFO - Setting next_dagrun for example_subdag_operator.section-1 to None, run_after=None
[2024-09-27T14:23:35.287+0200] {logging_mixin.py:190} INFO - [2024-09-27T14:23:35.287+0200] {dag.py:4180} INFO - Setting next_dagrun for example_subdag_operator.section-2 to None, run_after=None
[2024-09-27T14:23:35.291+0200] {logging_mixin.py:190} INFO - [2024-09-27T14:23:35.291+0200] {dag.py:3239} INFO - Sync 2 DAGs
[2024-09-27T14:23:35.293+0200] {logging_mixin.py:190} INFO - [2024-09-27T14:23:35.293+0200] {dag.py:4180} INFO - Setting next_dagrun for example_subdag_operator.section-1 to None, run_after=None
[2024-09-27T14:23:35.294+0200] {logging_mixin.py:190} INFO - [2024-09-27T14:23:35.293+0200] {dag.py:4180} INFO - Setting next_dagrun for example_subdag_operator.section-2 to None, run_after=None
[2024-09-27T14:23:35.302+0200] {processor.py:208} INFO - Processing /home/julian/.cache/pypoetry/virtualenvs/real-time-data-lake-QWGm5iRW-py3.11/lib/python3.11/site-packages/airflow/example_dags/example_subdag_operator.py took 0.088 seconds
[2024-09-27T14:24:26.460+0200] {processor.py:186} INFO - Started process (PID=280580) to work on /home/julian/.cache/pypoetry/virtualenvs/real-time-data-lake-QWGm5iRW-py3.11/lib/python3.11/site-packages/airflow/example_dags/example_subdag_operator.py
[2024-09-27T14:24:26.461+0200] {processor.py:914} INFO - Processing file /home/julian/.cache/pypoetry/virtualenvs/real-time-data-lake-QWGm5iRW-py3.11/lib/python3.11/site-packages/airflow/example_dags/example_subdag_operator.py for tasks to queue
[2024-09-27T14:24:26.463+0200] {logging_mixin.py:190} INFO - [2024-09-27T14:24:26.463+0200] {dagbag.py:588} INFO - Filling up the DagBag from /home/julian/.cache/pypoetry/virtualenvs/real-time-data-lake-QWGm5iRW-py3.11/lib/python3.11/site-packages/airflow/example_dags/example_subdag_operator.py
[2024-09-27T14:24:26.483+0200] {processor.py:925} INFO - DAG(s) 'example_subdag_operator.section-1', 'example_subdag_operator.section-2', 'example_subdag_operator' retrieved from /home/julian/.cache/pypoetry/virtualenvs/real-time-data-lake-QWGm5iRW-py3.11/lib/python3.11/site-packages/airflow/example_dags/example_subdag_operator.py
[2024-09-27T14:24:26.494+0200] {logging_mixin.py:190} INFO - [2024-09-27T14:24:26.493+0200] {dag.py:3239} INFO - Sync 3 DAGs
[2024-09-27T14:24:26.506+0200] {logging_mixin.py:190} INFO - [2024-09-27T14:24:26.505+0200] {dag.py:4180} INFO - Setting next_dagrun for example_subdag_operator to 2022-01-01 00:00:00+00:00, run_after=2022-01-01 00:00:00+00:00
[2024-09-27T14:24:26.509+0200] {logging_mixin.py:190} INFO - [2024-09-27T14:24:26.509+0200] {dag.py:4180} INFO - Setting next_dagrun for example_subdag_operator.section-1 to None, run_after=None
[2024-09-27T14:24:26.510+0200] {logging_mixin.py:190} INFO - [2024-09-27T14:24:26.510+0200] {dag.py:4180} INFO - Setting next_dagrun for example_subdag_operator.section-2 to None, run_after=None
[2024-09-27T14:24:26.515+0200] {logging_mixin.py:190} INFO - [2024-09-27T14:24:26.515+0200] {dag.py:3239} INFO - Sync 2 DAGs
[2024-09-27T14:24:26.517+0200] {logging_mixin.py:190} INFO - [2024-09-27T14:24:26.517+0200] {dag.py:4180} INFO - Setting next_dagrun for example_subdag_operator.section-1 to None, run_after=None
[2024-09-27T14:24:26.518+0200] {logging_mixin.py:190} INFO - [2024-09-27T14:24:26.517+0200] {dag.py:4180} INFO - Setting next_dagrun for example_subdag_operator.section-2 to None, run_after=None
[2024-09-27T14:24:26.529+0200] {processor.py:208} INFO - Processing /home/julian/.cache/pypoetry/virtualenvs/real-time-data-lake-QWGm5iRW-py3.11/lib/python3.11/site-packages/airflow/example_dags/example_subdag_operator.py took 0.076 seconds
[2024-09-27T14:25:17.207+0200] {processor.py:186} INFO - Started process (PID=280760) to work on /home/julian/.cache/pypoetry/virtualenvs/real-time-data-lake-QWGm5iRW-py3.11/lib/python3.11/site-packages/airflow/example_dags/example_subdag_operator.py
[2024-09-27T14:25:17.213+0200] {processor.py:914} INFO - Processing file /home/julian/.cache/pypoetry/virtualenvs/real-time-data-lake-QWGm5iRW-py3.11/lib/python3.11/site-packages/airflow/example_dags/example_subdag_operator.py for tasks to queue
[2024-09-27T14:25:17.215+0200] {logging_mixin.py:190} INFO - [2024-09-27T14:25:17.215+0200] {dagbag.py:588} INFO - Filling up the DagBag from /home/julian/.cache/pypoetry/virtualenvs/real-time-data-lake-QWGm5iRW-py3.11/lib/python3.11/site-packages/airflow/example_dags/example_subdag_operator.py
[2024-09-27T14:25:17.244+0200] {processor.py:925} INFO - DAG(s) 'example_subdag_operator.section-1', 'example_subdag_operator.section-2', 'example_subdag_operator' retrieved from /home/julian/.cache/pypoetry/virtualenvs/real-time-data-lake-QWGm5iRW-py3.11/lib/python3.11/site-packages/airflow/example_dags/example_subdag_operator.py
[2024-09-27T14:25:17.263+0200] {logging_mixin.py:190} INFO - [2024-09-27T14:25:17.262+0200] {dag.py:3239} INFO - Sync 3 DAGs
[2024-09-27T14:25:17.274+0200] {logging_mixin.py:190} INFO - [2024-09-27T14:25:17.274+0200] {dag.py:4180} INFO - Setting next_dagrun for example_subdag_operator to 2022-01-01 00:00:00+00:00, run_after=2022-01-01 00:00:00+00:00
[2024-09-27T14:25:17.276+0200] {logging_mixin.py:190} INFO - [2024-09-27T14:25:17.276+0200] {dag.py:4180} INFO - Setting next_dagrun for example_subdag_operator.section-1 to None, run_after=None
[2024-09-27T14:25:17.277+0200] {logging_mixin.py:190} INFO - [2024-09-27T14:25:17.277+0200] {dag.py:4180} INFO - Setting next_dagrun for example_subdag_operator.section-2 to None, run_after=None
[2024-09-27T14:25:17.280+0200] {logging_mixin.py:190} INFO - [2024-09-27T14:25:17.280+0200] {dag.py:3239} INFO - Sync 2 DAGs
[2024-09-27T14:25:17.283+0200] {logging_mixin.py:190} INFO - [2024-09-27T14:25:17.283+0200] {dag.py:4180} INFO - Setting next_dagrun for example_subdag_operator.section-1 to None, run_after=None
[2024-09-27T14:25:17.283+0200] {logging_mixin.py:190} INFO - [2024-09-27T14:25:17.283+0200] {dag.py:4180} INFO - Setting next_dagrun for example_subdag_operator.section-2 to None, run_after=None
[2024-09-27T14:25:17.293+0200] {processor.py:208} INFO - Processing /home/julian/.cache/pypoetry/virtualenvs/real-time-data-lake-QWGm5iRW-py3.11/lib/python3.11/site-packages/airflow/example_dags/example_subdag_operator.py took 0.093 seconds
[2024-09-27T14:30:16.233+0200] {processor.py:186} INFO - Started process (PID=281395) to work on /home/julian/.cache/pypoetry/virtualenvs/real-time-data-lake-QWGm5iRW-py3.11/lib/python3.11/site-packages/airflow/example_dags/example_subdag_operator.py
[2024-09-27T14:30:16.238+0200] {processor.py:914} INFO - Processing file /home/julian/.cache/pypoetry/virtualenvs/real-time-data-lake-QWGm5iRW-py3.11/lib/python3.11/site-packages/airflow/example_dags/example_subdag_operator.py for tasks to queue
[2024-09-27T14:30:16.241+0200] {logging_mixin.py:190} INFO - [2024-09-27T14:30:16.241+0200] {dagbag.py:588} INFO - Filling up the DagBag from /home/julian/.cache/pypoetry/virtualenvs/real-time-data-lake-QWGm5iRW-py3.11/lib/python3.11/site-packages/airflow/example_dags/example_subdag_operator.py
[2024-09-27T14:30:16.271+0200] {processor.py:925} INFO - DAG(s) 'example_subdag_operator.section-1', 'example_subdag_operator.section-2', 'example_subdag_operator' retrieved from /home/julian/.cache/pypoetry/virtualenvs/real-time-data-lake-QWGm5iRW-py3.11/lib/python3.11/site-packages/airflow/example_dags/example_subdag_operator.py
[2024-09-27T14:30:16.289+0200] {logging_mixin.py:190} INFO - [2024-09-27T14:30:16.289+0200] {dag.py:3239} INFO - Sync 3 DAGs
[2024-09-27T14:30:16.301+0200] {logging_mixin.py:190} INFO - [2024-09-27T14:30:16.301+0200] {dag.py:4180} INFO - Setting next_dagrun for example_subdag_operator to 2022-01-01 00:00:00+00:00, run_after=2022-01-01 00:00:00+00:00
[2024-09-27T14:30:16.303+0200] {logging_mixin.py:190} INFO - [2024-09-27T14:30:16.303+0200] {dag.py:4180} INFO - Setting next_dagrun for example_subdag_operator.section-1 to None, run_after=None
[2024-09-27T14:30:16.304+0200] {logging_mixin.py:190} INFO - [2024-09-27T14:30:16.303+0200] {dag.py:4180} INFO - Setting next_dagrun for example_subdag_operator.section-2 to None, run_after=None
[2024-09-27T14:30:16.307+0200] {logging_mixin.py:190} INFO - [2024-09-27T14:30:16.307+0200] {dag.py:3239} INFO - Sync 2 DAGs
[2024-09-27T14:30:16.310+0200] {logging_mixin.py:190} INFO - [2024-09-27T14:30:16.309+0200] {dag.py:4180} INFO - Setting next_dagrun for example_subdag_operator.section-1 to None, run_after=None
[2024-09-27T14:30:16.310+0200] {logging_mixin.py:190} INFO - [2024-09-27T14:30:16.310+0200] {dag.py:4180} INFO - Setting next_dagrun for example_subdag_operator.section-2 to None, run_after=None
[2024-09-27T14:30:16.320+0200] {processor.py:208} INFO - Processing /home/julian/.cache/pypoetry/virtualenvs/real-time-data-lake-QWGm5iRW-py3.11/lib/python3.11/site-packages/airflow/example_dags/example_subdag_operator.py took 0.094 seconds
[2024-09-27T14:31:09.697+0200] {processor.py:186} INFO - Started process (PID=281513) to work on /home/julian/.cache/pypoetry/virtualenvs/real-time-data-lake-QWGm5iRW-py3.11/lib/python3.11/site-packages/airflow/example_dags/example_subdag_operator.py
[2024-09-27T14:31:09.702+0200] {processor.py:914} INFO - Processing file /home/julian/.cache/pypoetry/virtualenvs/real-time-data-lake-QWGm5iRW-py3.11/lib/python3.11/site-packages/airflow/example_dags/example_subdag_operator.py for tasks to queue
[2024-09-27T14:31:09.705+0200] {logging_mixin.py:190} INFO - [2024-09-27T14:31:09.705+0200] {dagbag.py:588} INFO - Filling up the DagBag from /home/julian/.cache/pypoetry/virtualenvs/real-time-data-lake-QWGm5iRW-py3.11/lib/python3.11/site-packages/airflow/example_dags/example_subdag_operator.py
[2024-09-27T14:31:09.733+0200] {processor.py:925} INFO - DAG(s) 'example_subdag_operator.section-1', 'example_subdag_operator.section-2', 'example_subdag_operator' retrieved from /home/julian/.cache/pypoetry/virtualenvs/real-time-data-lake-QWGm5iRW-py3.11/lib/python3.11/site-packages/airflow/example_dags/example_subdag_operator.py
[2024-09-27T14:31:09.748+0200] {logging_mixin.py:190} INFO - [2024-09-27T14:31:09.748+0200] {dag.py:3239} INFO - Sync 3 DAGs
[2024-09-27T14:31:09.761+0200] {logging_mixin.py:190} INFO - [2024-09-27T14:31:09.760+0200] {dag.py:4180} INFO - Setting next_dagrun for example_subdag_operator to 2022-01-01 00:00:00+00:00, run_after=2022-01-01 00:00:00+00:00
[2024-09-27T14:31:09.763+0200] {logging_mixin.py:190} INFO - [2024-09-27T14:31:09.762+0200] {dag.py:4180} INFO - Setting next_dagrun for example_subdag_operator.section-1 to None, run_after=None
[2024-09-27T14:31:09.763+0200] {logging_mixin.py:190} INFO - [2024-09-27T14:31:09.763+0200] {dag.py:4180} INFO - Setting next_dagrun for example_subdag_operator.section-2 to None, run_after=None
[2024-09-27T14:31:09.767+0200] {logging_mixin.py:190} INFO - [2024-09-27T14:31:09.767+0200] {dag.py:3239} INFO - Sync 2 DAGs
[2024-09-27T14:31:09.770+0200] {logging_mixin.py:190} INFO - [2024-09-27T14:31:09.770+0200] {dag.py:4180} INFO - Setting next_dagrun for example_subdag_operator.section-1 to None, run_after=None
[2024-09-27T14:31:09.770+0200] {logging_mixin.py:190} INFO - [2024-09-27T14:31:09.770+0200] {dag.py:4180} INFO - Setting next_dagrun for example_subdag_operator.section-2 to None, run_after=None
[2024-09-27T14:31:09.780+0200] {processor.py:208} INFO - Processing /home/julian/.cache/pypoetry/virtualenvs/real-time-data-lake-QWGm5iRW-py3.11/lib/python3.11/site-packages/airflow/example_dags/example_subdag_operator.py took 0.090 seconds
[2024-09-27T14:31:59.702+0200] {processor.py:186} INFO - Started process (PID=281594) to work on /home/julian/.cache/pypoetry/virtualenvs/real-time-data-lake-QWGm5iRW-py3.11/lib/python3.11/site-packages/airflow/example_dags/example_subdag_operator.py
[2024-09-27T14:31:59.708+0200] {processor.py:914} INFO - Processing file /home/julian/.cache/pypoetry/virtualenvs/real-time-data-lake-QWGm5iRW-py3.11/lib/python3.11/site-packages/airflow/example_dags/example_subdag_operator.py for tasks to queue
[2024-09-27T14:31:59.711+0200] {logging_mixin.py:190} INFO - [2024-09-27T14:31:59.711+0200] {dagbag.py:588} INFO - Filling up the DagBag from /home/julian/.cache/pypoetry/virtualenvs/real-time-data-lake-QWGm5iRW-py3.11/lib/python3.11/site-packages/airflow/example_dags/example_subdag_operator.py
[2024-09-27T14:31:59.741+0200] {processor.py:925} INFO - DAG(s) 'example_subdag_operator.section-1', 'example_subdag_operator.section-2', 'example_subdag_operator' retrieved from /home/julian/.cache/pypoetry/virtualenvs/real-time-data-lake-QWGm5iRW-py3.11/lib/python3.11/site-packages/airflow/example_dags/example_subdag_operator.py
[2024-09-27T14:31:59.758+0200] {logging_mixin.py:190} INFO - [2024-09-27T14:31:59.758+0200] {dag.py:3239} INFO - Sync 3 DAGs
[2024-09-27T14:31:59.770+0200] {logging_mixin.py:190} INFO - [2024-09-27T14:31:59.770+0200] {dag.py:4180} INFO - Setting next_dagrun for example_subdag_operator to 2022-01-01 00:00:00+00:00, run_after=2022-01-01 00:00:00+00:00
[2024-09-27T14:31:59.772+0200] {logging_mixin.py:190} INFO - [2024-09-27T14:31:59.772+0200] {dag.py:4180} INFO - Setting next_dagrun for example_subdag_operator.section-1 to None, run_after=None
[2024-09-27T14:31:59.773+0200] {logging_mixin.py:190} INFO - [2024-09-27T14:31:59.773+0200] {dag.py:4180} INFO - Setting next_dagrun for example_subdag_operator.section-2 to None, run_after=None
[2024-09-27T14:31:59.777+0200] {logging_mixin.py:190} INFO - [2024-09-27T14:31:59.776+0200] {dag.py:3239} INFO - Sync 2 DAGs
[2024-09-27T14:31:59.779+0200] {logging_mixin.py:190} INFO - [2024-09-27T14:31:59.779+0200] {dag.py:4180} INFO - Setting next_dagrun for example_subdag_operator.section-1 to None, run_after=None
[2024-09-27T14:31:59.780+0200] {logging_mixin.py:190} INFO - [2024-09-27T14:31:59.780+0200] {dag.py:4180} INFO - Setting next_dagrun for example_subdag_operator.section-2 to None, run_after=None
[2024-09-27T14:31:59.788+0200] {processor.py:208} INFO - Processing /home/julian/.cache/pypoetry/virtualenvs/real-time-data-lake-QWGm5iRW-py3.11/lib/python3.11/site-packages/airflow/example_dags/example_subdag_operator.py took 0.093 seconds
[2024-09-27T14:32:48.857+0200] {processor.py:186} INFO - Started process (PID=281739) to work on /home/julian/.cache/pypoetry/virtualenvs/real-time-data-lake-QWGm5iRW-py3.11/lib/python3.11/site-packages/airflow/example_dags/example_subdag_operator.py
[2024-09-27T14:32:48.863+0200] {processor.py:914} INFO - Processing file /home/julian/.cache/pypoetry/virtualenvs/real-time-data-lake-QWGm5iRW-py3.11/lib/python3.11/site-packages/airflow/example_dags/example_subdag_operator.py for tasks to queue
[2024-09-27T14:32:48.866+0200] {logging_mixin.py:190} INFO - [2024-09-27T14:32:48.866+0200] {dagbag.py:588} INFO - Filling up the DagBag from /home/julian/.cache/pypoetry/virtualenvs/real-time-data-lake-QWGm5iRW-py3.11/lib/python3.11/site-packages/airflow/example_dags/example_subdag_operator.py
[2024-09-27T14:32:48.896+0200] {processor.py:925} INFO - DAG(s) 'example_subdag_operator.section-1', 'example_subdag_operator.section-2', 'example_subdag_operator' retrieved from /home/julian/.cache/pypoetry/virtualenvs/real-time-data-lake-QWGm5iRW-py3.11/lib/python3.11/site-packages/airflow/example_dags/example_subdag_operator.py
[2024-09-27T14:32:48.911+0200] {logging_mixin.py:190} INFO - [2024-09-27T14:32:48.911+0200] {dag.py:3239} INFO - Sync 3 DAGs
[2024-09-27T14:32:48.923+0200] {logging_mixin.py:190} INFO - [2024-09-27T14:32:48.923+0200] {dag.py:4180} INFO - Setting next_dagrun for example_subdag_operator to 2022-01-01 00:00:00+00:00, run_after=2022-01-01 00:00:00+00:00
[2024-09-27T14:32:48.925+0200] {logging_mixin.py:190} INFO - [2024-09-27T14:32:48.925+0200] {dag.py:4180} INFO - Setting next_dagrun for example_subdag_operator.section-1 to None, run_after=None
[2024-09-27T14:32:48.926+0200] {logging_mixin.py:190} INFO - [2024-09-27T14:32:48.926+0200] {dag.py:4180} INFO - Setting next_dagrun for example_subdag_operator.section-2 to None, run_after=None
[2024-09-27T14:32:48.930+0200] {logging_mixin.py:190} INFO - [2024-09-27T14:32:48.930+0200] {dag.py:3239} INFO - Sync 2 DAGs
[2024-09-27T14:32:48.933+0200] {logging_mixin.py:190} INFO - [2024-09-27T14:32:48.933+0200] {dag.py:4180} INFO - Setting next_dagrun for example_subdag_operator.section-1 to None, run_after=None
[2024-09-27T14:32:48.933+0200] {logging_mixin.py:190} INFO - [2024-09-27T14:32:48.933+0200] {dag.py:4180} INFO - Setting next_dagrun for example_subdag_operator.section-2 to None, run_after=None
[2024-09-27T14:32:48.943+0200] {processor.py:208} INFO - Processing /home/julian/.cache/pypoetry/virtualenvs/real-time-data-lake-QWGm5iRW-py3.11/lib/python3.11/site-packages/airflow/example_dags/example_subdag_operator.py took 0.093 seconds
[2024-09-27T14:33:37.574+0200] {processor.py:186} INFO - Started process (PID=281819) to work on /home/julian/.cache/pypoetry/virtualenvs/real-time-data-lake-QWGm5iRW-py3.11/lib/python3.11/site-packages/airflow/example_dags/example_subdag_operator.py
[2024-09-27T14:33:37.580+0200] {processor.py:914} INFO - Processing file /home/julian/.cache/pypoetry/virtualenvs/real-time-data-lake-QWGm5iRW-py3.11/lib/python3.11/site-packages/airflow/example_dags/example_subdag_operator.py for tasks to queue
[2024-09-27T14:33:37.582+0200] {logging_mixin.py:190} INFO - [2024-09-27T14:33:37.582+0200] {dagbag.py:588} INFO - Filling up the DagBag from /home/julian/.cache/pypoetry/virtualenvs/real-time-data-lake-QWGm5iRW-py3.11/lib/python3.11/site-packages/airflow/example_dags/example_subdag_operator.py
[2024-09-27T14:33:37.608+0200] {processor.py:925} INFO - DAG(s) 'example_subdag_operator.section-1', 'example_subdag_operator.section-2', 'example_subdag_operator' retrieved from /home/julian/.cache/pypoetry/virtualenvs/real-time-data-lake-QWGm5iRW-py3.11/lib/python3.11/site-packages/airflow/example_dags/example_subdag_operator.py
[2024-09-27T14:33:37.629+0200] {logging_mixin.py:190} INFO - [2024-09-27T14:33:37.628+0200] {dag.py:3239} INFO - Sync 3 DAGs
[2024-09-27T14:33:37.656+0200] {logging_mixin.py:190} INFO - [2024-09-27T14:33:37.655+0200] {dag.py:4180} INFO - Setting next_dagrun for example_subdag_operator to 2022-01-01 00:00:00+00:00, run_after=2022-01-01 00:00:00+00:00
[2024-09-27T14:33:37.658+0200] {logging_mixin.py:190} INFO - [2024-09-27T14:33:37.657+0200] {dag.py:4180} INFO - Setting next_dagrun for example_subdag_operator.section-1 to None, run_after=None
[2024-09-27T14:33:37.658+0200] {logging_mixin.py:190} INFO - [2024-09-27T14:33:37.658+0200] {dag.py:4180} INFO - Setting next_dagrun for example_subdag_operator.section-2 to None, run_after=None
[2024-09-27T14:33:37.662+0200] {logging_mixin.py:190} INFO - [2024-09-27T14:33:37.662+0200] {dag.py:3239} INFO - Sync 2 DAGs
[2024-09-27T14:33:37.665+0200] {logging_mixin.py:190} INFO - [2024-09-27T14:33:37.665+0200] {dag.py:4180} INFO - Setting next_dagrun for example_subdag_operator.section-1 to None, run_after=None
[2024-09-27T14:33:37.665+0200] {logging_mixin.py:190} INFO - [2024-09-27T14:33:37.665+0200] {dag.py:4180} INFO - Setting next_dagrun for example_subdag_operator.section-2 to None, run_after=None
[2024-09-27T14:33:37.674+0200] {processor.py:208} INFO - Processing /home/julian/.cache/pypoetry/virtualenvs/real-time-data-lake-QWGm5iRW-py3.11/lib/python3.11/site-packages/airflow/example_dags/example_subdag_operator.py took 0.105 seconds
[2024-09-27T14:34:26.754+0200] {processor.py:186} INFO - Started process (PID=281932) to work on /home/julian/.cache/pypoetry/virtualenvs/real-time-data-lake-QWGm5iRW-py3.11/lib/python3.11/site-packages/airflow/example_dags/example_subdag_operator.py
[2024-09-27T14:34:26.760+0200] {processor.py:914} INFO - Processing file /home/julian/.cache/pypoetry/virtualenvs/real-time-data-lake-QWGm5iRW-py3.11/lib/python3.11/site-packages/airflow/example_dags/example_subdag_operator.py for tasks to queue
[2024-09-27T14:34:26.763+0200] {logging_mixin.py:190} INFO - [2024-09-27T14:34:26.763+0200] {dagbag.py:588} INFO - Filling up the DagBag from /home/julian/.cache/pypoetry/virtualenvs/real-time-data-lake-QWGm5iRW-py3.11/lib/python3.11/site-packages/airflow/example_dags/example_subdag_operator.py
[2024-09-27T14:34:26.792+0200] {processor.py:925} INFO - DAG(s) 'example_subdag_operator.section-1', 'example_subdag_operator.section-2', 'example_subdag_operator' retrieved from /home/julian/.cache/pypoetry/virtualenvs/real-time-data-lake-QWGm5iRW-py3.11/lib/python3.11/site-packages/airflow/example_dags/example_subdag_operator.py
[2024-09-27T14:34:26.810+0200] {logging_mixin.py:190} INFO - [2024-09-27T14:34:26.810+0200] {dag.py:3239} INFO - Sync 3 DAGs
[2024-09-27T14:34:26.822+0200] {logging_mixin.py:190} INFO - [2024-09-27T14:34:26.822+0200] {dag.py:4180} INFO - Setting next_dagrun for example_subdag_operator to 2022-01-01 00:00:00+00:00, run_after=2022-01-01 00:00:00+00:00
[2024-09-27T14:34:26.824+0200] {logging_mixin.py:190} INFO - [2024-09-27T14:34:26.824+0200] {dag.py:4180} INFO - Setting next_dagrun for example_subdag_operator.section-1 to None, run_after=None
[2024-09-27T14:34:26.824+0200] {logging_mixin.py:190} INFO - [2024-09-27T14:34:26.824+0200] {dag.py:4180} INFO - Setting next_dagrun for example_subdag_operator.section-2 to None, run_after=None
[2024-09-27T14:34:26.828+0200] {logging_mixin.py:190} INFO - [2024-09-27T14:34:26.828+0200] {dag.py:3239} INFO - Sync 2 DAGs
[2024-09-27T14:34:26.831+0200] {logging_mixin.py:190} INFO - [2024-09-27T14:34:26.830+0200] {dag.py:4180} INFO - Setting next_dagrun for example_subdag_operator.section-1 to None, run_after=None
[2024-09-27T14:34:26.831+0200] {logging_mixin.py:190} INFO - [2024-09-27T14:34:26.831+0200] {dag.py:4180} INFO - Setting next_dagrun for example_subdag_operator.section-2 to None, run_after=None
[2024-09-27T14:34:26.840+0200] {processor.py:208} INFO - Processing /home/julian/.cache/pypoetry/virtualenvs/real-time-data-lake-QWGm5iRW-py3.11/lib/python3.11/site-packages/airflow/example_dags/example_subdag_operator.py took 0.093 seconds
[2024-09-27T14:35:14.721+0200] {processor.py:186} INFO - Started process (PID=282139) to work on /home/julian/.cache/pypoetry/virtualenvs/real-time-data-lake-QWGm5iRW-py3.11/lib/python3.11/site-packages/airflow/example_dags/example_subdag_operator.py
[2024-09-27T14:35:14.727+0200] {processor.py:914} INFO - Processing file /home/julian/.cache/pypoetry/virtualenvs/real-time-data-lake-QWGm5iRW-py3.11/lib/python3.11/site-packages/airflow/example_dags/example_subdag_operator.py for tasks to queue
[2024-09-27T14:35:14.728+0200] {logging_mixin.py:190} INFO - [2024-09-27T14:35:14.728+0200] {dagbag.py:588} INFO - Filling up the DagBag from /home/julian/.cache/pypoetry/virtualenvs/real-time-data-lake-QWGm5iRW-py3.11/lib/python3.11/site-packages/airflow/example_dags/example_subdag_operator.py
[2024-09-27T14:35:14.742+0200] {processor.py:925} INFO - DAG(s) 'example_subdag_operator.section-1', 'example_subdag_operator.section-2', 'example_subdag_operator' retrieved from /home/julian/.cache/pypoetry/virtualenvs/real-time-data-lake-QWGm5iRW-py3.11/lib/python3.11/site-packages/airflow/example_dags/example_subdag_operator.py
[2024-09-27T14:35:14.752+0200] {logging_mixin.py:190} INFO - [2024-09-27T14:35:14.751+0200] {dag.py:3239} INFO - Sync 3 DAGs
[2024-09-27T14:35:14.764+0200] {logging_mixin.py:190} INFO - [2024-09-27T14:35:14.763+0200] {dag.py:4180} INFO - Setting next_dagrun for example_subdag_operator to 2022-01-01 00:00:00+00:00, run_after=2022-01-01 00:00:00+00:00
[2024-09-27T14:35:14.766+0200] {logging_mixin.py:190} INFO - [2024-09-27T14:35:14.766+0200] {dag.py:4180} INFO - Setting next_dagrun for example_subdag_operator.section-1 to None, run_after=None
[2024-09-27T14:35:14.766+0200] {logging_mixin.py:190} INFO - [2024-09-27T14:35:14.766+0200] {dag.py:4180} INFO - Setting next_dagrun for example_subdag_operator.section-2 to None, run_after=None
[2024-09-27T14:35:14.770+0200] {logging_mixin.py:190} INFO - [2024-09-27T14:35:14.770+0200] {dag.py:3239} INFO - Sync 2 DAGs
[2024-09-27T14:35:14.773+0200] {logging_mixin.py:190} INFO - [2024-09-27T14:35:14.773+0200] {dag.py:4180} INFO - Setting next_dagrun for example_subdag_operator.section-1 to None, run_after=None
[2024-09-27T14:35:14.773+0200] {logging_mixin.py:190} INFO - [2024-09-27T14:35:14.773+0200] {dag.py:4180} INFO - Setting next_dagrun for example_subdag_operator.section-2 to None, run_after=None
[2024-09-27T14:35:14.783+0200] {processor.py:208} INFO - Processing /home/julian/.cache/pypoetry/virtualenvs/real-time-data-lake-QWGm5iRW-py3.11/lib/python3.11/site-packages/airflow/example_dags/example_subdag_operator.py took 0.065 seconds
[2024-09-27T14:36:02.113+0200] {processor.py:186} INFO - Started process (PID=282219) to work on /home/julian/.cache/pypoetry/virtualenvs/real-time-data-lake-QWGm5iRW-py3.11/lib/python3.11/site-packages/airflow/example_dags/example_subdag_operator.py
[2024-09-27T14:36:02.119+0200] {processor.py:914} INFO - Processing file /home/julian/.cache/pypoetry/virtualenvs/real-time-data-lake-QWGm5iRW-py3.11/lib/python3.11/site-packages/airflow/example_dags/example_subdag_operator.py for tasks to queue
[2024-09-27T14:36:02.121+0200] {logging_mixin.py:190} INFO - [2024-09-27T14:36:02.121+0200] {dagbag.py:588} INFO - Filling up the DagBag from /home/julian/.cache/pypoetry/virtualenvs/real-time-data-lake-QWGm5iRW-py3.11/lib/python3.11/site-packages/airflow/example_dags/example_subdag_operator.py
[2024-09-27T14:36:02.150+0200] {processor.py:925} INFO - DAG(s) 'example_subdag_operator.section-1', 'example_subdag_operator.section-2', 'example_subdag_operator' retrieved from /home/julian/.cache/pypoetry/virtualenvs/real-time-data-lake-QWGm5iRW-py3.11/lib/python3.11/site-packages/airflow/example_dags/example_subdag_operator.py
[2024-09-27T14:36:02.167+0200] {logging_mixin.py:190} INFO - [2024-09-27T14:36:02.167+0200] {dag.py:3239} INFO - Sync 3 DAGs
[2024-09-27T14:36:02.179+0200] {logging_mixin.py:190} INFO - [2024-09-27T14:36:02.178+0200] {dag.py:4180} INFO - Setting next_dagrun for example_subdag_operator to 2022-01-01 00:00:00+00:00, run_after=2022-01-01 00:00:00+00:00
[2024-09-27T14:36:02.181+0200] {logging_mixin.py:190} INFO - [2024-09-27T14:36:02.180+0200] {dag.py:4180} INFO - Setting next_dagrun for example_subdag_operator.section-1 to None, run_after=None
[2024-09-27T14:36:02.181+0200] {logging_mixin.py:190} INFO - [2024-09-27T14:36:02.181+0200] {dag.py:4180} INFO - Setting next_dagrun for example_subdag_operator.section-2 to None, run_after=None
[2024-09-27T14:36:02.185+0200] {logging_mixin.py:190} INFO - [2024-09-27T14:36:02.185+0200] {dag.py:3239} INFO - Sync 2 DAGs
[2024-09-27T14:36:02.187+0200] {logging_mixin.py:190} INFO - [2024-09-27T14:36:02.187+0200] {dag.py:4180} INFO - Setting next_dagrun for example_subdag_operator.section-1 to None, run_after=None
[2024-09-27T14:36:02.188+0200] {logging_mixin.py:190} INFO - [2024-09-27T14:36:02.188+0200] {dag.py:4180} INFO - Setting next_dagrun for example_subdag_operator.section-2 to None, run_after=None
[2024-09-27T14:36:02.197+0200] {processor.py:208} INFO - Processing /home/julian/.cache/pypoetry/virtualenvs/real-time-data-lake-QWGm5iRW-py3.11/lib/python3.11/site-packages/airflow/example_dags/example_subdag_operator.py took 0.091 seconds
[2024-09-27T14:36:49.687+0200] {processor.py:186} INFO - Started process (PID=282291) to work on /home/julian/.cache/pypoetry/virtualenvs/real-time-data-lake-QWGm5iRW-py3.11/lib/python3.11/site-packages/airflow/example_dags/example_subdag_operator.py
[2024-09-27T14:36:49.693+0200] {processor.py:914} INFO - Processing file /home/julian/.cache/pypoetry/virtualenvs/real-time-data-lake-QWGm5iRW-py3.11/lib/python3.11/site-packages/airflow/example_dags/example_subdag_operator.py for tasks to queue
[2024-09-27T14:36:49.696+0200] {logging_mixin.py:190} INFO - [2024-09-27T14:36:49.695+0200] {dagbag.py:588} INFO - Filling up the DagBag from /home/julian/.cache/pypoetry/virtualenvs/real-time-data-lake-QWGm5iRW-py3.11/lib/python3.11/site-packages/airflow/example_dags/example_subdag_operator.py
[2024-09-27T14:36:49.725+0200] {processor.py:925} INFO - DAG(s) 'example_subdag_operator.section-1', 'example_subdag_operator.section-2', 'example_subdag_operator' retrieved from /home/julian/.cache/pypoetry/virtualenvs/real-time-data-lake-QWGm5iRW-py3.11/lib/python3.11/site-packages/airflow/example_dags/example_subdag_operator.py
[2024-09-27T14:36:49.743+0200] {logging_mixin.py:190} INFO - [2024-09-27T14:36:49.742+0200] {dag.py:3239} INFO - Sync 3 DAGs
[2024-09-27T14:36:49.755+0200] {logging_mixin.py:190} INFO - [2024-09-27T14:36:49.755+0200] {dag.py:4180} INFO - Setting next_dagrun for example_subdag_operator to 2022-01-01 00:00:00+00:00, run_after=2022-01-01 00:00:00+00:00
[2024-09-27T14:36:49.757+0200] {logging_mixin.py:190} INFO - [2024-09-27T14:36:49.757+0200] {dag.py:4180} INFO - Setting next_dagrun for example_subdag_operator.section-1 to None, run_after=None
[2024-09-27T14:36:49.758+0200] {logging_mixin.py:190} INFO - [2024-09-27T14:36:49.758+0200] {dag.py:4180} INFO - Setting next_dagrun for example_subdag_operator.section-2 to None, run_after=None
[2024-09-27T14:36:49.762+0200] {logging_mixin.py:190} INFO - [2024-09-27T14:36:49.762+0200] {dag.py:3239} INFO - Sync 2 DAGs
[2024-09-27T14:36:49.764+0200] {logging_mixin.py:190} INFO - [2024-09-27T14:36:49.764+0200] {dag.py:4180} INFO - Setting next_dagrun for example_subdag_operator.section-1 to None, run_after=None
[2024-09-27T14:36:49.765+0200] {logging_mixin.py:190} INFO - [2024-09-27T14:36:49.765+0200] {dag.py:4180} INFO - Setting next_dagrun for example_subdag_operator.section-2 to None, run_after=None
[2024-09-27T14:36:49.773+0200] {processor.py:208} INFO - Processing /home/julian/.cache/pypoetry/virtualenvs/real-time-data-lake-QWGm5iRW-py3.11/lib/python3.11/site-packages/airflow/example_dags/example_subdag_operator.py took 0.093 seconds
[2024-09-27T14:37:41.101+0200] {processor.py:186} INFO - Started process (PID=282502) to work on /home/julian/.cache/pypoetry/virtualenvs/real-time-data-lake-QWGm5iRW-py3.11/lib/python3.11/site-packages/airflow/example_dags/example_subdag_operator.py
[2024-09-27T14:37:41.107+0200] {processor.py:914} INFO - Processing file /home/julian/.cache/pypoetry/virtualenvs/real-time-data-lake-QWGm5iRW-py3.11/lib/python3.11/site-packages/airflow/example_dags/example_subdag_operator.py for tasks to queue
[2024-09-27T14:37:41.109+0200] {logging_mixin.py:190} INFO - [2024-09-27T14:37:41.109+0200] {dagbag.py:588} INFO - Filling up the DagBag from /home/julian/.cache/pypoetry/virtualenvs/real-time-data-lake-QWGm5iRW-py3.11/lib/python3.11/site-packages/airflow/example_dags/example_subdag_operator.py
[2024-09-27T14:37:41.136+0200] {processor.py:925} INFO - DAG(s) 'example_subdag_operator.section-1', 'example_subdag_operator.section-2', 'example_subdag_operator' retrieved from /home/julian/.cache/pypoetry/virtualenvs/real-time-data-lake-QWGm5iRW-py3.11/lib/python3.11/site-packages/airflow/example_dags/example_subdag_operator.py
[2024-09-27T14:37:41.156+0200] {logging_mixin.py:190} INFO - [2024-09-27T14:37:41.156+0200] {dag.py:3239} INFO - Sync 3 DAGs
[2024-09-27T14:37:41.169+0200] {logging_mixin.py:190} INFO - [2024-09-27T14:37:41.168+0200] {dag.py:4180} INFO - Setting next_dagrun for example_subdag_operator to 2022-01-01 00:00:00+00:00, run_after=2022-01-01 00:00:00+00:00
[2024-09-27T14:37:41.171+0200] {logging_mixin.py:190} INFO - [2024-09-27T14:37:41.171+0200] {dag.py:4180} INFO - Setting next_dagrun for example_subdag_operator.section-1 to None, run_after=None
[2024-09-27T14:37:41.172+0200] {logging_mixin.py:190} INFO - [2024-09-27T14:37:41.171+0200] {dag.py:4180} INFO - Setting next_dagrun for example_subdag_operator.section-2 to None, run_after=None
[2024-09-27T14:37:41.175+0200] {logging_mixin.py:190} INFO - [2024-09-27T14:37:41.175+0200] {dag.py:3239} INFO - Sync 2 DAGs
[2024-09-27T14:37:41.180+0200] {logging_mixin.py:190} INFO - [2024-09-27T14:37:41.180+0200] {dag.py:4180} INFO - Setting next_dagrun for example_subdag_operator.section-1 to None, run_after=None
[2024-09-27T14:37:41.180+0200] {logging_mixin.py:190} INFO - [2024-09-27T14:37:41.180+0200] {dag.py:4180} INFO - Setting next_dagrun for example_subdag_operator.section-2 to None, run_after=None
[2024-09-27T14:37:41.190+0200] {processor.py:208} INFO - Processing /home/julian/.cache/pypoetry/virtualenvs/real-time-data-lake-QWGm5iRW-py3.11/lib/python3.11/site-packages/airflow/example_dags/example_subdag_operator.py took 0.095 seconds
[2024-09-27T14:38:32.536+0200] {processor.py:186} INFO - Started process (PID=282753) to work on /home/julian/.cache/pypoetry/virtualenvs/real-time-data-lake-QWGm5iRW-py3.11/lib/python3.11/site-packages/airflow/example_dags/example_subdag_operator.py
[2024-09-27T14:38:32.542+0200] {processor.py:914} INFO - Processing file /home/julian/.cache/pypoetry/virtualenvs/real-time-data-lake-QWGm5iRW-py3.11/lib/python3.11/site-packages/airflow/example_dags/example_subdag_operator.py for tasks to queue
[2024-09-27T14:38:32.544+0200] {logging_mixin.py:190} INFO - [2024-09-27T14:38:32.544+0200] {dagbag.py:588} INFO - Filling up the DagBag from /home/julian/.cache/pypoetry/virtualenvs/real-time-data-lake-QWGm5iRW-py3.11/lib/python3.11/site-packages/airflow/example_dags/example_subdag_operator.py
[2024-09-27T14:38:32.560+0200] {processor.py:925} INFO - DAG(s) 'example_subdag_operator.section-1', 'example_subdag_operator.section-2', 'example_subdag_operator' retrieved from /home/julian/.cache/pypoetry/virtualenvs/real-time-data-lake-QWGm5iRW-py3.11/lib/python3.11/site-packages/airflow/example_dags/example_subdag_operator.py
[2024-09-27T14:38:32.570+0200] {logging_mixin.py:190} INFO - [2024-09-27T14:38:32.569+0200] {dag.py:3239} INFO - Sync 3 DAGs
[2024-09-27T14:38:32.583+0200] {logging_mixin.py:190} INFO - [2024-09-27T14:38:32.582+0200] {dag.py:4180} INFO - Setting next_dagrun for example_subdag_operator to 2022-01-01 00:00:00+00:00, run_after=2022-01-01 00:00:00+00:00
[2024-09-27T14:38:32.585+0200] {logging_mixin.py:190} INFO - [2024-09-27T14:38:32.585+0200] {dag.py:4180} INFO - Setting next_dagrun for example_subdag_operator.section-1 to None, run_after=None
[2024-09-27T14:38:32.586+0200] {logging_mixin.py:190} INFO - [2024-09-27T14:38:32.586+0200] {dag.py:4180} INFO - Setting next_dagrun for example_subdag_operator.section-2 to None, run_after=None
[2024-09-27T14:38:32.591+0200] {logging_mixin.py:190} INFO - [2024-09-27T14:38:32.590+0200] {dag.py:3239} INFO - Sync 2 DAGs
[2024-09-27T14:38:32.594+0200] {logging_mixin.py:190} INFO - [2024-09-27T14:38:32.594+0200] {dag.py:4180} INFO - Setting next_dagrun for example_subdag_operator.section-1 to None, run_after=None
[2024-09-27T14:38:32.594+0200] {logging_mixin.py:190} INFO - [2024-09-27T14:38:32.594+0200] {dag.py:4180} INFO - Setting next_dagrun for example_subdag_operator.section-2 to None, run_after=None
[2024-09-27T14:38:32.604+0200] {processor.py:208} INFO - Processing /home/julian/.cache/pypoetry/virtualenvs/real-time-data-lake-QWGm5iRW-py3.11/lib/python3.11/site-packages/airflow/example_dags/example_subdag_operator.py took 0.074 seconds
