[2024-09-27T14:19:59.615+0200] {processor.py:186} INFO - Started process (PID=279986) to work on /home/julian/.cache/pypoetry/virtualenvs/real-time-data-lake-QWGm5iRW-py3.11/lib/python3.11/site-packages/airflow/example_dags/example_short_circuit_operator.py
[2024-09-27T14:19:59.616+0200] {processor.py:914} INFO - Processing file /home/julian/.cache/pypoetry/virtualenvs/real-time-data-lake-QWGm5iRW-py3.11/lib/python3.11/site-packages/airflow/example_dags/example_short_circuit_operator.py for tasks to queue
[2024-09-27T14:19:59.619+0200] {logging_mixin.py:190} INFO - [2024-09-27T14:19:59.618+0200] {dagbag.py:588} INFO - Filling up the DagBag from /home/julian/.cache/pypoetry/virtualenvs/real-time-data-lake-QWGm5iRW-py3.11/lib/python3.11/site-packages/airflow/example_dags/example_short_circuit_operator.py
[2024-09-27T14:19:59.631+0200] {processor.py:925} INFO - DAG(s) 'example_short_circuit_operator' retrieved from /home/julian/.cache/pypoetry/virtualenvs/real-time-data-lake-QWGm5iRW-py3.11/lib/python3.11/site-packages/airflow/example_dags/example_short_circuit_operator.py
[2024-09-27T14:19:59.711+0200] {logging_mixin.py:190} INFO - [2024-09-27T14:19:59.711+0200] {override.py:1901} INFO - Created Permission View: can delete on DAG:example_short_circuit_operator
[2024-09-27T14:19:59.718+0200] {logging_mixin.py:190} INFO - [2024-09-27T14:19:59.718+0200] {override.py:1901} INFO - Created Permission View: can read on DAG:example_short_circuit_operator
[2024-09-27T14:19:59.725+0200] {logging_mixin.py:190} INFO - [2024-09-27T14:19:59.725+0200] {override.py:1901} INFO - Created Permission View: can edit on DAG:example_short_circuit_operator
[2024-09-27T14:19:59.734+0200] {logging_mixin.py:190} INFO - [2024-09-27T14:19:59.734+0200] {override.py:1901} INFO - Created Permission View: can create on DAG Run:example_short_circuit_operator
[2024-09-27T14:19:59.744+0200] {logging_mixin.py:190} INFO - [2024-09-27T14:19:59.743+0200] {override.py:1901} INFO - Created Permission View: can delete on DAG Run:example_short_circuit_operator
[2024-09-27T14:19:59.753+0200] {logging_mixin.py:190} INFO - [2024-09-27T14:19:59.752+0200] {override.py:1901} INFO - Created Permission View: can read on DAG Run:example_short_circuit_operator
[2024-09-27T14:19:59.758+0200] {logging_mixin.py:190} INFO - [2024-09-27T14:19:59.758+0200] {override.py:1901} INFO - Created Permission View: menu access on DAG Run:example_short_circuit_operator
[2024-09-27T14:19:59.758+0200] {logging_mixin.py:190} INFO - [2024-09-27T14:19:59.758+0200] {dag.py:3239} INFO - Sync 1 DAGs
[2024-09-27T14:19:59.766+0200] {logging_mixin.py:190} INFO - [2024-09-27T14:19:59.766+0200] {dag.py:3262} INFO - Creating ORM DAG for example_short_circuit_operator
[2024-09-27T14:19:59.767+0200] {logging_mixin.py:190} INFO - [2024-09-27T14:19:59.766+0200] {dag.py:4180} INFO - Setting next_dagrun for example_short_circuit_operator to None, run_after=None
[2024-09-27T14:19:59.779+0200] {processor.py:208} INFO - Processing /home/julian/.cache/pypoetry/virtualenvs/real-time-data-lake-QWGm5iRW-py3.11/lib/python3.11/site-packages/airflow/example_dags/example_short_circuit_operator.py took 0.170 seconds
[2024-09-27T14:21:01.052+0200] {processor.py:186} INFO - Started process (PID=280098) to work on /home/julian/.cache/pypoetry/virtualenvs/real-time-data-lake-QWGm5iRW-py3.11/lib/python3.11/site-packages/airflow/example_dags/example_short_circuit_operator.py
[2024-09-27T14:21:01.058+0200] {processor.py:914} INFO - Processing file /home/julian/.cache/pypoetry/virtualenvs/real-time-data-lake-QWGm5iRW-py3.11/lib/python3.11/site-packages/airflow/example_dags/example_short_circuit_operator.py for tasks to queue
[2024-09-27T14:21:01.061+0200] {logging_mixin.py:190} INFO - [2024-09-27T14:21:01.060+0200] {dagbag.py:588} INFO - Filling up the DagBag from /home/julian/.cache/pypoetry/virtualenvs/real-time-data-lake-QWGm5iRW-py3.11/lib/python3.11/site-packages/airflow/example_dags/example_short_circuit_operator.py
[2024-09-27T14:21:01.072+0200] {processor.py:925} INFO - DAG(s) 'example_short_circuit_operator' retrieved from /home/julian/.cache/pypoetry/virtualenvs/real-time-data-lake-QWGm5iRW-py3.11/lib/python3.11/site-packages/airflow/example_dags/example_short_circuit_operator.py
[2024-09-27T14:21:01.098+0200] {logging_mixin.py:190} INFO - [2024-09-27T14:21:01.098+0200] {dag.py:3239} INFO - Sync 1 DAGs
[2024-09-27T14:21:01.108+0200] {logging_mixin.py:190} INFO - [2024-09-27T14:21:01.108+0200] {dag.py:4180} INFO - Setting next_dagrun for example_short_circuit_operator to None, run_after=None
[2024-09-27T14:21:01.121+0200] {processor.py:208} INFO - Processing /home/julian/.cache/pypoetry/virtualenvs/real-time-data-lake-QWGm5iRW-py3.11/lib/python3.11/site-packages/airflow/example_dags/example_short_circuit_operator.py took 0.077 seconds
[2024-09-27T14:21:44.314+0200] {processor.py:186} INFO - Started process (PID=280164) to work on /home/julian/.cache/pypoetry/virtualenvs/real-time-data-lake-QWGm5iRW-py3.11/lib/python3.11/site-packages/airflow/example_dags/example_short_circuit_operator.py
[2024-09-27T14:21:44.320+0200] {processor.py:914} INFO - Processing file /home/julian/.cache/pypoetry/virtualenvs/real-time-data-lake-QWGm5iRW-py3.11/lib/python3.11/site-packages/airflow/example_dags/example_short_circuit_operator.py for tasks to queue
[2024-09-27T14:21:44.323+0200] {logging_mixin.py:190} INFO - [2024-09-27T14:21:44.322+0200] {dagbag.py:588} INFO - Filling up the DagBag from /home/julian/.cache/pypoetry/virtualenvs/real-time-data-lake-QWGm5iRW-py3.11/lib/python3.11/site-packages/airflow/example_dags/example_short_circuit_operator.py
[2024-09-27T14:21:44.334+0200] {processor.py:925} INFO - DAG(s) 'example_short_circuit_operator' retrieved from /home/julian/.cache/pypoetry/virtualenvs/real-time-data-lake-QWGm5iRW-py3.11/lib/python3.11/site-packages/airflow/example_dags/example_short_circuit_operator.py
[2024-09-27T14:21:44.365+0200] {logging_mixin.py:190} INFO - [2024-09-27T14:21:44.364+0200] {dag.py:3239} INFO - Sync 1 DAGs
[2024-09-27T14:21:44.373+0200] {logging_mixin.py:190} INFO - [2024-09-27T14:21:44.373+0200] {dag.py:4180} INFO - Setting next_dagrun for example_short_circuit_operator to None, run_after=None
[2024-09-27T14:21:44.386+0200] {processor.py:208} INFO - Processing /home/julian/.cache/pypoetry/virtualenvs/real-time-data-lake-QWGm5iRW-py3.11/lib/python3.11/site-packages/airflow/example_dags/example_short_circuit_operator.py took 0.079 seconds
[2024-09-27T14:22:38.577+0200] {processor.py:186} INFO - Started process (PID=280278) to work on /home/julian/.cache/pypoetry/virtualenvs/real-time-data-lake-QWGm5iRW-py3.11/lib/python3.11/site-packages/airflow/example_dags/example_short_circuit_operator.py
[2024-09-27T14:22:38.583+0200] {processor.py:914} INFO - Processing file /home/julian/.cache/pypoetry/virtualenvs/real-time-data-lake-QWGm5iRW-py3.11/lib/python3.11/site-packages/airflow/example_dags/example_short_circuit_operator.py for tasks to queue
[2024-09-27T14:22:38.585+0200] {logging_mixin.py:190} INFO - [2024-09-27T14:22:38.585+0200] {dagbag.py:588} INFO - Filling up the DagBag from /home/julian/.cache/pypoetry/virtualenvs/real-time-data-lake-QWGm5iRW-py3.11/lib/python3.11/site-packages/airflow/example_dags/example_short_circuit_operator.py
[2024-09-27T14:22:38.590+0200] {processor.py:925} INFO - DAG(s) 'example_short_circuit_operator' retrieved from /home/julian/.cache/pypoetry/virtualenvs/real-time-data-lake-QWGm5iRW-py3.11/lib/python3.11/site-packages/airflow/example_dags/example_short_circuit_operator.py
[2024-09-27T14:22:38.602+0200] {logging_mixin.py:190} INFO - [2024-09-27T14:22:38.602+0200] {dag.py:3239} INFO - Sync 1 DAGs
[2024-09-27T14:22:38.610+0200] {logging_mixin.py:190} INFO - [2024-09-27T14:22:38.609+0200] {dag.py:4180} INFO - Setting next_dagrun for example_short_circuit_operator to None, run_after=None
[2024-09-27T14:22:38.623+0200] {processor.py:208} INFO - Processing /home/julian/.cache/pypoetry/virtualenvs/real-time-data-lake-QWGm5iRW-py3.11/lib/python3.11/site-packages/airflow/example_dags/example_short_circuit_operator.py took 0.049 seconds
[2024-09-27T14:23:30.072+0200] {processor.py:186} INFO - Started process (PID=280420) to work on /home/julian/.cache/pypoetry/virtualenvs/real-time-data-lake-QWGm5iRW-py3.11/lib/python3.11/site-packages/airflow/example_dags/example_short_circuit_operator.py
[2024-09-27T14:23:30.076+0200] {processor.py:914} INFO - Processing file /home/julian/.cache/pypoetry/virtualenvs/real-time-data-lake-QWGm5iRW-py3.11/lib/python3.11/site-packages/airflow/example_dags/example_short_circuit_operator.py for tasks to queue
[2024-09-27T14:23:30.078+0200] {logging_mixin.py:190} INFO - [2024-09-27T14:23:30.078+0200] {dagbag.py:588} INFO - Filling up the DagBag from /home/julian/.cache/pypoetry/virtualenvs/real-time-data-lake-QWGm5iRW-py3.11/lib/python3.11/site-packages/airflow/example_dags/example_short_circuit_operator.py
[2024-09-27T14:23:30.094+0200] {processor.py:925} INFO - DAG(s) 'example_short_circuit_operator' retrieved from /home/julian/.cache/pypoetry/virtualenvs/real-time-data-lake-QWGm5iRW-py3.11/lib/python3.11/site-packages/airflow/example_dags/example_short_circuit_operator.py
[2024-09-27T14:23:30.110+0200] {logging_mixin.py:190} INFO - [2024-09-27T14:23:30.110+0200] {dag.py:3239} INFO - Sync 1 DAGs
[2024-09-27T14:23:30.120+0200] {logging_mixin.py:190} INFO - [2024-09-27T14:23:30.120+0200] {dag.py:4180} INFO - Setting next_dagrun for example_short_circuit_operator to None, run_after=None
[2024-09-27T14:23:30.138+0200] {processor.py:208} INFO - Processing /home/julian/.cache/pypoetry/virtualenvs/real-time-data-lake-QWGm5iRW-py3.11/lib/python3.11/site-packages/airflow/example_dags/example_short_circuit_operator.py took 0.074 seconds
[2024-09-27T14:24:21.497+0200] {processor.py:186} INFO - Started process (PID=280538) to work on /home/julian/.cache/pypoetry/virtualenvs/real-time-data-lake-QWGm5iRW-py3.11/lib/python3.11/site-packages/airflow/example_dags/example_short_circuit_operator.py
[2024-09-27T14:24:21.503+0200] {processor.py:914} INFO - Processing file /home/julian/.cache/pypoetry/virtualenvs/real-time-data-lake-QWGm5iRW-py3.11/lib/python3.11/site-packages/airflow/example_dags/example_short_circuit_operator.py for tasks to queue
[2024-09-27T14:24:21.506+0200] {logging_mixin.py:190} INFO - [2024-09-27T14:24:21.505+0200] {dagbag.py:588} INFO - Filling up the DagBag from /home/julian/.cache/pypoetry/virtualenvs/real-time-data-lake-QWGm5iRW-py3.11/lib/python3.11/site-packages/airflow/example_dags/example_short_circuit_operator.py
[2024-09-27T14:24:21.518+0200] {processor.py:925} INFO - DAG(s) 'example_short_circuit_operator' retrieved from /home/julian/.cache/pypoetry/virtualenvs/real-time-data-lake-QWGm5iRW-py3.11/lib/python3.11/site-packages/airflow/example_dags/example_short_circuit_operator.py
[2024-09-27T14:24:21.543+0200] {logging_mixin.py:190} INFO - [2024-09-27T14:24:21.542+0200] {dag.py:3239} INFO - Sync 1 DAGs
[2024-09-27T14:24:21.550+0200] {logging_mixin.py:190} INFO - [2024-09-27T14:24:21.550+0200] {dag.py:4180} INFO - Setting next_dagrun for example_short_circuit_operator to None, run_after=None
[2024-09-27T14:24:21.564+0200] {processor.py:208} INFO - Processing /home/julian/.cache/pypoetry/virtualenvs/real-time-data-lake-QWGm5iRW-py3.11/lib/python3.11/site-packages/airflow/example_dags/example_short_circuit_operator.py took 0.073 seconds
[2024-09-27T14:25:12.418+0200] {processor.py:186} INFO - Started process (PID=280753) to work on /home/julian/.cache/pypoetry/virtualenvs/real-time-data-lake-QWGm5iRW-py3.11/lib/python3.11/site-packages/airflow/example_dags/example_short_circuit_operator.py
[2024-09-27T14:25:12.423+0200] {processor.py:914} INFO - Processing file /home/julian/.cache/pypoetry/virtualenvs/real-time-data-lake-QWGm5iRW-py3.11/lib/python3.11/site-packages/airflow/example_dags/example_short_circuit_operator.py for tasks to queue
[2024-09-27T14:25:12.425+0200] {logging_mixin.py:190} INFO - [2024-09-27T14:25:12.425+0200] {dagbag.py:588} INFO - Filling up the DagBag from /home/julian/.cache/pypoetry/virtualenvs/real-time-data-lake-QWGm5iRW-py3.11/lib/python3.11/site-packages/airflow/example_dags/example_short_circuit_operator.py
[2024-09-27T14:25:12.430+0200] {processor.py:925} INFO - DAG(s) 'example_short_circuit_operator' retrieved from /home/julian/.cache/pypoetry/virtualenvs/real-time-data-lake-QWGm5iRW-py3.11/lib/python3.11/site-packages/airflow/example_dags/example_short_circuit_operator.py
[2024-09-27T14:25:12.442+0200] {logging_mixin.py:190} INFO - [2024-09-27T14:25:12.442+0200] {dag.py:3239} INFO - Sync 1 DAGs
[2024-09-27T14:25:12.449+0200] {logging_mixin.py:190} INFO - [2024-09-27T14:25:12.449+0200] {dag.py:4180} INFO - Setting next_dagrun for example_short_circuit_operator to None, run_after=None
[2024-09-27T14:25:12.463+0200] {processor.py:208} INFO - Processing /home/julian/.cache/pypoetry/virtualenvs/real-time-data-lake-QWGm5iRW-py3.11/lib/python3.11/site-packages/airflow/example_dags/example_short_circuit_operator.py took 0.048 seconds
[2024-09-27T14:30:11.308+0200] {processor.py:186} INFO - Started process (PID=281389) to work on /home/julian/.cache/pypoetry/virtualenvs/real-time-data-lake-QWGm5iRW-py3.11/lib/python3.11/site-packages/airflow/example_dags/example_short_circuit_operator.py
[2024-09-27T14:30:11.314+0200] {processor.py:914} INFO - Processing file /home/julian/.cache/pypoetry/virtualenvs/real-time-data-lake-QWGm5iRW-py3.11/lib/python3.11/site-packages/airflow/example_dags/example_short_circuit_operator.py for tasks to queue
[2024-09-27T14:30:11.317+0200] {logging_mixin.py:190} INFO - [2024-09-27T14:30:11.316+0200] {dagbag.py:588} INFO - Filling up the DagBag from /home/julian/.cache/pypoetry/virtualenvs/real-time-data-lake-QWGm5iRW-py3.11/lib/python3.11/site-packages/airflow/example_dags/example_short_circuit_operator.py
[2024-09-27T14:30:11.328+0200] {processor.py:925} INFO - DAG(s) 'example_short_circuit_operator' retrieved from /home/julian/.cache/pypoetry/virtualenvs/real-time-data-lake-QWGm5iRW-py3.11/lib/python3.11/site-packages/airflow/example_dags/example_short_circuit_operator.py
[2024-09-27T14:30:11.359+0200] {logging_mixin.py:190} INFO - [2024-09-27T14:30:11.358+0200] {dag.py:3239} INFO - Sync 1 DAGs
[2024-09-27T14:30:11.366+0200] {logging_mixin.py:190} INFO - [2024-09-27T14:30:11.366+0200] {dag.py:4180} INFO - Setting next_dagrun for example_short_circuit_operator to None, run_after=None
[2024-09-27T14:30:11.379+0200] {processor.py:208} INFO - Processing /home/julian/.cache/pypoetry/virtualenvs/real-time-data-lake-QWGm5iRW-py3.11/lib/python3.11/site-packages/airflow/example_dags/example_short_circuit_operator.py took 0.077 seconds
[2024-09-27T14:31:05.414+0200] {processor.py:186} INFO - Started process (PID=281508) to work on /home/julian/.cache/pypoetry/virtualenvs/real-time-data-lake-QWGm5iRW-py3.11/lib/python3.11/site-packages/airflow/example_dags/example_short_circuit_operator.py
[2024-09-27T14:31:05.415+0200] {processor.py:914} INFO - Processing file /home/julian/.cache/pypoetry/virtualenvs/real-time-data-lake-QWGm5iRW-py3.11/lib/python3.11/site-packages/airflow/example_dags/example_short_circuit_operator.py for tasks to queue
[2024-09-27T14:31:05.418+0200] {logging_mixin.py:190} INFO - [2024-09-27T14:31:05.418+0200] {dagbag.py:588} INFO - Filling up the DagBag from /home/julian/.cache/pypoetry/virtualenvs/real-time-data-lake-QWGm5iRW-py3.11/lib/python3.11/site-packages/airflow/example_dags/example_short_circuit_operator.py
[2024-09-27T14:31:05.430+0200] {processor.py:925} INFO - DAG(s) 'example_short_circuit_operator' retrieved from /home/julian/.cache/pypoetry/virtualenvs/real-time-data-lake-QWGm5iRW-py3.11/lib/python3.11/site-packages/airflow/example_dags/example_short_circuit_operator.py
[2024-09-27T14:31:05.453+0200] {logging_mixin.py:190} INFO - [2024-09-27T14:31:05.453+0200] {dag.py:3239} INFO - Sync 1 DAGs
[2024-09-27T14:31:05.461+0200] {logging_mixin.py:190} INFO - [2024-09-27T14:31:05.461+0200] {dag.py:4180} INFO - Setting next_dagrun for example_short_circuit_operator to None, run_after=None
[2024-09-27T14:31:05.475+0200] {processor.py:208} INFO - Processing /home/julian/.cache/pypoetry/virtualenvs/real-time-data-lake-QWGm5iRW-py3.11/lib/python3.11/site-packages/airflow/example_dags/example_short_circuit_operator.py took 0.068 seconds
[2024-09-27T14:31:54.053+0200] {processor.py:186} INFO - Started process (PID=281581) to work on /home/julian/.cache/pypoetry/virtualenvs/real-time-data-lake-QWGm5iRW-py3.11/lib/python3.11/site-packages/airflow/example_dags/example_short_circuit_operator.py
[2024-09-27T14:31:54.058+0200] {processor.py:914} INFO - Processing file /home/julian/.cache/pypoetry/virtualenvs/real-time-data-lake-QWGm5iRW-py3.11/lib/python3.11/site-packages/airflow/example_dags/example_short_circuit_operator.py for tasks to queue
[2024-09-27T14:31:54.060+0200] {logging_mixin.py:190} INFO - [2024-09-27T14:31:54.060+0200] {dagbag.py:588} INFO - Filling up the DagBag from /home/julian/.cache/pypoetry/virtualenvs/real-time-data-lake-QWGm5iRW-py3.11/lib/python3.11/site-packages/airflow/example_dags/example_short_circuit_operator.py
[2024-09-27T14:31:54.065+0200] {processor.py:925} INFO - DAG(s) 'example_short_circuit_operator' retrieved from /home/julian/.cache/pypoetry/virtualenvs/real-time-data-lake-QWGm5iRW-py3.11/lib/python3.11/site-packages/airflow/example_dags/example_short_circuit_operator.py
[2024-09-27T14:31:54.078+0200] {logging_mixin.py:190} INFO - [2024-09-27T14:31:54.078+0200] {dag.py:3239} INFO - Sync 1 DAGs
[2024-09-27T14:31:54.086+0200] {logging_mixin.py:190} INFO - [2024-09-27T14:31:54.086+0200] {dag.py:4180} INFO - Setting next_dagrun for example_short_circuit_operator to None, run_after=None
[2024-09-27T14:31:54.100+0200] {processor.py:208} INFO - Processing /home/julian/.cache/pypoetry/virtualenvs/real-time-data-lake-QWGm5iRW-py3.11/lib/python3.11/site-packages/airflow/example_dags/example_short_circuit_operator.py took 0.051 seconds
[2024-09-27T14:32:43.695+0200] {processor.py:186} INFO - Started process (PID=281730) to work on /home/julian/.cache/pypoetry/virtualenvs/real-time-data-lake-QWGm5iRW-py3.11/lib/python3.11/site-packages/airflow/example_dags/example_short_circuit_operator.py
[2024-09-27T14:32:43.701+0200] {processor.py:914} INFO - Processing file /home/julian/.cache/pypoetry/virtualenvs/real-time-data-lake-QWGm5iRW-py3.11/lib/python3.11/site-packages/airflow/example_dags/example_short_circuit_operator.py for tasks to queue
[2024-09-27T14:32:43.703+0200] {logging_mixin.py:190} INFO - [2024-09-27T14:32:43.703+0200] {dagbag.py:588} INFO - Filling up the DagBag from /home/julian/.cache/pypoetry/virtualenvs/real-time-data-lake-QWGm5iRW-py3.11/lib/python3.11/site-packages/airflow/example_dags/example_short_circuit_operator.py
[2024-09-27T14:32:43.713+0200] {processor.py:925} INFO - DAG(s) 'example_short_circuit_operator' retrieved from /home/julian/.cache/pypoetry/virtualenvs/real-time-data-lake-QWGm5iRW-py3.11/lib/python3.11/site-packages/airflow/example_dags/example_short_circuit_operator.py
[2024-09-27T14:32:43.734+0200] {logging_mixin.py:190} INFO - [2024-09-27T14:32:43.734+0200] {dag.py:3239} INFO - Sync 1 DAGs
[2024-09-27T14:32:43.747+0200] {logging_mixin.py:190} INFO - [2024-09-27T14:32:43.747+0200] {dag.py:4180} INFO - Setting next_dagrun for example_short_circuit_operator to None, run_after=None
[2024-09-27T14:32:43.761+0200] {processor.py:208} INFO - Processing /home/julian/.cache/pypoetry/virtualenvs/real-time-data-lake-QWGm5iRW-py3.11/lib/python3.11/site-packages/airflow/example_dags/example_short_circuit_operator.py took 0.072 seconds
[2024-09-27T14:33:32.136+0200] {processor.py:186} INFO - Started process (PID=281811) to work on /home/julian/.cache/pypoetry/virtualenvs/real-time-data-lake-QWGm5iRW-py3.11/lib/python3.11/site-packages/airflow/example_dags/example_short_circuit_operator.py
[2024-09-27T14:33:32.142+0200] {processor.py:914} INFO - Processing file /home/julian/.cache/pypoetry/virtualenvs/real-time-data-lake-QWGm5iRW-py3.11/lib/python3.11/site-packages/airflow/example_dags/example_short_circuit_operator.py for tasks to queue
[2024-09-27T14:33:32.144+0200] {logging_mixin.py:190} INFO - [2024-09-27T14:33:32.144+0200] {dagbag.py:588} INFO - Filling up the DagBag from /home/julian/.cache/pypoetry/virtualenvs/real-time-data-lake-QWGm5iRW-py3.11/lib/python3.11/site-packages/airflow/example_dags/example_short_circuit_operator.py
[2024-09-27T14:33:32.157+0200] {processor.py:925} INFO - DAG(s) 'example_short_circuit_operator' retrieved from /home/julian/.cache/pypoetry/virtualenvs/real-time-data-lake-QWGm5iRW-py3.11/lib/python3.11/site-packages/airflow/example_dags/example_short_circuit_operator.py
[2024-09-27T14:33:32.184+0200] {logging_mixin.py:190} INFO - [2024-09-27T14:33:32.183+0200] {dag.py:3239} INFO - Sync 1 DAGs
[2024-09-27T14:33:32.195+0200] {logging_mixin.py:190} INFO - [2024-09-27T14:33:32.194+0200] {dag.py:4180} INFO - Setting next_dagrun for example_short_circuit_operator to None, run_after=None
[2024-09-27T14:33:32.209+0200] {processor.py:208} INFO - Processing /home/julian/.cache/pypoetry/virtualenvs/real-time-data-lake-QWGm5iRW-py3.11/lib/python3.11/site-packages/airflow/example_dags/example_short_circuit_operator.py took 0.081 seconds
[2024-09-27T14:34:21.666+0200] {processor.py:186} INFO - Started process (PID=281923) to work on /home/julian/.cache/pypoetry/virtualenvs/real-time-data-lake-QWGm5iRW-py3.11/lib/python3.11/site-packages/airflow/example_dags/example_short_circuit_operator.py
[2024-09-27T14:34:21.672+0200] {processor.py:914} INFO - Processing file /home/julian/.cache/pypoetry/virtualenvs/real-time-data-lake-QWGm5iRW-py3.11/lib/python3.11/site-packages/airflow/example_dags/example_short_circuit_operator.py for tasks to queue
[2024-09-27T14:34:21.675+0200] {logging_mixin.py:190} INFO - [2024-09-27T14:34:21.674+0200] {dagbag.py:588} INFO - Filling up the DagBag from /home/julian/.cache/pypoetry/virtualenvs/real-time-data-lake-QWGm5iRW-py3.11/lib/python3.11/site-packages/airflow/example_dags/example_short_circuit_operator.py
[2024-09-27T14:34:21.687+0200] {processor.py:925} INFO - DAG(s) 'example_short_circuit_operator' retrieved from /home/julian/.cache/pypoetry/virtualenvs/real-time-data-lake-QWGm5iRW-py3.11/lib/python3.11/site-packages/airflow/example_dags/example_short_circuit_operator.py
[2024-09-27T14:34:21.712+0200] {logging_mixin.py:190} INFO - [2024-09-27T14:34:21.712+0200] {dag.py:3239} INFO - Sync 1 DAGs
[2024-09-27T14:34:21.724+0200] {logging_mixin.py:190} INFO - [2024-09-27T14:34:21.724+0200] {dag.py:4180} INFO - Setting next_dagrun for example_short_circuit_operator to None, run_after=None
[2024-09-27T14:34:21.737+0200] {processor.py:208} INFO - Processing /home/julian/.cache/pypoetry/virtualenvs/real-time-data-lake-QWGm5iRW-py3.11/lib/python3.11/site-packages/airflow/example_dags/example_short_circuit_operator.py took 0.078 seconds
[2024-09-27T14:35:10.061+0200] {processor.py:186} INFO - Started process (PID=282131) to work on /home/julian/.cache/pypoetry/virtualenvs/real-time-data-lake-QWGm5iRW-py3.11/lib/python3.11/site-packages/airflow/example_dags/example_short_circuit_operator.py
[2024-09-27T14:35:10.067+0200] {processor.py:914} INFO - Processing file /home/julian/.cache/pypoetry/virtualenvs/real-time-data-lake-QWGm5iRW-py3.11/lib/python3.11/site-packages/airflow/example_dags/example_short_circuit_operator.py for tasks to queue
[2024-09-27T14:35:10.070+0200] {logging_mixin.py:190} INFO - [2024-09-27T14:35:10.070+0200] {dagbag.py:588} INFO - Filling up the DagBag from /home/julian/.cache/pypoetry/virtualenvs/real-time-data-lake-QWGm5iRW-py3.11/lib/python3.11/site-packages/airflow/example_dags/example_short_circuit_operator.py
[2024-09-27T14:35:10.081+0200] {processor.py:925} INFO - DAG(s) 'example_short_circuit_operator' retrieved from /home/julian/.cache/pypoetry/virtualenvs/real-time-data-lake-QWGm5iRW-py3.11/lib/python3.11/site-packages/airflow/example_dags/example_short_circuit_operator.py
[2024-09-27T14:35:10.104+0200] {logging_mixin.py:190} INFO - [2024-09-27T14:35:10.104+0200] {dag.py:3239} INFO - Sync 1 DAGs
[2024-09-27T14:35:10.115+0200] {logging_mixin.py:190} INFO - [2024-09-27T14:35:10.115+0200] {dag.py:4180} INFO - Setting next_dagrun for example_short_circuit_operator to None, run_after=None
[2024-09-27T14:35:10.128+0200] {processor.py:208} INFO - Processing /home/julian/.cache/pypoetry/virtualenvs/real-time-data-lake-QWGm5iRW-py3.11/lib/python3.11/site-packages/airflow/example_dags/example_short_circuit_operator.py took 0.073 seconds
[2024-09-27T14:35:56.849+0200] {processor.py:186} INFO - Started process (PID=282212) to work on /home/julian/.cache/pypoetry/virtualenvs/real-time-data-lake-QWGm5iRW-py3.11/lib/python3.11/site-packages/airflow/example_dags/example_short_circuit_operator.py
[2024-09-27T14:35:56.855+0200] {processor.py:914} INFO - Processing file /home/julian/.cache/pypoetry/virtualenvs/real-time-data-lake-QWGm5iRW-py3.11/lib/python3.11/site-packages/airflow/example_dags/example_short_circuit_operator.py for tasks to queue
[2024-09-27T14:35:56.858+0200] {logging_mixin.py:190} INFO - [2024-09-27T14:35:56.857+0200] {dagbag.py:588} INFO - Filling up the DagBag from /home/julian/.cache/pypoetry/virtualenvs/real-time-data-lake-QWGm5iRW-py3.11/lib/python3.11/site-packages/airflow/example_dags/example_short_circuit_operator.py
[2024-09-27T14:35:56.869+0200] {processor.py:925} INFO - DAG(s) 'example_short_circuit_operator' retrieved from /home/julian/.cache/pypoetry/virtualenvs/real-time-data-lake-QWGm5iRW-py3.11/lib/python3.11/site-packages/airflow/example_dags/example_short_circuit_operator.py
[2024-09-27T14:35:56.895+0200] {logging_mixin.py:190} INFO - [2024-09-27T14:35:56.895+0200] {dag.py:3239} INFO - Sync 1 DAGs
[2024-09-27T14:35:56.904+0200] {logging_mixin.py:190} INFO - [2024-09-27T14:35:56.904+0200] {dag.py:4180} INFO - Setting next_dagrun for example_short_circuit_operator to None, run_after=None
[2024-09-27T14:35:56.919+0200] {processor.py:208} INFO - Processing /home/julian/.cache/pypoetry/virtualenvs/real-time-data-lake-QWGm5iRW-py3.11/lib/python3.11/site-packages/airflow/example_dags/example_short_circuit_operator.py took 0.077 seconds
[2024-09-27T14:36:44.823+0200] {processor.py:186} INFO - Started process (PID=282282) to work on /home/julian/.cache/pypoetry/virtualenvs/real-time-data-lake-QWGm5iRW-py3.11/lib/python3.11/site-packages/airflow/example_dags/example_short_circuit_operator.py
[2024-09-27T14:36:44.829+0200] {processor.py:914} INFO - Processing file /home/julian/.cache/pypoetry/virtualenvs/real-time-data-lake-QWGm5iRW-py3.11/lib/python3.11/site-packages/airflow/example_dags/example_short_circuit_operator.py for tasks to queue
[2024-09-27T14:36:44.831+0200] {logging_mixin.py:190} INFO - [2024-09-27T14:36:44.831+0200] {dagbag.py:588} INFO - Filling up the DagBag from /home/julian/.cache/pypoetry/virtualenvs/real-time-data-lake-QWGm5iRW-py3.11/lib/python3.11/site-packages/airflow/example_dags/example_short_circuit_operator.py
[2024-09-27T14:36:44.843+0200] {processor.py:925} INFO - DAG(s) 'example_short_circuit_operator' retrieved from /home/julian/.cache/pypoetry/virtualenvs/real-time-data-lake-QWGm5iRW-py3.11/lib/python3.11/site-packages/airflow/example_dags/example_short_circuit_operator.py
[2024-09-27T14:36:44.868+0200] {logging_mixin.py:190} INFO - [2024-09-27T14:36:44.868+0200] {dag.py:3239} INFO - Sync 1 DAGs
[2024-09-27T14:36:44.879+0200] {logging_mixin.py:190} INFO - [2024-09-27T14:36:44.879+0200] {dag.py:4180} INFO - Setting next_dagrun for example_short_circuit_operator to None, run_after=None
[2024-09-27T14:36:44.893+0200] {processor.py:208} INFO - Processing /home/julian/.cache/pypoetry/virtualenvs/real-time-data-lake-QWGm5iRW-py3.11/lib/python3.11/site-packages/airflow/example_dags/example_short_circuit_operator.py took 0.077 seconds
[2024-09-27T14:37:35.583+0200] {processor.py:186} INFO - Started process (PID=282451) to work on /home/julian/.cache/pypoetry/virtualenvs/real-time-data-lake-QWGm5iRW-py3.11/lib/python3.11/site-packages/airflow/example_dags/example_short_circuit_operator.py
[2024-09-27T14:37:35.589+0200] {processor.py:914} INFO - Processing file /home/julian/.cache/pypoetry/virtualenvs/real-time-data-lake-QWGm5iRW-py3.11/lib/python3.11/site-packages/airflow/example_dags/example_short_circuit_operator.py for tasks to queue
[2024-09-27T14:37:35.591+0200] {logging_mixin.py:190} INFO - [2024-09-27T14:37:35.591+0200] {dagbag.py:588} INFO - Filling up the DagBag from /home/julian/.cache/pypoetry/virtualenvs/real-time-data-lake-QWGm5iRW-py3.11/lib/python3.11/site-packages/airflow/example_dags/example_short_circuit_operator.py
[2024-09-27T14:37:35.597+0200] {processor.py:925} INFO - DAG(s) 'example_short_circuit_operator' retrieved from /home/julian/.cache/pypoetry/virtualenvs/real-time-data-lake-QWGm5iRW-py3.11/lib/python3.11/site-packages/airflow/example_dags/example_short_circuit_operator.py
[2024-09-27T14:37:35.609+0200] {logging_mixin.py:190} INFO - [2024-09-27T14:37:35.609+0200] {dag.py:3239} INFO - Sync 1 DAGs
[2024-09-27T14:37:35.617+0200] {logging_mixin.py:190} INFO - [2024-09-27T14:37:35.617+0200] {dag.py:4180} INFO - Setting next_dagrun for example_short_circuit_operator to None, run_after=None
[2024-09-27T14:37:35.630+0200] {processor.py:208} INFO - Processing /home/julian/.cache/pypoetry/virtualenvs/real-time-data-lake-QWGm5iRW-py3.11/lib/python3.11/site-packages/airflow/example_dags/example_short_circuit_operator.py took 0.050 seconds
[2024-09-27T14:38:27.381+0200] {processor.py:186} INFO - Started process (PID=282741) to work on /home/julian/.cache/pypoetry/virtualenvs/real-time-data-lake-QWGm5iRW-py3.11/lib/python3.11/site-packages/airflow/example_dags/example_short_circuit_operator.py
[2024-09-27T14:38:27.382+0200] {processor.py:914} INFO - Processing file /home/julian/.cache/pypoetry/virtualenvs/real-time-data-lake-QWGm5iRW-py3.11/lib/python3.11/site-packages/airflow/example_dags/example_short_circuit_operator.py for tasks to queue
[2024-09-27T14:38:27.385+0200] {logging_mixin.py:190} INFO - [2024-09-27T14:38:27.385+0200] {dagbag.py:588} INFO - Filling up the DagBag from /home/julian/.cache/pypoetry/virtualenvs/real-time-data-lake-QWGm5iRW-py3.11/lib/python3.11/site-packages/airflow/example_dags/example_short_circuit_operator.py
[2024-09-27T14:38:27.396+0200] {processor.py:925} INFO - DAG(s) 'example_short_circuit_operator' retrieved from /home/julian/.cache/pypoetry/virtualenvs/real-time-data-lake-QWGm5iRW-py3.11/lib/python3.11/site-packages/airflow/example_dags/example_short_circuit_operator.py
[2024-09-27T14:38:27.408+0200] {logging_mixin.py:190} INFO - [2024-09-27T14:38:27.408+0200] {dag.py:3239} INFO - Sync 1 DAGs
[2024-09-27T14:38:27.416+0200] {logging_mixin.py:190} INFO - [2024-09-27T14:38:27.415+0200] {dag.py:4180} INFO - Setting next_dagrun for example_short_circuit_operator to None, run_after=None
[2024-09-27T14:38:27.429+0200] {processor.py:208} INFO - Processing /home/julian/.cache/pypoetry/virtualenvs/real-time-data-lake-QWGm5iRW-py3.11/lib/python3.11/site-packages/airflow/example_dags/example_short_circuit_operator.py took 0.055 seconds
