[2024-09-27T14:20:27.276+0200] {processor.py:186} INFO - Started process (PID=280035) to work on /home/julian/.cache/pypoetry/virtualenvs/real-time-data-lake-QWGm5iRW-py3.11/lib/python3.11/site-packages/airflow/example_dags/example_inlet_event_extra.py
[2024-09-27T14:20:27.277+0200] {processor.py:914} INFO - Processing file /home/julian/.cache/pypoetry/virtualenvs/real-time-data-lake-QWGm5iRW-py3.11/lib/python3.11/site-packages/airflow/example_dags/example_inlet_event_extra.py for tasks to queue
[2024-09-27T14:20:27.280+0200] {logging_mixin.py:190} INFO - [2024-09-27T14:20:27.280+0200] {dagbag.py:588} INFO - Filling up the DagBag from /home/julian/.cache/pypoetry/virtualenvs/real-time-data-lake-QWGm5iRW-py3.11/lib/python3.11/site-packages/airflow/example_dags/example_inlet_event_extra.py
[2024-09-27T14:20:27.303+0200] {processor.py:925} INFO - DAG(s) 'read_dataset_event_from_classic', 'read_dataset_event' retrieved from /home/julian/.cache/pypoetry/virtualenvs/real-time-data-lake-QWGm5iRW-py3.11/lib/python3.11/site-packages/airflow/example_dags/example_inlet_event_extra.py
[2024-09-27T14:20:27.373+0200] {logging_mixin.py:190} INFO - [2024-09-27T14:20:27.373+0200] {override.py:1901} INFO - Created Permission View: can delete on DAG:read_dataset_event_from_classic
[2024-09-27T14:20:27.380+0200] {logging_mixin.py:190} INFO - [2024-09-27T14:20:27.380+0200] {override.py:1901} INFO - Created Permission View: can read on DAG:read_dataset_event_from_classic
[2024-09-27T14:20:27.386+0200] {logging_mixin.py:190} INFO - [2024-09-27T14:20:27.386+0200] {override.py:1901} INFO - Created Permission View: can edit on DAG:read_dataset_event_from_classic
[2024-09-27T14:20:27.397+0200] {logging_mixin.py:190} INFO - [2024-09-27T14:20:27.396+0200] {override.py:1901} INFO - Created Permission View: can create on DAG Run:read_dataset_event_from_classic
[2024-09-27T14:20:27.402+0200] {logging_mixin.py:190} INFO - [2024-09-27T14:20:27.401+0200] {override.py:1901} INFO - Created Permission View: can delete on DAG Run:read_dataset_event_from_classic
[2024-09-27T14:20:27.407+0200] {logging_mixin.py:190} INFO - [2024-09-27T14:20:27.407+0200] {override.py:1901} INFO - Created Permission View: can read on DAG Run:read_dataset_event_from_classic
[2024-09-27T14:20:27.412+0200] {logging_mixin.py:190} INFO - [2024-09-27T14:20:27.412+0200] {override.py:1901} INFO - Created Permission View: menu access on DAG Run:read_dataset_event_from_classic
[2024-09-27T14:20:27.423+0200] {logging_mixin.py:190} INFO - [2024-09-27T14:20:27.423+0200] {override.py:1901} INFO - Created Permission View: can delete on DAG:read_dataset_event
[2024-09-27T14:20:27.429+0200] {logging_mixin.py:190} INFO - [2024-09-27T14:20:27.428+0200] {override.py:1901} INFO - Created Permission View: can read on DAG:read_dataset_event
[2024-09-27T14:20:27.434+0200] {logging_mixin.py:190} INFO - [2024-09-27T14:20:27.434+0200] {override.py:1901} INFO - Created Permission View: can edit on DAG:read_dataset_event
[2024-09-27T14:20:27.443+0200] {logging_mixin.py:190} INFO - [2024-09-27T14:20:27.443+0200] {override.py:1901} INFO - Created Permission View: can create on DAG Run:read_dataset_event
[2024-09-27T14:20:27.452+0200] {logging_mixin.py:190} INFO - [2024-09-27T14:20:27.452+0200] {override.py:1901} INFO - Created Permission View: can delete on DAG Run:read_dataset_event
[2024-09-27T14:20:27.462+0200] {logging_mixin.py:190} INFO - [2024-09-27T14:20:27.461+0200] {override.py:1901} INFO - Created Permission View: can read on DAG Run:read_dataset_event
[2024-09-27T14:20:27.470+0200] {logging_mixin.py:190} INFO - [2024-09-27T14:20:27.469+0200] {override.py:1901} INFO - Created Permission View: menu access on DAG Run:read_dataset_event
[2024-09-27T14:20:27.470+0200] {logging_mixin.py:190} INFO - [2024-09-27T14:20:27.470+0200] {dag.py:3239} INFO - Sync 2 DAGs
[2024-09-27T14:20:27.477+0200] {logging_mixin.py:190} INFO - [2024-09-27T14:20:27.477+0200] {dag.py:3262} INFO - Creating ORM DAG for read_dataset_event_from_classic
[2024-09-27T14:20:27.478+0200] {logging_mixin.py:190} INFO - [2024-09-27T14:20:27.477+0200] {dag.py:3262} INFO - Creating ORM DAG for read_dataset_event
[2024-09-27T14:20:27.483+0200] {logging_mixin.py:190} INFO - [2024-09-27T14:20:27.483+0200] {dag.py:4180} INFO - Setting next_dagrun for read_dataset_event to 2024-09-26 00:00:00+00:00, run_after=2024-09-27 00:00:00+00:00
[2024-09-27T14:20:27.484+0200] {logging_mixin.py:190} INFO - [2024-09-27T14:20:27.484+0200] {dag.py:4180} INFO - Setting next_dagrun for read_dataset_event_from_classic to 2024-09-26 00:00:00+00:00, run_after=2024-09-27 00:00:00+00:00
[2024-09-27T14:20:27.498+0200] {processor.py:208} INFO - Processing /home/julian/.cache/pypoetry/virtualenvs/real-time-data-lake-QWGm5iRW-py3.11/lib/python3.11/site-packages/airflow/example_dags/example_inlet_event_extra.py took 0.228 seconds
[2024-09-27T14:22:08.593+0200] {processor.py:186} INFO - Started process (PID=280233) to work on /home/julian/.cache/pypoetry/virtualenvs/real-time-data-lake-QWGm5iRW-py3.11/lib/python3.11/site-packages/airflow/example_dags/example_inlet_event_extra.py
[2024-09-27T14:22:08.599+0200] {processor.py:914} INFO - Processing file /home/julian/.cache/pypoetry/virtualenvs/real-time-data-lake-QWGm5iRW-py3.11/lib/python3.11/site-packages/airflow/example_dags/example_inlet_event_extra.py for tasks to queue
[2024-09-27T14:22:08.602+0200] {logging_mixin.py:190} INFO - [2024-09-27T14:22:08.601+0200] {dagbag.py:588} INFO - Filling up the DagBag from /home/julian/.cache/pypoetry/virtualenvs/real-time-data-lake-QWGm5iRW-py3.11/lib/python3.11/site-packages/airflow/example_dags/example_inlet_event_extra.py
[2024-09-27T14:22:08.619+0200] {processor.py:925} INFO - DAG(s) 'read_dataset_event', 'read_dataset_event_from_classic' retrieved from /home/julian/.cache/pypoetry/virtualenvs/real-time-data-lake-QWGm5iRW-py3.11/lib/python3.11/site-packages/airflow/example_dags/example_inlet_event_extra.py
[2024-09-27T14:22:08.643+0200] {logging_mixin.py:190} INFO - [2024-09-27T14:22:08.643+0200] {dag.py:3239} INFO - Sync 2 DAGs
[2024-09-27T14:22:08.658+0200] {logging_mixin.py:190} INFO - [2024-09-27T14:22:08.657+0200] {dag.py:4180} INFO - Setting next_dagrun for read_dataset_event to 2024-09-26 00:00:00+00:00, run_after=2024-09-27 00:00:00+00:00
[2024-09-27T14:22:08.661+0200] {logging_mixin.py:190} INFO - [2024-09-27T14:22:08.661+0200] {dag.py:4180} INFO - Setting next_dagrun for read_dataset_event_from_classic to 2024-09-26 00:00:00+00:00, run_after=2024-09-27 00:00:00+00:00
[2024-09-27T14:22:08.673+0200] {processor.py:208} INFO - Processing /home/julian/.cache/pypoetry/virtualenvs/real-time-data-lake-QWGm5iRW-py3.11/lib/python3.11/site-packages/airflow/example_dags/example_inlet_event_extra.py took 0.088 seconds
[2024-09-27T14:23:04.180+0200] {processor.py:186} INFO - Started process (PID=280334) to work on /home/julian/.cache/pypoetry/virtualenvs/real-time-data-lake-QWGm5iRW-py3.11/lib/python3.11/site-packages/airflow/example_dags/example_inlet_event_extra.py
[2024-09-27T14:23:04.181+0200] {processor.py:914} INFO - Processing file /home/julian/.cache/pypoetry/virtualenvs/real-time-data-lake-QWGm5iRW-py3.11/lib/python3.11/site-packages/airflow/example_dags/example_inlet_event_extra.py for tasks to queue
[2024-09-27T14:23:04.183+0200] {logging_mixin.py:190} INFO - [2024-09-27T14:23:04.183+0200] {dagbag.py:588} INFO - Filling up the DagBag from /home/julian/.cache/pypoetry/virtualenvs/real-time-data-lake-QWGm5iRW-py3.11/lib/python3.11/site-packages/airflow/example_dags/example_inlet_event_extra.py
[2024-09-27T14:23:04.198+0200] {processor.py:925} INFO - DAG(s) 'read_dataset_event', 'read_dataset_event_from_classic' retrieved from /home/julian/.cache/pypoetry/virtualenvs/real-time-data-lake-QWGm5iRW-py3.11/lib/python3.11/site-packages/airflow/example_dags/example_inlet_event_extra.py
[2024-09-27T14:23:04.217+0200] {logging_mixin.py:190} INFO - [2024-09-27T14:23:04.217+0200] {dag.py:3239} INFO - Sync 2 DAGs
[2024-09-27T14:23:04.234+0200] {logging_mixin.py:190} INFO - [2024-09-27T14:23:04.234+0200] {dag.py:4180} INFO - Setting next_dagrun for read_dataset_event to 2024-09-26 00:00:00+00:00, run_after=2024-09-27 00:00:00+00:00
[2024-09-27T14:23:04.237+0200] {logging_mixin.py:190} INFO - [2024-09-27T14:23:04.237+0200] {dag.py:4180} INFO - Setting next_dagrun for read_dataset_event_from_classic to 2024-09-26 00:00:00+00:00, run_after=2024-09-27 00:00:00+00:00
[2024-09-27T14:23:04.250+0200] {processor.py:208} INFO - Processing /home/julian/.cache/pypoetry/virtualenvs/real-time-data-lake-QWGm5iRW-py3.11/lib/python3.11/site-packages/airflow/example_dags/example_inlet_event_extra.py took 0.078 seconds
[2024-09-27T14:23:59.233+0200] {processor.py:186} INFO - Started process (PID=280500) to work on /home/julian/.cache/pypoetry/virtualenvs/real-time-data-lake-QWGm5iRW-py3.11/lib/python3.11/site-packages/airflow/example_dags/example_inlet_event_extra.py
[2024-09-27T14:23:59.239+0200] {processor.py:914} INFO - Processing file /home/julian/.cache/pypoetry/virtualenvs/real-time-data-lake-QWGm5iRW-py3.11/lib/python3.11/site-packages/airflow/example_dags/example_inlet_event_extra.py for tasks to queue
[2024-09-27T14:23:59.241+0200] {logging_mixin.py:190} INFO - [2024-09-27T14:23:59.241+0200] {dagbag.py:588} INFO - Filling up the DagBag from /home/julian/.cache/pypoetry/virtualenvs/real-time-data-lake-QWGm5iRW-py3.11/lib/python3.11/site-packages/airflow/example_dags/example_inlet_event_extra.py
[2024-09-27T14:23:59.257+0200] {processor.py:925} INFO - DAG(s) 'read_dataset_event_from_classic', 'read_dataset_event' retrieved from /home/julian/.cache/pypoetry/virtualenvs/real-time-data-lake-QWGm5iRW-py3.11/lib/python3.11/site-packages/airflow/example_dags/example_inlet_event_extra.py
[2024-09-27T14:23:59.279+0200] {logging_mixin.py:190} INFO - [2024-09-27T14:23:59.279+0200] {dag.py:3239} INFO - Sync 2 DAGs
[2024-09-27T14:23:59.294+0200] {logging_mixin.py:190} INFO - [2024-09-27T14:23:59.294+0200] {dag.py:4180} INFO - Setting next_dagrun for read_dataset_event to 2024-09-26 00:00:00+00:00, run_after=2024-09-27 00:00:00+00:00
[2024-09-27T14:23:59.297+0200] {logging_mixin.py:190} INFO - [2024-09-27T14:23:59.297+0200] {dag.py:4180} INFO - Setting next_dagrun for read_dataset_event_from_classic to 2024-09-26 00:00:00+00:00, run_after=2024-09-27 00:00:00+00:00
[2024-09-27T14:23:59.310+0200] {processor.py:208} INFO - Processing /home/julian/.cache/pypoetry/virtualenvs/real-time-data-lake-QWGm5iRW-py3.11/lib/python3.11/site-packages/airflow/example_dags/example_inlet_event_extra.py took 0.084 seconds
[2024-09-27T14:24:50.677+0200] {processor.py:186} INFO - Started process (PID=280713) to work on /home/julian/.cache/pypoetry/virtualenvs/real-time-data-lake-QWGm5iRW-py3.11/lib/python3.11/site-packages/airflow/example_dags/example_inlet_event_extra.py
[2024-09-27T14:24:50.682+0200] {processor.py:914} INFO - Processing file /home/julian/.cache/pypoetry/virtualenvs/real-time-data-lake-QWGm5iRW-py3.11/lib/python3.11/site-packages/airflow/example_dags/example_inlet_event_extra.py for tasks to queue
[2024-09-27T14:24:50.684+0200] {logging_mixin.py:190} INFO - [2024-09-27T14:24:50.684+0200] {dagbag.py:588} INFO - Filling up the DagBag from /home/julian/.cache/pypoetry/virtualenvs/real-time-data-lake-QWGm5iRW-py3.11/lib/python3.11/site-packages/airflow/example_dags/example_inlet_event_extra.py
[2024-09-27T14:24:50.691+0200] {processor.py:925} INFO - DAG(s) 'read_dataset_event_from_classic', 'read_dataset_event' retrieved from /home/julian/.cache/pypoetry/virtualenvs/real-time-data-lake-QWGm5iRW-py3.11/lib/python3.11/site-packages/airflow/example_dags/example_inlet_event_extra.py
[2024-09-27T14:24:50.701+0200] {logging_mixin.py:190} INFO - [2024-09-27T14:24:50.701+0200] {dag.py:3239} INFO - Sync 2 DAGs
[2024-09-27T14:24:50.714+0200] {logging_mixin.py:190} INFO - [2024-09-27T14:24:50.714+0200] {dag.py:4180} INFO - Setting next_dagrun for read_dataset_event to 2024-09-26 00:00:00+00:00, run_after=2024-09-27 00:00:00+00:00
[2024-09-27T14:24:50.717+0200] {logging_mixin.py:190} INFO - [2024-09-27T14:24:50.717+0200] {dag.py:4180} INFO - Setting next_dagrun for read_dataset_event_from_classic to 2024-09-26 00:00:00+00:00, run_after=2024-09-27 00:00:00+00:00
[2024-09-27T14:24:50.729+0200] {processor.py:208} INFO - Processing /home/julian/.cache/pypoetry/virtualenvs/real-time-data-lake-QWGm5iRW-py3.11/lib/python3.11/site-packages/airflow/example_dags/example_inlet_event_extra.py took 0.056 seconds
[2024-09-27T14:30:36.582+0200] {processor.py:186} INFO - Started process (PID=281428) to work on /home/julian/.cache/pypoetry/virtualenvs/real-time-data-lake-QWGm5iRW-py3.11/lib/python3.11/site-packages/airflow/example_dags/example_inlet_event_extra.py
[2024-09-27T14:30:36.588+0200] {processor.py:914} INFO - Processing file /home/julian/.cache/pypoetry/virtualenvs/real-time-data-lake-QWGm5iRW-py3.11/lib/python3.11/site-packages/airflow/example_dags/example_inlet_event_extra.py for tasks to queue
[2024-09-27T14:30:36.591+0200] {logging_mixin.py:190} INFO - [2024-09-27T14:30:36.590+0200] {dagbag.py:588} INFO - Filling up the DagBag from /home/julian/.cache/pypoetry/virtualenvs/real-time-data-lake-QWGm5iRW-py3.11/lib/python3.11/site-packages/airflow/example_dags/example_inlet_event_extra.py
[2024-09-27T14:30:36.607+0200] {processor.py:925} INFO - DAG(s) 'read_dataset_event', 'read_dataset_event_from_classic' retrieved from /home/julian/.cache/pypoetry/virtualenvs/real-time-data-lake-QWGm5iRW-py3.11/lib/python3.11/site-packages/airflow/example_dags/example_inlet_event_extra.py
[2024-09-27T14:30:36.633+0200] {logging_mixin.py:190} INFO - [2024-09-27T14:30:36.633+0200] {dag.py:3239} INFO - Sync 2 DAGs
[2024-09-27T14:30:36.647+0200] {logging_mixin.py:190} INFO - [2024-09-27T14:30:36.647+0200] {dag.py:4180} INFO - Setting next_dagrun for read_dataset_event to 2024-09-26 00:00:00+00:00, run_after=2024-09-27 00:00:00+00:00
[2024-09-27T14:30:36.650+0200] {logging_mixin.py:190} INFO - [2024-09-27T14:30:36.649+0200] {dag.py:4180} INFO - Setting next_dagrun for read_dataset_event_from_classic to 2024-09-26 00:00:00+00:00, run_after=2024-09-27 00:00:00+00:00
[2024-09-27T14:30:36.661+0200] {processor.py:208} INFO - Processing /home/julian/.cache/pypoetry/virtualenvs/real-time-data-lake-QWGm5iRW-py3.11/lib/python3.11/site-packages/airflow/example_dags/example_inlet_event_extra.py took 0.085 seconds
[2024-09-27T14:31:29.989+0200] {processor.py:186} INFO - Started process (PID=281543) to work on /home/julian/.cache/pypoetry/virtualenvs/real-time-data-lake-QWGm5iRW-py3.11/lib/python3.11/site-packages/airflow/example_dags/example_inlet_event_extra.py
[2024-09-27T14:31:29.995+0200] {processor.py:914} INFO - Processing file /home/julian/.cache/pypoetry/virtualenvs/real-time-data-lake-QWGm5iRW-py3.11/lib/python3.11/site-packages/airflow/example_dags/example_inlet_event_extra.py for tasks to queue
[2024-09-27T14:31:29.997+0200] {logging_mixin.py:190} INFO - [2024-09-27T14:31:29.997+0200] {dagbag.py:588} INFO - Filling up the DagBag from /home/julian/.cache/pypoetry/virtualenvs/real-time-data-lake-QWGm5iRW-py3.11/lib/python3.11/site-packages/airflow/example_dags/example_inlet_event_extra.py
[2024-09-27T14:31:30.013+0200] {processor.py:925} INFO - DAG(s) 'read_dataset_event', 'read_dataset_event_from_classic' retrieved from /home/julian/.cache/pypoetry/virtualenvs/real-time-data-lake-QWGm5iRW-py3.11/lib/python3.11/site-packages/airflow/example_dags/example_inlet_event_extra.py
[2024-09-27T14:31:30.036+0200] {logging_mixin.py:190} INFO - [2024-09-27T14:31:30.036+0200] {dag.py:3239} INFO - Sync 2 DAGs
[2024-09-27T14:31:30.050+0200] {logging_mixin.py:190} INFO - [2024-09-27T14:31:30.050+0200] {dag.py:4180} INFO - Setting next_dagrun for read_dataset_event to 2024-09-26 00:00:00+00:00, run_after=2024-09-27 00:00:00+00:00
[2024-09-27T14:31:30.053+0200] {logging_mixin.py:190} INFO - [2024-09-27T14:31:30.053+0200] {dag.py:4180} INFO - Setting next_dagrun for read_dataset_event_from_classic to 2024-09-26 00:00:00+00:00, run_after=2024-09-27 00:00:00+00:00
[2024-09-27T14:31:30.066+0200] {processor.py:208} INFO - Processing /home/julian/.cache/pypoetry/virtualenvs/real-time-data-lake-QWGm5iRW-py3.11/lib/python3.11/site-packages/airflow/example_dags/example_inlet_event_extra.py took 0.084 seconds
[2024-09-27T14:32:25.455+0200] {processor.py:186} INFO - Started process (PID=281639) to work on /home/julian/.cache/pypoetry/virtualenvs/real-time-data-lake-QWGm5iRW-py3.11/lib/python3.11/site-packages/airflow/example_dags/example_inlet_event_extra.py
[2024-09-27T14:32:25.461+0200] {processor.py:914} INFO - Processing file /home/julian/.cache/pypoetry/virtualenvs/real-time-data-lake-QWGm5iRW-py3.11/lib/python3.11/site-packages/airflow/example_dags/example_inlet_event_extra.py for tasks to queue
[2024-09-27T14:32:25.464+0200] {logging_mixin.py:190} INFO - [2024-09-27T14:32:25.463+0200] {dagbag.py:588} INFO - Filling up the DagBag from /home/julian/.cache/pypoetry/virtualenvs/real-time-data-lake-QWGm5iRW-py3.11/lib/python3.11/site-packages/airflow/example_dags/example_inlet_event_extra.py
[2024-09-27T14:32:25.480+0200] {processor.py:925} INFO - DAG(s) 'read_dataset_event', 'read_dataset_event_from_classic' retrieved from /home/julian/.cache/pypoetry/virtualenvs/real-time-data-lake-QWGm5iRW-py3.11/lib/python3.11/site-packages/airflow/example_dags/example_inlet_event_extra.py
[2024-09-27T14:32:25.502+0200] {logging_mixin.py:190} INFO - [2024-09-27T14:32:25.502+0200] {dag.py:3239} INFO - Sync 2 DAGs
[2024-09-27T14:32:25.518+0200] {logging_mixin.py:190} INFO - [2024-09-27T14:32:25.517+0200] {dag.py:4180} INFO - Setting next_dagrun for read_dataset_event to 2024-09-26 00:00:00+00:00, run_after=2024-09-27 00:00:00+00:00
[2024-09-27T14:32:25.520+0200] {logging_mixin.py:190} INFO - [2024-09-27T14:32:25.520+0200] {dag.py:4180} INFO - Setting next_dagrun for read_dataset_event_from_classic to 2024-09-26 00:00:00+00:00, run_after=2024-09-27 00:00:00+00:00
[2024-09-27T14:32:25.533+0200] {processor.py:208} INFO - Processing /home/julian/.cache/pypoetry/virtualenvs/real-time-data-lake-QWGm5iRW-py3.11/lib/python3.11/site-packages/airflow/example_dags/example_inlet_event_extra.py took 0.085 seconds
[2024-09-27T14:33:14.110+0200] {processor.py:186} INFO - Started process (PID=281785) to work on /home/julian/.cache/pypoetry/virtualenvs/real-time-data-lake-QWGm5iRW-py3.11/lib/python3.11/site-packages/airflow/example_dags/example_inlet_event_extra.py
[2024-09-27T14:33:14.116+0200] {processor.py:914} INFO - Processing file /home/julian/.cache/pypoetry/virtualenvs/real-time-data-lake-QWGm5iRW-py3.11/lib/python3.11/site-packages/airflow/example_dags/example_inlet_event_extra.py for tasks to queue
[2024-09-27T14:33:14.118+0200] {logging_mixin.py:190} INFO - [2024-09-27T14:33:14.118+0200] {dagbag.py:588} INFO - Filling up the DagBag from /home/julian/.cache/pypoetry/virtualenvs/real-time-data-lake-QWGm5iRW-py3.11/lib/python3.11/site-packages/airflow/example_dags/example_inlet_event_extra.py
[2024-09-27T14:33:14.125+0200] {processor.py:925} INFO - DAG(s) 'read_dataset_event', 'read_dataset_event_from_classic' retrieved from /home/julian/.cache/pypoetry/virtualenvs/real-time-data-lake-QWGm5iRW-py3.11/lib/python3.11/site-packages/airflow/example_dags/example_inlet_event_extra.py
[2024-09-27T14:33:14.136+0200] {logging_mixin.py:190} INFO - [2024-09-27T14:33:14.136+0200] {dag.py:3239} INFO - Sync 2 DAGs
[2024-09-27T14:33:14.149+0200] {logging_mixin.py:190} INFO - [2024-09-27T14:33:14.149+0200] {dag.py:4180} INFO - Setting next_dagrun for read_dataset_event to 2024-09-26 00:00:00+00:00, run_after=2024-09-27 00:00:00+00:00
[2024-09-27T14:33:14.152+0200] {logging_mixin.py:190} INFO - [2024-09-27T14:33:14.152+0200] {dag.py:4180} INFO - Setting next_dagrun for read_dataset_event_from_classic to 2024-09-26 00:00:00+00:00, run_after=2024-09-27 00:00:00+00:00
[2024-09-27T14:33:14.164+0200] {processor.py:208} INFO - Processing /home/julian/.cache/pypoetry/virtualenvs/real-time-data-lake-QWGm5iRW-py3.11/lib/python3.11/site-packages/airflow/example_dags/example_inlet_event_extra.py took 0.057 seconds
[2024-09-27T14:34:03.736+0200] {processor.py:186} INFO - Started process (PID=281898) to work on /home/julian/.cache/pypoetry/virtualenvs/real-time-data-lake-QWGm5iRW-py3.11/lib/python3.11/site-packages/airflow/example_dags/example_inlet_event_extra.py
[2024-09-27T14:34:03.743+0200] {processor.py:914} INFO - Processing file /home/julian/.cache/pypoetry/virtualenvs/real-time-data-lake-QWGm5iRW-py3.11/lib/python3.11/site-packages/airflow/example_dags/example_inlet_event_extra.py for tasks to queue
[2024-09-27T14:34:03.745+0200] {logging_mixin.py:190} INFO - [2024-09-27T14:34:03.745+0200] {dagbag.py:588} INFO - Filling up the DagBag from /home/julian/.cache/pypoetry/virtualenvs/real-time-data-lake-QWGm5iRW-py3.11/lib/python3.11/site-packages/airflow/example_dags/example_inlet_event_extra.py
[2024-09-27T14:34:03.761+0200] {processor.py:925} INFO - DAG(s) 'read_dataset_event', 'read_dataset_event_from_classic' retrieved from /home/julian/.cache/pypoetry/virtualenvs/real-time-data-lake-QWGm5iRW-py3.11/lib/python3.11/site-packages/airflow/example_dags/example_inlet_event_extra.py
[2024-09-27T14:34:03.782+0200] {logging_mixin.py:190} INFO - [2024-09-27T14:34:03.782+0200] {dag.py:3239} INFO - Sync 2 DAGs
[2024-09-27T14:34:03.797+0200] {logging_mixin.py:190} INFO - [2024-09-27T14:34:03.797+0200] {dag.py:4180} INFO - Setting next_dagrun for read_dataset_event to 2024-09-26 00:00:00+00:00, run_after=2024-09-27 00:00:00+00:00
[2024-09-27T14:34:03.800+0200] {logging_mixin.py:190} INFO - [2024-09-27T14:34:03.800+0200] {dag.py:4180} INFO - Setting next_dagrun for read_dataset_event_from_classic to 2024-09-26 00:00:00+00:00, run_after=2024-09-27 00:00:00+00:00
[2024-09-27T14:34:03.813+0200] {processor.py:208} INFO - Processing /home/julian/.cache/pypoetry/virtualenvs/real-time-data-lake-QWGm5iRW-py3.11/lib/python3.11/site-packages/airflow/example_dags/example_inlet_event_extra.py took 0.083 seconds
[2024-09-27T14:34:52.636+0200] {processor.py:186} INFO - Started process (PID=282108) to work on /home/julian/.cache/pypoetry/virtualenvs/real-time-data-lake-QWGm5iRW-py3.11/lib/python3.11/site-packages/airflow/example_dags/example_inlet_event_extra.py
[2024-09-27T14:34:52.642+0200] {processor.py:914} INFO - Processing file /home/julian/.cache/pypoetry/virtualenvs/real-time-data-lake-QWGm5iRW-py3.11/lib/python3.11/site-packages/airflow/example_dags/example_inlet_event_extra.py for tasks to queue
[2024-09-27T14:34:52.644+0200] {logging_mixin.py:190} INFO - [2024-09-27T14:34:52.644+0200] {dagbag.py:588} INFO - Filling up the DagBag from /home/julian/.cache/pypoetry/virtualenvs/real-time-data-lake-QWGm5iRW-py3.11/lib/python3.11/site-packages/airflow/example_dags/example_inlet_event_extra.py
[2024-09-27T14:34:52.660+0200] {processor.py:925} INFO - DAG(s) 'read_dataset_event', 'read_dataset_event_from_classic' retrieved from /home/julian/.cache/pypoetry/virtualenvs/real-time-data-lake-QWGm5iRW-py3.11/lib/python3.11/site-packages/airflow/example_dags/example_inlet_event_extra.py
[2024-09-27T14:34:52.682+0200] {logging_mixin.py:190} INFO - [2024-09-27T14:34:52.682+0200] {dag.py:3239} INFO - Sync 2 DAGs
[2024-09-27T14:34:52.698+0200] {logging_mixin.py:190} INFO - [2024-09-27T14:34:52.698+0200] {dag.py:4180} INFO - Setting next_dagrun for read_dataset_event to 2024-09-26 00:00:00+00:00, run_after=2024-09-27 00:00:00+00:00
[2024-09-27T14:34:52.701+0200] {logging_mixin.py:190} INFO - [2024-09-27T14:34:52.701+0200] {dag.py:4180} INFO - Setting next_dagrun for read_dataset_event_from_classic to 2024-09-26 00:00:00+00:00, run_after=2024-09-27 00:00:00+00:00
[2024-09-27T14:34:52.713+0200] {processor.py:208} INFO - Processing /home/julian/.cache/pypoetry/virtualenvs/real-time-data-lake-QWGm5iRW-py3.11/lib/python3.11/site-packages/airflow/example_dags/example_inlet_event_extra.py took 0.084 seconds
[2024-09-27T14:35:40.234+0200] {processor.py:186} INFO - Started process (PID=282185) to work on /home/julian/.cache/pypoetry/virtualenvs/real-time-data-lake-QWGm5iRW-py3.11/lib/python3.11/site-packages/airflow/example_dags/example_inlet_event_extra.py
[2024-09-27T14:35:40.240+0200] {processor.py:914} INFO - Processing file /home/julian/.cache/pypoetry/virtualenvs/real-time-data-lake-QWGm5iRW-py3.11/lib/python3.11/site-packages/airflow/example_dags/example_inlet_event_extra.py for tasks to queue
[2024-09-27T14:35:40.243+0200] {logging_mixin.py:190} INFO - [2024-09-27T14:35:40.242+0200] {dagbag.py:588} INFO - Filling up the DagBag from /home/julian/.cache/pypoetry/virtualenvs/real-time-data-lake-QWGm5iRW-py3.11/lib/python3.11/site-packages/airflow/example_dags/example_inlet_event_extra.py
[2024-09-27T14:35:40.259+0200] {processor.py:925} INFO - DAG(s) 'read_dataset_event', 'read_dataset_event_from_classic' retrieved from /home/julian/.cache/pypoetry/virtualenvs/real-time-data-lake-QWGm5iRW-py3.11/lib/python3.11/site-packages/airflow/example_dags/example_inlet_event_extra.py
[2024-09-27T14:35:40.281+0200] {logging_mixin.py:190} INFO - [2024-09-27T14:35:40.281+0200] {dag.py:3239} INFO - Sync 2 DAGs
[2024-09-27T14:35:40.295+0200] {logging_mixin.py:190} INFO - [2024-09-27T14:35:40.295+0200] {dag.py:4180} INFO - Setting next_dagrun for read_dataset_event to 2024-09-26 00:00:00+00:00, run_after=2024-09-27 00:00:00+00:00
[2024-09-27T14:35:40.298+0200] {logging_mixin.py:190} INFO - [2024-09-27T14:35:40.298+0200] {dag.py:4180} INFO - Setting next_dagrun for read_dataset_event_from_classic to 2024-09-26 00:00:00+00:00, run_after=2024-09-27 00:00:00+00:00
[2024-09-27T14:35:40.311+0200] {processor.py:208} INFO - Processing /home/julian/.cache/pypoetry/virtualenvs/real-time-data-lake-QWGm5iRW-py3.11/lib/python3.11/site-packages/airflow/example_dags/example_inlet_event_extra.py took 0.083 seconds
[2024-09-27T14:36:29.076+0200] {processor.py:186} INFO - Started process (PID=282258) to work on /home/julian/.cache/pypoetry/virtualenvs/real-time-data-lake-QWGm5iRW-py3.11/lib/python3.11/site-packages/airflow/example_dags/example_inlet_event_extra.py
[2024-09-27T14:36:29.077+0200] {processor.py:914} INFO - Processing file /home/julian/.cache/pypoetry/virtualenvs/real-time-data-lake-QWGm5iRW-py3.11/lib/python3.11/site-packages/airflow/example_dags/example_inlet_event_extra.py for tasks to queue
[2024-09-27T14:36:29.080+0200] {logging_mixin.py:190} INFO - [2024-09-27T14:36:29.079+0200] {dagbag.py:588} INFO - Filling up the DagBag from /home/julian/.cache/pypoetry/virtualenvs/real-time-data-lake-QWGm5iRW-py3.11/lib/python3.11/site-packages/airflow/example_dags/example_inlet_event_extra.py
[2024-09-27T14:36:29.102+0200] {processor.py:925} INFO - DAG(s) 'read_dataset_event_from_classic', 'read_dataset_event' retrieved from /home/julian/.cache/pypoetry/virtualenvs/real-time-data-lake-QWGm5iRW-py3.11/lib/python3.11/site-packages/airflow/example_dags/example_inlet_event_extra.py
[2024-09-27T14:36:29.119+0200] {logging_mixin.py:190} INFO - [2024-09-27T14:36:29.119+0200] {dag.py:3239} INFO - Sync 2 DAGs
[2024-09-27T14:36:29.132+0200] {logging_mixin.py:190} INFO - [2024-09-27T14:36:29.132+0200] {dag.py:4180} INFO - Setting next_dagrun for read_dataset_event to 2024-09-26 00:00:00+00:00, run_after=2024-09-27 00:00:00+00:00
[2024-09-27T14:36:29.134+0200] {logging_mixin.py:190} INFO - [2024-09-27T14:36:29.134+0200] {dag.py:4180} INFO - Setting next_dagrun for read_dataset_event_from_classic to 2024-09-26 00:00:00+00:00, run_after=2024-09-27 00:00:00+00:00
[2024-09-27T14:36:29.147+0200] {processor.py:208} INFO - Processing /home/julian/.cache/pypoetry/virtualenvs/real-time-data-lake-QWGm5iRW-py3.11/lib/python3.11/site-packages/airflow/example_dags/example_inlet_event_extra.py took 0.078 seconds
[2024-09-27T14:37:19.372+0200] {processor.py:186} INFO - Started process (PID=282342) to work on /home/julian/.cache/pypoetry/virtualenvs/real-time-data-lake-QWGm5iRW-py3.11/lib/python3.11/site-packages/airflow/example_dags/example_inlet_event_extra.py
[2024-09-27T14:37:19.378+0200] {processor.py:914} INFO - Processing file /home/julian/.cache/pypoetry/virtualenvs/real-time-data-lake-QWGm5iRW-py3.11/lib/python3.11/site-packages/airflow/example_dags/example_inlet_event_extra.py for tasks to queue
[2024-09-27T14:37:19.380+0200] {logging_mixin.py:190} INFO - [2024-09-27T14:37:19.380+0200] {dagbag.py:588} INFO - Filling up the DagBag from /home/julian/.cache/pypoetry/virtualenvs/real-time-data-lake-QWGm5iRW-py3.11/lib/python3.11/site-packages/airflow/example_dags/example_inlet_event_extra.py
[2024-09-27T14:37:19.397+0200] {processor.py:925} INFO - DAG(s) 'read_dataset_event_from_classic', 'read_dataset_event' retrieved from /home/julian/.cache/pypoetry/virtualenvs/real-time-data-lake-QWGm5iRW-py3.11/lib/python3.11/site-packages/airflow/example_dags/example_inlet_event_extra.py
[2024-09-27T14:37:19.419+0200] {logging_mixin.py:190} INFO - [2024-09-27T14:37:19.419+0200] {dag.py:3239} INFO - Sync 2 DAGs
[2024-09-27T14:37:19.433+0200] {logging_mixin.py:190} INFO - [2024-09-27T14:37:19.433+0200] {dag.py:4180} INFO - Setting next_dagrun for read_dataset_event to 2024-09-26 00:00:00+00:00, run_after=2024-09-27 00:00:00+00:00
[2024-09-27T14:37:19.436+0200] {logging_mixin.py:190} INFO - [2024-09-27T14:37:19.436+0200] {dag.py:4180} INFO - Setting next_dagrun for read_dataset_event_from_classic to 2024-09-26 00:00:00+00:00, run_after=2024-09-27 00:00:00+00:00
[2024-09-27T14:37:19.448+0200] {processor.py:208} INFO - Processing /home/julian/.cache/pypoetry/virtualenvs/real-time-data-lake-QWGm5iRW-py3.11/lib/python3.11/site-packages/airflow/example_dags/example_inlet_event_extra.py took 0.083 seconds
[2024-09-27T14:38:09.907+0200] {processor.py:186} INFO - Started process (PID=282577) to work on /home/julian/.cache/pypoetry/virtualenvs/real-time-data-lake-QWGm5iRW-py3.11/lib/python3.11/site-packages/airflow/example_dags/example_inlet_event_extra.py
[2024-09-27T14:38:09.913+0200] {processor.py:914} INFO - Processing file /home/julian/.cache/pypoetry/virtualenvs/real-time-data-lake-QWGm5iRW-py3.11/lib/python3.11/site-packages/airflow/example_dags/example_inlet_event_extra.py for tasks to queue
[2024-09-27T14:38:09.916+0200] {logging_mixin.py:190} INFO - [2024-09-27T14:38:09.915+0200] {dagbag.py:588} INFO - Filling up the DagBag from /home/julian/.cache/pypoetry/virtualenvs/real-time-data-lake-QWGm5iRW-py3.11/lib/python3.11/site-packages/airflow/example_dags/example_inlet_event_extra.py
[2024-09-27T14:38:09.932+0200] {processor.py:925} INFO - DAG(s) 'read_dataset_event', 'read_dataset_event_from_classic' retrieved from /home/julian/.cache/pypoetry/virtualenvs/real-time-data-lake-QWGm5iRW-py3.11/lib/python3.11/site-packages/airflow/example_dags/example_inlet_event_extra.py
[2024-09-27T14:38:09.954+0200] {logging_mixin.py:190} INFO - [2024-09-27T14:38:09.954+0200] {dag.py:3239} INFO - Sync 2 DAGs
[2024-09-27T14:38:09.969+0200] {logging_mixin.py:190} INFO - [2024-09-27T14:38:09.969+0200] {dag.py:4180} INFO - Setting next_dagrun for read_dataset_event to 2024-09-26 00:00:00+00:00, run_after=2024-09-27 00:00:00+00:00
[2024-09-27T14:38:09.972+0200] {logging_mixin.py:190} INFO - [2024-09-27T14:38:09.972+0200] {dag.py:4180} INFO - Setting next_dagrun for read_dataset_event_from_classic to 2024-09-26 00:00:00+00:00, run_after=2024-09-27 00:00:00+00:00
[2024-09-27T14:38:09.985+0200] {processor.py:208} INFO - Processing /home/julian/.cache/pypoetry/virtualenvs/real-time-data-lake-QWGm5iRW-py3.11/lib/python3.11/site-packages/airflow/example_dags/example_inlet_event_extra.py took 0.085 seconds
[2024-09-27T14:38:59.393+0200] {processor.py:186} INFO - Started process (PID=282832) to work on /home/julian/.cache/pypoetry/virtualenvs/real-time-data-lake-QWGm5iRW-py3.11/lib/python3.11/site-packages/airflow/example_dags/example_inlet_event_extra.py
[2024-09-27T14:38:59.399+0200] {processor.py:914} INFO - Processing file /home/julian/.cache/pypoetry/virtualenvs/real-time-data-lake-QWGm5iRW-py3.11/lib/python3.11/site-packages/airflow/example_dags/example_inlet_event_extra.py for tasks to queue
[2024-09-27T14:38:59.402+0200] {logging_mixin.py:190} INFO - [2024-09-27T14:38:59.402+0200] {dagbag.py:588} INFO - Filling up the DagBag from /home/julian/.cache/pypoetry/virtualenvs/real-time-data-lake-QWGm5iRW-py3.11/lib/python3.11/site-packages/airflow/example_dags/example_inlet_event_extra.py
[2024-09-27T14:38:59.419+0200] {processor.py:925} INFO - DAG(s) 'read_dataset_event', 'read_dataset_event_from_classic' retrieved from /home/julian/.cache/pypoetry/virtualenvs/real-time-data-lake-QWGm5iRW-py3.11/lib/python3.11/site-packages/airflow/example_dags/example_inlet_event_extra.py
[2024-09-27T14:38:59.442+0200] {logging_mixin.py:190} INFO - [2024-09-27T14:38:59.442+0200] {dag.py:3239} INFO - Sync 2 DAGs
[2024-09-27T14:38:59.456+0200] {logging_mixin.py:190} INFO - [2024-09-27T14:38:59.455+0200] {dag.py:4180} INFO - Setting next_dagrun for read_dataset_event to 2024-09-26 00:00:00+00:00, run_after=2024-09-27 00:00:00+00:00
[2024-09-27T14:38:59.458+0200] {logging_mixin.py:190} INFO - [2024-09-27T14:38:59.458+0200] {dag.py:4180} INFO - Setting next_dagrun for read_dataset_event_from_classic to 2024-09-26 00:00:00+00:00, run_after=2024-09-27 00:00:00+00:00
[2024-09-27T14:38:59.472+0200] {processor.py:208} INFO - Processing /home/julian/.cache/pypoetry/virtualenvs/real-time-data-lake-QWGm5iRW-py3.11/lib/python3.11/site-packages/airflow/example_dags/example_inlet_event_extra.py took 0.086 seconds
