[2024-09-27T14:19:57.089+0200] {processor.py:186} INFO - Started process (PID=279983) to work on /home/julian/.cache/pypoetry/virtualenvs/real-time-data-lake-QWGm5iRW-py3.11/lib/python3.11/site-packages/airflow/example_dags/example_xcom.py
[2024-09-27T14:19:57.090+0200] {processor.py:914} INFO - Processing file /home/julian/.cache/pypoetry/virtualenvs/real-time-data-lake-QWGm5iRW-py3.11/lib/python3.11/site-packages/airflow/example_dags/example_xcom.py for tasks to queue
[2024-09-27T14:19:57.091+0200] {logging_mixin.py:190} INFO - [2024-09-27T14:19:57.090+0200] {dagbag.py:588} INFO - Filling up the DagBag from /home/julian/.cache/pypoetry/virtualenvs/real-time-data-lake-QWGm5iRW-py3.11/lib/python3.11/site-packages/airflow/example_dags/example_xcom.py
[2024-09-27T14:19:57.097+0200] {processor.py:925} INFO - DAG(s) 'example_xcom' retrieved from /home/julian/.cache/pypoetry/virtualenvs/real-time-data-lake-QWGm5iRW-py3.11/lib/python3.11/site-packages/airflow/example_dags/example_xcom.py
[2024-09-27T14:19:57.175+0200] {logging_mixin.py:190} INFO - [2024-09-27T14:19:57.174+0200] {override.py:1901} INFO - Created Permission View: can delete on DAG:example_xcom
[2024-09-27T14:19:57.184+0200] {logging_mixin.py:190} INFO - [2024-09-27T14:19:57.183+0200] {override.py:1901} INFO - Created Permission View: can read on DAG:example_xcom
[2024-09-27T14:19:57.189+0200] {logging_mixin.py:190} INFO - [2024-09-27T14:19:57.189+0200] {override.py:1901} INFO - Created Permission View: can edit on DAG:example_xcom
[2024-09-27T14:19:57.198+0200] {logging_mixin.py:190} INFO - [2024-09-27T14:19:57.198+0200] {override.py:1901} INFO - Created Permission View: can create on DAG Run:example_xcom
[2024-09-27T14:19:57.204+0200] {logging_mixin.py:190} INFO - [2024-09-27T14:19:57.203+0200] {override.py:1901} INFO - Created Permission View: can delete on DAG Run:example_xcom
[2024-09-27T14:19:57.209+0200] {logging_mixin.py:190} INFO - [2024-09-27T14:19:57.209+0200] {override.py:1901} INFO - Created Permission View: can read on DAG Run:example_xcom
[2024-09-27T14:19:57.214+0200] {logging_mixin.py:190} INFO - [2024-09-27T14:19:57.214+0200] {override.py:1901} INFO - Created Permission View: menu access on DAG Run:example_xcom
[2024-09-27T14:19:57.215+0200] {logging_mixin.py:190} INFO - [2024-09-27T14:19:57.215+0200] {dag.py:3239} INFO - Sync 1 DAGs
[2024-09-27T14:19:57.221+0200] {logging_mixin.py:190} INFO - [2024-09-27T14:19:57.221+0200] {dag.py:3262} INFO - Creating ORM DAG for example_xcom
[2024-09-27T14:19:57.226+0200] {logging_mixin.py:190} INFO - [2024-09-27T14:19:57.226+0200] {dag.py:4180} INFO - Setting next_dagrun for example_xcom to 2021-01-01 00:00:00+00:00, run_after=2021-01-01 00:00:00+00:00
[2024-09-27T14:19:57.239+0200] {processor.py:208} INFO - Processing /home/julian/.cache/pypoetry/virtualenvs/real-time-data-lake-QWGm5iRW-py3.11/lib/python3.11/site-packages/airflow/example_dags/example_xcom.py took 0.153 seconds
[2024-09-27T14:20:58.846+0200] {processor.py:186} INFO - Started process (PID=280096) to work on /home/julian/.cache/pypoetry/virtualenvs/real-time-data-lake-QWGm5iRW-py3.11/lib/python3.11/site-packages/airflow/example_dags/example_xcom.py
[2024-09-27T14:20:58.852+0200] {processor.py:914} INFO - Processing file /home/julian/.cache/pypoetry/virtualenvs/real-time-data-lake-QWGm5iRW-py3.11/lib/python3.11/site-packages/airflow/example_dags/example_xcom.py for tasks to queue
[2024-09-27T14:20:58.856+0200] {logging_mixin.py:190} INFO - [2024-09-27T14:20:58.855+0200] {dagbag.py:588} INFO - Filling up the DagBag from /home/julian/.cache/pypoetry/virtualenvs/real-time-data-lake-QWGm5iRW-py3.11/lib/python3.11/site-packages/airflow/example_dags/example_xcom.py
[2024-09-27T14:20:58.868+0200] {processor.py:925} INFO - DAG(s) 'example_xcom' retrieved from /home/julian/.cache/pypoetry/virtualenvs/real-time-data-lake-QWGm5iRW-py3.11/lib/python3.11/site-packages/airflow/example_dags/example_xcom.py
[2024-09-27T14:20:58.890+0200] {logging_mixin.py:190} INFO - [2024-09-27T14:20:58.890+0200] {dag.py:3239} INFO - Sync 1 DAGs
[2024-09-27T14:20:58.907+0200] {logging_mixin.py:190} INFO - [2024-09-27T14:20:58.907+0200] {dag.py:4180} INFO - Setting next_dagrun for example_xcom to 2021-01-01 00:00:00+00:00, run_after=2021-01-01 00:00:00+00:00
[2024-09-27T14:20:58.920+0200] {processor.py:208} INFO - Processing /home/julian/.cache/pypoetry/virtualenvs/real-time-data-lake-QWGm5iRW-py3.11/lib/python3.11/site-packages/airflow/example_dags/example_xcom.py took 0.081 seconds
[2024-09-27T14:21:42.007+0200] {processor.py:186} INFO - Started process (PID=280145) to work on /home/julian/.cache/pypoetry/virtualenvs/real-time-data-lake-QWGm5iRW-py3.11/lib/python3.11/site-packages/airflow/example_dags/example_xcom.py
[2024-09-27T14:21:42.008+0200] {processor.py:914} INFO - Processing file /home/julian/.cache/pypoetry/virtualenvs/real-time-data-lake-QWGm5iRW-py3.11/lib/python3.11/site-packages/airflow/example_dags/example_xcom.py for tasks to queue
[2024-09-27T14:21:42.010+0200] {logging_mixin.py:190} INFO - [2024-09-27T14:21:42.010+0200] {dagbag.py:588} INFO - Filling up the DagBag from /home/julian/.cache/pypoetry/virtualenvs/real-time-data-lake-QWGm5iRW-py3.11/lib/python3.11/site-packages/airflow/example_dags/example_xcom.py
[2024-09-27T14:21:42.021+0200] {processor.py:925} INFO - DAG(s) 'example_xcom' retrieved from /home/julian/.cache/pypoetry/virtualenvs/real-time-data-lake-QWGm5iRW-py3.11/lib/python3.11/site-packages/airflow/example_dags/example_xcom.py
[2024-09-27T14:21:42.048+0200] {logging_mixin.py:190} INFO - [2024-09-27T14:21:42.048+0200] {dag.py:3239} INFO - Sync 1 DAGs
[2024-09-27T14:21:42.061+0200] {logging_mixin.py:190} INFO - [2024-09-27T14:21:42.060+0200] {dag.py:4180} INFO - Setting next_dagrun for example_xcom to 2021-01-01 00:00:00+00:00, run_after=2021-01-01 00:00:00+00:00
[2024-09-27T14:21:42.075+0200] {processor.py:208} INFO - Processing /home/julian/.cache/pypoetry/virtualenvs/real-time-data-lake-QWGm5iRW-py3.11/lib/python3.11/site-packages/airflow/example_dags/example_xcom.py took 0.074 seconds
[2024-09-27T14:22:36.980+0200] {processor.py:186} INFO - Started process (PID=280275) to work on /home/julian/.cache/pypoetry/virtualenvs/real-time-data-lake-QWGm5iRW-py3.11/lib/python3.11/site-packages/airflow/example_dags/example_xcom.py
[2024-09-27T14:22:36.986+0200] {processor.py:914} INFO - Processing file /home/julian/.cache/pypoetry/virtualenvs/real-time-data-lake-QWGm5iRW-py3.11/lib/python3.11/site-packages/airflow/example_dags/example_xcom.py for tasks to queue
[2024-09-27T14:22:36.988+0200] {logging_mixin.py:190} INFO - [2024-09-27T14:22:36.987+0200] {dagbag.py:588} INFO - Filling up the DagBag from /home/julian/.cache/pypoetry/virtualenvs/real-time-data-lake-QWGm5iRW-py3.11/lib/python3.11/site-packages/airflow/example_dags/example_xcom.py
[2024-09-27T14:22:36.993+0200] {processor.py:925} INFO - DAG(s) 'example_xcom' retrieved from /home/julian/.cache/pypoetry/virtualenvs/real-time-data-lake-QWGm5iRW-py3.11/lib/python3.11/site-packages/airflow/example_dags/example_xcom.py
[2024-09-27T14:22:37.003+0200] {logging_mixin.py:190} INFO - [2024-09-27T14:22:37.003+0200] {dag.py:3239} INFO - Sync 1 DAGs
[2024-09-27T14:22:37.015+0200] {logging_mixin.py:190} INFO - [2024-09-27T14:22:37.015+0200] {dag.py:4180} INFO - Setting next_dagrun for example_xcom to 2021-01-01 00:00:00+00:00, run_after=2021-01-01 00:00:00+00:00
[2024-09-27T14:22:37.031+0200] {processor.py:208} INFO - Processing /home/julian/.cache/pypoetry/virtualenvs/real-time-data-lake-QWGm5iRW-py3.11/lib/python3.11/site-packages/airflow/example_dags/example_xcom.py took 0.054 seconds
[2024-09-27T14:23:27.779+0200] {processor.py:186} INFO - Started process (PID=280413) to work on /home/julian/.cache/pypoetry/virtualenvs/real-time-data-lake-QWGm5iRW-py3.11/lib/python3.11/site-packages/airflow/example_dags/example_xcom.py
[2024-09-27T14:23:27.785+0200] {processor.py:914} INFO - Processing file /home/julian/.cache/pypoetry/virtualenvs/real-time-data-lake-QWGm5iRW-py3.11/lib/python3.11/site-packages/airflow/example_dags/example_xcom.py for tasks to queue
[2024-09-27T14:23:27.787+0200] {logging_mixin.py:190} INFO - [2024-09-27T14:23:27.787+0200] {dagbag.py:588} INFO - Filling up the DagBag from /home/julian/.cache/pypoetry/virtualenvs/real-time-data-lake-QWGm5iRW-py3.11/lib/python3.11/site-packages/airflow/example_dags/example_xcom.py
[2024-09-27T14:23:27.799+0200] {processor.py:925} INFO - DAG(s) 'example_xcom' retrieved from /home/julian/.cache/pypoetry/virtualenvs/real-time-data-lake-QWGm5iRW-py3.11/lib/python3.11/site-packages/airflow/example_dags/example_xcom.py
[2024-09-27T14:23:27.820+0200] {logging_mixin.py:190} INFO - [2024-09-27T14:23:27.820+0200] {dag.py:3239} INFO - Sync 1 DAGs
[2024-09-27T14:23:27.840+0200] {logging_mixin.py:190} INFO - [2024-09-27T14:23:27.840+0200] {dag.py:4180} INFO - Setting next_dagrun for example_xcom to 2021-01-01 00:00:00+00:00, run_after=2021-01-01 00:00:00+00:00
[2024-09-27T14:23:27.856+0200] {processor.py:208} INFO - Processing /home/julian/.cache/pypoetry/virtualenvs/real-time-data-lake-QWGm5iRW-py3.11/lib/python3.11/site-packages/airflow/example_dags/example_xcom.py took 0.083 seconds
[2024-09-27T14:24:19.889+0200] {processor.py:186} INFO - Started process (PID=280535) to work on /home/julian/.cache/pypoetry/virtualenvs/real-time-data-lake-QWGm5iRW-py3.11/lib/python3.11/site-packages/airflow/example_dags/example_xcom.py
[2024-09-27T14:24:19.895+0200] {processor.py:914} INFO - Processing file /home/julian/.cache/pypoetry/virtualenvs/real-time-data-lake-QWGm5iRW-py3.11/lib/python3.11/site-packages/airflow/example_dags/example_xcom.py for tasks to queue
[2024-09-27T14:24:19.897+0200] {logging_mixin.py:190} INFO - [2024-09-27T14:24:19.897+0200] {dagbag.py:588} INFO - Filling up the DagBag from /home/julian/.cache/pypoetry/virtualenvs/real-time-data-lake-QWGm5iRW-py3.11/lib/python3.11/site-packages/airflow/example_dags/example_xcom.py
[2024-09-27T14:24:19.909+0200] {processor.py:925} INFO - DAG(s) 'example_xcom' retrieved from /home/julian/.cache/pypoetry/virtualenvs/real-time-data-lake-QWGm5iRW-py3.11/lib/python3.11/site-packages/airflow/example_dags/example_xcom.py
[2024-09-27T14:24:19.931+0200] {logging_mixin.py:190} INFO - [2024-09-27T14:24:19.931+0200] {dag.py:3239} INFO - Sync 1 DAGs
[2024-09-27T14:24:19.947+0200] {logging_mixin.py:190} INFO - [2024-09-27T14:24:19.947+0200] {dag.py:4180} INFO - Setting next_dagrun for example_xcom to 2021-01-01 00:00:00+00:00, run_after=2021-01-01 00:00:00+00:00
[2024-09-27T14:24:19.961+0200] {processor.py:208} INFO - Processing /home/julian/.cache/pypoetry/virtualenvs/real-time-data-lake-QWGm5iRW-py3.11/lib/python3.11/site-packages/airflow/example_dags/example_xcom.py took 0.079 seconds
[2024-09-27T14:25:10.131+0200] {processor.py:186} INFO - Started process (PID=280748) to work on /home/julian/.cache/pypoetry/virtualenvs/real-time-data-lake-QWGm5iRW-py3.11/lib/python3.11/site-packages/airflow/example_dags/example_xcom.py
[2024-09-27T14:25:10.134+0200] {processor.py:914} INFO - Processing file /home/julian/.cache/pypoetry/virtualenvs/real-time-data-lake-QWGm5iRW-py3.11/lib/python3.11/site-packages/airflow/example_dags/example_xcom.py for tasks to queue
[2024-09-27T14:25:10.137+0200] {logging_mixin.py:190} INFO - [2024-09-27T14:25:10.136+0200] {dagbag.py:588} INFO - Filling up the DagBag from /home/julian/.cache/pypoetry/virtualenvs/real-time-data-lake-QWGm5iRW-py3.11/lib/python3.11/site-packages/airflow/example_dags/example_xcom.py
[2024-09-27T14:25:10.149+0200] {processor.py:925} INFO - DAG(s) 'example_xcom' retrieved from /home/julian/.cache/pypoetry/virtualenvs/real-time-data-lake-QWGm5iRW-py3.11/lib/python3.11/site-packages/airflow/example_dags/example_xcom.py
[2024-09-27T14:25:10.170+0200] {logging_mixin.py:190} INFO - [2024-09-27T14:25:10.170+0200] {dag.py:3239} INFO - Sync 1 DAGs
[2024-09-27T14:25:10.184+0200] {logging_mixin.py:190} INFO - [2024-09-27T14:25:10.184+0200] {dag.py:4180} INFO - Setting next_dagrun for example_xcom to 2021-01-01 00:00:00+00:00, run_after=2021-01-01 00:00:00+00:00
[2024-09-27T14:25:10.197+0200] {processor.py:208} INFO - Processing /home/julian/.cache/pypoetry/virtualenvs/real-time-data-lake-QWGm5iRW-py3.11/lib/python3.11/site-packages/airflow/example_dags/example_xcom.py took 0.073 seconds
[2024-09-27T14:30:08.988+0200] {processor.py:186} INFO - Started process (PID=281385) to work on /home/julian/.cache/pypoetry/virtualenvs/real-time-data-lake-QWGm5iRW-py3.11/lib/python3.11/site-packages/airflow/example_dags/example_xcom.py
[2024-09-27T14:30:08.989+0200] {processor.py:914} INFO - Processing file /home/julian/.cache/pypoetry/virtualenvs/real-time-data-lake-QWGm5iRW-py3.11/lib/python3.11/site-packages/airflow/example_dags/example_xcom.py for tasks to queue
[2024-09-27T14:30:08.992+0200] {logging_mixin.py:190} INFO - [2024-09-27T14:30:08.991+0200] {dagbag.py:588} INFO - Filling up the DagBag from /home/julian/.cache/pypoetry/virtualenvs/real-time-data-lake-QWGm5iRW-py3.11/lib/python3.11/site-packages/airflow/example_dags/example_xcom.py
[2024-09-27T14:30:09.004+0200] {processor.py:925} INFO - DAG(s) 'example_xcom' retrieved from /home/julian/.cache/pypoetry/virtualenvs/real-time-data-lake-QWGm5iRW-py3.11/lib/python3.11/site-packages/airflow/example_dags/example_xcom.py
[2024-09-27T14:30:09.032+0200] {logging_mixin.py:190} INFO - [2024-09-27T14:30:09.032+0200] {dag.py:3239} INFO - Sync 1 DAGs
[2024-09-27T14:30:09.045+0200] {logging_mixin.py:190} INFO - [2024-09-27T14:30:09.045+0200] {dag.py:4180} INFO - Setting next_dagrun for example_xcom to 2021-01-01 00:00:00+00:00, run_after=2021-01-01 00:00:00+00:00
[2024-09-27T14:30:09.060+0200] {processor.py:208} INFO - Processing /home/julian/.cache/pypoetry/virtualenvs/real-time-data-lake-QWGm5iRW-py3.11/lib/python3.11/site-packages/airflow/example_dags/example_xcom.py took 0.078 seconds
[2024-09-27T14:31:03.801+0200] {processor.py:186} INFO - Started process (PID=281506) to work on /home/julian/.cache/pypoetry/virtualenvs/real-time-data-lake-QWGm5iRW-py3.11/lib/python3.11/site-packages/airflow/example_dags/example_xcom.py
[2024-09-27T14:31:03.807+0200] {processor.py:914} INFO - Processing file /home/julian/.cache/pypoetry/virtualenvs/real-time-data-lake-QWGm5iRW-py3.11/lib/python3.11/site-packages/airflow/example_dags/example_xcom.py for tasks to queue
[2024-09-27T14:31:03.809+0200] {logging_mixin.py:190} INFO - [2024-09-27T14:31:03.808+0200] {dagbag.py:588} INFO - Filling up the DagBag from /home/julian/.cache/pypoetry/virtualenvs/real-time-data-lake-QWGm5iRW-py3.11/lib/python3.11/site-packages/airflow/example_dags/example_xcom.py
[2024-09-27T14:31:03.814+0200] {processor.py:925} INFO - DAG(s) 'example_xcom' retrieved from /home/julian/.cache/pypoetry/virtualenvs/real-time-data-lake-QWGm5iRW-py3.11/lib/python3.11/site-packages/airflow/example_dags/example_xcom.py
[2024-09-27T14:31:03.826+0200] {logging_mixin.py:190} INFO - [2024-09-27T14:31:03.826+0200] {dag.py:3239} INFO - Sync 1 DAGs
[2024-09-27T14:31:03.838+0200] {logging_mixin.py:190} INFO - [2024-09-27T14:31:03.838+0200] {dag.py:4180} INFO - Setting next_dagrun for example_xcom to 2021-01-01 00:00:00+00:00, run_after=2021-01-01 00:00:00+00:00
[2024-09-27T14:31:03.852+0200] {processor.py:208} INFO - Processing /home/julian/.cache/pypoetry/virtualenvs/real-time-data-lake-QWGm5iRW-py3.11/lib/python3.11/site-packages/airflow/example_dags/example_xcom.py took 0.057 seconds
[2024-09-27T14:31:51.768+0200] {processor.py:186} INFO - Started process (PID=281578) to work on /home/julian/.cache/pypoetry/virtualenvs/real-time-data-lake-QWGm5iRW-py3.11/lib/python3.11/site-packages/airflow/example_dags/example_xcom.py
[2024-09-27T14:31:51.773+0200] {processor.py:914} INFO - Processing file /home/julian/.cache/pypoetry/virtualenvs/real-time-data-lake-QWGm5iRW-py3.11/lib/python3.11/site-packages/airflow/example_dags/example_xcom.py for tasks to queue
[2024-09-27T14:31:51.775+0200] {logging_mixin.py:190} INFO - [2024-09-27T14:31:51.775+0200] {dagbag.py:588} INFO - Filling up the DagBag from /home/julian/.cache/pypoetry/virtualenvs/real-time-data-lake-QWGm5iRW-py3.11/lib/python3.11/site-packages/airflow/example_dags/example_xcom.py
[2024-09-27T14:31:51.782+0200] {processor.py:925} INFO - DAG(s) 'example_xcom' retrieved from /home/julian/.cache/pypoetry/virtualenvs/real-time-data-lake-QWGm5iRW-py3.11/lib/python3.11/site-packages/airflow/example_dags/example_xcom.py
[2024-09-27T14:31:51.794+0200] {logging_mixin.py:190} INFO - [2024-09-27T14:31:51.794+0200] {dag.py:3239} INFO - Sync 1 DAGs
[2024-09-27T14:31:51.808+0200] {logging_mixin.py:190} INFO - [2024-09-27T14:31:51.808+0200] {dag.py:4180} INFO - Setting next_dagrun for example_xcom to 2021-01-01 00:00:00+00:00, run_after=2021-01-01 00:00:00+00:00
[2024-09-27T14:31:51.823+0200] {processor.py:208} INFO - Processing /home/julian/.cache/pypoetry/virtualenvs/real-time-data-lake-QWGm5iRW-py3.11/lib/python3.11/site-packages/airflow/example_dags/example_xcom.py took 0.059 seconds
[2024-09-27T14:32:41.398+0200] {processor.py:186} INFO - Started process (PID=281712) to work on /home/julian/.cache/pypoetry/virtualenvs/real-time-data-lake-QWGm5iRW-py3.11/lib/python3.11/site-packages/airflow/example_dags/example_xcom.py
[2024-09-27T14:32:41.404+0200] {processor.py:914} INFO - Processing file /home/julian/.cache/pypoetry/virtualenvs/real-time-data-lake-QWGm5iRW-py3.11/lib/python3.11/site-packages/airflow/example_dags/example_xcom.py for tasks to queue
[2024-09-27T14:32:41.406+0200] {logging_mixin.py:190} INFO - [2024-09-27T14:32:41.406+0200] {dagbag.py:588} INFO - Filling up the DagBag from /home/julian/.cache/pypoetry/virtualenvs/real-time-data-lake-QWGm5iRW-py3.11/lib/python3.11/site-packages/airflow/example_dags/example_xcom.py
[2024-09-27T14:32:41.417+0200] {processor.py:925} INFO - DAG(s) 'example_xcom' retrieved from /home/julian/.cache/pypoetry/virtualenvs/real-time-data-lake-QWGm5iRW-py3.11/lib/python3.11/site-packages/airflow/example_dags/example_xcom.py
[2024-09-27T14:32:41.438+0200] {logging_mixin.py:190} INFO - [2024-09-27T14:32:41.438+0200] {dag.py:3239} INFO - Sync 1 DAGs
[2024-09-27T14:32:41.459+0200] {logging_mixin.py:190} INFO - [2024-09-27T14:32:41.459+0200] {dag.py:4180} INFO - Setting next_dagrun for example_xcom to 2021-01-01 00:00:00+00:00, run_after=2021-01-01 00:00:00+00:00
[2024-09-27T14:32:41.473+0200] {processor.py:208} INFO - Processing /home/julian/.cache/pypoetry/virtualenvs/real-time-data-lake-QWGm5iRW-py3.11/lib/python3.11/site-packages/airflow/example_dags/example_xcom.py took 0.082 seconds
[2024-09-27T14:33:30.121+0200] {processor.py:186} INFO - Started process (PID=281808) to work on /home/julian/.cache/pypoetry/virtualenvs/real-time-data-lake-QWGm5iRW-py3.11/lib/python3.11/site-packages/airflow/example_dags/example_xcom.py
[2024-09-27T14:33:30.127+0200] {processor.py:914} INFO - Processing file /home/julian/.cache/pypoetry/virtualenvs/real-time-data-lake-QWGm5iRW-py3.11/lib/python3.11/site-packages/airflow/example_dags/example_xcom.py for tasks to queue
[2024-09-27T14:33:30.130+0200] {logging_mixin.py:190} INFO - [2024-09-27T14:33:30.129+0200] {dagbag.py:588} INFO - Filling up the DagBag from /home/julian/.cache/pypoetry/virtualenvs/real-time-data-lake-QWGm5iRW-py3.11/lib/python3.11/site-packages/airflow/example_dags/example_xcom.py
[2024-09-27T14:33:30.137+0200] {processor.py:925} INFO - DAG(s) 'example_xcom' retrieved from /home/julian/.cache/pypoetry/virtualenvs/real-time-data-lake-QWGm5iRW-py3.11/lib/python3.11/site-packages/airflow/example_dags/example_xcom.py
[2024-09-27T14:33:30.147+0200] {logging_mixin.py:190} INFO - [2024-09-27T14:33:30.147+0200] {dag.py:3239} INFO - Sync 1 DAGs
[2024-09-27T14:33:30.159+0200] {logging_mixin.py:190} INFO - [2024-09-27T14:33:30.159+0200] {dag.py:4180} INFO - Setting next_dagrun for example_xcom to 2021-01-01 00:00:00+00:00, run_after=2021-01-01 00:00:00+00:00
[2024-09-27T14:33:30.172+0200] {processor.py:208} INFO - Processing /home/julian/.cache/pypoetry/virtualenvs/real-time-data-lake-QWGm5iRW-py3.11/lib/python3.11/site-packages/airflow/example_dags/example_xcom.py took 0.058 seconds
[2024-09-27T14:34:19.969+0200] {processor.py:186} INFO - Started process (PID=281921) to work on /home/julian/.cache/pypoetry/virtualenvs/real-time-data-lake-QWGm5iRW-py3.11/lib/python3.11/site-packages/airflow/example_dags/example_xcom.py
[2024-09-27T14:34:19.970+0200] {processor.py:914} INFO - Processing file /home/julian/.cache/pypoetry/virtualenvs/real-time-data-lake-QWGm5iRW-py3.11/lib/python3.11/site-packages/airflow/example_dags/example_xcom.py for tasks to queue
[2024-09-27T14:34:19.972+0200] {logging_mixin.py:190} INFO - [2024-09-27T14:34:19.972+0200] {dagbag.py:588} INFO - Filling up the DagBag from /home/julian/.cache/pypoetry/virtualenvs/real-time-data-lake-QWGm5iRW-py3.11/lib/python3.11/site-packages/airflow/example_dags/example_xcom.py
[2024-09-27T14:34:19.984+0200] {processor.py:925} INFO - DAG(s) 'example_xcom' retrieved from /home/julian/.cache/pypoetry/virtualenvs/real-time-data-lake-QWGm5iRW-py3.11/lib/python3.11/site-packages/airflow/example_dags/example_xcom.py
[2024-09-27T14:34:20.006+0200] {logging_mixin.py:190} INFO - [2024-09-27T14:34:20.005+0200] {dag.py:3239} INFO - Sync 1 DAGs
[2024-09-27T14:34:20.018+0200] {logging_mixin.py:190} INFO - [2024-09-27T14:34:20.018+0200] {dag.py:4180} INFO - Setting next_dagrun for example_xcom to 2021-01-01 00:00:00+00:00, run_after=2021-01-01 00:00:00+00:00
[2024-09-27T14:34:20.031+0200] {processor.py:208} INFO - Processing /home/julian/.cache/pypoetry/virtualenvs/real-time-data-lake-QWGm5iRW-py3.11/lib/python3.11/site-packages/airflow/example_dags/example_xcom.py took 0.070 seconds
[2024-09-27T14:35:09.227+0200] {processor.py:186} INFO - Started process (PID=282129) to work on /home/julian/.cache/pypoetry/virtualenvs/real-time-data-lake-QWGm5iRW-py3.11/lib/python3.11/site-packages/airflow/example_dags/example_xcom.py
[2024-09-27T14:35:09.233+0200] {processor.py:914} INFO - Processing file /home/julian/.cache/pypoetry/virtualenvs/real-time-data-lake-QWGm5iRW-py3.11/lib/python3.11/site-packages/airflow/example_dags/example_xcom.py for tasks to queue
[2024-09-27T14:35:09.236+0200] {logging_mixin.py:190} INFO - [2024-09-27T14:35:09.235+0200] {dagbag.py:588} INFO - Filling up the DagBag from /home/julian/.cache/pypoetry/virtualenvs/real-time-data-lake-QWGm5iRW-py3.11/lib/python3.11/site-packages/airflow/example_dags/example_xcom.py
[2024-09-27T14:35:09.248+0200] {processor.py:925} INFO - DAG(s) 'example_xcom' retrieved from /home/julian/.cache/pypoetry/virtualenvs/real-time-data-lake-QWGm5iRW-py3.11/lib/python3.11/site-packages/airflow/example_dags/example_xcom.py
[2024-09-27T14:35:09.270+0200] {logging_mixin.py:190} INFO - [2024-09-27T14:35:09.270+0200] {dag.py:3239} INFO - Sync 1 DAGs
[2024-09-27T14:35:09.287+0200] {logging_mixin.py:190} INFO - [2024-09-27T14:35:09.286+0200] {dag.py:4180} INFO - Setting next_dagrun for example_xcom to 2021-01-01 00:00:00+00:00, run_after=2021-01-01 00:00:00+00:00
[2024-09-27T14:35:09.301+0200] {processor.py:208} INFO - Processing /home/julian/.cache/pypoetry/virtualenvs/real-time-data-lake-QWGm5iRW-py3.11/lib/python3.11/site-packages/airflow/example_dags/example_xcom.py took 0.081 seconds
[2024-09-27T14:35:54.540+0200] {processor.py:186} INFO - Started process (PID=282210) to work on /home/julian/.cache/pypoetry/virtualenvs/real-time-data-lake-QWGm5iRW-py3.11/lib/python3.11/site-packages/airflow/example_dags/example_xcom.py
[2024-09-27T14:35:54.542+0200] {processor.py:914} INFO - Processing file /home/julian/.cache/pypoetry/virtualenvs/real-time-data-lake-QWGm5iRW-py3.11/lib/python3.11/site-packages/airflow/example_dags/example_xcom.py for tasks to queue
[2024-09-27T14:35:54.544+0200] {logging_mixin.py:190} INFO - [2024-09-27T14:35:54.544+0200] {dagbag.py:588} INFO - Filling up the DagBag from /home/julian/.cache/pypoetry/virtualenvs/real-time-data-lake-QWGm5iRW-py3.11/lib/python3.11/site-packages/airflow/example_dags/example_xcom.py
[2024-09-27T14:35:54.556+0200] {processor.py:925} INFO - DAG(s) 'example_xcom' retrieved from /home/julian/.cache/pypoetry/virtualenvs/real-time-data-lake-QWGm5iRW-py3.11/lib/python3.11/site-packages/airflow/example_dags/example_xcom.py
[2024-09-27T14:35:54.578+0200] {logging_mixin.py:190} INFO - [2024-09-27T14:35:54.578+0200] {dag.py:3239} INFO - Sync 1 DAGs
[2024-09-27T14:35:54.590+0200] {logging_mixin.py:190} INFO - [2024-09-27T14:35:54.590+0200] {dag.py:4180} INFO - Setting next_dagrun for example_xcom to 2021-01-01 00:00:00+00:00, run_after=2021-01-01 00:00:00+00:00
[2024-09-27T14:35:54.604+0200] {processor.py:208} INFO - Processing /home/julian/.cache/pypoetry/virtualenvs/real-time-data-lake-QWGm5iRW-py3.11/lib/python3.11/site-packages/airflow/example_dags/example_xcom.py took 0.071 seconds
[2024-09-27T14:36:43.075+0200] {processor.py:186} INFO - Started process (PID=282279) to work on /home/julian/.cache/pypoetry/virtualenvs/real-time-data-lake-QWGm5iRW-py3.11/lib/python3.11/site-packages/airflow/example_dags/example_xcom.py
[2024-09-27T14:36:43.076+0200] {processor.py:914} INFO - Processing file /home/julian/.cache/pypoetry/virtualenvs/real-time-data-lake-QWGm5iRW-py3.11/lib/python3.11/site-packages/airflow/example_dags/example_xcom.py for tasks to queue
[2024-09-27T14:36:43.079+0200] {logging_mixin.py:190} INFO - [2024-09-27T14:36:43.078+0200] {dagbag.py:588} INFO - Filling up the DagBag from /home/julian/.cache/pypoetry/virtualenvs/real-time-data-lake-QWGm5iRW-py3.11/lib/python3.11/site-packages/airflow/example_dags/example_xcom.py
[2024-09-27T14:36:43.091+0200] {processor.py:925} INFO - DAG(s) 'example_xcom' retrieved from /home/julian/.cache/pypoetry/virtualenvs/real-time-data-lake-QWGm5iRW-py3.11/lib/python3.11/site-packages/airflow/example_dags/example_xcom.py
[2024-09-27T14:36:43.113+0200] {logging_mixin.py:190} INFO - [2024-09-27T14:36:43.113+0200] {dag.py:3239} INFO - Sync 1 DAGs
[2024-09-27T14:36:43.126+0200] {logging_mixin.py:190} INFO - [2024-09-27T14:36:43.126+0200] {dag.py:4180} INFO - Setting next_dagrun for example_xcom to 2021-01-01 00:00:00+00:00, run_after=2021-01-01 00:00:00+00:00
[2024-09-27T14:36:43.139+0200] {processor.py:208} INFO - Processing /home/julian/.cache/pypoetry/virtualenvs/real-time-data-lake-QWGm5iRW-py3.11/lib/python3.11/site-packages/airflow/example_dags/example_xcom.py took 0.071 seconds
[2024-09-27T14:37:33.700+0200] {processor.py:186} INFO - Started process (PID=282437) to work on /home/julian/.cache/pypoetry/virtualenvs/real-time-data-lake-QWGm5iRW-py3.11/lib/python3.11/site-packages/airflow/example_dags/example_xcom.py
[2024-09-27T14:37:33.706+0200] {processor.py:914} INFO - Processing file /home/julian/.cache/pypoetry/virtualenvs/real-time-data-lake-QWGm5iRW-py3.11/lib/python3.11/site-packages/airflow/example_dags/example_xcom.py for tasks to queue
[2024-09-27T14:37:33.709+0200] {logging_mixin.py:190} INFO - [2024-09-27T14:37:33.708+0200] {dagbag.py:588} INFO - Filling up the DagBag from /home/julian/.cache/pypoetry/virtualenvs/real-time-data-lake-QWGm5iRW-py3.11/lib/python3.11/site-packages/airflow/example_dags/example_xcom.py
[2024-09-27T14:37:33.721+0200] {processor.py:925} INFO - DAG(s) 'example_xcom' retrieved from /home/julian/.cache/pypoetry/virtualenvs/real-time-data-lake-QWGm5iRW-py3.11/lib/python3.11/site-packages/airflow/example_dags/example_xcom.py
[2024-09-27T14:37:33.743+0200] {logging_mixin.py:190} INFO - [2024-09-27T14:37:33.742+0200] {dag.py:3239} INFO - Sync 1 DAGs
[2024-09-27T14:37:33.759+0200] {logging_mixin.py:190} INFO - [2024-09-27T14:37:33.758+0200] {dag.py:4180} INFO - Setting next_dagrun for example_xcom to 2021-01-01 00:00:00+00:00, run_after=2021-01-01 00:00:00+00:00
[2024-09-27T14:37:33.772+0200] {processor.py:208} INFO - Processing /home/julian/.cache/pypoetry/virtualenvs/real-time-data-lake-QWGm5iRW-py3.11/lib/python3.11/site-packages/airflow/example_dags/example_xcom.py took 0.079 seconds
[2024-09-27T14:38:25.088+0200] {processor.py:186} INFO - Started process (PID=282722) to work on /home/julian/.cache/pypoetry/virtualenvs/real-time-data-lake-QWGm5iRW-py3.11/lib/python3.11/site-packages/airflow/example_dags/example_xcom.py
[2024-09-27T14:38:25.094+0200] {processor.py:914} INFO - Processing file /home/julian/.cache/pypoetry/virtualenvs/real-time-data-lake-QWGm5iRW-py3.11/lib/python3.11/site-packages/airflow/example_dags/example_xcom.py for tasks to queue
[2024-09-27T14:38:25.097+0200] {logging_mixin.py:190} INFO - [2024-09-27T14:38:25.096+0200] {dagbag.py:588} INFO - Filling up the DagBag from /home/julian/.cache/pypoetry/virtualenvs/real-time-data-lake-QWGm5iRW-py3.11/lib/python3.11/site-packages/airflow/example_dags/example_xcom.py
[2024-09-27T14:38:25.107+0200] {processor.py:925} INFO - DAG(s) 'example_xcom' retrieved from /home/julian/.cache/pypoetry/virtualenvs/real-time-data-lake-QWGm5iRW-py3.11/lib/python3.11/site-packages/airflow/example_dags/example_xcom.py
[2024-09-27T14:38:25.126+0200] {logging_mixin.py:190} INFO - [2024-09-27T14:38:25.126+0200] {dag.py:3239} INFO - Sync 1 DAGs
[2024-09-27T14:38:25.147+0200] {logging_mixin.py:190} INFO - [2024-09-27T14:38:25.147+0200] {dag.py:4180} INFO - Setting next_dagrun for example_xcom to 2021-01-01 00:00:00+00:00, run_after=2021-01-01 00:00:00+00:00
[2024-09-27T14:38:25.160+0200] {processor.py:208} INFO - Processing /home/julian/.cache/pypoetry/virtualenvs/real-time-data-lake-QWGm5iRW-py3.11/lib/python3.11/site-packages/airflow/example_dags/example_xcom.py took 0.078 seconds
[2024-09-27T14:39:14.533+0200] {processor.py:186} INFO - Started process (PID=282867) to work on /home/julian/.cache/pypoetry/virtualenvs/real-time-data-lake-QWGm5iRW-py3.11/lib/python3.11/site-packages/airflow/example_dags/example_xcom.py
[2024-09-27T14:39:14.539+0200] {processor.py:914} INFO - Processing file /home/julian/.cache/pypoetry/virtualenvs/real-time-data-lake-QWGm5iRW-py3.11/lib/python3.11/site-packages/airflow/example_dags/example_xcom.py for tasks to queue
[2024-09-27T14:39:14.541+0200] {logging_mixin.py:190} INFO - [2024-09-27T14:39:14.541+0200] {dagbag.py:588} INFO - Filling up the DagBag from /home/julian/.cache/pypoetry/virtualenvs/real-time-data-lake-QWGm5iRW-py3.11/lib/python3.11/site-packages/airflow/example_dags/example_xcom.py
[2024-09-27T14:39:14.553+0200] {processor.py:925} INFO - DAG(s) 'example_xcom' retrieved from /home/julian/.cache/pypoetry/virtualenvs/real-time-data-lake-QWGm5iRW-py3.11/lib/python3.11/site-packages/airflow/example_dags/example_xcom.py
[2024-09-27T14:39:14.575+0200] {logging_mixin.py:190} INFO - [2024-09-27T14:39:14.575+0200] {dag.py:3239} INFO - Sync 1 DAGs
[2024-09-27T14:39:14.591+0200] {logging_mixin.py:190} INFO - [2024-09-27T14:39:14.591+0200] {dag.py:4180} INFO - Setting next_dagrun for example_xcom to 2021-01-01 00:00:00+00:00, run_after=2021-01-01 00:00:00+00:00
[2024-09-27T14:39:14.604+0200] {processor.py:208} INFO - Processing /home/julian/.cache/pypoetry/virtualenvs/real-time-data-lake-QWGm5iRW-py3.11/lib/python3.11/site-packages/airflow/example_dags/example_xcom.py took 0.078 seconds
