[2024-09-27T14:20:57.944+0200] {processor.py:186} INFO - Started process (PID=280094) to work on /home/julian/.cache/pypoetry/virtualenvs/real-time-data-lake-QWGm5iRW-py3.11/lib/python3.11/site-packages/airflow/example_dags/example_dag_decorator.py
[2024-09-27T14:20:57.945+0200] {processor.py:914} INFO - Processing file /home/julian/.cache/pypoetry/virtualenvs/real-time-data-lake-QWGm5iRW-py3.11/lib/python3.11/site-packages/airflow/example_dags/example_dag_decorator.py for tasks to queue
[2024-09-27T14:20:57.948+0200] {logging_mixin.py:190} INFO - [2024-09-27T14:20:57.947+0200] {dagbag.py:588} INFO - Filling up the DagBag from /home/julian/.cache/pypoetry/virtualenvs/real-time-data-lake-QWGm5iRW-py3.11/lib/python3.11/site-packages/airflow/example_dags/example_dag_decorator.py
[2024-09-27T14:20:57.964+0200] {processor.py:925} INFO - DAG(s) 'example_dag_decorator' retrieved from /home/julian/.cache/pypoetry/virtualenvs/real-time-data-lake-QWGm5iRW-py3.11/lib/python3.11/site-packages/airflow/example_dags/example_dag_decorator.py
[2024-09-27T14:20:58.035+0200] {logging_mixin.py:190} INFO - [2024-09-27T14:20:58.034+0200] {override.py:1901} INFO - Created Permission View: can delete on DAG:example_dag_decorator
[2024-09-27T14:20:58.042+0200] {logging_mixin.py:190} INFO - [2024-09-27T14:20:58.042+0200] {override.py:1901} INFO - Created Permission View: can read on DAG:example_dag_decorator
[2024-09-27T14:20:58.048+0200] {logging_mixin.py:190} INFO - [2024-09-27T14:20:58.047+0200] {override.py:1901} INFO - Created Permission View: can edit on DAG:example_dag_decorator
[2024-09-27T14:20:58.059+0200] {logging_mixin.py:190} INFO - [2024-09-27T14:20:58.058+0200] {override.py:1901} INFO - Created Permission View: can create on DAG Run:example_dag_decorator
[2024-09-27T14:20:58.065+0200] {logging_mixin.py:190} INFO - [2024-09-27T14:20:58.065+0200] {override.py:1901} INFO - Created Permission View: can delete on DAG Run:example_dag_decorator
[2024-09-27T14:20:58.071+0200] {logging_mixin.py:190} INFO - [2024-09-27T14:20:58.071+0200] {override.py:1901} INFO - Created Permission View: can read on DAG Run:example_dag_decorator
[2024-09-27T14:20:58.077+0200] {logging_mixin.py:190} INFO - [2024-09-27T14:20:58.076+0200] {override.py:1901} INFO - Created Permission View: menu access on DAG Run:example_dag_decorator
[2024-09-27T14:20:58.077+0200] {logging_mixin.py:190} INFO - [2024-09-27T14:20:58.077+0200] {dag.py:3239} INFO - Sync 1 DAGs
[2024-09-27T14:20:58.084+0200] {logging_mixin.py:190} INFO - [2024-09-27T14:20:58.084+0200] {dag.py:3262} INFO - Creating ORM DAG for example_dag_decorator
[2024-09-27T14:20:58.084+0200] {logging_mixin.py:190} INFO - [2024-09-27T14:20:58.084+0200] {dag.py:4180} INFO - Setting next_dagrun for example_dag_decorator to None, run_after=None
[2024-09-27T14:20:58.096+0200] {processor.py:208} INFO - Processing /home/julian/.cache/pypoetry/virtualenvs/real-time-data-lake-QWGm5iRW-py3.11/lib/python3.11/site-packages/airflow/example_dags/example_dag_decorator.py took 0.159 seconds
[2024-09-27T14:22:35.733+0200] {processor.py:186} INFO - Started process (PID=280274) to work on /home/julian/.cache/pypoetry/virtualenvs/real-time-data-lake-QWGm5iRW-py3.11/lib/python3.11/site-packages/airflow/example_dags/example_dag_decorator.py
[2024-09-27T14:22:35.739+0200] {processor.py:914} INFO - Processing file /home/julian/.cache/pypoetry/virtualenvs/real-time-data-lake-QWGm5iRW-py3.11/lib/python3.11/site-packages/airflow/example_dags/example_dag_decorator.py for tasks to queue
[2024-09-27T14:22:35.742+0200] {logging_mixin.py:190} INFO - [2024-09-27T14:22:35.742+0200] {dagbag.py:588} INFO - Filling up the DagBag from /home/julian/.cache/pypoetry/virtualenvs/real-time-data-lake-QWGm5iRW-py3.11/lib/python3.11/site-packages/airflow/example_dags/example_dag_decorator.py
[2024-09-27T14:22:35.757+0200] {processor.py:925} INFO - DAG(s) 'example_dag_decorator' retrieved from /home/julian/.cache/pypoetry/virtualenvs/real-time-data-lake-QWGm5iRW-py3.11/lib/python3.11/site-packages/airflow/example_dags/example_dag_decorator.py
[2024-09-27T14:22:35.828+0200] {logging_mixin.py:190} INFO - [2024-09-27T14:22:35.828+0200] {dag.py:3239} INFO - Sync 1 DAGs
[2024-09-27T14:22:35.835+0200] {logging_mixin.py:190} INFO - [2024-09-27T14:22:35.835+0200] {dag.py:4180} INFO - Setting next_dagrun for example_dag_decorator to None, run_after=None
[2024-09-27T14:22:35.848+0200] {processor.py:208} INFO - Processing /home/julian/.cache/pypoetry/virtualenvs/real-time-data-lake-QWGm5iRW-py3.11/lib/python3.11/site-packages/airflow/example_dags/example_dag_decorator.py took 0.122 seconds
[2024-09-27T14:23:51.841+0200] {processor.py:186} INFO - Started process (PID=280490) to work on /home/julian/.cache/pypoetry/virtualenvs/real-time-data-lake-QWGm5iRW-py3.11/lib/python3.11/site-packages/airflow/example_dags/example_dag_decorator.py
[2024-09-27T14:23:51.847+0200] {processor.py:914} INFO - Processing file /home/julian/.cache/pypoetry/virtualenvs/real-time-data-lake-QWGm5iRW-py3.11/lib/python3.11/site-packages/airflow/example_dags/example_dag_decorator.py for tasks to queue
[2024-09-27T14:23:51.850+0200] {logging_mixin.py:190} INFO - [2024-09-27T14:23:51.850+0200] {dagbag.py:588} INFO - Filling up the DagBag from /home/julian/.cache/pypoetry/virtualenvs/real-time-data-lake-QWGm5iRW-py3.11/lib/python3.11/site-packages/airflow/example_dags/example_dag_decorator.py
[2024-09-27T14:23:51.864+0200] {processor.py:925} INFO - DAG(s) 'example_dag_decorator' retrieved from /home/julian/.cache/pypoetry/virtualenvs/real-time-data-lake-QWGm5iRW-py3.11/lib/python3.11/site-packages/airflow/example_dags/example_dag_decorator.py
[2024-09-27T14:23:51.941+0200] {logging_mixin.py:190} INFO - [2024-09-27T14:23:51.941+0200] {dag.py:3239} INFO - Sync 1 DAGs
[2024-09-27T14:23:51.948+0200] {logging_mixin.py:190} INFO - [2024-09-27T14:23:51.947+0200] {dag.py:4180} INFO - Setting next_dagrun for example_dag_decorator to None, run_after=None
[2024-09-27T14:23:51.961+0200] {processor.py:208} INFO - Processing /home/julian/.cache/pypoetry/virtualenvs/real-time-data-lake-QWGm5iRW-py3.11/lib/python3.11/site-packages/airflow/example_dags/example_dag_decorator.py took 0.126 seconds
[2024-09-27T14:25:08.993+0200] {processor.py:186} INFO - Started process (PID=280746) to work on /home/julian/.cache/pypoetry/virtualenvs/real-time-data-lake-QWGm5iRW-py3.11/lib/python3.11/site-packages/airflow/example_dags/example_dag_decorator.py
[2024-09-27T14:25:08.998+0200] {processor.py:914} INFO - Processing file /home/julian/.cache/pypoetry/virtualenvs/real-time-data-lake-QWGm5iRW-py3.11/lib/python3.11/site-packages/airflow/example_dags/example_dag_decorator.py for tasks to queue
[2024-09-27T14:25:09.001+0200] {logging_mixin.py:190} INFO - [2024-09-27T14:25:09.000+0200] {dagbag.py:588} INFO - Filling up the DagBag from /home/julian/.cache/pypoetry/virtualenvs/real-time-data-lake-QWGm5iRW-py3.11/lib/python3.11/site-packages/airflow/example_dags/example_dag_decorator.py
[2024-09-27T14:25:09.015+0200] {processor.py:925} INFO - DAG(s) 'example_dag_decorator' retrieved from /home/julian/.cache/pypoetry/virtualenvs/real-time-data-lake-QWGm5iRW-py3.11/lib/python3.11/site-packages/airflow/example_dags/example_dag_decorator.py
[2024-09-27T14:25:09.039+0200] {logging_mixin.py:190} INFO - [2024-09-27T14:25:09.038+0200] {dag.py:3239} INFO - Sync 1 DAGs
[2024-09-27T14:25:09.048+0200] {logging_mixin.py:190} INFO - [2024-09-27T14:25:09.048+0200] {dag.py:4180} INFO - Setting next_dagrun for example_dag_decorator to None, run_after=None
[2024-09-27T14:25:09.061+0200] {processor.py:208} INFO - Processing /home/julian/.cache/pypoetry/virtualenvs/real-time-data-lake-QWGm5iRW-py3.11/lib/python3.11/site-packages/airflow/example_dags/example_dag_decorator.py took 0.076 seconds
[2024-09-27T14:31:02.556+0200] {processor.py:186} INFO - Started process (PID=281504) to work on /home/julian/.cache/pypoetry/virtualenvs/real-time-data-lake-QWGm5iRW-py3.11/lib/python3.11/site-packages/airflow/example_dags/example_dag_decorator.py
[2024-09-27T14:31:02.561+0200] {processor.py:914} INFO - Processing file /home/julian/.cache/pypoetry/virtualenvs/real-time-data-lake-QWGm5iRW-py3.11/lib/python3.11/site-packages/airflow/example_dags/example_dag_decorator.py for tasks to queue
[2024-09-27T14:31:02.564+0200] {logging_mixin.py:190} INFO - [2024-09-27T14:31:02.564+0200] {dagbag.py:588} INFO - Filling up the DagBag from /home/julian/.cache/pypoetry/virtualenvs/real-time-data-lake-QWGm5iRW-py3.11/lib/python3.11/site-packages/airflow/example_dags/example_dag_decorator.py
[2024-09-27T14:31:02.579+0200] {processor.py:925} INFO - DAG(s) 'example_dag_decorator' retrieved from /home/julian/.cache/pypoetry/virtualenvs/real-time-data-lake-QWGm5iRW-py3.11/lib/python3.11/site-packages/airflow/example_dags/example_dag_decorator.py
[2024-09-27T14:31:02.655+0200] {logging_mixin.py:190} INFO - [2024-09-27T14:31:02.654+0200] {dag.py:3239} INFO - Sync 1 DAGs
[2024-09-27T14:31:02.664+0200] {logging_mixin.py:190} INFO - [2024-09-27T14:31:02.664+0200] {dag.py:4180} INFO - Setting next_dagrun for example_dag_decorator to None, run_after=None
[2024-09-27T14:31:02.682+0200] {processor.py:208} INFO - Processing /home/julian/.cache/pypoetry/virtualenvs/real-time-data-lake-QWGm5iRW-py3.11/lib/python3.11/site-packages/airflow/example_dags/example_dag_decorator.py took 0.133 seconds
[2024-09-27T14:32:15.153+0200] {processor.py:186} INFO - Started process (PID=281615) to work on /home/julian/.cache/pypoetry/virtualenvs/real-time-data-lake-QWGm5iRW-py3.11/lib/python3.11/site-packages/airflow/example_dags/example_dag_decorator.py
[2024-09-27T14:32:15.159+0200] {processor.py:914} INFO - Processing file /home/julian/.cache/pypoetry/virtualenvs/real-time-data-lake-QWGm5iRW-py3.11/lib/python3.11/site-packages/airflow/example_dags/example_dag_decorator.py for tasks to queue
[2024-09-27T14:32:15.162+0200] {logging_mixin.py:190} INFO - [2024-09-27T14:32:15.161+0200] {dagbag.py:588} INFO - Filling up the DagBag from /home/julian/.cache/pypoetry/virtualenvs/real-time-data-lake-QWGm5iRW-py3.11/lib/python3.11/site-packages/airflow/example_dags/example_dag_decorator.py
[2024-09-27T14:32:15.177+0200] {processor.py:925} INFO - DAG(s) 'example_dag_decorator' retrieved from /home/julian/.cache/pypoetry/virtualenvs/real-time-data-lake-QWGm5iRW-py3.11/lib/python3.11/site-packages/airflow/example_dags/example_dag_decorator.py
[2024-09-27T14:32:15.249+0200] {logging_mixin.py:190} INFO - [2024-09-27T14:32:15.248+0200] {dag.py:3239} INFO - Sync 1 DAGs
[2024-09-27T14:32:15.255+0200] {logging_mixin.py:190} INFO - [2024-09-27T14:32:15.255+0200] {dag.py:4180} INFO - Setting next_dagrun for example_dag_decorator to None, run_after=None
[2024-09-27T14:32:15.270+0200] {processor.py:208} INFO - Processing /home/julian/.cache/pypoetry/virtualenvs/real-time-data-lake-QWGm5iRW-py3.11/lib/python3.11/site-packages/airflow/example_dags/example_dag_decorator.py took 0.124 seconds
[2024-09-27T14:33:29.574+0200] {processor.py:186} INFO - Started process (PID=281807) to work on /home/julian/.cache/pypoetry/virtualenvs/real-time-data-lake-QWGm5iRW-py3.11/lib/python3.11/site-packages/airflow/example_dags/example_dag_decorator.py
[2024-09-27T14:33:29.580+0200] {processor.py:914} INFO - Processing file /home/julian/.cache/pypoetry/virtualenvs/real-time-data-lake-QWGm5iRW-py3.11/lib/python3.11/site-packages/airflow/example_dags/example_dag_decorator.py for tasks to queue
[2024-09-27T14:33:29.583+0200] {logging_mixin.py:190} INFO - [2024-09-27T14:33:29.582+0200] {dagbag.py:588} INFO - Filling up the DagBag from /home/julian/.cache/pypoetry/virtualenvs/real-time-data-lake-QWGm5iRW-py3.11/lib/python3.11/site-packages/airflow/example_dags/example_dag_decorator.py
[2024-09-27T14:33:29.598+0200] {processor.py:925} INFO - DAG(s) 'example_dag_decorator' retrieved from /home/julian/.cache/pypoetry/virtualenvs/real-time-data-lake-QWGm5iRW-py3.11/lib/python3.11/site-packages/airflow/example_dags/example_dag_decorator.py
[2024-09-27T14:33:29.665+0200] {logging_mixin.py:190} INFO - [2024-09-27T14:33:29.664+0200] {dag.py:3239} INFO - Sync 1 DAGs
[2024-09-27T14:33:29.671+0200] {logging_mixin.py:190} INFO - [2024-09-27T14:33:29.671+0200] {dag.py:4180} INFO - Setting next_dagrun for example_dag_decorator to None, run_after=None
[2024-09-27T14:33:29.686+0200] {processor.py:208} INFO - Processing /home/julian/.cache/pypoetry/virtualenvs/real-time-data-lake-QWGm5iRW-py3.11/lib/python3.11/site-packages/airflow/example_dags/example_dag_decorator.py took 0.119 seconds
[2024-09-27T14:34:42.217+0200] {processor.py:186} INFO - Started process (PID=282085) to work on /home/julian/.cache/pypoetry/virtualenvs/real-time-data-lake-QWGm5iRW-py3.11/lib/python3.11/site-packages/airflow/example_dags/example_dag_decorator.py
[2024-09-27T14:34:42.223+0200] {processor.py:914} INFO - Processing file /home/julian/.cache/pypoetry/virtualenvs/real-time-data-lake-QWGm5iRW-py3.11/lib/python3.11/site-packages/airflow/example_dags/example_dag_decorator.py for tasks to queue
[2024-09-27T14:34:42.226+0200] {logging_mixin.py:190} INFO - [2024-09-27T14:34:42.225+0200] {dagbag.py:588} INFO - Filling up the DagBag from /home/julian/.cache/pypoetry/virtualenvs/real-time-data-lake-QWGm5iRW-py3.11/lib/python3.11/site-packages/airflow/example_dags/example_dag_decorator.py
[2024-09-27T14:34:42.241+0200] {processor.py:925} INFO - DAG(s) 'example_dag_decorator' retrieved from /home/julian/.cache/pypoetry/virtualenvs/real-time-data-lake-QWGm5iRW-py3.11/lib/python3.11/site-packages/airflow/example_dags/example_dag_decorator.py
[2024-09-27T14:34:42.311+0200] {logging_mixin.py:190} INFO - [2024-09-27T14:34:42.311+0200] {dag.py:3239} INFO - Sync 1 DAGs
[2024-09-27T14:34:42.318+0200] {logging_mixin.py:190} INFO - [2024-09-27T14:34:42.317+0200] {dag.py:4180} INFO - Setting next_dagrun for example_dag_decorator to None, run_after=None
[2024-09-27T14:34:42.331+0200] {processor.py:208} INFO - Processing /home/julian/.cache/pypoetry/virtualenvs/real-time-data-lake-QWGm5iRW-py3.11/lib/python3.11/site-packages/airflow/example_dags/example_dag_decorator.py took 0.121 seconds
[2024-09-27T14:35:53.980+0200] {processor.py:186} INFO - Started process (PID=282209) to work on /home/julian/.cache/pypoetry/virtualenvs/real-time-data-lake-QWGm5iRW-py3.11/lib/python3.11/site-packages/airflow/example_dags/example_dag_decorator.py
[2024-09-27T14:35:53.986+0200] {processor.py:914} INFO - Processing file /home/julian/.cache/pypoetry/virtualenvs/real-time-data-lake-QWGm5iRW-py3.11/lib/python3.11/site-packages/airflow/example_dags/example_dag_decorator.py for tasks to queue
[2024-09-27T14:35:53.988+0200] {logging_mixin.py:190} INFO - [2024-09-27T14:35:53.988+0200] {dagbag.py:588} INFO - Filling up the DagBag from /home/julian/.cache/pypoetry/virtualenvs/real-time-data-lake-QWGm5iRW-py3.11/lib/python3.11/site-packages/airflow/example_dags/example_dag_decorator.py
[2024-09-27T14:35:54.003+0200] {processor.py:925} INFO - DAG(s) 'example_dag_decorator' retrieved from /home/julian/.cache/pypoetry/virtualenvs/real-time-data-lake-QWGm5iRW-py3.11/lib/python3.11/site-packages/airflow/example_dags/example_dag_decorator.py
[2024-09-27T14:35:54.079+0200] {logging_mixin.py:190} INFO - [2024-09-27T14:35:54.078+0200] {dag.py:3239} INFO - Sync 1 DAGs
[2024-09-27T14:35:54.085+0200] {logging_mixin.py:190} INFO - [2024-09-27T14:35:54.085+0200] {dag.py:4180} INFO - Setting next_dagrun for example_dag_decorator to None, run_after=None
[2024-09-27T14:35:54.098+0200] {processor.py:208} INFO - Processing /home/julian/.cache/pypoetry/virtualenvs/real-time-data-lake-QWGm5iRW-py3.11/lib/python3.11/site-packages/airflow/example_dags/example_dag_decorator.py took 0.126 seconds
[2024-09-27T14:37:07.913+0200] {processor.py:186} INFO - Started process (PID=282319) to work on /home/julian/.cache/pypoetry/virtualenvs/real-time-data-lake-QWGm5iRW-py3.11/lib/python3.11/site-packages/airflow/example_dags/example_dag_decorator.py
[2024-09-27T14:37:07.918+0200] {processor.py:914} INFO - Processing file /home/julian/.cache/pypoetry/virtualenvs/real-time-data-lake-QWGm5iRW-py3.11/lib/python3.11/site-packages/airflow/example_dags/example_dag_decorator.py for tasks to queue
[2024-09-27T14:37:07.921+0200] {logging_mixin.py:190} INFO - [2024-09-27T14:37:07.920+0200] {dagbag.py:588} INFO - Filling up the DagBag from /home/julian/.cache/pypoetry/virtualenvs/real-time-data-lake-QWGm5iRW-py3.11/lib/python3.11/site-packages/airflow/example_dags/example_dag_decorator.py
[2024-09-27T14:37:07.928+0200] {processor.py:925} INFO - DAG(s) 'example_dag_decorator' retrieved from /home/julian/.cache/pypoetry/virtualenvs/real-time-data-lake-QWGm5iRW-py3.11/lib/python3.11/site-packages/airflow/example_dags/example_dag_decorator.py
[2024-09-27T14:37:08.077+0200] {logging_mixin.py:190} INFO - [2024-09-27T14:37:08.076+0200] {dag.py:3239} INFO - Sync 1 DAGs
[2024-09-27T14:37:08.082+0200] {logging_mixin.py:190} INFO - [2024-09-27T14:37:08.082+0200] {dag.py:4180} INFO - Setting next_dagrun for example_dag_decorator to None, run_after=None
[2024-09-27T14:37:08.100+0200] {processor.py:208} INFO - Processing /home/julian/.cache/pypoetry/virtualenvs/real-time-data-lake-QWGm5iRW-py3.11/lib/python3.11/site-packages/airflow/example_dags/example_dag_decorator.py took 0.191 seconds
[2024-09-27T14:38:23.945+0200] {processor.py:186} INFO - Started process (PID=282719) to work on /home/julian/.cache/pypoetry/virtualenvs/real-time-data-lake-QWGm5iRW-py3.11/lib/python3.11/site-packages/airflow/example_dags/example_dag_decorator.py
[2024-09-27T14:38:23.951+0200] {processor.py:914} INFO - Processing file /home/julian/.cache/pypoetry/virtualenvs/real-time-data-lake-QWGm5iRW-py3.11/lib/python3.11/site-packages/airflow/example_dags/example_dag_decorator.py for tasks to queue
[2024-09-27T14:38:23.954+0200] {logging_mixin.py:190} INFO - [2024-09-27T14:38:23.953+0200] {dagbag.py:588} INFO - Filling up the DagBag from /home/julian/.cache/pypoetry/virtualenvs/real-time-data-lake-QWGm5iRW-py3.11/lib/python3.11/site-packages/airflow/example_dags/example_dag_decorator.py
[2024-09-27T14:38:23.969+0200] {processor.py:925} INFO - DAG(s) 'example_dag_decorator' retrieved from /home/julian/.cache/pypoetry/virtualenvs/real-time-data-lake-QWGm5iRW-py3.11/lib/python3.11/site-packages/airflow/example_dags/example_dag_decorator.py
[2024-09-27T14:38:23.995+0200] {logging_mixin.py:190} INFO - [2024-09-27T14:38:23.994+0200] {dag.py:3239} INFO - Sync 1 DAGs
[2024-09-27T14:38:24.002+0200] {logging_mixin.py:190} INFO - [2024-09-27T14:38:24.002+0200] {dag.py:4180} INFO - Setting next_dagrun for example_dag_decorator to None, run_after=None
[2024-09-27T14:38:24.016+0200] {processor.py:208} INFO - Processing /home/julian/.cache/pypoetry/virtualenvs/real-time-data-lake-QWGm5iRW-py3.11/lib/python3.11/site-packages/airflow/example_dags/example_dag_decorator.py took 0.078 seconds
