[2024-09-27T14:20:37.645+0200] {processor.py:186} INFO - Started process (PID=280049) to work on /home/julian/.cache/pypoetry/virtualenvs/real-time-data-lake-QWGm5iRW-py3.11/lib/python3.11/site-packages/airflow/example_dags/example_branch_datetime_operator.py
[2024-09-27T14:20:37.646+0200] {processor.py:914} INFO - Processing file /home/julian/.cache/pypoetry/virtualenvs/real-time-data-lake-QWGm5iRW-py3.11/lib/python3.11/site-packages/airflow/example_dags/example_branch_datetime_operator.py for tasks to queue
[2024-09-27T14:20:37.649+0200] {logging_mixin.py:190} INFO - [2024-09-27T14:20:37.649+0200] {dagbag.py:588} INFO - Filling up the DagBag from /home/julian/.cache/pypoetry/virtualenvs/real-time-data-lake-QWGm5iRW-py3.11/lib/python3.11/site-packages/airflow/example_dags/example_branch_datetime_operator.py
[2024-09-27T14:20:37.667+0200] {processor.py:925} INFO - DAG(s) 'example_branch_datetime_operator', 'example_branch_datetime_operator_2', 'example_branch_datetime_operator_3' retrieved from /home/julian/.cache/pypoetry/virtualenvs/real-time-data-lake-QWGm5iRW-py3.11/lib/python3.11/site-packages/airflow/example_dags/example_branch_datetime_operator.py
[2024-09-27T14:20:37.732+0200] {logging_mixin.py:190} INFO - [2024-09-27T14:20:37.732+0200] {override.py:1901} INFO - Created Permission View: can delete on DAG:example_branch_datetime_operator
[2024-09-27T14:20:37.740+0200] {logging_mixin.py:190} INFO - [2024-09-27T14:20:37.739+0200] {override.py:1901} INFO - Created Permission View: can read on DAG:example_branch_datetime_operator
[2024-09-27T14:20:37.745+0200] {logging_mixin.py:190} INFO - [2024-09-27T14:20:37.745+0200] {override.py:1901} INFO - Created Permission View: can edit on DAG:example_branch_datetime_operator
[2024-09-27T14:20:37.755+0200] {logging_mixin.py:190} INFO - [2024-09-27T14:20:37.755+0200] {override.py:1901} INFO - Created Permission View: can create on DAG Run:example_branch_datetime_operator
[2024-09-27T14:20:37.761+0200] {logging_mixin.py:190} INFO - [2024-09-27T14:20:37.760+0200] {override.py:1901} INFO - Created Permission View: can delete on DAG Run:example_branch_datetime_operator
[2024-09-27T14:20:37.766+0200] {logging_mixin.py:190} INFO - [2024-09-27T14:20:37.766+0200] {override.py:1901} INFO - Created Permission View: can read on DAG Run:example_branch_datetime_operator
[2024-09-27T14:20:37.772+0200] {logging_mixin.py:190} INFO - [2024-09-27T14:20:37.771+0200] {override.py:1901} INFO - Created Permission View: menu access on DAG Run:example_branch_datetime_operator
[2024-09-27T14:20:37.785+0200] {logging_mixin.py:190} INFO - [2024-09-27T14:20:37.785+0200] {override.py:1901} INFO - Created Permission View: can delete on DAG:example_branch_datetime_operator_2
[2024-09-27T14:20:37.790+0200] {logging_mixin.py:190} INFO - [2024-09-27T14:20:37.790+0200] {override.py:1901} INFO - Created Permission View: can read on DAG:example_branch_datetime_operator_2
[2024-09-27T14:20:37.795+0200] {logging_mixin.py:190} INFO - [2024-09-27T14:20:37.795+0200] {override.py:1901} INFO - Created Permission View: can edit on DAG:example_branch_datetime_operator_2
[2024-09-27T14:20:37.804+0200] {logging_mixin.py:190} INFO - [2024-09-27T14:20:37.803+0200] {override.py:1901} INFO - Created Permission View: can create on DAG Run:example_branch_datetime_operator_2
[2024-09-27T14:20:37.808+0200] {logging_mixin.py:190} INFO - [2024-09-27T14:20:37.808+0200] {override.py:1901} INFO - Created Permission View: can delete on DAG Run:example_branch_datetime_operator_2
[2024-09-27T14:20:37.813+0200] {logging_mixin.py:190} INFO - [2024-09-27T14:20:37.813+0200] {override.py:1901} INFO - Created Permission View: can read on DAG Run:example_branch_datetime_operator_2
[2024-09-27T14:20:37.818+0200] {logging_mixin.py:190} INFO - [2024-09-27T14:20:37.818+0200] {override.py:1901} INFO - Created Permission View: menu access on DAG Run:example_branch_datetime_operator_2
[2024-09-27T14:20:37.830+0200] {logging_mixin.py:190} INFO - [2024-09-27T14:20:37.829+0200] {override.py:1901} INFO - Created Permission View: can delete on DAG:example_branch_datetime_operator_3
[2024-09-27T14:20:37.836+0200] {logging_mixin.py:190} INFO - [2024-09-27T14:20:37.835+0200] {override.py:1901} INFO - Created Permission View: can read on DAG:example_branch_datetime_operator_3
[2024-09-27T14:20:37.843+0200] {logging_mixin.py:190} INFO - [2024-09-27T14:20:37.842+0200] {override.py:1901} INFO - Created Permission View: can edit on DAG:example_branch_datetime_operator_3
[2024-09-27T14:20:37.851+0200] {logging_mixin.py:190} INFO - [2024-09-27T14:20:37.851+0200] {override.py:1901} INFO - Created Permission View: can create on DAG Run:example_branch_datetime_operator_3
[2024-09-27T14:20:37.856+0200] {logging_mixin.py:190} INFO - [2024-09-27T14:20:37.855+0200] {override.py:1901} INFO - Created Permission View: can delete on DAG Run:example_branch_datetime_operator_3
[2024-09-27T14:20:37.861+0200] {logging_mixin.py:190} INFO - [2024-09-27T14:20:37.861+0200] {override.py:1901} INFO - Created Permission View: can read on DAG Run:example_branch_datetime_operator_3
[2024-09-27T14:20:37.867+0200] {logging_mixin.py:190} INFO - [2024-09-27T14:20:37.866+0200] {override.py:1901} INFO - Created Permission View: menu access on DAG Run:example_branch_datetime_operator_3
[2024-09-27T14:20:37.867+0200] {logging_mixin.py:190} INFO - [2024-09-27T14:20:37.867+0200] {dag.py:3239} INFO - Sync 3 DAGs
[2024-09-27T14:20:37.874+0200] {logging_mixin.py:190} INFO - [2024-09-27T14:20:37.873+0200] {dag.py:3262} INFO - Creating ORM DAG for example_branch_datetime_operator_2
[2024-09-27T14:20:37.874+0200] {logging_mixin.py:190} INFO - [2024-09-27T14:20:37.874+0200] {dag.py:3262} INFO - Creating ORM DAG for example_branch_datetime_operator
[2024-09-27T14:20:37.874+0200] {logging_mixin.py:190} INFO - [2024-09-27T14:20:37.874+0200] {dag.py:3262} INFO - Creating ORM DAG for example_branch_datetime_operator_3
[2024-09-27T14:20:37.881+0200] {logging_mixin.py:190} INFO - [2024-09-27T14:20:37.881+0200] {dag.py:4180} INFO - Setting next_dagrun for example_branch_datetime_operator to 2024-09-26 00:00:00+00:00, run_after=2024-09-27 00:00:00+00:00
[2024-09-27T14:20:37.882+0200] {logging_mixin.py:190} INFO - [2024-09-27T14:20:37.882+0200] {dag.py:4180} INFO - Setting next_dagrun for example_branch_datetime_operator_2 to 2024-09-26 00:00:00+00:00, run_after=2024-09-27 00:00:00+00:00
[2024-09-27T14:20:37.883+0200] {logging_mixin.py:190} INFO - [2024-09-27T14:20:37.883+0200] {dag.py:4180} INFO - Setting next_dagrun for example_branch_datetime_operator_3 to 2024-09-26 00:00:00+00:00, run_after=2024-09-27 00:00:00+00:00
[2024-09-27T14:20:37.993+0200] {processor.py:208} INFO - Processing /home/julian/.cache/pypoetry/virtualenvs/real-time-data-lake-QWGm5iRW-py3.11/lib/python3.11/site-packages/airflow/example_dags/example_branch_datetime_operator.py took 0.355 seconds
[2024-09-27T14:22:17.186+0200] {processor.py:186} INFO - Started process (PID=280246) to work on /home/julian/.cache/pypoetry/virtualenvs/real-time-data-lake-QWGm5iRW-py3.11/lib/python3.11/site-packages/airflow/example_dags/example_branch_datetime_operator.py
[2024-09-27T14:22:17.191+0200] {processor.py:914} INFO - Processing file /home/julian/.cache/pypoetry/virtualenvs/real-time-data-lake-QWGm5iRW-py3.11/lib/python3.11/site-packages/airflow/example_dags/example_branch_datetime_operator.py for tasks to queue
[2024-09-27T14:22:17.194+0200] {logging_mixin.py:190} INFO - [2024-09-27T14:22:17.194+0200] {dagbag.py:588} INFO - Filling up the DagBag from /home/julian/.cache/pypoetry/virtualenvs/real-time-data-lake-QWGm5iRW-py3.11/lib/python3.11/site-packages/airflow/example_dags/example_branch_datetime_operator.py
[2024-09-27T14:22:17.211+0200] {processor.py:925} INFO - DAG(s) 'example_branch_datetime_operator', 'example_branch_datetime_operator_3', 'example_branch_datetime_operator_2' retrieved from /home/julian/.cache/pypoetry/virtualenvs/real-time-data-lake-QWGm5iRW-py3.11/lib/python3.11/site-packages/airflow/example_dags/example_branch_datetime_operator.py
[2024-09-27T14:22:17.237+0200] {logging_mixin.py:190} INFO - [2024-09-27T14:22:17.237+0200] {dag.py:3239} INFO - Sync 3 DAGs
[2024-09-27T14:22:17.250+0200] {logging_mixin.py:190} INFO - [2024-09-27T14:22:17.250+0200] {dag.py:4180} INFO - Setting next_dagrun for example_branch_datetime_operator to 2024-09-26 00:00:00+00:00, run_after=2024-09-27 00:00:00+00:00
[2024-09-27T14:22:17.253+0200] {logging_mixin.py:190} INFO - [2024-09-27T14:22:17.253+0200] {dag.py:4180} INFO - Setting next_dagrun for example_branch_datetime_operator_2 to 2024-09-26 00:00:00+00:00, run_after=2024-09-27 00:00:00+00:00
[2024-09-27T14:22:17.254+0200] {logging_mixin.py:190} INFO - [2024-09-27T14:22:17.254+0200] {dag.py:4180} INFO - Setting next_dagrun for example_branch_datetime_operator_3 to 2024-09-26 00:00:00+00:00, run_after=2024-09-27 00:00:00+00:00
[2024-09-27T14:22:17.268+0200] {processor.py:208} INFO - Processing /home/julian/.cache/pypoetry/virtualenvs/real-time-data-lake-QWGm5iRW-py3.11/lib/python3.11/site-packages/airflow/example_dags/example_branch_datetime_operator.py took 0.089 seconds
[2024-09-27T14:23:12.617+0200] {processor.py:186} INFO - Started process (PID=280369) to work on /home/julian/.cache/pypoetry/virtualenvs/real-time-data-lake-QWGm5iRW-py3.11/lib/python3.11/site-packages/airflow/example_dags/example_branch_datetime_operator.py
[2024-09-27T14:23:12.622+0200] {processor.py:914} INFO - Processing file /home/julian/.cache/pypoetry/virtualenvs/real-time-data-lake-QWGm5iRW-py3.11/lib/python3.11/site-packages/airflow/example_dags/example_branch_datetime_operator.py for tasks to queue
[2024-09-27T14:23:12.625+0200] {logging_mixin.py:190} INFO - [2024-09-27T14:23:12.624+0200] {dagbag.py:588} INFO - Filling up the DagBag from /home/julian/.cache/pypoetry/virtualenvs/real-time-data-lake-QWGm5iRW-py3.11/lib/python3.11/site-packages/airflow/example_dags/example_branch_datetime_operator.py
[2024-09-27T14:23:12.641+0200] {processor.py:925} INFO - DAG(s) 'example_branch_datetime_operator', 'example_branch_datetime_operator_2', 'example_branch_datetime_operator_3' retrieved from /home/julian/.cache/pypoetry/virtualenvs/real-time-data-lake-QWGm5iRW-py3.11/lib/python3.11/site-packages/airflow/example_dags/example_branch_datetime_operator.py
[2024-09-27T14:23:12.668+0200] {logging_mixin.py:190} INFO - [2024-09-27T14:23:12.668+0200] {dag.py:3239} INFO - Sync 3 DAGs
[2024-09-27T14:23:12.681+0200] {logging_mixin.py:190} INFO - [2024-09-27T14:23:12.681+0200] {dag.py:4180} INFO - Setting next_dagrun for example_branch_datetime_operator to 2024-09-26 00:00:00+00:00, run_after=2024-09-27 00:00:00+00:00
[2024-09-27T14:23:12.684+0200] {logging_mixin.py:190} INFO - [2024-09-27T14:23:12.684+0200] {dag.py:4180} INFO - Setting next_dagrun for example_branch_datetime_operator_2 to 2024-09-26 00:00:00+00:00, run_after=2024-09-27 00:00:00+00:00
[2024-09-27T14:23:12.685+0200] {logging_mixin.py:190} INFO - [2024-09-27T14:23:12.685+0200] {dag.py:4180} INFO - Setting next_dagrun for example_branch_datetime_operator_3 to 2024-09-26 00:00:00+00:00, run_after=2024-09-27 00:00:00+00:00
[2024-09-27T14:23:12.697+0200] {processor.py:208} INFO - Processing /home/julian/.cache/pypoetry/virtualenvs/real-time-data-lake-QWGm5iRW-py3.11/lib/python3.11/site-packages/airflow/example_dags/example_branch_datetime_operator.py took 0.088 seconds
[2024-09-27T14:24:08.459+0200] {processor.py:186} INFO - Started process (PID=280510) to work on /home/julian/.cache/pypoetry/virtualenvs/real-time-data-lake-QWGm5iRW-py3.11/lib/python3.11/site-packages/airflow/example_dags/example_branch_datetime_operator.py
[2024-09-27T14:24:08.465+0200] {processor.py:914} INFO - Processing file /home/julian/.cache/pypoetry/virtualenvs/real-time-data-lake-QWGm5iRW-py3.11/lib/python3.11/site-packages/airflow/example_dags/example_branch_datetime_operator.py for tasks to queue
[2024-09-27T14:24:08.467+0200] {logging_mixin.py:190} INFO - [2024-09-27T14:24:08.467+0200] {dagbag.py:588} INFO - Filling up the DagBag from /home/julian/.cache/pypoetry/virtualenvs/real-time-data-lake-QWGm5iRW-py3.11/lib/python3.11/site-packages/airflow/example_dags/example_branch_datetime_operator.py
[2024-09-27T14:24:08.484+0200] {processor.py:925} INFO - DAG(s) 'example_branch_datetime_operator_3', 'example_branch_datetime_operator_2', 'example_branch_datetime_operator' retrieved from /home/julian/.cache/pypoetry/virtualenvs/real-time-data-lake-QWGm5iRW-py3.11/lib/python3.11/site-packages/airflow/example_dags/example_branch_datetime_operator.py
[2024-09-27T14:24:08.513+0200] {logging_mixin.py:190} INFO - [2024-09-27T14:24:08.513+0200] {dag.py:3239} INFO - Sync 3 DAGs
[2024-09-27T14:24:08.526+0200] {logging_mixin.py:190} INFO - [2024-09-27T14:24:08.526+0200] {dag.py:4180} INFO - Setting next_dagrun for example_branch_datetime_operator to 2024-09-26 00:00:00+00:00, run_after=2024-09-27 00:00:00+00:00
[2024-09-27T14:24:08.528+0200] {logging_mixin.py:190} INFO - [2024-09-27T14:24:08.528+0200] {dag.py:4180} INFO - Setting next_dagrun for example_branch_datetime_operator_2 to 2024-09-26 00:00:00+00:00, run_after=2024-09-27 00:00:00+00:00
[2024-09-27T14:24:08.530+0200] {logging_mixin.py:190} INFO - [2024-09-27T14:24:08.530+0200] {dag.py:4180} INFO - Setting next_dagrun for example_branch_datetime_operator_3 to 2024-09-26 00:00:00+00:00, run_after=2024-09-27 00:00:00+00:00
[2024-09-27T14:24:08.541+0200] {processor.py:208} INFO - Processing /home/julian/.cache/pypoetry/virtualenvs/real-time-data-lake-QWGm5iRW-py3.11/lib/python3.11/site-packages/airflow/example_dags/example_branch_datetime_operator.py took 0.090 seconds
[2024-09-27T14:24:59.815+0200] {processor.py:186} INFO - Started process (PID=280724) to work on /home/julian/.cache/pypoetry/virtualenvs/real-time-data-lake-QWGm5iRW-py3.11/lib/python3.11/site-packages/airflow/example_dags/example_branch_datetime_operator.py
[2024-09-27T14:24:59.816+0200] {processor.py:914} INFO - Processing file /home/julian/.cache/pypoetry/virtualenvs/real-time-data-lake-QWGm5iRW-py3.11/lib/python3.11/site-packages/airflow/example_dags/example_branch_datetime_operator.py for tasks to queue
[2024-09-27T14:24:59.819+0200] {logging_mixin.py:190} INFO - [2024-09-27T14:24:59.818+0200] {dagbag.py:588} INFO - Filling up the DagBag from /home/julian/.cache/pypoetry/virtualenvs/real-time-data-lake-QWGm5iRW-py3.11/lib/python3.11/site-packages/airflow/example_dags/example_branch_datetime_operator.py
[2024-09-27T14:24:59.836+0200] {processor.py:925} INFO - DAG(s) 'example_branch_datetime_operator_2', 'example_branch_datetime_operator_3', 'example_branch_datetime_operator' retrieved from /home/julian/.cache/pypoetry/virtualenvs/real-time-data-lake-QWGm5iRW-py3.11/lib/python3.11/site-packages/airflow/example_dags/example_branch_datetime_operator.py
[2024-09-27T14:24:59.859+0200] {logging_mixin.py:190} INFO - [2024-09-27T14:24:59.859+0200] {dag.py:3239} INFO - Sync 3 DAGs
[2024-09-27T14:24:59.872+0200] {logging_mixin.py:190} INFO - [2024-09-27T14:24:59.872+0200] {dag.py:4180} INFO - Setting next_dagrun for example_branch_datetime_operator to 2024-09-26 00:00:00+00:00, run_after=2024-09-27 00:00:00+00:00
[2024-09-27T14:24:59.874+0200] {logging_mixin.py:190} INFO - [2024-09-27T14:24:59.874+0200] {dag.py:4180} INFO - Setting next_dagrun for example_branch_datetime_operator_2 to 2024-09-26 00:00:00+00:00, run_after=2024-09-27 00:00:00+00:00
[2024-09-27T14:24:59.876+0200] {logging_mixin.py:190} INFO - [2024-09-27T14:24:59.876+0200] {dag.py:4180} INFO - Setting next_dagrun for example_branch_datetime_operator_3 to 2024-09-26 00:00:00+00:00, run_after=2024-09-27 00:00:00+00:00
[2024-09-27T14:24:59.888+0200] {processor.py:208} INFO - Processing /home/julian/.cache/pypoetry/virtualenvs/real-time-data-lake-QWGm5iRW-py3.11/lib/python3.11/site-packages/airflow/example_dags/example_branch_datetime_operator.py took 0.081 seconds
[2024-09-27T14:30:44.010+0200] {processor.py:186} INFO - Started process (PID=281457) to work on /home/julian/.cache/pypoetry/virtualenvs/real-time-data-lake-QWGm5iRW-py3.11/lib/python3.11/site-packages/airflow/example_dags/example_branch_datetime_operator.py
[2024-09-27T14:30:44.013+0200] {processor.py:914} INFO - Processing file /home/julian/.cache/pypoetry/virtualenvs/real-time-data-lake-QWGm5iRW-py3.11/lib/python3.11/site-packages/airflow/example_dags/example_branch_datetime_operator.py for tasks to queue
[2024-09-27T14:30:44.014+0200] {logging_mixin.py:190} INFO - [2024-09-27T14:30:44.014+0200] {dagbag.py:588} INFO - Filling up the DagBag from /home/julian/.cache/pypoetry/virtualenvs/real-time-data-lake-QWGm5iRW-py3.11/lib/python3.11/site-packages/airflow/example_dags/example_branch_datetime_operator.py
[2024-09-27T14:30:44.021+0200] {processor.py:925} INFO - DAG(s) 'example_branch_datetime_operator', 'example_branch_datetime_operator_2', 'example_branch_datetime_operator_3' retrieved from /home/julian/.cache/pypoetry/virtualenvs/real-time-data-lake-QWGm5iRW-py3.11/lib/python3.11/site-packages/airflow/example_dags/example_branch_datetime_operator.py
[2024-09-27T14:30:44.034+0200] {logging_mixin.py:190} INFO - [2024-09-27T14:30:44.034+0200] {dag.py:3239} INFO - Sync 3 DAGs
[2024-09-27T14:30:44.047+0200] {logging_mixin.py:190} INFO - [2024-09-27T14:30:44.046+0200] {dag.py:4180} INFO - Setting next_dagrun for example_branch_datetime_operator to 2024-09-26 00:00:00+00:00, run_after=2024-09-27 00:00:00+00:00
[2024-09-27T14:30:44.049+0200] {logging_mixin.py:190} INFO - [2024-09-27T14:30:44.049+0200] {dag.py:4180} INFO - Setting next_dagrun for example_branch_datetime_operator_2 to 2024-09-26 00:00:00+00:00, run_after=2024-09-27 00:00:00+00:00
[2024-09-27T14:30:44.051+0200] {logging_mixin.py:190} INFO - [2024-09-27T14:30:44.051+0200] {dag.py:4180} INFO - Setting next_dagrun for example_branch_datetime_operator_3 to 2024-09-26 00:00:00+00:00, run_after=2024-09-27 00:00:00+00:00
[2024-09-27T14:30:44.064+0200] {processor.py:208} INFO - Processing /home/julian/.cache/pypoetry/virtualenvs/real-time-data-lake-QWGm5iRW-py3.11/lib/python3.11/site-packages/airflow/example_dags/example_branch_datetime_operator.py took 0.061 seconds
[2024-09-27T14:31:39.695+0200] {processor.py:186} INFO - Started process (PID=281557) to work on /home/julian/.cache/pypoetry/virtualenvs/real-time-data-lake-QWGm5iRW-py3.11/lib/python3.11/site-packages/airflow/example_dags/example_branch_datetime_operator.py
[2024-09-27T14:31:39.701+0200] {processor.py:914} INFO - Processing file /home/julian/.cache/pypoetry/virtualenvs/real-time-data-lake-QWGm5iRW-py3.11/lib/python3.11/site-packages/airflow/example_dags/example_branch_datetime_operator.py for tasks to queue
[2024-09-27T14:31:39.704+0200] {logging_mixin.py:190} INFO - [2024-09-27T14:31:39.703+0200] {dagbag.py:588} INFO - Filling up the DagBag from /home/julian/.cache/pypoetry/virtualenvs/real-time-data-lake-QWGm5iRW-py3.11/lib/python3.11/site-packages/airflow/example_dags/example_branch_datetime_operator.py
[2024-09-27T14:31:39.720+0200] {processor.py:925} INFO - DAG(s) 'example_branch_datetime_operator_3', 'example_branch_datetime_operator', 'example_branch_datetime_operator_2' retrieved from /home/julian/.cache/pypoetry/virtualenvs/real-time-data-lake-QWGm5iRW-py3.11/lib/python3.11/site-packages/airflow/example_dags/example_branch_datetime_operator.py
[2024-09-27T14:31:39.748+0200] {logging_mixin.py:190} INFO - [2024-09-27T14:31:39.748+0200] {dag.py:3239} INFO - Sync 3 DAGs
[2024-09-27T14:31:39.764+0200] {logging_mixin.py:190} INFO - [2024-09-27T14:31:39.764+0200] {dag.py:4180} INFO - Setting next_dagrun for example_branch_datetime_operator to 2024-09-26 00:00:00+00:00, run_after=2024-09-27 00:00:00+00:00
[2024-09-27T14:31:39.766+0200] {logging_mixin.py:190} INFO - [2024-09-27T14:31:39.766+0200] {dag.py:4180} INFO - Setting next_dagrun for example_branch_datetime_operator_2 to 2024-09-26 00:00:00+00:00, run_after=2024-09-27 00:00:00+00:00
[2024-09-27T14:31:39.768+0200] {logging_mixin.py:190} INFO - [2024-09-27T14:31:39.768+0200] {dag.py:4180} INFO - Setting next_dagrun for example_branch_datetime_operator_3 to 2024-09-26 00:00:00+00:00, run_after=2024-09-27 00:00:00+00:00
[2024-09-27T14:31:39.781+0200] {processor.py:208} INFO - Processing /home/julian/.cache/pypoetry/virtualenvs/real-time-data-lake-QWGm5iRW-py3.11/lib/python3.11/site-packages/airflow/example_dags/example_branch_datetime_operator.py took 0.093 seconds
[2024-09-27T14:32:33.457+0200] {processor.py:186} INFO - Started process (PID=281700) to work on /home/julian/.cache/pypoetry/virtualenvs/real-time-data-lake-QWGm5iRW-py3.11/lib/python3.11/site-packages/airflow/example_dags/example_branch_datetime_operator.py
[2024-09-27T14:32:33.463+0200] {processor.py:914} INFO - Processing file /home/julian/.cache/pypoetry/virtualenvs/real-time-data-lake-QWGm5iRW-py3.11/lib/python3.11/site-packages/airflow/example_dags/example_branch_datetime_operator.py for tasks to queue
[2024-09-27T14:32:33.466+0200] {logging_mixin.py:190} INFO - [2024-09-27T14:32:33.465+0200] {dagbag.py:588} INFO - Filling up the DagBag from /home/julian/.cache/pypoetry/virtualenvs/real-time-data-lake-QWGm5iRW-py3.11/lib/python3.11/site-packages/airflow/example_dags/example_branch_datetime_operator.py
[2024-09-27T14:32:33.482+0200] {processor.py:925} INFO - DAG(s) 'example_branch_datetime_operator', 'example_branch_datetime_operator_2', 'example_branch_datetime_operator_3' retrieved from /home/julian/.cache/pypoetry/virtualenvs/real-time-data-lake-QWGm5iRW-py3.11/lib/python3.11/site-packages/airflow/example_dags/example_branch_datetime_operator.py
[2024-09-27T14:32:33.506+0200] {logging_mixin.py:190} INFO - [2024-09-27T14:32:33.506+0200] {dag.py:3239} INFO - Sync 3 DAGs
[2024-09-27T14:32:33.518+0200] {logging_mixin.py:190} INFO - [2024-09-27T14:32:33.518+0200] {dag.py:4180} INFO - Setting next_dagrun for example_branch_datetime_operator to 2024-09-26 00:00:00+00:00, run_after=2024-09-27 00:00:00+00:00
[2024-09-27T14:32:33.521+0200] {logging_mixin.py:190} INFO - [2024-09-27T14:32:33.521+0200] {dag.py:4180} INFO - Setting next_dagrun for example_branch_datetime_operator_2 to 2024-09-26 00:00:00+00:00, run_after=2024-09-27 00:00:00+00:00
[2024-09-27T14:32:33.523+0200] {logging_mixin.py:190} INFO - [2024-09-27T14:32:33.522+0200] {dag.py:4180} INFO - Setting next_dagrun for example_branch_datetime_operator_3 to 2024-09-26 00:00:00+00:00, run_after=2024-09-27 00:00:00+00:00
[2024-09-27T14:32:33.536+0200] {processor.py:208} INFO - Processing /home/julian/.cache/pypoetry/virtualenvs/real-time-data-lake-QWGm5iRW-py3.11/lib/python3.11/site-packages/airflow/example_dags/example_branch_datetime_operator.py took 0.086 seconds
[2024-09-27T14:33:23.133+0200] {processor.py:186} INFO - Started process (PID=281798) to work on /home/julian/.cache/pypoetry/virtualenvs/real-time-data-lake-QWGm5iRW-py3.11/lib/python3.11/site-packages/airflow/example_dags/example_branch_datetime_operator.py
[2024-09-27T14:33:23.139+0200] {processor.py:914} INFO - Processing file /home/julian/.cache/pypoetry/virtualenvs/real-time-data-lake-QWGm5iRW-py3.11/lib/python3.11/site-packages/airflow/example_dags/example_branch_datetime_operator.py for tasks to queue
[2024-09-27T14:33:23.142+0200] {logging_mixin.py:190} INFO - [2024-09-27T14:33:23.141+0200] {dagbag.py:588} INFO - Filling up the DagBag from /home/julian/.cache/pypoetry/virtualenvs/real-time-data-lake-QWGm5iRW-py3.11/lib/python3.11/site-packages/airflow/example_dags/example_branch_datetime_operator.py
[2024-09-27T14:33:23.157+0200] {processor.py:925} INFO - DAG(s) 'example_branch_datetime_operator_2', 'example_branch_datetime_operator_3', 'example_branch_datetime_operator' retrieved from /home/julian/.cache/pypoetry/virtualenvs/real-time-data-lake-QWGm5iRW-py3.11/lib/python3.11/site-packages/airflow/example_dags/example_branch_datetime_operator.py
[2024-09-27T14:33:23.171+0200] {logging_mixin.py:190} INFO - [2024-09-27T14:33:23.170+0200] {dag.py:3239} INFO - Sync 3 DAGs
[2024-09-27T14:33:23.183+0200] {logging_mixin.py:190} INFO - [2024-09-27T14:33:23.183+0200] {dag.py:4180} INFO - Setting next_dagrun for example_branch_datetime_operator to 2024-09-26 00:00:00+00:00, run_after=2024-09-27 00:00:00+00:00
[2024-09-27T14:33:23.186+0200] {logging_mixin.py:190} INFO - [2024-09-27T14:33:23.186+0200] {dag.py:4180} INFO - Setting next_dagrun for example_branch_datetime_operator_2 to 2024-09-26 00:00:00+00:00, run_after=2024-09-27 00:00:00+00:00
[2024-09-27T14:33:23.188+0200] {logging_mixin.py:190} INFO - [2024-09-27T14:33:23.187+0200] {dag.py:4180} INFO - Setting next_dagrun for example_branch_datetime_operator_3 to 2024-09-26 00:00:00+00:00, run_after=2024-09-27 00:00:00+00:00
[2024-09-27T14:33:23.200+0200] {processor.py:208} INFO - Processing /home/julian/.cache/pypoetry/virtualenvs/real-time-data-lake-QWGm5iRW-py3.11/lib/python3.11/site-packages/airflow/example_dags/example_branch_datetime_operator.py took 0.074 seconds
[2024-09-27T14:34:11.337+0200] {processor.py:186} INFO - Started process (PID=281908) to work on /home/julian/.cache/pypoetry/virtualenvs/real-time-data-lake-QWGm5iRW-py3.11/lib/python3.11/site-packages/airflow/example_dags/example_branch_datetime_operator.py
[2024-09-27T14:34:11.343+0200] {processor.py:914} INFO - Processing file /home/julian/.cache/pypoetry/virtualenvs/real-time-data-lake-QWGm5iRW-py3.11/lib/python3.11/site-packages/airflow/example_dags/example_branch_datetime_operator.py for tasks to queue
[2024-09-27T14:34:11.346+0200] {logging_mixin.py:190} INFO - [2024-09-27T14:34:11.345+0200] {dagbag.py:588} INFO - Filling up the DagBag from /home/julian/.cache/pypoetry/virtualenvs/real-time-data-lake-QWGm5iRW-py3.11/lib/python3.11/site-packages/airflow/example_dags/example_branch_datetime_operator.py
[2024-09-27T14:34:11.356+0200] {processor.py:925} INFO - DAG(s) 'example_branch_datetime_operator', 'example_branch_datetime_operator_2', 'example_branch_datetime_operator_3' retrieved from /home/julian/.cache/pypoetry/virtualenvs/real-time-data-lake-QWGm5iRW-py3.11/lib/python3.11/site-packages/airflow/example_dags/example_branch_datetime_operator.py
[2024-09-27T14:34:11.369+0200] {logging_mixin.py:190} INFO - [2024-09-27T14:34:11.368+0200] {dag.py:3239} INFO - Sync 3 DAGs
[2024-09-27T14:34:11.381+0200] {logging_mixin.py:190} INFO - [2024-09-27T14:34:11.381+0200] {dag.py:4180} INFO - Setting next_dagrun for example_branch_datetime_operator to 2024-09-26 00:00:00+00:00, run_after=2024-09-27 00:00:00+00:00
[2024-09-27T14:34:11.384+0200] {logging_mixin.py:190} INFO - [2024-09-27T14:34:11.384+0200] {dag.py:4180} INFO - Setting next_dagrun for example_branch_datetime_operator_2 to 2024-09-26 00:00:00+00:00, run_after=2024-09-27 00:00:00+00:00
[2024-09-27T14:34:11.386+0200] {logging_mixin.py:190} INFO - [2024-09-27T14:34:11.385+0200] {dag.py:4180} INFO - Setting next_dagrun for example_branch_datetime_operator_3 to 2024-09-26 00:00:00+00:00, run_after=2024-09-27 00:00:00+00:00
[2024-09-27T14:34:11.398+0200] {processor.py:208} INFO - Processing /home/julian/.cache/pypoetry/virtualenvs/real-time-data-lake-QWGm5iRW-py3.11/lib/python3.11/site-packages/airflow/example_dags/example_branch_datetime_operator.py took 0.068 seconds
[2024-09-27T14:35:01.256+0200] {processor.py:186} INFO - Started process (PID=282120) to work on /home/julian/.cache/pypoetry/virtualenvs/real-time-data-lake-QWGm5iRW-py3.11/lib/python3.11/site-packages/airflow/example_dags/example_branch_datetime_operator.py
[2024-09-27T14:35:01.262+0200] {processor.py:914} INFO - Processing file /home/julian/.cache/pypoetry/virtualenvs/real-time-data-lake-QWGm5iRW-py3.11/lib/python3.11/site-packages/airflow/example_dags/example_branch_datetime_operator.py for tasks to queue
[2024-09-27T14:35:01.265+0200] {logging_mixin.py:190} INFO - [2024-09-27T14:35:01.265+0200] {dagbag.py:588} INFO - Filling up the DagBag from /home/julian/.cache/pypoetry/virtualenvs/real-time-data-lake-QWGm5iRW-py3.11/lib/python3.11/site-packages/airflow/example_dags/example_branch_datetime_operator.py
[2024-09-27T14:35:01.282+0200] {processor.py:925} INFO - DAG(s) 'example_branch_datetime_operator_2', 'example_branch_datetime_operator', 'example_branch_datetime_operator_3' retrieved from /home/julian/.cache/pypoetry/virtualenvs/real-time-data-lake-QWGm5iRW-py3.11/lib/python3.11/site-packages/airflow/example_dags/example_branch_datetime_operator.py
[2024-09-27T14:35:01.308+0200] {logging_mixin.py:190} INFO - [2024-09-27T14:35:01.308+0200] {dag.py:3239} INFO - Sync 3 DAGs
[2024-09-27T14:35:01.321+0200] {logging_mixin.py:190} INFO - [2024-09-27T14:35:01.321+0200] {dag.py:4180} INFO - Setting next_dagrun for example_branch_datetime_operator to 2024-09-26 00:00:00+00:00, run_after=2024-09-27 00:00:00+00:00
[2024-09-27T14:35:01.324+0200] {logging_mixin.py:190} INFO - [2024-09-27T14:35:01.324+0200] {dag.py:4180} INFO - Setting next_dagrun for example_branch_datetime_operator_2 to 2024-09-26 00:00:00+00:00, run_after=2024-09-27 00:00:00+00:00
[2024-09-27T14:35:01.325+0200] {logging_mixin.py:190} INFO - [2024-09-27T14:35:01.325+0200] {dag.py:4180} INFO - Setting next_dagrun for example_branch_datetime_operator_3 to 2024-09-26 00:00:00+00:00, run_after=2024-09-27 00:00:00+00:00
[2024-09-27T14:35:01.337+0200] {processor.py:208} INFO - Processing /home/julian/.cache/pypoetry/virtualenvs/real-time-data-lake-QWGm5iRW-py3.11/lib/python3.11/site-packages/airflow/example_dags/example_branch_datetime_operator.py took 0.088 seconds
[2024-09-27T14:35:48.837+0200] {processor.py:186} INFO - Started process (PID=282200) to work on /home/julian/.cache/pypoetry/virtualenvs/real-time-data-lake-QWGm5iRW-py3.11/lib/python3.11/site-packages/airflow/example_dags/example_branch_datetime_operator.py
[2024-09-27T14:35:48.843+0200] {processor.py:914} INFO - Processing file /home/julian/.cache/pypoetry/virtualenvs/real-time-data-lake-QWGm5iRW-py3.11/lib/python3.11/site-packages/airflow/example_dags/example_branch_datetime_operator.py for tasks to queue
[2024-09-27T14:35:48.846+0200] {logging_mixin.py:190} INFO - [2024-09-27T14:35:48.845+0200] {dagbag.py:588} INFO - Filling up the DagBag from /home/julian/.cache/pypoetry/virtualenvs/real-time-data-lake-QWGm5iRW-py3.11/lib/python3.11/site-packages/airflow/example_dags/example_branch_datetime_operator.py
[2024-09-27T14:35:48.863+0200] {processor.py:925} INFO - DAG(s) 'example_branch_datetime_operator', 'example_branch_datetime_operator_2', 'example_branch_datetime_operator_3' retrieved from /home/julian/.cache/pypoetry/virtualenvs/real-time-data-lake-QWGm5iRW-py3.11/lib/python3.11/site-packages/airflow/example_dags/example_branch_datetime_operator.py
[2024-09-27T14:35:48.889+0200] {logging_mixin.py:190} INFO - [2024-09-27T14:35:48.889+0200] {dag.py:3239} INFO - Sync 3 DAGs
[2024-09-27T14:35:48.902+0200] {logging_mixin.py:190} INFO - [2024-09-27T14:35:48.902+0200] {dag.py:4180} INFO - Setting next_dagrun for example_branch_datetime_operator to 2024-09-26 00:00:00+00:00, run_after=2024-09-27 00:00:00+00:00
[2024-09-27T14:35:48.905+0200] {logging_mixin.py:190} INFO - [2024-09-27T14:35:48.904+0200] {dag.py:4180} INFO - Setting next_dagrun for example_branch_datetime_operator_2 to 2024-09-26 00:00:00+00:00, run_after=2024-09-27 00:00:00+00:00
[2024-09-27T14:35:48.906+0200] {logging_mixin.py:190} INFO - [2024-09-27T14:35:48.906+0200] {dag.py:4180} INFO - Setting next_dagrun for example_branch_datetime_operator_3 to 2024-09-26 00:00:00+00:00, run_after=2024-09-27 00:00:00+00:00
[2024-09-27T14:35:48.917+0200] {processor.py:208} INFO - Processing /home/julian/.cache/pypoetry/virtualenvs/real-time-data-lake-QWGm5iRW-py3.11/lib/python3.11/site-packages/airflow/example_dags/example_branch_datetime_operator.py took 0.087 seconds
[2024-09-27T14:36:59.387+0200] {processor.py:186} INFO - Started process (PID=282305) to work on /home/julian/.cache/pypoetry/virtualenvs/real-time-data-lake-QWGm5iRW-py3.11/lib/python3.11/site-packages/airflow/example_dags/example_branch_datetime_operator.py
[2024-09-27T14:36:59.393+0200] {processor.py:914} INFO - Processing file /home/julian/.cache/pypoetry/virtualenvs/real-time-data-lake-QWGm5iRW-py3.11/lib/python3.11/site-packages/airflow/example_dags/example_branch_datetime_operator.py for tasks to queue
[2024-09-27T14:36:59.396+0200] {logging_mixin.py:190} INFO - [2024-09-27T14:36:59.395+0200] {dagbag.py:588} INFO - Filling up the DagBag from /home/julian/.cache/pypoetry/virtualenvs/real-time-data-lake-QWGm5iRW-py3.11/lib/python3.11/site-packages/airflow/example_dags/example_branch_datetime_operator.py
[2024-09-27T14:36:59.412+0200] {processor.py:925} INFO - DAG(s) 'example_branch_datetime_operator_3', 'example_branch_datetime_operator', 'example_branch_datetime_operator_2' retrieved from /home/julian/.cache/pypoetry/virtualenvs/real-time-data-lake-QWGm5iRW-py3.11/lib/python3.11/site-packages/airflow/example_dags/example_branch_datetime_operator.py
[2024-09-27T14:36:59.440+0200] {logging_mixin.py:190} INFO - [2024-09-27T14:36:59.440+0200] {dag.py:3239} INFO - Sync 3 DAGs
[2024-09-27T14:36:59.453+0200] {logging_mixin.py:190} INFO - [2024-09-27T14:36:59.453+0200] {dag.py:4180} INFO - Setting next_dagrun for example_branch_datetime_operator to 2024-09-26 00:00:00+00:00, run_after=2024-09-27 00:00:00+00:00
[2024-09-27T14:36:59.456+0200] {logging_mixin.py:190} INFO - [2024-09-27T14:36:59.455+0200] {dag.py:4180} INFO - Setting next_dagrun for example_branch_datetime_operator_2 to 2024-09-26 00:00:00+00:00, run_after=2024-09-27 00:00:00+00:00
[2024-09-27T14:36:59.457+0200] {logging_mixin.py:190} INFO - [2024-09-27T14:36:59.457+0200] {dag.py:4180} INFO - Setting next_dagrun for example_branch_datetime_operator_3 to 2024-09-26 00:00:00+00:00, run_after=2024-09-27 00:00:00+00:00
[2024-09-27T14:36:59.469+0200] {processor.py:208} INFO - Processing /home/julian/.cache/pypoetry/virtualenvs/real-time-data-lake-QWGm5iRW-py3.11/lib/python3.11/site-packages/airflow/example_dags/example_branch_datetime_operator.py took 0.089 seconds
[2024-09-27T14:37:52.571+0200] {processor.py:186} INFO - Started process (PID=282531) to work on /home/julian/.cache/pypoetry/virtualenvs/real-time-data-lake-QWGm5iRW-py3.11/lib/python3.11/site-packages/airflow/example_dags/example_branch_datetime_operator.py
[2024-09-27T14:37:52.577+0200] {processor.py:914} INFO - Processing file /home/julian/.cache/pypoetry/virtualenvs/real-time-data-lake-QWGm5iRW-py3.11/lib/python3.11/site-packages/airflow/example_dags/example_branch_datetime_operator.py for tasks to queue
[2024-09-27T14:37:52.580+0200] {logging_mixin.py:190} INFO - [2024-09-27T14:37:52.579+0200] {dagbag.py:588} INFO - Filling up the DagBag from /home/julian/.cache/pypoetry/virtualenvs/real-time-data-lake-QWGm5iRW-py3.11/lib/python3.11/site-packages/airflow/example_dags/example_branch_datetime_operator.py
[2024-09-27T14:37:52.595+0200] {processor.py:925} INFO - DAG(s) 'example_branch_datetime_operator', 'example_branch_datetime_operator_3', 'example_branch_datetime_operator_2' retrieved from /home/julian/.cache/pypoetry/virtualenvs/real-time-data-lake-QWGm5iRW-py3.11/lib/python3.11/site-packages/airflow/example_dags/example_branch_datetime_operator.py
[2024-09-27T14:37:52.621+0200] {logging_mixin.py:190} INFO - [2024-09-27T14:37:52.621+0200] {dag.py:3239} INFO - Sync 3 DAGs
[2024-09-27T14:37:52.635+0200] {logging_mixin.py:190} INFO - [2024-09-27T14:37:52.635+0200] {dag.py:4180} INFO - Setting next_dagrun for example_branch_datetime_operator to 2024-09-26 00:00:00+00:00, run_after=2024-09-27 00:00:00+00:00
[2024-09-27T14:37:52.638+0200] {logging_mixin.py:190} INFO - [2024-09-27T14:37:52.638+0200] {dag.py:4180} INFO - Setting next_dagrun for example_branch_datetime_operator_2 to 2024-09-26 00:00:00+00:00, run_after=2024-09-27 00:00:00+00:00
[2024-09-27T14:37:52.639+0200] {logging_mixin.py:190} INFO - [2024-09-27T14:37:52.639+0200] {dag.py:4180} INFO - Setting next_dagrun for example_branch_datetime_operator_3 to 2024-09-26 00:00:00+00:00, run_after=2024-09-27 00:00:00+00:00
[2024-09-27T14:37:52.653+0200] {processor.py:208} INFO - Processing /home/julian/.cache/pypoetry/virtualenvs/real-time-data-lake-QWGm5iRW-py3.11/lib/python3.11/site-packages/airflow/example_dags/example_branch_datetime_operator.py took 0.088 seconds
[2024-09-27T14:38:44.020+0200] {processor.py:186} INFO - Started process (PID=282779) to work on /home/julian/.cache/pypoetry/virtualenvs/real-time-data-lake-QWGm5iRW-py3.11/lib/python3.11/site-packages/airflow/example_dags/example_branch_datetime_operator.py
[2024-09-27T14:38:44.026+0200] {processor.py:914} INFO - Processing file /home/julian/.cache/pypoetry/virtualenvs/real-time-data-lake-QWGm5iRW-py3.11/lib/python3.11/site-packages/airflow/example_dags/example_branch_datetime_operator.py for tasks to queue
[2024-09-27T14:38:44.029+0200] {logging_mixin.py:190} INFO - [2024-09-27T14:38:44.028+0200] {dagbag.py:588} INFO - Filling up the DagBag from /home/julian/.cache/pypoetry/virtualenvs/real-time-data-lake-QWGm5iRW-py3.11/lib/python3.11/site-packages/airflow/example_dags/example_branch_datetime_operator.py
[2024-09-27T14:38:44.045+0200] {processor.py:925} INFO - DAG(s) 'example_branch_datetime_operator', 'example_branch_datetime_operator_2', 'example_branch_datetime_operator_3' retrieved from /home/julian/.cache/pypoetry/virtualenvs/real-time-data-lake-QWGm5iRW-py3.11/lib/python3.11/site-packages/airflow/example_dags/example_branch_datetime_operator.py
[2024-09-27T14:38:44.072+0200] {logging_mixin.py:190} INFO - [2024-09-27T14:38:44.072+0200] {dag.py:3239} INFO - Sync 3 DAGs
[2024-09-27T14:38:44.085+0200] {logging_mixin.py:190} INFO - [2024-09-27T14:38:44.085+0200] {dag.py:4180} INFO - Setting next_dagrun for example_branch_datetime_operator to 2024-09-26 00:00:00+00:00, run_after=2024-09-27 00:00:00+00:00
[2024-09-27T14:38:44.088+0200] {logging_mixin.py:190} INFO - [2024-09-27T14:38:44.088+0200] {dag.py:4180} INFO - Setting next_dagrun for example_branch_datetime_operator_2 to 2024-09-26 00:00:00+00:00, run_after=2024-09-27 00:00:00+00:00
[2024-09-27T14:38:44.090+0200] {logging_mixin.py:190} INFO - [2024-09-27T14:38:44.089+0200] {dag.py:4180} INFO - Setting next_dagrun for example_branch_datetime_operator_3 to 2024-09-26 00:00:00+00:00, run_after=2024-09-27 00:00:00+00:00
[2024-09-27T14:38:44.104+0200] {processor.py:208} INFO - Processing /home/julian/.cache/pypoetry/virtualenvs/real-time-data-lake-QWGm5iRW-py3.11/lib/python3.11/site-packages/airflow/example_dags/example_branch_datetime_operator.py took 0.090 seconds
