[2024-09-27T14:20:47.833+0200] {processor.py:186} INFO - Started process (PID=280079) to work on /home/julian/.cache/pypoetry/virtualenvs/real-time-data-lake-QWGm5iRW-py3.11/lib/python3.11/site-packages/airflow/example_dags/example_python_operator.py
[2024-09-27T14:20:47.834+0200] {processor.py:914} INFO - Processing file /home/julian/.cache/pypoetry/virtualenvs/real-time-data-lake-QWGm5iRW-py3.11/lib/python3.11/site-packages/airflow/example_dags/example_python_operator.py for tasks to queue
[2024-09-27T14:20:47.835+0200] {logging_mixin.py:190} INFO - [2024-09-27T14:20:47.835+0200] {dagbag.py:588} INFO - Filling up the DagBag from /home/julian/.cache/pypoetry/virtualenvs/real-time-data-lake-QWGm5iRW-py3.11/lib/python3.11/site-packages/airflow/example_dags/example_python_operator.py
[2024-09-27T14:20:47.843+0200] {processor.py:925} INFO - DAG(s) 'example_python_operator' retrieved from /home/julian/.cache/pypoetry/virtualenvs/real-time-data-lake-QWGm5iRW-py3.11/lib/python3.11/site-packages/airflow/example_dags/example_python_operator.py
[2024-09-27T14:20:47.906+0200] {logging_mixin.py:190} INFO - [2024-09-27T14:20:47.905+0200] {override.py:1901} INFO - Created Permission View: can delete on DAG:example_python_operator
[2024-09-27T14:20:47.913+0200] {logging_mixin.py:190} INFO - [2024-09-27T14:20:47.913+0200] {override.py:1901} INFO - Created Permission View: can read on DAG:example_python_operator
[2024-09-27T14:20:47.919+0200] {logging_mixin.py:190} INFO - [2024-09-27T14:20:47.918+0200] {override.py:1901} INFO - Created Permission View: can edit on DAG:example_python_operator
[2024-09-27T14:20:47.930+0200] {logging_mixin.py:190} INFO - [2024-09-27T14:20:47.930+0200] {override.py:1901} INFO - Created Permission View: can create on DAG Run:example_python_operator
[2024-09-27T14:20:47.940+0200] {logging_mixin.py:190} INFO - [2024-09-27T14:20:47.939+0200] {override.py:1901} INFO - Created Permission View: can delete on DAG Run:example_python_operator
[2024-09-27T14:20:47.945+0200] {logging_mixin.py:190} INFO - [2024-09-27T14:20:47.945+0200] {override.py:1901} INFO - Created Permission View: can read on DAG Run:example_python_operator
[2024-09-27T14:20:47.951+0200] {logging_mixin.py:190} INFO - [2024-09-27T14:20:47.951+0200] {override.py:1901} INFO - Created Permission View: menu access on DAG Run:example_python_operator
[2024-09-27T14:20:47.952+0200] {logging_mixin.py:190} INFO - [2024-09-27T14:20:47.951+0200] {dag.py:3239} INFO - Sync 1 DAGs
[2024-09-27T14:20:47.960+0200] {logging_mixin.py:190} INFO - [2024-09-27T14:20:47.960+0200] {dag.py:3262} INFO - Creating ORM DAG for example_python_operator
[2024-09-27T14:20:47.960+0200] {logging_mixin.py:190} INFO - [2024-09-27T14:20:47.960+0200] {dag.py:4180} INFO - Setting next_dagrun for example_python_operator to None, run_after=None
[2024-09-27T14:20:47.978+0200] {processor.py:208} INFO - Processing /home/julian/.cache/pypoetry/virtualenvs/real-time-data-lake-QWGm5iRW-py3.11/lib/python3.11/site-packages/airflow/example_dags/example_python_operator.py took 0.148 seconds
[2024-09-27T14:22:25.517+0200] {processor.py:186} INFO - Started process (PID=280260) to work on /home/julian/.cache/pypoetry/virtualenvs/real-time-data-lake-QWGm5iRW-py3.11/lib/python3.11/site-packages/airflow/example_dags/example_python_operator.py
[2024-09-27T14:22:25.523+0200] {processor.py:914} INFO - Processing file /home/julian/.cache/pypoetry/virtualenvs/real-time-data-lake-QWGm5iRW-py3.11/lib/python3.11/site-packages/airflow/example_dags/example_python_operator.py for tasks to queue
[2024-09-27T14:22:25.525+0200] {logging_mixin.py:190} INFO - [2024-09-27T14:22:25.525+0200] {dagbag.py:588} INFO - Filling up the DagBag from /home/julian/.cache/pypoetry/virtualenvs/real-time-data-lake-QWGm5iRW-py3.11/lib/python3.11/site-packages/airflow/example_dags/example_python_operator.py
[2024-09-27T14:22:25.541+0200] {processor.py:925} INFO - DAG(s) 'example_python_operator' retrieved from /home/julian/.cache/pypoetry/virtualenvs/real-time-data-lake-QWGm5iRW-py3.11/lib/python3.11/site-packages/airflow/example_dags/example_python_operator.py
[2024-09-27T14:22:25.612+0200] {logging_mixin.py:190} INFO - [2024-09-27T14:22:25.612+0200] {dag.py:3239} INFO - Sync 1 DAGs
[2024-09-27T14:22:25.619+0200] {logging_mixin.py:190} INFO - [2024-09-27T14:22:25.619+0200] {dag.py:4180} INFO - Setting next_dagrun for example_python_operator to None, run_after=None
[2024-09-27T14:22:25.633+0200] {processor.py:208} INFO - Processing /home/julian/.cache/pypoetry/virtualenvs/real-time-data-lake-QWGm5iRW-py3.11/lib/python3.11/site-packages/airflow/example_dags/example_python_operator.py took 0.123 seconds
[2024-09-27T14:23:19.802+0200] {processor.py:186} INFO - Started process (PID=280393) to work on /home/julian/.cache/pypoetry/virtualenvs/real-time-data-lake-QWGm5iRW-py3.11/lib/python3.11/site-packages/airflow/example_dags/example_python_operator.py
[2024-09-27T14:23:19.807+0200] {processor.py:914} INFO - Processing file /home/julian/.cache/pypoetry/virtualenvs/real-time-data-lake-QWGm5iRW-py3.11/lib/python3.11/site-packages/airflow/example_dags/example_python_operator.py for tasks to queue
[2024-09-27T14:23:19.810+0200] {logging_mixin.py:190} INFO - [2024-09-27T14:23:19.809+0200] {dagbag.py:588} INFO - Filling up the DagBag from /home/julian/.cache/pypoetry/virtualenvs/real-time-data-lake-QWGm5iRW-py3.11/lib/python3.11/site-packages/airflow/example_dags/example_python_operator.py
[2024-09-27T14:23:19.823+0200] {processor.py:925} INFO - DAG(s) 'example_python_operator' retrieved from /home/julian/.cache/pypoetry/virtualenvs/real-time-data-lake-QWGm5iRW-py3.11/lib/python3.11/site-packages/airflow/example_dags/example_python_operator.py
[2024-09-27T14:23:19.842+0200] {logging_mixin.py:190} INFO - [2024-09-27T14:23:19.842+0200] {dag.py:3239} INFO - Sync 1 DAGs
[2024-09-27T14:23:19.849+0200] {logging_mixin.py:190} INFO - [2024-09-27T14:23:19.849+0200] {dag.py:4180} INFO - Setting next_dagrun for example_python_operator to None, run_after=None
[2024-09-27T14:23:19.863+0200] {processor.py:208} INFO - Processing /home/julian/.cache/pypoetry/virtualenvs/real-time-data-lake-QWGm5iRW-py3.11/lib/python3.11/site-packages/airflow/example_dags/example_python_operator.py took 0.066 seconds
[2024-09-27T14:24:16.339+0200] {processor.py:186} INFO - Started process (PID=280523) to work on /home/julian/.cache/pypoetry/virtualenvs/real-time-data-lake-QWGm5iRW-py3.11/lib/python3.11/site-packages/airflow/example_dags/example_python_operator.py
[2024-09-27T14:24:16.345+0200] {processor.py:914} INFO - Processing file /home/julian/.cache/pypoetry/virtualenvs/real-time-data-lake-QWGm5iRW-py3.11/lib/python3.11/site-packages/airflow/example_dags/example_python_operator.py for tasks to queue
[2024-09-27T14:24:16.347+0200] {logging_mixin.py:190} INFO - [2024-09-27T14:24:16.347+0200] {dagbag.py:588} INFO - Filling up the DagBag from /home/julian/.cache/pypoetry/virtualenvs/real-time-data-lake-QWGm5iRW-py3.11/lib/python3.11/site-packages/airflow/example_dags/example_python_operator.py
[2024-09-27T14:24:16.363+0200] {processor.py:925} INFO - DAG(s) 'example_python_operator' retrieved from /home/julian/.cache/pypoetry/virtualenvs/real-time-data-lake-QWGm5iRW-py3.11/lib/python3.11/site-packages/airflow/example_dags/example_python_operator.py
[2024-09-27T14:24:16.387+0200] {logging_mixin.py:190} INFO - [2024-09-27T14:24:16.387+0200] {dag.py:3239} INFO - Sync 1 DAGs
[2024-09-27T14:24:16.397+0200] {logging_mixin.py:190} INFO - [2024-09-27T14:24:16.397+0200] {dag.py:4180} INFO - Setting next_dagrun for example_python_operator to None, run_after=None
[2024-09-27T14:24:16.410+0200] {processor.py:208} INFO - Processing /home/julian/.cache/pypoetry/virtualenvs/real-time-data-lake-QWGm5iRW-py3.11/lib/python3.11/site-packages/airflow/example_dags/example_python_operator.py took 0.078 seconds
[2024-09-27T14:30:52.261+0200] {processor.py:186} INFO - Started process (PID=281473) to work on /home/julian/.cache/pypoetry/virtualenvs/real-time-data-lake-QWGm5iRW-py3.11/lib/python3.11/site-packages/airflow/example_dags/example_python_operator.py
[2024-09-27T14:30:52.267+0200] {processor.py:914} INFO - Processing file /home/julian/.cache/pypoetry/virtualenvs/real-time-data-lake-QWGm5iRW-py3.11/lib/python3.11/site-packages/airflow/example_dags/example_python_operator.py for tasks to queue
[2024-09-27T14:30:52.270+0200] {logging_mixin.py:190} INFO - [2024-09-27T14:30:52.270+0200] {dagbag.py:588} INFO - Filling up the DagBag from /home/julian/.cache/pypoetry/virtualenvs/real-time-data-lake-QWGm5iRW-py3.11/lib/python3.11/site-packages/airflow/example_dags/example_python_operator.py
[2024-09-27T14:30:52.287+0200] {processor.py:925} INFO - DAG(s) 'example_python_operator' retrieved from /home/julian/.cache/pypoetry/virtualenvs/real-time-data-lake-QWGm5iRW-py3.11/lib/python3.11/site-packages/airflow/example_dags/example_python_operator.py
[2024-09-27T14:30:52.360+0200] {logging_mixin.py:190} INFO - [2024-09-27T14:30:52.360+0200] {dag.py:3239} INFO - Sync 1 DAGs
[2024-09-27T14:30:52.367+0200] {logging_mixin.py:190} INFO - [2024-09-27T14:30:52.367+0200] {dag.py:4180} INFO - Setting next_dagrun for example_python_operator to None, run_after=None
[2024-09-27T14:30:52.381+0200] {processor.py:208} INFO - Processing /home/julian/.cache/pypoetry/virtualenvs/real-time-data-lake-QWGm5iRW-py3.11/lib/python3.11/site-packages/airflow/example_dags/example_python_operator.py took 0.126 seconds
[2024-09-27T14:31:46.618+0200] {processor.py:186} INFO - Started process (PID=281570) to work on /home/julian/.cache/pypoetry/virtualenvs/real-time-data-lake-QWGm5iRW-py3.11/lib/python3.11/site-packages/airflow/example_dags/example_python_operator.py
[2024-09-27T14:31:46.624+0200] {processor.py:914} INFO - Processing file /home/julian/.cache/pypoetry/virtualenvs/real-time-data-lake-QWGm5iRW-py3.11/lib/python3.11/site-packages/airflow/example_dags/example_python_operator.py for tasks to queue
[2024-09-27T14:31:46.627+0200] {logging_mixin.py:190} INFO - [2024-09-27T14:31:46.626+0200] {dagbag.py:588} INFO - Filling up the DagBag from /home/julian/.cache/pypoetry/virtualenvs/real-time-data-lake-QWGm5iRW-py3.11/lib/python3.11/site-packages/airflow/example_dags/example_python_operator.py
[2024-09-27T14:31:46.640+0200] {processor.py:925} INFO - DAG(s) 'example_python_operator' retrieved from /home/julian/.cache/pypoetry/virtualenvs/real-time-data-lake-QWGm5iRW-py3.11/lib/python3.11/site-packages/airflow/example_dags/example_python_operator.py
[2024-09-27T14:31:46.661+0200] {logging_mixin.py:190} INFO - [2024-09-27T14:31:46.660+0200] {dag.py:3239} INFO - Sync 1 DAGs
[2024-09-27T14:31:46.674+0200] {logging_mixin.py:190} INFO - [2024-09-27T14:31:46.673+0200] {dag.py:4180} INFO - Setting next_dagrun for example_python_operator to None, run_after=None
[2024-09-27T14:31:46.689+0200] {processor.py:208} INFO - Processing /home/julian/.cache/pypoetry/virtualenvs/real-time-data-lake-QWGm5iRW-py3.11/lib/python3.11/site-packages/airflow/example_dags/example_python_operator.py took 0.076 seconds
[2024-09-27T14:33:00.340+0200] {processor.py:186} INFO - Started process (PID=281761) to work on /home/julian/.cache/pypoetry/virtualenvs/real-time-data-lake-QWGm5iRW-py3.11/lib/python3.11/site-packages/airflow/example_dags/example_python_operator.py
[2024-09-27T14:33:00.346+0200] {processor.py:914} INFO - Processing file /home/julian/.cache/pypoetry/virtualenvs/real-time-data-lake-QWGm5iRW-py3.11/lib/python3.11/site-packages/airflow/example_dags/example_python_operator.py for tasks to queue
[2024-09-27T14:33:00.347+0200] {logging_mixin.py:190} INFO - [2024-09-27T14:33:00.347+0200] {dagbag.py:588} INFO - Filling up the DagBag from /home/julian/.cache/pypoetry/virtualenvs/real-time-data-lake-QWGm5iRW-py3.11/lib/python3.11/site-packages/airflow/example_dags/example_python_operator.py
[2024-09-27T14:33:00.355+0200] {processor.py:925} INFO - DAG(s) 'example_python_operator' retrieved from /home/julian/.cache/pypoetry/virtualenvs/real-time-data-lake-QWGm5iRW-py3.11/lib/python3.11/site-packages/airflow/example_dags/example_python_operator.py
[2024-09-27T14:33:00.365+0200] {logging_mixin.py:190} INFO - [2024-09-27T14:33:00.365+0200] {dag.py:3239} INFO - Sync 1 DAGs
[2024-09-27T14:33:00.373+0200] {logging_mixin.py:190} INFO - [2024-09-27T14:33:00.373+0200] {dag.py:4180} INFO - Setting next_dagrun for example_python_operator to None, run_after=None
[2024-09-27T14:33:00.386+0200] {processor.py:208} INFO - Processing /home/julian/.cache/pypoetry/virtualenvs/real-time-data-lake-QWGm5iRW-py3.11/lib/python3.11/site-packages/airflow/example_dags/example_python_operator.py took 0.050 seconds
[2024-09-27T14:34:12.737+0200] {processor.py:186} INFO - Started process (PID=281911) to work on /home/julian/.cache/pypoetry/virtualenvs/real-time-data-lake-QWGm5iRW-py3.11/lib/python3.11/site-packages/airflow/example_dags/example_python_operator.py
[2024-09-27T14:34:12.743+0200] {processor.py:914} INFO - Processing file /home/julian/.cache/pypoetry/virtualenvs/real-time-data-lake-QWGm5iRW-py3.11/lib/python3.11/site-packages/airflow/example_dags/example_python_operator.py for tasks to queue
[2024-09-27T14:34:12.746+0200] {logging_mixin.py:190} INFO - [2024-09-27T14:34:12.745+0200] {dagbag.py:588} INFO - Filling up the DagBag from /home/julian/.cache/pypoetry/virtualenvs/real-time-data-lake-QWGm5iRW-py3.11/lib/python3.11/site-packages/airflow/example_dags/example_python_operator.py
[2024-09-27T14:34:12.761+0200] {processor.py:925} INFO - DAG(s) 'example_python_operator' retrieved from /home/julian/.cache/pypoetry/virtualenvs/real-time-data-lake-QWGm5iRW-py3.11/lib/python3.11/site-packages/airflow/example_dags/example_python_operator.py
[2024-09-27T14:34:12.785+0200] {logging_mixin.py:190} INFO - [2024-09-27T14:34:12.785+0200] {dag.py:3239} INFO - Sync 1 DAGs
[2024-09-27T14:34:12.796+0200] {logging_mixin.py:190} INFO - [2024-09-27T14:34:12.796+0200] {dag.py:4180} INFO - Setting next_dagrun for example_python_operator to None, run_after=None
[2024-09-27T14:34:12.809+0200] {processor.py:208} INFO - Processing /home/julian/.cache/pypoetry/virtualenvs/real-time-data-lake-QWGm5iRW-py3.11/lib/python3.11/site-packages/airflow/example_dags/example_python_operator.py took 0.079 seconds
[2024-09-27T14:35:08.025+0200] {processor.py:186} INFO - Started process (PID=282128) to work on /home/julian/.cache/pypoetry/virtualenvs/real-time-data-lake-QWGm5iRW-py3.11/lib/python3.11/site-packages/airflow/example_dags/example_python_operator.py
[2024-09-27T14:35:08.026+0200] {processor.py:914} INFO - Processing file /home/julian/.cache/pypoetry/virtualenvs/real-time-data-lake-QWGm5iRW-py3.11/lib/python3.11/site-packages/airflow/example_dags/example_python_operator.py for tasks to queue
[2024-09-27T14:35:08.029+0200] {logging_mixin.py:190} INFO - [2024-09-27T14:35:08.028+0200] {dagbag.py:588} INFO - Filling up the DagBag from /home/julian/.cache/pypoetry/virtualenvs/real-time-data-lake-QWGm5iRW-py3.11/lib/python3.11/site-packages/airflow/example_dags/example_python_operator.py
[2024-09-27T14:35:08.045+0200] {processor.py:925} INFO - DAG(s) 'example_python_operator' retrieved from /home/julian/.cache/pypoetry/virtualenvs/real-time-data-lake-QWGm5iRW-py3.11/lib/python3.11/site-packages/airflow/example_dags/example_python_operator.py
[2024-09-27T14:35:08.065+0200] {logging_mixin.py:190} INFO - [2024-09-27T14:35:08.065+0200] {dag.py:3239} INFO - Sync 1 DAGs
[2024-09-27T14:35:08.073+0200] {logging_mixin.py:190} INFO - [2024-09-27T14:35:08.073+0200] {dag.py:4180} INFO - Setting next_dagrun for example_python_operator to None, run_after=None
[2024-09-27T14:35:08.086+0200] {processor.py:208} INFO - Processing /home/julian/.cache/pypoetry/virtualenvs/real-time-data-lake-QWGm5iRW-py3.11/lib/python3.11/site-packages/airflow/example_dags/example_python_operator.py took 0.068 seconds
[2024-09-27T14:36:16.443+0200] {processor.py:186} INFO - Started process (PID=282239) to work on /home/julian/.cache/pypoetry/virtualenvs/real-time-data-lake-QWGm5iRW-py3.11/lib/python3.11/site-packages/airflow/example_dags/example_python_operator.py
[2024-09-27T14:36:16.449+0200] {processor.py:914} INFO - Processing file /home/julian/.cache/pypoetry/virtualenvs/real-time-data-lake-QWGm5iRW-py3.11/lib/python3.11/site-packages/airflow/example_dags/example_python_operator.py for tasks to queue
[2024-09-27T14:36:16.452+0200] {logging_mixin.py:190} INFO - [2024-09-27T14:36:16.451+0200] {dagbag.py:588} INFO - Filling up the DagBag from /home/julian/.cache/pypoetry/virtualenvs/real-time-data-lake-QWGm5iRW-py3.11/lib/python3.11/site-packages/airflow/example_dags/example_python_operator.py
[2024-09-27T14:36:16.468+0200] {processor.py:925} INFO - DAG(s) 'example_python_operator' retrieved from /home/julian/.cache/pypoetry/virtualenvs/real-time-data-lake-QWGm5iRW-py3.11/lib/python3.11/site-packages/airflow/example_dags/example_python_operator.py
[2024-09-27T14:36:16.491+0200] {logging_mixin.py:190} INFO - [2024-09-27T14:36:16.491+0200] {dag.py:3239} INFO - Sync 1 DAGs
[2024-09-27T14:36:16.498+0200] {logging_mixin.py:190} INFO - [2024-09-27T14:36:16.498+0200] {dag.py:4180} INFO - Setting next_dagrun for example_python_operator to None, run_after=None
[2024-09-27T14:36:16.512+0200] {processor.py:208} INFO - Processing /home/julian/.cache/pypoetry/virtualenvs/real-time-data-lake-QWGm5iRW-py3.11/lib/python3.11/site-packages/airflow/example_dags/example_python_operator.py took 0.076 seconds
[2024-09-27T14:37:30.842+0200] {processor.py:186} INFO - Started process (PID=282408) to work on /home/julian/.cache/pypoetry/virtualenvs/real-time-data-lake-QWGm5iRW-py3.11/lib/python3.11/site-packages/airflow/example_dags/example_python_operator.py
[2024-09-27T14:37:30.848+0200] {processor.py:914} INFO - Processing file /home/julian/.cache/pypoetry/virtualenvs/real-time-data-lake-QWGm5iRW-py3.11/lib/python3.11/site-packages/airflow/example_dags/example_python_operator.py for tasks to queue
[2024-09-27T14:37:30.851+0200] {logging_mixin.py:190} INFO - [2024-09-27T14:37:30.850+0200] {dagbag.py:588} INFO - Filling up the DagBag from /home/julian/.cache/pypoetry/virtualenvs/real-time-data-lake-QWGm5iRW-py3.11/lib/python3.11/site-packages/airflow/example_dags/example_python_operator.py
[2024-09-27T14:37:30.866+0200] {processor.py:925} INFO - DAG(s) 'example_python_operator' retrieved from /home/julian/.cache/pypoetry/virtualenvs/real-time-data-lake-QWGm5iRW-py3.11/lib/python3.11/site-packages/airflow/example_dags/example_python_operator.py
[2024-09-27T14:37:30.891+0200] {logging_mixin.py:190} INFO - [2024-09-27T14:37:30.890+0200] {dag.py:3239} INFO - Sync 1 DAGs
[2024-09-27T14:37:30.900+0200] {logging_mixin.py:190} INFO - [2024-09-27T14:37:30.900+0200] {dag.py:4180} INFO - Setting next_dagrun for example_python_operator to None, run_after=None
[2024-09-27T14:37:30.915+0200] {processor.py:208} INFO - Processing /home/julian/.cache/pypoetry/virtualenvs/real-time-data-lake-QWGm5iRW-py3.11/lib/python3.11/site-packages/airflow/example_dags/example_python_operator.py took 0.079 seconds
[2024-09-27T14:38:45.732+0200] {processor.py:186} INFO - Started process (PID=282785) to work on /home/julian/.cache/pypoetry/virtualenvs/real-time-data-lake-QWGm5iRW-py3.11/lib/python3.11/site-packages/airflow/example_dags/example_python_operator.py
[2024-09-27T14:38:45.738+0200] {processor.py:914} INFO - Processing file /home/julian/.cache/pypoetry/virtualenvs/real-time-data-lake-QWGm5iRW-py3.11/lib/python3.11/site-packages/airflow/example_dags/example_python_operator.py for tasks to queue
[2024-09-27T14:38:45.740+0200] {logging_mixin.py:190} INFO - [2024-09-27T14:38:45.740+0200] {dagbag.py:588} INFO - Filling up the DagBag from /home/julian/.cache/pypoetry/virtualenvs/real-time-data-lake-QWGm5iRW-py3.11/lib/python3.11/site-packages/airflow/example_dags/example_python_operator.py
[2024-09-27T14:38:45.757+0200] {processor.py:925} INFO - DAG(s) 'example_python_operator' retrieved from /home/julian/.cache/pypoetry/virtualenvs/real-time-data-lake-QWGm5iRW-py3.11/lib/python3.11/site-packages/airflow/example_dags/example_python_operator.py
[2024-09-27T14:38:45.782+0200] {logging_mixin.py:190} INFO - [2024-09-27T14:38:45.782+0200] {dag.py:3239} INFO - Sync 1 DAGs
[2024-09-27T14:38:45.790+0200] {logging_mixin.py:190} INFO - [2024-09-27T14:38:45.789+0200] {dag.py:4180} INFO - Setting next_dagrun for example_python_operator to None, run_after=None
[2024-09-27T14:38:45.804+0200] {processor.py:208} INFO - Processing /home/julian/.cache/pypoetry/virtualenvs/real-time-data-lake-QWGm5iRW-py3.11/lib/python3.11/site-packages/airflow/example_dags/example_python_operator.py took 0.079 seconds
