[2024-09-27T14:20:45.163+0200] {processor.py:186} INFO - Started process (PID=280074) to work on /home/julian/.cache/pypoetry/virtualenvs/real-time-data-lake-QWGm5iRW-py3.11/lib/python3.11/site-packages/airflow/example_dags/example_python_decorator.py
[2024-09-27T14:20:45.164+0200] {processor.py:914} INFO - Processing file /home/julian/.cache/pypoetry/virtualenvs/real-time-data-lake-QWGm5iRW-py3.11/lib/python3.11/site-packages/airflow/example_dags/example_python_decorator.py for tasks to queue
[2024-09-27T14:20:45.166+0200] {logging_mixin.py:190} INFO - [2024-09-27T14:20:45.166+0200] {dagbag.py:588} INFO - Filling up the DagBag from /home/julian/.cache/pypoetry/virtualenvs/real-time-data-lake-QWGm5iRW-py3.11/lib/python3.11/site-packages/airflow/example_dags/example_python_decorator.py
[2024-09-27T14:20:45.187+0200] {processor.py:925} INFO - DAG(s) 'example_python_decorator' retrieved from /home/julian/.cache/pypoetry/virtualenvs/real-time-data-lake-QWGm5iRW-py3.11/lib/python3.11/site-packages/airflow/example_dags/example_python_decorator.py
[2024-09-27T14:20:45.258+0200] {logging_mixin.py:190} INFO - [2024-09-27T14:20:45.258+0200] {override.py:1901} INFO - Created Permission View: can delete on DAG:example_python_decorator
[2024-09-27T14:20:45.268+0200] {logging_mixin.py:190} INFO - [2024-09-27T14:20:45.268+0200] {override.py:1901} INFO - Created Permission View: can read on DAG:example_python_decorator
[2024-09-27T14:20:45.274+0200] {logging_mixin.py:190} INFO - [2024-09-27T14:20:45.274+0200] {override.py:1901} INFO - Created Permission View: can edit on DAG:example_python_decorator
[2024-09-27T14:20:45.286+0200] {logging_mixin.py:190} INFO - [2024-09-27T14:20:45.285+0200] {override.py:1901} INFO - Created Permission View: can create on DAG Run:example_python_decorator
[2024-09-27T14:20:45.292+0200] {logging_mixin.py:190} INFO - [2024-09-27T14:20:45.292+0200] {override.py:1901} INFO - Created Permission View: can delete on DAG Run:example_python_decorator
[2024-09-27T14:20:45.299+0200] {logging_mixin.py:190} INFO - [2024-09-27T14:20:45.298+0200] {override.py:1901} INFO - Created Permission View: can read on DAG Run:example_python_decorator
[2024-09-27T14:20:45.304+0200] {logging_mixin.py:190} INFO - [2024-09-27T14:20:45.304+0200] {override.py:1901} INFO - Created Permission View: menu access on DAG Run:example_python_decorator
[2024-09-27T14:20:45.304+0200] {logging_mixin.py:190} INFO - [2024-09-27T14:20:45.304+0200] {dag.py:3239} INFO - Sync 1 DAGs
[2024-09-27T14:20:45.313+0200] {logging_mixin.py:190} INFO - [2024-09-27T14:20:45.313+0200] {dag.py:3262} INFO - Creating ORM DAG for example_python_decorator
[2024-09-27T14:20:45.313+0200] {logging_mixin.py:190} INFO - [2024-09-27T14:20:45.313+0200] {dag.py:4180} INFO - Setting next_dagrun for example_python_decorator to None, run_after=None
[2024-09-27T14:20:45.325+0200] {processor.py:208} INFO - Processing /home/julian/.cache/pypoetry/virtualenvs/real-time-data-lake-QWGm5iRW-py3.11/lib/python3.11/site-packages/airflow/example_dags/example_python_decorator.py took 0.170 seconds
[2024-09-27T14:22:22.999+0200] {processor.py:186} INFO - Started process (PID=280256) to work on /home/julian/.cache/pypoetry/virtualenvs/real-time-data-lake-QWGm5iRW-py3.11/lib/python3.11/site-packages/airflow/example_dags/example_python_decorator.py
[2024-09-27T14:22:23.005+0200] {processor.py:914} INFO - Processing file /home/julian/.cache/pypoetry/virtualenvs/real-time-data-lake-QWGm5iRW-py3.11/lib/python3.11/site-packages/airflow/example_dags/example_python_decorator.py for tasks to queue
[2024-09-27T14:22:23.007+0200] {logging_mixin.py:190} INFO - [2024-09-27T14:22:23.007+0200] {dagbag.py:588} INFO - Filling up the DagBag from /home/julian/.cache/pypoetry/virtualenvs/real-time-data-lake-QWGm5iRW-py3.11/lib/python3.11/site-packages/airflow/example_dags/example_python_decorator.py
[2024-09-27T14:22:23.027+0200] {processor.py:925} INFO - DAG(s) 'example_python_decorator' retrieved from /home/julian/.cache/pypoetry/virtualenvs/real-time-data-lake-QWGm5iRW-py3.11/lib/python3.11/site-packages/airflow/example_dags/example_python_decorator.py
[2024-09-27T14:22:23.093+0200] {logging_mixin.py:190} INFO - [2024-09-27T14:22:23.092+0200] {dag.py:3239} INFO - Sync 1 DAGs
[2024-09-27T14:22:23.100+0200] {logging_mixin.py:190} INFO - [2024-09-27T14:22:23.100+0200] {dag.py:4180} INFO - Setting next_dagrun for example_python_decorator to None, run_after=None
[2024-09-27T14:22:23.113+0200] {processor.py:208} INFO - Processing /home/julian/.cache/pypoetry/virtualenvs/real-time-data-lake-QWGm5iRW-py3.11/lib/python3.11/site-packages/airflow/example_dags/example_python_decorator.py took 0.122 seconds
[2024-09-27T14:23:18.094+0200] {processor.py:186} INFO - Started process (PID=280391) to work on /home/julian/.cache/pypoetry/virtualenvs/real-time-data-lake-QWGm5iRW-py3.11/lib/python3.11/site-packages/airflow/example_dags/example_python_decorator.py
[2024-09-27T14:23:18.099+0200] {processor.py:914} INFO - Processing file /home/julian/.cache/pypoetry/virtualenvs/real-time-data-lake-QWGm5iRW-py3.11/lib/python3.11/site-packages/airflow/example_dags/example_python_decorator.py for tasks to queue
[2024-09-27T14:23:18.101+0200] {logging_mixin.py:190} INFO - [2024-09-27T14:23:18.100+0200] {dagbag.py:588} INFO - Filling up the DagBag from /home/julian/.cache/pypoetry/virtualenvs/real-time-data-lake-QWGm5iRW-py3.11/lib/python3.11/site-packages/airflow/example_dags/example_python_decorator.py
[2024-09-27T14:23:18.109+0200] {processor.py:925} INFO - DAG(s) 'example_python_decorator' retrieved from /home/julian/.cache/pypoetry/virtualenvs/real-time-data-lake-QWGm5iRW-py3.11/lib/python3.11/site-packages/airflow/example_dags/example_python_decorator.py
[2024-09-27T14:23:18.120+0200] {logging_mixin.py:190} INFO - [2024-09-27T14:23:18.120+0200] {dag.py:3239} INFO - Sync 1 DAGs
[2024-09-27T14:23:18.127+0200] {logging_mixin.py:190} INFO - [2024-09-27T14:23:18.127+0200] {dag.py:4180} INFO - Setting next_dagrun for example_python_decorator to None, run_after=None
[2024-09-27T14:23:18.141+0200] {processor.py:208} INFO - Processing /home/julian/.cache/pypoetry/virtualenvs/real-time-data-lake-QWGm5iRW-py3.11/lib/python3.11/site-packages/airflow/example_dags/example_python_decorator.py took 0.051 seconds
[2024-09-27T14:24:14.036+0200] {processor.py:186} INFO - Started process (PID=280520) to work on /home/julian/.cache/pypoetry/virtualenvs/real-time-data-lake-QWGm5iRW-py3.11/lib/python3.11/site-packages/airflow/example_dags/example_python_decorator.py
[2024-09-27T14:24:14.042+0200] {processor.py:914} INFO - Processing file /home/julian/.cache/pypoetry/virtualenvs/real-time-data-lake-QWGm5iRW-py3.11/lib/python3.11/site-packages/airflow/example_dags/example_python_decorator.py for tasks to queue
[2024-09-27T14:24:14.044+0200] {logging_mixin.py:190} INFO - [2024-09-27T14:24:14.044+0200] {dagbag.py:588} INFO - Filling up the DagBag from /home/julian/.cache/pypoetry/virtualenvs/real-time-data-lake-QWGm5iRW-py3.11/lib/python3.11/site-packages/airflow/example_dags/example_python_decorator.py
[2024-09-27T14:24:14.064+0200] {processor.py:925} INFO - DAG(s) 'example_python_decorator' retrieved from /home/julian/.cache/pypoetry/virtualenvs/real-time-data-lake-QWGm5iRW-py3.11/lib/python3.11/site-packages/airflow/example_dags/example_python_decorator.py
[2024-09-27T14:24:14.085+0200] {logging_mixin.py:190} INFO - [2024-09-27T14:24:14.085+0200] {dag.py:3239} INFO - Sync 1 DAGs
[2024-09-27T14:24:14.092+0200] {logging_mixin.py:190} INFO - [2024-09-27T14:24:14.092+0200] {dag.py:4180} INFO - Setting next_dagrun for example_python_decorator to None, run_after=None
[2024-09-27T14:24:14.107+0200] {processor.py:208} INFO - Processing /home/julian/.cache/pypoetry/virtualenvs/real-time-data-lake-QWGm5iRW-py3.11/lib/python3.11/site-packages/airflow/example_dags/example_python_decorator.py took 0.079 seconds
[2024-09-27T14:25:05.900+0200] {processor.py:186} INFO - Started process (PID=280741) to work on /home/julian/.cache/pypoetry/virtualenvs/real-time-data-lake-QWGm5iRW-py3.11/lib/python3.11/site-packages/airflow/example_dags/example_python_decorator.py
[2024-09-27T14:25:05.906+0200] {processor.py:914} INFO - Processing file /home/julian/.cache/pypoetry/virtualenvs/real-time-data-lake-QWGm5iRW-py3.11/lib/python3.11/site-packages/airflow/example_dags/example_python_decorator.py for tasks to queue
[2024-09-27T14:25:05.909+0200] {logging_mixin.py:190} INFO - [2024-09-27T14:25:05.909+0200] {dagbag.py:588} INFO - Filling up the DagBag from /home/julian/.cache/pypoetry/virtualenvs/real-time-data-lake-QWGm5iRW-py3.11/lib/python3.11/site-packages/airflow/example_dags/example_python_decorator.py
[2024-09-27T14:25:05.929+0200] {processor.py:925} INFO - DAG(s) 'example_python_decorator' retrieved from /home/julian/.cache/pypoetry/virtualenvs/real-time-data-lake-QWGm5iRW-py3.11/lib/python3.11/site-packages/airflow/example_dags/example_python_decorator.py
[2024-09-27T14:25:05.952+0200] {logging_mixin.py:190} INFO - [2024-09-27T14:25:05.952+0200] {dag.py:3239} INFO - Sync 1 DAGs
[2024-09-27T14:25:05.961+0200] {logging_mixin.py:190} INFO - [2024-09-27T14:25:05.961+0200] {dag.py:4180} INFO - Setting next_dagrun for example_python_decorator to None, run_after=None
[2024-09-27T14:25:05.975+0200] {processor.py:208} INFO - Processing /home/julian/.cache/pypoetry/virtualenvs/real-time-data-lake-QWGm5iRW-py3.11/lib/python3.11/site-packages/airflow/example_dags/example_python_decorator.py took 0.082 seconds
[2024-09-27T14:30:49.846+0200] {processor.py:186} INFO - Started process (PID=281469) to work on /home/julian/.cache/pypoetry/virtualenvs/real-time-data-lake-QWGm5iRW-py3.11/lib/python3.11/site-packages/airflow/example_dags/example_python_decorator.py
[2024-09-27T14:30:49.851+0200] {processor.py:914} INFO - Processing file /home/julian/.cache/pypoetry/virtualenvs/real-time-data-lake-QWGm5iRW-py3.11/lib/python3.11/site-packages/airflow/example_dags/example_python_decorator.py for tasks to queue
[2024-09-27T14:30:49.854+0200] {logging_mixin.py:190} INFO - [2024-09-27T14:30:49.854+0200] {dagbag.py:588} INFO - Filling up the DagBag from /home/julian/.cache/pypoetry/virtualenvs/real-time-data-lake-QWGm5iRW-py3.11/lib/python3.11/site-packages/airflow/example_dags/example_python_decorator.py
[2024-09-27T14:30:49.874+0200] {processor.py:925} INFO - DAG(s) 'example_python_decorator' retrieved from /home/julian/.cache/pypoetry/virtualenvs/real-time-data-lake-QWGm5iRW-py3.11/lib/python3.11/site-packages/airflow/example_dags/example_python_decorator.py
[2024-09-27T14:30:49.940+0200] {logging_mixin.py:190} INFO - [2024-09-27T14:30:49.940+0200] {dag.py:3239} INFO - Sync 1 DAGs
[2024-09-27T14:30:49.947+0200] {logging_mixin.py:190} INFO - [2024-09-27T14:30:49.947+0200] {dag.py:4180} INFO - Setting next_dagrun for example_python_decorator to None, run_after=None
[2024-09-27T14:30:49.961+0200] {processor.py:208} INFO - Processing /home/julian/.cache/pypoetry/virtualenvs/real-time-data-lake-QWGm5iRW-py3.11/lib/python3.11/site-packages/airflow/example_dags/example_python_decorator.py took 0.123 seconds
[2024-09-27T14:31:44.906+0200] {processor.py:186} INFO - Started process (PID=281567) to work on /home/julian/.cache/pypoetry/virtualenvs/real-time-data-lake-QWGm5iRW-py3.11/lib/python3.11/site-packages/airflow/example_dags/example_python_decorator.py
[2024-09-27T14:31:44.912+0200] {processor.py:914} INFO - Processing file /home/julian/.cache/pypoetry/virtualenvs/real-time-data-lake-QWGm5iRW-py3.11/lib/python3.11/site-packages/airflow/example_dags/example_python_decorator.py for tasks to queue
[2024-09-27T14:31:44.914+0200] {logging_mixin.py:190} INFO - [2024-09-27T14:31:44.914+0200] {dagbag.py:588} INFO - Filling up the DagBag from /home/julian/.cache/pypoetry/virtualenvs/real-time-data-lake-QWGm5iRW-py3.11/lib/python3.11/site-packages/airflow/example_dags/example_python_decorator.py
[2024-09-27T14:31:44.934+0200] {processor.py:925} INFO - DAG(s) 'example_python_decorator' retrieved from /home/julian/.cache/pypoetry/virtualenvs/real-time-data-lake-QWGm5iRW-py3.11/lib/python3.11/site-packages/airflow/example_dags/example_python_decorator.py
[2024-09-27T14:31:44.956+0200] {logging_mixin.py:190} INFO - [2024-09-27T14:31:44.956+0200] {dag.py:3239} INFO - Sync 1 DAGs
[2024-09-27T14:31:44.964+0200] {logging_mixin.py:190} INFO - [2024-09-27T14:31:44.964+0200] {dag.py:4180} INFO - Setting next_dagrun for example_python_decorator to None, run_after=None
[2024-09-27T14:31:44.979+0200] {processor.py:208} INFO - Processing /home/julian/.cache/pypoetry/virtualenvs/real-time-data-lake-QWGm5iRW-py3.11/lib/python3.11/site-packages/airflow/example_dags/example_python_decorator.py took 0.080 seconds
[2024-09-27T14:32:39.770+0200] {processor.py:186} INFO - Started process (PID=281709) to work on /home/julian/.cache/pypoetry/virtualenvs/real-time-data-lake-QWGm5iRW-py3.11/lib/python3.11/site-packages/airflow/example_dags/example_python_decorator.py
[2024-09-27T14:32:39.776+0200] {processor.py:914} INFO - Processing file /home/julian/.cache/pypoetry/virtualenvs/real-time-data-lake-QWGm5iRW-py3.11/lib/python3.11/site-packages/airflow/example_dags/example_python_decorator.py for tasks to queue
[2024-09-27T14:32:39.778+0200] {logging_mixin.py:190} INFO - [2024-09-27T14:32:39.778+0200] {dagbag.py:588} INFO - Filling up the DagBag from /home/julian/.cache/pypoetry/virtualenvs/real-time-data-lake-QWGm5iRW-py3.11/lib/python3.11/site-packages/airflow/example_dags/example_python_decorator.py
[2024-09-27T14:32:39.798+0200] {processor.py:925} INFO - DAG(s) 'example_python_decorator' retrieved from /home/julian/.cache/pypoetry/virtualenvs/real-time-data-lake-QWGm5iRW-py3.11/lib/python3.11/site-packages/airflow/example_dags/example_python_decorator.py
[2024-09-27T14:32:39.820+0200] {logging_mixin.py:190} INFO - [2024-09-27T14:32:39.820+0200] {dag.py:3239} INFO - Sync 1 DAGs
[2024-09-27T14:32:39.827+0200] {logging_mixin.py:190} INFO - [2024-09-27T14:32:39.827+0200] {dag.py:4180} INFO - Setting next_dagrun for example_python_decorator to None, run_after=None
[2024-09-27T14:32:39.843+0200] {processor.py:208} INFO - Processing /home/julian/.cache/pypoetry/virtualenvs/real-time-data-lake-QWGm5iRW-py3.11/lib/python3.11/site-packages/airflow/example_dags/example_python_decorator.py took 0.080 seconds
[2024-09-27T14:33:52.430+0200] {processor.py:186} INFO - Started process (PID=281883) to work on /home/julian/.cache/pypoetry/virtualenvs/real-time-data-lake-QWGm5iRW-py3.11/lib/python3.11/site-packages/airflow/example_dags/example_python_decorator.py
[2024-09-27T14:33:52.431+0200] {processor.py:914} INFO - Processing file /home/julian/.cache/pypoetry/virtualenvs/real-time-data-lake-QWGm5iRW-py3.11/lib/python3.11/site-packages/airflow/example_dags/example_python_decorator.py for tasks to queue
[2024-09-27T14:33:52.433+0200] {logging_mixin.py:190} INFO - [2024-09-27T14:33:52.433+0200] {dagbag.py:588} INFO - Filling up the DagBag from /home/julian/.cache/pypoetry/virtualenvs/real-time-data-lake-QWGm5iRW-py3.11/lib/python3.11/site-packages/airflow/example_dags/example_python_decorator.py
[2024-09-27T14:33:52.454+0200] {processor.py:925} INFO - DAG(s) 'example_python_decorator' retrieved from /home/julian/.cache/pypoetry/virtualenvs/real-time-data-lake-QWGm5iRW-py3.11/lib/python3.11/site-packages/airflow/example_dags/example_python_decorator.py
[2024-09-27T14:33:52.474+0200] {logging_mixin.py:190} INFO - [2024-09-27T14:33:52.473+0200] {dag.py:3239} INFO - Sync 1 DAGs
[2024-09-27T14:33:52.481+0200] {logging_mixin.py:190} INFO - [2024-09-27T14:33:52.481+0200] {dag.py:4180} INFO - Setting next_dagrun for example_python_decorator to None, run_after=None
[2024-09-27T14:33:52.494+0200] {processor.py:208} INFO - Processing /home/julian/.cache/pypoetry/virtualenvs/real-time-data-lake-QWGm5iRW-py3.11/lib/python3.11/site-packages/airflow/example_dags/example_python_decorator.py took 0.072 seconds
[2024-09-27T14:35:05.725+0200] {processor.py:186} INFO - Started process (PID=282126) to work on /home/julian/.cache/pypoetry/virtualenvs/real-time-data-lake-QWGm5iRW-py3.11/lib/python3.11/site-packages/airflow/example_dags/example_python_decorator.py
[2024-09-27T14:35:05.731+0200] {processor.py:914} INFO - Processing file /home/julian/.cache/pypoetry/virtualenvs/real-time-data-lake-QWGm5iRW-py3.11/lib/python3.11/site-packages/airflow/example_dags/example_python_decorator.py for tasks to queue
[2024-09-27T14:35:05.733+0200] {logging_mixin.py:190} INFO - [2024-09-27T14:35:05.733+0200] {dagbag.py:588} INFO - Filling up the DagBag from /home/julian/.cache/pypoetry/virtualenvs/real-time-data-lake-QWGm5iRW-py3.11/lib/python3.11/site-packages/airflow/example_dags/example_python_decorator.py
[2024-09-27T14:35:05.753+0200] {processor.py:925} INFO - DAG(s) 'example_python_decorator' retrieved from /home/julian/.cache/pypoetry/virtualenvs/real-time-data-lake-QWGm5iRW-py3.11/lib/python3.11/site-packages/airflow/example_dags/example_python_decorator.py
[2024-09-27T14:35:05.776+0200] {logging_mixin.py:190} INFO - [2024-09-27T14:35:05.776+0200] {dag.py:3239} INFO - Sync 1 DAGs
[2024-09-27T14:35:05.783+0200] {logging_mixin.py:190} INFO - [2024-09-27T14:35:05.783+0200] {dag.py:4180} INFO - Setting next_dagrun for example_python_decorator to None, run_after=None
[2024-09-27T14:35:05.797+0200] {processor.py:208} INFO - Processing /home/julian/.cache/pypoetry/virtualenvs/real-time-data-lake-QWGm5iRW-py3.11/lib/python3.11/site-packages/airflow/example_dags/example_python_decorator.py took 0.079 seconds
[2024-09-27T14:36:14.374+0200] {processor.py:186} INFO - Started process (PID=282236) to work on /home/julian/.cache/pypoetry/virtualenvs/real-time-data-lake-QWGm5iRW-py3.11/lib/python3.11/site-packages/airflow/example_dags/example_python_decorator.py
[2024-09-27T14:36:14.380+0200] {processor.py:914} INFO - Processing file /home/julian/.cache/pypoetry/virtualenvs/real-time-data-lake-QWGm5iRW-py3.11/lib/python3.11/site-packages/airflow/example_dags/example_python_decorator.py for tasks to queue
[2024-09-27T14:36:14.383+0200] {logging_mixin.py:190} INFO - [2024-09-27T14:36:14.382+0200] {dagbag.py:588} INFO - Filling up the DagBag from /home/julian/.cache/pypoetry/virtualenvs/real-time-data-lake-QWGm5iRW-py3.11/lib/python3.11/site-packages/airflow/example_dags/example_python_decorator.py
[2024-09-27T14:36:14.402+0200] {processor.py:925} INFO - DAG(s) 'example_python_decorator' retrieved from /home/julian/.cache/pypoetry/virtualenvs/real-time-data-lake-QWGm5iRW-py3.11/lib/python3.11/site-packages/airflow/example_dags/example_python_decorator.py
[2024-09-27T14:36:14.426+0200] {logging_mixin.py:190} INFO - [2024-09-27T14:36:14.425+0200] {dag.py:3239} INFO - Sync 1 DAGs
[2024-09-27T14:36:14.434+0200] {logging_mixin.py:190} INFO - [2024-09-27T14:36:14.433+0200] {dag.py:4180} INFO - Setting next_dagrun for example_python_decorator to None, run_after=None
[2024-09-27T14:36:14.447+0200] {processor.py:208} INFO - Processing /home/julian/.cache/pypoetry/virtualenvs/real-time-data-lake-QWGm5iRW-py3.11/lib/python3.11/site-packages/airflow/example_dags/example_python_decorator.py took 0.080 seconds
[2024-09-27T14:37:28.544+0200] {processor.py:186} INFO - Started process (PID=282385) to work on /home/julian/.cache/pypoetry/virtualenvs/real-time-data-lake-QWGm5iRW-py3.11/lib/python3.11/site-packages/airflow/example_dags/example_python_decorator.py
[2024-09-27T14:37:28.549+0200] {processor.py:914} INFO - Processing file /home/julian/.cache/pypoetry/virtualenvs/real-time-data-lake-QWGm5iRW-py3.11/lib/python3.11/site-packages/airflow/example_dags/example_python_decorator.py for tasks to queue
[2024-09-27T14:37:28.552+0200] {logging_mixin.py:190} INFO - [2024-09-27T14:37:28.552+0200] {dagbag.py:588} INFO - Filling up the DagBag from /home/julian/.cache/pypoetry/virtualenvs/real-time-data-lake-QWGm5iRW-py3.11/lib/python3.11/site-packages/airflow/example_dags/example_python_decorator.py
[2024-09-27T14:37:28.572+0200] {processor.py:925} INFO - DAG(s) 'example_python_decorator' retrieved from /home/julian/.cache/pypoetry/virtualenvs/real-time-data-lake-QWGm5iRW-py3.11/lib/python3.11/site-packages/airflow/example_dags/example_python_decorator.py
[2024-09-27T14:37:28.595+0200] {logging_mixin.py:190} INFO - [2024-09-27T14:37:28.595+0200] {dag.py:3239} INFO - Sync 1 DAGs
[2024-09-27T14:37:28.603+0200] {logging_mixin.py:190} INFO - [2024-09-27T14:37:28.602+0200] {dag.py:4180} INFO - Setting next_dagrun for example_python_decorator to None, run_after=None
[2024-09-27T14:37:28.616+0200] {processor.py:208} INFO - Processing /home/julian/.cache/pypoetry/virtualenvs/real-time-data-lake-QWGm5iRW-py3.11/lib/python3.11/site-packages/airflow/example_dags/example_python_decorator.py took 0.080 seconds
[2024-09-27T14:38:18.796+0200] {processor.py:186} INFO - Started process (PID=282707) to work on /home/julian/.cache/pypoetry/virtualenvs/real-time-data-lake-QWGm5iRW-py3.11/lib/python3.11/site-packages/airflow/example_dags/example_python_decorator.py
[2024-09-27T14:38:18.802+0200] {processor.py:914} INFO - Processing file /home/julian/.cache/pypoetry/virtualenvs/real-time-data-lake-QWGm5iRW-py3.11/lib/python3.11/site-packages/airflow/example_dags/example_python_decorator.py for tasks to queue
[2024-09-27T14:38:18.804+0200] {logging_mixin.py:190} INFO - [2024-09-27T14:38:18.804+0200] {dagbag.py:588} INFO - Filling up the DagBag from /home/julian/.cache/pypoetry/virtualenvs/real-time-data-lake-QWGm5iRW-py3.11/lib/python3.11/site-packages/airflow/example_dags/example_python_decorator.py
[2024-09-27T14:38:18.813+0200] {processor.py:925} INFO - DAG(s) 'example_python_decorator' retrieved from /home/julian/.cache/pypoetry/virtualenvs/real-time-data-lake-QWGm5iRW-py3.11/lib/python3.11/site-packages/airflow/example_dags/example_python_decorator.py
[2024-09-27T14:38:18.825+0200] {logging_mixin.py:190} INFO - [2024-09-27T14:38:18.825+0200] {dag.py:3239} INFO - Sync 1 DAGs
[2024-09-27T14:38:18.833+0200] {logging_mixin.py:190} INFO - [2024-09-27T14:38:18.832+0200] {dag.py:4180} INFO - Setting next_dagrun for example_python_decorator to None, run_after=None
[2024-09-27T14:38:18.846+0200] {processor.py:208} INFO - Processing /home/julian/.cache/pypoetry/virtualenvs/real-time-data-lake-QWGm5iRW-py3.11/lib/python3.11/site-packages/airflow/example_dags/example_python_decorator.py took 0.054 seconds
[2024-09-27T14:39:10.328+0200] {processor.py:186} INFO - Started process (PID=282857) to work on /home/julian/.cache/pypoetry/virtualenvs/real-time-data-lake-QWGm5iRW-py3.11/lib/python3.11/site-packages/airflow/example_dags/example_python_decorator.py
[2024-09-27T14:39:10.334+0200] {processor.py:914} INFO - Processing file /home/julian/.cache/pypoetry/virtualenvs/real-time-data-lake-QWGm5iRW-py3.11/lib/python3.11/site-packages/airflow/example_dags/example_python_decorator.py for tasks to queue
[2024-09-27T14:39:10.337+0200] {logging_mixin.py:190} INFO - [2024-09-27T14:39:10.336+0200] {dagbag.py:588} INFO - Filling up the DagBag from /home/julian/.cache/pypoetry/virtualenvs/real-time-data-lake-QWGm5iRW-py3.11/lib/python3.11/site-packages/airflow/example_dags/example_python_decorator.py
[2024-09-27T14:39:10.356+0200] {processor.py:925} INFO - DAG(s) 'example_python_decorator' retrieved from /home/julian/.cache/pypoetry/virtualenvs/real-time-data-lake-QWGm5iRW-py3.11/lib/python3.11/site-packages/airflow/example_dags/example_python_decorator.py
[2024-09-27T14:39:10.377+0200] {logging_mixin.py:190} INFO - [2024-09-27T14:39:10.377+0200] {dag.py:3239} INFO - Sync 1 DAGs
[2024-09-27T14:39:10.384+0200] {logging_mixin.py:190} INFO - [2024-09-27T14:39:10.384+0200] {dag.py:4180} INFO - Setting next_dagrun for example_python_decorator to None, run_after=None
[2024-09-27T14:39:10.398+0200] {processor.py:208} INFO - Processing /home/julian/.cache/pypoetry/virtualenvs/real-time-data-lake-QWGm5iRW-py3.11/lib/python3.11/site-packages/airflow/example_dags/example_python_decorator.py took 0.077 seconds
