[2024-09-27T14:20:55.891+0200] {processor.py:186} INFO - Started process (PID=280091) to work on /home/julian/.cache/pypoetry/virtualenvs/real-time-data-lake-QWGm5iRW-py3.11/lib/python3.11/site-packages/airflow/example_dags/example_setup_teardown_taskflow.py
[2024-09-27T14:20:55.892+0200] {processor.py:914} INFO - Processing file /home/julian/.cache/pypoetry/virtualenvs/real-time-data-lake-QWGm5iRW-py3.11/lib/python3.11/site-packages/airflow/example_dags/example_setup_teardown_taskflow.py for tasks to queue
[2024-09-27T14:20:55.895+0200] {logging_mixin.py:190} INFO - [2024-09-27T14:20:55.894+0200] {dagbag.py:588} INFO - Filling up the DagBag from /home/julian/.cache/pypoetry/virtualenvs/real-time-data-lake-QWGm5iRW-py3.11/lib/python3.11/site-packages/airflow/example_dags/example_setup_teardown_taskflow.py
[2024-09-27T14:20:55.911+0200] {processor.py:925} INFO - DAG(s) 'example_setup_teardown_taskflow' retrieved from /home/julian/.cache/pypoetry/virtualenvs/real-time-data-lake-QWGm5iRW-py3.11/lib/python3.11/site-packages/airflow/example_dags/example_setup_teardown_taskflow.py
[2024-09-27T14:20:55.988+0200] {logging_mixin.py:190} INFO - [2024-09-27T14:20:55.987+0200] {override.py:1901} INFO - Created Permission View: can delete on DAG:example_setup_teardown_taskflow
[2024-09-27T14:20:55.997+0200] {logging_mixin.py:190} INFO - [2024-09-27T14:20:55.997+0200] {override.py:1901} INFO - Created Permission View: can read on DAG:example_setup_teardown_taskflow
[2024-09-27T14:20:56.002+0200] {logging_mixin.py:190} INFO - [2024-09-27T14:20:56.002+0200] {override.py:1901} INFO - Created Permission View: can edit on DAG:example_setup_teardown_taskflow
[2024-09-27T14:20:56.011+0200] {logging_mixin.py:190} INFO - [2024-09-27T14:20:56.011+0200] {override.py:1901} INFO - Created Permission View: can create on DAG Run:example_setup_teardown_taskflow
[2024-09-27T14:20:56.016+0200] {logging_mixin.py:190} INFO - [2024-09-27T14:20:56.016+0200] {override.py:1901} INFO - Created Permission View: can delete on DAG Run:example_setup_teardown_taskflow
[2024-09-27T14:20:56.023+0200] {logging_mixin.py:190} INFO - [2024-09-27T14:20:56.023+0200] {override.py:1901} INFO - Created Permission View: can read on DAG Run:example_setup_teardown_taskflow
[2024-09-27T14:20:56.029+0200] {logging_mixin.py:190} INFO - [2024-09-27T14:20:56.029+0200] {override.py:1901} INFO - Created Permission View: menu access on DAG Run:example_setup_teardown_taskflow
[2024-09-27T14:20:56.029+0200] {logging_mixin.py:190} INFO - [2024-09-27T14:20:56.029+0200] {dag.py:3239} INFO - Sync 1 DAGs
[2024-09-27T14:20:56.036+0200] {logging_mixin.py:190} INFO - [2024-09-27T14:20:56.036+0200] {dag.py:3262} INFO - Creating ORM DAG for example_setup_teardown_taskflow
[2024-09-27T14:20:56.037+0200] {logging_mixin.py:190} INFO - [2024-09-27T14:20:56.037+0200] {dag.py:4180} INFO - Setting next_dagrun for example_setup_teardown_taskflow to None, run_after=None
[2024-09-27T14:20:56.048+0200] {processor.py:208} INFO - Processing /home/julian/.cache/pypoetry/virtualenvs/real-time-data-lake-QWGm5iRW-py3.11/lib/python3.11/site-packages/airflow/example_dags/example_setup_teardown_taskflow.py took 0.164 seconds
[2024-09-27T14:22:33.427+0200] {processor.py:186} INFO - Started process (PID=280271) to work on /home/julian/.cache/pypoetry/virtualenvs/real-time-data-lake-QWGm5iRW-py3.11/lib/python3.11/site-packages/airflow/example_dags/example_setup_teardown_taskflow.py
[2024-09-27T14:22:33.433+0200] {processor.py:914} INFO - Processing file /home/julian/.cache/pypoetry/virtualenvs/real-time-data-lake-QWGm5iRW-py3.11/lib/python3.11/site-packages/airflow/example_dags/example_setup_teardown_taskflow.py for tasks to queue
[2024-09-27T14:22:33.435+0200] {logging_mixin.py:190} INFO - [2024-09-27T14:22:33.435+0200] {dagbag.py:588} INFO - Filling up the DagBag from /home/julian/.cache/pypoetry/virtualenvs/real-time-data-lake-QWGm5iRW-py3.11/lib/python3.11/site-packages/airflow/example_dags/example_setup_teardown_taskflow.py
[2024-09-27T14:22:33.450+0200] {processor.py:925} INFO - DAG(s) 'example_setup_teardown_taskflow' retrieved from /home/julian/.cache/pypoetry/virtualenvs/real-time-data-lake-QWGm5iRW-py3.11/lib/python3.11/site-packages/airflow/example_dags/example_setup_teardown_taskflow.py
[2024-09-27T14:22:33.474+0200] {logging_mixin.py:190} INFO - [2024-09-27T14:22:33.474+0200] {dag.py:3239} INFO - Sync 1 DAGs
[2024-09-27T14:22:33.484+0200] {logging_mixin.py:190} INFO - [2024-09-27T14:22:33.484+0200] {dag.py:4180} INFO - Setting next_dagrun for example_setup_teardown_taskflow to None, run_after=None
[2024-09-27T14:22:33.498+0200] {processor.py:208} INFO - Processing /home/julian/.cache/pypoetry/virtualenvs/real-time-data-lake-QWGm5iRW-py3.11/lib/python3.11/site-packages/airflow/example_dags/example_setup_teardown_taskflow.py took 0.078 seconds
[2024-09-27T14:23:50.141+0200] {processor.py:186} INFO - Started process (PID=280487) to work on /home/julian/.cache/pypoetry/virtualenvs/real-time-data-lake-QWGm5iRW-py3.11/lib/python3.11/site-packages/airflow/example_dags/example_setup_teardown_taskflow.py
[2024-09-27T14:23:50.147+0200] {processor.py:914} INFO - Processing file /home/julian/.cache/pypoetry/virtualenvs/real-time-data-lake-QWGm5iRW-py3.11/lib/python3.11/site-packages/airflow/example_dags/example_setup_teardown_taskflow.py for tasks to queue
[2024-09-27T14:23:50.149+0200] {logging_mixin.py:190} INFO - [2024-09-27T14:23:50.148+0200] {dagbag.py:588} INFO - Filling up the DagBag from /home/julian/.cache/pypoetry/virtualenvs/real-time-data-lake-QWGm5iRW-py3.11/lib/python3.11/site-packages/airflow/example_dags/example_setup_teardown_taskflow.py
[2024-09-27T14:23:50.155+0200] {processor.py:925} INFO - DAG(s) 'example_setup_teardown_taskflow' retrieved from /home/julian/.cache/pypoetry/virtualenvs/real-time-data-lake-QWGm5iRW-py3.11/lib/python3.11/site-packages/airflow/example_dags/example_setup_teardown_taskflow.py
[2024-09-27T14:23:50.166+0200] {logging_mixin.py:190} INFO - [2024-09-27T14:23:50.166+0200] {dag.py:3239} INFO - Sync 1 DAGs
[2024-09-27T14:23:50.174+0200] {logging_mixin.py:190} INFO - [2024-09-27T14:23:50.173+0200] {dag.py:4180} INFO - Setting next_dagrun for example_setup_teardown_taskflow to None, run_after=None
[2024-09-27T14:23:50.187+0200] {processor.py:208} INFO - Processing /home/julian/.cache/pypoetry/virtualenvs/real-time-data-lake-QWGm5iRW-py3.11/lib/python3.11/site-packages/airflow/example_dags/example_setup_teardown_taskflow.py took 0.048 seconds
[2024-09-27T14:25:07.049+0200] {processor.py:186} INFO - Started process (PID=280742) to work on /home/julian/.cache/pypoetry/virtualenvs/real-time-data-lake-QWGm5iRW-py3.11/lib/python3.11/site-packages/airflow/example_dags/example_setup_teardown_taskflow.py
[2024-09-27T14:25:07.055+0200] {processor.py:914} INFO - Processing file /home/julian/.cache/pypoetry/virtualenvs/real-time-data-lake-QWGm5iRW-py3.11/lib/python3.11/site-packages/airflow/example_dags/example_setup_teardown_taskflow.py for tasks to queue
[2024-09-27T14:25:07.057+0200] {logging_mixin.py:190} INFO - [2024-09-27T14:25:07.057+0200] {dagbag.py:588} INFO - Filling up the DagBag from /home/julian/.cache/pypoetry/virtualenvs/real-time-data-lake-QWGm5iRW-py3.11/lib/python3.11/site-packages/airflow/example_dags/example_setup_teardown_taskflow.py
[2024-09-27T14:25:07.071+0200] {processor.py:925} INFO - DAG(s) 'example_setup_teardown_taskflow' retrieved from /home/julian/.cache/pypoetry/virtualenvs/real-time-data-lake-QWGm5iRW-py3.11/lib/python3.11/site-packages/airflow/example_dags/example_setup_teardown_taskflow.py
[2024-09-27T14:25:07.093+0200] {logging_mixin.py:190} INFO - [2024-09-27T14:25:07.093+0200] {dag.py:3239} INFO - Sync 1 DAGs
[2024-09-27T14:25:07.106+0200] {logging_mixin.py:190} INFO - [2024-09-27T14:25:07.106+0200] {dag.py:4180} INFO - Setting next_dagrun for example_setup_teardown_taskflow to None, run_after=None
[2024-09-27T14:25:07.119+0200] {processor.py:208} INFO - Processing /home/julian/.cache/pypoetry/virtualenvs/real-time-data-lake-QWGm5iRW-py3.11/lib/python3.11/site-packages/airflow/example_dags/example_setup_teardown_taskflow.py took 0.077 seconds
[2024-09-27T14:31:00.257+0200] {processor.py:186} INFO - Started process (PID=281502) to work on /home/julian/.cache/pypoetry/virtualenvs/real-time-data-lake-QWGm5iRW-py3.11/lib/python3.11/site-packages/airflow/example_dags/example_setup_teardown_taskflow.py
[2024-09-27T14:31:00.258+0200] {processor.py:914} INFO - Processing file /home/julian/.cache/pypoetry/virtualenvs/real-time-data-lake-QWGm5iRW-py3.11/lib/python3.11/site-packages/airflow/example_dags/example_setup_teardown_taskflow.py for tasks to queue
[2024-09-27T14:31:00.260+0200] {logging_mixin.py:190} INFO - [2024-09-27T14:31:00.260+0200] {dagbag.py:588} INFO - Filling up the DagBag from /home/julian/.cache/pypoetry/virtualenvs/real-time-data-lake-QWGm5iRW-py3.11/lib/python3.11/site-packages/airflow/example_dags/example_setup_teardown_taskflow.py
[2024-09-27T14:31:00.274+0200] {processor.py:925} INFO - DAG(s) 'example_setup_teardown_taskflow' retrieved from /home/julian/.cache/pypoetry/virtualenvs/real-time-data-lake-QWGm5iRW-py3.11/lib/python3.11/site-packages/airflow/example_dags/example_setup_teardown_taskflow.py
[2024-09-27T14:31:00.298+0200] {logging_mixin.py:190} INFO - [2024-09-27T14:31:00.298+0200] {dag.py:3239} INFO - Sync 1 DAGs
[2024-09-27T14:31:00.306+0200] {logging_mixin.py:190} INFO - [2024-09-27T14:31:00.306+0200] {dag.py:4180} INFO - Setting next_dagrun for example_setup_teardown_taskflow to None, run_after=None
[2024-09-27T14:31:00.319+0200] {processor.py:208} INFO - Processing /home/julian/.cache/pypoetry/virtualenvs/real-time-data-lake-QWGm5iRW-py3.11/lib/python3.11/site-packages/airflow/example_dags/example_setup_teardown_taskflow.py took 0.069 seconds
[2024-09-27T14:32:12.855+0200] {processor.py:186} INFO - Started process (PID=281612) to work on /home/julian/.cache/pypoetry/virtualenvs/real-time-data-lake-QWGm5iRW-py3.11/lib/python3.11/site-packages/airflow/example_dags/example_setup_teardown_taskflow.py
[2024-09-27T14:32:12.861+0200] {processor.py:914} INFO - Processing file /home/julian/.cache/pypoetry/virtualenvs/real-time-data-lake-QWGm5iRW-py3.11/lib/python3.11/site-packages/airflow/example_dags/example_setup_teardown_taskflow.py for tasks to queue
[2024-09-27T14:32:12.863+0200] {logging_mixin.py:190} INFO - [2024-09-27T14:32:12.863+0200] {dagbag.py:588} INFO - Filling up the DagBag from /home/julian/.cache/pypoetry/virtualenvs/real-time-data-lake-QWGm5iRW-py3.11/lib/python3.11/site-packages/airflow/example_dags/example_setup_teardown_taskflow.py
[2024-09-27T14:32:12.877+0200] {processor.py:925} INFO - DAG(s) 'example_setup_teardown_taskflow' retrieved from /home/julian/.cache/pypoetry/virtualenvs/real-time-data-lake-QWGm5iRW-py3.11/lib/python3.11/site-packages/airflow/example_dags/example_setup_teardown_taskflow.py
[2024-09-27T14:32:12.900+0200] {logging_mixin.py:190} INFO - [2024-09-27T14:32:12.900+0200] {dag.py:3239} INFO - Sync 1 DAGs
[2024-09-27T14:32:12.911+0200] {logging_mixin.py:190} INFO - [2024-09-27T14:32:12.911+0200] {dag.py:4180} INFO - Setting next_dagrun for example_setup_teardown_taskflow to None, run_after=None
[2024-09-27T14:32:12.926+0200] {processor.py:208} INFO - Processing /home/julian/.cache/pypoetry/virtualenvs/real-time-data-lake-QWGm5iRW-py3.11/lib/python3.11/site-packages/airflow/example_dags/example_setup_teardown_taskflow.py took 0.078 seconds
[2024-09-27T14:33:27.272+0200] {processor.py:186} INFO - Started process (PID=281805) to work on /home/julian/.cache/pypoetry/virtualenvs/real-time-data-lake-QWGm5iRW-py3.11/lib/python3.11/site-packages/airflow/example_dags/example_setup_teardown_taskflow.py
[2024-09-27T14:33:27.273+0200] {processor.py:914} INFO - Processing file /home/julian/.cache/pypoetry/virtualenvs/real-time-data-lake-QWGm5iRW-py3.11/lib/python3.11/site-packages/airflow/example_dags/example_setup_teardown_taskflow.py for tasks to queue
[2024-09-27T14:33:27.274+0200] {logging_mixin.py:190} INFO - [2024-09-27T14:33:27.274+0200] {dagbag.py:588} INFO - Filling up the DagBag from /home/julian/.cache/pypoetry/virtualenvs/real-time-data-lake-QWGm5iRW-py3.11/lib/python3.11/site-packages/airflow/example_dags/example_setup_teardown_taskflow.py
[2024-09-27T14:33:27.283+0200] {processor.py:925} INFO - DAG(s) 'example_setup_teardown_taskflow' retrieved from /home/julian/.cache/pypoetry/virtualenvs/real-time-data-lake-QWGm5iRW-py3.11/lib/python3.11/site-packages/airflow/example_dags/example_setup_teardown_taskflow.py
[2024-09-27T14:33:27.295+0200] {logging_mixin.py:190} INFO - [2024-09-27T14:33:27.295+0200] {dag.py:3239} INFO - Sync 1 DAGs
[2024-09-27T14:33:27.303+0200] {logging_mixin.py:190} INFO - [2024-09-27T14:33:27.303+0200] {dag.py:4180} INFO - Setting next_dagrun for example_setup_teardown_taskflow to None, run_after=None
[2024-09-27T14:33:27.317+0200] {processor.py:208} INFO - Processing /home/julian/.cache/pypoetry/virtualenvs/real-time-data-lake-QWGm5iRW-py3.11/lib/python3.11/site-packages/airflow/example_dags/example_setup_teardown_taskflow.py took 0.049 seconds
[2024-09-27T14:34:41.671+0200] {processor.py:186} INFO - Started process (PID=282083) to work on /home/julian/.cache/pypoetry/virtualenvs/real-time-data-lake-QWGm5iRW-py3.11/lib/python3.11/site-packages/airflow/example_dags/example_setup_teardown_taskflow.py
[2024-09-27T14:34:41.677+0200] {processor.py:914} INFO - Processing file /home/julian/.cache/pypoetry/virtualenvs/real-time-data-lake-QWGm5iRW-py3.11/lib/python3.11/site-packages/airflow/example_dags/example_setup_teardown_taskflow.py for tasks to queue
[2024-09-27T14:34:41.680+0200] {logging_mixin.py:190} INFO - [2024-09-27T14:34:41.680+0200] {dagbag.py:588} INFO - Filling up the DagBag from /home/julian/.cache/pypoetry/virtualenvs/real-time-data-lake-QWGm5iRW-py3.11/lib/python3.11/site-packages/airflow/example_dags/example_setup_teardown_taskflow.py
[2024-09-27T14:34:41.695+0200] {processor.py:925} INFO - DAG(s) 'example_setup_teardown_taskflow' retrieved from /home/julian/.cache/pypoetry/virtualenvs/real-time-data-lake-QWGm5iRW-py3.11/lib/python3.11/site-packages/airflow/example_dags/example_setup_teardown_taskflow.py
[2024-09-27T14:34:41.719+0200] {logging_mixin.py:190} INFO - [2024-09-27T14:34:41.719+0200] {dag.py:3239} INFO - Sync 1 DAGs
[2024-09-27T14:34:41.731+0200] {logging_mixin.py:190} INFO - [2024-09-27T14:34:41.730+0200] {dag.py:4180} INFO - Setting next_dagrun for example_setup_teardown_taskflow to None, run_after=None
[2024-09-27T14:34:41.744+0200] {processor.py:208} INFO - Processing /home/julian/.cache/pypoetry/virtualenvs/real-time-data-lake-QWGm5iRW-py3.11/lib/python3.11/site-packages/airflow/example_dags/example_setup_teardown_taskflow.py took 0.080 seconds
[2024-09-27T14:35:51.679+0200] {processor.py:186} INFO - Started process (PID=282206) to work on /home/julian/.cache/pypoetry/virtualenvs/real-time-data-lake-QWGm5iRW-py3.11/lib/python3.11/site-packages/airflow/example_dags/example_setup_teardown_taskflow.py
[2024-09-27T14:35:51.685+0200] {processor.py:914} INFO - Processing file /home/julian/.cache/pypoetry/virtualenvs/real-time-data-lake-QWGm5iRW-py3.11/lib/python3.11/site-packages/airflow/example_dags/example_setup_teardown_taskflow.py for tasks to queue
[2024-09-27T14:35:51.687+0200] {logging_mixin.py:190} INFO - [2024-09-27T14:35:51.687+0200] {dagbag.py:588} INFO - Filling up the DagBag from /home/julian/.cache/pypoetry/virtualenvs/real-time-data-lake-QWGm5iRW-py3.11/lib/python3.11/site-packages/airflow/example_dags/example_setup_teardown_taskflow.py
[2024-09-27T14:35:51.702+0200] {processor.py:925} INFO - DAG(s) 'example_setup_teardown_taskflow' retrieved from /home/julian/.cache/pypoetry/virtualenvs/real-time-data-lake-QWGm5iRW-py3.11/lib/python3.11/site-packages/airflow/example_dags/example_setup_teardown_taskflow.py
[2024-09-27T14:35:51.726+0200] {logging_mixin.py:190} INFO - [2024-09-27T14:35:51.726+0200] {dag.py:3239} INFO - Sync 1 DAGs
[2024-09-27T14:35:51.736+0200] {logging_mixin.py:190} INFO - [2024-09-27T14:35:51.736+0200] {dag.py:4180} INFO - Setting next_dagrun for example_setup_teardown_taskflow to None, run_after=None
[2024-09-27T14:35:51.749+0200] {processor.py:208} INFO - Processing /home/julian/.cache/pypoetry/virtualenvs/real-time-data-lake-QWGm5iRW-py3.11/lib/python3.11/site-packages/airflow/example_dags/example_setup_teardown_taskflow.py took 0.077 seconds
[2024-09-27T14:37:06.290+0200] {processor.py:186} INFO - Started process (PID=282317) to work on /home/julian/.cache/pypoetry/virtualenvs/real-time-data-lake-QWGm5iRW-py3.11/lib/python3.11/site-packages/airflow/example_dags/example_setup_teardown_taskflow.py
[2024-09-27T14:37:06.296+0200] {processor.py:914} INFO - Processing file /home/julian/.cache/pypoetry/virtualenvs/real-time-data-lake-QWGm5iRW-py3.11/lib/python3.11/site-packages/airflow/example_dags/example_setup_teardown_taskflow.py for tasks to queue
[2024-09-27T14:37:06.298+0200] {logging_mixin.py:190} INFO - [2024-09-27T14:37:06.298+0200] {dagbag.py:588} INFO - Filling up the DagBag from /home/julian/.cache/pypoetry/virtualenvs/real-time-data-lake-QWGm5iRW-py3.11/lib/python3.11/site-packages/airflow/example_dags/example_setup_teardown_taskflow.py
[2024-09-27T14:37:06.304+0200] {processor.py:925} INFO - DAG(s) 'example_setup_teardown_taskflow' retrieved from /home/julian/.cache/pypoetry/virtualenvs/real-time-data-lake-QWGm5iRW-py3.11/lib/python3.11/site-packages/airflow/example_dags/example_setup_teardown_taskflow.py
[2024-09-27T14:37:06.315+0200] {logging_mixin.py:190} INFO - [2024-09-27T14:37:06.315+0200] {dag.py:3239} INFO - Sync 1 DAGs
[2024-09-27T14:37:06.322+0200] {logging_mixin.py:190} INFO - [2024-09-27T14:37:06.322+0200] {dag.py:4180} INFO - Setting next_dagrun for example_setup_teardown_taskflow to None, run_after=None
[2024-09-27T14:37:06.336+0200] {processor.py:208} INFO - Processing /home/julian/.cache/pypoetry/virtualenvs/real-time-data-lake-QWGm5iRW-py3.11/lib/python3.11/site-packages/airflow/example_dags/example_setup_teardown_taskflow.py took 0.049 seconds
[2024-09-27T14:38:22.250+0200] {processor.py:186} INFO - Started process (PID=282715) to work on /home/julian/.cache/pypoetry/virtualenvs/real-time-data-lake-QWGm5iRW-py3.11/lib/python3.11/site-packages/airflow/example_dags/example_setup_teardown_taskflow.py
[2024-09-27T14:38:22.256+0200] {processor.py:914} INFO - Processing file /home/julian/.cache/pypoetry/virtualenvs/real-time-data-lake-QWGm5iRW-py3.11/lib/python3.11/site-packages/airflow/example_dags/example_setup_teardown_taskflow.py for tasks to queue
[2024-09-27T14:38:22.259+0200] {logging_mixin.py:190} INFO - [2024-09-27T14:38:22.258+0200] {dagbag.py:588} INFO - Filling up the DagBag from /home/julian/.cache/pypoetry/virtualenvs/real-time-data-lake-QWGm5iRW-py3.11/lib/python3.11/site-packages/airflow/example_dags/example_setup_teardown_taskflow.py
[2024-09-27T14:38:22.273+0200] {processor.py:925} INFO - DAG(s) 'example_setup_teardown_taskflow' retrieved from /home/julian/.cache/pypoetry/virtualenvs/real-time-data-lake-QWGm5iRW-py3.11/lib/python3.11/site-packages/airflow/example_dags/example_setup_teardown_taskflow.py
[2024-09-27T14:38:22.298+0200] {logging_mixin.py:190} INFO - [2024-09-27T14:38:22.298+0200] {dag.py:3239} INFO - Sync 1 DAGs
[2024-09-27T14:38:22.308+0200] {logging_mixin.py:190} INFO - [2024-09-27T14:38:22.308+0200] {dag.py:4180} INFO - Setting next_dagrun for example_setup_teardown_taskflow to None, run_after=None
[2024-09-27T14:38:22.323+0200] {processor.py:208} INFO - Processing /home/julian/.cache/pypoetry/virtualenvs/real-time-data-lake-QWGm5iRW-py3.11/lib/python3.11/site-packages/airflow/example_dags/example_setup_teardown_taskflow.py took 0.081 seconds
