[2024-09-27T14:20:46.397+0200] {processor.py:186} INFO - Started process (PID=280076) to work on /home/julian/.cache/pypoetry/virtualenvs/real-time-data-lake-QWGm5iRW-py3.11/lib/python3.11/site-packages/airflow/example_dags/example_dataset_alias_with_no_taskflow.py
[2024-09-27T14:20:46.398+0200] {processor.py:914} INFO - Processing file /home/julian/.cache/pypoetry/virtualenvs/real-time-data-lake-QWGm5iRW-py3.11/lib/python3.11/site-packages/airflow/example_dags/example_dataset_alias_with_no_taskflow.py for tasks to queue
[2024-09-27T14:20:46.400+0200] {logging_mixin.py:190} INFO - [2024-09-27T14:20:46.400+0200] {dagbag.py:588} INFO - Filling up the DagBag from /home/julian/.cache/pypoetry/virtualenvs/real-time-data-lake-QWGm5iRW-py3.11/lib/python3.11/site-packages/airflow/example_dags/example_dataset_alias_with_no_taskflow.py
[2024-09-27T14:20:46.426+0200] {processor.py:925} INFO - DAG(s) 'dataset_alias_example_alias_consumer_with_no_taskflow', 'dataset_s3_bucket_producer_with_no_taskflow', 'dataset_alias_example_alias_producer_with_no_taskflow', 'dataset_s3_bucket_consumer_with_no_taskflow' retrieved from /home/julian/.cache/pypoetry/virtualenvs/real-time-data-lake-QWGm5iRW-py3.11/lib/python3.11/site-packages/airflow/example_dags/example_dataset_alias_with_no_taskflow.py
[2024-09-27T14:20:46.497+0200] {logging_mixin.py:190} INFO - [2024-09-27T14:20:46.497+0200] {override.py:1901} INFO - Created Permission View: can delete on DAG:dataset_alias_example_alias_consumer_with_no_taskflow
[2024-09-27T14:20:46.505+0200] {logging_mixin.py:190} INFO - [2024-09-27T14:20:46.504+0200] {override.py:1901} INFO - Created Permission View: can read on DAG:dataset_alias_example_alias_consumer_with_no_taskflow
[2024-09-27T14:20:46.510+0200] {logging_mixin.py:190} INFO - [2024-09-27T14:20:46.510+0200] {override.py:1901} INFO - Created Permission View: can edit on DAG:dataset_alias_example_alias_consumer_with_no_taskflow
[2024-09-27T14:20:46.519+0200] {logging_mixin.py:190} INFO - [2024-09-27T14:20:46.518+0200] {override.py:1901} INFO - Created Permission View: can create on DAG Run:dataset_alias_example_alias_consumer_with_no_taskflow
[2024-09-27T14:20:46.524+0200] {logging_mixin.py:190} INFO - [2024-09-27T14:20:46.524+0200] {override.py:1901} INFO - Created Permission View: can delete on DAG Run:dataset_alias_example_alias_consumer_with_no_taskflow
[2024-09-27T14:20:46.530+0200] {logging_mixin.py:190} INFO - [2024-09-27T14:20:46.529+0200] {override.py:1901} INFO - Created Permission View: can read on DAG Run:dataset_alias_example_alias_consumer_with_no_taskflow
[2024-09-27T14:20:46.535+0200] {logging_mixin.py:190} INFO - [2024-09-27T14:20:46.535+0200] {override.py:1901} INFO - Created Permission View: menu access on DAG Run:dataset_alias_example_alias_consumer_with_no_taskflow
[2024-09-27T14:20:46.549+0200] {logging_mixin.py:190} INFO - [2024-09-27T14:20:46.549+0200] {override.py:1901} INFO - Created Permission View: can delete on DAG:dataset_s3_bucket_producer_with_no_taskflow
[2024-09-27T14:20:46.555+0200] {logging_mixin.py:190} INFO - [2024-09-27T14:20:46.555+0200] {override.py:1901} INFO - Created Permission View: can read on DAG:dataset_s3_bucket_producer_with_no_taskflow
[2024-09-27T14:20:46.560+0200] {logging_mixin.py:190} INFO - [2024-09-27T14:20:46.560+0200] {override.py:1901} INFO - Created Permission View: can edit on DAG:dataset_s3_bucket_producer_with_no_taskflow
[2024-09-27T14:20:46.568+0200] {logging_mixin.py:190} INFO - [2024-09-27T14:20:46.567+0200] {override.py:1901} INFO - Created Permission View: can create on DAG Run:dataset_s3_bucket_producer_with_no_taskflow
[2024-09-27T14:20:46.574+0200] {logging_mixin.py:190} INFO - [2024-09-27T14:20:46.573+0200] {override.py:1901} INFO - Created Permission View: can delete on DAG Run:dataset_s3_bucket_producer_with_no_taskflow
[2024-09-27T14:20:46.580+0200] {logging_mixin.py:190} INFO - [2024-09-27T14:20:46.580+0200] {override.py:1901} INFO - Created Permission View: can read on DAG Run:dataset_s3_bucket_producer_with_no_taskflow
[2024-09-27T14:20:46.585+0200] {logging_mixin.py:190} INFO - [2024-09-27T14:20:46.585+0200] {override.py:1901} INFO - Created Permission View: menu access on DAG Run:dataset_s3_bucket_producer_with_no_taskflow
[2024-09-27T14:20:46.598+0200] {logging_mixin.py:190} INFO - [2024-09-27T14:20:46.598+0200] {override.py:1901} INFO - Created Permission View: can delete on DAG:dataset_alias_example_alias_producer_with_no_taskflow
[2024-09-27T14:20:46.604+0200] {logging_mixin.py:190} INFO - [2024-09-27T14:20:46.604+0200] {override.py:1901} INFO - Created Permission View: can read on DAG:dataset_alias_example_alias_producer_with_no_taskflow
[2024-09-27T14:20:46.610+0200] {logging_mixin.py:190} INFO - [2024-09-27T14:20:46.609+0200] {override.py:1901} INFO - Created Permission View: can edit on DAG:dataset_alias_example_alias_producer_with_no_taskflow
[2024-09-27T14:20:46.618+0200] {logging_mixin.py:190} INFO - [2024-09-27T14:20:46.618+0200] {override.py:1901} INFO - Created Permission View: can create on DAG Run:dataset_alias_example_alias_producer_with_no_taskflow
[2024-09-27T14:20:46.623+0200] {logging_mixin.py:190} INFO - [2024-09-27T14:20:46.623+0200] {override.py:1901} INFO - Created Permission View: can delete on DAG Run:dataset_alias_example_alias_producer_with_no_taskflow
[2024-09-27T14:20:46.628+0200] {logging_mixin.py:190} INFO - [2024-09-27T14:20:46.628+0200] {override.py:1901} INFO - Created Permission View: can read on DAG Run:dataset_alias_example_alias_producer_with_no_taskflow
[2024-09-27T14:20:46.633+0200] {logging_mixin.py:190} INFO - [2024-09-27T14:20:46.633+0200] {override.py:1901} INFO - Created Permission View: menu access on DAG Run:dataset_alias_example_alias_producer_with_no_taskflow
[2024-09-27T14:20:46.645+0200] {logging_mixin.py:190} INFO - [2024-09-27T14:20:46.644+0200] {override.py:1901} INFO - Created Permission View: can delete on DAG:dataset_s3_bucket_consumer_with_no_taskflow
[2024-09-27T14:20:46.649+0200] {logging_mixin.py:190} INFO - [2024-09-27T14:20:46.649+0200] {override.py:1901} INFO - Created Permission View: can read on DAG:dataset_s3_bucket_consumer_with_no_taskflow
[2024-09-27T14:20:46.654+0200] {logging_mixin.py:190} INFO - [2024-09-27T14:20:46.654+0200] {override.py:1901} INFO - Created Permission View: can edit on DAG:dataset_s3_bucket_consumer_with_no_taskflow
[2024-09-27T14:20:46.663+0200] {logging_mixin.py:190} INFO - [2024-09-27T14:20:46.663+0200] {override.py:1901} INFO - Created Permission View: can create on DAG Run:dataset_s3_bucket_consumer_with_no_taskflow
[2024-09-27T14:20:46.669+0200] {logging_mixin.py:190} INFO - [2024-09-27T14:20:46.668+0200] {override.py:1901} INFO - Created Permission View: can delete on DAG Run:dataset_s3_bucket_consumer_with_no_taskflow
[2024-09-27T14:20:46.675+0200] {logging_mixin.py:190} INFO - [2024-09-27T14:20:46.675+0200] {override.py:1901} INFO - Created Permission View: can read on DAG Run:dataset_s3_bucket_consumer_with_no_taskflow
[2024-09-27T14:20:46.680+0200] {logging_mixin.py:190} INFO - [2024-09-27T14:20:46.680+0200] {override.py:1901} INFO - Created Permission View: menu access on DAG Run:dataset_s3_bucket_consumer_with_no_taskflow
[2024-09-27T14:20:46.681+0200] {logging_mixin.py:190} INFO - [2024-09-27T14:20:46.681+0200] {dag.py:3239} INFO - Sync 4 DAGs
[2024-09-27T14:20:46.688+0200] {logging_mixin.py:190} INFO - [2024-09-27T14:20:46.687+0200] {dag.py:3262} INFO - Creating ORM DAG for dataset_s3_bucket_consumer_with_no_taskflow
[2024-09-27T14:20:46.688+0200] {logging_mixin.py:190} INFO - [2024-09-27T14:20:46.688+0200] {dag.py:3262} INFO - Creating ORM DAG for dataset_s3_bucket_producer_with_no_taskflow
[2024-09-27T14:20:46.688+0200] {logging_mixin.py:190} INFO - [2024-09-27T14:20:46.688+0200] {dag.py:3262} INFO - Creating ORM DAG for dataset_alias_example_alias_consumer_with_no_taskflow
[2024-09-27T14:20:46.688+0200] {logging_mixin.py:190} INFO - [2024-09-27T14:20:46.688+0200] {dag.py:3262} INFO - Creating ORM DAG for dataset_alias_example_alias_producer_with_no_taskflow
[2024-09-27T14:20:46.693+0200] {logging_mixin.py:190} INFO - [2024-09-27T14:20:46.693+0200] {dag.py:4180} INFO - Setting next_dagrun for dataset_alias_example_alias_consumer_with_no_taskflow to None, run_after=None
[2024-09-27T14:20:46.694+0200] {logging_mixin.py:190} INFO - [2024-09-27T14:20:46.694+0200] {dag.py:4180} INFO - Setting next_dagrun for dataset_alias_example_alias_producer_with_no_taskflow to None, run_after=None
[2024-09-27T14:20:46.694+0200] {logging_mixin.py:190} INFO - [2024-09-27T14:20:46.694+0200] {dag.py:4180} INFO - Setting next_dagrun for dataset_s3_bucket_consumer_with_no_taskflow to None, run_after=None
[2024-09-27T14:20:46.694+0200] {logging_mixin.py:190} INFO - [2024-09-27T14:20:46.694+0200] {dag.py:4180} INFO - Setting next_dagrun for dataset_s3_bucket_producer_with_no_taskflow to None, run_after=None
[2024-09-27T14:20:46.712+0200] {processor.py:208} INFO - Processing /home/julian/.cache/pypoetry/virtualenvs/real-time-data-lake-QWGm5iRW-py3.11/lib/python3.11/site-packages/airflow/example_dags/example_dataset_alias_with_no_taskflow.py took 0.321 seconds
[2024-09-27T14:22:24.266+0200] {processor.py:186} INFO - Started process (PID=280257) to work on /home/julian/.cache/pypoetry/virtualenvs/real-time-data-lake-QWGm5iRW-py3.11/lib/python3.11/site-packages/airflow/example_dags/example_dataset_alias_with_no_taskflow.py
[2024-09-27T14:22:24.272+0200] {processor.py:914} INFO - Processing file /home/julian/.cache/pypoetry/virtualenvs/real-time-data-lake-QWGm5iRW-py3.11/lib/python3.11/site-packages/airflow/example_dags/example_dataset_alias_with_no_taskflow.py for tasks to queue
[2024-09-27T14:22:24.275+0200] {logging_mixin.py:190} INFO - [2024-09-27T14:22:24.274+0200] {dagbag.py:588} INFO - Filling up the DagBag from /home/julian/.cache/pypoetry/virtualenvs/real-time-data-lake-QWGm5iRW-py3.11/lib/python3.11/site-packages/airflow/example_dags/example_dataset_alias_with_no_taskflow.py
[2024-09-27T14:22:24.303+0200] {processor.py:925} INFO - DAG(s) 'dataset_s3_bucket_consumer_with_no_taskflow', 'dataset_alias_example_alias_consumer_with_no_taskflow', 'dataset_s3_bucket_producer_with_no_taskflow', 'dataset_alias_example_alias_producer_with_no_taskflow' retrieved from /home/julian/.cache/pypoetry/virtualenvs/real-time-data-lake-QWGm5iRW-py3.11/lib/python3.11/site-packages/airflow/example_dags/example_dataset_alias_with_no_taskflow.py
[2024-09-27T14:22:24.325+0200] {logging_mixin.py:190} INFO - [2024-09-27T14:22:24.325+0200] {dag.py:3239} INFO - Sync 4 DAGs
[2024-09-27T14:22:24.337+0200] {logging_mixin.py:190} INFO - [2024-09-27T14:22:24.337+0200] {dag.py:4180} INFO - Setting next_dagrun for dataset_alias_example_alias_consumer_with_no_taskflow to None, run_after=None
[2024-09-27T14:22:24.339+0200] {logging_mixin.py:190} INFO - [2024-09-27T14:22:24.339+0200] {dag.py:4180} INFO - Setting next_dagrun for dataset_alias_example_alias_producer_with_no_taskflow to None, run_after=None
[2024-09-27T14:22:24.339+0200] {logging_mixin.py:190} INFO - [2024-09-27T14:22:24.339+0200] {dag.py:4180} INFO - Setting next_dagrun for dataset_s3_bucket_consumer_with_no_taskflow to None, run_after=None
[2024-09-27T14:22:24.340+0200] {logging_mixin.py:190} INFO - [2024-09-27T14:22:24.340+0200] {dag.py:4180} INFO - Setting next_dagrun for dataset_s3_bucket_producer_with_no_taskflow to None, run_after=None
[2024-09-27T14:22:24.357+0200] {processor.py:208} INFO - Processing /home/julian/.cache/pypoetry/virtualenvs/real-time-data-lake-QWGm5iRW-py3.11/lib/python3.11/site-packages/airflow/example_dags/example_dataset_alias_with_no_taskflow.py took 0.098 seconds
[2024-09-27T14:23:19.243+0200] {processor.py:186} INFO - Started process (PID=280392) to work on /home/julian/.cache/pypoetry/virtualenvs/real-time-data-lake-QWGm5iRW-py3.11/lib/python3.11/site-packages/airflow/example_dags/example_dataset_alias_with_no_taskflow.py
[2024-09-27T14:23:19.249+0200] {processor.py:914} INFO - Processing file /home/julian/.cache/pypoetry/virtualenvs/real-time-data-lake-QWGm5iRW-py3.11/lib/python3.11/site-packages/airflow/example_dags/example_dataset_alias_with_no_taskflow.py for tasks to queue
[2024-09-27T14:23:19.251+0200] {logging_mixin.py:190} INFO - [2024-09-27T14:23:19.251+0200] {dagbag.py:588} INFO - Filling up the DagBag from /home/julian/.cache/pypoetry/virtualenvs/real-time-data-lake-QWGm5iRW-py3.11/lib/python3.11/site-packages/airflow/example_dags/example_dataset_alias_with_no_taskflow.py
[2024-09-27T14:23:19.279+0200] {processor.py:925} INFO - DAG(s) 'dataset_alias_example_alias_producer_with_no_taskflow', 'dataset_s3_bucket_producer_with_no_taskflow', 'dataset_s3_bucket_consumer_with_no_taskflow', 'dataset_alias_example_alias_consumer_with_no_taskflow' retrieved from /home/julian/.cache/pypoetry/virtualenvs/real-time-data-lake-QWGm5iRW-py3.11/lib/python3.11/site-packages/airflow/example_dags/example_dataset_alias_with_no_taskflow.py
[2024-09-27T14:23:19.298+0200] {logging_mixin.py:190} INFO - [2024-09-27T14:23:19.298+0200] {dag.py:3239} INFO - Sync 4 DAGs
[2024-09-27T14:23:19.310+0200] {logging_mixin.py:190} INFO - [2024-09-27T14:23:19.309+0200] {dag.py:4180} INFO - Setting next_dagrun for dataset_alias_example_alias_consumer_with_no_taskflow to None, run_after=None
[2024-09-27T14:23:19.312+0200] {logging_mixin.py:190} INFO - [2024-09-27T14:23:19.312+0200] {dag.py:4180} INFO - Setting next_dagrun for dataset_alias_example_alias_producer_with_no_taskflow to None, run_after=None
[2024-09-27T14:23:19.313+0200] {logging_mixin.py:190} INFO - [2024-09-27T14:23:19.312+0200] {dag.py:4180} INFO - Setting next_dagrun for dataset_s3_bucket_consumer_with_no_taskflow to None, run_after=None
[2024-09-27T14:23:19.313+0200] {logging_mixin.py:190} INFO - [2024-09-27T14:23:19.313+0200] {dag.py:4180} INFO - Setting next_dagrun for dataset_s3_bucket_producer_with_no_taskflow to None, run_after=None
[2024-09-27T14:23:19.328+0200] {processor.py:208} INFO - Processing /home/julian/.cache/pypoetry/virtualenvs/real-time-data-lake-QWGm5iRW-py3.11/lib/python3.11/site-packages/airflow/example_dags/example_dataset_alias_with_no_taskflow.py took 0.092 seconds
[2024-09-27T14:24:15.183+0200] {processor.py:186} INFO - Started process (PID=280522) to work on /home/julian/.cache/pypoetry/virtualenvs/real-time-data-lake-QWGm5iRW-py3.11/lib/python3.11/site-packages/airflow/example_dags/example_dataset_alias_with_no_taskflow.py
[2024-09-27T14:24:15.189+0200] {processor.py:914} INFO - Processing file /home/julian/.cache/pypoetry/virtualenvs/real-time-data-lake-QWGm5iRW-py3.11/lib/python3.11/site-packages/airflow/example_dags/example_dataset_alias_with_no_taskflow.py for tasks to queue
[2024-09-27T14:24:15.192+0200] {logging_mixin.py:190} INFO - [2024-09-27T14:24:15.191+0200] {dagbag.py:588} INFO - Filling up the DagBag from /home/julian/.cache/pypoetry/virtualenvs/real-time-data-lake-QWGm5iRW-py3.11/lib/python3.11/site-packages/airflow/example_dags/example_dataset_alias_with_no_taskflow.py
[2024-09-27T14:24:15.220+0200] {processor.py:925} INFO - DAG(s) 'dataset_s3_bucket_producer_with_no_taskflow', 'dataset_alias_example_alias_producer_with_no_taskflow', 'dataset_s3_bucket_consumer_with_no_taskflow', 'dataset_alias_example_alias_consumer_with_no_taskflow' retrieved from /home/julian/.cache/pypoetry/virtualenvs/real-time-data-lake-QWGm5iRW-py3.11/lib/python3.11/site-packages/airflow/example_dags/example_dataset_alias_with_no_taskflow.py
[2024-09-27T14:24:15.241+0200] {logging_mixin.py:190} INFO - [2024-09-27T14:24:15.241+0200] {dag.py:3239} INFO - Sync 4 DAGs
[2024-09-27T14:24:15.252+0200] {logging_mixin.py:190} INFO - [2024-09-27T14:24:15.252+0200] {dag.py:4180} INFO - Setting next_dagrun for dataset_alias_example_alias_consumer_with_no_taskflow to None, run_after=None
[2024-09-27T14:24:15.254+0200] {logging_mixin.py:190} INFO - [2024-09-27T14:24:15.254+0200] {dag.py:4180} INFO - Setting next_dagrun for dataset_alias_example_alias_producer_with_no_taskflow to None, run_after=None
[2024-09-27T14:24:15.255+0200] {logging_mixin.py:190} INFO - [2024-09-27T14:24:15.254+0200] {dag.py:4180} INFO - Setting next_dagrun for dataset_s3_bucket_consumer_with_no_taskflow to None, run_after=None
[2024-09-27T14:24:15.255+0200] {logging_mixin.py:190} INFO - [2024-09-27T14:24:15.255+0200] {dag.py:4180} INFO - Setting next_dagrun for dataset_s3_bucket_producer_with_no_taskflow to None, run_after=None
[2024-09-27T14:24:15.273+0200] {processor.py:208} INFO - Processing /home/julian/.cache/pypoetry/virtualenvs/real-time-data-lake-QWGm5iRW-py3.11/lib/python3.11/site-packages/airflow/example_dags/example_dataset_alias_with_no_taskflow.py took 0.096 seconds
[2024-09-27T14:30:51.112+0200] {processor.py:186} INFO - Started process (PID=281471) to work on /home/julian/.cache/pypoetry/virtualenvs/real-time-data-lake-QWGm5iRW-py3.11/lib/python3.11/site-packages/airflow/example_dags/example_dataset_alias_with_no_taskflow.py
[2024-09-27T14:30:51.118+0200] {processor.py:914} INFO - Processing file /home/julian/.cache/pypoetry/virtualenvs/real-time-data-lake-QWGm5iRW-py3.11/lib/python3.11/site-packages/airflow/example_dags/example_dataset_alias_with_no_taskflow.py for tasks to queue
[2024-09-27T14:30:51.120+0200] {logging_mixin.py:190} INFO - [2024-09-27T14:30:51.120+0200] {dagbag.py:588} INFO - Filling up the DagBag from /home/julian/.cache/pypoetry/virtualenvs/real-time-data-lake-QWGm5iRW-py3.11/lib/python3.11/site-packages/airflow/example_dags/example_dataset_alias_with_no_taskflow.py
[2024-09-27T14:30:51.149+0200] {processor.py:925} INFO - DAG(s) 'dataset_alias_example_alias_producer_with_no_taskflow', 'dataset_alias_example_alias_consumer_with_no_taskflow', 'dataset_s3_bucket_producer_with_no_taskflow', 'dataset_s3_bucket_consumer_with_no_taskflow' retrieved from /home/julian/.cache/pypoetry/virtualenvs/real-time-data-lake-QWGm5iRW-py3.11/lib/python3.11/site-packages/airflow/example_dags/example_dataset_alias_with_no_taskflow.py
[2024-09-27T14:30:51.169+0200] {logging_mixin.py:190} INFO - [2024-09-27T14:30:51.169+0200] {dag.py:3239} INFO - Sync 4 DAGs
[2024-09-27T14:30:51.181+0200] {logging_mixin.py:190} INFO - [2024-09-27T14:30:51.181+0200] {dag.py:4180} INFO - Setting next_dagrun for dataset_alias_example_alias_consumer_with_no_taskflow to None, run_after=None
[2024-09-27T14:30:51.183+0200] {logging_mixin.py:190} INFO - [2024-09-27T14:30:51.183+0200] {dag.py:4180} INFO - Setting next_dagrun for dataset_alias_example_alias_producer_with_no_taskflow to None, run_after=None
[2024-09-27T14:30:51.183+0200] {logging_mixin.py:190} INFO - [2024-09-27T14:30:51.183+0200] {dag.py:4180} INFO - Setting next_dagrun for dataset_s3_bucket_consumer_with_no_taskflow to None, run_after=None
[2024-09-27T14:30:51.184+0200] {logging_mixin.py:190} INFO - [2024-09-27T14:30:51.184+0200] {dag.py:4180} INFO - Setting next_dagrun for dataset_s3_bucket_producer_with_no_taskflow to None, run_after=None
[2024-09-27T14:30:51.198+0200] {processor.py:208} INFO - Processing /home/julian/.cache/pypoetry/virtualenvs/real-time-data-lake-QWGm5iRW-py3.11/lib/python3.11/site-packages/airflow/example_dags/example_dataset_alias_with_no_taskflow.py took 0.093 seconds
[2024-09-27T14:31:46.052+0200] {processor.py:186} INFO - Started process (PID=281569) to work on /home/julian/.cache/pypoetry/virtualenvs/real-time-data-lake-QWGm5iRW-py3.11/lib/python3.11/site-packages/airflow/example_dags/example_dataset_alias_with_no_taskflow.py
[2024-09-27T14:31:46.058+0200] {processor.py:914} INFO - Processing file /home/julian/.cache/pypoetry/virtualenvs/real-time-data-lake-QWGm5iRW-py3.11/lib/python3.11/site-packages/airflow/example_dags/example_dataset_alias_with_no_taskflow.py for tasks to queue
[2024-09-27T14:31:46.060+0200] {logging_mixin.py:190} INFO - [2024-09-27T14:31:46.060+0200] {dagbag.py:588} INFO - Filling up the DagBag from /home/julian/.cache/pypoetry/virtualenvs/real-time-data-lake-QWGm5iRW-py3.11/lib/python3.11/site-packages/airflow/example_dags/example_dataset_alias_with_no_taskflow.py
[2024-09-27T14:31:46.075+0200] {processor.py:925} INFO - DAG(s) 'dataset_alias_example_alias_producer_with_no_taskflow', 'dataset_s3_bucket_producer_with_no_taskflow', 'dataset_s3_bucket_consumer_with_no_taskflow', 'dataset_alias_example_alias_consumer_with_no_taskflow' retrieved from /home/julian/.cache/pypoetry/virtualenvs/real-time-data-lake-QWGm5iRW-py3.11/lib/python3.11/site-packages/airflow/example_dags/example_dataset_alias_with_no_taskflow.py
[2024-09-27T14:31:46.090+0200] {logging_mixin.py:190} INFO - [2024-09-27T14:31:46.090+0200] {dag.py:3239} INFO - Sync 4 DAGs
[2024-09-27T14:31:46.103+0200] {logging_mixin.py:190} INFO - [2024-09-27T14:31:46.103+0200] {dag.py:4180} INFO - Setting next_dagrun for dataset_alias_example_alias_consumer_with_no_taskflow to None, run_after=None
[2024-09-27T14:31:46.105+0200] {logging_mixin.py:190} INFO - [2024-09-27T14:31:46.105+0200] {dag.py:4180} INFO - Setting next_dagrun for dataset_alias_example_alias_producer_with_no_taskflow to None, run_after=None
[2024-09-27T14:31:46.106+0200] {logging_mixin.py:190} INFO - [2024-09-27T14:31:46.106+0200] {dag.py:4180} INFO - Setting next_dagrun for dataset_s3_bucket_consumer_with_no_taskflow to None, run_after=None
[2024-09-27T14:31:46.107+0200] {logging_mixin.py:190} INFO - [2024-09-27T14:31:46.107+0200] {dag.py:4180} INFO - Setting next_dagrun for dataset_s3_bucket_producer_with_no_taskflow to None, run_after=None
[2024-09-27T14:31:46.123+0200] {processor.py:208} INFO - Processing /home/julian/.cache/pypoetry/virtualenvs/real-time-data-lake-QWGm5iRW-py3.11/lib/python3.11/site-packages/airflow/example_dags/example_dataset_alias_with_no_taskflow.py took 0.074 seconds
[2024-09-27T14:32:40.815+0200] {processor.py:186} INFO - Started process (PID=281710) to work on /home/julian/.cache/pypoetry/virtualenvs/real-time-data-lake-QWGm5iRW-py3.11/lib/python3.11/site-packages/airflow/example_dags/example_dataset_alias_with_no_taskflow.py
[2024-09-27T14:32:40.821+0200] {processor.py:914} INFO - Processing file /home/julian/.cache/pypoetry/virtualenvs/real-time-data-lake-QWGm5iRW-py3.11/lib/python3.11/site-packages/airflow/example_dags/example_dataset_alias_with_no_taskflow.py for tasks to queue
[2024-09-27T14:32:40.824+0200] {logging_mixin.py:190} INFO - [2024-09-27T14:32:40.824+0200] {dagbag.py:588} INFO - Filling up the DagBag from /home/julian/.cache/pypoetry/virtualenvs/real-time-data-lake-QWGm5iRW-py3.11/lib/python3.11/site-packages/airflow/example_dags/example_dataset_alias_with_no_taskflow.py
[2024-09-27T14:32:40.853+0200] {processor.py:925} INFO - DAG(s) 'dataset_alias_example_alias_consumer_with_no_taskflow', 'dataset_s3_bucket_producer_with_no_taskflow', 'dataset_alias_example_alias_producer_with_no_taskflow', 'dataset_s3_bucket_consumer_with_no_taskflow' retrieved from /home/julian/.cache/pypoetry/virtualenvs/real-time-data-lake-QWGm5iRW-py3.11/lib/python3.11/site-packages/airflow/example_dags/example_dataset_alias_with_no_taskflow.py
[2024-09-27T14:32:40.873+0200] {logging_mixin.py:190} INFO - [2024-09-27T14:32:40.873+0200] {dag.py:3239} INFO - Sync 4 DAGs
[2024-09-27T14:32:40.885+0200] {logging_mixin.py:190} INFO - [2024-09-27T14:32:40.885+0200] {dag.py:4180} INFO - Setting next_dagrun for dataset_alias_example_alias_consumer_with_no_taskflow to None, run_after=None
[2024-09-27T14:32:40.886+0200] {logging_mixin.py:190} INFO - [2024-09-27T14:32:40.886+0200] {dag.py:4180} INFO - Setting next_dagrun for dataset_alias_example_alias_producer_with_no_taskflow to None, run_after=None
[2024-09-27T14:32:40.887+0200] {logging_mixin.py:190} INFO - [2024-09-27T14:32:40.887+0200] {dag.py:4180} INFO - Setting next_dagrun for dataset_s3_bucket_consumer_with_no_taskflow to None, run_after=None
[2024-09-27T14:32:40.888+0200] {logging_mixin.py:190} INFO - [2024-09-27T14:32:40.888+0200] {dag.py:4180} INFO - Setting next_dagrun for dataset_s3_bucket_producer_with_no_taskflow to None, run_after=None
[2024-09-27T14:32:40.903+0200] {processor.py:208} INFO - Processing /home/julian/.cache/pypoetry/virtualenvs/real-time-data-lake-QWGm5iRW-py3.11/lib/python3.11/site-packages/airflow/example_dags/example_dataset_alias_with_no_taskflow.py took 0.095 seconds
[2024-09-27T14:33:53.584+0200] {processor.py:186} INFO - Started process (PID=281884) to work on /home/julian/.cache/pypoetry/virtualenvs/real-time-data-lake-QWGm5iRW-py3.11/lib/python3.11/site-packages/airflow/example_dags/example_dataset_alias_with_no_taskflow.py
[2024-09-27T14:33:53.590+0200] {processor.py:914} INFO - Processing file /home/julian/.cache/pypoetry/virtualenvs/real-time-data-lake-QWGm5iRW-py3.11/lib/python3.11/site-packages/airflow/example_dags/example_dataset_alias_with_no_taskflow.py for tasks to queue
[2024-09-27T14:33:53.593+0200] {logging_mixin.py:190} INFO - [2024-09-27T14:33:53.592+0200] {dagbag.py:588} INFO - Filling up the DagBag from /home/julian/.cache/pypoetry/virtualenvs/real-time-data-lake-QWGm5iRW-py3.11/lib/python3.11/site-packages/airflow/example_dags/example_dataset_alias_with_no_taskflow.py
[2024-09-27T14:33:53.619+0200] {processor.py:925} INFO - DAG(s) 'dataset_alias_example_alias_consumer_with_no_taskflow', 'dataset_s3_bucket_producer_with_no_taskflow', 'dataset_alias_example_alias_producer_with_no_taskflow', 'dataset_s3_bucket_consumer_with_no_taskflow' retrieved from /home/julian/.cache/pypoetry/virtualenvs/real-time-data-lake-QWGm5iRW-py3.11/lib/python3.11/site-packages/airflow/example_dags/example_dataset_alias_with_no_taskflow.py
[2024-09-27T14:33:53.632+0200] {logging_mixin.py:190} INFO - [2024-09-27T14:33:53.632+0200] {dag.py:3239} INFO - Sync 4 DAGs
[2024-09-27T14:33:53.644+0200] {logging_mixin.py:190} INFO - [2024-09-27T14:33:53.643+0200] {dag.py:4180} INFO - Setting next_dagrun for dataset_alias_example_alias_consumer_with_no_taskflow to None, run_after=None
[2024-09-27T14:33:53.645+0200] {logging_mixin.py:190} INFO - [2024-09-27T14:33:53.645+0200] {dag.py:4180} INFO - Setting next_dagrun for dataset_alias_example_alias_producer_with_no_taskflow to None, run_after=None
[2024-09-27T14:33:53.646+0200] {logging_mixin.py:190} INFO - [2024-09-27T14:33:53.646+0200] {dag.py:4180} INFO - Setting next_dagrun for dataset_s3_bucket_consumer_with_no_taskflow to None, run_after=None
[2024-09-27T14:33:53.646+0200] {logging_mixin.py:190} INFO - [2024-09-27T14:33:53.646+0200] {dag.py:4180} INFO - Setting next_dagrun for dataset_s3_bucket_producer_with_no_taskflow to None, run_after=None
[2024-09-27T14:33:53.660+0200] {processor.py:208} INFO - Processing /home/julian/.cache/pypoetry/virtualenvs/real-time-data-lake-QWGm5iRW-py3.11/lib/python3.11/site-packages/airflow/example_dags/example_dataset_alias_with_no_taskflow.py took 0.084 seconds
[2024-09-27T14:35:06.875+0200] {processor.py:186} INFO - Started process (PID=282127) to work on /home/julian/.cache/pypoetry/virtualenvs/real-time-data-lake-QWGm5iRW-py3.11/lib/python3.11/site-packages/airflow/example_dags/example_dataset_alias_with_no_taskflow.py
[2024-09-27T14:35:06.880+0200] {processor.py:914} INFO - Processing file /home/julian/.cache/pypoetry/virtualenvs/real-time-data-lake-QWGm5iRW-py3.11/lib/python3.11/site-packages/airflow/example_dags/example_dataset_alias_with_no_taskflow.py for tasks to queue
[2024-09-27T14:35:06.883+0200] {logging_mixin.py:190} INFO - [2024-09-27T14:35:06.882+0200] {dagbag.py:588} INFO - Filling up the DagBag from /home/julian/.cache/pypoetry/virtualenvs/real-time-data-lake-QWGm5iRW-py3.11/lib/python3.11/site-packages/airflow/example_dags/example_dataset_alias_with_no_taskflow.py
[2024-09-27T14:35:06.904+0200] {processor.py:925} INFO - DAG(s) 'dataset_alias_example_alias_consumer_with_no_taskflow', 'dataset_s3_bucket_producer_with_no_taskflow', 'dataset_s3_bucket_consumer_with_no_taskflow', 'dataset_alias_example_alias_producer_with_no_taskflow' retrieved from /home/julian/.cache/pypoetry/virtualenvs/real-time-data-lake-QWGm5iRW-py3.11/lib/python3.11/site-packages/airflow/example_dags/example_dataset_alias_with_no_taskflow.py
[2024-09-27T14:35:06.917+0200] {logging_mixin.py:190} INFO - [2024-09-27T14:35:06.917+0200] {dag.py:3239} INFO - Sync 4 DAGs
[2024-09-27T14:35:06.928+0200] {logging_mixin.py:190} INFO - [2024-09-27T14:35:06.928+0200] {dag.py:4180} INFO - Setting next_dagrun for dataset_alias_example_alias_consumer_with_no_taskflow to None, run_after=None
[2024-09-27T14:35:06.930+0200] {logging_mixin.py:190} INFO - [2024-09-27T14:35:06.930+0200] {dag.py:4180} INFO - Setting next_dagrun for dataset_alias_example_alias_producer_with_no_taskflow to None, run_after=None
[2024-09-27T14:35:06.931+0200] {logging_mixin.py:190} INFO - [2024-09-27T14:35:06.931+0200] {dag.py:4180} INFO - Setting next_dagrun for dataset_s3_bucket_consumer_with_no_taskflow to None, run_after=None
[2024-09-27T14:35:06.931+0200] {logging_mixin.py:190} INFO - [2024-09-27T14:35:06.931+0200] {dag.py:4180} INFO - Setting next_dagrun for dataset_s3_bucket_producer_with_no_taskflow to None, run_after=None
[2024-09-27T14:35:06.945+0200] {processor.py:208} INFO - Processing /home/julian/.cache/pypoetry/virtualenvs/real-time-data-lake-QWGm5iRW-py3.11/lib/python3.11/site-packages/airflow/example_dags/example_dataset_alias_with_no_taskflow.py took 0.078 seconds
[2024-09-27T14:36:15.281+0200] {processor.py:186} INFO - Started process (PID=282238) to work on /home/julian/.cache/pypoetry/virtualenvs/real-time-data-lake-QWGm5iRW-py3.11/lib/python3.11/site-packages/airflow/example_dags/example_dataset_alias_with_no_taskflow.py
[2024-09-27T14:36:15.287+0200] {processor.py:914} INFO - Processing file /home/julian/.cache/pypoetry/virtualenvs/real-time-data-lake-QWGm5iRW-py3.11/lib/python3.11/site-packages/airflow/example_dags/example_dataset_alias_with_no_taskflow.py for tasks to queue
[2024-09-27T14:36:15.289+0200] {logging_mixin.py:190} INFO - [2024-09-27T14:36:15.289+0200] {dagbag.py:588} INFO - Filling up the DagBag from /home/julian/.cache/pypoetry/virtualenvs/real-time-data-lake-QWGm5iRW-py3.11/lib/python3.11/site-packages/airflow/example_dags/example_dataset_alias_with_no_taskflow.py
[2024-09-27T14:36:15.318+0200] {processor.py:925} INFO - DAG(s) 'dataset_alias_example_alias_consumer_with_no_taskflow', 'dataset_s3_bucket_producer_with_no_taskflow', 'dataset_s3_bucket_consumer_with_no_taskflow', 'dataset_alias_example_alias_producer_with_no_taskflow' retrieved from /home/julian/.cache/pypoetry/virtualenvs/real-time-data-lake-QWGm5iRW-py3.11/lib/python3.11/site-packages/airflow/example_dags/example_dataset_alias_with_no_taskflow.py
[2024-09-27T14:36:15.337+0200] {logging_mixin.py:190} INFO - [2024-09-27T14:36:15.337+0200] {dag.py:3239} INFO - Sync 4 DAGs
[2024-09-27T14:36:15.349+0200] {logging_mixin.py:190} INFO - [2024-09-27T14:36:15.348+0200] {dag.py:4180} INFO - Setting next_dagrun for dataset_alias_example_alias_consumer_with_no_taskflow to None, run_after=None
[2024-09-27T14:36:15.350+0200] {logging_mixin.py:190} INFO - [2024-09-27T14:36:15.350+0200] {dag.py:4180} INFO - Setting next_dagrun for dataset_alias_example_alias_producer_with_no_taskflow to None, run_after=None
[2024-09-27T14:36:15.351+0200] {logging_mixin.py:190} INFO - [2024-09-27T14:36:15.351+0200] {dag.py:4180} INFO - Setting next_dagrun for dataset_s3_bucket_consumer_with_no_taskflow to None, run_after=None
[2024-09-27T14:36:15.351+0200] {logging_mixin.py:190} INFO - [2024-09-27T14:36:15.351+0200] {dag.py:4180} INFO - Setting next_dagrun for dataset_s3_bucket_producer_with_no_taskflow to None, run_after=None
[2024-09-27T14:36:15.366+0200] {processor.py:208} INFO - Processing /home/julian/.cache/pypoetry/virtualenvs/real-time-data-lake-QWGm5iRW-py3.11/lib/python3.11/site-packages/airflow/example_dags/example_dataset_alias_with_no_taskflow.py took 0.092 seconds
[2024-09-27T14:37:29.693+0200] {processor.py:186} INFO - Started process (PID=282401) to work on /home/julian/.cache/pypoetry/virtualenvs/real-time-data-lake-QWGm5iRW-py3.11/lib/python3.11/site-packages/airflow/example_dags/example_dataset_alias_with_no_taskflow.py
[2024-09-27T14:37:29.698+0200] {processor.py:914} INFO - Processing file /home/julian/.cache/pypoetry/virtualenvs/real-time-data-lake-QWGm5iRW-py3.11/lib/python3.11/site-packages/airflow/example_dags/example_dataset_alias_with_no_taskflow.py for tasks to queue
[2024-09-27T14:37:29.701+0200] {logging_mixin.py:190} INFO - [2024-09-27T14:37:29.700+0200] {dagbag.py:588} INFO - Filling up the DagBag from /home/julian/.cache/pypoetry/virtualenvs/real-time-data-lake-QWGm5iRW-py3.11/lib/python3.11/site-packages/airflow/example_dags/example_dataset_alias_with_no_taskflow.py
[2024-09-27T14:37:29.729+0200] {processor.py:925} INFO - DAG(s) 'dataset_alias_example_alias_producer_with_no_taskflow', 'dataset_s3_bucket_producer_with_no_taskflow', 'dataset_alias_example_alias_consumer_with_no_taskflow', 'dataset_s3_bucket_consumer_with_no_taskflow' retrieved from /home/julian/.cache/pypoetry/virtualenvs/real-time-data-lake-QWGm5iRW-py3.11/lib/python3.11/site-packages/airflow/example_dags/example_dataset_alias_with_no_taskflow.py
[2024-09-27T14:37:29.750+0200] {logging_mixin.py:190} INFO - [2024-09-27T14:37:29.749+0200] {dag.py:3239} INFO - Sync 4 DAGs
[2024-09-27T14:37:29.761+0200] {logging_mixin.py:190} INFO - [2024-09-27T14:37:29.761+0200] {dag.py:4180} INFO - Setting next_dagrun for dataset_alias_example_alias_consumer_with_no_taskflow to None, run_after=None
[2024-09-27T14:37:29.763+0200] {logging_mixin.py:190} INFO - [2024-09-27T14:37:29.763+0200] {dag.py:4180} INFO - Setting next_dagrun for dataset_alias_example_alias_producer_with_no_taskflow to None, run_after=None
[2024-09-27T14:37:29.764+0200] {logging_mixin.py:190} INFO - [2024-09-27T14:37:29.763+0200] {dag.py:4180} INFO - Setting next_dagrun for dataset_s3_bucket_consumer_with_no_taskflow to None, run_after=None
[2024-09-27T14:37:29.764+0200] {logging_mixin.py:190} INFO - [2024-09-27T14:37:29.764+0200] {dag.py:4180} INFO - Setting next_dagrun for dataset_s3_bucket_producer_with_no_taskflow to None, run_after=None
[2024-09-27T14:37:29.780+0200] {processor.py:208} INFO - Processing /home/julian/.cache/pypoetry/virtualenvs/real-time-data-lake-QWGm5iRW-py3.11/lib/python3.11/site-packages/airflow/example_dags/example_dataset_alias_with_no_taskflow.py took 0.094 seconds
[2024-09-27T14:38:19.945+0200] {processor.py:186} INFO - Started process (PID=282710) to work on /home/julian/.cache/pypoetry/virtualenvs/real-time-data-lake-QWGm5iRW-py3.11/lib/python3.11/site-packages/airflow/example_dags/example_dataset_alias_with_no_taskflow.py
[2024-09-27T14:38:19.951+0200] {processor.py:914} INFO - Processing file /home/julian/.cache/pypoetry/virtualenvs/real-time-data-lake-QWGm5iRW-py3.11/lib/python3.11/site-packages/airflow/example_dags/example_dataset_alias_with_no_taskflow.py for tasks to queue
[2024-09-27T14:38:19.953+0200] {logging_mixin.py:190} INFO - [2024-09-27T14:38:19.953+0200] {dagbag.py:588} INFO - Filling up the DagBag from /home/julian/.cache/pypoetry/virtualenvs/real-time-data-lake-QWGm5iRW-py3.11/lib/python3.11/site-packages/airflow/example_dags/example_dataset_alias_with_no_taskflow.py
[2024-09-27T14:38:19.982+0200] {processor.py:925} INFO - DAG(s) 'dataset_s3_bucket_consumer_with_no_taskflow', 'dataset_alias_example_alias_producer_with_no_taskflow', 'dataset_s3_bucket_producer_with_no_taskflow', 'dataset_alias_example_alias_consumer_with_no_taskflow' retrieved from /home/julian/.cache/pypoetry/virtualenvs/real-time-data-lake-QWGm5iRW-py3.11/lib/python3.11/site-packages/airflow/example_dags/example_dataset_alias_with_no_taskflow.py
[2024-09-27T14:38:20.005+0200] {logging_mixin.py:190} INFO - [2024-09-27T14:38:20.005+0200] {dag.py:3239} INFO - Sync 4 DAGs
[2024-09-27T14:38:20.017+0200] {logging_mixin.py:190} INFO - [2024-09-27T14:38:20.016+0200] {dag.py:4180} INFO - Setting next_dagrun for dataset_alias_example_alias_consumer_with_no_taskflow to None, run_after=None
[2024-09-27T14:38:20.018+0200] {logging_mixin.py:190} INFO - [2024-09-27T14:38:20.018+0200] {dag.py:4180} INFO - Setting next_dagrun for dataset_alias_example_alias_producer_with_no_taskflow to None, run_after=None
[2024-09-27T14:38:20.019+0200] {logging_mixin.py:190} INFO - [2024-09-27T14:38:20.019+0200] {dag.py:4180} INFO - Setting next_dagrun for dataset_s3_bucket_consumer_with_no_taskflow to None, run_after=None
[2024-09-27T14:38:20.019+0200] {logging_mixin.py:190} INFO - [2024-09-27T14:38:20.019+0200] {dag.py:4180} INFO - Setting next_dagrun for dataset_s3_bucket_producer_with_no_taskflow to None, run_after=None
[2024-09-27T14:38:20.034+0200] {processor.py:208} INFO - Processing /home/julian/.cache/pypoetry/virtualenvs/real-time-data-lake-QWGm5iRW-py3.11/lib/python3.11/site-packages/airflow/example_dags/example_dataset_alias_with_no_taskflow.py took 0.097 seconds
