[2024-09-27T14:19:58.378+0200] {processor.py:186} INFO - Started process (PID=279985) to work on /home/julian/.cache/pypoetry/virtualenvs/real-time-data-lake-QWGm5iRW-py3.11/lib/python3.11/site-packages/airflow/example_dags/example_trigger_controller_dag.py
[2024-09-27T14:19:58.379+0200] {processor.py:914} INFO - Processing file /home/julian/.cache/pypoetry/virtualenvs/real-time-data-lake-QWGm5iRW-py3.11/lib/python3.11/site-packages/airflow/example_dags/example_trigger_controller_dag.py for tasks to queue
[2024-09-27T14:19:58.382+0200] {logging_mixin.py:190} INFO - [2024-09-27T14:19:58.381+0200] {dagbag.py:588} INFO - Filling up the DagBag from /home/julian/.cache/pypoetry/virtualenvs/real-time-data-lake-QWGm5iRW-py3.11/lib/python3.11/site-packages/airflow/example_dags/example_trigger_controller_dag.py
[2024-09-27T14:19:58.391+0200] {processor.py:925} INFO - DAG(s) 'example_trigger_controller_dag' retrieved from /home/julian/.cache/pypoetry/virtualenvs/real-time-data-lake-QWGm5iRW-py3.11/lib/python3.11/site-packages/airflow/example_dags/example_trigger_controller_dag.py
[2024-09-27T14:19:58.463+0200] {logging_mixin.py:190} INFO - [2024-09-27T14:19:58.462+0200] {override.py:1901} INFO - Created Permission View: can delete on DAG:example_trigger_controller_dag
[2024-09-27T14:19:58.473+0200] {logging_mixin.py:190} INFO - [2024-09-27T14:19:58.472+0200] {override.py:1901} INFO - Created Permission View: can read on DAG:example_trigger_controller_dag
[2024-09-27T14:19:58.478+0200] {logging_mixin.py:190} INFO - [2024-09-27T14:19:58.478+0200] {override.py:1901} INFO - Created Permission View: can edit on DAG:example_trigger_controller_dag
[2024-09-27T14:19:58.488+0200] {logging_mixin.py:190} INFO - [2024-09-27T14:19:58.488+0200] {override.py:1901} INFO - Created Permission View: can create on DAG Run:example_trigger_controller_dag
[2024-09-27T14:19:58.493+0200] {logging_mixin.py:190} INFO - [2024-09-27T14:19:58.493+0200] {override.py:1901} INFO - Created Permission View: can delete on DAG Run:example_trigger_controller_dag
[2024-09-27T14:19:58.499+0200] {logging_mixin.py:190} INFO - [2024-09-27T14:19:58.499+0200] {override.py:1901} INFO - Created Permission View: can read on DAG Run:example_trigger_controller_dag
[2024-09-27T14:19:58.505+0200] {logging_mixin.py:190} INFO - [2024-09-27T14:19:58.504+0200] {override.py:1901} INFO - Created Permission View: menu access on DAG Run:example_trigger_controller_dag
[2024-09-27T14:19:58.505+0200] {logging_mixin.py:190} INFO - [2024-09-27T14:19:58.505+0200] {dag.py:3239} INFO - Sync 1 DAGs
[2024-09-27T14:19:58.512+0200] {logging_mixin.py:190} INFO - [2024-09-27T14:19:58.512+0200] {dag.py:3262} INFO - Creating ORM DAG for example_trigger_controller_dag
[2024-09-27T14:19:58.517+0200] {logging_mixin.py:190} INFO - [2024-09-27T14:19:58.517+0200] {dag.py:4180} INFO - Setting next_dagrun for example_trigger_controller_dag to 2021-01-01 00:00:00+00:00, run_after=2021-01-01 00:00:00+00:00
[2024-09-27T14:19:58.529+0200] {processor.py:208} INFO - Processing /home/julian/.cache/pypoetry/virtualenvs/real-time-data-lake-QWGm5iRW-py3.11/lib/python3.11/site-packages/airflow/example_dags/example_trigger_controller_dag.py took 0.159 seconds
[2024-09-27T14:20:59.891+0200] {processor.py:186} INFO - Started process (PID=280097) to work on /home/julian/.cache/pypoetry/virtualenvs/real-time-data-lake-QWGm5iRW-py3.11/lib/python3.11/site-packages/airflow/example_dags/example_trigger_controller_dag.py
[2024-09-27T14:20:59.897+0200] {processor.py:914} INFO - Processing file /home/julian/.cache/pypoetry/virtualenvs/real-time-data-lake-QWGm5iRW-py3.11/lib/python3.11/site-packages/airflow/example_dags/example_trigger_controller_dag.py for tasks to queue
[2024-09-27T14:20:59.900+0200] {logging_mixin.py:190} INFO - [2024-09-27T14:20:59.899+0200] {dagbag.py:588} INFO - Filling up the DagBag from /home/julian/.cache/pypoetry/virtualenvs/real-time-data-lake-QWGm5iRW-py3.11/lib/python3.11/site-packages/airflow/example_dags/example_trigger_controller_dag.py
[2024-09-27T14:20:59.908+0200] {processor.py:925} INFO - DAG(s) 'example_trigger_controller_dag' retrieved from /home/julian/.cache/pypoetry/virtualenvs/real-time-data-lake-QWGm5iRW-py3.11/lib/python3.11/site-packages/airflow/example_dags/example_trigger_controller_dag.py
[2024-09-27T14:20:59.927+0200] {logging_mixin.py:190} INFO - [2024-09-27T14:20:59.926+0200] {dag.py:3239} INFO - Sync 1 DAGs
[2024-09-27T14:20:59.948+0200] {logging_mixin.py:190} INFO - [2024-09-27T14:20:59.948+0200] {dag.py:4180} INFO - Setting next_dagrun for example_trigger_controller_dag to 2021-01-01 00:00:00+00:00, run_after=2021-01-01 00:00:00+00:00
[2024-09-27T14:20:59.962+0200] {processor.py:208} INFO - Processing /home/julian/.cache/pypoetry/virtualenvs/real-time-data-lake-QWGm5iRW-py3.11/lib/python3.11/site-packages/airflow/example_dags/example_trigger_controller_dag.py took 0.079 seconds
[2024-09-27T14:21:43.173+0200] {processor.py:186} INFO - Started process (PID=280162) to work on /home/julian/.cache/pypoetry/virtualenvs/real-time-data-lake-QWGm5iRW-py3.11/lib/python3.11/site-packages/airflow/example_dags/example_trigger_controller_dag.py
[2024-09-27T14:21:43.179+0200] {processor.py:914} INFO - Processing file /home/julian/.cache/pypoetry/virtualenvs/real-time-data-lake-QWGm5iRW-py3.11/lib/python3.11/site-packages/airflow/example_dags/example_trigger_controller_dag.py for tasks to queue
[2024-09-27T14:21:43.182+0200] {logging_mixin.py:190} INFO - [2024-09-27T14:21:43.181+0200] {dagbag.py:588} INFO - Filling up the DagBag from /home/julian/.cache/pypoetry/virtualenvs/real-time-data-lake-QWGm5iRW-py3.11/lib/python3.11/site-packages/airflow/example_dags/example_trigger_controller_dag.py
[2024-09-27T14:21:43.189+0200] {processor.py:925} INFO - DAG(s) 'example_trigger_controller_dag' retrieved from /home/julian/.cache/pypoetry/virtualenvs/real-time-data-lake-QWGm5iRW-py3.11/lib/python3.11/site-packages/airflow/example_dags/example_trigger_controller_dag.py
[2024-09-27T14:21:43.213+0200] {logging_mixin.py:190} INFO - [2024-09-27T14:21:43.212+0200] {dag.py:3239} INFO - Sync 1 DAGs
[2024-09-27T14:21:43.230+0200] {logging_mixin.py:190} INFO - [2024-09-27T14:21:43.230+0200] {dag.py:4180} INFO - Setting next_dagrun for example_trigger_controller_dag to 2021-01-01 00:00:00+00:00, run_after=2021-01-01 00:00:00+00:00
[2024-09-27T14:21:43.244+0200] {processor.py:208} INFO - Processing /home/julian/.cache/pypoetry/virtualenvs/real-time-data-lake-QWGm5iRW-py3.11/lib/python3.11/site-packages/airflow/example_dags/example_trigger_controller_dag.py took 0.077 seconds
[2024-09-27T14:22:38.129+0200] {processor.py:186} INFO - Started process (PID=280277) to work on /home/julian/.cache/pypoetry/virtualenvs/real-time-data-lake-QWGm5iRW-py3.11/lib/python3.11/site-packages/airflow/example_dags/example_trigger_controller_dag.py
[2024-09-27T14:22:38.130+0200] {processor.py:914} INFO - Processing file /home/julian/.cache/pypoetry/virtualenvs/real-time-data-lake-QWGm5iRW-py3.11/lib/python3.11/site-packages/airflow/example_dags/example_trigger_controller_dag.py for tasks to queue
[2024-09-27T14:22:38.133+0200] {logging_mixin.py:190} INFO - [2024-09-27T14:22:38.133+0200] {dagbag.py:588} INFO - Filling up the DagBag from /home/julian/.cache/pypoetry/virtualenvs/real-time-data-lake-QWGm5iRW-py3.11/lib/python3.11/site-packages/airflow/example_dags/example_trigger_controller_dag.py
[2024-09-27T14:22:38.142+0200] {processor.py:925} INFO - DAG(s) 'example_trigger_controller_dag' retrieved from /home/julian/.cache/pypoetry/virtualenvs/real-time-data-lake-QWGm5iRW-py3.11/lib/python3.11/site-packages/airflow/example_dags/example_trigger_controller_dag.py
[2024-09-27T14:22:38.162+0200] {logging_mixin.py:190} INFO - [2024-09-27T14:22:38.162+0200] {dag.py:3239} INFO - Sync 1 DAGs
[2024-09-27T14:22:38.176+0200] {logging_mixin.py:190} INFO - [2024-09-27T14:22:38.176+0200] {dag.py:4180} INFO - Setting next_dagrun for example_trigger_controller_dag to 2021-01-01 00:00:00+00:00, run_after=2021-01-01 00:00:00+00:00
[2024-09-27T14:22:38.189+0200] {processor.py:208} INFO - Processing /home/julian/.cache/pypoetry/virtualenvs/real-time-data-lake-QWGm5iRW-py3.11/lib/python3.11/site-packages/airflow/example_dags/example_trigger_controller_dag.py took 0.067 seconds
[2024-09-27T14:23:28.920+0200] {processor.py:186} INFO - Started process (PID=280414) to work on /home/julian/.cache/pypoetry/virtualenvs/real-time-data-lake-QWGm5iRW-py3.11/lib/python3.11/site-packages/airflow/example_dags/example_trigger_controller_dag.py
[2024-09-27T14:23:28.926+0200] {processor.py:914} INFO - Processing file /home/julian/.cache/pypoetry/virtualenvs/real-time-data-lake-QWGm5iRW-py3.11/lib/python3.11/site-packages/airflow/example_dags/example_trigger_controller_dag.py for tasks to queue
[2024-09-27T14:23:28.927+0200] {logging_mixin.py:190} INFO - [2024-09-27T14:23:28.927+0200] {dagbag.py:588} INFO - Filling up the DagBag from /home/julian/.cache/pypoetry/virtualenvs/real-time-data-lake-QWGm5iRW-py3.11/lib/python3.11/site-packages/airflow/example_dags/example_trigger_controller_dag.py
[2024-09-27T14:23:28.931+0200] {processor.py:925} INFO - DAG(s) 'example_trigger_controller_dag' retrieved from /home/julian/.cache/pypoetry/virtualenvs/real-time-data-lake-QWGm5iRW-py3.11/lib/python3.11/site-packages/airflow/example_dags/example_trigger_controller_dag.py
[2024-09-27T14:23:28.940+0200] {logging_mixin.py:190} INFO - [2024-09-27T14:23:28.940+0200] {dag.py:3239} INFO - Sync 1 DAGs
[2024-09-27T14:23:28.952+0200] {logging_mixin.py:190} INFO - [2024-09-27T14:23:28.952+0200] {dag.py:4180} INFO - Setting next_dagrun for example_trigger_controller_dag to 2021-01-01 00:00:00+00:00, run_after=2021-01-01 00:00:00+00:00
[2024-09-27T14:23:28.965+0200] {processor.py:208} INFO - Processing /home/julian/.cache/pypoetry/virtualenvs/real-time-data-lake-QWGm5iRW-py3.11/lib/python3.11/site-packages/airflow/example_dags/example_trigger_controller_dag.py took 0.052 seconds
[2024-09-27T14:24:21.037+0200] {processor.py:186} INFO - Started process (PID=280537) to work on /home/julian/.cache/pypoetry/virtualenvs/real-time-data-lake-QWGm5iRW-py3.11/lib/python3.11/site-packages/airflow/example_dags/example_trigger_controller_dag.py
[2024-09-27T14:24:21.043+0200] {processor.py:914} INFO - Processing file /home/julian/.cache/pypoetry/virtualenvs/real-time-data-lake-QWGm5iRW-py3.11/lib/python3.11/site-packages/airflow/example_dags/example_trigger_controller_dag.py for tasks to queue
[2024-09-27T14:24:21.046+0200] {logging_mixin.py:190} INFO - [2024-09-27T14:24:21.045+0200] {dagbag.py:588} INFO - Filling up the DagBag from /home/julian/.cache/pypoetry/virtualenvs/real-time-data-lake-QWGm5iRW-py3.11/lib/python3.11/site-packages/airflow/example_dags/example_trigger_controller_dag.py
[2024-09-27T14:24:21.054+0200] {processor.py:925} INFO - DAG(s) 'example_trigger_controller_dag' retrieved from /home/julian/.cache/pypoetry/virtualenvs/real-time-data-lake-QWGm5iRW-py3.11/lib/python3.11/site-packages/airflow/example_dags/example_trigger_controller_dag.py
[2024-09-27T14:24:21.073+0200] {logging_mixin.py:190} INFO - [2024-09-27T14:24:21.073+0200] {dag.py:3239} INFO - Sync 1 DAGs
[2024-09-27T14:24:21.093+0200] {logging_mixin.py:190} INFO - [2024-09-27T14:24:21.093+0200] {dag.py:4180} INFO - Setting next_dagrun for example_trigger_controller_dag to 2021-01-01 00:00:00+00:00, run_after=2021-01-01 00:00:00+00:00
[2024-09-27T14:24:21.107+0200] {processor.py:208} INFO - Processing /home/julian/.cache/pypoetry/virtualenvs/real-time-data-lake-QWGm5iRW-py3.11/lib/python3.11/site-packages/airflow/example_dags/example_trigger_controller_dag.py took 0.078 seconds
[2024-09-27T14:25:11.279+0200] {processor.py:186} INFO - Started process (PID=280750) to work on /home/julian/.cache/pypoetry/virtualenvs/real-time-data-lake-QWGm5iRW-py3.11/lib/python3.11/site-packages/airflow/example_dags/example_trigger_controller_dag.py
[2024-09-27T14:25:11.285+0200] {processor.py:914} INFO - Processing file /home/julian/.cache/pypoetry/virtualenvs/real-time-data-lake-QWGm5iRW-py3.11/lib/python3.11/site-packages/airflow/example_dags/example_trigger_controller_dag.py for tasks to queue
[2024-09-27T14:25:11.287+0200] {logging_mixin.py:190} INFO - [2024-09-27T14:25:11.287+0200] {dagbag.py:588} INFO - Filling up the DagBag from /home/julian/.cache/pypoetry/virtualenvs/real-time-data-lake-QWGm5iRW-py3.11/lib/python3.11/site-packages/airflow/example_dags/example_trigger_controller_dag.py
[2024-09-27T14:25:11.291+0200] {processor.py:925} INFO - DAG(s) 'example_trigger_controller_dag' retrieved from /home/julian/.cache/pypoetry/virtualenvs/real-time-data-lake-QWGm5iRW-py3.11/lib/python3.11/site-packages/airflow/example_dags/example_trigger_controller_dag.py
[2024-09-27T14:25:11.300+0200] {logging_mixin.py:190} INFO - [2024-09-27T14:25:11.300+0200] {dag.py:3239} INFO - Sync 1 DAGs
[2024-09-27T14:25:11.312+0200] {logging_mixin.py:190} INFO - [2024-09-27T14:25:11.312+0200] {dag.py:4180} INFO - Setting next_dagrun for example_trigger_controller_dag to 2021-01-01 00:00:00+00:00, run_after=2021-01-01 00:00:00+00:00
[2024-09-27T14:25:11.325+0200] {processor.py:208} INFO - Processing /home/julian/.cache/pypoetry/virtualenvs/real-time-data-lake-QWGm5iRW-py3.11/lib/python3.11/site-packages/airflow/example_dags/example_trigger_controller_dag.py took 0.053 seconds
[2024-09-27T14:30:10.166+0200] {processor.py:186} INFO - Started process (PID=281386) to work on /home/julian/.cache/pypoetry/virtualenvs/real-time-data-lake-QWGm5iRW-py3.11/lib/python3.11/site-packages/airflow/example_dags/example_trigger_controller_dag.py
[2024-09-27T14:30:10.171+0200] {processor.py:914} INFO - Processing file /home/julian/.cache/pypoetry/virtualenvs/real-time-data-lake-QWGm5iRW-py3.11/lib/python3.11/site-packages/airflow/example_dags/example_trigger_controller_dag.py for tasks to queue
[2024-09-27T14:30:10.172+0200] {logging_mixin.py:190} INFO - [2024-09-27T14:30:10.172+0200] {dagbag.py:588} INFO - Filling up the DagBag from /home/julian/.cache/pypoetry/virtualenvs/real-time-data-lake-QWGm5iRW-py3.11/lib/python3.11/site-packages/airflow/example_dags/example_trigger_controller_dag.py
[2024-09-27T14:30:10.176+0200] {processor.py:925} INFO - DAG(s) 'example_trigger_controller_dag' retrieved from /home/julian/.cache/pypoetry/virtualenvs/real-time-data-lake-QWGm5iRW-py3.11/lib/python3.11/site-packages/airflow/example_dags/example_trigger_controller_dag.py
[2024-09-27T14:30:10.187+0200] {logging_mixin.py:190} INFO - [2024-09-27T14:30:10.187+0200] {dag.py:3239} INFO - Sync 1 DAGs
[2024-09-27T14:30:10.199+0200] {logging_mixin.py:190} INFO - [2024-09-27T14:30:10.198+0200] {dag.py:4180} INFO - Setting next_dagrun for example_trigger_controller_dag to 2021-01-01 00:00:00+00:00, run_after=2021-01-01 00:00:00+00:00
[2024-09-27T14:30:10.211+0200] {processor.py:208} INFO - Processing /home/julian/.cache/pypoetry/virtualenvs/real-time-data-lake-QWGm5iRW-py3.11/lib/python3.11/site-packages/airflow/example_dags/example_trigger_controller_dag.py took 0.050 seconds
[2024-09-27T14:31:04.939+0200] {processor.py:186} INFO - Started process (PID=281507) to work on /home/julian/.cache/pypoetry/virtualenvs/real-time-data-lake-QWGm5iRW-py3.11/lib/python3.11/site-packages/airflow/example_dags/example_trigger_controller_dag.py
[2024-09-27T14:31:04.944+0200] {processor.py:914} INFO - Processing file /home/julian/.cache/pypoetry/virtualenvs/real-time-data-lake-QWGm5iRW-py3.11/lib/python3.11/site-packages/airflow/example_dags/example_trigger_controller_dag.py for tasks to queue
[2024-09-27T14:31:04.947+0200] {logging_mixin.py:190} INFO - [2024-09-27T14:31:04.947+0200] {dagbag.py:588} INFO - Filling up the DagBag from /home/julian/.cache/pypoetry/virtualenvs/real-time-data-lake-QWGm5iRW-py3.11/lib/python3.11/site-packages/airflow/example_dags/example_trigger_controller_dag.py
[2024-09-27T14:31:04.955+0200] {processor.py:925} INFO - DAG(s) 'example_trigger_controller_dag' retrieved from /home/julian/.cache/pypoetry/virtualenvs/real-time-data-lake-QWGm5iRW-py3.11/lib/python3.11/site-packages/airflow/example_dags/example_trigger_controller_dag.py
[2024-09-27T14:31:04.975+0200] {logging_mixin.py:190} INFO - [2024-09-27T14:31:04.975+0200] {dag.py:3239} INFO - Sync 1 DAGs
[2024-09-27T14:31:04.997+0200] {logging_mixin.py:190} INFO - [2024-09-27T14:31:04.996+0200] {dag.py:4180} INFO - Setting next_dagrun for example_trigger_controller_dag to 2021-01-01 00:00:00+00:00, run_after=2021-01-01 00:00:00+00:00
[2024-09-27T14:31:05.011+0200] {processor.py:208} INFO - Processing /home/julian/.cache/pypoetry/virtualenvs/real-time-data-lake-QWGm5iRW-py3.11/lib/python3.11/site-packages/airflow/example_dags/example_trigger_controller_dag.py took 0.079 seconds
[2024-09-27T14:31:52.909+0200] {processor.py:186} INFO - Started process (PID=281579) to work on /home/julian/.cache/pypoetry/virtualenvs/real-time-data-lake-QWGm5iRW-py3.11/lib/python3.11/site-packages/airflow/example_dags/example_trigger_controller_dag.py
[2024-09-27T14:31:52.915+0200] {processor.py:914} INFO - Processing file /home/julian/.cache/pypoetry/virtualenvs/real-time-data-lake-QWGm5iRW-py3.11/lib/python3.11/site-packages/airflow/example_dags/example_trigger_controller_dag.py for tasks to queue
[2024-09-27T14:31:52.918+0200] {logging_mixin.py:190} INFO - [2024-09-27T14:31:52.918+0200] {dagbag.py:588} INFO - Filling up the DagBag from /home/julian/.cache/pypoetry/virtualenvs/real-time-data-lake-QWGm5iRW-py3.11/lib/python3.11/site-packages/airflow/example_dags/example_trigger_controller_dag.py
[2024-09-27T14:31:52.926+0200] {processor.py:925} INFO - DAG(s) 'example_trigger_controller_dag' retrieved from /home/julian/.cache/pypoetry/virtualenvs/real-time-data-lake-QWGm5iRW-py3.11/lib/python3.11/site-packages/airflow/example_dags/example_trigger_controller_dag.py
[2024-09-27T14:31:52.944+0200] {logging_mixin.py:190} INFO - [2024-09-27T14:31:52.943+0200] {dag.py:3239} INFO - Sync 1 DAGs
[2024-09-27T14:31:52.964+0200] {logging_mixin.py:190} INFO - [2024-09-27T14:31:52.964+0200] {dag.py:4180} INFO - Setting next_dagrun for example_trigger_controller_dag to 2021-01-01 00:00:00+00:00, run_after=2021-01-01 00:00:00+00:00
[2024-09-27T14:31:52.977+0200] {processor.py:208} INFO - Processing /home/julian/.cache/pypoetry/virtualenvs/real-time-data-lake-QWGm5iRW-py3.11/lib/python3.11/site-packages/airflow/example_dags/example_trigger_controller_dag.py took 0.074 seconds
[2024-09-27T14:32:42.548+0200] {processor.py:186} INFO - Started process (PID=281713) to work on /home/julian/.cache/pypoetry/virtualenvs/real-time-data-lake-QWGm5iRW-py3.11/lib/python3.11/site-packages/airflow/example_dags/example_trigger_controller_dag.py
[2024-09-27T14:32:42.554+0200] {processor.py:914} INFO - Processing file /home/julian/.cache/pypoetry/virtualenvs/real-time-data-lake-QWGm5iRW-py3.11/lib/python3.11/site-packages/airflow/example_dags/example_trigger_controller_dag.py for tasks to queue
[2024-09-27T14:32:42.557+0200] {logging_mixin.py:190} INFO - [2024-09-27T14:32:42.557+0200] {dagbag.py:588} INFO - Filling up the DagBag from /home/julian/.cache/pypoetry/virtualenvs/real-time-data-lake-QWGm5iRW-py3.11/lib/python3.11/site-packages/airflow/example_dags/example_trigger_controller_dag.py
[2024-09-27T14:32:42.565+0200] {processor.py:925} INFO - DAG(s) 'example_trigger_controller_dag' retrieved from /home/julian/.cache/pypoetry/virtualenvs/real-time-data-lake-QWGm5iRW-py3.11/lib/python3.11/site-packages/airflow/example_dags/example_trigger_controller_dag.py
[2024-09-27T14:32:42.585+0200] {logging_mixin.py:190} INFO - [2024-09-27T14:32:42.584+0200] {dag.py:3239} INFO - Sync 1 DAGs
[2024-09-27T14:32:42.604+0200] {logging_mixin.py:190} INFO - [2024-09-27T14:32:42.604+0200] {dag.py:4180} INFO - Setting next_dagrun for example_trigger_controller_dag to 2021-01-01 00:00:00+00:00, run_after=2021-01-01 00:00:00+00:00
[2024-09-27T14:32:42.617+0200] {processor.py:208} INFO - Processing /home/julian/.cache/pypoetry/virtualenvs/real-time-data-lake-QWGm5iRW-py3.11/lib/python3.11/site-packages/airflow/example_dags/example_trigger_controller_dag.py took 0.075 seconds
[2024-09-27T14:33:31.274+0200] {processor.py:186} INFO - Started process (PID=281810) to work on /home/julian/.cache/pypoetry/virtualenvs/real-time-data-lake-QWGm5iRW-py3.11/lib/python3.11/site-packages/airflow/example_dags/example_trigger_controller_dag.py
[2024-09-27T14:33:31.274+0200] {processor.py:914} INFO - Processing file /home/julian/.cache/pypoetry/virtualenvs/real-time-data-lake-QWGm5iRW-py3.11/lib/python3.11/site-packages/airflow/example_dags/example_trigger_controller_dag.py for tasks to queue
[2024-09-27T14:33:31.276+0200] {logging_mixin.py:190} INFO - [2024-09-27T14:33:31.275+0200] {dagbag.py:588} INFO - Filling up the DagBag from /home/julian/.cache/pypoetry/virtualenvs/real-time-data-lake-QWGm5iRW-py3.11/lib/python3.11/site-packages/airflow/example_dags/example_trigger_controller_dag.py
[2024-09-27T14:33:31.280+0200] {processor.py:925} INFO - DAG(s) 'example_trigger_controller_dag' retrieved from /home/julian/.cache/pypoetry/virtualenvs/real-time-data-lake-QWGm5iRW-py3.11/lib/python3.11/site-packages/airflow/example_dags/example_trigger_controller_dag.py
[2024-09-27T14:33:31.290+0200] {logging_mixin.py:190} INFO - [2024-09-27T14:33:31.290+0200] {dag.py:3239} INFO - Sync 1 DAGs
[2024-09-27T14:33:31.302+0200] {logging_mixin.py:190} INFO - [2024-09-27T14:33:31.302+0200] {dag.py:4180} INFO - Setting next_dagrun for example_trigger_controller_dag to 2021-01-01 00:00:00+00:00, run_after=2021-01-01 00:00:00+00:00
[2024-09-27T14:33:31.315+0200] {processor.py:208} INFO - Processing /home/julian/.cache/pypoetry/virtualenvs/real-time-data-lake-QWGm5iRW-py3.11/lib/python3.11/site-packages/airflow/example_dags/example_trigger_controller_dag.py took 0.045 seconds
[2024-09-27T14:34:21.117+0200] {processor.py:186} INFO - Started process (PID=281922) to work on /home/julian/.cache/pypoetry/virtualenvs/real-time-data-lake-QWGm5iRW-py3.11/lib/python3.11/site-packages/airflow/example_dags/example_trigger_controller_dag.py
[2024-09-27T14:34:21.123+0200] {processor.py:914} INFO - Processing file /home/julian/.cache/pypoetry/virtualenvs/real-time-data-lake-QWGm5iRW-py3.11/lib/python3.11/site-packages/airflow/example_dags/example_trigger_controller_dag.py for tasks to queue
[2024-09-27T14:34:21.125+0200] {logging_mixin.py:190} INFO - [2024-09-27T14:34:21.125+0200] {dagbag.py:588} INFO - Filling up the DagBag from /home/julian/.cache/pypoetry/virtualenvs/real-time-data-lake-QWGm5iRW-py3.11/lib/python3.11/site-packages/airflow/example_dags/example_trigger_controller_dag.py
[2024-09-27T14:34:21.134+0200] {processor.py:925} INFO - DAG(s) 'example_trigger_controller_dag' retrieved from /home/julian/.cache/pypoetry/virtualenvs/real-time-data-lake-QWGm5iRW-py3.11/lib/python3.11/site-packages/airflow/example_dags/example_trigger_controller_dag.py
[2024-09-27T14:34:21.143+0200] {logging_mixin.py:190} INFO - [2024-09-27T14:34:21.143+0200] {dag.py:3239} INFO - Sync 1 DAGs
[2024-09-27T14:34:21.155+0200] {logging_mixin.py:190} INFO - [2024-09-27T14:34:21.155+0200] {dag.py:4180} INFO - Setting next_dagrun for example_trigger_controller_dag to 2021-01-01 00:00:00+00:00, run_after=2021-01-01 00:00:00+00:00
[2024-09-27T14:34:21.168+0200] {processor.py:208} INFO - Processing /home/julian/.cache/pypoetry/virtualenvs/real-time-data-lake-QWGm5iRW-py3.11/lib/python3.11/site-packages/airflow/example_dags/example_trigger_controller_dag.py took 0.059 seconds
[2024-09-27T14:35:09.436+0200] {processor.py:186} INFO - Started process (PID=282130) to work on /home/julian/.cache/pypoetry/virtualenvs/real-time-data-lake-QWGm5iRW-py3.11/lib/python3.11/site-packages/airflow/example_dags/example_trigger_controller_dag.py
[2024-09-27T14:35:09.442+0200] {processor.py:914} INFO - Processing file /home/julian/.cache/pypoetry/virtualenvs/real-time-data-lake-QWGm5iRW-py3.11/lib/python3.11/site-packages/airflow/example_dags/example_trigger_controller_dag.py for tasks to queue
[2024-09-27T14:35:09.444+0200] {logging_mixin.py:190} INFO - [2024-09-27T14:35:09.444+0200] {dagbag.py:588} INFO - Filling up the DagBag from /home/julian/.cache/pypoetry/virtualenvs/real-time-data-lake-QWGm5iRW-py3.11/lib/python3.11/site-packages/airflow/example_dags/example_trigger_controller_dag.py
[2024-09-27T14:35:09.453+0200] {processor.py:925} INFO - DAG(s) 'example_trigger_controller_dag' retrieved from /home/julian/.cache/pypoetry/virtualenvs/real-time-data-lake-QWGm5iRW-py3.11/lib/python3.11/site-packages/airflow/example_dags/example_trigger_controller_dag.py
[2024-09-27T14:35:09.472+0200] {logging_mixin.py:190} INFO - [2024-09-27T14:35:09.472+0200] {dag.py:3239} INFO - Sync 1 DAGs
[2024-09-27T14:35:09.492+0200] {logging_mixin.py:190} INFO - [2024-09-27T14:35:09.492+0200] {dag.py:4180} INFO - Setting next_dagrun for example_trigger_controller_dag to 2021-01-01 00:00:00+00:00, run_after=2021-01-01 00:00:00+00:00
[2024-09-27T14:35:09.505+0200] {processor.py:208} INFO - Processing /home/julian/.cache/pypoetry/virtualenvs/real-time-data-lake-QWGm5iRW-py3.11/lib/python3.11/site-packages/airflow/example_dags/example_trigger_controller_dag.py took 0.076 seconds
[2024-09-27T14:35:55.698+0200] {processor.py:186} INFO - Started process (PID=282211) to work on /home/julian/.cache/pypoetry/virtualenvs/real-time-data-lake-QWGm5iRW-py3.11/lib/python3.11/site-packages/airflow/example_dags/example_trigger_controller_dag.py
[2024-09-27T14:35:55.704+0200] {processor.py:914} INFO - Processing file /home/julian/.cache/pypoetry/virtualenvs/real-time-data-lake-QWGm5iRW-py3.11/lib/python3.11/site-packages/airflow/example_dags/example_trigger_controller_dag.py for tasks to queue
[2024-09-27T14:35:55.707+0200] {logging_mixin.py:190} INFO - [2024-09-27T14:35:55.707+0200] {dagbag.py:588} INFO - Filling up the DagBag from /home/julian/.cache/pypoetry/virtualenvs/real-time-data-lake-QWGm5iRW-py3.11/lib/python3.11/site-packages/airflow/example_dags/example_trigger_controller_dag.py
[2024-09-27T14:35:55.712+0200] {processor.py:925} INFO - DAG(s) 'example_trigger_controller_dag' retrieved from /home/julian/.cache/pypoetry/virtualenvs/real-time-data-lake-QWGm5iRW-py3.11/lib/python3.11/site-packages/airflow/example_dags/example_trigger_controller_dag.py
[2024-09-27T14:35:55.722+0200] {logging_mixin.py:190} INFO - [2024-09-27T14:35:55.721+0200] {dag.py:3239} INFO - Sync 1 DAGs
[2024-09-27T14:35:55.734+0200] {logging_mixin.py:190} INFO - [2024-09-27T14:35:55.734+0200] {dag.py:4180} INFO - Setting next_dagrun for example_trigger_controller_dag to 2021-01-01 00:00:00+00:00, run_after=2021-01-01 00:00:00+00:00
[2024-09-27T14:35:55.746+0200] {processor.py:208} INFO - Processing /home/julian/.cache/pypoetry/virtualenvs/real-time-data-lake-QWGm5iRW-py3.11/lib/python3.11/site-packages/airflow/example_dags/example_trigger_controller_dag.py took 0.055 seconds
[2024-09-27T14:36:44.245+0200] {processor.py:186} INFO - Started process (PID=282281) to work on /home/julian/.cache/pypoetry/virtualenvs/real-time-data-lake-QWGm5iRW-py3.11/lib/python3.11/site-packages/airflow/example_dags/example_trigger_controller_dag.py
[2024-09-27T14:36:44.251+0200] {processor.py:914} INFO - Processing file /home/julian/.cache/pypoetry/virtualenvs/real-time-data-lake-QWGm5iRW-py3.11/lib/python3.11/site-packages/airflow/example_dags/example_trigger_controller_dag.py for tasks to queue
[2024-09-27T14:36:44.253+0200] {logging_mixin.py:190} INFO - [2024-09-27T14:36:44.253+0200] {dagbag.py:588} INFO - Filling up the DagBag from /home/julian/.cache/pypoetry/virtualenvs/real-time-data-lake-QWGm5iRW-py3.11/lib/python3.11/site-packages/airflow/example_dags/example_trigger_controller_dag.py
[2024-09-27T14:36:44.262+0200] {processor.py:925} INFO - DAG(s) 'example_trigger_controller_dag' retrieved from /home/julian/.cache/pypoetry/virtualenvs/real-time-data-lake-QWGm5iRW-py3.11/lib/python3.11/site-packages/airflow/example_dags/example_trigger_controller_dag.py
[2024-09-27T14:36:44.281+0200] {logging_mixin.py:190} INFO - [2024-09-27T14:36:44.281+0200] {dag.py:3239} INFO - Sync 1 DAGs
[2024-09-27T14:36:44.301+0200] {logging_mixin.py:190} INFO - [2024-09-27T14:36:44.300+0200] {dag.py:4180} INFO - Setting next_dagrun for example_trigger_controller_dag to 2021-01-01 00:00:00+00:00, run_after=2021-01-01 00:00:00+00:00
[2024-09-27T14:36:44.313+0200] {processor.py:208} INFO - Processing /home/julian/.cache/pypoetry/virtualenvs/real-time-data-lake-QWGm5iRW-py3.11/lib/python3.11/site-packages/airflow/example_dags/example_trigger_controller_dag.py took 0.076 seconds
[2024-09-27T14:37:34.848+0200] {processor.py:186} INFO - Started process (PID=282443) to work on /home/julian/.cache/pypoetry/virtualenvs/real-time-data-lake-QWGm5iRW-py3.11/lib/python3.11/site-packages/airflow/example_dags/example_trigger_controller_dag.py
[2024-09-27T14:37:34.854+0200] {processor.py:914} INFO - Processing file /home/julian/.cache/pypoetry/virtualenvs/real-time-data-lake-QWGm5iRW-py3.11/lib/python3.11/site-packages/airflow/example_dags/example_trigger_controller_dag.py for tasks to queue
[2024-09-27T14:37:34.856+0200] {logging_mixin.py:190} INFO - [2024-09-27T14:37:34.856+0200] {dagbag.py:588} INFO - Filling up the DagBag from /home/julian/.cache/pypoetry/virtualenvs/real-time-data-lake-QWGm5iRW-py3.11/lib/python3.11/site-packages/airflow/example_dags/example_trigger_controller_dag.py
[2024-09-27T14:37:34.865+0200] {processor.py:925} INFO - DAG(s) 'example_trigger_controller_dag' retrieved from /home/julian/.cache/pypoetry/virtualenvs/real-time-data-lake-QWGm5iRW-py3.11/lib/python3.11/site-packages/airflow/example_dags/example_trigger_controller_dag.py
[2024-09-27T14:37:34.884+0200] {logging_mixin.py:190} INFO - [2024-09-27T14:37:34.883+0200] {dag.py:3239} INFO - Sync 1 DAGs
[2024-09-27T14:37:34.904+0200] {logging_mixin.py:190} INFO - [2024-09-27T14:37:34.904+0200] {dag.py:4180} INFO - Setting next_dagrun for example_trigger_controller_dag to 2021-01-01 00:00:00+00:00, run_after=2021-01-01 00:00:00+00:00
[2024-09-27T14:37:34.917+0200] {processor.py:208} INFO - Processing /home/julian/.cache/pypoetry/virtualenvs/real-time-data-lake-QWGm5iRW-py3.11/lib/python3.11/site-packages/airflow/example_dags/example_trigger_controller_dag.py took 0.077 seconds
[2024-09-27T14:38:26.228+0200] {processor.py:186} INFO - Started process (PID=282738) to work on /home/julian/.cache/pypoetry/virtualenvs/real-time-data-lake-QWGm5iRW-py3.11/lib/python3.11/site-packages/airflow/example_dags/example_trigger_controller_dag.py
[2024-09-27T14:38:26.229+0200] {processor.py:914} INFO - Processing file /home/julian/.cache/pypoetry/virtualenvs/real-time-data-lake-QWGm5iRW-py3.11/lib/python3.11/site-packages/airflow/example_dags/example_trigger_controller_dag.py for tasks to queue
[2024-09-27T14:38:26.231+0200] {logging_mixin.py:190} INFO - [2024-09-27T14:38:26.230+0200] {dagbag.py:588} INFO - Filling up the DagBag from /home/julian/.cache/pypoetry/virtualenvs/real-time-data-lake-QWGm5iRW-py3.11/lib/python3.11/site-packages/airflow/example_dags/example_trigger_controller_dag.py
[2024-09-27T14:38:26.236+0200] {processor.py:925} INFO - DAG(s) 'example_trigger_controller_dag' retrieved from /home/julian/.cache/pypoetry/virtualenvs/real-time-data-lake-QWGm5iRW-py3.11/lib/python3.11/site-packages/airflow/example_dags/example_trigger_controller_dag.py
[2024-09-27T14:38:26.246+0200] {logging_mixin.py:190} INFO - [2024-09-27T14:38:26.246+0200] {dag.py:3239} INFO - Sync 1 DAGs
[2024-09-27T14:38:26.260+0200] {logging_mixin.py:190} INFO - [2024-09-27T14:38:26.260+0200] {dag.py:4180} INFO - Setting next_dagrun for example_trigger_controller_dag to 2021-01-01 00:00:00+00:00, run_after=2021-01-01 00:00:00+00:00
[2024-09-27T14:38:26.275+0200] {processor.py:208} INFO - Processing /home/julian/.cache/pypoetry/virtualenvs/real-time-data-lake-QWGm5iRW-py3.11/lib/python3.11/site-packages/airflow/example_dags/example_trigger_controller_dag.py took 0.050 seconds
