[2024-09-27T14:20:37.036+0200] {processor.py:186} INFO - Started process (PID=280047) to work on /home/julian/.cache/pypoetry/virtualenvs/real-time-data-lake-QWGm5iRW-py3.11/lib/python3.11/site-packages/airflow/example_dags/example_latest_only_with_trigger.py
[2024-09-27T14:20:37.038+0200] {processor.py:914} INFO - Processing file /home/julian/.cache/pypoetry/virtualenvs/real-time-data-lake-QWGm5iRW-py3.11/lib/python3.11/site-packages/airflow/example_dags/example_latest_only_with_trigger.py for tasks to queue
[2024-09-27T14:20:37.040+0200] {logging_mixin.py:190} INFO - [2024-09-27T14:20:37.040+0200] {dagbag.py:588} INFO - Filling up the DagBag from /home/julian/.cache/pypoetry/virtualenvs/real-time-data-lake-QWGm5iRW-py3.11/lib/python3.11/site-packages/airflow/example_dags/example_latest_only_with_trigger.py
[2024-09-27T14:20:37.051+0200] {processor.py:925} INFO - DAG(s) 'latest_only_with_trigger' retrieved from /home/julian/.cache/pypoetry/virtualenvs/real-time-data-lake-QWGm5iRW-py3.11/lib/python3.11/site-packages/airflow/example_dags/example_latest_only_with_trigger.py
[2024-09-27T14:20:37.122+0200] {logging_mixin.py:190} INFO - [2024-09-27T14:20:37.122+0200] {override.py:1901} INFO - Created Permission View: can delete on DAG:latest_only_with_trigger
[2024-09-27T14:20:37.130+0200] {logging_mixin.py:190} INFO - [2024-09-27T14:20:37.129+0200] {override.py:1901} INFO - Created Permission View: can read on DAG:latest_only_with_trigger
[2024-09-27T14:20:37.136+0200] {logging_mixin.py:190} INFO - [2024-09-27T14:20:37.135+0200] {override.py:1901} INFO - Created Permission View: can edit on DAG:latest_only_with_trigger
[2024-09-27T14:20:37.144+0200] {logging_mixin.py:190} INFO - [2024-09-27T14:20:37.144+0200] {override.py:1901} INFO - Created Permission View: can create on DAG Run:latest_only_with_trigger
[2024-09-27T14:20:37.149+0200] {logging_mixin.py:190} INFO - [2024-09-27T14:20:37.149+0200] {override.py:1901} INFO - Created Permission View: can delete on DAG Run:latest_only_with_trigger
[2024-09-27T14:20:37.154+0200] {logging_mixin.py:190} INFO - [2024-09-27T14:20:37.154+0200] {override.py:1901} INFO - Created Permission View: can read on DAG Run:latest_only_with_trigger
[2024-09-27T14:20:37.160+0200] {logging_mixin.py:190} INFO - [2024-09-27T14:20:37.159+0200] {override.py:1901} INFO - Created Permission View: menu access on DAG Run:latest_only_with_trigger
[2024-09-27T14:20:37.160+0200] {logging_mixin.py:190} INFO - [2024-09-27T14:20:37.160+0200] {dag.py:3239} INFO - Sync 1 DAGs
[2024-09-27T14:20:37.167+0200] {logging_mixin.py:190} INFO - [2024-09-27T14:20:37.167+0200] {dag.py:3262} INFO - Creating ORM DAG for latest_only_with_trigger
[2024-09-27T14:20:37.172+0200] {logging_mixin.py:190} INFO - [2024-09-27T14:20:37.172+0200] {dag.py:4180} INFO - Setting next_dagrun for latest_only_with_trigger to 2024-09-27 08:00:00+00:00, run_after=2024-09-27 12:00:00+00:00
[2024-09-27T14:20:37.283+0200] {processor.py:208} INFO - Processing /home/julian/.cache/pypoetry/virtualenvs/real-time-data-lake-QWGm5iRW-py3.11/lib/python3.11/site-packages/airflow/example_dags/example_latest_only_with_trigger.py took 0.254 seconds
[2024-09-27T14:22:16.037+0200] {processor.py:186} INFO - Started process (PID=280245) to work on /home/julian/.cache/pypoetry/virtualenvs/real-time-data-lake-QWGm5iRW-py3.11/lib/python3.11/site-packages/airflow/example_dags/example_latest_only_with_trigger.py
[2024-09-27T14:22:16.044+0200] {processor.py:914} INFO - Processing file /home/julian/.cache/pypoetry/virtualenvs/real-time-data-lake-QWGm5iRW-py3.11/lib/python3.11/site-packages/airflow/example_dags/example_latest_only_with_trigger.py for tasks to queue
[2024-09-27T14:22:16.046+0200] {logging_mixin.py:190} INFO - [2024-09-27T14:22:16.046+0200] {dagbag.py:588} INFO - Filling up the DagBag from /home/julian/.cache/pypoetry/virtualenvs/real-time-data-lake-QWGm5iRW-py3.11/lib/python3.11/site-packages/airflow/example_dags/example_latest_only_with_trigger.py
[2024-09-27T14:22:16.056+0200] {processor.py:925} INFO - DAG(s) 'latest_only_with_trigger' retrieved from /home/julian/.cache/pypoetry/virtualenvs/real-time-data-lake-QWGm5iRW-py3.11/lib/python3.11/site-packages/airflow/example_dags/example_latest_only_with_trigger.py
[2024-09-27T14:22:16.078+0200] {logging_mixin.py:190} INFO - [2024-09-27T14:22:16.077+0200] {dag.py:3239} INFO - Sync 1 DAGs
[2024-09-27T14:22:16.098+0200] {logging_mixin.py:190} INFO - [2024-09-27T14:22:16.098+0200] {dag.py:4180} INFO - Setting next_dagrun for latest_only_with_trigger to 2024-09-27 08:00:00+00:00, run_after=2024-09-27 12:00:00+00:00
[2024-09-27T14:22:16.113+0200] {processor.py:208} INFO - Processing /home/julian/.cache/pypoetry/virtualenvs/real-time-data-lake-QWGm5iRW-py3.11/lib/python3.11/site-packages/airflow/example_dags/example_latest_only_with_trigger.py took 0.082 seconds
[2024-09-27T14:23:11.779+0200] {processor.py:186} INFO - Started process (PID=280368) to work on /home/julian/.cache/pypoetry/virtualenvs/real-time-data-lake-QWGm5iRW-py3.11/lib/python3.11/site-packages/airflow/example_dags/example_latest_only_with_trigger.py
[2024-09-27T14:23:11.785+0200] {processor.py:914} INFO - Processing file /home/julian/.cache/pypoetry/virtualenvs/real-time-data-lake-QWGm5iRW-py3.11/lib/python3.11/site-packages/airflow/example_dags/example_latest_only_with_trigger.py for tasks to queue
[2024-09-27T14:23:11.788+0200] {logging_mixin.py:190} INFO - [2024-09-27T14:23:11.787+0200] {dagbag.py:588} INFO - Filling up the DagBag from /home/julian/.cache/pypoetry/virtualenvs/real-time-data-lake-QWGm5iRW-py3.11/lib/python3.11/site-packages/airflow/example_dags/example_latest_only_with_trigger.py
[2024-09-27T14:23:11.797+0200] {processor.py:925} INFO - DAG(s) 'latest_only_with_trigger' retrieved from /home/julian/.cache/pypoetry/virtualenvs/real-time-data-lake-QWGm5iRW-py3.11/lib/python3.11/site-packages/airflow/example_dags/example_latest_only_with_trigger.py
[2024-09-27T14:23:11.819+0200] {logging_mixin.py:190} INFO - [2024-09-27T14:23:11.818+0200] {dag.py:3239} INFO - Sync 1 DAGs
[2024-09-27T14:23:11.838+0200] {logging_mixin.py:190} INFO - [2024-09-27T14:23:11.837+0200] {dag.py:4180} INFO - Setting next_dagrun for latest_only_with_trigger to 2024-09-27 08:00:00+00:00, run_after=2024-09-27 12:00:00+00:00
[2024-09-27T14:23:11.851+0200] {processor.py:208} INFO - Processing /home/julian/.cache/pypoetry/virtualenvs/real-time-data-lake-QWGm5iRW-py3.11/lib/python3.11/site-packages/airflow/example_dags/example_latest_only_with_trigger.py took 0.079 seconds
[2024-09-27T14:24:07.310+0200] {processor.py:186} INFO - Started process (PID=280509) to work on /home/julian/.cache/pypoetry/virtualenvs/real-time-data-lake-QWGm5iRW-py3.11/lib/python3.11/site-packages/airflow/example_dags/example_latest_only_with_trigger.py
[2024-09-27T14:24:07.316+0200] {processor.py:914} INFO - Processing file /home/julian/.cache/pypoetry/virtualenvs/real-time-data-lake-QWGm5iRW-py3.11/lib/python3.11/site-packages/airflow/example_dags/example_latest_only_with_trigger.py for tasks to queue
[2024-09-27T14:24:07.319+0200] {logging_mixin.py:190} INFO - [2024-09-27T14:24:07.318+0200] {dagbag.py:588} INFO - Filling up the DagBag from /home/julian/.cache/pypoetry/virtualenvs/real-time-data-lake-QWGm5iRW-py3.11/lib/python3.11/site-packages/airflow/example_dags/example_latest_only_with_trigger.py
[2024-09-27T14:24:07.328+0200] {processor.py:925} INFO - DAG(s) 'latest_only_with_trigger' retrieved from /home/julian/.cache/pypoetry/virtualenvs/real-time-data-lake-QWGm5iRW-py3.11/lib/python3.11/site-packages/airflow/example_dags/example_latest_only_with_trigger.py
[2024-09-27T14:24:07.350+0200] {logging_mixin.py:190} INFO - [2024-09-27T14:24:07.350+0200] {dag.py:3239} INFO - Sync 1 DAGs
[2024-09-27T14:24:07.364+0200] {logging_mixin.py:190} INFO - [2024-09-27T14:24:07.364+0200] {dag.py:4180} INFO - Setting next_dagrun for latest_only_with_trigger to 2024-09-27 08:00:00+00:00, run_after=2024-09-27 12:00:00+00:00
[2024-09-27T14:24:07.377+0200] {processor.py:208} INFO - Processing /home/julian/.cache/pypoetry/virtualenvs/real-time-data-lake-QWGm5iRW-py3.11/lib/python3.11/site-packages/airflow/example_dags/example_latest_only_with_trigger.py took 0.074 seconds
[2024-09-27T14:24:58.676+0200] {processor.py:186} INFO - Started process (PID=280722) to work on /home/julian/.cache/pypoetry/virtualenvs/real-time-data-lake-QWGm5iRW-py3.11/lib/python3.11/site-packages/airflow/example_dags/example_latest_only_with_trigger.py
[2024-09-27T14:24:58.682+0200] {processor.py:914} INFO - Processing file /home/julian/.cache/pypoetry/virtualenvs/real-time-data-lake-QWGm5iRW-py3.11/lib/python3.11/site-packages/airflow/example_dags/example_latest_only_with_trigger.py for tasks to queue
[2024-09-27T14:24:58.684+0200] {logging_mixin.py:190} INFO - [2024-09-27T14:24:58.683+0200] {dagbag.py:588} INFO - Filling up the DagBag from /home/julian/.cache/pypoetry/virtualenvs/real-time-data-lake-QWGm5iRW-py3.11/lib/python3.11/site-packages/airflow/example_dags/example_latest_only_with_trigger.py
[2024-09-27T14:24:58.691+0200] {processor.py:925} INFO - DAG(s) 'latest_only_with_trigger' retrieved from /home/julian/.cache/pypoetry/virtualenvs/real-time-data-lake-QWGm5iRW-py3.11/lib/python3.11/site-packages/airflow/example_dags/example_latest_only_with_trigger.py
[2024-09-27T14:24:58.708+0200] {logging_mixin.py:190} INFO - [2024-09-27T14:24:58.708+0200] {dag.py:3239} INFO - Sync 1 DAGs
[2024-09-27T14:24:58.730+0200] {logging_mixin.py:190} INFO - [2024-09-27T14:24:58.730+0200] {dag.py:4180} INFO - Setting next_dagrun for latest_only_with_trigger to 2024-09-27 08:00:00+00:00, run_after=2024-09-27 12:00:00+00:00
[2024-09-27T14:24:58.744+0200] {processor.py:208} INFO - Processing /home/julian/.cache/pypoetry/virtualenvs/real-time-data-lake-QWGm5iRW-py3.11/lib/python3.11/site-packages/airflow/example_dags/example_latest_only_with_trigger.py took 0.076 seconds
[2024-09-27T14:30:42.862+0200] {processor.py:186} INFO - Started process (PID=281455) to work on /home/julian/.cache/pypoetry/virtualenvs/real-time-data-lake-QWGm5iRW-py3.11/lib/python3.11/site-packages/airflow/example_dags/example_latest_only_with_trigger.py
[2024-09-27T14:30:42.863+0200] {processor.py:914} INFO - Processing file /home/julian/.cache/pypoetry/virtualenvs/real-time-data-lake-QWGm5iRW-py3.11/lib/python3.11/site-packages/airflow/example_dags/example_latest_only_with_trigger.py for tasks to queue
[2024-09-27T14:30:42.866+0200] {logging_mixin.py:190} INFO - [2024-09-27T14:30:42.865+0200] {dagbag.py:588} INFO - Filling up the DagBag from /home/julian/.cache/pypoetry/virtualenvs/real-time-data-lake-QWGm5iRW-py3.11/lib/python3.11/site-packages/airflow/example_dags/example_latest_only_with_trigger.py
[2024-09-27T14:30:42.875+0200] {processor.py:925} INFO - DAG(s) 'latest_only_with_trigger' retrieved from /home/julian/.cache/pypoetry/virtualenvs/real-time-data-lake-QWGm5iRW-py3.11/lib/python3.11/site-packages/airflow/example_dags/example_latest_only_with_trigger.py
[2024-09-27T14:30:42.895+0200] {logging_mixin.py:190} INFO - [2024-09-27T14:30:42.895+0200] {dag.py:3239} INFO - Sync 1 DAGs
[2024-09-27T14:30:42.912+0200] {logging_mixin.py:190} INFO - [2024-09-27T14:30:42.911+0200] {dag.py:4180} INFO - Setting next_dagrun for latest_only_with_trigger to 2024-09-27 08:00:00+00:00, run_after=2024-09-27 12:00:00+00:00
[2024-09-27T14:30:42.925+0200] {processor.py:208} INFO - Processing /home/julian/.cache/pypoetry/virtualenvs/real-time-data-lake-QWGm5iRW-py3.11/lib/python3.11/site-packages/airflow/example_dags/example_latest_only_with_trigger.py took 0.070 seconds
[2024-09-27T14:31:38.618+0200] {processor.py:186} INFO - Started process (PID=281556) to work on /home/julian/.cache/pypoetry/virtualenvs/real-time-data-lake-QWGm5iRW-py3.11/lib/python3.11/site-packages/airflow/example_dags/example_latest_only_with_trigger.py
[2024-09-27T14:31:38.624+0200] {processor.py:914} INFO - Processing file /home/julian/.cache/pypoetry/virtualenvs/real-time-data-lake-QWGm5iRW-py3.11/lib/python3.11/site-packages/airflow/example_dags/example_latest_only_with_trigger.py for tasks to queue
[2024-09-27T14:31:38.627+0200] {logging_mixin.py:190} INFO - [2024-09-27T14:31:38.626+0200] {dagbag.py:588} INFO - Filling up the DagBag from /home/julian/.cache/pypoetry/virtualenvs/real-time-data-lake-QWGm5iRW-py3.11/lib/python3.11/site-packages/airflow/example_dags/example_latest_only_with_trigger.py
[2024-09-27T14:31:38.636+0200] {processor.py:925} INFO - DAG(s) 'latest_only_with_trigger' retrieved from /home/julian/.cache/pypoetry/virtualenvs/real-time-data-lake-QWGm5iRW-py3.11/lib/python3.11/site-packages/airflow/example_dags/example_latest_only_with_trigger.py
[2024-09-27T14:31:38.658+0200] {logging_mixin.py:190} INFO - [2024-09-27T14:31:38.657+0200] {dag.py:3239} INFO - Sync 1 DAGs
[2024-09-27T14:31:38.677+0200] {logging_mixin.py:190} INFO - [2024-09-27T14:31:38.677+0200] {dag.py:4180} INFO - Setting next_dagrun for latest_only_with_trigger to 2024-09-27 08:00:00+00:00, run_after=2024-09-27 12:00:00+00:00
[2024-09-27T14:31:38.690+0200] {processor.py:208} INFO - Processing /home/julian/.cache/pypoetry/virtualenvs/real-time-data-lake-QWGm5iRW-py3.11/lib/python3.11/site-packages/airflow/example_dags/example_latest_only_with_trigger.py took 0.079 seconds
[2024-09-27T14:32:32.393+0200] {processor.py:186} INFO - Started process (PID=281698) to work on /home/julian/.cache/pypoetry/virtualenvs/real-time-data-lake-QWGm5iRW-py3.11/lib/python3.11/site-packages/airflow/example_dags/example_latest_only_with_trigger.py
[2024-09-27T14:32:32.394+0200] {processor.py:914} INFO - Processing file /home/julian/.cache/pypoetry/virtualenvs/real-time-data-lake-QWGm5iRW-py3.11/lib/python3.11/site-packages/airflow/example_dags/example_latest_only_with_trigger.py for tasks to queue
[2024-09-27T14:32:32.395+0200] {logging_mixin.py:190} INFO - [2024-09-27T14:32:32.395+0200] {dagbag.py:588} INFO - Filling up the DagBag from /home/julian/.cache/pypoetry/virtualenvs/real-time-data-lake-QWGm5iRW-py3.11/lib/python3.11/site-packages/airflow/example_dags/example_latest_only_with_trigger.py
[2024-09-27T14:32:32.399+0200] {processor.py:925} INFO - DAG(s) 'latest_only_with_trigger' retrieved from /home/julian/.cache/pypoetry/virtualenvs/real-time-data-lake-QWGm5iRW-py3.11/lib/python3.11/site-packages/airflow/example_dags/example_latest_only_with_trigger.py
[2024-09-27T14:32:32.409+0200] {logging_mixin.py:190} INFO - [2024-09-27T14:32:32.409+0200] {dag.py:3239} INFO - Sync 1 DAGs
[2024-09-27T14:32:32.421+0200] {logging_mixin.py:190} INFO - [2024-09-27T14:32:32.421+0200] {dag.py:4180} INFO - Setting next_dagrun for latest_only_with_trigger to 2024-09-27 08:00:00+00:00, run_after=2024-09-27 12:00:00+00:00
[2024-09-27T14:32:32.434+0200] {processor.py:208} INFO - Processing /home/julian/.cache/pypoetry/virtualenvs/real-time-data-lake-QWGm5iRW-py3.11/lib/python3.11/site-packages/airflow/example_dags/example_latest_only_with_trigger.py took 0.045 seconds
[2024-09-27T14:33:21.980+0200] {processor.py:186} INFO - Started process (PID=281797) to work on /home/julian/.cache/pypoetry/virtualenvs/real-time-data-lake-QWGm5iRW-py3.11/lib/python3.11/site-packages/airflow/example_dags/example_latest_only_with_trigger.py
[2024-09-27T14:33:21.986+0200] {processor.py:914} INFO - Processing file /home/julian/.cache/pypoetry/virtualenvs/real-time-data-lake-QWGm5iRW-py3.11/lib/python3.11/site-packages/airflow/example_dags/example_latest_only_with_trigger.py for tasks to queue
[2024-09-27T14:33:21.989+0200] {logging_mixin.py:190} INFO - [2024-09-27T14:33:21.988+0200] {dagbag.py:588} INFO - Filling up the DagBag from /home/julian/.cache/pypoetry/virtualenvs/real-time-data-lake-QWGm5iRW-py3.11/lib/python3.11/site-packages/airflow/example_dags/example_latest_only_with_trigger.py
[2024-09-27T14:33:21.998+0200] {processor.py:925} INFO - DAG(s) 'latest_only_with_trigger' retrieved from /home/julian/.cache/pypoetry/virtualenvs/real-time-data-lake-QWGm5iRW-py3.11/lib/python3.11/site-packages/airflow/example_dags/example_latest_only_with_trigger.py
[2024-09-27T14:33:22.020+0200] {logging_mixin.py:190} INFO - [2024-09-27T14:33:22.020+0200] {dag.py:3239} INFO - Sync 1 DAGs
[2024-09-27T14:33:22.040+0200] {logging_mixin.py:190} INFO - [2024-09-27T14:33:22.040+0200] {dag.py:4180} INFO - Setting next_dagrun for latest_only_with_trigger to 2024-09-27 08:00:00+00:00, run_after=2024-09-27 12:00:00+00:00
[2024-09-27T14:33:22.056+0200] {processor.py:208} INFO - Processing /home/julian/.cache/pypoetry/virtualenvs/real-time-data-lake-QWGm5iRW-py3.11/lib/python3.11/site-packages/airflow/example_dags/example_latest_only_with_trigger.py took 0.083 seconds
[2024-09-27T14:34:11.062+0200] {processor.py:186} INFO - Started process (PID=281907) to work on /home/julian/.cache/pypoetry/virtualenvs/real-time-data-lake-QWGm5iRW-py3.11/lib/python3.11/site-packages/airflow/example_dags/example_latest_only_with_trigger.py
[2024-09-27T14:34:11.068+0200] {processor.py:914} INFO - Processing file /home/julian/.cache/pypoetry/virtualenvs/real-time-data-lake-QWGm5iRW-py3.11/lib/python3.11/site-packages/airflow/example_dags/example_latest_only_with_trigger.py for tasks to queue
[2024-09-27T14:34:11.071+0200] {logging_mixin.py:190} INFO - [2024-09-27T14:34:11.070+0200] {dagbag.py:588} INFO - Filling up the DagBag from /home/julian/.cache/pypoetry/virtualenvs/real-time-data-lake-QWGm5iRW-py3.11/lib/python3.11/site-packages/airflow/example_dags/example_latest_only_with_trigger.py
[2024-09-27T14:34:11.080+0200] {processor.py:925} INFO - DAG(s) 'latest_only_with_trigger' retrieved from /home/julian/.cache/pypoetry/virtualenvs/real-time-data-lake-QWGm5iRW-py3.11/lib/python3.11/site-packages/airflow/example_dags/example_latest_only_with_trigger.py
[2024-09-27T14:34:11.102+0200] {logging_mixin.py:190} INFO - [2024-09-27T14:34:11.101+0200] {dag.py:3239} INFO - Sync 1 DAGs
[2024-09-27T14:34:11.119+0200] {logging_mixin.py:190} INFO - [2024-09-27T14:34:11.118+0200] {dag.py:4180} INFO - Setting next_dagrun for latest_only_with_trigger to 2024-09-27 08:00:00+00:00, run_after=2024-09-27 12:00:00+00:00
[2024-09-27T14:34:11.132+0200] {processor.py:208} INFO - Processing /home/julian/.cache/pypoetry/virtualenvs/real-time-data-lake-QWGm5iRW-py3.11/lib/python3.11/site-packages/airflow/example_dags/example_latest_only_with_trigger.py took 0.078 seconds
[2024-09-27T14:35:00.106+0200] {processor.py:186} INFO - Started process (PID=282119) to work on /home/julian/.cache/pypoetry/virtualenvs/real-time-data-lake-QWGm5iRW-py3.11/lib/python3.11/site-packages/airflow/example_dags/example_latest_only_with_trigger.py
[2024-09-27T14:35:00.113+0200] {processor.py:914} INFO - Processing file /home/julian/.cache/pypoetry/virtualenvs/real-time-data-lake-QWGm5iRW-py3.11/lib/python3.11/site-packages/airflow/example_dags/example_latest_only_with_trigger.py for tasks to queue
[2024-09-27T14:35:00.116+0200] {logging_mixin.py:190} INFO - [2024-09-27T14:35:00.115+0200] {dagbag.py:588} INFO - Filling up the DagBag from /home/julian/.cache/pypoetry/virtualenvs/real-time-data-lake-QWGm5iRW-py3.11/lib/python3.11/site-packages/airflow/example_dags/example_latest_only_with_trigger.py
[2024-09-27T14:35:00.125+0200] {processor.py:925} INFO - DAG(s) 'latest_only_with_trigger' retrieved from /home/julian/.cache/pypoetry/virtualenvs/real-time-data-lake-QWGm5iRW-py3.11/lib/python3.11/site-packages/airflow/example_dags/example_latest_only_with_trigger.py
[2024-09-27T14:35:00.147+0200] {logging_mixin.py:190} INFO - [2024-09-27T14:35:00.146+0200] {dag.py:3239} INFO - Sync 1 DAGs
[2024-09-27T14:35:00.163+0200] {logging_mixin.py:190} INFO - [2024-09-27T14:35:00.163+0200] {dag.py:4180} INFO - Setting next_dagrun for latest_only_with_trigger to 2024-09-27 08:00:00+00:00, run_after=2024-09-27 12:00:00+00:00
[2024-09-27T14:35:00.176+0200] {processor.py:208} INFO - Processing /home/julian/.cache/pypoetry/virtualenvs/real-time-data-lake-QWGm5iRW-py3.11/lib/python3.11/site-packages/airflow/example_dags/example_latest_only_with_trigger.py took 0.077 seconds
[2024-09-27T14:35:47.687+0200] {processor.py:186} INFO - Started process (PID=282198) to work on /home/julian/.cache/pypoetry/virtualenvs/real-time-data-lake-QWGm5iRW-py3.11/lib/python3.11/site-packages/airflow/example_dags/example_latest_only_with_trigger.py
[2024-09-27T14:35:47.693+0200] {processor.py:914} INFO - Processing file /home/julian/.cache/pypoetry/virtualenvs/real-time-data-lake-QWGm5iRW-py3.11/lib/python3.11/site-packages/airflow/example_dags/example_latest_only_with_trigger.py for tasks to queue
[2024-09-27T14:35:47.696+0200] {logging_mixin.py:190} INFO - [2024-09-27T14:35:47.696+0200] {dagbag.py:588} INFO - Filling up the DagBag from /home/julian/.cache/pypoetry/virtualenvs/real-time-data-lake-QWGm5iRW-py3.11/lib/python3.11/site-packages/airflow/example_dags/example_latest_only_with_trigger.py
[2024-09-27T14:35:47.705+0200] {processor.py:925} INFO - DAG(s) 'latest_only_with_trigger' retrieved from /home/julian/.cache/pypoetry/virtualenvs/real-time-data-lake-QWGm5iRW-py3.11/lib/python3.11/site-packages/airflow/example_dags/example_latest_only_with_trigger.py
[2024-09-27T14:35:47.727+0200] {logging_mixin.py:190} INFO - [2024-09-27T14:35:47.727+0200] {dag.py:3239} INFO - Sync 1 DAGs
[2024-09-27T14:35:47.746+0200] {logging_mixin.py:190} INFO - [2024-09-27T14:35:47.746+0200] {dag.py:4180} INFO - Setting next_dagrun for latest_only_with_trigger to 2024-09-27 08:00:00+00:00, run_after=2024-09-27 12:00:00+00:00
[2024-09-27T14:35:47.759+0200] {processor.py:208} INFO - Processing /home/julian/.cache/pypoetry/virtualenvs/real-time-data-lake-QWGm5iRW-py3.11/lib/python3.11/site-packages/airflow/example_dags/example_latest_only_with_trigger.py took 0.079 seconds
[2024-09-27T14:36:58.238+0200] {processor.py:186} INFO - Started process (PID=282303) to work on /home/julian/.cache/pypoetry/virtualenvs/real-time-data-lake-QWGm5iRW-py3.11/lib/python3.11/site-packages/airflow/example_dags/example_latest_only_with_trigger.py
[2024-09-27T14:36:58.244+0200] {processor.py:914} INFO - Processing file /home/julian/.cache/pypoetry/virtualenvs/real-time-data-lake-QWGm5iRW-py3.11/lib/python3.11/site-packages/airflow/example_dags/example_latest_only_with_trigger.py for tasks to queue
[2024-09-27T14:36:58.246+0200] {logging_mixin.py:190} INFO - [2024-09-27T14:36:58.245+0200] {dagbag.py:588} INFO - Filling up the DagBag from /home/julian/.cache/pypoetry/virtualenvs/real-time-data-lake-QWGm5iRW-py3.11/lib/python3.11/site-packages/airflow/example_dags/example_latest_only_with_trigger.py
[2024-09-27T14:36:58.250+0200] {processor.py:925} INFO - DAG(s) 'latest_only_with_trigger' retrieved from /home/julian/.cache/pypoetry/virtualenvs/real-time-data-lake-QWGm5iRW-py3.11/lib/python3.11/site-packages/airflow/example_dags/example_latest_only_with_trigger.py
[2024-09-27T14:36:58.260+0200] {logging_mixin.py:190} INFO - [2024-09-27T14:36:58.260+0200] {dag.py:3239} INFO - Sync 1 DAGs
[2024-09-27T14:36:58.273+0200] {logging_mixin.py:190} INFO - [2024-09-27T14:36:58.273+0200] {dag.py:4180} INFO - Setting next_dagrun for latest_only_with_trigger to 2024-09-27 08:00:00+00:00, run_after=2024-09-27 12:00:00+00:00
[2024-09-27T14:36:58.286+0200] {processor.py:208} INFO - Processing /home/julian/.cache/pypoetry/virtualenvs/real-time-data-lake-QWGm5iRW-py3.11/lib/python3.11/site-packages/airflow/example_dags/example_latest_only_with_trigger.py took 0.051 seconds
[2024-09-27T14:37:51.424+0200] {processor.py:186} INFO - Started process (PID=282529) to work on /home/julian/.cache/pypoetry/virtualenvs/real-time-data-lake-QWGm5iRW-py3.11/lib/python3.11/site-packages/airflow/example_dags/example_latest_only_with_trigger.py
[2024-09-27T14:37:51.430+0200] {processor.py:914} INFO - Processing file /home/julian/.cache/pypoetry/virtualenvs/real-time-data-lake-QWGm5iRW-py3.11/lib/python3.11/site-packages/airflow/example_dags/example_latest_only_with_trigger.py for tasks to queue
[2024-09-27T14:37:51.432+0200] {logging_mixin.py:190} INFO - [2024-09-27T14:37:51.432+0200] {dagbag.py:588} INFO - Filling up the DagBag from /home/julian/.cache/pypoetry/virtualenvs/real-time-data-lake-QWGm5iRW-py3.11/lib/python3.11/site-packages/airflow/example_dags/example_latest_only_with_trigger.py
[2024-09-27T14:37:51.440+0200] {processor.py:925} INFO - DAG(s) 'latest_only_with_trigger' retrieved from /home/julian/.cache/pypoetry/virtualenvs/real-time-data-lake-QWGm5iRW-py3.11/lib/python3.11/site-packages/airflow/example_dags/example_latest_only_with_trigger.py
[2024-09-27T14:37:51.458+0200] {logging_mixin.py:190} INFO - [2024-09-27T14:37:51.458+0200] {dag.py:3239} INFO - Sync 1 DAGs
[2024-09-27T14:37:51.477+0200] {logging_mixin.py:190} INFO - [2024-09-27T14:37:51.477+0200] {dag.py:4180} INFO - Setting next_dagrun for latest_only_with_trigger to 2024-09-27 08:00:00+00:00, run_after=2024-09-27 12:00:00+00:00
[2024-09-27T14:37:51.492+0200] {processor.py:208} INFO - Processing /home/julian/.cache/pypoetry/virtualenvs/real-time-data-lake-QWGm5iRW-py3.11/lib/python3.11/site-packages/airflow/example_dags/example_latest_only_with_trigger.py took 0.074 seconds
[2024-09-27T14:38:42.872+0200] {processor.py:186} INFO - Started process (PID=282776) to work on /home/julian/.cache/pypoetry/virtualenvs/real-time-data-lake-QWGm5iRW-py3.11/lib/python3.11/site-packages/airflow/example_dags/example_latest_only_with_trigger.py
[2024-09-27T14:38:42.878+0200] {processor.py:914} INFO - Processing file /home/julian/.cache/pypoetry/virtualenvs/real-time-data-lake-QWGm5iRW-py3.11/lib/python3.11/site-packages/airflow/example_dags/example_latest_only_with_trigger.py for tasks to queue
[2024-09-27T14:38:42.881+0200] {logging_mixin.py:190} INFO - [2024-09-27T14:38:42.880+0200] {dagbag.py:588} INFO - Filling up the DagBag from /home/julian/.cache/pypoetry/virtualenvs/real-time-data-lake-QWGm5iRW-py3.11/lib/python3.11/site-packages/airflow/example_dags/example_latest_only_with_trigger.py
[2024-09-27T14:38:42.891+0200] {processor.py:925} INFO - DAG(s) 'latest_only_with_trigger' retrieved from /home/julian/.cache/pypoetry/virtualenvs/real-time-data-lake-QWGm5iRW-py3.11/lib/python3.11/site-packages/airflow/example_dags/example_latest_only_with_trigger.py
[2024-09-27T14:38:42.913+0200] {logging_mixin.py:190} INFO - [2024-09-27T14:38:42.913+0200] {dag.py:3239} INFO - Sync 1 DAGs
[2024-09-27T14:38:42.930+0200] {logging_mixin.py:190} INFO - [2024-09-27T14:38:42.930+0200] {dag.py:4180} INFO - Setting next_dagrun for latest_only_with_trigger to 2024-09-27 08:00:00+00:00, run_after=2024-09-27 12:00:00+00:00
[2024-09-27T14:38:42.943+0200] {processor.py:208} INFO - Processing /home/julian/.cache/pypoetry/virtualenvs/real-time-data-lake-QWGm5iRW-py3.11/lib/python3.11/site-packages/airflow/example_dags/example_latest_only_with_trigger.py took 0.079 seconds
