[2024-09-27T14:20:15.031+0200] {processor.py:186} INFO - Started process (PID=280018) to work on /home/julian/.cache/pypoetry/virtualenvs/real-time-data-lake-QWGm5iRW-py3.11/lib/python3.11/site-packages/airflow/example_dags/example_task_group_decorator.py
[2024-09-27T14:20:15.032+0200] {processor.py:914} INFO - Processing file /home/julian/.cache/pypoetry/virtualenvs/real-time-data-lake-QWGm5iRW-py3.11/lib/python3.11/site-packages/airflow/example_dags/example_task_group_decorator.py for tasks to queue
[2024-09-27T14:20:15.034+0200] {logging_mixin.py:190} INFO - [2024-09-27T14:20:15.034+0200] {dagbag.py:588} INFO - Filling up the DagBag from /home/julian/.cache/pypoetry/virtualenvs/real-time-data-lake-QWGm5iRW-py3.11/lib/python3.11/site-packages/airflow/example_dags/example_task_group_decorator.py
[2024-09-27T14:20:15.058+0200] {processor.py:925} INFO - DAG(s) 'example_task_group_decorator' retrieved from /home/julian/.cache/pypoetry/virtualenvs/real-time-data-lake-QWGm5iRW-py3.11/lib/python3.11/site-packages/airflow/example_dags/example_task_group_decorator.py
[2024-09-27T14:20:15.130+0200] {logging_mixin.py:190} INFO - [2024-09-27T14:20:15.129+0200] {override.py:1901} INFO - Created Permission View: can delete on DAG:example_task_group_decorator
[2024-09-27T14:20:15.138+0200] {logging_mixin.py:190} INFO - [2024-09-27T14:20:15.137+0200] {override.py:1901} INFO - Created Permission View: can read on DAG:example_task_group_decorator
[2024-09-27T14:20:15.143+0200] {logging_mixin.py:190} INFO - [2024-09-27T14:20:15.143+0200] {override.py:1901} INFO - Created Permission View: can edit on DAG:example_task_group_decorator
[2024-09-27T14:20:15.153+0200] {logging_mixin.py:190} INFO - [2024-09-27T14:20:15.152+0200] {override.py:1901} INFO - Created Permission View: can create on DAG Run:example_task_group_decorator
[2024-09-27T14:20:15.158+0200] {logging_mixin.py:190} INFO - [2024-09-27T14:20:15.158+0200] {override.py:1901} INFO - Created Permission View: can delete on DAG Run:example_task_group_decorator
[2024-09-27T14:20:15.164+0200] {logging_mixin.py:190} INFO - [2024-09-27T14:20:15.163+0200] {override.py:1901} INFO - Created Permission View: can read on DAG Run:example_task_group_decorator
[2024-09-27T14:20:15.169+0200] {logging_mixin.py:190} INFO - [2024-09-27T14:20:15.168+0200] {override.py:1901} INFO - Created Permission View: menu access on DAG Run:example_task_group_decorator
[2024-09-27T14:20:15.169+0200] {logging_mixin.py:190} INFO - [2024-09-27T14:20:15.169+0200] {dag.py:3239} INFO - Sync 1 DAGs
[2024-09-27T14:20:15.176+0200] {logging_mixin.py:190} INFO - [2024-09-27T14:20:15.175+0200] {dag.py:3262} INFO - Creating ORM DAG for example_task_group_decorator
[2024-09-27T14:20:15.176+0200] {logging_mixin.py:190} INFO - [2024-09-27T14:20:15.176+0200] {dag.py:4180} INFO - Setting next_dagrun for example_task_group_decorator to None, run_after=None
[2024-09-27T14:20:15.188+0200] {processor.py:208} INFO - Processing /home/julian/.cache/pypoetry/virtualenvs/real-time-data-lake-QWGm5iRW-py3.11/lib/python3.11/site-packages/airflow/example_dags/example_task_group_decorator.py took 0.164 seconds
[2024-09-27T14:21:15.288+0200] {processor.py:186} INFO - Started process (PID=280117) to work on /home/julian/.cache/pypoetry/virtualenvs/real-time-data-lake-QWGm5iRW-py3.11/lib/python3.11/site-packages/airflow/example_dags/example_task_group_decorator.py
[2024-09-27T14:21:15.293+0200] {processor.py:914} INFO - Processing file /home/julian/.cache/pypoetry/virtualenvs/real-time-data-lake-QWGm5iRW-py3.11/lib/python3.11/site-packages/airflow/example_dags/example_task_group_decorator.py for tasks to queue
[2024-09-27T14:21:15.295+0200] {logging_mixin.py:190} INFO - [2024-09-27T14:21:15.295+0200] {dagbag.py:588} INFO - Filling up the DagBag from /home/julian/.cache/pypoetry/virtualenvs/real-time-data-lake-QWGm5iRW-py3.11/lib/python3.11/site-packages/airflow/example_dags/example_task_group_decorator.py
[2024-09-27T14:21:15.304+0200] {processor.py:925} INFO - DAG(s) 'example_task_group_decorator' retrieved from /home/julian/.cache/pypoetry/virtualenvs/real-time-data-lake-QWGm5iRW-py3.11/lib/python3.11/site-packages/airflow/example_dags/example_task_group_decorator.py
[2024-09-27T14:21:15.317+0200] {logging_mixin.py:190} INFO - [2024-09-27T14:21:15.317+0200] {dag.py:3239} INFO - Sync 1 DAGs
[2024-09-27T14:21:15.325+0200] {logging_mixin.py:190} INFO - [2024-09-27T14:21:15.325+0200] {dag.py:4180} INFO - Setting next_dagrun for example_task_group_decorator to None, run_after=None
[2024-09-27T14:21:15.338+0200] {processor.py:208} INFO - Processing /home/julian/.cache/pypoetry/virtualenvs/real-time-data-lake-QWGm5iRW-py3.11/lib/python3.11/site-packages/airflow/example_dags/example_task_group_decorator.py took 0.053 seconds
[2024-09-27T14:21:57.110+0200] {processor.py:186} INFO - Started process (PID=280220) to work on /home/julian/.cache/pypoetry/virtualenvs/real-time-data-lake-QWGm5iRW-py3.11/lib/python3.11/site-packages/airflow/example_dags/example_task_group_decorator.py
[2024-09-27T14:21:57.116+0200] {processor.py:914} INFO - Processing file /home/julian/.cache/pypoetry/virtualenvs/real-time-data-lake-QWGm5iRW-py3.11/lib/python3.11/site-packages/airflow/example_dags/example_task_group_decorator.py for tasks to queue
[2024-09-27T14:21:57.117+0200] {logging_mixin.py:190} INFO - [2024-09-27T14:21:57.117+0200] {dagbag.py:588} INFO - Filling up the DagBag from /home/julian/.cache/pypoetry/virtualenvs/real-time-data-lake-QWGm5iRW-py3.11/lib/python3.11/site-packages/airflow/example_dags/example_task_group_decorator.py
[2024-09-27T14:21:57.128+0200] {processor.py:925} INFO - DAG(s) 'example_task_group_decorator' retrieved from /home/julian/.cache/pypoetry/virtualenvs/real-time-data-lake-QWGm5iRW-py3.11/lib/python3.11/site-packages/airflow/example_dags/example_task_group_decorator.py
[2024-09-27T14:21:57.141+0200] {logging_mixin.py:190} INFO - [2024-09-27T14:21:57.141+0200] {dag.py:3239} INFO - Sync 1 DAGs
[2024-09-27T14:21:57.149+0200] {logging_mixin.py:190} INFO - [2024-09-27T14:21:57.148+0200] {dag.py:4180} INFO - Setting next_dagrun for example_task_group_decorator to None, run_after=None
[2024-09-27T14:21:57.163+0200] {processor.py:208} INFO - Processing /home/julian/.cache/pypoetry/virtualenvs/real-time-data-lake-QWGm5iRW-py3.11/lib/python3.11/site-packages/airflow/example_dags/example_task_group_decorator.py took 0.055 seconds
[2024-09-27T14:22:52.326+0200] {processor.py:186} INFO - Started process (PID=280316) to work on /home/julian/.cache/pypoetry/virtualenvs/real-time-data-lake-QWGm5iRW-py3.11/lib/python3.11/site-packages/airflow/example_dags/example_task_group_decorator.py
[2024-09-27T14:22:52.332+0200] {processor.py:914} INFO - Processing file /home/julian/.cache/pypoetry/virtualenvs/real-time-data-lake-QWGm5iRW-py3.11/lib/python3.11/site-packages/airflow/example_dags/example_task_group_decorator.py for tasks to queue
[2024-09-27T14:22:52.335+0200] {logging_mixin.py:190} INFO - [2024-09-27T14:22:52.335+0200] {dagbag.py:588} INFO - Filling up the DagBag from /home/julian/.cache/pypoetry/virtualenvs/real-time-data-lake-QWGm5iRW-py3.11/lib/python3.11/site-packages/airflow/example_dags/example_task_group_decorator.py
[2024-09-27T14:22:52.357+0200] {processor.py:925} INFO - DAG(s) 'example_task_group_decorator' retrieved from /home/julian/.cache/pypoetry/virtualenvs/real-time-data-lake-QWGm5iRW-py3.11/lib/python3.11/site-packages/airflow/example_dags/example_task_group_decorator.py
[2024-09-27T14:22:52.382+0200] {logging_mixin.py:190} INFO - [2024-09-27T14:22:52.382+0200] {dag.py:3239} INFO - Sync 1 DAGs
[2024-09-27T14:22:52.389+0200] {logging_mixin.py:190} INFO - [2024-09-27T14:22:52.389+0200] {dag.py:4180} INFO - Setting next_dagrun for example_task_group_decorator to None, run_after=None
[2024-09-27T14:22:52.403+0200] {processor.py:208} INFO - Processing /home/julian/.cache/pypoetry/virtualenvs/real-time-data-lake-QWGm5iRW-py3.11/lib/python3.11/site-packages/airflow/example_dags/example_task_group_decorator.py took 0.084 seconds
[2024-09-27T14:23:43.613+0200] {processor.py:186} INFO - Started process (PID=280474) to work on /home/julian/.cache/pypoetry/virtualenvs/real-time-data-lake-QWGm5iRW-py3.11/lib/python3.11/site-packages/airflow/example_dags/example_task_group_decorator.py
[2024-09-27T14:23:43.619+0200] {processor.py:914} INFO - Processing file /home/julian/.cache/pypoetry/virtualenvs/real-time-data-lake-QWGm5iRW-py3.11/lib/python3.11/site-packages/airflow/example_dags/example_task_group_decorator.py for tasks to queue
[2024-09-27T14:23:43.621+0200] {logging_mixin.py:190} INFO - [2024-09-27T14:23:43.621+0200] {dagbag.py:588} INFO - Filling up the DagBag from /home/julian/.cache/pypoetry/virtualenvs/real-time-data-lake-QWGm5iRW-py3.11/lib/python3.11/site-packages/airflow/example_dags/example_task_group_decorator.py
[2024-09-27T14:23:43.642+0200] {processor.py:925} INFO - DAG(s) 'example_task_group_decorator' retrieved from /home/julian/.cache/pypoetry/virtualenvs/real-time-data-lake-QWGm5iRW-py3.11/lib/python3.11/site-packages/airflow/example_dags/example_task_group_decorator.py
[2024-09-27T14:23:43.667+0200] {logging_mixin.py:190} INFO - [2024-09-27T14:23:43.667+0200] {dag.py:3239} INFO - Sync 1 DAGs
[2024-09-27T14:23:43.676+0200] {logging_mixin.py:190} INFO - [2024-09-27T14:23:43.676+0200] {dag.py:4180} INFO - Setting next_dagrun for example_task_group_decorator to None, run_after=None
[2024-09-27T14:23:43.691+0200] {processor.py:208} INFO - Processing /home/julian/.cache/pypoetry/virtualenvs/real-time-data-lake-QWGm5iRW-py3.11/lib/python3.11/site-packages/airflow/example_dags/example_task_group_decorator.py took 0.085 seconds
[2024-09-27T14:24:34.330+0200] {processor.py:186} INFO - Started process (PID=280671) to work on /home/julian/.cache/pypoetry/virtualenvs/real-time-data-lake-QWGm5iRW-py3.11/lib/python3.11/site-packages/airflow/example_dags/example_task_group_decorator.py
[2024-09-27T14:24:34.336+0200] {processor.py:914} INFO - Processing file /home/julian/.cache/pypoetry/virtualenvs/real-time-data-lake-QWGm5iRW-py3.11/lib/python3.11/site-packages/airflow/example_dags/example_task_group_decorator.py for tasks to queue
[2024-09-27T14:24:34.339+0200] {logging_mixin.py:190} INFO - [2024-09-27T14:24:34.338+0200] {dagbag.py:588} INFO - Filling up the DagBag from /home/julian/.cache/pypoetry/virtualenvs/real-time-data-lake-QWGm5iRW-py3.11/lib/python3.11/site-packages/airflow/example_dags/example_task_group_decorator.py
[2024-09-27T14:24:34.361+0200] {processor.py:925} INFO - DAG(s) 'example_task_group_decorator' retrieved from /home/julian/.cache/pypoetry/virtualenvs/real-time-data-lake-QWGm5iRW-py3.11/lib/python3.11/site-packages/airflow/example_dags/example_task_group_decorator.py
[2024-09-27T14:24:34.390+0200] {logging_mixin.py:190} INFO - [2024-09-27T14:24:34.390+0200] {dag.py:3239} INFO - Sync 1 DAGs
[2024-09-27T14:24:34.398+0200] {logging_mixin.py:190} INFO - [2024-09-27T14:24:34.398+0200] {dag.py:4180} INFO - Setting next_dagrun for example_task_group_decorator to None, run_after=None
[2024-09-27T14:24:34.413+0200] {processor.py:208} INFO - Processing /home/julian/.cache/pypoetry/virtualenvs/real-time-data-lake-QWGm5iRW-py3.11/lib/python3.11/site-packages/airflow/example_dags/example_task_group_decorator.py took 0.090 seconds
[2024-09-27T14:25:26.206+0200] {processor.py:186} INFO - Started process (PID=280774) to work on /home/julian/.cache/pypoetry/virtualenvs/real-time-data-lake-QWGm5iRW-py3.11/lib/python3.11/site-packages/airflow/example_dags/example_task_group_decorator.py
[2024-09-27T14:25:26.212+0200] {processor.py:914} INFO - Processing file /home/julian/.cache/pypoetry/virtualenvs/real-time-data-lake-QWGm5iRW-py3.11/lib/python3.11/site-packages/airflow/example_dags/example_task_group_decorator.py for tasks to queue
[2024-09-27T14:25:26.215+0200] {logging_mixin.py:190} INFO - [2024-09-27T14:25:26.214+0200] {dagbag.py:588} INFO - Filling up the DagBag from /home/julian/.cache/pypoetry/virtualenvs/real-time-data-lake-QWGm5iRW-py3.11/lib/python3.11/site-packages/airflow/example_dags/example_task_group_decorator.py
[2024-09-27T14:25:26.235+0200] {processor.py:925} INFO - DAG(s) 'example_task_group_decorator' retrieved from /home/julian/.cache/pypoetry/virtualenvs/real-time-data-lake-QWGm5iRW-py3.11/lib/python3.11/site-packages/airflow/example_dags/example_task_group_decorator.py
[2024-09-27T14:25:26.263+0200] {logging_mixin.py:190} INFO - [2024-09-27T14:25:26.263+0200] {dag.py:3239} INFO - Sync 1 DAGs
[2024-09-27T14:25:26.271+0200] {logging_mixin.py:190} INFO - [2024-09-27T14:25:26.271+0200] {dag.py:4180} INFO - Setting next_dagrun for example_task_group_decorator to None, run_after=None
[2024-09-27T14:25:26.284+0200] {processor.py:208} INFO - Processing /home/julian/.cache/pypoetry/virtualenvs/real-time-data-lake-QWGm5iRW-py3.11/lib/python3.11/site-packages/airflow/example_dags/example_task_group_decorator.py took 0.084 seconds
[2024-09-27T14:30:24.092+0200] {processor.py:186} INFO - Started process (PID=281408) to work on /home/julian/.cache/pypoetry/virtualenvs/real-time-data-lake-QWGm5iRW-py3.11/lib/python3.11/site-packages/airflow/example_dags/example_task_group_decorator.py
[2024-09-27T14:30:24.098+0200] {processor.py:914} INFO - Processing file /home/julian/.cache/pypoetry/virtualenvs/real-time-data-lake-QWGm5iRW-py3.11/lib/python3.11/site-packages/airflow/example_dags/example_task_group_decorator.py for tasks to queue
[2024-09-27T14:30:24.100+0200] {logging_mixin.py:190} INFO - [2024-09-27T14:30:24.100+0200] {dagbag.py:588} INFO - Filling up the DagBag from /home/julian/.cache/pypoetry/virtualenvs/real-time-data-lake-QWGm5iRW-py3.11/lib/python3.11/site-packages/airflow/example_dags/example_task_group_decorator.py
[2024-09-27T14:30:24.121+0200] {processor.py:925} INFO - DAG(s) 'example_task_group_decorator' retrieved from /home/julian/.cache/pypoetry/virtualenvs/real-time-data-lake-QWGm5iRW-py3.11/lib/python3.11/site-packages/airflow/example_dags/example_task_group_decorator.py
[2024-09-27T14:30:24.149+0200] {logging_mixin.py:190} INFO - [2024-09-27T14:30:24.149+0200] {dag.py:3239} INFO - Sync 1 DAGs
[2024-09-27T14:30:24.157+0200] {logging_mixin.py:190} INFO - [2024-09-27T14:30:24.157+0200] {dag.py:4180} INFO - Setting next_dagrun for example_task_group_decorator to None, run_after=None
[2024-09-27T14:30:24.171+0200] {processor.py:208} INFO - Processing /home/julian/.cache/pypoetry/virtualenvs/real-time-data-lake-QWGm5iRW-py3.11/lib/python3.11/site-packages/airflow/example_dags/example_task_group_decorator.py took 0.085 seconds
[2024-09-27T14:31:19.175+0200] {processor.py:186} INFO - Started process (PID=281526) to work on /home/julian/.cache/pypoetry/virtualenvs/real-time-data-lake-QWGm5iRW-py3.11/lib/python3.11/site-packages/airflow/example_dags/example_task_group_decorator.py
[2024-09-27T14:31:19.182+0200] {processor.py:914} INFO - Processing file /home/julian/.cache/pypoetry/virtualenvs/real-time-data-lake-QWGm5iRW-py3.11/lib/python3.11/site-packages/airflow/example_dags/example_task_group_decorator.py for tasks to queue
[2024-09-27T14:31:19.185+0200] {logging_mixin.py:190} INFO - [2024-09-27T14:31:19.185+0200] {dagbag.py:588} INFO - Filling up the DagBag from /home/julian/.cache/pypoetry/virtualenvs/real-time-data-lake-QWGm5iRW-py3.11/lib/python3.11/site-packages/airflow/example_dags/example_task_group_decorator.py
[2024-09-27T14:31:19.195+0200] {processor.py:925} INFO - DAG(s) 'example_task_group_decorator' retrieved from /home/julian/.cache/pypoetry/virtualenvs/real-time-data-lake-QWGm5iRW-py3.11/lib/python3.11/site-packages/airflow/example_dags/example_task_group_decorator.py
[2024-09-27T14:31:19.208+0200] {logging_mixin.py:190} INFO - [2024-09-27T14:31:19.207+0200] {dag.py:3239} INFO - Sync 1 DAGs
[2024-09-27T14:31:19.215+0200] {logging_mixin.py:190} INFO - [2024-09-27T14:31:19.215+0200] {dag.py:4180} INFO - Setting next_dagrun for example_task_group_decorator to None, run_after=None
[2024-09-27T14:31:19.229+0200] {processor.py:208} INFO - Processing /home/julian/.cache/pypoetry/virtualenvs/real-time-data-lake-QWGm5iRW-py3.11/lib/python3.11/site-packages/airflow/example_dags/example_task_group_decorator.py took 0.060 seconds
[2024-09-27T14:32:08.850+0200] {processor.py:186} INFO - Started process (PID=281604) to work on /home/julian/.cache/pypoetry/virtualenvs/real-time-data-lake-QWGm5iRW-py3.11/lib/python3.11/site-packages/airflow/example_dags/example_task_group_decorator.py
[2024-09-27T14:32:08.855+0200] {processor.py:914} INFO - Processing file /home/julian/.cache/pypoetry/virtualenvs/real-time-data-lake-QWGm5iRW-py3.11/lib/python3.11/site-packages/airflow/example_dags/example_task_group_decorator.py for tasks to queue
[2024-09-27T14:32:08.858+0200] {logging_mixin.py:190} INFO - [2024-09-27T14:32:08.857+0200] {dagbag.py:588} INFO - Filling up the DagBag from /home/julian/.cache/pypoetry/virtualenvs/real-time-data-lake-QWGm5iRW-py3.11/lib/python3.11/site-packages/airflow/example_dags/example_task_group_decorator.py
[2024-09-27T14:32:08.878+0200] {processor.py:925} INFO - DAG(s) 'example_task_group_decorator' retrieved from /home/julian/.cache/pypoetry/virtualenvs/real-time-data-lake-QWGm5iRW-py3.11/lib/python3.11/site-packages/airflow/example_dags/example_task_group_decorator.py
[2024-09-27T14:32:08.906+0200] {logging_mixin.py:190} INFO - [2024-09-27T14:32:08.905+0200] {dag.py:3239} INFO - Sync 1 DAGs
[2024-09-27T14:32:08.915+0200] {logging_mixin.py:190} INFO - [2024-09-27T14:32:08.914+0200] {dag.py:4180} INFO - Setting next_dagrun for example_task_group_decorator to None, run_after=None
[2024-09-27T14:32:08.928+0200] {processor.py:208} INFO - Processing /home/julian/.cache/pypoetry/virtualenvs/real-time-data-lake-QWGm5iRW-py3.11/lib/python3.11/site-packages/airflow/example_dags/example_task_group_decorator.py took 0.082 seconds
[2024-09-27T14:32:57.124+0200] {processor.py:186} INFO - Started process (PID=281756) to work on /home/julian/.cache/pypoetry/virtualenvs/real-time-data-lake-QWGm5iRW-py3.11/lib/python3.11/site-packages/airflow/example_dags/example_task_group_decorator.py
[2024-09-27T14:32:57.124+0200] {processor.py:914} INFO - Processing file /home/julian/.cache/pypoetry/virtualenvs/real-time-data-lake-QWGm5iRW-py3.11/lib/python3.11/site-packages/airflow/example_dags/example_task_group_decorator.py for tasks to queue
[2024-09-27T14:32:57.125+0200] {logging_mixin.py:190} INFO - [2024-09-27T14:32:57.125+0200] {dagbag.py:588} INFO - Filling up the DagBag from /home/julian/.cache/pypoetry/virtualenvs/real-time-data-lake-QWGm5iRW-py3.11/lib/python3.11/site-packages/airflow/example_dags/example_task_group_decorator.py
[2024-09-27T14:32:57.136+0200] {processor.py:925} INFO - DAG(s) 'example_task_group_decorator' retrieved from /home/julian/.cache/pypoetry/virtualenvs/real-time-data-lake-QWGm5iRW-py3.11/lib/python3.11/site-packages/airflow/example_dags/example_task_group_decorator.py
[2024-09-27T14:32:57.149+0200] {logging_mixin.py:190} INFO - [2024-09-27T14:32:57.148+0200] {dag.py:3239} INFO - Sync 1 DAGs
[2024-09-27T14:32:57.157+0200] {logging_mixin.py:190} INFO - [2024-09-27T14:32:57.157+0200] {dag.py:4180} INFO - Setting next_dagrun for example_task_group_decorator to None, run_after=None
[2024-09-27T14:32:57.171+0200] {processor.py:208} INFO - Processing /home/julian/.cache/pypoetry/virtualenvs/real-time-data-lake-QWGm5iRW-py3.11/lib/python3.11/site-packages/airflow/example_dags/example_task_group_decorator.py took 0.051 seconds
[2024-09-27T14:33:46.742+0200] {processor.py:186} INFO - Started process (PID=281849) to work on /home/julian/.cache/pypoetry/virtualenvs/real-time-data-lake-QWGm5iRW-py3.11/lib/python3.11/site-packages/airflow/example_dags/example_task_group_decorator.py
[2024-09-27T14:33:46.748+0200] {processor.py:914} INFO - Processing file /home/julian/.cache/pypoetry/virtualenvs/real-time-data-lake-QWGm5iRW-py3.11/lib/python3.11/site-packages/airflow/example_dags/example_task_group_decorator.py for tasks to queue
[2024-09-27T14:33:46.750+0200] {logging_mixin.py:190} INFO - [2024-09-27T14:33:46.750+0200] {dagbag.py:588} INFO - Filling up the DagBag from /home/julian/.cache/pypoetry/virtualenvs/real-time-data-lake-QWGm5iRW-py3.11/lib/python3.11/site-packages/airflow/example_dags/example_task_group_decorator.py
[2024-09-27T14:33:46.759+0200] {processor.py:925} INFO - DAG(s) 'example_task_group_decorator' retrieved from /home/julian/.cache/pypoetry/virtualenvs/real-time-data-lake-QWGm5iRW-py3.11/lib/python3.11/site-packages/airflow/example_dags/example_task_group_decorator.py
[2024-09-27T14:33:46.772+0200] {logging_mixin.py:190} INFO - [2024-09-27T14:33:46.772+0200] {dag.py:3239} INFO - Sync 1 DAGs
[2024-09-27T14:33:46.780+0200] {logging_mixin.py:190} INFO - [2024-09-27T14:33:46.780+0200] {dag.py:4180} INFO - Setting next_dagrun for example_task_group_decorator to None, run_after=None
[2024-09-27T14:33:46.794+0200] {processor.py:208} INFO - Processing /home/julian/.cache/pypoetry/virtualenvs/real-time-data-lake-QWGm5iRW-py3.11/lib/python3.11/site-packages/airflow/example_dags/example_task_group_decorator.py took 0.057 seconds
[2024-09-27T14:34:36.417+0200] {processor.py:186} INFO - Started process (PID=282071) to work on /home/julian/.cache/pypoetry/virtualenvs/real-time-data-lake-QWGm5iRW-py3.11/lib/python3.11/site-packages/airflow/example_dags/example_task_group_decorator.py
[2024-09-27T14:34:36.423+0200] {processor.py:914} INFO - Processing file /home/julian/.cache/pypoetry/virtualenvs/real-time-data-lake-QWGm5iRW-py3.11/lib/python3.11/site-packages/airflow/example_dags/example_task_group_decorator.py for tasks to queue
[2024-09-27T14:34:36.426+0200] {logging_mixin.py:190} INFO - [2024-09-27T14:34:36.425+0200] {dagbag.py:588} INFO - Filling up the DagBag from /home/julian/.cache/pypoetry/virtualenvs/real-time-data-lake-QWGm5iRW-py3.11/lib/python3.11/site-packages/airflow/example_dags/example_task_group_decorator.py
[2024-09-27T14:34:36.448+0200] {processor.py:925} INFO - DAG(s) 'example_task_group_decorator' retrieved from /home/julian/.cache/pypoetry/virtualenvs/real-time-data-lake-QWGm5iRW-py3.11/lib/python3.11/site-packages/airflow/example_dags/example_task_group_decorator.py
[2024-09-27T14:34:36.471+0200] {logging_mixin.py:190} INFO - [2024-09-27T14:34:36.470+0200] {dag.py:3239} INFO - Sync 1 DAGs
[2024-09-27T14:34:36.478+0200] {logging_mixin.py:190} INFO - [2024-09-27T14:34:36.478+0200] {dag.py:4180} INFO - Setting next_dagrun for example_task_group_decorator to None, run_after=None
[2024-09-27T14:34:36.491+0200] {processor.py:208} INFO - Processing /home/julian/.cache/pypoetry/virtualenvs/real-time-data-lake-QWGm5iRW-py3.11/lib/python3.11/site-packages/airflow/example_dags/example_task_group_decorator.py took 0.081 seconds
[2024-09-27T14:35:23.598+0200] {processor.py:186} INFO - Started process (PID=282152) to work on /home/julian/.cache/pypoetry/virtualenvs/real-time-data-lake-QWGm5iRW-py3.11/lib/python3.11/site-packages/airflow/example_dags/example_task_group_decorator.py
[2024-09-27T14:35:23.604+0200] {processor.py:914} INFO - Processing file /home/julian/.cache/pypoetry/virtualenvs/real-time-data-lake-QWGm5iRW-py3.11/lib/python3.11/site-packages/airflow/example_dags/example_task_group_decorator.py for tasks to queue
[2024-09-27T14:35:23.607+0200] {logging_mixin.py:190} INFO - [2024-09-27T14:35:23.607+0200] {dagbag.py:588} INFO - Filling up the DagBag from /home/julian/.cache/pypoetry/virtualenvs/real-time-data-lake-QWGm5iRW-py3.11/lib/python3.11/site-packages/airflow/example_dags/example_task_group_decorator.py
[2024-09-27T14:35:23.629+0200] {processor.py:925} INFO - DAG(s) 'example_task_group_decorator' retrieved from /home/julian/.cache/pypoetry/virtualenvs/real-time-data-lake-QWGm5iRW-py3.11/lib/python3.11/site-packages/airflow/example_dags/example_task_group_decorator.py
[2024-09-27T14:35:23.651+0200] {logging_mixin.py:190} INFO - [2024-09-27T14:35:23.651+0200] {dag.py:3239} INFO - Sync 1 DAGs
[2024-09-27T14:35:23.658+0200] {logging_mixin.py:190} INFO - [2024-09-27T14:35:23.658+0200] {dag.py:4180} INFO - Setting next_dagrun for example_task_group_decorator to None, run_after=None
[2024-09-27T14:35:23.672+0200] {processor.py:208} INFO - Processing /home/julian/.cache/pypoetry/virtualenvs/real-time-data-lake-QWGm5iRW-py3.11/lib/python3.11/site-packages/airflow/example_dags/example_task_group_decorator.py took 0.081 seconds
[2024-09-27T14:36:10.119+0200] {processor.py:186} INFO - Started process (PID=282230) to work on /home/julian/.cache/pypoetry/virtualenvs/real-time-data-lake-QWGm5iRW-py3.11/lib/python3.11/site-packages/airflow/example_dags/example_task_group_decorator.py
[2024-09-27T14:36:10.125+0200] {processor.py:914} INFO - Processing file /home/julian/.cache/pypoetry/virtualenvs/real-time-data-lake-QWGm5iRW-py3.11/lib/python3.11/site-packages/airflow/example_dags/example_task_group_decorator.py for tasks to queue
[2024-09-27T14:36:10.128+0200] {logging_mixin.py:190} INFO - [2024-09-27T14:36:10.127+0200] {dagbag.py:588} INFO - Filling up the DagBag from /home/julian/.cache/pypoetry/virtualenvs/real-time-data-lake-QWGm5iRW-py3.11/lib/python3.11/site-packages/airflow/example_dags/example_task_group_decorator.py
[2024-09-27T14:36:10.150+0200] {processor.py:925} INFO - DAG(s) 'example_task_group_decorator' retrieved from /home/julian/.cache/pypoetry/virtualenvs/real-time-data-lake-QWGm5iRW-py3.11/lib/python3.11/site-packages/airflow/example_dags/example_task_group_decorator.py
[2024-09-27T14:36:10.174+0200] {logging_mixin.py:190} INFO - [2024-09-27T14:36:10.174+0200] {dag.py:3239} INFO - Sync 1 DAGs
[2024-09-27T14:36:10.182+0200] {logging_mixin.py:190} INFO - [2024-09-27T14:36:10.181+0200] {dag.py:4180} INFO - Setting next_dagrun for example_task_group_decorator to None, run_after=None
[2024-09-27T14:36:10.196+0200] {processor.py:208} INFO - Processing /home/julian/.cache/pypoetry/virtualenvs/real-time-data-lake-QWGm5iRW-py3.11/lib/python3.11/site-packages/airflow/example_dags/example_task_group_decorator.py took 0.084 seconds
[2024-09-27T14:36:57.594+0200] {processor.py:186} INFO - Started process (PID=282302) to work on /home/julian/.cache/pypoetry/virtualenvs/real-time-data-lake-QWGm5iRW-py3.11/lib/python3.11/site-packages/airflow/example_dags/example_task_group_decorator.py
[2024-09-27T14:36:57.600+0200] {processor.py:914} INFO - Processing file /home/julian/.cache/pypoetry/virtualenvs/real-time-data-lake-QWGm5iRW-py3.11/lib/python3.11/site-packages/airflow/example_dags/example_task_group_decorator.py for tasks to queue
[2024-09-27T14:36:57.603+0200] {logging_mixin.py:190} INFO - [2024-09-27T14:36:57.602+0200] {dagbag.py:588} INFO - Filling up the DagBag from /home/julian/.cache/pypoetry/virtualenvs/real-time-data-lake-QWGm5iRW-py3.11/lib/python3.11/site-packages/airflow/example_dags/example_task_group_decorator.py
[2024-09-27T14:36:57.625+0200] {processor.py:925} INFO - DAG(s) 'example_task_group_decorator' retrieved from /home/julian/.cache/pypoetry/virtualenvs/real-time-data-lake-QWGm5iRW-py3.11/lib/python3.11/site-packages/airflow/example_dags/example_task_group_decorator.py
[2024-09-27T14:36:57.650+0200] {logging_mixin.py:190} INFO - [2024-09-27T14:36:57.650+0200] {dag.py:3239} INFO - Sync 1 DAGs
[2024-09-27T14:36:57.658+0200] {logging_mixin.py:190} INFO - [2024-09-27T14:36:57.658+0200] {dag.py:4180} INFO - Setting next_dagrun for example_task_group_decorator to None, run_after=None
[2024-09-27T14:36:57.672+0200] {processor.py:208} INFO - Processing /home/julian/.cache/pypoetry/virtualenvs/real-time-data-lake-QWGm5iRW-py3.11/lib/python3.11/site-packages/airflow/example_dags/example_task_group_decorator.py took 0.085 seconds
[2024-09-27T14:37:50.281+0200] {processor.py:186} INFO - Started process (PID=282526) to work on /home/julian/.cache/pypoetry/virtualenvs/real-time-data-lake-QWGm5iRW-py3.11/lib/python3.11/site-packages/airflow/example_dags/example_task_group_decorator.py
[2024-09-27T14:37:50.287+0200] {processor.py:914} INFO - Processing file /home/julian/.cache/pypoetry/virtualenvs/real-time-data-lake-QWGm5iRW-py3.11/lib/python3.11/site-packages/airflow/example_dags/example_task_group_decorator.py for tasks to queue
[2024-09-27T14:37:50.290+0200] {logging_mixin.py:190} INFO - [2024-09-27T14:37:50.289+0200] {dagbag.py:588} INFO - Filling up the DagBag from /home/julian/.cache/pypoetry/virtualenvs/real-time-data-lake-QWGm5iRW-py3.11/lib/python3.11/site-packages/airflow/example_dags/example_task_group_decorator.py
[2024-09-27T14:37:50.311+0200] {processor.py:925} INFO - DAG(s) 'example_task_group_decorator' retrieved from /home/julian/.cache/pypoetry/virtualenvs/real-time-data-lake-QWGm5iRW-py3.11/lib/python3.11/site-packages/airflow/example_dags/example_task_group_decorator.py
[2024-09-27T14:37:50.335+0200] {logging_mixin.py:190} INFO - [2024-09-27T14:37:50.335+0200] {dag.py:3239} INFO - Sync 1 DAGs
[2024-09-27T14:37:50.342+0200] {logging_mixin.py:190} INFO - [2024-09-27T14:37:50.342+0200] {dag.py:4180} INFO - Setting next_dagrun for example_task_group_decorator to None, run_after=None
[2024-09-27T14:37:50.355+0200] {processor.py:208} INFO - Processing /home/julian/.cache/pypoetry/virtualenvs/real-time-data-lake-QWGm5iRW-py3.11/lib/python3.11/site-packages/airflow/example_dags/example_task_group_decorator.py took 0.083 seconds
[2024-09-27T14:38:41.723+0200] {processor.py:186} INFO - Started process (PID=282774) to work on /home/julian/.cache/pypoetry/virtualenvs/real-time-data-lake-QWGm5iRW-py3.11/lib/python3.11/site-packages/airflow/example_dags/example_task_group_decorator.py
[2024-09-27T14:38:41.729+0200] {processor.py:914} INFO - Processing file /home/julian/.cache/pypoetry/virtualenvs/real-time-data-lake-QWGm5iRW-py3.11/lib/python3.11/site-packages/airflow/example_dags/example_task_group_decorator.py for tasks to queue
[2024-09-27T14:38:41.732+0200] {logging_mixin.py:190} INFO - [2024-09-27T14:38:41.731+0200] {dagbag.py:588} INFO - Filling up the DagBag from /home/julian/.cache/pypoetry/virtualenvs/real-time-data-lake-QWGm5iRW-py3.11/lib/python3.11/site-packages/airflow/example_dags/example_task_group_decorator.py
[2024-09-27T14:38:41.755+0200] {processor.py:925} INFO - DAG(s) 'example_task_group_decorator' retrieved from /home/julian/.cache/pypoetry/virtualenvs/real-time-data-lake-QWGm5iRW-py3.11/lib/python3.11/site-packages/airflow/example_dags/example_task_group_decorator.py
[2024-09-27T14:38:41.778+0200] {logging_mixin.py:190} INFO - [2024-09-27T14:38:41.778+0200] {dag.py:3239} INFO - Sync 1 DAGs
[2024-09-27T14:38:41.785+0200] {logging_mixin.py:190} INFO - [2024-09-27T14:38:41.785+0200] {dag.py:4180} INFO - Setting next_dagrun for example_task_group_decorator to None, run_after=None
[2024-09-27T14:38:41.800+0200] {processor.py:208} INFO - Processing /home/julian/.cache/pypoetry/virtualenvs/real-time-data-lake-QWGm5iRW-py3.11/lib/python3.11/site-packages/airflow/example_dags/example_task_group_decorator.py took 0.085 seconds
