[2024-09-27T14:20:22.468+0200] {processor.py:186} INFO - Started process (PID=280028) to work on /home/julian/.cache/pypoetry/virtualenvs/real-time-data-lake-QWGm5iRW-py3.11/lib/python3.11/site-packages/airflow/example_dags/example_sensor_decorator.py
[2024-09-27T14:20:22.468+0200] {processor.py:914} INFO - Processing file /home/julian/.cache/pypoetry/virtualenvs/real-time-data-lake-QWGm5iRW-py3.11/lib/python3.11/site-packages/airflow/example_dags/example_sensor_decorator.py for tasks to queue
[2024-09-27T14:20:22.470+0200] {logging_mixin.py:190} INFO - [2024-09-27T14:20:22.469+0200] {dagbag.py:588} INFO - Filling up the DagBag from /home/julian/.cache/pypoetry/virtualenvs/real-time-data-lake-QWGm5iRW-py3.11/lib/python3.11/site-packages/airflow/example_dags/example_sensor_decorator.py
[2024-09-27T14:20:22.477+0200] {processor.py:925} INFO - DAG(s) 'example_sensor_decorator' retrieved from /home/julian/.cache/pypoetry/virtualenvs/real-time-data-lake-QWGm5iRW-py3.11/lib/python3.11/site-packages/airflow/example_dags/example_sensor_decorator.py
[2024-09-27T14:20:22.541+0200] {logging_mixin.py:190} INFO - [2024-09-27T14:20:22.541+0200] {override.py:1901} INFO - Created Permission View: can delete on DAG:example_sensor_decorator
[2024-09-27T14:20:22.550+0200] {logging_mixin.py:190} INFO - [2024-09-27T14:20:22.549+0200] {override.py:1901} INFO - Created Permission View: can read on DAG:example_sensor_decorator
[2024-09-27T14:20:22.559+0200] {logging_mixin.py:190} INFO - [2024-09-27T14:20:22.559+0200] {override.py:1901} INFO - Created Permission View: can edit on DAG:example_sensor_decorator
[2024-09-27T14:20:22.571+0200] {logging_mixin.py:190} INFO - [2024-09-27T14:20:22.571+0200] {override.py:1901} INFO - Created Permission View: can create on DAG Run:example_sensor_decorator
[2024-09-27T14:20:22.577+0200] {logging_mixin.py:190} INFO - [2024-09-27T14:20:22.577+0200] {override.py:1901} INFO - Created Permission View: can delete on DAG Run:example_sensor_decorator
[2024-09-27T14:20:22.583+0200] {logging_mixin.py:190} INFO - [2024-09-27T14:20:22.582+0200] {override.py:1901} INFO - Created Permission View: can read on DAG Run:example_sensor_decorator
[2024-09-27T14:20:22.588+0200] {logging_mixin.py:190} INFO - [2024-09-27T14:20:22.588+0200] {override.py:1901} INFO - Created Permission View: menu access on DAG Run:example_sensor_decorator
[2024-09-27T14:20:22.589+0200] {logging_mixin.py:190} INFO - [2024-09-27T14:20:22.588+0200] {dag.py:3239} INFO - Sync 1 DAGs
[2024-09-27T14:20:22.595+0200] {logging_mixin.py:190} INFO - [2024-09-27T14:20:22.595+0200] {dag.py:3262} INFO - Creating ORM DAG for example_sensor_decorator
[2024-09-27T14:20:22.596+0200] {logging_mixin.py:190} INFO - [2024-09-27T14:20:22.596+0200] {dag.py:4180} INFO - Setting next_dagrun for example_sensor_decorator to None, run_after=None
[2024-09-27T14:20:22.608+0200] {processor.py:208} INFO - Processing /home/julian/.cache/pypoetry/virtualenvs/real-time-data-lake-QWGm5iRW-py3.11/lib/python3.11/site-packages/airflow/example_dags/example_sensor_decorator.py took 0.143 seconds
[2024-09-27T14:21:22.602+0200] {processor.py:186} INFO - Started process (PID=280127) to work on /home/julian/.cache/pypoetry/virtualenvs/real-time-data-lake-QWGm5iRW-py3.11/lib/python3.11/site-packages/airflow/example_dags/example_sensor_decorator.py
[2024-09-27T14:21:22.608+0200] {processor.py:914} INFO - Processing file /home/julian/.cache/pypoetry/virtualenvs/real-time-data-lake-QWGm5iRW-py3.11/lib/python3.11/site-packages/airflow/example_dags/example_sensor_decorator.py for tasks to queue
[2024-09-27T14:21:22.610+0200] {logging_mixin.py:190} INFO - [2024-09-27T14:21:22.609+0200] {dagbag.py:588} INFO - Filling up the DagBag from /home/julian/.cache/pypoetry/virtualenvs/real-time-data-lake-QWGm5iRW-py3.11/lib/python3.11/site-packages/airflow/example_dags/example_sensor_decorator.py
[2024-09-27T14:21:22.614+0200] {processor.py:925} INFO - DAG(s) 'example_sensor_decorator' retrieved from /home/julian/.cache/pypoetry/virtualenvs/real-time-data-lake-QWGm5iRW-py3.11/lib/python3.11/site-packages/airflow/example_dags/example_sensor_decorator.py
[2024-09-27T14:21:22.624+0200] {logging_mixin.py:190} INFO - [2024-09-27T14:21:22.624+0200] {dag.py:3239} INFO - Sync 1 DAGs
[2024-09-27T14:21:22.632+0200] {logging_mixin.py:190} INFO - [2024-09-27T14:21:22.631+0200] {dag.py:4180} INFO - Setting next_dagrun for example_sensor_decorator to None, run_after=None
[2024-09-27T14:21:22.645+0200] {processor.py:208} INFO - Processing /home/julian/.cache/pypoetry/virtualenvs/real-time-data-lake-QWGm5iRW-py3.11/lib/python3.11/site-packages/airflow/example_dags/example_sensor_decorator.py took 0.046 seconds
[2024-09-27T14:22:03.426+0200] {processor.py:186} INFO - Started process (PID=280228) to work on /home/julian/.cache/pypoetry/virtualenvs/real-time-data-lake-QWGm5iRW-py3.11/lib/python3.11/site-packages/airflow/example_dags/example_sensor_decorator.py
[2024-09-27T14:22:03.432+0200] {processor.py:914} INFO - Processing file /home/julian/.cache/pypoetry/virtualenvs/real-time-data-lake-QWGm5iRW-py3.11/lib/python3.11/site-packages/airflow/example_dags/example_sensor_decorator.py for tasks to queue
[2024-09-27T14:22:03.435+0200] {logging_mixin.py:190} INFO - [2024-09-27T14:22:03.435+0200] {dagbag.py:588} INFO - Filling up the DagBag from /home/julian/.cache/pypoetry/virtualenvs/real-time-data-lake-QWGm5iRW-py3.11/lib/python3.11/site-packages/airflow/example_dags/example_sensor_decorator.py
[2024-09-27T14:22:03.445+0200] {processor.py:925} INFO - DAG(s) 'example_sensor_decorator' retrieved from /home/julian/.cache/pypoetry/virtualenvs/real-time-data-lake-QWGm5iRW-py3.11/lib/python3.11/site-packages/airflow/example_dags/example_sensor_decorator.py
[2024-09-27T14:22:03.467+0200] {logging_mixin.py:190} INFO - [2024-09-27T14:22:03.466+0200] {dag.py:3239} INFO - Sync 1 DAGs
[2024-09-27T14:22:03.479+0200] {logging_mixin.py:190} INFO - [2024-09-27T14:22:03.479+0200] {dag.py:4180} INFO - Setting next_dagrun for example_sensor_decorator to None, run_after=None
[2024-09-27T14:22:03.493+0200] {processor.py:208} INFO - Processing /home/julian/.cache/pypoetry/virtualenvs/real-time-data-lake-QWGm5iRW-py3.11/lib/python3.11/site-packages/airflow/example_dags/example_sensor_decorator.py took 0.074 seconds
[2024-09-27T14:22:59.191+0200] {processor.py:186} INFO - Started process (PID=280325) to work on /home/julian/.cache/pypoetry/virtualenvs/real-time-data-lake-QWGm5iRW-py3.11/lib/python3.11/site-packages/airflow/example_dags/example_sensor_decorator.py
[2024-09-27T14:22:59.197+0200] {processor.py:914} INFO - Processing file /home/julian/.cache/pypoetry/virtualenvs/real-time-data-lake-QWGm5iRW-py3.11/lib/python3.11/site-packages/airflow/example_dags/example_sensor_decorator.py for tasks to queue
[2024-09-27T14:22:59.199+0200] {logging_mixin.py:190} INFO - [2024-09-27T14:22:59.199+0200] {dagbag.py:588} INFO - Filling up the DagBag from /home/julian/.cache/pypoetry/virtualenvs/real-time-data-lake-QWGm5iRW-py3.11/lib/python3.11/site-packages/airflow/example_dags/example_sensor_decorator.py
[2024-09-27T14:22:59.210+0200] {processor.py:925} INFO - DAG(s) 'example_sensor_decorator' retrieved from /home/julian/.cache/pypoetry/virtualenvs/real-time-data-lake-QWGm5iRW-py3.11/lib/python3.11/site-packages/airflow/example_dags/example_sensor_decorator.py
[2024-09-27T14:22:59.224+0200] {logging_mixin.py:190} INFO - [2024-09-27T14:22:59.224+0200] {dag.py:3239} INFO - Sync 1 DAGs
[2024-09-27T14:22:59.232+0200] {logging_mixin.py:190} INFO - [2024-09-27T14:22:59.232+0200] {dag.py:4180} INFO - Setting next_dagrun for example_sensor_decorator to None, run_after=None
[2024-09-27T14:22:59.245+0200] {processor.py:208} INFO - Processing /home/julian/.cache/pypoetry/virtualenvs/real-time-data-lake-QWGm5iRW-py3.11/lib/python3.11/site-packages/airflow/example_dags/example_sensor_decorator.py took 0.061 seconds
[2024-09-27T14:23:53.751+0200] {processor.py:186} INFO - Started process (PID=280492) to work on /home/julian/.cache/pypoetry/virtualenvs/real-time-data-lake-QWGm5iRW-py3.11/lib/python3.11/site-packages/airflow/example_dags/example_sensor_decorator.py
[2024-09-27T14:23:53.757+0200] {processor.py:914} INFO - Processing file /home/julian/.cache/pypoetry/virtualenvs/real-time-data-lake-QWGm5iRW-py3.11/lib/python3.11/site-packages/airflow/example_dags/example_sensor_decorator.py for tasks to queue
[2024-09-27T14:23:53.759+0200] {logging_mixin.py:190} INFO - [2024-09-27T14:23:53.758+0200] {dagbag.py:588} INFO - Filling up the DagBag from /home/julian/.cache/pypoetry/virtualenvs/real-time-data-lake-QWGm5iRW-py3.11/lib/python3.11/site-packages/airflow/example_dags/example_sensor_decorator.py
[2024-09-27T14:23:53.769+0200] {processor.py:925} INFO - DAG(s) 'example_sensor_decorator' retrieved from /home/julian/.cache/pypoetry/virtualenvs/real-time-data-lake-QWGm5iRW-py3.11/lib/python3.11/site-packages/airflow/example_dags/example_sensor_decorator.py
[2024-09-27T14:23:53.788+0200] {logging_mixin.py:190} INFO - [2024-09-27T14:23:53.787+0200] {dag.py:3239} INFO - Sync 1 DAGs
[2024-09-27T14:23:53.802+0200] {logging_mixin.py:190} INFO - [2024-09-27T14:23:53.801+0200] {dag.py:4180} INFO - Setting next_dagrun for example_sensor_decorator to None, run_after=None
[2024-09-27T14:23:53.815+0200] {processor.py:208} INFO - Processing /home/julian/.cache/pypoetry/virtualenvs/real-time-data-lake-QWGm5iRW-py3.11/lib/python3.11/site-packages/airflow/example_dags/example_sensor_decorator.py took 0.071 seconds
[2024-09-27T14:24:45.619+0200] {processor.py:186} INFO - Started process (PID=280705) to work on /home/julian/.cache/pypoetry/virtualenvs/real-time-data-lake-QWGm5iRW-py3.11/lib/python3.11/site-packages/airflow/example_dags/example_sensor_decorator.py
[2024-09-27T14:24:45.625+0200] {processor.py:914} INFO - Processing file /home/julian/.cache/pypoetry/virtualenvs/real-time-data-lake-QWGm5iRW-py3.11/lib/python3.11/site-packages/airflow/example_dags/example_sensor_decorator.py for tasks to queue
[2024-09-27T14:24:45.627+0200] {logging_mixin.py:190} INFO - [2024-09-27T14:24:45.627+0200] {dagbag.py:588} INFO - Filling up the DagBag from /home/julian/.cache/pypoetry/virtualenvs/real-time-data-lake-QWGm5iRW-py3.11/lib/python3.11/site-packages/airflow/example_dags/example_sensor_decorator.py
[2024-09-27T14:24:45.637+0200] {processor.py:925} INFO - DAG(s) 'example_sensor_decorator' retrieved from /home/julian/.cache/pypoetry/virtualenvs/real-time-data-lake-QWGm5iRW-py3.11/lib/python3.11/site-packages/airflow/example_dags/example_sensor_decorator.py
[2024-09-27T14:24:45.657+0200] {logging_mixin.py:190} INFO - [2024-09-27T14:24:45.656+0200] {dag.py:3239} INFO - Sync 1 DAGs
[2024-09-27T14:24:45.672+0200] {logging_mixin.py:190} INFO - [2024-09-27T14:24:45.672+0200] {dag.py:4180} INFO - Setting next_dagrun for example_sensor_decorator to None, run_after=None
[2024-09-27T14:24:45.685+0200] {processor.py:208} INFO - Processing /home/julian/.cache/pypoetry/virtualenvs/real-time-data-lake-QWGm5iRW-py3.11/lib/python3.11/site-packages/airflow/example_dags/example_sensor_decorator.py took 0.074 seconds
[2024-09-27T14:30:31.398+0200] {processor.py:186} INFO - Started process (PID=281421) to work on /home/julian/.cache/pypoetry/virtualenvs/real-time-data-lake-QWGm5iRW-py3.11/lib/python3.11/site-packages/airflow/example_dags/example_sensor_decorator.py
[2024-09-27T14:30:31.404+0200] {processor.py:914} INFO - Processing file /home/julian/.cache/pypoetry/virtualenvs/real-time-data-lake-QWGm5iRW-py3.11/lib/python3.11/site-packages/airflow/example_dags/example_sensor_decorator.py for tasks to queue
[2024-09-27T14:30:31.407+0200] {logging_mixin.py:190} INFO - [2024-09-27T14:30:31.407+0200] {dagbag.py:588} INFO - Filling up the DagBag from /home/julian/.cache/pypoetry/virtualenvs/real-time-data-lake-QWGm5iRW-py3.11/lib/python3.11/site-packages/airflow/example_dags/example_sensor_decorator.py
[2024-09-27T14:30:31.417+0200] {processor.py:925} INFO - DAG(s) 'example_sensor_decorator' retrieved from /home/julian/.cache/pypoetry/virtualenvs/real-time-data-lake-QWGm5iRW-py3.11/lib/python3.11/site-packages/airflow/example_dags/example_sensor_decorator.py
[2024-09-27T14:30:31.439+0200] {logging_mixin.py:190} INFO - [2024-09-27T14:30:31.438+0200] {dag.py:3239} INFO - Sync 1 DAGs
[2024-09-27T14:30:31.453+0200] {logging_mixin.py:190} INFO - [2024-09-27T14:30:31.453+0200] {dag.py:4180} INFO - Setting next_dagrun for example_sensor_decorator to None, run_after=None
[2024-09-27T14:30:31.466+0200] {processor.py:208} INFO - Processing /home/julian/.cache/pypoetry/virtualenvs/real-time-data-lake-QWGm5iRW-py3.11/lib/python3.11/site-packages/airflow/example_dags/example_sensor_decorator.py took 0.075 seconds
[2024-09-27T14:31:25.691+0200] {processor.py:186} INFO - Started process (PID=281536) to work on /home/julian/.cache/pypoetry/virtualenvs/real-time-data-lake-QWGm5iRW-py3.11/lib/python3.11/site-packages/airflow/example_dags/example_sensor_decorator.py
[2024-09-27T14:31:25.697+0200] {processor.py:914} INFO - Processing file /home/julian/.cache/pypoetry/virtualenvs/real-time-data-lake-QWGm5iRW-py3.11/lib/python3.11/site-packages/airflow/example_dags/example_sensor_decorator.py for tasks to queue
[2024-09-27T14:31:25.700+0200] {logging_mixin.py:190} INFO - [2024-09-27T14:31:25.699+0200] {dagbag.py:588} INFO - Filling up the DagBag from /home/julian/.cache/pypoetry/virtualenvs/real-time-data-lake-QWGm5iRW-py3.11/lib/python3.11/site-packages/airflow/example_dags/example_sensor_decorator.py
[2024-09-27T14:31:25.709+0200] {processor.py:925} INFO - DAG(s) 'example_sensor_decorator' retrieved from /home/julian/.cache/pypoetry/virtualenvs/real-time-data-lake-QWGm5iRW-py3.11/lib/python3.11/site-packages/airflow/example_dags/example_sensor_decorator.py
[2024-09-27T14:31:25.728+0200] {logging_mixin.py:190} INFO - [2024-09-27T14:31:25.727+0200] {dag.py:3239} INFO - Sync 1 DAGs
[2024-09-27T14:31:25.744+0200] {logging_mixin.py:190} INFO - [2024-09-27T14:31:25.744+0200] {dag.py:4180} INFO - Setting next_dagrun for example_sensor_decorator to None, run_after=None
[2024-09-27T14:31:25.760+0200] {processor.py:208} INFO - Processing /home/julian/.cache/pypoetry/virtualenvs/real-time-data-lake-QWGm5iRW-py3.11/lib/python3.11/site-packages/airflow/example_dags/example_sensor_decorator.py took 0.072 seconds
[2024-09-27T14:32:20.289+0200] {processor.py:186} INFO - Started process (PID=281627) to work on /home/julian/.cache/pypoetry/virtualenvs/real-time-data-lake-QWGm5iRW-py3.11/lib/python3.11/site-packages/airflow/example_dags/example_sensor_decorator.py
[2024-09-27T14:32:20.290+0200] {processor.py:914} INFO - Processing file /home/julian/.cache/pypoetry/virtualenvs/real-time-data-lake-QWGm5iRW-py3.11/lib/python3.11/site-packages/airflow/example_dags/example_sensor_decorator.py for tasks to queue
[2024-09-27T14:32:20.293+0200] {logging_mixin.py:190} INFO - [2024-09-27T14:32:20.292+0200] {dagbag.py:588} INFO - Filling up the DagBag from /home/julian/.cache/pypoetry/virtualenvs/real-time-data-lake-QWGm5iRW-py3.11/lib/python3.11/site-packages/airflow/example_dags/example_sensor_decorator.py
[2024-09-27T14:32:20.302+0200] {processor.py:925} INFO - DAG(s) 'example_sensor_decorator' retrieved from /home/julian/.cache/pypoetry/virtualenvs/real-time-data-lake-QWGm5iRW-py3.11/lib/python3.11/site-packages/airflow/example_dags/example_sensor_decorator.py
[2024-09-27T14:32:20.321+0200] {logging_mixin.py:190} INFO - [2024-09-27T14:32:20.321+0200] {dag.py:3239} INFO - Sync 1 DAGs
[2024-09-27T14:32:20.334+0200] {logging_mixin.py:190} INFO - [2024-09-27T14:32:20.334+0200] {dag.py:4180} INFO - Setting next_dagrun for example_sensor_decorator to None, run_after=None
[2024-09-27T14:32:20.351+0200] {processor.py:208} INFO - Processing /home/julian/.cache/pypoetry/virtualenvs/real-time-data-lake-QWGm5iRW-py3.11/lib/python3.11/site-packages/airflow/example_dags/example_sensor_decorator.py took 0.069 seconds
[2024-09-27T14:33:09.762+0200] {processor.py:186} INFO - Started process (PID=281774) to work on /home/julian/.cache/pypoetry/virtualenvs/real-time-data-lake-QWGm5iRW-py3.11/lib/python3.11/site-packages/airflow/example_dags/example_sensor_decorator.py
[2024-09-27T14:33:09.763+0200] {processor.py:914} INFO - Processing file /home/julian/.cache/pypoetry/virtualenvs/real-time-data-lake-QWGm5iRW-py3.11/lib/python3.11/site-packages/airflow/example_dags/example_sensor_decorator.py for tasks to queue
[2024-09-27T14:33:09.766+0200] {logging_mixin.py:190} INFO - [2024-09-27T14:33:09.765+0200] {dagbag.py:588} INFO - Filling up the DagBag from /home/julian/.cache/pypoetry/virtualenvs/real-time-data-lake-QWGm5iRW-py3.11/lib/python3.11/site-packages/airflow/example_dags/example_sensor_decorator.py
[2024-09-27T14:33:09.776+0200] {processor.py:925} INFO - DAG(s) 'example_sensor_decorator' retrieved from /home/julian/.cache/pypoetry/virtualenvs/real-time-data-lake-QWGm5iRW-py3.11/lib/python3.11/site-packages/airflow/example_dags/example_sensor_decorator.py
[2024-09-27T14:33:09.798+0200] {logging_mixin.py:190} INFO - [2024-09-27T14:33:09.797+0200] {dag.py:3239} INFO - Sync 1 DAGs
[2024-09-27T14:33:09.812+0200] {logging_mixin.py:190} INFO - [2024-09-27T14:33:09.811+0200] {dag.py:4180} INFO - Setting next_dagrun for example_sensor_decorator to None, run_after=None
[2024-09-27T14:33:09.825+0200] {processor.py:208} INFO - Processing /home/julian/.cache/pypoetry/virtualenvs/real-time-data-lake-QWGm5iRW-py3.11/lib/python3.11/site-packages/airflow/example_dags/example_sensor_decorator.py took 0.070 seconds
[2024-09-27T14:33:58.751+0200] {processor.py:186} INFO - Started process (PID=281892) to work on /home/julian/.cache/pypoetry/virtualenvs/real-time-data-lake-QWGm5iRW-py3.11/lib/python3.11/site-packages/airflow/example_dags/example_sensor_decorator.py
[2024-09-27T14:33:58.757+0200] {processor.py:914} INFO - Processing file /home/julian/.cache/pypoetry/virtualenvs/real-time-data-lake-QWGm5iRW-py3.11/lib/python3.11/site-packages/airflow/example_dags/example_sensor_decorator.py for tasks to queue
[2024-09-27T14:33:58.759+0200] {logging_mixin.py:190} INFO - [2024-09-27T14:33:58.759+0200] {dagbag.py:588} INFO - Filling up the DagBag from /home/julian/.cache/pypoetry/virtualenvs/real-time-data-lake-QWGm5iRW-py3.11/lib/python3.11/site-packages/airflow/example_dags/example_sensor_decorator.py
[2024-09-27T14:33:58.764+0200] {processor.py:925} INFO - DAG(s) 'example_sensor_decorator' retrieved from /home/julian/.cache/pypoetry/virtualenvs/real-time-data-lake-QWGm5iRW-py3.11/lib/python3.11/site-packages/airflow/example_dags/example_sensor_decorator.py
[2024-09-27T14:33:58.773+0200] {logging_mixin.py:190} INFO - [2024-09-27T14:33:58.773+0200] {dag.py:3239} INFO - Sync 1 DAGs
[2024-09-27T14:33:58.780+0200] {logging_mixin.py:190} INFO - [2024-09-27T14:33:58.780+0200] {dag.py:4180} INFO - Setting next_dagrun for example_sensor_decorator to None, run_after=None
[2024-09-27T14:33:58.794+0200] {processor.py:208} INFO - Processing /home/julian/.cache/pypoetry/virtualenvs/real-time-data-lake-QWGm5iRW-py3.11/lib/python3.11/site-packages/airflow/example_dags/example_sensor_decorator.py took 0.046 seconds
[2024-09-27T14:34:47.476+0200] {processor.py:186} INFO - Started process (PID=282100) to work on /home/julian/.cache/pypoetry/virtualenvs/real-time-data-lake-QWGm5iRW-py3.11/lib/python3.11/site-packages/airflow/example_dags/example_sensor_decorator.py
[2024-09-27T14:34:47.482+0200] {processor.py:914} INFO - Processing file /home/julian/.cache/pypoetry/virtualenvs/real-time-data-lake-QWGm5iRW-py3.11/lib/python3.11/site-packages/airflow/example_dags/example_sensor_decorator.py for tasks to queue
[2024-09-27T14:34:47.485+0200] {logging_mixin.py:190} INFO - [2024-09-27T14:34:47.484+0200] {dagbag.py:588} INFO - Filling up the DagBag from /home/julian/.cache/pypoetry/virtualenvs/real-time-data-lake-QWGm5iRW-py3.11/lib/python3.11/site-packages/airflow/example_dags/example_sensor_decorator.py
[2024-09-27T14:34:47.495+0200] {processor.py:925} INFO - DAG(s) 'example_sensor_decorator' retrieved from /home/julian/.cache/pypoetry/virtualenvs/real-time-data-lake-QWGm5iRW-py3.11/lib/python3.11/site-packages/airflow/example_dags/example_sensor_decorator.py
[2024-09-27T14:34:47.514+0200] {logging_mixin.py:190} INFO - [2024-09-27T14:34:47.514+0200] {dag.py:3239} INFO - Sync 1 DAGs
[2024-09-27T14:34:47.529+0200] {logging_mixin.py:190} INFO - [2024-09-27T14:34:47.529+0200] {dag.py:4180} INFO - Setting next_dagrun for example_sensor_decorator to None, run_after=None
[2024-09-27T14:34:47.543+0200] {processor.py:208} INFO - Processing /home/julian/.cache/pypoetry/virtualenvs/real-time-data-lake-QWGm5iRW-py3.11/lib/python3.11/site-packages/airflow/example_dags/example_sensor_decorator.py took 0.073 seconds
[2024-09-27T14:35:35.076+0200] {processor.py:186} INFO - Started process (PID=282176) to work on /home/julian/.cache/pypoetry/virtualenvs/real-time-data-lake-QWGm5iRW-py3.11/lib/python3.11/site-packages/airflow/example_dags/example_sensor_decorator.py
[2024-09-27T14:35:35.082+0200] {processor.py:914} INFO - Processing file /home/julian/.cache/pypoetry/virtualenvs/real-time-data-lake-QWGm5iRW-py3.11/lib/python3.11/site-packages/airflow/example_dags/example_sensor_decorator.py for tasks to queue
[2024-09-27T14:35:35.084+0200] {logging_mixin.py:190} INFO - [2024-09-27T14:35:35.084+0200] {dagbag.py:588} INFO - Filling up the DagBag from /home/julian/.cache/pypoetry/virtualenvs/real-time-data-lake-QWGm5iRW-py3.11/lib/python3.11/site-packages/airflow/example_dags/example_sensor_decorator.py
[2024-09-27T14:35:35.093+0200] {processor.py:925} INFO - DAG(s) 'example_sensor_decorator' retrieved from /home/julian/.cache/pypoetry/virtualenvs/real-time-data-lake-QWGm5iRW-py3.11/lib/python3.11/site-packages/airflow/example_dags/example_sensor_decorator.py
[2024-09-27T14:35:35.112+0200] {logging_mixin.py:190} INFO - [2024-09-27T14:35:35.111+0200] {dag.py:3239} INFO - Sync 1 DAGs
[2024-09-27T14:35:35.128+0200] {logging_mixin.py:190} INFO - [2024-09-27T14:35:35.128+0200] {dag.py:4180} INFO - Setting next_dagrun for example_sensor_decorator to None, run_after=None
[2024-09-27T14:35:35.141+0200] {processor.py:208} INFO - Processing /home/julian/.cache/pypoetry/virtualenvs/real-time-data-lake-QWGm5iRW-py3.11/lib/python3.11/site-packages/airflow/example_dags/example_sensor_decorator.py took 0.073 seconds
[2024-09-27T14:36:23.910+0200] {processor.py:186} INFO - Started process (PID=282251) to work on /home/julian/.cache/pypoetry/virtualenvs/real-time-data-lake-QWGm5iRW-py3.11/lib/python3.11/site-packages/airflow/example_dags/example_sensor_decorator.py
[2024-09-27T14:36:23.916+0200] {processor.py:914} INFO - Processing file /home/julian/.cache/pypoetry/virtualenvs/real-time-data-lake-QWGm5iRW-py3.11/lib/python3.11/site-packages/airflow/example_dags/example_sensor_decorator.py for tasks to queue
[2024-09-27T14:36:23.919+0200] {logging_mixin.py:190} INFO - [2024-09-27T14:36:23.918+0200] {dagbag.py:588} INFO - Filling up the DagBag from /home/julian/.cache/pypoetry/virtualenvs/real-time-data-lake-QWGm5iRW-py3.11/lib/python3.11/site-packages/airflow/example_dags/example_sensor_decorator.py
[2024-09-27T14:36:23.929+0200] {processor.py:925} INFO - DAG(s) 'example_sensor_decorator' retrieved from /home/julian/.cache/pypoetry/virtualenvs/real-time-data-lake-QWGm5iRW-py3.11/lib/python3.11/site-packages/airflow/example_dags/example_sensor_decorator.py
[2024-09-27T14:36:23.948+0200] {logging_mixin.py:190} INFO - [2024-09-27T14:36:23.948+0200] {dag.py:3239} INFO - Sync 1 DAGs
[2024-09-27T14:36:23.964+0200] {logging_mixin.py:190} INFO - [2024-09-27T14:36:23.964+0200] {dag.py:4180} INFO - Setting next_dagrun for example_sensor_decorator to None, run_after=None
[2024-09-27T14:36:23.977+0200] {processor.py:208} INFO - Processing /home/julian/.cache/pypoetry/virtualenvs/real-time-data-lake-QWGm5iRW-py3.11/lib/python3.11/site-packages/airflow/example_dags/example_sensor_decorator.py took 0.074 seconds
[2024-09-27T14:37:14.555+0200] {processor.py:186} INFO - Started process (PID=282327) to work on /home/julian/.cache/pypoetry/virtualenvs/real-time-data-lake-QWGm5iRW-py3.11/lib/python3.11/site-packages/airflow/example_dags/example_sensor_decorator.py
[2024-09-27T14:37:14.561+0200] {processor.py:914} INFO - Processing file /home/julian/.cache/pypoetry/virtualenvs/real-time-data-lake-QWGm5iRW-py3.11/lib/python3.11/site-packages/airflow/example_dags/example_sensor_decorator.py for tasks to queue
[2024-09-27T14:37:14.564+0200] {logging_mixin.py:190} INFO - [2024-09-27T14:37:14.563+0200] {dagbag.py:588} INFO - Filling up the DagBag from /home/julian/.cache/pypoetry/virtualenvs/real-time-data-lake-QWGm5iRW-py3.11/lib/python3.11/site-packages/airflow/example_dags/example_sensor_decorator.py
[2024-09-27T14:37:14.574+0200] {processor.py:925} INFO - DAG(s) 'example_sensor_decorator' retrieved from /home/julian/.cache/pypoetry/virtualenvs/real-time-data-lake-QWGm5iRW-py3.11/lib/python3.11/site-packages/airflow/example_dags/example_sensor_decorator.py
[2024-09-27T14:37:14.594+0200] {logging_mixin.py:190} INFO - [2024-09-27T14:37:14.593+0200] {dag.py:3239} INFO - Sync 1 DAGs
[2024-09-27T14:37:14.609+0200] {logging_mixin.py:190} INFO - [2024-09-27T14:37:14.608+0200] {dag.py:4180} INFO - Setting next_dagrun for example_sensor_decorator to None, run_after=None
[2024-09-27T14:37:14.623+0200] {processor.py:208} INFO - Processing /home/julian/.cache/pypoetry/virtualenvs/real-time-data-lake-QWGm5iRW-py3.11/lib/python3.11/site-packages/airflow/example_dags/example_sensor_decorator.py took 0.075 seconds
[2024-09-27T14:38:06.019+0200] {processor.py:186} INFO - Started process (PID=282561) to work on /home/julian/.cache/pypoetry/virtualenvs/real-time-data-lake-QWGm5iRW-py3.11/lib/python3.11/site-packages/airflow/example_dags/example_sensor_decorator.py
[2024-09-27T14:38:06.025+0200] {processor.py:914} INFO - Processing file /home/julian/.cache/pypoetry/virtualenvs/real-time-data-lake-QWGm5iRW-py3.11/lib/python3.11/site-packages/airflow/example_dags/example_sensor_decorator.py for tasks to queue
[2024-09-27T14:38:06.027+0200] {logging_mixin.py:190} INFO - [2024-09-27T14:38:06.027+0200] {dagbag.py:588} INFO - Filling up the DagBag from /home/julian/.cache/pypoetry/virtualenvs/real-time-data-lake-QWGm5iRW-py3.11/lib/python3.11/site-packages/airflow/example_dags/example_sensor_decorator.py
[2024-09-27T14:38:06.037+0200] {processor.py:925} INFO - DAG(s) 'example_sensor_decorator' retrieved from /home/julian/.cache/pypoetry/virtualenvs/real-time-data-lake-QWGm5iRW-py3.11/lib/python3.11/site-packages/airflow/example_dags/example_sensor_decorator.py
[2024-09-27T14:38:06.057+0200] {logging_mixin.py:190} INFO - [2024-09-27T14:38:06.056+0200] {dag.py:3239} INFO - Sync 1 DAGs
[2024-09-27T14:38:06.065+0200] {logging_mixin.py:190} INFO - [2024-09-27T14:38:06.065+0200] {dag.py:4180} INFO - Setting next_dagrun for example_sensor_decorator to None, run_after=None
[2024-09-27T14:38:06.079+0200] {processor.py:208} INFO - Processing /home/julian/.cache/pypoetry/virtualenvs/real-time-data-lake-QWGm5iRW-py3.11/lib/python3.11/site-packages/airflow/example_dags/example_sensor_decorator.py took 0.068 seconds
[2024-09-27T14:38:54.878+0200] {processor.py:186} INFO - Started process (PID=282822) to work on /home/julian/.cache/pypoetry/virtualenvs/real-time-data-lake-QWGm5iRW-py3.11/lib/python3.11/site-packages/airflow/example_dags/example_sensor_decorator.py
[2024-09-27T14:38:54.884+0200] {processor.py:914} INFO - Processing file /home/julian/.cache/pypoetry/virtualenvs/real-time-data-lake-QWGm5iRW-py3.11/lib/python3.11/site-packages/airflow/example_dags/example_sensor_decorator.py for tasks to queue
[2024-09-27T14:38:54.887+0200] {logging_mixin.py:190} INFO - [2024-09-27T14:38:54.887+0200] {dagbag.py:588} INFO - Filling up the DagBag from /home/julian/.cache/pypoetry/virtualenvs/real-time-data-lake-QWGm5iRW-py3.11/lib/python3.11/site-packages/airflow/example_dags/example_sensor_decorator.py
[2024-09-27T14:38:54.897+0200] {processor.py:925} INFO - DAG(s) 'example_sensor_decorator' retrieved from /home/julian/.cache/pypoetry/virtualenvs/real-time-data-lake-QWGm5iRW-py3.11/lib/python3.11/site-packages/airflow/example_dags/example_sensor_decorator.py
[2024-09-27T14:38:54.917+0200] {logging_mixin.py:190} INFO - [2024-09-27T14:38:54.917+0200] {dag.py:3239} INFO - Sync 1 DAGs
[2024-09-27T14:38:54.932+0200] {logging_mixin.py:190} INFO - [2024-09-27T14:38:54.932+0200] {dag.py:4180} INFO - Setting next_dagrun for example_sensor_decorator to None, run_after=None
[2024-09-27T14:38:54.946+0200] {processor.py:208} INFO - Processing /home/julian/.cache/pypoetry/virtualenvs/real-time-data-lake-QWGm5iRW-py3.11/lib/python3.11/site-packages/airflow/example_dags/example_sensor_decorator.py took 0.075 seconds
