[2024-09-27T14:20:02.038+0200] {processor.py:186} INFO - Started process (PID=279988) to work on /home/julian/.cache/pypoetry/virtualenvs/real-time-data-lake-QWGm5iRW-py3.11/lib/python3.11/site-packages/airflow/example_dags/example_skip_dag.py
[2024-09-27T14:20:02.039+0200] {processor.py:914} INFO - Processing file /home/julian/.cache/pypoetry/virtualenvs/real-time-data-lake-QWGm5iRW-py3.11/lib/python3.11/site-packages/airflow/example_dags/example_skip_dag.py for tasks to queue
[2024-09-27T14:20:02.042+0200] {logging_mixin.py:190} INFO - [2024-09-27T14:20:02.041+0200] {dagbag.py:588} INFO - Filling up the DagBag from /home/julian/.cache/pypoetry/virtualenvs/real-time-data-lake-QWGm5iRW-py3.11/lib/python3.11/site-packages/airflow/example_dags/example_skip_dag.py
[2024-09-27T14:20:02.053+0200] {processor.py:925} INFO - DAG(s) 'example_skip_dag' retrieved from /home/julian/.cache/pypoetry/virtualenvs/real-time-data-lake-QWGm5iRW-py3.11/lib/python3.11/site-packages/airflow/example_dags/example_skip_dag.py
[2024-09-27T14:20:02.135+0200] {logging_mixin.py:190} INFO - [2024-09-27T14:20:02.135+0200] {override.py:1901} INFO - Created Permission View: can delete on DAG:example_skip_dag
[2024-09-27T14:20:02.142+0200] {logging_mixin.py:190} INFO - [2024-09-27T14:20:02.142+0200] {override.py:1901} INFO - Created Permission View: can read on DAG:example_skip_dag
[2024-09-27T14:20:02.149+0200] {logging_mixin.py:190} INFO - [2024-09-27T14:20:02.149+0200] {override.py:1901} INFO - Created Permission View: can edit on DAG:example_skip_dag
[2024-09-27T14:20:02.159+0200] {logging_mixin.py:190} INFO - [2024-09-27T14:20:02.159+0200] {override.py:1901} INFO - Created Permission View: can create on DAG Run:example_skip_dag
[2024-09-27T14:20:02.165+0200] {logging_mixin.py:190} INFO - [2024-09-27T14:20:02.164+0200] {override.py:1901} INFO - Created Permission View: can delete on DAG Run:example_skip_dag
[2024-09-27T14:20:02.170+0200] {logging_mixin.py:190} INFO - [2024-09-27T14:20:02.169+0200] {override.py:1901} INFO - Created Permission View: can read on DAG Run:example_skip_dag
[2024-09-27T14:20:02.175+0200] {logging_mixin.py:190} INFO - [2024-09-27T14:20:02.175+0200] {override.py:1901} INFO - Created Permission View: menu access on DAG Run:example_skip_dag
[2024-09-27T14:20:02.176+0200] {logging_mixin.py:190} INFO - [2024-09-27T14:20:02.176+0200] {dag.py:3239} INFO - Sync 1 DAGs
[2024-09-27T14:20:02.183+0200] {logging_mixin.py:190} INFO - [2024-09-27T14:20:02.183+0200] {dag.py:3262} INFO - Creating ORM DAG for example_skip_dag
[2024-09-27T14:20:02.188+0200] {logging_mixin.py:190} INFO - [2024-09-27T14:20:02.188+0200] {dag.py:4180} INFO - Setting next_dagrun for example_skip_dag to 2024-09-26 00:00:00+00:00, run_after=2024-09-27 00:00:00+00:00
[2024-09-27T14:20:02.201+0200] {processor.py:208} INFO - Processing /home/julian/.cache/pypoetry/virtualenvs/real-time-data-lake-QWGm5iRW-py3.11/lib/python3.11/site-packages/airflow/example_dags/example_skip_dag.py took 0.170 seconds
[2024-09-27T14:21:03.352+0200] {processor.py:186} INFO - Started process (PID=280100) to work on /home/julian/.cache/pypoetry/virtualenvs/real-time-data-lake-QWGm5iRW-py3.11/lib/python3.11/site-packages/airflow/example_dags/example_skip_dag.py
[2024-09-27T14:21:03.358+0200] {processor.py:914} INFO - Processing file /home/julian/.cache/pypoetry/virtualenvs/real-time-data-lake-QWGm5iRW-py3.11/lib/python3.11/site-packages/airflow/example_dags/example_skip_dag.py for tasks to queue
[2024-09-27T14:21:03.360+0200] {logging_mixin.py:190} INFO - [2024-09-27T14:21:03.360+0200] {dagbag.py:588} INFO - Filling up the DagBag from /home/julian/.cache/pypoetry/virtualenvs/real-time-data-lake-QWGm5iRW-py3.11/lib/python3.11/site-packages/airflow/example_dags/example_skip_dag.py
[2024-09-27T14:21:03.370+0200] {processor.py:925} INFO - DAG(s) 'example_skip_dag' retrieved from /home/julian/.cache/pypoetry/virtualenvs/real-time-data-lake-QWGm5iRW-py3.11/lib/python3.11/site-packages/airflow/example_dags/example_skip_dag.py
[2024-09-27T14:21:03.395+0200] {logging_mixin.py:190} INFO - [2024-09-27T14:21:03.394+0200] {dag.py:3239} INFO - Sync 1 DAGs
[2024-09-27T14:21:03.411+0200] {logging_mixin.py:190} INFO - [2024-09-27T14:21:03.411+0200] {dag.py:4180} INFO - Setting next_dagrun for example_skip_dag to 2024-09-26 00:00:00+00:00, run_after=2024-09-27 00:00:00+00:00
[2024-09-27T14:21:03.427+0200] {processor.py:208} INFO - Processing /home/julian/.cache/pypoetry/virtualenvs/real-time-data-lake-QWGm5iRW-py3.11/lib/python3.11/site-packages/airflow/example_dags/example_skip_dag.py took 0.082 seconds
[2024-09-27T14:21:46.605+0200] {processor.py:186} INFO - Started process (PID=280170) to work on /home/julian/.cache/pypoetry/virtualenvs/real-time-data-lake-QWGm5iRW-py3.11/lib/python3.11/site-packages/airflow/example_dags/example_skip_dag.py
[2024-09-27T14:21:46.611+0200] {processor.py:914} INFO - Processing file /home/julian/.cache/pypoetry/virtualenvs/real-time-data-lake-QWGm5iRW-py3.11/lib/python3.11/site-packages/airflow/example_dags/example_skip_dag.py for tasks to queue
[2024-09-27T14:21:46.614+0200] {logging_mixin.py:190} INFO - [2024-09-27T14:21:46.614+0200] {dagbag.py:588} INFO - Filling up the DagBag from /home/julian/.cache/pypoetry/virtualenvs/real-time-data-lake-QWGm5iRW-py3.11/lib/python3.11/site-packages/airflow/example_dags/example_skip_dag.py
[2024-09-27T14:21:46.624+0200] {processor.py:925} INFO - DAG(s) 'example_skip_dag' retrieved from /home/julian/.cache/pypoetry/virtualenvs/real-time-data-lake-QWGm5iRW-py3.11/lib/python3.11/site-packages/airflow/example_dags/example_skip_dag.py
[2024-09-27T14:21:46.652+0200] {logging_mixin.py:190} INFO - [2024-09-27T14:21:46.651+0200] {dag.py:3239} INFO - Sync 1 DAGs
[2024-09-27T14:21:46.665+0200] {logging_mixin.py:190} INFO - [2024-09-27T14:21:46.665+0200] {dag.py:4180} INFO - Setting next_dagrun for example_skip_dag to 2024-09-26 00:00:00+00:00, run_after=2024-09-27 00:00:00+00:00
[2024-09-27T14:21:46.678+0200] {processor.py:208} INFO - Processing /home/julian/.cache/pypoetry/virtualenvs/real-time-data-lake-QWGm5iRW-py3.11/lib/python3.11/site-packages/airflow/example_dags/example_skip_dag.py took 0.079 seconds
[2024-09-27T14:22:40.888+0200] {processor.py:186} INFO - Started process (PID=280296) to work on /home/julian/.cache/pypoetry/virtualenvs/real-time-data-lake-QWGm5iRW-py3.11/lib/python3.11/site-packages/airflow/example_dags/example_skip_dag.py
[2024-09-27T14:22:40.889+0200] {processor.py:914} INFO - Processing file /home/julian/.cache/pypoetry/virtualenvs/real-time-data-lake-QWGm5iRW-py3.11/lib/python3.11/site-packages/airflow/example_dags/example_skip_dag.py for tasks to queue
[2024-09-27T14:22:40.890+0200] {logging_mixin.py:190} INFO - [2024-09-27T14:22:40.890+0200] {dagbag.py:588} INFO - Filling up the DagBag from /home/julian/.cache/pypoetry/virtualenvs/real-time-data-lake-QWGm5iRW-py3.11/lib/python3.11/site-packages/airflow/example_dags/example_skip_dag.py
[2024-09-27T14:22:40.897+0200] {processor.py:925} INFO - DAG(s) 'example_skip_dag' retrieved from /home/julian/.cache/pypoetry/virtualenvs/real-time-data-lake-QWGm5iRW-py3.11/lib/python3.11/site-packages/airflow/example_dags/example_skip_dag.py
[2024-09-27T14:22:40.908+0200] {logging_mixin.py:190} INFO - [2024-09-27T14:22:40.908+0200] {dag.py:3239} INFO - Sync 1 DAGs
[2024-09-27T14:22:40.921+0200] {logging_mixin.py:190} INFO - [2024-09-27T14:22:40.921+0200] {dag.py:4180} INFO - Setting next_dagrun for example_skip_dag to 2024-09-26 00:00:00+00:00, run_after=2024-09-27 00:00:00+00:00
[2024-09-27T14:22:40.937+0200] {processor.py:208} INFO - Processing /home/julian/.cache/pypoetry/virtualenvs/real-time-data-lake-QWGm5iRW-py3.11/lib/python3.11/site-packages/airflow/example_dags/example_skip_dag.py took 0.053 seconds
[2024-09-27T14:23:32.366+0200] {processor.py:186} INFO - Started process (PID=280435) to work on /home/julian/.cache/pypoetry/virtualenvs/real-time-data-lake-QWGm5iRW-py3.11/lib/python3.11/site-packages/airflow/example_dags/example_skip_dag.py
[2024-09-27T14:23:32.367+0200] {processor.py:914} INFO - Processing file /home/julian/.cache/pypoetry/virtualenvs/real-time-data-lake-QWGm5iRW-py3.11/lib/python3.11/site-packages/airflow/example_dags/example_skip_dag.py for tasks to queue
[2024-09-27T14:23:32.368+0200] {logging_mixin.py:190} INFO - [2024-09-27T14:23:32.368+0200] {dagbag.py:588} INFO - Filling up the DagBag from /home/julian/.cache/pypoetry/virtualenvs/real-time-data-lake-QWGm5iRW-py3.11/lib/python3.11/site-packages/airflow/example_dags/example_skip_dag.py
[2024-09-27T14:23:32.373+0200] {processor.py:925} INFO - DAG(s) 'example_skip_dag' retrieved from /home/julian/.cache/pypoetry/virtualenvs/real-time-data-lake-QWGm5iRW-py3.11/lib/python3.11/site-packages/airflow/example_dags/example_skip_dag.py
[2024-09-27T14:23:32.383+0200] {logging_mixin.py:190} INFO - [2024-09-27T14:23:32.383+0200] {dag.py:3239} INFO - Sync 1 DAGs
[2024-09-27T14:23:32.396+0200] {logging_mixin.py:190} INFO - [2024-09-27T14:23:32.396+0200] {dag.py:4180} INFO - Setting next_dagrun for example_skip_dag to 2024-09-26 00:00:00+00:00, run_after=2024-09-27 00:00:00+00:00
[2024-09-27T14:23:32.411+0200] {processor.py:208} INFO - Processing /home/julian/.cache/pypoetry/virtualenvs/real-time-data-lake-QWGm5iRW-py3.11/lib/python3.11/site-packages/airflow/example_dags/example_skip_dag.py took 0.048 seconds
[2024-09-27T14:24:23.782+0200] {processor.py:186} INFO - Started process (PID=280545) to work on /home/julian/.cache/pypoetry/virtualenvs/real-time-data-lake-QWGm5iRW-py3.11/lib/python3.11/site-packages/airflow/example_dags/example_skip_dag.py
[2024-09-27T14:24:23.787+0200] {processor.py:914} INFO - Processing file /home/julian/.cache/pypoetry/virtualenvs/real-time-data-lake-QWGm5iRW-py3.11/lib/python3.11/site-packages/airflow/example_dags/example_skip_dag.py for tasks to queue
[2024-09-27T14:24:23.789+0200] {logging_mixin.py:190} INFO - [2024-09-27T14:24:23.789+0200] {dagbag.py:588} INFO - Filling up the DagBag from /home/julian/.cache/pypoetry/virtualenvs/real-time-data-lake-QWGm5iRW-py3.11/lib/python3.11/site-packages/airflow/example_dags/example_skip_dag.py
[2024-09-27T14:24:23.795+0200] {processor.py:925} INFO - DAG(s) 'example_skip_dag' retrieved from /home/julian/.cache/pypoetry/virtualenvs/real-time-data-lake-QWGm5iRW-py3.11/lib/python3.11/site-packages/airflow/example_dags/example_skip_dag.py
[2024-09-27T14:24:23.805+0200] {logging_mixin.py:190} INFO - [2024-09-27T14:24:23.805+0200] {dag.py:3239} INFO - Sync 1 DAGs
[2024-09-27T14:24:23.820+0200] {logging_mixin.py:190} INFO - [2024-09-27T14:24:23.819+0200] {dag.py:4180} INFO - Setting next_dagrun for example_skip_dag to 2024-09-26 00:00:00+00:00, run_after=2024-09-27 00:00:00+00:00
[2024-09-27T14:24:23.836+0200] {processor.py:208} INFO - Processing /home/julian/.cache/pypoetry/virtualenvs/real-time-data-lake-QWGm5iRW-py3.11/lib/python3.11/site-packages/airflow/example_dags/example_skip_dag.py took 0.057 seconds
[2024-09-27T14:25:13.815+0200] {processor.py:186} INFO - Started process (PID=280755) to work on /home/julian/.cache/pypoetry/virtualenvs/real-time-data-lake-QWGm5iRW-py3.11/lib/python3.11/site-packages/airflow/example_dags/example_skip_dag.py
[2024-09-27T14:25:13.821+0200] {processor.py:914} INFO - Processing file /home/julian/.cache/pypoetry/virtualenvs/real-time-data-lake-QWGm5iRW-py3.11/lib/python3.11/site-packages/airflow/example_dags/example_skip_dag.py for tasks to queue
[2024-09-27T14:25:13.825+0200] {logging_mixin.py:190} INFO - [2024-09-27T14:25:13.824+0200] {dagbag.py:588} INFO - Filling up the DagBag from /home/julian/.cache/pypoetry/virtualenvs/real-time-data-lake-QWGm5iRW-py3.11/lib/python3.11/site-packages/airflow/example_dags/example_skip_dag.py
[2024-09-27T14:25:13.835+0200] {processor.py:925} INFO - DAG(s) 'example_skip_dag' retrieved from /home/julian/.cache/pypoetry/virtualenvs/real-time-data-lake-QWGm5iRW-py3.11/lib/python3.11/site-packages/airflow/example_dags/example_skip_dag.py
[2024-09-27T14:25:13.858+0200] {logging_mixin.py:190} INFO - [2024-09-27T14:25:13.857+0200] {dag.py:3239} INFO - Sync 1 DAGs
[2024-09-27T14:25:13.875+0200] {logging_mixin.py:190} INFO - [2024-09-27T14:25:13.875+0200] {dag.py:4180} INFO - Setting next_dagrun for example_skip_dag to 2024-09-26 00:00:00+00:00, run_after=2024-09-27 00:00:00+00:00
[2024-09-27T14:25:13.888+0200] {processor.py:208} INFO - Processing /home/julian/.cache/pypoetry/virtualenvs/real-time-data-lake-QWGm5iRW-py3.11/lib/python3.11/site-packages/airflow/example_dags/example_skip_dag.py took 0.080 seconds
[2024-09-27T14:30:13.605+0200] {processor.py:186} INFO - Started process (PID=281391) to work on /home/julian/.cache/pypoetry/virtualenvs/real-time-data-lake-QWGm5iRW-py3.11/lib/python3.11/site-packages/airflow/example_dags/example_skip_dag.py
[2024-09-27T14:30:13.606+0200] {processor.py:914} INFO - Processing file /home/julian/.cache/pypoetry/virtualenvs/real-time-data-lake-QWGm5iRW-py3.11/lib/python3.11/site-packages/airflow/example_dags/example_skip_dag.py for tasks to queue
[2024-09-27T14:30:13.607+0200] {logging_mixin.py:190} INFO - [2024-09-27T14:30:13.607+0200] {dagbag.py:588} INFO - Filling up the DagBag from /home/julian/.cache/pypoetry/virtualenvs/real-time-data-lake-QWGm5iRW-py3.11/lib/python3.11/site-packages/airflow/example_dags/example_skip_dag.py
[2024-09-27T14:30:13.612+0200] {processor.py:925} INFO - DAG(s) 'example_skip_dag' retrieved from /home/julian/.cache/pypoetry/virtualenvs/real-time-data-lake-QWGm5iRW-py3.11/lib/python3.11/site-packages/airflow/example_dags/example_skip_dag.py
[2024-09-27T14:30:13.625+0200] {logging_mixin.py:190} INFO - [2024-09-27T14:30:13.625+0200] {dag.py:3239} INFO - Sync 1 DAGs
[2024-09-27T14:30:13.637+0200] {logging_mixin.py:190} INFO - [2024-09-27T14:30:13.637+0200] {dag.py:4180} INFO - Setting next_dagrun for example_skip_dag to 2024-09-26 00:00:00+00:00, run_after=2024-09-27 00:00:00+00:00
[2024-09-27T14:30:13.651+0200] {processor.py:208} INFO - Processing /home/julian/.cache/pypoetry/virtualenvs/real-time-data-lake-QWGm5iRW-py3.11/lib/python3.11/site-packages/airflow/example_dags/example_skip_dag.py took 0.049 seconds
[2024-09-27T14:31:07.714+0200] {processor.py:186} INFO - Started process (PID=281510) to work on /home/julian/.cache/pypoetry/virtualenvs/real-time-data-lake-QWGm5iRW-py3.11/lib/python3.11/site-packages/airflow/example_dags/example_skip_dag.py
[2024-09-27T14:31:07.720+0200] {processor.py:914} INFO - Processing file /home/julian/.cache/pypoetry/virtualenvs/real-time-data-lake-QWGm5iRW-py3.11/lib/python3.11/site-packages/airflow/example_dags/example_skip_dag.py for tasks to queue
[2024-09-27T14:31:07.722+0200] {logging_mixin.py:190} INFO - [2024-09-27T14:31:07.721+0200] {dagbag.py:588} INFO - Filling up the DagBag from /home/julian/.cache/pypoetry/virtualenvs/real-time-data-lake-QWGm5iRW-py3.11/lib/python3.11/site-packages/airflow/example_dags/example_skip_dag.py
[2024-09-27T14:31:07.726+0200] {processor.py:925} INFO - DAG(s) 'example_skip_dag' retrieved from /home/julian/.cache/pypoetry/virtualenvs/real-time-data-lake-QWGm5iRW-py3.11/lib/python3.11/site-packages/airflow/example_dags/example_skip_dag.py
[2024-09-27T14:31:07.738+0200] {logging_mixin.py:190} INFO - [2024-09-27T14:31:07.738+0200] {dag.py:3239} INFO - Sync 1 DAGs
[2024-09-27T14:31:07.750+0200] {logging_mixin.py:190} INFO - [2024-09-27T14:31:07.750+0200] {dag.py:4180} INFO - Setting next_dagrun for example_skip_dag to 2024-09-26 00:00:00+00:00, run_after=2024-09-27 00:00:00+00:00
[2024-09-27T14:31:07.764+0200] {processor.py:208} INFO - Processing /home/julian/.cache/pypoetry/virtualenvs/real-time-data-lake-QWGm5iRW-py3.11/lib/python3.11/site-packages/airflow/example_dags/example_skip_dag.py took 0.054 seconds
[2024-09-27T14:31:56.491+0200] {processor.py:186} INFO - Started process (PID=281587) to work on /home/julian/.cache/pypoetry/virtualenvs/real-time-data-lake-QWGm5iRW-py3.11/lib/python3.11/site-packages/airflow/example_dags/example_skip_dag.py
[2024-09-27T14:31:56.497+0200] {processor.py:914} INFO - Processing file /home/julian/.cache/pypoetry/virtualenvs/real-time-data-lake-QWGm5iRW-py3.11/lib/python3.11/site-packages/airflow/example_dags/example_skip_dag.py for tasks to queue
[2024-09-27T14:31:56.500+0200] {logging_mixin.py:190} INFO - [2024-09-27T14:31:56.499+0200] {dagbag.py:588} INFO - Filling up the DagBag from /home/julian/.cache/pypoetry/virtualenvs/real-time-data-lake-QWGm5iRW-py3.11/lib/python3.11/site-packages/airflow/example_dags/example_skip_dag.py
[2024-09-27T14:31:56.510+0200] {processor.py:925} INFO - DAG(s) 'example_skip_dag' retrieved from /home/julian/.cache/pypoetry/virtualenvs/real-time-data-lake-QWGm5iRW-py3.11/lib/python3.11/site-packages/airflow/example_dags/example_skip_dag.py
[2024-09-27T14:31:56.533+0200] {logging_mixin.py:190} INFO - [2024-09-27T14:31:56.533+0200] {dag.py:3239} INFO - Sync 1 DAGs
[2024-09-27T14:31:56.548+0200] {logging_mixin.py:190} INFO - [2024-09-27T14:31:56.548+0200] {dag.py:4180} INFO - Setting next_dagrun for example_skip_dag to 2024-09-26 00:00:00+00:00, run_after=2024-09-27 00:00:00+00:00
[2024-09-27T14:31:56.562+0200] {processor.py:208} INFO - Processing /home/julian/.cache/pypoetry/virtualenvs/real-time-data-lake-QWGm5iRW-py3.11/lib/python3.11/site-packages/airflow/example_dags/example_skip_dag.py took 0.078 seconds
[2024-09-27T14:32:45.988+0200] {processor.py:186} INFO - Started process (PID=281734) to work on /home/julian/.cache/pypoetry/virtualenvs/real-time-data-lake-QWGm5iRW-py3.11/lib/python3.11/site-packages/airflow/example_dags/example_skip_dag.py
[2024-09-27T14:32:45.989+0200] {processor.py:914} INFO - Processing file /home/julian/.cache/pypoetry/virtualenvs/real-time-data-lake-QWGm5iRW-py3.11/lib/python3.11/site-packages/airflow/example_dags/example_skip_dag.py for tasks to queue
[2024-09-27T14:32:45.990+0200] {logging_mixin.py:190} INFO - [2024-09-27T14:32:45.990+0200] {dagbag.py:588} INFO - Filling up the DagBag from /home/julian/.cache/pypoetry/virtualenvs/real-time-data-lake-QWGm5iRW-py3.11/lib/python3.11/site-packages/airflow/example_dags/example_skip_dag.py
[2024-09-27T14:32:45.995+0200] {processor.py:925} INFO - DAG(s) 'example_skip_dag' retrieved from /home/julian/.cache/pypoetry/virtualenvs/real-time-data-lake-QWGm5iRW-py3.11/lib/python3.11/site-packages/airflow/example_dags/example_skip_dag.py
[2024-09-27T14:32:46.005+0200] {logging_mixin.py:190} INFO - [2024-09-27T14:32:46.005+0200] {dag.py:3239} INFO - Sync 1 DAGs
[2024-09-27T14:32:46.018+0200] {logging_mixin.py:190} INFO - [2024-09-27T14:32:46.018+0200] {dag.py:4180} INFO - Setting next_dagrun for example_skip_dag to 2024-09-26 00:00:00+00:00, run_after=2024-09-27 00:00:00+00:00
[2024-09-27T14:32:46.034+0200] {processor.py:208} INFO - Processing /home/julian/.cache/pypoetry/virtualenvs/real-time-data-lake-QWGm5iRW-py3.11/lib/python3.11/site-packages/airflow/example_dags/example_skip_dag.py took 0.049 seconds
[2024-09-27T14:33:34.413+0200] {processor.py:186} INFO - Started process (PID=281813) to work on /home/julian/.cache/pypoetry/virtualenvs/real-time-data-lake-QWGm5iRW-py3.11/lib/python3.11/site-packages/airflow/example_dags/example_skip_dag.py
[2024-09-27T14:33:34.419+0200] {processor.py:914} INFO - Processing file /home/julian/.cache/pypoetry/virtualenvs/real-time-data-lake-QWGm5iRW-py3.11/lib/python3.11/site-packages/airflow/example_dags/example_skip_dag.py for tasks to queue
[2024-09-27T14:33:34.422+0200] {logging_mixin.py:190} INFO - [2024-09-27T14:33:34.421+0200] {dagbag.py:588} INFO - Filling up the DagBag from /home/julian/.cache/pypoetry/virtualenvs/real-time-data-lake-QWGm5iRW-py3.11/lib/python3.11/site-packages/airflow/example_dags/example_skip_dag.py
[2024-09-27T14:33:34.431+0200] {processor.py:925} INFO - DAG(s) 'example_skip_dag' retrieved from /home/julian/.cache/pypoetry/virtualenvs/real-time-data-lake-QWGm5iRW-py3.11/lib/python3.11/site-packages/airflow/example_dags/example_skip_dag.py
[2024-09-27T14:33:34.455+0200] {logging_mixin.py:190} INFO - [2024-09-27T14:33:34.454+0200] {dag.py:3239} INFO - Sync 1 DAGs
[2024-09-27T14:33:34.472+0200] {logging_mixin.py:190} INFO - [2024-09-27T14:33:34.472+0200] {dag.py:4180} INFO - Setting next_dagrun for example_skip_dag to 2024-09-26 00:00:00+00:00, run_after=2024-09-27 00:00:00+00:00
[2024-09-27T14:33:34.485+0200] {processor.py:208} INFO - Processing /home/julian/.cache/pypoetry/virtualenvs/real-time-data-lake-QWGm5iRW-py3.11/lib/python3.11/site-packages/airflow/example_dags/example_skip_dag.py took 0.079 seconds
[2024-09-27T14:34:23.971+0200] {processor.py:186} INFO - Started process (PID=281927) to work on /home/julian/.cache/pypoetry/virtualenvs/real-time-data-lake-QWGm5iRW-py3.11/lib/python3.11/site-packages/airflow/example_dags/example_skip_dag.py
[2024-09-27T14:34:23.976+0200] {processor.py:914} INFO - Processing file /home/julian/.cache/pypoetry/virtualenvs/real-time-data-lake-QWGm5iRW-py3.11/lib/python3.11/site-packages/airflow/example_dags/example_skip_dag.py for tasks to queue
[2024-09-27T14:34:23.979+0200] {logging_mixin.py:190} INFO - [2024-09-27T14:34:23.979+0200] {dagbag.py:588} INFO - Filling up the DagBag from /home/julian/.cache/pypoetry/virtualenvs/real-time-data-lake-QWGm5iRW-py3.11/lib/python3.11/site-packages/airflow/example_dags/example_skip_dag.py
[2024-09-27T14:34:23.990+0200] {processor.py:925} INFO - DAG(s) 'example_skip_dag' retrieved from /home/julian/.cache/pypoetry/virtualenvs/real-time-data-lake-QWGm5iRW-py3.11/lib/python3.11/site-packages/airflow/example_dags/example_skip_dag.py
[2024-09-27T14:34:24.013+0200] {logging_mixin.py:190} INFO - [2024-09-27T14:34:24.012+0200] {dag.py:3239} INFO - Sync 1 DAGs
[2024-09-27T14:34:24.030+0200] {logging_mixin.py:190} INFO - [2024-09-27T14:34:24.030+0200] {dag.py:4180} INFO - Setting next_dagrun for example_skip_dag to 2024-09-26 00:00:00+00:00, run_after=2024-09-27 00:00:00+00:00
[2024-09-27T14:34:24.043+0200] {processor.py:208} INFO - Processing /home/julian/.cache/pypoetry/virtualenvs/real-time-data-lake-QWGm5iRW-py3.11/lib/python3.11/site-packages/airflow/example_dags/example_skip_dag.py took 0.080 seconds
[2024-09-27T14:35:12.206+0200] {processor.py:186} INFO - Started process (PID=282134) to work on /home/julian/.cache/pypoetry/virtualenvs/real-time-data-lake-QWGm5iRW-py3.11/lib/python3.11/site-packages/airflow/example_dags/example_skip_dag.py
[2024-09-27T14:35:12.212+0200] {processor.py:914} INFO - Processing file /home/julian/.cache/pypoetry/virtualenvs/real-time-data-lake-QWGm5iRW-py3.11/lib/python3.11/site-packages/airflow/example_dags/example_skip_dag.py for tasks to queue
[2024-09-27T14:35:12.214+0200] {logging_mixin.py:190} INFO - [2024-09-27T14:35:12.214+0200] {dagbag.py:588} INFO - Filling up the DagBag from /home/julian/.cache/pypoetry/virtualenvs/real-time-data-lake-QWGm5iRW-py3.11/lib/python3.11/site-packages/airflow/example_dags/example_skip_dag.py
[2024-09-27T14:35:12.225+0200] {processor.py:925} INFO - DAG(s) 'example_skip_dag' retrieved from /home/julian/.cache/pypoetry/virtualenvs/real-time-data-lake-QWGm5iRW-py3.11/lib/python3.11/site-packages/airflow/example_dags/example_skip_dag.py
[2024-09-27T14:35:12.248+0200] {logging_mixin.py:190} INFO - [2024-09-27T14:35:12.248+0200] {dag.py:3239} INFO - Sync 1 DAGs
[2024-09-27T14:35:12.266+0200] {logging_mixin.py:190} INFO - [2024-09-27T14:35:12.266+0200] {dag.py:4180} INFO - Setting next_dagrun for example_skip_dag to 2024-09-26 00:00:00+00:00, run_after=2024-09-27 00:00:00+00:00
[2024-09-27T14:35:12.282+0200] {processor.py:208} INFO - Processing /home/julian/.cache/pypoetry/virtualenvs/real-time-data-lake-QWGm5iRW-py3.11/lib/python3.11/site-packages/airflow/example_dags/example_skip_dag.py took 0.083 seconds
[2024-09-27T14:35:58.817+0200] {processor.py:186} INFO - Started process (PID=282215) to work on /home/julian/.cache/pypoetry/virtualenvs/real-time-data-lake-QWGm5iRW-py3.11/lib/python3.11/site-packages/airflow/example_dags/example_skip_dag.py
[2024-09-27T14:35:58.823+0200] {processor.py:914} INFO - Processing file /home/julian/.cache/pypoetry/virtualenvs/real-time-data-lake-QWGm5iRW-py3.11/lib/python3.11/site-packages/airflow/example_dags/example_skip_dag.py for tasks to queue
[2024-09-27T14:35:58.826+0200] {logging_mixin.py:190} INFO - [2024-09-27T14:35:58.826+0200] {dagbag.py:588} INFO - Filling up the DagBag from /home/julian/.cache/pypoetry/virtualenvs/real-time-data-lake-QWGm5iRW-py3.11/lib/python3.11/site-packages/airflow/example_dags/example_skip_dag.py
[2024-09-27T14:35:58.836+0200] {processor.py:925} INFO - DAG(s) 'example_skip_dag' retrieved from /home/julian/.cache/pypoetry/virtualenvs/real-time-data-lake-QWGm5iRW-py3.11/lib/python3.11/site-packages/airflow/example_dags/example_skip_dag.py
[2024-09-27T14:35:58.860+0200] {logging_mixin.py:190} INFO - [2024-09-27T14:35:58.859+0200] {dag.py:3239} INFO - Sync 1 DAGs
[2024-09-27T14:35:58.878+0200] {logging_mixin.py:190} INFO - [2024-09-27T14:35:58.878+0200] {dag.py:4180} INFO - Setting next_dagrun for example_skip_dag to 2024-09-26 00:00:00+00:00, run_after=2024-09-27 00:00:00+00:00
[2024-09-27T14:35:58.891+0200] {processor.py:208} INFO - Processing /home/julian/.cache/pypoetry/virtualenvs/real-time-data-lake-QWGm5iRW-py3.11/lib/python3.11/site-packages/airflow/example_dags/example_skip_dag.py took 0.081 seconds
[2024-09-27T14:36:46.134+0200] {processor.py:186} INFO - Started process (PID=282285) to work on /home/julian/.cache/pypoetry/virtualenvs/real-time-data-lake-QWGm5iRW-py3.11/lib/python3.11/site-packages/airflow/example_dags/example_skip_dag.py
[2024-09-27T14:36:46.135+0200] {processor.py:914} INFO - Processing file /home/julian/.cache/pypoetry/virtualenvs/real-time-data-lake-QWGm5iRW-py3.11/lib/python3.11/site-packages/airflow/example_dags/example_skip_dag.py for tasks to queue
[2024-09-27T14:36:46.138+0200] {logging_mixin.py:190} INFO - [2024-09-27T14:36:46.137+0200] {dagbag.py:588} INFO - Filling up the DagBag from /home/julian/.cache/pypoetry/virtualenvs/real-time-data-lake-QWGm5iRW-py3.11/lib/python3.11/site-packages/airflow/example_dags/example_skip_dag.py
[2024-09-27T14:36:46.148+0200] {processor.py:925} INFO - DAG(s) 'example_skip_dag' retrieved from /home/julian/.cache/pypoetry/virtualenvs/real-time-data-lake-QWGm5iRW-py3.11/lib/python3.11/site-packages/airflow/example_dags/example_skip_dag.py
[2024-09-27T14:36:46.171+0200] {logging_mixin.py:190} INFO - [2024-09-27T14:36:46.171+0200] {dag.py:3239} INFO - Sync 1 DAGs
[2024-09-27T14:36:46.186+0200] {logging_mixin.py:190} INFO - [2024-09-27T14:36:46.185+0200] {dag.py:4180} INFO - Setting next_dagrun for example_skip_dag to 2024-09-26 00:00:00+00:00, run_after=2024-09-27 00:00:00+00:00
[2024-09-27T14:36:46.199+0200] {processor.py:208} INFO - Processing /home/julian/.cache/pypoetry/virtualenvs/real-time-data-lake-QWGm5iRW-py3.11/lib/python3.11/site-packages/airflow/example_dags/example_skip_dag.py took 0.072 seconds
[2024-09-27T14:37:37.692+0200] {processor.py:186} INFO - Started process (PID=282483) to work on /home/julian/.cache/pypoetry/virtualenvs/real-time-data-lake-QWGm5iRW-py3.11/lib/python3.11/site-packages/airflow/example_dags/example_skip_dag.py
[2024-09-27T14:37:37.698+0200] {processor.py:914} INFO - Processing file /home/julian/.cache/pypoetry/virtualenvs/real-time-data-lake-QWGm5iRW-py3.11/lib/python3.11/site-packages/airflow/example_dags/example_skip_dag.py for tasks to queue
[2024-09-27T14:37:37.700+0200] {logging_mixin.py:190} INFO - [2024-09-27T14:37:37.700+0200] {dagbag.py:588} INFO - Filling up the DagBag from /home/julian/.cache/pypoetry/virtualenvs/real-time-data-lake-QWGm5iRW-py3.11/lib/python3.11/site-packages/airflow/example_dags/example_skip_dag.py
[2024-09-27T14:37:37.710+0200] {processor.py:925} INFO - DAG(s) 'example_skip_dag' retrieved from /home/julian/.cache/pypoetry/virtualenvs/real-time-data-lake-QWGm5iRW-py3.11/lib/python3.11/site-packages/airflow/example_dags/example_skip_dag.py
[2024-09-27T14:37:37.730+0200] {logging_mixin.py:190} INFO - [2024-09-27T14:37:37.730+0200] {dag.py:3239} INFO - Sync 1 DAGs
[2024-09-27T14:37:37.751+0200] {logging_mixin.py:190} INFO - [2024-09-27T14:37:37.751+0200] {dag.py:4180} INFO - Setting next_dagrun for example_skip_dag to 2024-09-26 00:00:00+00:00, run_after=2024-09-27 00:00:00+00:00
[2024-09-27T14:37:37.766+0200] {processor.py:208} INFO - Processing /home/julian/.cache/pypoetry/virtualenvs/real-time-data-lake-QWGm5iRW-py3.11/lib/python3.11/site-packages/airflow/example_dags/example_skip_dag.py took 0.081 seconds
[2024-09-27T14:38:29.090+0200] {processor.py:186} INFO - Started process (PID=282745) to work on /home/julian/.cache/pypoetry/virtualenvs/real-time-data-lake-QWGm5iRW-py3.11/lib/python3.11/site-packages/airflow/example_dags/example_skip_dag.py
[2024-09-27T14:38:29.096+0200] {processor.py:914} INFO - Processing file /home/julian/.cache/pypoetry/virtualenvs/real-time-data-lake-QWGm5iRW-py3.11/lib/python3.11/site-packages/airflow/example_dags/example_skip_dag.py for tasks to queue
[2024-09-27T14:38:29.099+0200] {logging_mixin.py:190} INFO - [2024-09-27T14:38:29.099+0200] {dagbag.py:588} INFO - Filling up the DagBag from /home/julian/.cache/pypoetry/virtualenvs/real-time-data-lake-QWGm5iRW-py3.11/lib/python3.11/site-packages/airflow/example_dags/example_skip_dag.py
[2024-09-27T14:38:29.109+0200] {processor.py:925} INFO - DAG(s) 'example_skip_dag' retrieved from /home/julian/.cache/pypoetry/virtualenvs/real-time-data-lake-QWGm5iRW-py3.11/lib/python3.11/site-packages/airflow/example_dags/example_skip_dag.py
[2024-09-27T14:38:29.132+0200] {logging_mixin.py:190} INFO - [2024-09-27T14:38:29.132+0200] {dag.py:3239} INFO - Sync 1 DAGs
[2024-09-27T14:38:29.148+0200] {logging_mixin.py:190} INFO - [2024-09-27T14:38:29.148+0200] {dag.py:4180} INFO - Setting next_dagrun for example_skip_dag to 2024-09-26 00:00:00+00:00, run_after=2024-09-27 00:00:00+00:00
[2024-09-27T14:38:29.163+0200] {processor.py:208} INFO - Processing /home/julian/.cache/pypoetry/virtualenvs/real-time-data-lake-QWGm5iRW-py3.11/lib/python3.11/site-packages/airflow/example_dags/example_skip_dag.py took 0.080 seconds
