[2024-09-27T14:20:22.944+0200] {processor.py:186} INFO - Started process (PID=280029) to work on /home/julian/.cache/pypoetry/virtualenvs/real-time-data-lake-QWGm5iRW-py3.11/lib/python3.11/site-packages/airflow/example_dags/example_short_circuit_decorator.py
[2024-09-27T14:20:22.945+0200] {processor.py:914} INFO - Processing file /home/julian/.cache/pypoetry/virtualenvs/real-time-data-lake-QWGm5iRW-py3.11/lib/python3.11/site-packages/airflow/example_dags/example_short_circuit_decorator.py for tasks to queue
[2024-09-27T14:20:22.947+0200] {logging_mixin.py:190} INFO - [2024-09-27T14:20:22.947+0200] {dagbag.py:588} INFO - Filling up the DagBag from /home/julian/.cache/pypoetry/virtualenvs/real-time-data-lake-QWGm5iRW-py3.11/lib/python3.11/site-packages/airflow/example_dags/example_short_circuit_decorator.py
[2024-09-27T14:20:22.964+0200] {processor.py:925} INFO - DAG(s) 'example_short_circuit_decorator' retrieved from /home/julian/.cache/pypoetry/virtualenvs/real-time-data-lake-QWGm5iRW-py3.11/lib/python3.11/site-packages/airflow/example_dags/example_short_circuit_decorator.py
[2024-09-27T14:20:23.043+0200] {logging_mixin.py:190} INFO - [2024-09-27T14:20:23.043+0200] {override.py:1901} INFO - Created Permission View: can delete on DAG:example_short_circuit_decorator
[2024-09-27T14:20:23.052+0200] {logging_mixin.py:190} INFO - [2024-09-27T14:20:23.051+0200] {override.py:1901} INFO - Created Permission View: can read on DAG:example_short_circuit_decorator
[2024-09-27T14:20:23.059+0200] {logging_mixin.py:190} INFO - [2024-09-27T14:20:23.059+0200] {override.py:1901} INFO - Created Permission View: can edit on DAG:example_short_circuit_decorator
[2024-09-27T14:20:23.068+0200] {logging_mixin.py:190} INFO - [2024-09-27T14:20:23.067+0200] {override.py:1901} INFO - Created Permission View: can create on DAG Run:example_short_circuit_decorator
[2024-09-27T14:20:23.075+0200] {logging_mixin.py:190} INFO - [2024-09-27T14:20:23.074+0200] {override.py:1901} INFO - Created Permission View: can delete on DAG Run:example_short_circuit_decorator
[2024-09-27T14:20:23.081+0200] {logging_mixin.py:190} INFO - [2024-09-27T14:20:23.081+0200] {override.py:1901} INFO - Created Permission View: can read on DAG Run:example_short_circuit_decorator
[2024-09-27T14:20:23.086+0200] {logging_mixin.py:190} INFO - [2024-09-27T14:20:23.086+0200] {override.py:1901} INFO - Created Permission View: menu access on DAG Run:example_short_circuit_decorator
[2024-09-27T14:20:23.086+0200] {logging_mixin.py:190} INFO - [2024-09-27T14:20:23.086+0200] {dag.py:3239} INFO - Sync 1 DAGs
[2024-09-27T14:20:23.093+0200] {logging_mixin.py:190} INFO - [2024-09-27T14:20:23.093+0200] {dag.py:3262} INFO - Creating ORM DAG for example_short_circuit_decorator
[2024-09-27T14:20:23.094+0200] {logging_mixin.py:190} INFO - [2024-09-27T14:20:23.094+0200] {dag.py:4180} INFO - Setting next_dagrun for example_short_circuit_decorator to None, run_after=None
[2024-09-27T14:20:23.106+0200] {processor.py:208} INFO - Processing /home/julian/.cache/pypoetry/virtualenvs/real-time-data-lake-QWGm5iRW-py3.11/lib/python3.11/site-packages/airflow/example_dags/example_short_circuit_decorator.py took 0.169 seconds
[2024-09-27T14:21:23.746+0200] {processor.py:186} INFO - Started process (PID=280128) to work on /home/julian/.cache/pypoetry/virtualenvs/real-time-data-lake-QWGm5iRW-py3.11/lib/python3.11/site-packages/airflow/example_dags/example_short_circuit_decorator.py
[2024-09-27T14:21:23.752+0200] {processor.py:914} INFO - Processing file /home/julian/.cache/pypoetry/virtualenvs/real-time-data-lake-QWGm5iRW-py3.11/lib/python3.11/site-packages/airflow/example_dags/example_short_circuit_decorator.py for tasks to queue
[2024-09-27T14:21:23.754+0200] {logging_mixin.py:190} INFO - [2024-09-27T14:21:23.753+0200] {dagbag.py:588} INFO - Filling up the DagBag from /home/julian/.cache/pypoetry/virtualenvs/real-time-data-lake-QWGm5iRW-py3.11/lib/python3.11/site-packages/airflow/example_dags/example_short_circuit_decorator.py
[2024-09-27T14:21:23.760+0200] {processor.py:925} INFO - DAG(s) 'example_short_circuit_decorator' retrieved from /home/julian/.cache/pypoetry/virtualenvs/real-time-data-lake-QWGm5iRW-py3.11/lib/python3.11/site-packages/airflow/example_dags/example_short_circuit_decorator.py
[2024-09-27T14:21:23.771+0200] {logging_mixin.py:190} INFO - [2024-09-27T14:21:23.771+0200] {dag.py:3239} INFO - Sync 1 DAGs
[2024-09-27T14:21:23.779+0200] {logging_mixin.py:190} INFO - [2024-09-27T14:21:23.778+0200] {dag.py:4180} INFO - Setting next_dagrun for example_short_circuit_decorator to None, run_after=None
[2024-09-27T14:21:23.792+0200] {processor.py:208} INFO - Processing /home/julian/.cache/pypoetry/virtualenvs/real-time-data-lake-QWGm5iRW-py3.11/lib/python3.11/site-packages/airflow/example_dags/example_short_circuit_decorator.py took 0.053 seconds
[2024-09-27T14:22:04.567+0200] {processor.py:186} INFO - Started process (PID=280229) to work on /home/julian/.cache/pypoetry/virtualenvs/real-time-data-lake-QWGm5iRW-py3.11/lib/python3.11/site-packages/airflow/example_dags/example_short_circuit_decorator.py
[2024-09-27T14:22:04.573+0200] {processor.py:914} INFO - Processing file /home/julian/.cache/pypoetry/virtualenvs/real-time-data-lake-QWGm5iRW-py3.11/lib/python3.11/site-packages/airflow/example_dags/example_short_circuit_decorator.py for tasks to queue
[2024-09-27T14:22:04.577+0200] {logging_mixin.py:190} INFO - [2024-09-27T14:22:04.576+0200] {dagbag.py:588} INFO - Filling up the DagBag from /home/julian/.cache/pypoetry/virtualenvs/real-time-data-lake-QWGm5iRW-py3.11/lib/python3.11/site-packages/airflow/example_dags/example_short_circuit_decorator.py
[2024-09-27T14:22:04.590+0200] {processor.py:925} INFO - DAG(s) 'example_short_circuit_decorator' retrieved from /home/julian/.cache/pypoetry/virtualenvs/real-time-data-lake-QWGm5iRW-py3.11/lib/python3.11/site-packages/airflow/example_dags/example_short_circuit_decorator.py
[2024-09-27T14:22:04.618+0200] {logging_mixin.py:190} INFO - [2024-09-27T14:22:04.618+0200] {dag.py:3239} INFO - Sync 1 DAGs
[2024-09-27T14:22:04.628+0200] {logging_mixin.py:190} INFO - [2024-09-27T14:22:04.628+0200] {dag.py:4180} INFO - Setting next_dagrun for example_short_circuit_decorator to None, run_after=None
[2024-09-27T14:22:04.643+0200] {processor.py:208} INFO - Processing /home/julian/.cache/pypoetry/virtualenvs/real-time-data-lake-QWGm5iRW-py3.11/lib/python3.11/site-packages/airflow/example_dags/example_short_circuit_decorator.py took 0.083 seconds
[2024-09-27T14:23:00.350+0200] {processor.py:186} INFO - Started process (PID=280326) to work on /home/julian/.cache/pypoetry/virtualenvs/real-time-data-lake-QWGm5iRW-py3.11/lib/python3.11/site-packages/airflow/example_dags/example_short_circuit_decorator.py
[2024-09-27T14:23:00.356+0200] {processor.py:914} INFO - Processing file /home/julian/.cache/pypoetry/virtualenvs/real-time-data-lake-QWGm5iRW-py3.11/lib/python3.11/site-packages/airflow/example_dags/example_short_circuit_decorator.py for tasks to queue
[2024-09-27T14:23:00.358+0200] {logging_mixin.py:190} INFO - [2024-09-27T14:23:00.358+0200] {dagbag.py:588} INFO - Filling up the DagBag from /home/julian/.cache/pypoetry/virtualenvs/real-time-data-lake-QWGm5iRW-py3.11/lib/python3.11/site-packages/airflow/example_dags/example_short_circuit_decorator.py
[2024-09-27T14:23:00.372+0200] {processor.py:925} INFO - DAG(s) 'example_short_circuit_decorator' retrieved from /home/julian/.cache/pypoetry/virtualenvs/real-time-data-lake-QWGm5iRW-py3.11/lib/python3.11/site-packages/airflow/example_dags/example_short_circuit_decorator.py
[2024-09-27T14:23:00.397+0200] {logging_mixin.py:190} INFO - [2024-09-27T14:23:00.396+0200] {dag.py:3239} INFO - Sync 1 DAGs
[2024-09-27T14:23:00.405+0200] {logging_mixin.py:190} INFO - [2024-09-27T14:23:00.405+0200] {dag.py:4180} INFO - Setting next_dagrun for example_short_circuit_decorator to None, run_after=None
[2024-09-27T14:23:00.419+0200] {processor.py:208} INFO - Processing /home/julian/.cache/pypoetry/virtualenvs/real-time-data-lake-QWGm5iRW-py3.11/lib/python3.11/site-packages/airflow/example_dags/example_short_circuit_decorator.py took 0.076 seconds
[2024-09-27T14:23:54.890+0200] {processor.py:186} INFO - Started process (PID=280493) to work on /home/julian/.cache/pypoetry/virtualenvs/real-time-data-lake-QWGm5iRW-py3.11/lib/python3.11/site-packages/airflow/example_dags/example_short_circuit_decorator.py
[2024-09-27T14:23:54.891+0200] {processor.py:914} INFO - Processing file /home/julian/.cache/pypoetry/virtualenvs/real-time-data-lake-QWGm5iRW-py3.11/lib/python3.11/site-packages/airflow/example_dags/example_short_circuit_decorator.py for tasks to queue
[2024-09-27T14:23:54.894+0200] {logging_mixin.py:190} INFO - [2024-09-27T14:23:54.894+0200] {dagbag.py:588} INFO - Filling up the DagBag from /home/julian/.cache/pypoetry/virtualenvs/real-time-data-lake-QWGm5iRW-py3.11/lib/python3.11/site-packages/airflow/example_dags/example_short_circuit_decorator.py
[2024-09-27T14:23:54.907+0200] {processor.py:925} INFO - DAG(s) 'example_short_circuit_decorator' retrieved from /home/julian/.cache/pypoetry/virtualenvs/real-time-data-lake-QWGm5iRW-py3.11/lib/python3.11/site-packages/airflow/example_dags/example_short_circuit_decorator.py
[2024-09-27T14:23:54.931+0200] {logging_mixin.py:190} INFO - [2024-09-27T14:23:54.931+0200] {dag.py:3239} INFO - Sync 1 DAGs
[2024-09-27T14:23:54.943+0200] {logging_mixin.py:190} INFO - [2024-09-27T14:23:54.943+0200] {dag.py:4180} INFO - Setting next_dagrun for example_short_circuit_decorator to None, run_after=None
[2024-09-27T14:23:54.956+0200] {processor.py:208} INFO - Processing /home/julian/.cache/pypoetry/virtualenvs/real-time-data-lake-QWGm5iRW-py3.11/lib/python3.11/site-packages/airflow/example_dags/example_short_circuit_decorator.py took 0.072 seconds
[2024-09-27T14:24:46.769+0200] {processor.py:186} INFO - Started process (PID=280706) to work on /home/julian/.cache/pypoetry/virtualenvs/real-time-data-lake-QWGm5iRW-py3.11/lib/python3.11/site-packages/airflow/example_dags/example_short_circuit_decorator.py
[2024-09-27T14:24:46.775+0200] {processor.py:914} INFO - Processing file /home/julian/.cache/pypoetry/virtualenvs/real-time-data-lake-QWGm5iRW-py3.11/lib/python3.11/site-packages/airflow/example_dags/example_short_circuit_decorator.py for tasks to queue
[2024-09-27T14:24:46.778+0200] {logging_mixin.py:190} INFO - [2024-09-27T14:24:46.777+0200] {dagbag.py:588} INFO - Filling up the DagBag from /home/julian/.cache/pypoetry/virtualenvs/real-time-data-lake-QWGm5iRW-py3.11/lib/python3.11/site-packages/airflow/example_dags/example_short_circuit_decorator.py
[2024-09-27T14:24:46.791+0200] {processor.py:925} INFO - DAG(s) 'example_short_circuit_decorator' retrieved from /home/julian/.cache/pypoetry/virtualenvs/real-time-data-lake-QWGm5iRW-py3.11/lib/python3.11/site-packages/airflow/example_dags/example_short_circuit_decorator.py
[2024-09-27T14:24:46.817+0200] {logging_mixin.py:190} INFO - [2024-09-27T14:24:46.816+0200] {dag.py:3239} INFO - Sync 1 DAGs
[2024-09-27T14:24:46.826+0200] {logging_mixin.py:190} INFO - [2024-09-27T14:24:46.826+0200] {dag.py:4180} INFO - Setting next_dagrun for example_short_circuit_decorator to None, run_after=None
[2024-09-27T14:24:46.839+0200] {processor.py:208} INFO - Processing /home/julian/.cache/pypoetry/virtualenvs/real-time-data-lake-QWGm5iRW-py3.11/lib/python3.11/site-packages/airflow/example_dags/example_short_circuit_decorator.py took 0.077 seconds
[2024-09-27T14:30:32.546+0200] {processor.py:186} INFO - Started process (PID=281422) to work on /home/julian/.cache/pypoetry/virtualenvs/real-time-data-lake-QWGm5iRW-py3.11/lib/python3.11/site-packages/airflow/example_dags/example_short_circuit_decorator.py
[2024-09-27T14:30:32.552+0200] {processor.py:914} INFO - Processing file /home/julian/.cache/pypoetry/virtualenvs/real-time-data-lake-QWGm5iRW-py3.11/lib/python3.11/site-packages/airflow/example_dags/example_short_circuit_decorator.py for tasks to queue
[2024-09-27T14:30:32.555+0200] {logging_mixin.py:190} INFO - [2024-09-27T14:30:32.554+0200] {dagbag.py:588} INFO - Filling up the DagBag from /home/julian/.cache/pypoetry/virtualenvs/real-time-data-lake-QWGm5iRW-py3.11/lib/python3.11/site-packages/airflow/example_dags/example_short_circuit_decorator.py
[2024-09-27T14:30:32.569+0200] {processor.py:925} INFO - DAG(s) 'example_short_circuit_decorator' retrieved from /home/julian/.cache/pypoetry/virtualenvs/real-time-data-lake-QWGm5iRW-py3.11/lib/python3.11/site-packages/airflow/example_dags/example_short_circuit_decorator.py
[2024-09-27T14:30:32.596+0200] {logging_mixin.py:190} INFO - [2024-09-27T14:30:32.596+0200] {dag.py:3239} INFO - Sync 1 DAGs
[2024-09-27T14:30:32.605+0200] {logging_mixin.py:190} INFO - [2024-09-27T14:30:32.605+0200] {dag.py:4180} INFO - Setting next_dagrun for example_short_circuit_decorator to None, run_after=None
[2024-09-27T14:30:32.621+0200] {processor.py:208} INFO - Processing /home/julian/.cache/pypoetry/virtualenvs/real-time-data-lake-QWGm5iRW-py3.11/lib/python3.11/site-packages/airflow/example_dags/example_short_circuit_decorator.py took 0.082 seconds
[2024-09-27T14:31:26.030+0200] {processor.py:186} INFO - Started process (PID=281537) to work on /home/julian/.cache/pypoetry/virtualenvs/real-time-data-lake-QWGm5iRW-py3.11/lib/python3.11/site-packages/airflow/example_dags/example_short_circuit_decorator.py
[2024-09-27T14:31:26.032+0200] {processor.py:914} INFO - Processing file /home/julian/.cache/pypoetry/virtualenvs/real-time-data-lake-QWGm5iRW-py3.11/lib/python3.11/site-packages/airflow/example_dags/example_short_circuit_decorator.py for tasks to queue
[2024-09-27T14:31:26.034+0200] {logging_mixin.py:190} INFO - [2024-09-27T14:31:26.034+0200] {dagbag.py:588} INFO - Filling up the DagBag from /home/julian/.cache/pypoetry/virtualenvs/real-time-data-lake-QWGm5iRW-py3.11/lib/python3.11/site-packages/airflow/example_dags/example_short_circuit_decorator.py
[2024-09-27T14:31:26.045+0200] {processor.py:925} INFO - DAG(s) 'example_short_circuit_decorator' retrieved from /home/julian/.cache/pypoetry/virtualenvs/real-time-data-lake-QWGm5iRW-py3.11/lib/python3.11/site-packages/airflow/example_dags/example_short_circuit_decorator.py
[2024-09-27T14:31:26.057+0200] {logging_mixin.py:190} INFO - [2024-09-27T14:31:26.057+0200] {dag.py:3239} INFO - Sync 1 DAGs
[2024-09-27T14:31:26.065+0200] {logging_mixin.py:190} INFO - [2024-09-27T14:31:26.064+0200] {dag.py:4180} INFO - Setting next_dagrun for example_short_circuit_decorator to None, run_after=None
[2024-09-27T14:31:26.078+0200] {processor.py:208} INFO - Processing /home/julian/.cache/pypoetry/virtualenvs/real-time-data-lake-QWGm5iRW-py3.11/lib/python3.11/site-packages/airflow/example_dags/example_short_circuit_decorator.py took 0.055 seconds
[2024-09-27T14:32:21.107+0200] {processor.py:186} INFO - Started process (PID=281628) to work on /home/julian/.cache/pypoetry/virtualenvs/real-time-data-lake-QWGm5iRW-py3.11/lib/python3.11/site-packages/airflow/example_dags/example_short_circuit_decorator.py
[2024-09-27T14:32:21.112+0200] {processor.py:914} INFO - Processing file /home/julian/.cache/pypoetry/virtualenvs/real-time-data-lake-QWGm5iRW-py3.11/lib/python3.11/site-packages/airflow/example_dags/example_short_circuit_decorator.py for tasks to queue
[2024-09-27T14:32:21.115+0200] {logging_mixin.py:190} INFO - [2024-09-27T14:32:21.115+0200] {dagbag.py:588} INFO - Filling up the DagBag from /home/julian/.cache/pypoetry/virtualenvs/real-time-data-lake-QWGm5iRW-py3.11/lib/python3.11/site-packages/airflow/example_dags/example_short_circuit_decorator.py
[2024-09-27T14:32:21.129+0200] {processor.py:925} INFO - DAG(s) 'example_short_circuit_decorator' retrieved from /home/julian/.cache/pypoetry/virtualenvs/real-time-data-lake-QWGm5iRW-py3.11/lib/python3.11/site-packages/airflow/example_dags/example_short_circuit_decorator.py
[2024-09-27T14:32:21.155+0200] {logging_mixin.py:190} INFO - [2024-09-27T14:32:21.155+0200] {dag.py:3239} INFO - Sync 1 DAGs
[2024-09-27T14:32:21.164+0200] {logging_mixin.py:190} INFO - [2024-09-27T14:32:21.164+0200] {dag.py:4180} INFO - Setting next_dagrun for example_short_circuit_decorator to None, run_after=None
[2024-09-27T14:32:21.179+0200] {processor.py:208} INFO - Processing /home/julian/.cache/pypoetry/virtualenvs/real-time-data-lake-QWGm5iRW-py3.11/lib/python3.11/site-packages/airflow/example_dags/example_short_circuit_decorator.py took 0.080 seconds
[2024-09-27T14:33:10.904+0200] {processor.py:186} INFO - Started process (PID=281778) to work on /home/julian/.cache/pypoetry/virtualenvs/real-time-data-lake-QWGm5iRW-py3.11/lib/python3.11/site-packages/airflow/example_dags/example_short_circuit_decorator.py
[2024-09-27T14:33:10.905+0200] {processor.py:914} INFO - Processing file /home/julian/.cache/pypoetry/virtualenvs/real-time-data-lake-QWGm5iRW-py3.11/lib/python3.11/site-packages/airflow/example_dags/example_short_circuit_decorator.py for tasks to queue
[2024-09-27T14:33:10.907+0200] {logging_mixin.py:190} INFO - [2024-09-27T14:33:10.907+0200] {dagbag.py:588} INFO - Filling up the DagBag from /home/julian/.cache/pypoetry/virtualenvs/real-time-data-lake-QWGm5iRW-py3.11/lib/python3.11/site-packages/airflow/example_dags/example_short_circuit_decorator.py
[2024-09-27T14:33:10.919+0200] {processor.py:925} INFO - DAG(s) 'example_short_circuit_decorator' retrieved from /home/julian/.cache/pypoetry/virtualenvs/real-time-data-lake-QWGm5iRW-py3.11/lib/python3.11/site-packages/airflow/example_dags/example_short_circuit_decorator.py
[2024-09-27T14:33:10.931+0200] {logging_mixin.py:190} INFO - [2024-09-27T14:33:10.931+0200] {dag.py:3239} INFO - Sync 1 DAGs
[2024-09-27T14:33:10.941+0200] {logging_mixin.py:190} INFO - [2024-09-27T14:33:10.941+0200] {dag.py:4180} INFO - Setting next_dagrun for example_short_circuit_decorator to None, run_after=None
[2024-09-27T14:33:10.956+0200] {processor.py:208} INFO - Processing /home/julian/.cache/pypoetry/virtualenvs/real-time-data-lake-QWGm5iRW-py3.11/lib/python3.11/site-packages/airflow/example_dags/example_short_circuit_decorator.py took 0.059 seconds
[2024-09-27T14:33:59.905+0200] {processor.py:186} INFO - Started process (PID=281893) to work on /home/julian/.cache/pypoetry/virtualenvs/real-time-data-lake-QWGm5iRW-py3.11/lib/python3.11/site-packages/airflow/example_dags/example_short_circuit_decorator.py
[2024-09-27T14:33:59.911+0200] {processor.py:914} INFO - Processing file /home/julian/.cache/pypoetry/virtualenvs/real-time-data-lake-QWGm5iRW-py3.11/lib/python3.11/site-packages/airflow/example_dags/example_short_circuit_decorator.py for tasks to queue
[2024-09-27T14:33:59.913+0200] {logging_mixin.py:190} INFO - [2024-09-27T14:33:59.913+0200] {dagbag.py:588} INFO - Filling up the DagBag from /home/julian/.cache/pypoetry/virtualenvs/real-time-data-lake-QWGm5iRW-py3.11/lib/python3.11/site-packages/airflow/example_dags/example_short_circuit_decorator.py
[2024-09-27T14:33:59.926+0200] {processor.py:925} INFO - DAG(s) 'example_short_circuit_decorator' retrieved from /home/julian/.cache/pypoetry/virtualenvs/real-time-data-lake-QWGm5iRW-py3.11/lib/python3.11/site-packages/airflow/example_dags/example_short_circuit_decorator.py
[2024-09-27T14:33:59.952+0200] {logging_mixin.py:190} INFO - [2024-09-27T14:33:59.952+0200] {dag.py:3239} INFO - Sync 1 DAGs
[2024-09-27T14:33:59.961+0200] {logging_mixin.py:190} INFO - [2024-09-27T14:33:59.961+0200] {dag.py:4180} INFO - Setting next_dagrun for example_short_circuit_decorator to None, run_after=None
[2024-09-27T14:33:59.974+0200] {processor.py:208} INFO - Processing /home/julian/.cache/pypoetry/virtualenvs/real-time-data-lake-QWGm5iRW-py3.11/lib/python3.11/site-packages/airflow/example_dags/example_short_circuit_decorator.py took 0.076 seconds
[2024-09-27T14:34:48.631+0200] {processor.py:186} INFO - Started process (PID=282102) to work on /home/julian/.cache/pypoetry/virtualenvs/real-time-data-lake-QWGm5iRW-py3.11/lib/python3.11/site-packages/airflow/example_dags/example_short_circuit_decorator.py
[2024-09-27T14:34:48.637+0200] {processor.py:914} INFO - Processing file /home/julian/.cache/pypoetry/virtualenvs/real-time-data-lake-QWGm5iRW-py3.11/lib/python3.11/site-packages/airflow/example_dags/example_short_circuit_decorator.py for tasks to queue
[2024-09-27T14:34:48.639+0200] {logging_mixin.py:190} INFO - [2024-09-27T14:34:48.639+0200] {dagbag.py:588} INFO - Filling up the DagBag from /home/julian/.cache/pypoetry/virtualenvs/real-time-data-lake-QWGm5iRW-py3.11/lib/python3.11/site-packages/airflow/example_dags/example_short_circuit_decorator.py
[2024-09-27T14:34:48.653+0200] {processor.py:925} INFO - DAG(s) 'example_short_circuit_decorator' retrieved from /home/julian/.cache/pypoetry/virtualenvs/real-time-data-lake-QWGm5iRW-py3.11/lib/python3.11/site-packages/airflow/example_dags/example_short_circuit_decorator.py
[2024-09-27T14:34:48.679+0200] {logging_mixin.py:190} INFO - [2024-09-27T14:34:48.678+0200] {dag.py:3239} INFO - Sync 1 DAGs
[2024-09-27T14:34:48.688+0200] {logging_mixin.py:190} INFO - [2024-09-27T14:34:48.688+0200] {dag.py:4180} INFO - Setting next_dagrun for example_short_circuit_decorator to None, run_after=None
[2024-09-27T14:34:48.702+0200] {processor.py:208} INFO - Processing /home/julian/.cache/pypoetry/virtualenvs/real-time-data-lake-QWGm5iRW-py3.11/lib/python3.11/site-packages/airflow/example_dags/example_short_circuit_decorator.py took 0.078 seconds
[2024-09-27T14:35:36.225+0200] {processor.py:186} INFO - Started process (PID=282179) to work on /home/julian/.cache/pypoetry/virtualenvs/real-time-data-lake-QWGm5iRW-py3.11/lib/python3.11/site-packages/airflow/example_dags/example_short_circuit_decorator.py
[2024-09-27T14:35:36.231+0200] {processor.py:914} INFO - Processing file /home/julian/.cache/pypoetry/virtualenvs/real-time-data-lake-QWGm5iRW-py3.11/lib/python3.11/site-packages/airflow/example_dags/example_short_circuit_decorator.py for tasks to queue
[2024-09-27T14:35:36.234+0200] {logging_mixin.py:190} INFO - [2024-09-27T14:35:36.233+0200] {dagbag.py:588} INFO - Filling up the DagBag from /home/julian/.cache/pypoetry/virtualenvs/real-time-data-lake-QWGm5iRW-py3.11/lib/python3.11/site-packages/airflow/example_dags/example_short_circuit_decorator.py
[2024-09-27T14:35:36.247+0200] {processor.py:925} INFO - DAG(s) 'example_short_circuit_decorator' retrieved from /home/julian/.cache/pypoetry/virtualenvs/real-time-data-lake-QWGm5iRW-py3.11/lib/python3.11/site-packages/airflow/example_dags/example_short_circuit_decorator.py
[2024-09-27T14:35:36.273+0200] {logging_mixin.py:190} INFO - [2024-09-27T14:35:36.273+0200] {dag.py:3239} INFO - Sync 1 DAGs
[2024-09-27T14:35:36.282+0200] {logging_mixin.py:190} INFO - [2024-09-27T14:35:36.282+0200] {dag.py:4180} INFO - Setting next_dagrun for example_short_circuit_decorator to None, run_after=None
[2024-09-27T14:35:36.295+0200] {processor.py:208} INFO - Processing /home/julian/.cache/pypoetry/virtualenvs/real-time-data-lake-QWGm5iRW-py3.11/lib/python3.11/site-packages/airflow/example_dags/example_short_circuit_decorator.py took 0.077 seconds
[2024-09-27T14:36:24.526+0200] {processor.py:186} INFO - Started process (PID=282252) to work on /home/julian/.cache/pypoetry/virtualenvs/real-time-data-lake-QWGm5iRW-py3.11/lib/python3.11/site-packages/airflow/example_dags/example_short_circuit_decorator.py
[2024-09-27T14:36:24.532+0200] {processor.py:914} INFO - Processing file /home/julian/.cache/pypoetry/virtualenvs/real-time-data-lake-QWGm5iRW-py3.11/lib/python3.11/site-packages/airflow/example_dags/example_short_circuit_decorator.py for tasks to queue
[2024-09-27T14:36:24.535+0200] {logging_mixin.py:190} INFO - [2024-09-27T14:36:24.534+0200] {dagbag.py:588} INFO - Filling up the DagBag from /home/julian/.cache/pypoetry/virtualenvs/real-time-data-lake-QWGm5iRW-py3.11/lib/python3.11/site-packages/airflow/example_dags/example_short_circuit_decorator.py
[2024-09-27T14:36:24.548+0200] {processor.py:925} INFO - DAG(s) 'example_short_circuit_decorator' retrieved from /home/julian/.cache/pypoetry/virtualenvs/real-time-data-lake-QWGm5iRW-py3.11/lib/python3.11/site-packages/airflow/example_dags/example_short_circuit_decorator.py
[2024-09-27T14:36:24.574+0200] {logging_mixin.py:190} INFO - [2024-09-27T14:36:24.573+0200] {dag.py:3239} INFO - Sync 1 DAGs
[2024-09-27T14:36:24.583+0200] {logging_mixin.py:190} INFO - [2024-09-27T14:36:24.583+0200] {dag.py:4180} INFO - Setting next_dagrun for example_short_circuit_decorator to None, run_after=None
[2024-09-27T14:36:24.597+0200] {processor.py:208} INFO - Processing /home/julian/.cache/pypoetry/virtualenvs/real-time-data-lake-QWGm5iRW-py3.11/lib/python3.11/site-packages/airflow/example_dags/example_short_circuit_decorator.py took 0.078 seconds
[2024-09-27T14:37:15.293+0200] {processor.py:186} INFO - Started process (PID=282328) to work on /home/julian/.cache/pypoetry/virtualenvs/real-time-data-lake-QWGm5iRW-py3.11/lib/python3.11/site-packages/airflow/example_dags/example_short_circuit_decorator.py
[2024-09-27T14:37:15.299+0200] {processor.py:914} INFO - Processing file /home/julian/.cache/pypoetry/virtualenvs/real-time-data-lake-QWGm5iRW-py3.11/lib/python3.11/site-packages/airflow/example_dags/example_short_circuit_decorator.py for tasks to queue
[2024-09-27T14:37:15.301+0200] {logging_mixin.py:190} INFO - [2024-09-27T14:37:15.301+0200] {dagbag.py:588} INFO - Filling up the DagBag from /home/julian/.cache/pypoetry/virtualenvs/real-time-data-lake-QWGm5iRW-py3.11/lib/python3.11/site-packages/airflow/example_dags/example_short_circuit_decorator.py
[2024-09-27T14:37:15.313+0200] {processor.py:925} INFO - DAG(s) 'example_short_circuit_decorator' retrieved from /home/julian/.cache/pypoetry/virtualenvs/real-time-data-lake-QWGm5iRW-py3.11/lib/python3.11/site-packages/airflow/example_dags/example_short_circuit_decorator.py
[2024-09-27T14:37:15.337+0200] {logging_mixin.py:190} INFO - [2024-09-27T14:37:15.336+0200] {dag.py:3239} INFO - Sync 1 DAGs
[2024-09-27T14:37:15.353+0200] {logging_mixin.py:190} INFO - [2024-09-27T14:37:15.353+0200] {dag.py:4180} INFO - Setting next_dagrun for example_short_circuit_decorator to None, run_after=None
[2024-09-27T14:37:15.368+0200] {processor.py:208} INFO - Processing /home/julian/.cache/pypoetry/virtualenvs/real-time-data-lake-QWGm5iRW-py3.11/lib/python3.11/site-packages/airflow/example_dags/example_short_circuit_decorator.py took 0.082 seconds
[2024-09-27T14:38:07.156+0200] {processor.py:186} INFO - Started process (PID=282562) to work on /home/julian/.cache/pypoetry/virtualenvs/real-time-data-lake-QWGm5iRW-py3.11/lib/python3.11/site-packages/airflow/example_dags/example_short_circuit_decorator.py
[2024-09-27T14:38:07.162+0200] {processor.py:914} INFO - Processing file /home/julian/.cache/pypoetry/virtualenvs/real-time-data-lake-QWGm5iRW-py3.11/lib/python3.11/site-packages/airflow/example_dags/example_short_circuit_decorator.py for tasks to queue
[2024-09-27T14:38:07.164+0200] {logging_mixin.py:190} INFO - [2024-09-27T14:38:07.164+0200] {dagbag.py:588} INFO - Filling up the DagBag from /home/julian/.cache/pypoetry/virtualenvs/real-time-data-lake-QWGm5iRW-py3.11/lib/python3.11/site-packages/airflow/example_dags/example_short_circuit_decorator.py
[2024-09-27T14:38:07.176+0200] {processor.py:925} INFO - DAG(s) 'example_short_circuit_decorator' retrieved from /home/julian/.cache/pypoetry/virtualenvs/real-time-data-lake-QWGm5iRW-py3.11/lib/python3.11/site-packages/airflow/example_dags/example_short_circuit_decorator.py
[2024-09-27T14:38:07.200+0200] {logging_mixin.py:190} INFO - [2024-09-27T14:38:07.199+0200] {dag.py:3239} INFO - Sync 1 DAGs
[2024-09-27T14:38:07.215+0200] {logging_mixin.py:190} INFO - [2024-09-27T14:38:07.215+0200] {dag.py:4180} INFO - Setting next_dagrun for example_short_circuit_decorator to None, run_after=None
[2024-09-27T14:38:07.229+0200] {processor.py:208} INFO - Processing /home/julian/.cache/pypoetry/virtualenvs/real-time-data-lake-QWGm5iRW-py3.11/lib/python3.11/site-packages/airflow/example_dags/example_short_circuit_decorator.py took 0.079 seconds
[2024-09-27T14:38:56.028+0200] {processor.py:186} INFO - Started process (PID=282824) to work on /home/julian/.cache/pypoetry/virtualenvs/real-time-data-lake-QWGm5iRW-py3.11/lib/python3.11/site-packages/airflow/example_dags/example_short_circuit_decorator.py
[2024-09-27T14:38:56.034+0200] {processor.py:914} INFO - Processing file /home/julian/.cache/pypoetry/virtualenvs/real-time-data-lake-QWGm5iRW-py3.11/lib/python3.11/site-packages/airflow/example_dags/example_short_circuit_decorator.py for tasks to queue
[2024-09-27T14:38:56.035+0200] {logging_mixin.py:190} INFO - [2024-09-27T14:38:56.035+0200] {dagbag.py:588} INFO - Filling up the DagBag from /home/julian/.cache/pypoetry/virtualenvs/real-time-data-lake-QWGm5iRW-py3.11/lib/python3.11/site-packages/airflow/example_dags/example_short_circuit_decorator.py
[2024-09-27T14:38:56.041+0200] {processor.py:925} INFO - DAG(s) 'example_short_circuit_decorator' retrieved from /home/julian/.cache/pypoetry/virtualenvs/real-time-data-lake-QWGm5iRW-py3.11/lib/python3.11/site-packages/airflow/example_dags/example_short_circuit_decorator.py
[2024-09-27T14:38:56.053+0200] {logging_mixin.py:190} INFO - [2024-09-27T14:38:56.053+0200] {dag.py:3239} INFO - Sync 1 DAGs
[2024-09-27T14:38:56.061+0200] {logging_mixin.py:190} INFO - [2024-09-27T14:38:56.060+0200] {dag.py:4180} INFO - Setting next_dagrun for example_short_circuit_decorator to None, run_after=None
[2024-09-27T14:38:56.075+0200] {processor.py:208} INFO - Processing /home/julian/.cache/pypoetry/virtualenvs/real-time-data-lake-QWGm5iRW-py3.11/lib/python3.11/site-packages/airflow/example_dags/example_short_circuit_decorator.py took 0.050 seconds
