[2024-09-27T14:20:35.790+0200] {processor.py:186} INFO - Started process (PID=280046) to work on /home/julian/.cache/pypoetry/virtualenvs/real-time-data-lake-QWGm5iRW-py3.11/lib/python3.11/site-packages/airflow/example_dags/example_setup_teardown.py
[2024-09-27T14:20:35.791+0200] {processor.py:914} INFO - Processing file /home/julian/.cache/pypoetry/virtualenvs/real-time-data-lake-QWGm5iRW-py3.11/lib/python3.11/site-packages/airflow/example_dags/example_setup_teardown.py for tasks to queue
[2024-09-27T14:20:35.794+0200] {logging_mixin.py:190} INFO - [2024-09-27T14:20:35.794+0200] {dagbag.py:588} INFO - Filling up the DagBag from /home/julian/.cache/pypoetry/virtualenvs/real-time-data-lake-QWGm5iRW-py3.11/lib/python3.11/site-packages/airflow/example_dags/example_setup_teardown.py
[2024-09-27T14:20:35.806+0200] {processor.py:925} INFO - DAG(s) 'example_setup_teardown' retrieved from /home/julian/.cache/pypoetry/virtualenvs/real-time-data-lake-QWGm5iRW-py3.11/lib/python3.11/site-packages/airflow/example_dags/example_setup_teardown.py
[2024-09-27T14:20:35.883+0200] {logging_mixin.py:190} INFO - [2024-09-27T14:20:35.882+0200] {override.py:1901} INFO - Created Permission View: can delete on DAG:example_setup_teardown
[2024-09-27T14:20:35.890+0200] {logging_mixin.py:190} INFO - [2024-09-27T14:20:35.890+0200] {override.py:1901} INFO - Created Permission View: can read on DAG:example_setup_teardown
[2024-09-27T14:20:35.896+0200] {logging_mixin.py:190} INFO - [2024-09-27T14:20:35.895+0200] {override.py:1901} INFO - Created Permission View: can edit on DAG:example_setup_teardown
[2024-09-27T14:20:35.904+0200] {logging_mixin.py:190} INFO - [2024-09-27T14:20:35.904+0200] {override.py:1901} INFO - Created Permission View: can create on DAG Run:example_setup_teardown
[2024-09-27T14:20:35.910+0200] {logging_mixin.py:190} INFO - [2024-09-27T14:20:35.910+0200] {override.py:1901} INFO - Created Permission View: can delete on DAG Run:example_setup_teardown
[2024-09-27T14:20:35.915+0200] {logging_mixin.py:190} INFO - [2024-09-27T14:20:35.915+0200] {override.py:1901} INFO - Created Permission View: can read on DAG Run:example_setup_teardown
[2024-09-27T14:20:35.921+0200] {logging_mixin.py:190} INFO - [2024-09-27T14:20:35.920+0200] {override.py:1901} INFO - Created Permission View: menu access on DAG Run:example_setup_teardown
[2024-09-27T14:20:35.921+0200] {logging_mixin.py:190} INFO - [2024-09-27T14:20:35.921+0200] {dag.py:3239} INFO - Sync 1 DAGs
[2024-09-27T14:20:35.928+0200] {logging_mixin.py:190} INFO - [2024-09-27T14:20:35.928+0200] {dag.py:3262} INFO - Creating ORM DAG for example_setup_teardown
[2024-09-27T14:20:35.928+0200] {logging_mixin.py:190} INFO - [2024-09-27T14:20:35.928+0200] {dag.py:4180} INFO - Setting next_dagrun for example_setup_teardown to None, run_after=None
[2024-09-27T14:20:35.940+0200] {processor.py:208} INFO - Processing /home/julian/.cache/pypoetry/virtualenvs/real-time-data-lake-QWGm5iRW-py3.11/lib/python3.11/site-packages/airflow/example_dags/example_setup_teardown.py took 0.157 seconds
[2024-09-27T14:22:14.889+0200] {processor.py:186} INFO - Started process (PID=280244) to work on /home/julian/.cache/pypoetry/virtualenvs/real-time-data-lake-QWGm5iRW-py3.11/lib/python3.11/site-packages/airflow/example_dags/example_setup_teardown.py
[2024-09-27T14:22:14.890+0200] {processor.py:914} INFO - Processing file /home/julian/.cache/pypoetry/virtualenvs/real-time-data-lake-QWGm5iRW-py3.11/lib/python3.11/site-packages/airflow/example_dags/example_setup_teardown.py for tasks to queue
[2024-09-27T14:22:14.893+0200] {logging_mixin.py:190} INFO - [2024-09-27T14:22:14.893+0200] {dagbag.py:588} INFO - Filling up the DagBag from /home/julian/.cache/pypoetry/virtualenvs/real-time-data-lake-QWGm5iRW-py3.11/lib/python3.11/site-packages/airflow/example_dags/example_setup_teardown.py
[2024-09-27T14:22:14.905+0200] {processor.py:925} INFO - DAG(s) 'example_setup_teardown' retrieved from /home/julian/.cache/pypoetry/virtualenvs/real-time-data-lake-QWGm5iRW-py3.11/lib/python3.11/site-packages/airflow/example_dags/example_setup_teardown.py
[2024-09-27T14:22:14.927+0200] {logging_mixin.py:190} INFO - [2024-09-27T14:22:14.927+0200] {dag.py:3239} INFO - Sync 1 DAGs
[2024-09-27T14:22:14.937+0200] {logging_mixin.py:190} INFO - [2024-09-27T14:22:14.937+0200] {dag.py:4180} INFO - Setting next_dagrun for example_setup_teardown to None, run_after=None
[2024-09-27T14:22:14.951+0200] {processor.py:208} INFO - Processing /home/julian/.cache/pypoetry/virtualenvs/real-time-data-lake-QWGm5iRW-py3.11/lib/python3.11/site-packages/airflow/example_dags/example_setup_teardown.py took 0.069 seconds
[2024-09-27T14:23:10.642+0200] {processor.py:186} INFO - Started process (PID=280365) to work on /home/julian/.cache/pypoetry/virtualenvs/real-time-data-lake-QWGm5iRW-py3.11/lib/python3.11/site-packages/airflow/example_dags/example_setup_teardown.py
[2024-09-27T14:23:10.648+0200] {processor.py:914} INFO - Processing file /home/julian/.cache/pypoetry/virtualenvs/real-time-data-lake-QWGm5iRW-py3.11/lib/python3.11/site-packages/airflow/example_dags/example_setup_teardown.py for tasks to queue
[2024-09-27T14:23:10.651+0200] {logging_mixin.py:190} INFO - [2024-09-27T14:23:10.650+0200] {dagbag.py:588} INFO - Filling up the DagBag from /home/julian/.cache/pypoetry/virtualenvs/real-time-data-lake-QWGm5iRW-py3.11/lib/python3.11/site-packages/airflow/example_dags/example_setup_teardown.py
[2024-09-27T14:23:10.662+0200] {processor.py:925} INFO - DAG(s) 'example_setup_teardown' retrieved from /home/julian/.cache/pypoetry/virtualenvs/real-time-data-lake-QWGm5iRW-py3.11/lib/python3.11/site-packages/airflow/example_dags/example_setup_teardown.py
[2024-09-27T14:23:10.684+0200] {logging_mixin.py:190} INFO - [2024-09-27T14:23:10.683+0200] {dag.py:3239} INFO - Sync 1 DAGs
[2024-09-27T14:23:10.696+0200] {logging_mixin.py:190} INFO - [2024-09-27T14:23:10.696+0200] {dag.py:4180} INFO - Setting next_dagrun for example_setup_teardown to None, run_after=None
[2024-09-27T14:23:10.709+0200] {processor.py:208} INFO - Processing /home/julian/.cache/pypoetry/virtualenvs/real-time-data-lake-QWGm5iRW-py3.11/lib/python3.11/site-packages/airflow/example_dags/example_setup_teardown.py took 0.074 seconds
[2024-09-27T14:24:06.154+0200] {processor.py:186} INFO - Started process (PID=280508) to work on /home/julian/.cache/pypoetry/virtualenvs/real-time-data-lake-QWGm5iRW-py3.11/lib/python3.11/site-packages/airflow/example_dags/example_setup_teardown.py
[2024-09-27T14:24:06.160+0200] {processor.py:914} INFO - Processing file /home/julian/.cache/pypoetry/virtualenvs/real-time-data-lake-QWGm5iRW-py3.11/lib/python3.11/site-packages/airflow/example_dags/example_setup_teardown.py for tasks to queue
[2024-09-27T14:24:06.162+0200] {logging_mixin.py:190} INFO - [2024-09-27T14:24:06.162+0200] {dagbag.py:588} INFO - Filling up the DagBag from /home/julian/.cache/pypoetry/virtualenvs/real-time-data-lake-QWGm5iRW-py3.11/lib/python3.11/site-packages/airflow/example_dags/example_setup_teardown.py
[2024-09-27T14:24:06.173+0200] {processor.py:925} INFO - DAG(s) 'example_setup_teardown' retrieved from /home/julian/.cache/pypoetry/virtualenvs/real-time-data-lake-QWGm5iRW-py3.11/lib/python3.11/site-packages/airflow/example_dags/example_setup_teardown.py
[2024-09-27T14:24:06.195+0200] {logging_mixin.py:190} INFO - [2024-09-27T14:24:06.194+0200] {dag.py:3239} INFO - Sync 1 DAGs
[2024-09-27T14:24:06.209+0200] {logging_mixin.py:190} INFO - [2024-09-27T14:24:06.209+0200] {dag.py:4180} INFO - Setting next_dagrun for example_setup_teardown to None, run_after=None
[2024-09-27T14:24:06.223+0200] {processor.py:208} INFO - Processing /home/julian/.cache/pypoetry/virtualenvs/real-time-data-lake-QWGm5iRW-py3.11/lib/python3.11/site-packages/airflow/example_dags/example_setup_teardown.py took 0.076 seconds
[2024-09-27T14:24:57.528+0200] {processor.py:186} INFO - Started process (PID=280720) to work on /home/julian/.cache/pypoetry/virtualenvs/real-time-data-lake-QWGm5iRW-py3.11/lib/python3.11/site-packages/airflow/example_dags/example_setup_teardown.py
[2024-09-27T14:24:57.534+0200] {processor.py:914} INFO - Processing file /home/julian/.cache/pypoetry/virtualenvs/real-time-data-lake-QWGm5iRW-py3.11/lib/python3.11/site-packages/airflow/example_dags/example_setup_teardown.py for tasks to queue
[2024-09-27T14:24:57.535+0200] {logging_mixin.py:190} INFO - [2024-09-27T14:24:57.535+0200] {dagbag.py:588} INFO - Filling up the DagBag from /home/julian/.cache/pypoetry/virtualenvs/real-time-data-lake-QWGm5iRW-py3.11/lib/python3.11/site-packages/airflow/example_dags/example_setup_teardown.py
[2024-09-27T14:24:57.540+0200] {processor.py:925} INFO - DAG(s) 'example_setup_teardown' retrieved from /home/julian/.cache/pypoetry/virtualenvs/real-time-data-lake-QWGm5iRW-py3.11/lib/python3.11/site-packages/airflow/example_dags/example_setup_teardown.py
[2024-09-27T14:24:57.550+0200] {logging_mixin.py:190} INFO - [2024-09-27T14:24:57.550+0200] {dag.py:3239} INFO - Sync 1 DAGs
[2024-09-27T14:24:57.558+0200] {logging_mixin.py:190} INFO - [2024-09-27T14:24:57.558+0200] {dag.py:4180} INFO - Setting next_dagrun for example_setup_teardown to None, run_after=None
[2024-09-27T14:24:57.571+0200] {processor.py:208} INFO - Processing /home/julian/.cache/pypoetry/virtualenvs/real-time-data-lake-QWGm5iRW-py3.11/lib/python3.11/site-packages/airflow/example_dags/example_setup_teardown.py took 0.046 seconds
[2024-09-27T14:30:41.716+0200] {processor.py:186} INFO - Started process (PID=281438) to work on /home/julian/.cache/pypoetry/virtualenvs/real-time-data-lake-QWGm5iRW-py3.11/lib/python3.11/site-packages/airflow/example_dags/example_setup_teardown.py
[2024-09-27T14:30:41.722+0200] {processor.py:914} INFO - Processing file /home/julian/.cache/pypoetry/virtualenvs/real-time-data-lake-QWGm5iRW-py3.11/lib/python3.11/site-packages/airflow/example_dags/example_setup_teardown.py for tasks to queue
[2024-09-27T14:30:41.725+0200] {logging_mixin.py:190} INFO - [2024-09-27T14:30:41.725+0200] {dagbag.py:588} INFO - Filling up the DagBag from /home/julian/.cache/pypoetry/virtualenvs/real-time-data-lake-QWGm5iRW-py3.11/lib/python3.11/site-packages/airflow/example_dags/example_setup_teardown.py
[2024-09-27T14:30:41.735+0200] {processor.py:925} INFO - DAG(s) 'example_setup_teardown' retrieved from /home/julian/.cache/pypoetry/virtualenvs/real-time-data-lake-QWGm5iRW-py3.11/lib/python3.11/site-packages/airflow/example_dags/example_setup_teardown.py
[2024-09-27T14:30:41.756+0200] {logging_mixin.py:190} INFO - [2024-09-27T14:30:41.755+0200] {dag.py:3239} INFO - Sync 1 DAGs
[2024-09-27T14:30:41.770+0200] {logging_mixin.py:190} INFO - [2024-09-27T14:30:41.770+0200] {dag.py:4180} INFO - Setting next_dagrun for example_setup_teardown to None, run_after=None
[2024-09-27T14:30:41.784+0200] {processor.py:208} INFO - Processing /home/julian/.cache/pypoetry/virtualenvs/real-time-data-lake-QWGm5iRW-py3.11/lib/python3.11/site-packages/airflow/example_dags/example_setup_teardown.py took 0.075 seconds
[2024-09-27T14:31:37.464+0200] {processor.py:186} INFO - Started process (PID=281555) to work on /home/julian/.cache/pypoetry/virtualenvs/real-time-data-lake-QWGm5iRW-py3.11/lib/python3.11/site-packages/airflow/example_dags/example_setup_teardown.py
[2024-09-27T14:31:37.469+0200] {processor.py:914} INFO - Processing file /home/julian/.cache/pypoetry/virtualenvs/real-time-data-lake-QWGm5iRW-py3.11/lib/python3.11/site-packages/airflow/example_dags/example_setup_teardown.py for tasks to queue
[2024-09-27T14:31:37.472+0200] {logging_mixin.py:190} INFO - [2024-09-27T14:31:37.471+0200] {dagbag.py:588} INFO - Filling up the DagBag from /home/julian/.cache/pypoetry/virtualenvs/real-time-data-lake-QWGm5iRW-py3.11/lib/python3.11/site-packages/airflow/example_dags/example_setup_teardown.py
[2024-09-27T14:31:37.482+0200] {processor.py:925} INFO - DAG(s) 'example_setup_teardown' retrieved from /home/julian/.cache/pypoetry/virtualenvs/real-time-data-lake-QWGm5iRW-py3.11/lib/python3.11/site-packages/airflow/example_dags/example_setup_teardown.py
[2024-09-27T14:31:37.502+0200] {logging_mixin.py:190} INFO - [2024-09-27T14:31:37.502+0200] {dag.py:3239} INFO - Sync 1 DAGs
[2024-09-27T14:31:37.519+0200] {logging_mixin.py:190} INFO - [2024-09-27T14:31:37.519+0200] {dag.py:4180} INFO - Setting next_dagrun for example_setup_teardown to None, run_after=None
[2024-09-27T14:31:37.537+0200] {processor.py:208} INFO - Processing /home/julian/.cache/pypoetry/virtualenvs/real-time-data-lake-QWGm5iRW-py3.11/lib/python3.11/site-packages/airflow/example_dags/example_setup_teardown.py took 0.077 seconds
[2024-09-27T14:32:31.258+0200] {processor.py:186} INFO - Started process (PID=281696) to work on /home/julian/.cache/pypoetry/virtualenvs/real-time-data-lake-QWGm5iRW-py3.11/lib/python3.11/site-packages/airflow/example_dags/example_setup_teardown.py
[2024-09-27T14:32:31.264+0200] {processor.py:914} INFO - Processing file /home/julian/.cache/pypoetry/virtualenvs/real-time-data-lake-QWGm5iRW-py3.11/lib/python3.11/site-packages/airflow/example_dags/example_setup_teardown.py for tasks to queue
[2024-09-27T14:32:31.267+0200] {logging_mixin.py:190} INFO - [2024-09-27T14:32:31.266+0200] {dagbag.py:588} INFO - Filling up the DagBag from /home/julian/.cache/pypoetry/virtualenvs/real-time-data-lake-QWGm5iRW-py3.11/lib/python3.11/site-packages/airflow/example_dags/example_setup_teardown.py
[2024-09-27T14:32:31.278+0200] {processor.py:925} INFO - DAG(s) 'example_setup_teardown' retrieved from /home/julian/.cache/pypoetry/virtualenvs/real-time-data-lake-QWGm5iRW-py3.11/lib/python3.11/site-packages/airflow/example_dags/example_setup_teardown.py
[2024-09-27T14:32:31.299+0200] {logging_mixin.py:190} INFO - [2024-09-27T14:32:31.299+0200] {dag.py:3239} INFO - Sync 1 DAGs
[2024-09-27T14:32:31.313+0200] {logging_mixin.py:190} INFO - [2024-09-27T14:32:31.313+0200] {dag.py:4180} INFO - Setting next_dagrun for example_setup_teardown to None, run_after=None
[2024-09-27T14:32:31.327+0200] {processor.py:208} INFO - Processing /home/julian/.cache/pypoetry/virtualenvs/real-time-data-lake-QWGm5iRW-py3.11/lib/python3.11/site-packages/airflow/example_dags/example_setup_teardown.py took 0.076 seconds
[2024-09-27T14:33:20.968+0200] {processor.py:186} INFO - Started process (PID=281795) to work on /home/julian/.cache/pypoetry/virtualenvs/real-time-data-lake-QWGm5iRW-py3.11/lib/python3.11/site-packages/airflow/example_dags/example_setup_teardown.py
[2024-09-27T14:33:20.974+0200] {processor.py:914} INFO - Processing file /home/julian/.cache/pypoetry/virtualenvs/real-time-data-lake-QWGm5iRW-py3.11/lib/python3.11/site-packages/airflow/example_dags/example_setup_teardown.py for tasks to queue
[2024-09-27T14:33:20.977+0200] {logging_mixin.py:190} INFO - [2024-09-27T14:33:20.976+0200] {dagbag.py:588} INFO - Filling up the DagBag from /home/julian/.cache/pypoetry/virtualenvs/real-time-data-lake-QWGm5iRW-py3.11/lib/python3.11/site-packages/airflow/example_dags/example_setup_teardown.py
[2024-09-27T14:33:20.988+0200] {processor.py:925} INFO - DAG(s) 'example_setup_teardown' retrieved from /home/julian/.cache/pypoetry/virtualenvs/real-time-data-lake-QWGm5iRW-py3.11/lib/python3.11/site-packages/airflow/example_dags/example_setup_teardown.py
[2024-09-27T14:33:21.010+0200] {logging_mixin.py:190} INFO - [2024-09-27T14:33:21.010+0200] {dag.py:3239} INFO - Sync 1 DAGs
[2024-09-27T14:33:21.022+0200] {logging_mixin.py:190} INFO - [2024-09-27T14:33:21.022+0200] {dag.py:4180} INFO - Setting next_dagrun for example_setup_teardown to None, run_after=None
[2024-09-27T14:33:21.036+0200] {processor.py:208} INFO - Processing /home/julian/.cache/pypoetry/virtualenvs/real-time-data-lake-QWGm5iRW-py3.11/lib/python3.11/site-packages/airflow/example_dags/example_setup_teardown.py took 0.075 seconds
[2024-09-27T14:34:09.905+0200] {processor.py:186} INFO - Started process (PID=281906) to work on /home/julian/.cache/pypoetry/virtualenvs/real-time-data-lake-QWGm5iRW-py3.11/lib/python3.11/site-packages/airflow/example_dags/example_setup_teardown.py
[2024-09-27T14:34:09.911+0200] {processor.py:914} INFO - Processing file /home/julian/.cache/pypoetry/virtualenvs/real-time-data-lake-QWGm5iRW-py3.11/lib/python3.11/site-packages/airflow/example_dags/example_setup_teardown.py for tasks to queue
[2024-09-27T14:34:09.913+0200] {logging_mixin.py:190} INFO - [2024-09-27T14:34:09.913+0200] {dagbag.py:588} INFO - Filling up the DagBag from /home/julian/.cache/pypoetry/virtualenvs/real-time-data-lake-QWGm5iRW-py3.11/lib/python3.11/site-packages/airflow/example_dags/example_setup_teardown.py
[2024-09-27T14:34:09.924+0200] {processor.py:925} INFO - DAG(s) 'example_setup_teardown' retrieved from /home/julian/.cache/pypoetry/virtualenvs/real-time-data-lake-QWGm5iRW-py3.11/lib/python3.11/site-packages/airflow/example_dags/example_setup_teardown.py
[2024-09-27T14:34:09.946+0200] {logging_mixin.py:190} INFO - [2024-09-27T14:34:09.945+0200] {dag.py:3239} INFO - Sync 1 DAGs
[2024-09-27T14:34:09.958+0200] {logging_mixin.py:190} INFO - [2024-09-27T14:34:09.958+0200] {dag.py:4180} INFO - Setting next_dagrun for example_setup_teardown to None, run_after=None
[2024-09-27T14:34:09.972+0200] {processor.py:208} INFO - Processing /home/julian/.cache/pypoetry/virtualenvs/real-time-data-lake-QWGm5iRW-py3.11/lib/python3.11/site-packages/airflow/example_dags/example_setup_teardown.py took 0.074 seconds
[2024-09-27T14:34:58.957+0200] {processor.py:186} INFO - Started process (PID=282117) to work on /home/julian/.cache/pypoetry/virtualenvs/real-time-data-lake-QWGm5iRW-py3.11/lib/python3.11/site-packages/airflow/example_dags/example_setup_teardown.py
[2024-09-27T14:34:58.963+0200] {processor.py:914} INFO - Processing file /home/julian/.cache/pypoetry/virtualenvs/real-time-data-lake-QWGm5iRW-py3.11/lib/python3.11/site-packages/airflow/example_dags/example_setup_teardown.py for tasks to queue
[2024-09-27T14:34:58.965+0200] {logging_mixin.py:190} INFO - [2024-09-27T14:34:58.965+0200] {dagbag.py:588} INFO - Filling up the DagBag from /home/julian/.cache/pypoetry/virtualenvs/real-time-data-lake-QWGm5iRW-py3.11/lib/python3.11/site-packages/airflow/example_dags/example_setup_teardown.py
[2024-09-27T14:34:58.976+0200] {processor.py:925} INFO - DAG(s) 'example_setup_teardown' retrieved from /home/julian/.cache/pypoetry/virtualenvs/real-time-data-lake-QWGm5iRW-py3.11/lib/python3.11/site-packages/airflow/example_dags/example_setup_teardown.py
[2024-09-27T14:34:58.998+0200] {logging_mixin.py:190} INFO - [2024-09-27T14:34:58.997+0200] {dag.py:3239} INFO - Sync 1 DAGs
[2024-09-27T14:34:59.010+0200] {logging_mixin.py:190} INFO - [2024-09-27T14:34:59.010+0200] {dag.py:4180} INFO - Setting next_dagrun for example_setup_teardown to None, run_after=None
[2024-09-27T14:34:59.025+0200] {processor.py:208} INFO - Processing /home/julian/.cache/pypoetry/virtualenvs/real-time-data-lake-QWGm5iRW-py3.11/lib/python3.11/site-packages/airflow/example_dags/example_setup_teardown.py took 0.076 seconds
[2024-09-27T14:35:46.545+0200] {processor.py:186} INFO - Started process (PID=282195) to work on /home/julian/.cache/pypoetry/virtualenvs/real-time-data-lake-QWGm5iRW-py3.11/lib/python3.11/site-packages/airflow/example_dags/example_setup_teardown.py
[2024-09-27T14:35:46.551+0200] {processor.py:914} INFO - Processing file /home/julian/.cache/pypoetry/virtualenvs/real-time-data-lake-QWGm5iRW-py3.11/lib/python3.11/site-packages/airflow/example_dags/example_setup_teardown.py for tasks to queue
[2024-09-27T14:35:46.554+0200] {logging_mixin.py:190} INFO - [2024-09-27T14:35:46.554+0200] {dagbag.py:588} INFO - Filling up the DagBag from /home/julian/.cache/pypoetry/virtualenvs/real-time-data-lake-QWGm5iRW-py3.11/lib/python3.11/site-packages/airflow/example_dags/example_setup_teardown.py
[2024-09-27T14:35:46.565+0200] {processor.py:925} INFO - DAG(s) 'example_setup_teardown' retrieved from /home/julian/.cache/pypoetry/virtualenvs/real-time-data-lake-QWGm5iRW-py3.11/lib/python3.11/site-packages/airflow/example_dags/example_setup_teardown.py
[2024-09-27T14:35:46.587+0200] {logging_mixin.py:190} INFO - [2024-09-27T14:35:46.586+0200] {dag.py:3239} INFO - Sync 1 DAGs
[2024-09-27T14:35:46.598+0200] {logging_mixin.py:190} INFO - [2024-09-27T14:35:46.598+0200] {dag.py:4180} INFO - Setting next_dagrun for example_setup_teardown to None, run_after=None
[2024-09-27T14:35:46.613+0200] {processor.py:208} INFO - Processing /home/julian/.cache/pypoetry/virtualenvs/real-time-data-lake-QWGm5iRW-py3.11/lib/python3.11/site-packages/airflow/example_dags/example_setup_teardown.py took 0.074 seconds
[2024-09-27T14:36:35.823+0200] {processor.py:186} INFO - Started process (PID=282269) to work on /home/julian/.cache/pypoetry/virtualenvs/real-time-data-lake-QWGm5iRW-py3.11/lib/python3.11/site-packages/airflow/example_dags/example_setup_teardown.py
[2024-09-27T14:36:35.829+0200] {processor.py:914} INFO - Processing file /home/julian/.cache/pypoetry/virtualenvs/real-time-data-lake-QWGm5iRW-py3.11/lib/python3.11/site-packages/airflow/example_dags/example_setup_teardown.py for tasks to queue
[2024-09-27T14:36:35.832+0200] {logging_mixin.py:190} INFO - [2024-09-27T14:36:35.832+0200] {dagbag.py:588} INFO - Filling up the DagBag from /home/julian/.cache/pypoetry/virtualenvs/real-time-data-lake-QWGm5iRW-py3.11/lib/python3.11/site-packages/airflow/example_dags/example_setup_teardown.py
[2024-09-27T14:36:35.843+0200] {processor.py:925} INFO - DAG(s) 'example_setup_teardown' retrieved from /home/julian/.cache/pypoetry/virtualenvs/real-time-data-lake-QWGm5iRW-py3.11/lib/python3.11/site-packages/airflow/example_dags/example_setup_teardown.py
[2024-09-27T14:36:35.865+0200] {logging_mixin.py:190} INFO - [2024-09-27T14:36:35.864+0200] {dag.py:3239} INFO - Sync 1 DAGs
[2024-09-27T14:36:35.876+0200] {logging_mixin.py:190} INFO - [2024-09-27T14:36:35.875+0200] {dag.py:4180} INFO - Setting next_dagrun for example_setup_teardown to None, run_after=None
[2024-09-27T14:36:35.889+0200] {processor.py:208} INFO - Processing /home/julian/.cache/pypoetry/virtualenvs/real-time-data-lake-QWGm5iRW-py3.11/lib/python3.11/site-packages/airflow/example_dags/example_setup_teardown.py took 0.073 seconds
[2024-09-27T14:37:26.588+0200] {processor.py:186} INFO - Started process (PID=282379) to work on /home/julian/.cache/pypoetry/virtualenvs/real-time-data-lake-QWGm5iRW-py3.11/lib/python3.11/site-packages/airflow/example_dags/example_setup_teardown.py
[2024-09-27T14:37:26.594+0200] {processor.py:914} INFO - Processing file /home/julian/.cache/pypoetry/virtualenvs/real-time-data-lake-QWGm5iRW-py3.11/lib/python3.11/site-packages/airflow/example_dags/example_setup_teardown.py for tasks to queue
[2024-09-27T14:37:26.597+0200] {logging_mixin.py:190} INFO - [2024-09-27T14:37:26.596+0200] {dagbag.py:588} INFO - Filling up the DagBag from /home/julian/.cache/pypoetry/virtualenvs/real-time-data-lake-QWGm5iRW-py3.11/lib/python3.11/site-packages/airflow/example_dags/example_setup_teardown.py
[2024-09-27T14:37:26.608+0200] {processor.py:925} INFO - DAG(s) 'example_setup_teardown' retrieved from /home/julian/.cache/pypoetry/virtualenvs/real-time-data-lake-QWGm5iRW-py3.11/lib/python3.11/site-packages/airflow/example_dags/example_setup_teardown.py
[2024-09-27T14:37:26.629+0200] {logging_mixin.py:190} INFO - [2024-09-27T14:37:26.629+0200] {dag.py:3239} INFO - Sync 1 DAGs
[2024-09-27T14:37:26.642+0200] {logging_mixin.py:190} INFO - [2024-09-27T14:37:26.642+0200] {dag.py:4180} INFO - Setting next_dagrun for example_setup_teardown to None, run_after=None
[2024-09-27T14:37:26.656+0200] {processor.py:208} INFO - Processing /home/julian/.cache/pypoetry/virtualenvs/real-time-data-lake-QWGm5iRW-py3.11/lib/python3.11/site-packages/airflow/example_dags/example_setup_teardown.py took 0.075 seconds
[2024-09-27T14:38:16.148+0200] {processor.py:186} INFO - Started process (PID=282695) to work on /home/julian/.cache/pypoetry/virtualenvs/real-time-data-lake-QWGm5iRW-py3.11/lib/python3.11/site-packages/airflow/example_dags/example_setup_teardown.py
[2024-09-27T14:38:16.153+0200] {processor.py:914} INFO - Processing file /home/julian/.cache/pypoetry/virtualenvs/real-time-data-lake-QWGm5iRW-py3.11/lib/python3.11/site-packages/airflow/example_dags/example_setup_teardown.py for tasks to queue
[2024-09-27T14:38:16.156+0200] {logging_mixin.py:190} INFO - [2024-09-27T14:38:16.155+0200] {dagbag.py:588} INFO - Filling up the DagBag from /home/julian/.cache/pypoetry/virtualenvs/real-time-data-lake-QWGm5iRW-py3.11/lib/python3.11/site-packages/airflow/example_dags/example_setup_teardown.py
[2024-09-27T14:38:16.161+0200] {processor.py:925} INFO - DAG(s) 'example_setup_teardown' retrieved from /home/julian/.cache/pypoetry/virtualenvs/real-time-data-lake-QWGm5iRW-py3.11/lib/python3.11/site-packages/airflow/example_dags/example_setup_teardown.py
[2024-09-27T14:38:16.174+0200] {logging_mixin.py:190} INFO - [2024-09-27T14:38:16.174+0200] {dag.py:3239} INFO - Sync 1 DAGs
[2024-09-27T14:38:16.184+0200] {logging_mixin.py:190} INFO - [2024-09-27T14:38:16.184+0200] {dag.py:4180} INFO - Setting next_dagrun for example_setup_teardown to None, run_after=None
[2024-09-27T14:38:16.203+0200] {processor.py:208} INFO - Processing /home/julian/.cache/pypoetry/virtualenvs/real-time-data-lake-QWGm5iRW-py3.11/lib/python3.11/site-packages/airflow/example_dags/example_setup_teardown.py took 0.059 seconds
[2024-09-27T14:39:06.327+0200] {processor.py:186} INFO - Started process (PID=282849) to work on /home/julian/.cache/pypoetry/virtualenvs/real-time-data-lake-QWGm5iRW-py3.11/lib/python3.11/site-packages/airflow/example_dags/example_setup_teardown.py
[2024-09-27T14:39:06.333+0200] {processor.py:914} INFO - Processing file /home/julian/.cache/pypoetry/virtualenvs/real-time-data-lake-QWGm5iRW-py3.11/lib/python3.11/site-packages/airflow/example_dags/example_setup_teardown.py for tasks to queue
[2024-09-27T14:39:06.336+0200] {logging_mixin.py:190} INFO - [2024-09-27T14:39:06.335+0200] {dagbag.py:588} INFO - Filling up the DagBag from /home/julian/.cache/pypoetry/virtualenvs/real-time-data-lake-QWGm5iRW-py3.11/lib/python3.11/site-packages/airflow/example_dags/example_setup_teardown.py
[2024-09-27T14:39:06.346+0200] {processor.py:925} INFO - DAG(s) 'example_setup_teardown' retrieved from /home/julian/.cache/pypoetry/virtualenvs/real-time-data-lake-QWGm5iRW-py3.11/lib/python3.11/site-packages/airflow/example_dags/example_setup_teardown.py
[2024-09-27T14:39:06.366+0200] {logging_mixin.py:190} INFO - [2024-09-27T14:39:06.365+0200] {dag.py:3239} INFO - Sync 1 DAGs
[2024-09-27T14:39:06.380+0200] {logging_mixin.py:190} INFO - [2024-09-27T14:39:06.380+0200] {dag.py:4180} INFO - Setting next_dagrun for example_setup_teardown to None, run_after=None
[2024-09-27T14:39:06.394+0200] {processor.py:208} INFO - Processing /home/julian/.cache/pypoetry/virtualenvs/real-time-data-lake-QWGm5iRW-py3.11/lib/python3.11/site-packages/airflow/example_dags/example_setup_teardown.py took 0.073 seconds
