[2024-09-27T14:20:41.230+0200] {processor.py:186} INFO - Started process (PID=280052) to work on /home/julian/.cache/pypoetry/virtualenvs/real-time-data-lake-QWGm5iRW-py3.11/lib/python3.11/site-packages/airflow/example_dags/example_branch_operator_decorator.py
[2024-09-27T14:20:41.231+0200] {processor.py:914} INFO - Processing file /home/julian/.cache/pypoetry/virtualenvs/real-time-data-lake-QWGm5iRW-py3.11/lib/python3.11/site-packages/airflow/example_dags/example_branch_operator_decorator.py for tasks to queue
[2024-09-27T14:20:41.232+0200] {logging_mixin.py:190} INFO - [2024-09-27T14:20:41.232+0200] {dagbag.py:588} INFO - Filling up the DagBag from /home/julian/.cache/pypoetry/virtualenvs/real-time-data-lake-QWGm5iRW-py3.11/lib/python3.11/site-packages/airflow/example_dags/example_branch_operator_decorator.py
[2024-09-27T14:20:41.246+0200] {processor.py:925} INFO - DAG(s) 'example_branch_python_operator_decorator' retrieved from /home/julian/.cache/pypoetry/virtualenvs/real-time-data-lake-QWGm5iRW-py3.11/lib/python3.11/site-packages/airflow/example_dags/example_branch_operator_decorator.py
[2024-09-27T14:20:41.315+0200] {logging_mixin.py:190} INFO - [2024-09-27T14:20:41.314+0200] {override.py:1901} INFO - Created Permission View: can delete on DAG:example_branch_python_operator_decorator
[2024-09-27T14:20:41.325+0200] {logging_mixin.py:190} INFO - [2024-09-27T14:20:41.325+0200] {override.py:1901} INFO - Created Permission View: can read on DAG:example_branch_python_operator_decorator
[2024-09-27T14:20:41.331+0200] {logging_mixin.py:190} INFO - [2024-09-27T14:20:41.331+0200] {override.py:1901} INFO - Created Permission View: can edit on DAG:example_branch_python_operator_decorator
[2024-09-27T14:20:41.341+0200] {logging_mixin.py:190} INFO - [2024-09-27T14:20:41.340+0200] {override.py:1901} INFO - Created Permission View: can create on DAG Run:example_branch_python_operator_decorator
[2024-09-27T14:20:41.346+0200] {logging_mixin.py:190} INFO - [2024-09-27T14:20:41.346+0200] {override.py:1901} INFO - Created Permission View: can delete on DAG Run:example_branch_python_operator_decorator
[2024-09-27T14:20:41.352+0200] {logging_mixin.py:190} INFO - [2024-09-27T14:20:41.352+0200] {override.py:1901} INFO - Created Permission View: can read on DAG Run:example_branch_python_operator_decorator
[2024-09-27T14:20:41.358+0200] {logging_mixin.py:190} INFO - [2024-09-27T14:20:41.358+0200] {override.py:1901} INFO - Created Permission View: menu access on DAG Run:example_branch_python_operator_decorator
[2024-09-27T14:20:41.359+0200] {logging_mixin.py:190} INFO - [2024-09-27T14:20:41.358+0200] {dag.py:3239} INFO - Sync 1 DAGs
[2024-09-27T14:20:41.462+0200] {logging_mixin.py:190} INFO - [2024-09-27T14:20:41.462+0200] {dag.py:3262} INFO - Creating ORM DAG for example_branch_python_operator_decorator
[2024-09-27T14:20:41.467+0200] {logging_mixin.py:190} INFO - [2024-09-27T14:20:41.467+0200] {dag.py:4180} INFO - Setting next_dagrun for example_branch_python_operator_decorator to 2024-09-26 00:00:00+00:00, run_after=2024-09-27 00:00:00+00:00
[2024-09-27T14:20:41.480+0200] {processor.py:208} INFO - Processing /home/julian/.cache/pypoetry/virtualenvs/real-time-data-lake-QWGm5iRW-py3.11/lib/python3.11/site-packages/airflow/example_dags/example_branch_operator_decorator.py took 0.253 seconds
[2024-09-27T14:22:20.241+0200] {processor.py:186} INFO - Started process (PID=280251) to work on /home/julian/.cache/pypoetry/virtualenvs/real-time-data-lake-QWGm5iRW-py3.11/lib/python3.11/site-packages/airflow/example_dags/example_branch_operator_decorator.py
[2024-09-27T14:22:20.246+0200] {processor.py:914} INFO - Processing file /home/julian/.cache/pypoetry/virtualenvs/real-time-data-lake-QWGm5iRW-py3.11/lib/python3.11/site-packages/airflow/example_dags/example_branch_operator_decorator.py for tasks to queue
[2024-09-27T14:22:20.248+0200] {logging_mixin.py:190} INFO - [2024-09-27T14:22:20.248+0200] {dagbag.py:588} INFO - Filling up the DagBag from /home/julian/.cache/pypoetry/virtualenvs/real-time-data-lake-QWGm5iRW-py3.11/lib/python3.11/site-packages/airflow/example_dags/example_branch_operator_decorator.py
[2024-09-27T14:22:20.261+0200] {processor.py:925} INFO - DAG(s) 'example_branch_python_operator_decorator' retrieved from /home/julian/.cache/pypoetry/virtualenvs/real-time-data-lake-QWGm5iRW-py3.11/lib/python3.11/site-packages/airflow/example_dags/example_branch_operator_decorator.py
[2024-09-27T14:22:20.322+0200] {logging_mixin.py:190} INFO - [2024-09-27T14:22:20.322+0200] {dag.py:3239} INFO - Sync 1 DAGs
[2024-09-27T14:22:20.333+0200] {logging_mixin.py:190} INFO - [2024-09-27T14:22:20.333+0200] {dag.py:4180} INFO - Setting next_dagrun for example_branch_python_operator_decorator to 2024-09-26 00:00:00+00:00, run_after=2024-09-27 00:00:00+00:00
[2024-09-27T14:22:20.347+0200] {processor.py:208} INFO - Processing /home/julian/.cache/pypoetry/virtualenvs/real-time-data-lake-QWGm5iRW-py3.11/lib/python3.11/site-packages/airflow/example_dags/example_branch_operator_decorator.py took 0.109 seconds
[2024-09-27T14:23:14.643+0200] {processor.py:186} INFO - Started process (PID=280387) to work on /home/julian/.cache/pypoetry/virtualenvs/real-time-data-lake-QWGm5iRW-py3.11/lib/python3.11/site-packages/airflow/example_dags/example_branch_operator_decorator.py
[2024-09-27T14:23:14.649+0200] {processor.py:914} INFO - Processing file /home/julian/.cache/pypoetry/virtualenvs/real-time-data-lake-QWGm5iRW-py3.11/lib/python3.11/site-packages/airflow/example_dags/example_branch_operator_decorator.py for tasks to queue
[2024-09-27T14:23:14.652+0200] {logging_mixin.py:190} INFO - [2024-09-27T14:23:14.651+0200] {dagbag.py:588} INFO - Filling up the DagBag from /home/julian/.cache/pypoetry/virtualenvs/real-time-data-lake-QWGm5iRW-py3.11/lib/python3.11/site-packages/airflow/example_dags/example_branch_operator_decorator.py
[2024-09-27T14:23:14.682+0200] {processor.py:925} INFO - DAG(s) 'example_branch_python_operator_decorator' retrieved from /home/julian/.cache/pypoetry/virtualenvs/real-time-data-lake-QWGm5iRW-py3.11/lib/python3.11/site-packages/airflow/example_dags/example_branch_operator_decorator.py
[2024-09-27T14:23:14.703+0200] {logging_mixin.py:190} INFO - [2024-09-27T14:23:14.703+0200] {dag.py:3239} INFO - Sync 1 DAGs
[2024-09-27T14:23:14.716+0200] {logging_mixin.py:190} INFO - [2024-09-27T14:23:14.715+0200] {dag.py:4180} INFO - Setting next_dagrun for example_branch_python_operator_decorator to 2024-09-26 00:00:00+00:00, run_after=2024-09-27 00:00:00+00:00
[2024-09-27T14:23:14.729+0200] {processor.py:208} INFO - Processing /home/julian/.cache/pypoetry/virtualenvs/real-time-data-lake-QWGm5iRW-py3.11/lib/python3.11/site-packages/airflow/example_dags/example_branch_operator_decorator.py took 0.093 seconds
[2024-09-27T14:24:11.312+0200] {processor.py:186} INFO - Started process (PID=280515) to work on /home/julian/.cache/pypoetry/virtualenvs/real-time-data-lake-QWGm5iRW-py3.11/lib/python3.11/site-packages/airflow/example_dags/example_branch_operator_decorator.py
[2024-09-27T14:24:11.318+0200] {processor.py:914} INFO - Processing file /home/julian/.cache/pypoetry/virtualenvs/real-time-data-lake-QWGm5iRW-py3.11/lib/python3.11/site-packages/airflow/example_dags/example_branch_operator_decorator.py for tasks to queue
[2024-09-27T14:24:11.320+0200] {logging_mixin.py:190} INFO - [2024-09-27T14:24:11.320+0200] {dagbag.py:588} INFO - Filling up the DagBag from /home/julian/.cache/pypoetry/virtualenvs/real-time-data-lake-QWGm5iRW-py3.11/lib/python3.11/site-packages/airflow/example_dags/example_branch_operator_decorator.py
[2024-09-27T14:24:11.351+0200] {processor.py:925} INFO - DAG(s) 'example_branch_python_operator_decorator' retrieved from /home/julian/.cache/pypoetry/virtualenvs/real-time-data-lake-QWGm5iRW-py3.11/lib/python3.11/site-packages/airflow/example_dags/example_branch_operator_decorator.py
[2024-09-27T14:24:11.372+0200] {logging_mixin.py:190} INFO - [2024-09-27T14:24:11.372+0200] {dag.py:3239} INFO - Sync 1 DAGs
[2024-09-27T14:24:11.384+0200] {logging_mixin.py:190} INFO - [2024-09-27T14:24:11.384+0200] {dag.py:4180} INFO - Setting next_dagrun for example_branch_python_operator_decorator to 2024-09-26 00:00:00+00:00, run_after=2024-09-27 00:00:00+00:00
[2024-09-27T14:24:11.398+0200] {processor.py:208} INFO - Processing /home/julian/.cache/pypoetry/virtualenvs/real-time-data-lake-QWGm5iRW-py3.11/lib/python3.11/site-packages/airflow/example_dags/example_branch_operator_decorator.py took 0.094 seconds
[2024-09-27T14:25:02.670+0200] {processor.py:186} INFO - Started process (PID=280737) to work on /home/julian/.cache/pypoetry/virtualenvs/real-time-data-lake-QWGm5iRW-py3.11/lib/python3.11/site-packages/airflow/example_dags/example_branch_operator_decorator.py
[2024-09-27T14:25:02.675+0200] {processor.py:914} INFO - Processing file /home/julian/.cache/pypoetry/virtualenvs/real-time-data-lake-QWGm5iRW-py3.11/lib/python3.11/site-packages/airflow/example_dags/example_branch_operator_decorator.py for tasks to queue
[2024-09-27T14:25:02.677+0200] {logging_mixin.py:190} INFO - [2024-09-27T14:25:02.677+0200] {dagbag.py:588} INFO - Filling up the DagBag from /home/julian/.cache/pypoetry/virtualenvs/real-time-data-lake-QWGm5iRW-py3.11/lib/python3.11/site-packages/airflow/example_dags/example_branch_operator_decorator.py
[2024-09-27T14:25:02.690+0200] {processor.py:925} INFO - DAG(s) 'example_branch_python_operator_decorator' retrieved from /home/julian/.cache/pypoetry/virtualenvs/real-time-data-lake-QWGm5iRW-py3.11/lib/python3.11/site-packages/airflow/example_dags/example_branch_operator_decorator.py
[2024-09-27T14:25:02.704+0200] {logging_mixin.py:190} INFO - [2024-09-27T14:25:02.704+0200] {dag.py:3239} INFO - Sync 1 DAGs
[2024-09-27T14:25:02.717+0200] {logging_mixin.py:190} INFO - [2024-09-27T14:25:02.717+0200] {dag.py:4180} INFO - Setting next_dagrun for example_branch_python_operator_decorator to 2024-09-26 00:00:00+00:00, run_after=2024-09-27 00:00:00+00:00
[2024-09-27T14:25:02.729+0200] {processor.py:208} INFO - Processing /home/julian/.cache/pypoetry/virtualenvs/real-time-data-lake-QWGm5iRW-py3.11/lib/python3.11/site-packages/airflow/example_dags/example_branch_operator_decorator.py took 0.063 seconds
[2024-09-27T14:30:47.087+0200] {processor.py:186} INFO - Started process (PID=281462) to work on /home/julian/.cache/pypoetry/virtualenvs/real-time-data-lake-QWGm5iRW-py3.11/lib/python3.11/site-packages/airflow/example_dags/example_branch_operator_decorator.py
[2024-09-27T14:30:47.093+0200] {processor.py:914} INFO - Processing file /home/julian/.cache/pypoetry/virtualenvs/real-time-data-lake-QWGm5iRW-py3.11/lib/python3.11/site-packages/airflow/example_dags/example_branch_operator_decorator.py for tasks to queue
[2024-09-27T14:30:47.095+0200] {logging_mixin.py:190} INFO - [2024-09-27T14:30:47.095+0200] {dagbag.py:588} INFO - Filling up the DagBag from /home/julian/.cache/pypoetry/virtualenvs/real-time-data-lake-QWGm5iRW-py3.11/lib/python3.11/site-packages/airflow/example_dags/example_branch_operator_decorator.py
[2024-09-27T14:30:47.126+0200] {processor.py:925} INFO - DAG(s) 'example_branch_python_operator_decorator' retrieved from /home/julian/.cache/pypoetry/virtualenvs/real-time-data-lake-QWGm5iRW-py3.11/lib/python3.11/site-packages/airflow/example_dags/example_branch_operator_decorator.py
[2024-09-27T14:30:47.193+0200] {logging_mixin.py:190} INFO - [2024-09-27T14:30:47.193+0200] {dag.py:3239} INFO - Sync 1 DAGs
[2024-09-27T14:30:47.204+0200] {logging_mixin.py:190} INFO - [2024-09-27T14:30:47.204+0200] {dag.py:4180} INFO - Setting next_dagrun for example_branch_python_operator_decorator to 2024-09-26 00:00:00+00:00, run_after=2024-09-27 00:00:00+00:00
[2024-09-27T14:30:47.217+0200] {processor.py:208} INFO - Processing /home/julian/.cache/pypoetry/virtualenvs/real-time-data-lake-QWGm5iRW-py3.11/lib/python3.11/site-packages/airflow/example_dags/example_branch_operator_decorator.py took 0.138 seconds
[2024-09-27T14:31:41.472+0200] {processor.py:186} INFO - Started process (PID=281561) to work on /home/julian/.cache/pypoetry/virtualenvs/real-time-data-lake-QWGm5iRW-py3.11/lib/python3.11/site-packages/airflow/example_dags/example_branch_operator_decorator.py
[2024-09-27T14:31:41.478+0200] {processor.py:914} INFO - Processing file /home/julian/.cache/pypoetry/virtualenvs/real-time-data-lake-QWGm5iRW-py3.11/lib/python3.11/site-packages/airflow/example_dags/example_branch_operator_decorator.py for tasks to queue
[2024-09-27T14:31:41.481+0200] {logging_mixin.py:190} INFO - [2024-09-27T14:31:41.481+0200] {dagbag.py:588} INFO - Filling up the DagBag from /home/julian/.cache/pypoetry/virtualenvs/real-time-data-lake-QWGm5iRW-py3.11/lib/python3.11/site-packages/airflow/example_dags/example_branch_operator_decorator.py
[2024-09-27T14:31:41.513+0200] {processor.py:925} INFO - DAG(s) 'example_branch_python_operator_decorator' retrieved from /home/julian/.cache/pypoetry/virtualenvs/real-time-data-lake-QWGm5iRW-py3.11/lib/python3.11/site-packages/airflow/example_dags/example_branch_operator_decorator.py
[2024-09-27T14:31:41.529+0200] {logging_mixin.py:190} INFO - [2024-09-27T14:31:41.529+0200] {dag.py:3239} INFO - Sync 1 DAGs
[2024-09-27T14:31:41.543+0200] {logging_mixin.py:190} INFO - [2024-09-27T14:31:41.543+0200] {dag.py:4180} INFO - Setting next_dagrun for example_branch_python_operator_decorator to 2024-09-26 00:00:00+00:00, run_after=2024-09-27 00:00:00+00:00
[2024-09-27T14:31:41.558+0200] {processor.py:208} INFO - Processing /home/julian/.cache/pypoetry/virtualenvs/real-time-data-lake-QWGm5iRW-py3.11/lib/python3.11/site-packages/airflow/example_dags/example_branch_operator_decorator.py took 0.094 seconds
[2024-09-27T14:32:36.905+0200] {processor.py:186} INFO - Started process (PID=281705) to work on /home/julian/.cache/pypoetry/virtualenvs/real-time-data-lake-QWGm5iRW-py3.11/lib/python3.11/site-packages/airflow/example_dags/example_branch_operator_decorator.py
[2024-09-27T14:32:36.911+0200] {processor.py:914} INFO - Processing file /home/julian/.cache/pypoetry/virtualenvs/real-time-data-lake-QWGm5iRW-py3.11/lib/python3.11/site-packages/airflow/example_dags/example_branch_operator_decorator.py for tasks to queue
[2024-09-27T14:32:36.914+0200] {logging_mixin.py:190} INFO - [2024-09-27T14:32:36.913+0200] {dagbag.py:588} INFO - Filling up the DagBag from /home/julian/.cache/pypoetry/virtualenvs/real-time-data-lake-QWGm5iRW-py3.11/lib/python3.11/site-packages/airflow/example_dags/example_branch_operator_decorator.py
[2024-09-27T14:32:36.944+0200] {processor.py:925} INFO - DAG(s) 'example_branch_python_operator_decorator' retrieved from /home/julian/.cache/pypoetry/virtualenvs/real-time-data-lake-QWGm5iRW-py3.11/lib/python3.11/site-packages/airflow/example_dags/example_branch_operator_decorator.py
[2024-09-27T14:32:36.964+0200] {logging_mixin.py:190} INFO - [2024-09-27T14:32:36.964+0200] {dag.py:3239} INFO - Sync 1 DAGs
[2024-09-27T14:32:36.977+0200] {logging_mixin.py:190} INFO - [2024-09-27T14:32:36.977+0200] {dag.py:4180} INFO - Setting next_dagrun for example_branch_python_operator_decorator to 2024-09-26 00:00:00+00:00, run_after=2024-09-27 00:00:00+00:00
[2024-09-27T14:32:36.991+0200] {processor.py:208} INFO - Processing /home/julian/.cache/pypoetry/virtualenvs/real-time-data-lake-QWGm5iRW-py3.11/lib/python3.11/site-packages/airflow/example_dags/example_branch_operator_decorator.py took 0.093 seconds
[2024-09-27T14:33:50.181+0200] {processor.py:186} INFO - Started process (PID=281879) to work on /home/julian/.cache/pypoetry/virtualenvs/real-time-data-lake-QWGm5iRW-py3.11/lib/python3.11/site-packages/airflow/example_dags/example_branch_operator_decorator.py
[2024-09-27T14:33:50.187+0200] {processor.py:914} INFO - Processing file /home/julian/.cache/pypoetry/virtualenvs/real-time-data-lake-QWGm5iRW-py3.11/lib/python3.11/site-packages/airflow/example_dags/example_branch_operator_decorator.py for tasks to queue
[2024-09-27T14:33:50.190+0200] {logging_mixin.py:190} INFO - [2024-09-27T14:33:50.189+0200] {dagbag.py:588} INFO - Filling up the DagBag from /home/julian/.cache/pypoetry/virtualenvs/real-time-data-lake-QWGm5iRW-py3.11/lib/python3.11/site-packages/airflow/example_dags/example_branch_operator_decorator.py
[2024-09-27T14:33:50.221+0200] {processor.py:925} INFO - DAG(s) 'example_branch_python_operator_decorator' retrieved from /home/julian/.cache/pypoetry/virtualenvs/real-time-data-lake-QWGm5iRW-py3.11/lib/python3.11/site-packages/airflow/example_dags/example_branch_operator_decorator.py
[2024-09-27T14:33:50.238+0200] {logging_mixin.py:190} INFO - [2024-09-27T14:33:50.238+0200] {dag.py:3239} INFO - Sync 1 DAGs
[2024-09-27T14:33:50.250+0200] {logging_mixin.py:190} INFO - [2024-09-27T14:33:50.250+0200] {dag.py:4180} INFO - Setting next_dagrun for example_branch_python_operator_decorator to 2024-09-26 00:00:00+00:00, run_after=2024-09-27 00:00:00+00:00
[2024-09-27T14:33:50.264+0200] {processor.py:208} INFO - Processing /home/julian/.cache/pypoetry/virtualenvs/real-time-data-lake-QWGm5iRW-py3.11/lib/python3.11/site-packages/airflow/example_dags/example_branch_operator_decorator.py took 0.090 seconds
[2024-09-27T14:35:02.953+0200] {processor.py:186} INFO - Started process (PID=282122) to work on /home/julian/.cache/pypoetry/virtualenvs/real-time-data-lake-QWGm5iRW-py3.11/lib/python3.11/site-packages/airflow/example_dags/example_branch_operator_decorator.py
[2024-09-27T14:35:02.958+0200] {processor.py:914} INFO - Processing file /home/julian/.cache/pypoetry/virtualenvs/real-time-data-lake-QWGm5iRW-py3.11/lib/python3.11/site-packages/airflow/example_dags/example_branch_operator_decorator.py for tasks to queue
[2024-09-27T14:35:02.959+0200] {logging_mixin.py:190} INFO - [2024-09-27T14:35:02.959+0200] {dagbag.py:588} INFO - Filling up the DagBag from /home/julian/.cache/pypoetry/virtualenvs/real-time-data-lake-QWGm5iRW-py3.11/lib/python3.11/site-packages/airflow/example_dags/example_branch_operator_decorator.py
[2024-09-27T14:35:02.972+0200] {processor.py:925} INFO - DAG(s) 'example_branch_python_operator_decorator' retrieved from /home/julian/.cache/pypoetry/virtualenvs/real-time-data-lake-QWGm5iRW-py3.11/lib/python3.11/site-packages/airflow/example_dags/example_branch_operator_decorator.py
[2024-09-27T14:35:02.987+0200] {logging_mixin.py:190} INFO - [2024-09-27T14:35:02.986+0200] {dag.py:3239} INFO - Sync 1 DAGs
[2024-09-27T14:35:02.999+0200] {logging_mixin.py:190} INFO - [2024-09-27T14:35:02.999+0200] {dag.py:4180} INFO - Setting next_dagrun for example_branch_python_operator_decorator to 2024-09-26 00:00:00+00:00, run_after=2024-09-27 00:00:00+00:00
[2024-09-27T14:35:03.012+0200] {processor.py:208} INFO - Processing /home/julian/.cache/pypoetry/virtualenvs/real-time-data-lake-QWGm5iRW-py3.11/lib/python3.11/site-packages/airflow/example_dags/example_branch_operator_decorator.py took 0.063 seconds
[2024-09-27T14:36:12.440+0200] {processor.py:186} INFO - Started process (PID=282233) to work on /home/julian/.cache/pypoetry/virtualenvs/real-time-data-lake-QWGm5iRW-py3.11/lib/python3.11/site-packages/airflow/example_dags/example_branch_operator_decorator.py
[2024-09-27T14:36:12.442+0200] {processor.py:914} INFO - Processing file /home/julian/.cache/pypoetry/virtualenvs/real-time-data-lake-QWGm5iRW-py3.11/lib/python3.11/site-packages/airflow/example_dags/example_branch_operator_decorator.py for tasks to queue
[2024-09-27T14:36:12.444+0200] {logging_mixin.py:190} INFO - [2024-09-27T14:36:12.444+0200] {dagbag.py:588} INFO - Filling up the DagBag from /home/julian/.cache/pypoetry/virtualenvs/real-time-data-lake-QWGm5iRW-py3.11/lib/python3.11/site-packages/airflow/example_dags/example_branch_operator_decorator.py
[2024-09-27T14:36:12.474+0200] {processor.py:925} INFO - DAG(s) 'example_branch_python_operator_decorator' retrieved from /home/julian/.cache/pypoetry/virtualenvs/real-time-data-lake-QWGm5iRW-py3.11/lib/python3.11/site-packages/airflow/example_dags/example_branch_operator_decorator.py
[2024-09-27T14:36:12.491+0200] {logging_mixin.py:190} INFO - [2024-09-27T14:36:12.491+0200] {dag.py:3239} INFO - Sync 1 DAGs
[2024-09-27T14:36:12.503+0200] {logging_mixin.py:190} INFO - [2024-09-27T14:36:12.503+0200] {dag.py:4180} INFO - Setting next_dagrun for example_branch_python_operator_decorator to 2024-09-26 00:00:00+00:00, run_after=2024-09-27 00:00:00+00:00
[2024-09-27T14:36:12.517+0200] {processor.py:208} INFO - Processing /home/julian/.cache/pypoetry/virtualenvs/real-time-data-lake-QWGm5iRW-py3.11/lib/python3.11/site-packages/airflow/example_dags/example_branch_operator_decorator.py took 0.083 seconds
[2024-09-27T14:37:02.752+0200] {processor.py:186} INFO - Started process (PID=282313) to work on /home/julian/.cache/pypoetry/virtualenvs/real-time-data-lake-QWGm5iRW-py3.11/lib/python3.11/site-packages/airflow/example_dags/example_branch_operator_decorator.py
[2024-09-27T14:37:02.758+0200] {processor.py:914} INFO - Processing file /home/julian/.cache/pypoetry/virtualenvs/real-time-data-lake-QWGm5iRW-py3.11/lib/python3.11/site-packages/airflow/example_dags/example_branch_operator_decorator.py for tasks to queue
[2024-09-27T14:37:02.760+0200] {logging_mixin.py:190} INFO - [2024-09-27T14:37:02.760+0200] {dagbag.py:588} INFO - Filling up the DagBag from /home/julian/.cache/pypoetry/virtualenvs/real-time-data-lake-QWGm5iRW-py3.11/lib/python3.11/site-packages/airflow/example_dags/example_branch_operator_decorator.py
[2024-09-27T14:37:02.790+0200] {processor.py:925} INFO - DAG(s) 'example_branch_python_operator_decorator' retrieved from /home/julian/.cache/pypoetry/virtualenvs/real-time-data-lake-QWGm5iRW-py3.11/lib/python3.11/site-packages/airflow/example_dags/example_branch_operator_decorator.py
[2024-09-27T14:37:02.811+0200] {logging_mixin.py:190} INFO - [2024-09-27T14:37:02.811+0200] {dag.py:3239} INFO - Sync 1 DAGs
[2024-09-27T14:37:02.824+0200] {logging_mixin.py:190} INFO - [2024-09-27T14:37:02.824+0200] {dag.py:4180} INFO - Setting next_dagrun for example_branch_python_operator_decorator to 2024-09-26 00:00:00+00:00, run_after=2024-09-27 00:00:00+00:00
[2024-09-27T14:37:02.837+0200] {processor.py:208} INFO - Processing /home/julian/.cache/pypoetry/virtualenvs/real-time-data-lake-QWGm5iRW-py3.11/lib/python3.11/site-packages/airflow/example_dags/example_branch_operator_decorator.py took 0.093 seconds
[2024-09-27T14:37:55.413+0200] {processor.py:186} INFO - Started process (PID=282537) to work on /home/julian/.cache/pypoetry/virtualenvs/real-time-data-lake-QWGm5iRW-py3.11/lib/python3.11/site-packages/airflow/example_dags/example_branch_operator_decorator.py
[2024-09-27T14:37:55.418+0200] {processor.py:914} INFO - Processing file /home/julian/.cache/pypoetry/virtualenvs/real-time-data-lake-QWGm5iRW-py3.11/lib/python3.11/site-packages/airflow/example_dags/example_branch_operator_decorator.py for tasks to queue
[2024-09-27T14:37:55.421+0200] {logging_mixin.py:190} INFO - [2024-09-27T14:37:55.421+0200] {dagbag.py:588} INFO - Filling up the DagBag from /home/julian/.cache/pypoetry/virtualenvs/real-time-data-lake-QWGm5iRW-py3.11/lib/python3.11/site-packages/airflow/example_dags/example_branch_operator_decorator.py
[2024-09-27T14:37:55.449+0200] {processor.py:925} INFO - DAG(s) 'example_branch_python_operator_decorator' retrieved from /home/julian/.cache/pypoetry/virtualenvs/real-time-data-lake-QWGm5iRW-py3.11/lib/python3.11/site-packages/airflow/example_dags/example_branch_operator_decorator.py
[2024-09-27T14:37:55.473+0200] {logging_mixin.py:190} INFO - [2024-09-27T14:37:55.473+0200] {dag.py:3239} INFO - Sync 1 DAGs
[2024-09-27T14:37:55.486+0200] {logging_mixin.py:190} INFO - [2024-09-27T14:37:55.486+0200] {dag.py:4180} INFO - Setting next_dagrun for example_branch_python_operator_decorator to 2024-09-26 00:00:00+00:00, run_after=2024-09-27 00:00:00+00:00
[2024-09-27T14:37:55.500+0200] {processor.py:208} INFO - Processing /home/julian/.cache/pypoetry/virtualenvs/real-time-data-lake-QWGm5iRW-py3.11/lib/python3.11/site-packages/airflow/example_dags/example_branch_operator_decorator.py took 0.094 seconds
[2024-09-27T14:39:06.927+0200] {processor.py:186} INFO - Started process (PID=282851) to work on /home/julian/.cache/pypoetry/virtualenvs/real-time-data-lake-QWGm5iRW-py3.11/lib/python3.11/site-packages/airflow/example_dags/example_branch_operator_decorator.py
[2024-09-27T14:39:06.933+0200] {processor.py:914} INFO - Processing file /home/julian/.cache/pypoetry/virtualenvs/real-time-data-lake-QWGm5iRW-py3.11/lib/python3.11/site-packages/airflow/example_dags/example_branch_operator_decorator.py for tasks to queue
[2024-09-27T14:39:06.936+0200] {logging_mixin.py:190} INFO - [2024-09-27T14:39:06.935+0200] {dagbag.py:588} INFO - Filling up the DagBag from /home/julian/.cache/pypoetry/virtualenvs/real-time-data-lake-QWGm5iRW-py3.11/lib/python3.11/site-packages/airflow/example_dags/example_branch_operator_decorator.py
[2024-09-27T14:39:06.964+0200] {processor.py:925} INFO - DAG(s) 'example_branch_python_operator_decorator' retrieved from /home/julian/.cache/pypoetry/virtualenvs/real-time-data-lake-QWGm5iRW-py3.11/lib/python3.11/site-packages/airflow/example_dags/example_branch_operator_decorator.py
[2024-09-27T14:39:06.984+0200] {logging_mixin.py:190} INFO - [2024-09-27T14:39:06.984+0200] {dag.py:3239} INFO - Sync 1 DAGs
[2024-09-27T14:39:07.000+0200] {logging_mixin.py:190} INFO - [2024-09-27T14:39:06.999+0200] {dag.py:4180} INFO - Setting next_dagrun for example_branch_python_operator_decorator to 2024-09-26 00:00:00+00:00, run_after=2024-09-27 00:00:00+00:00
[2024-09-27T14:39:07.017+0200] {processor.py:208} INFO - Processing /home/julian/.cache/pypoetry/virtualenvs/real-time-data-lake-QWGm5iRW-py3.11/lib/python3.11/site-packages/airflow/example_dags/example_branch_operator_decorator.py took 0.096 seconds
