[2024-09-27T14:20:33.267+0200] {processor.py:186} INFO - Started process (PID=280043) to work on /home/julian/.cache/pypoetry/virtualenvs/real-time-data-lake-QWGm5iRW-py3.11/lib/python3.11/site-packages/airflow/example_dags/example_nested_branch_dag.py
[2024-09-27T14:20:33.267+0200] {processor.py:914} INFO - Processing file /home/julian/.cache/pypoetry/virtualenvs/real-time-data-lake-QWGm5iRW-py3.11/lib/python3.11/site-packages/airflow/example_dags/example_nested_branch_dag.py for tasks to queue
[2024-09-27T14:20:33.270+0200] {logging_mixin.py:190} INFO - [2024-09-27T14:20:33.270+0200] {dagbag.py:588} INFO - Filling up the DagBag from /home/julian/.cache/pypoetry/virtualenvs/real-time-data-lake-QWGm5iRW-py3.11/lib/python3.11/site-packages/airflow/example_dags/example_nested_branch_dag.py
[2024-09-27T14:20:33.277+0200] {processor.py:925} INFO - DAG(s) 'example_nested_branch_dag' retrieved from /home/julian/.cache/pypoetry/virtualenvs/real-time-data-lake-QWGm5iRW-py3.11/lib/python3.11/site-packages/airflow/example_dags/example_nested_branch_dag.py
[2024-09-27T14:20:33.337+0200] {logging_mixin.py:190} INFO - [2024-09-27T14:20:33.337+0200] {override.py:1901} INFO - Created Permission View: can delete on DAG:example_nested_branch_dag
[2024-09-27T14:20:33.344+0200] {logging_mixin.py:190} INFO - [2024-09-27T14:20:33.344+0200] {override.py:1901} INFO - Created Permission View: can read on DAG:example_nested_branch_dag
[2024-09-27T14:20:33.350+0200] {logging_mixin.py:190} INFO - [2024-09-27T14:20:33.349+0200] {override.py:1901} INFO - Created Permission View: can edit on DAG:example_nested_branch_dag
[2024-09-27T14:20:33.359+0200] {logging_mixin.py:190} INFO - [2024-09-27T14:20:33.358+0200] {override.py:1901} INFO - Created Permission View: can create on DAG Run:example_nested_branch_dag
[2024-09-27T14:20:33.364+0200] {logging_mixin.py:190} INFO - [2024-09-27T14:20:33.364+0200] {override.py:1901} INFO - Created Permission View: can delete on DAG Run:example_nested_branch_dag
[2024-09-27T14:20:33.370+0200] {logging_mixin.py:190} INFO - [2024-09-27T14:20:33.369+0200] {override.py:1901} INFO - Created Permission View: can read on DAG Run:example_nested_branch_dag
[2024-09-27T14:20:33.375+0200] {logging_mixin.py:190} INFO - [2024-09-27T14:20:33.375+0200] {override.py:1901} INFO - Created Permission View: menu access on DAG Run:example_nested_branch_dag
[2024-09-27T14:20:33.375+0200] {logging_mixin.py:190} INFO - [2024-09-27T14:20:33.375+0200] {dag.py:3239} INFO - Sync 1 DAGs
[2024-09-27T14:20:33.382+0200] {logging_mixin.py:190} INFO - [2024-09-27T14:20:33.382+0200] {dag.py:3262} INFO - Creating ORM DAG for example_nested_branch_dag
[2024-09-27T14:20:33.388+0200] {logging_mixin.py:190} INFO - [2024-09-27T14:20:33.388+0200] {dag.py:4180} INFO - Setting next_dagrun for example_nested_branch_dag to 2024-09-26 00:00:00+00:00, run_after=2024-09-27 00:00:00+00:00
[2024-09-27T14:20:33.401+0200] {processor.py:208} INFO - Processing /home/julian/.cache/pypoetry/virtualenvs/real-time-data-lake-QWGm5iRW-py3.11/lib/python3.11/site-packages/airflow/example_dags/example_nested_branch_dag.py took 0.138 seconds
[2024-09-27T14:22:12.600+0200] {processor.py:186} INFO - Started process (PID=280241) to work on /home/julian/.cache/pypoetry/virtualenvs/real-time-data-lake-QWGm5iRW-py3.11/lib/python3.11/site-packages/airflow/example_dags/example_nested_branch_dag.py
[2024-09-27T14:22:12.606+0200] {processor.py:914} INFO - Processing file /home/julian/.cache/pypoetry/virtualenvs/real-time-data-lake-QWGm5iRW-py3.11/lib/python3.11/site-packages/airflow/example_dags/example_nested_branch_dag.py for tasks to queue
[2024-09-27T14:22:12.609+0200] {logging_mixin.py:190} INFO - [2024-09-27T14:22:12.608+0200] {dagbag.py:588} INFO - Filling up the DagBag from /home/julian/.cache/pypoetry/virtualenvs/real-time-data-lake-QWGm5iRW-py3.11/lib/python3.11/site-packages/airflow/example_dags/example_nested_branch_dag.py
[2024-09-27T14:22:12.624+0200] {processor.py:925} INFO - DAG(s) 'example_nested_branch_dag' retrieved from /home/julian/.cache/pypoetry/virtualenvs/real-time-data-lake-QWGm5iRW-py3.11/lib/python3.11/site-packages/airflow/example_dags/example_nested_branch_dag.py
[2024-09-27T14:22:12.642+0200] {logging_mixin.py:190} INFO - [2024-09-27T14:22:12.641+0200] {dag.py:3239} INFO - Sync 1 DAGs
[2024-09-27T14:22:12.654+0200] {logging_mixin.py:190} INFO - [2024-09-27T14:22:12.654+0200] {dag.py:4180} INFO - Setting next_dagrun for example_nested_branch_dag to 2024-09-26 00:00:00+00:00, run_after=2024-09-27 00:00:00+00:00
[2024-09-27T14:22:12.668+0200] {processor.py:208} INFO - Processing /home/julian/.cache/pypoetry/virtualenvs/real-time-data-lake-QWGm5iRW-py3.11/lib/python3.11/site-packages/airflow/example_dags/example_nested_branch_dag.py took 0.076 seconds
[2024-09-27T14:23:08.928+0200] {processor.py:186} INFO - Started process (PID=280362) to work on /home/julian/.cache/pypoetry/virtualenvs/real-time-data-lake-QWGm5iRW-py3.11/lib/python3.11/site-packages/airflow/example_dags/example_nested_branch_dag.py
[2024-09-27T14:23:08.933+0200] {processor.py:914} INFO - Processing file /home/julian/.cache/pypoetry/virtualenvs/real-time-data-lake-QWGm5iRW-py3.11/lib/python3.11/site-packages/airflow/example_dags/example_nested_branch_dag.py for tasks to queue
[2024-09-27T14:23:08.935+0200] {logging_mixin.py:190} INFO - [2024-09-27T14:23:08.934+0200] {dagbag.py:588} INFO - Filling up the DagBag from /home/julian/.cache/pypoetry/virtualenvs/real-time-data-lake-QWGm5iRW-py3.11/lib/python3.11/site-packages/airflow/example_dags/example_nested_branch_dag.py
[2024-09-27T14:23:08.942+0200] {processor.py:925} INFO - DAG(s) 'example_nested_branch_dag' retrieved from /home/julian/.cache/pypoetry/virtualenvs/real-time-data-lake-QWGm5iRW-py3.11/lib/python3.11/site-packages/airflow/example_dags/example_nested_branch_dag.py
[2024-09-27T14:23:08.952+0200] {logging_mixin.py:190} INFO - [2024-09-27T14:23:08.952+0200] {dag.py:3239} INFO - Sync 1 DAGs
[2024-09-27T14:23:08.964+0200] {logging_mixin.py:190} INFO - [2024-09-27T14:23:08.964+0200] {dag.py:4180} INFO - Setting next_dagrun for example_nested_branch_dag to 2024-09-26 00:00:00+00:00, run_after=2024-09-27 00:00:00+00:00
[2024-09-27T14:23:08.977+0200] {processor.py:208} INFO - Processing /home/julian/.cache/pypoetry/virtualenvs/real-time-data-lake-QWGm5iRW-py3.11/lib/python3.11/site-packages/airflow/example_dags/example_nested_branch_dag.py took 0.053 seconds
[2024-09-27T14:24:03.892+0200] {processor.py:186} INFO - Started process (PID=280506) to work on /home/julian/.cache/pypoetry/virtualenvs/real-time-data-lake-QWGm5iRW-py3.11/lib/python3.11/site-packages/airflow/example_dags/example_nested_branch_dag.py
[2024-09-27T14:24:03.898+0200] {processor.py:914} INFO - Processing file /home/julian/.cache/pypoetry/virtualenvs/real-time-data-lake-QWGm5iRW-py3.11/lib/python3.11/site-packages/airflow/example_dags/example_nested_branch_dag.py for tasks to queue
[2024-09-27T14:24:03.901+0200] {logging_mixin.py:190} INFO - [2024-09-27T14:24:03.900+0200] {dagbag.py:588} INFO - Filling up the DagBag from /home/julian/.cache/pypoetry/virtualenvs/real-time-data-lake-QWGm5iRW-py3.11/lib/python3.11/site-packages/airflow/example_dags/example_nested_branch_dag.py
[2024-09-27T14:24:03.916+0200] {processor.py:925} INFO - DAG(s) 'example_nested_branch_dag' retrieved from /home/julian/.cache/pypoetry/virtualenvs/real-time-data-lake-QWGm5iRW-py3.11/lib/python3.11/site-packages/airflow/example_dags/example_nested_branch_dag.py
[2024-09-27T14:24:03.939+0200] {logging_mixin.py:190} INFO - [2024-09-27T14:24:03.938+0200] {dag.py:3239} INFO - Sync 1 DAGs
[2024-09-27T14:24:03.956+0200] {logging_mixin.py:190} INFO - [2024-09-27T14:24:03.956+0200] {dag.py:4180} INFO - Setting next_dagrun for example_nested_branch_dag to 2024-09-26 00:00:00+00:00, run_after=2024-09-27 00:00:00+00:00
[2024-09-27T14:24:03.970+0200] {processor.py:208} INFO - Processing /home/julian/.cache/pypoetry/virtualenvs/real-time-data-lake-QWGm5iRW-py3.11/lib/python3.11/site-packages/airflow/example_dags/example_nested_branch_dag.py took 0.085 seconds
[2024-09-27T14:24:55.758+0200] {processor.py:186} INFO - Started process (PID=280718) to work on /home/julian/.cache/pypoetry/virtualenvs/real-time-data-lake-QWGm5iRW-py3.11/lib/python3.11/site-packages/airflow/example_dags/example_nested_branch_dag.py
[2024-09-27T14:24:55.764+0200] {processor.py:914} INFO - Processing file /home/julian/.cache/pypoetry/virtualenvs/real-time-data-lake-QWGm5iRW-py3.11/lib/python3.11/site-packages/airflow/example_dags/example_nested_branch_dag.py for tasks to queue
[2024-09-27T14:24:55.766+0200] {logging_mixin.py:190} INFO - [2024-09-27T14:24:55.766+0200] {dagbag.py:588} INFO - Filling up the DagBag from /home/julian/.cache/pypoetry/virtualenvs/real-time-data-lake-QWGm5iRW-py3.11/lib/python3.11/site-packages/airflow/example_dags/example_nested_branch_dag.py
[2024-09-27T14:24:55.773+0200] {processor.py:925} INFO - DAG(s) 'example_nested_branch_dag' retrieved from /home/julian/.cache/pypoetry/virtualenvs/real-time-data-lake-QWGm5iRW-py3.11/lib/python3.11/site-packages/airflow/example_dags/example_nested_branch_dag.py
[2024-09-27T14:24:55.784+0200] {logging_mixin.py:190} INFO - [2024-09-27T14:24:55.784+0200] {dag.py:3239} INFO - Sync 1 DAGs
[2024-09-27T14:24:55.797+0200] {logging_mixin.py:190} INFO - [2024-09-27T14:24:55.797+0200] {dag.py:4180} INFO - Setting next_dagrun for example_nested_branch_dag to 2024-09-26 00:00:00+00:00, run_after=2024-09-27 00:00:00+00:00
[2024-09-27T14:24:55.810+0200] {processor.py:208} INFO - Processing /home/julian/.cache/pypoetry/virtualenvs/real-time-data-lake-QWGm5iRW-py3.11/lib/python3.11/site-packages/airflow/example_dags/example_nested_branch_dag.py took 0.056 seconds
[2024-09-27T14:30:39.432+0200] {processor.py:186} INFO - Started process (PID=281435) to work on /home/julian/.cache/pypoetry/virtualenvs/real-time-data-lake-QWGm5iRW-py3.11/lib/python3.11/site-packages/airflow/example_dags/example_nested_branch_dag.py
[2024-09-27T14:30:39.438+0200] {processor.py:914} INFO - Processing file /home/julian/.cache/pypoetry/virtualenvs/real-time-data-lake-QWGm5iRW-py3.11/lib/python3.11/site-packages/airflow/example_dags/example_nested_branch_dag.py for tasks to queue
[2024-09-27T14:30:39.441+0200] {logging_mixin.py:190} INFO - [2024-09-27T14:30:39.440+0200] {dagbag.py:588} INFO - Filling up the DagBag from /home/julian/.cache/pypoetry/virtualenvs/real-time-data-lake-QWGm5iRW-py3.11/lib/python3.11/site-packages/airflow/example_dags/example_nested_branch_dag.py
[2024-09-27T14:30:39.455+0200] {processor.py:925} INFO - DAG(s) 'example_nested_branch_dag' retrieved from /home/julian/.cache/pypoetry/virtualenvs/real-time-data-lake-QWGm5iRW-py3.11/lib/python3.11/site-packages/airflow/example_dags/example_nested_branch_dag.py
[2024-09-27T14:30:39.476+0200] {logging_mixin.py:190} INFO - [2024-09-27T14:30:39.475+0200] {dag.py:3239} INFO - Sync 1 DAGs
[2024-09-27T14:30:39.495+0200] {logging_mixin.py:190} INFO - [2024-09-27T14:30:39.495+0200] {dag.py:4180} INFO - Setting next_dagrun for example_nested_branch_dag to 2024-09-26 00:00:00+00:00, run_after=2024-09-27 00:00:00+00:00
[2024-09-27T14:30:39.509+0200] {processor.py:208} INFO - Processing /home/julian/.cache/pypoetry/virtualenvs/real-time-data-lake-QWGm5iRW-py3.11/lib/python3.11/site-packages/airflow/example_dags/example_nested_branch_dag.py took 0.084 seconds
[2024-09-27T14:31:35.753+0200] {processor.py:186} INFO - Started process (PID=281552) to work on /home/julian/.cache/pypoetry/virtualenvs/real-time-data-lake-QWGm5iRW-py3.11/lib/python3.11/site-packages/airflow/example_dags/example_nested_branch_dag.py
[2024-09-27T14:31:35.759+0200] {processor.py:914} INFO - Processing file /home/julian/.cache/pypoetry/virtualenvs/real-time-data-lake-QWGm5iRW-py3.11/lib/python3.11/site-packages/airflow/example_dags/example_nested_branch_dag.py for tasks to queue
[2024-09-27T14:31:35.761+0200] {logging_mixin.py:190} INFO - [2024-09-27T14:31:35.761+0200] {dagbag.py:588} INFO - Filling up the DagBag from /home/julian/.cache/pypoetry/virtualenvs/real-time-data-lake-QWGm5iRW-py3.11/lib/python3.11/site-packages/airflow/example_dags/example_nested_branch_dag.py
[2024-09-27T14:31:35.777+0200] {processor.py:925} INFO - DAG(s) 'example_nested_branch_dag' retrieved from /home/julian/.cache/pypoetry/virtualenvs/real-time-data-lake-QWGm5iRW-py3.11/lib/python3.11/site-packages/airflow/example_dags/example_nested_branch_dag.py
[2024-09-27T14:31:35.799+0200] {logging_mixin.py:190} INFO - [2024-09-27T14:31:35.799+0200] {dag.py:3239} INFO - Sync 1 DAGs
[2024-09-27T14:31:35.815+0200] {logging_mixin.py:190} INFO - [2024-09-27T14:31:35.814+0200] {dag.py:4180} INFO - Setting next_dagrun for example_nested_branch_dag to 2024-09-26 00:00:00+00:00, run_after=2024-09-27 00:00:00+00:00
[2024-09-27T14:31:35.829+0200] {processor.py:208} INFO - Processing /home/julian/.cache/pypoetry/virtualenvs/real-time-data-lake-QWGm5iRW-py3.11/lib/python3.11/site-packages/airflow/example_dags/example_nested_branch_dag.py took 0.083 seconds
[2024-09-27T14:32:29.451+0200] {processor.py:186} INFO - Started process (PID=281685) to work on /home/julian/.cache/pypoetry/virtualenvs/real-time-data-lake-QWGm5iRW-py3.11/lib/python3.11/site-packages/airflow/example_dags/example_nested_branch_dag.py
[2024-09-27T14:32:29.451+0200] {processor.py:914} INFO - Processing file /home/julian/.cache/pypoetry/virtualenvs/real-time-data-lake-QWGm5iRW-py3.11/lib/python3.11/site-packages/airflow/example_dags/example_nested_branch_dag.py for tasks to queue
[2024-09-27T14:32:29.453+0200] {logging_mixin.py:190} INFO - [2024-09-27T14:32:29.452+0200] {dagbag.py:588} INFO - Filling up the DagBag from /home/julian/.cache/pypoetry/virtualenvs/real-time-data-lake-QWGm5iRW-py3.11/lib/python3.11/site-packages/airflow/example_dags/example_nested_branch_dag.py
[2024-09-27T14:32:29.459+0200] {processor.py:925} INFO - DAG(s) 'example_nested_branch_dag' retrieved from /home/julian/.cache/pypoetry/virtualenvs/real-time-data-lake-QWGm5iRW-py3.11/lib/python3.11/site-packages/airflow/example_dags/example_nested_branch_dag.py
[2024-09-27T14:32:29.470+0200] {logging_mixin.py:190} INFO - [2024-09-27T14:32:29.470+0200] {dag.py:3239} INFO - Sync 1 DAGs
[2024-09-27T14:32:29.482+0200] {logging_mixin.py:190} INFO - [2024-09-27T14:32:29.482+0200] {dag.py:4180} INFO - Setting next_dagrun for example_nested_branch_dag to 2024-09-26 00:00:00+00:00, run_after=2024-09-27 00:00:00+00:00
[2024-09-27T14:32:29.496+0200] {processor.py:208} INFO - Processing /home/julian/.cache/pypoetry/virtualenvs/real-time-data-lake-QWGm5iRW-py3.11/lib/python3.11/site-packages/airflow/example_dags/example_nested_branch_dag.py took 0.049 seconds
[2024-09-27T14:33:19.243+0200] {processor.py:186} INFO - Started process (PID=281793) to work on /home/julian/.cache/pypoetry/virtualenvs/real-time-data-lake-QWGm5iRW-py3.11/lib/python3.11/site-packages/airflow/example_dags/example_nested_branch_dag.py
[2024-09-27T14:33:19.249+0200] {processor.py:914} INFO - Processing file /home/julian/.cache/pypoetry/virtualenvs/real-time-data-lake-QWGm5iRW-py3.11/lib/python3.11/site-packages/airflow/example_dags/example_nested_branch_dag.py for tasks to queue
[2024-09-27T14:33:19.251+0200] {logging_mixin.py:190} INFO - [2024-09-27T14:33:19.251+0200] {dagbag.py:588} INFO - Filling up the DagBag from /home/julian/.cache/pypoetry/virtualenvs/real-time-data-lake-QWGm5iRW-py3.11/lib/python3.11/site-packages/airflow/example_dags/example_nested_branch_dag.py
[2024-09-27T14:33:19.267+0200] {processor.py:925} INFO - DAG(s) 'example_nested_branch_dag' retrieved from /home/julian/.cache/pypoetry/virtualenvs/real-time-data-lake-QWGm5iRW-py3.11/lib/python3.11/site-packages/airflow/example_dags/example_nested_branch_dag.py
[2024-09-27T14:33:19.290+0200] {logging_mixin.py:190} INFO - [2024-09-27T14:33:19.289+0200] {dag.py:3239} INFO - Sync 1 DAGs
[2024-09-27T14:33:19.304+0200] {logging_mixin.py:190} INFO - [2024-09-27T14:33:19.304+0200] {dag.py:4180} INFO - Setting next_dagrun for example_nested_branch_dag to 2024-09-26 00:00:00+00:00, run_after=2024-09-27 00:00:00+00:00
[2024-09-27T14:33:19.317+0200] {processor.py:208} INFO - Processing /home/julian/.cache/pypoetry/virtualenvs/real-time-data-lake-QWGm5iRW-py3.11/lib/python3.11/site-packages/airflow/example_dags/example_nested_branch_dag.py took 0.082 seconds
[2024-09-27T14:34:08.485+0200] {processor.py:186} INFO - Started process (PID=281904) to work on /home/julian/.cache/pypoetry/virtualenvs/real-time-data-lake-QWGm5iRW-py3.11/lib/python3.11/site-packages/airflow/example_dags/example_nested_branch_dag.py
[2024-09-27T14:34:08.491+0200] {processor.py:914} INFO - Processing file /home/julian/.cache/pypoetry/virtualenvs/real-time-data-lake-QWGm5iRW-py3.11/lib/python3.11/site-packages/airflow/example_dags/example_nested_branch_dag.py for tasks to queue
[2024-09-27T14:34:08.494+0200] {logging_mixin.py:190} INFO - [2024-09-27T14:34:08.493+0200] {dagbag.py:588} INFO - Filling up the DagBag from /home/julian/.cache/pypoetry/virtualenvs/real-time-data-lake-QWGm5iRW-py3.11/lib/python3.11/site-packages/airflow/example_dags/example_nested_branch_dag.py
[2024-09-27T14:34:08.509+0200] {processor.py:925} INFO - DAG(s) 'example_nested_branch_dag' retrieved from /home/julian/.cache/pypoetry/virtualenvs/real-time-data-lake-QWGm5iRW-py3.11/lib/python3.11/site-packages/airflow/example_dags/example_nested_branch_dag.py
[2024-09-27T14:34:08.532+0200] {logging_mixin.py:190} INFO - [2024-09-27T14:34:08.532+0200] {dag.py:3239} INFO - Sync 1 DAGs
[2024-09-27T14:34:08.546+0200] {logging_mixin.py:190} INFO - [2024-09-27T14:34:08.546+0200] {dag.py:4180} INFO - Setting next_dagrun for example_nested_branch_dag to 2024-09-26 00:00:00+00:00, run_after=2024-09-27 00:00:00+00:00
[2024-09-27T14:34:08.560+0200] {processor.py:208} INFO - Processing /home/julian/.cache/pypoetry/virtualenvs/real-time-data-lake-QWGm5iRW-py3.11/lib/python3.11/site-packages/airflow/example_dags/example_nested_branch_dag.py took 0.082 seconds
[2024-09-27T14:34:57.051+0200] {processor.py:186} INFO - Started process (PID=282114) to work on /home/julian/.cache/pypoetry/virtualenvs/real-time-data-lake-QWGm5iRW-py3.11/lib/python3.11/site-packages/airflow/example_dags/example_nested_branch_dag.py
[2024-09-27T14:34:57.057+0200] {processor.py:914} INFO - Processing file /home/julian/.cache/pypoetry/virtualenvs/real-time-data-lake-QWGm5iRW-py3.11/lib/python3.11/site-packages/airflow/example_dags/example_nested_branch_dag.py for tasks to queue
[2024-09-27T14:34:57.060+0200] {logging_mixin.py:190} INFO - [2024-09-27T14:34:57.060+0200] {dagbag.py:588} INFO - Filling up the DagBag from /home/julian/.cache/pypoetry/virtualenvs/real-time-data-lake-QWGm5iRW-py3.11/lib/python3.11/site-packages/airflow/example_dags/example_nested_branch_dag.py
[2024-09-27T14:34:57.076+0200] {processor.py:925} INFO - DAG(s) 'example_nested_branch_dag' retrieved from /home/julian/.cache/pypoetry/virtualenvs/real-time-data-lake-QWGm5iRW-py3.11/lib/python3.11/site-packages/airflow/example_dags/example_nested_branch_dag.py
[2024-09-27T14:34:57.099+0200] {logging_mixin.py:190} INFO - [2024-09-27T14:34:57.098+0200] {dag.py:3239} INFO - Sync 1 DAGs
[2024-09-27T14:34:57.113+0200] {logging_mixin.py:190} INFO - [2024-09-27T14:34:57.113+0200] {dag.py:4180} INFO - Setting next_dagrun for example_nested_branch_dag to 2024-09-26 00:00:00+00:00, run_after=2024-09-27 00:00:00+00:00
[2024-09-27T14:34:57.126+0200] {processor.py:208} INFO - Processing /home/julian/.cache/pypoetry/virtualenvs/real-time-data-lake-QWGm5iRW-py3.11/lib/python3.11/site-packages/airflow/example_dags/example_nested_branch_dag.py took 0.082 seconds
[2024-09-27T14:35:44.234+0200] {processor.py:186} INFO - Started process (PID=282192) to work on /home/julian/.cache/pypoetry/virtualenvs/real-time-data-lake-QWGm5iRW-py3.11/lib/python3.11/site-packages/airflow/example_dags/example_nested_branch_dag.py
[2024-09-27T14:35:44.240+0200] {processor.py:914} INFO - Processing file /home/julian/.cache/pypoetry/virtualenvs/real-time-data-lake-QWGm5iRW-py3.11/lib/python3.11/site-packages/airflow/example_dags/example_nested_branch_dag.py for tasks to queue
[2024-09-27T14:35:44.243+0200] {logging_mixin.py:190} INFO - [2024-09-27T14:35:44.243+0200] {dagbag.py:588} INFO - Filling up the DagBag from /home/julian/.cache/pypoetry/virtualenvs/real-time-data-lake-QWGm5iRW-py3.11/lib/python3.11/site-packages/airflow/example_dags/example_nested_branch_dag.py
[2024-09-27T14:35:44.259+0200] {processor.py:925} INFO - DAG(s) 'example_nested_branch_dag' retrieved from /home/julian/.cache/pypoetry/virtualenvs/real-time-data-lake-QWGm5iRW-py3.11/lib/python3.11/site-packages/airflow/example_dags/example_nested_branch_dag.py
[2024-09-27T14:35:44.281+0200] {logging_mixin.py:190} INFO - [2024-09-27T14:35:44.281+0200] {dag.py:3239} INFO - Sync 1 DAGs
[2024-09-27T14:35:44.295+0200] {logging_mixin.py:190} INFO - [2024-09-27T14:35:44.294+0200] {dag.py:4180} INFO - Setting next_dagrun for example_nested_branch_dag to 2024-09-26 00:00:00+00:00, run_after=2024-09-27 00:00:00+00:00
[2024-09-27T14:35:44.307+0200] {processor.py:208} INFO - Processing /home/julian/.cache/pypoetry/virtualenvs/real-time-data-lake-QWGm5iRW-py3.11/lib/python3.11/site-packages/airflow/example_dags/example_nested_branch_dag.py took 0.080 seconds
[2024-09-27T14:36:34.230+0200] {processor.py:186} INFO - Started process (PID=282266) to work on /home/julian/.cache/pypoetry/virtualenvs/real-time-data-lake-QWGm5iRW-py3.11/lib/python3.11/site-packages/airflow/example_dags/example_nested_branch_dag.py
[2024-09-27T14:36:34.236+0200] {processor.py:914} INFO - Processing file /home/julian/.cache/pypoetry/virtualenvs/real-time-data-lake-QWGm5iRW-py3.11/lib/python3.11/site-packages/airflow/example_dags/example_nested_branch_dag.py for tasks to queue
[2024-09-27T14:36:34.238+0200] {logging_mixin.py:190} INFO - [2024-09-27T14:36:34.238+0200] {dagbag.py:588} INFO - Filling up the DagBag from /home/julian/.cache/pypoetry/virtualenvs/real-time-data-lake-QWGm5iRW-py3.11/lib/python3.11/site-packages/airflow/example_dags/example_nested_branch_dag.py
[2024-09-27T14:36:34.254+0200] {processor.py:925} INFO - DAG(s) 'example_nested_branch_dag' retrieved from /home/julian/.cache/pypoetry/virtualenvs/real-time-data-lake-QWGm5iRW-py3.11/lib/python3.11/site-packages/airflow/example_dags/example_nested_branch_dag.py
[2024-09-27T14:36:34.277+0200] {logging_mixin.py:190} INFO - [2024-09-27T14:36:34.276+0200] {dag.py:3239} INFO - Sync 1 DAGs
[2024-09-27T14:36:34.290+0200] {logging_mixin.py:190} INFO - [2024-09-27T14:36:34.290+0200] {dag.py:4180} INFO - Setting next_dagrun for example_nested_branch_dag to 2024-09-26 00:00:00+00:00, run_after=2024-09-27 00:00:00+00:00
[2024-09-27T14:36:34.304+0200] {processor.py:208} INFO - Processing /home/julian/.cache/pypoetry/virtualenvs/real-time-data-lake-QWGm5iRW-py3.11/lib/python3.11/site-packages/airflow/example_dags/example_nested_branch_dag.py took 0.081 seconds
[2024-09-27T14:37:24.537+0200] {processor.py:186} INFO - Started process (PID=282374) to work on /home/julian/.cache/pypoetry/virtualenvs/real-time-data-lake-QWGm5iRW-py3.11/lib/python3.11/site-packages/airflow/example_dags/example_nested_branch_dag.py
[2024-09-27T14:37:24.543+0200] {processor.py:914} INFO - Processing file /home/julian/.cache/pypoetry/virtualenvs/real-time-data-lake-QWGm5iRW-py3.11/lib/python3.11/site-packages/airflow/example_dags/example_nested_branch_dag.py for tasks to queue
[2024-09-27T14:37:24.545+0200] {logging_mixin.py:190} INFO - [2024-09-27T14:37:24.545+0200] {dagbag.py:588} INFO - Filling up the DagBag from /home/julian/.cache/pypoetry/virtualenvs/real-time-data-lake-QWGm5iRW-py3.11/lib/python3.11/site-packages/airflow/example_dags/example_nested_branch_dag.py
[2024-09-27T14:37:24.561+0200] {processor.py:925} INFO - DAG(s) 'example_nested_branch_dag' retrieved from /home/julian/.cache/pypoetry/virtualenvs/real-time-data-lake-QWGm5iRW-py3.11/lib/python3.11/site-packages/airflow/example_dags/example_nested_branch_dag.py
[2024-09-27T14:37:24.584+0200] {logging_mixin.py:190} INFO - [2024-09-27T14:37:24.583+0200] {dag.py:3239} INFO - Sync 1 DAGs
[2024-09-27T14:37:24.598+0200] {logging_mixin.py:190} INFO - [2024-09-27T14:37:24.597+0200] {dag.py:4180} INFO - Setting next_dagrun for example_nested_branch_dag to 2024-09-26 00:00:00+00:00, run_after=2024-09-27 00:00:00+00:00
[2024-09-27T14:37:24.611+0200] {processor.py:208} INFO - Processing /home/julian/.cache/pypoetry/virtualenvs/real-time-data-lake-QWGm5iRW-py3.11/lib/python3.11/site-packages/airflow/example_dags/example_nested_branch_dag.py took 0.081 seconds
[2024-09-27T14:38:14.004+0200] {processor.py:186} INFO - Started process (PID=282659) to work on /home/julian/.cache/pypoetry/virtualenvs/real-time-data-lake-QWGm5iRW-py3.11/lib/python3.11/site-packages/airflow/example_dags/example_nested_branch_dag.py
[2024-09-27T14:38:14.005+0200] {processor.py:914} INFO - Processing file /home/julian/.cache/pypoetry/virtualenvs/real-time-data-lake-QWGm5iRW-py3.11/lib/python3.11/site-packages/airflow/example_dags/example_nested_branch_dag.py for tasks to queue
[2024-09-27T14:38:14.007+0200] {logging_mixin.py:190} INFO - [2024-09-27T14:38:14.007+0200] {dagbag.py:588} INFO - Filling up the DagBag from /home/julian/.cache/pypoetry/virtualenvs/real-time-data-lake-QWGm5iRW-py3.11/lib/python3.11/site-packages/airflow/example_dags/example_nested_branch_dag.py
[2024-09-27T14:38:14.016+0200] {processor.py:925} INFO - DAG(s) 'example_nested_branch_dag' retrieved from /home/julian/.cache/pypoetry/virtualenvs/real-time-data-lake-QWGm5iRW-py3.11/lib/python3.11/site-packages/airflow/example_dags/example_nested_branch_dag.py
[2024-09-27T14:38:14.049+0200] {logging_mixin.py:190} INFO - [2024-09-27T14:38:14.048+0200] {dag.py:3239} INFO - Sync 1 DAGs
[2024-09-27T14:38:14.068+0200] {logging_mixin.py:190} INFO - [2024-09-27T14:38:14.068+0200] {dag.py:4180} INFO - Setting next_dagrun for example_nested_branch_dag to 2024-09-26 00:00:00+00:00, run_after=2024-09-27 00:00:00+00:00
[2024-09-27T14:38:14.085+0200] {processor.py:208} INFO - Processing /home/julian/.cache/pypoetry/virtualenvs/real-time-data-lake-QWGm5iRW-py3.11/lib/python3.11/site-packages/airflow/example_dags/example_nested_branch_dag.py took 0.085 seconds
[2024-09-27T14:39:04.608+0200] {processor.py:186} INFO - Started process (PID=282845) to work on /home/julian/.cache/pypoetry/virtualenvs/real-time-data-lake-QWGm5iRW-py3.11/lib/python3.11/site-packages/airflow/example_dags/example_nested_branch_dag.py
[2024-09-27T14:39:04.614+0200] {processor.py:914} INFO - Processing file /home/julian/.cache/pypoetry/virtualenvs/real-time-data-lake-QWGm5iRW-py3.11/lib/python3.11/site-packages/airflow/example_dags/example_nested_branch_dag.py for tasks to queue
[2024-09-27T14:39:04.617+0200] {logging_mixin.py:190} INFO - [2024-09-27T14:39:04.616+0200] {dagbag.py:588} INFO - Filling up the DagBag from /home/julian/.cache/pypoetry/virtualenvs/real-time-data-lake-QWGm5iRW-py3.11/lib/python3.11/site-packages/airflow/example_dags/example_nested_branch_dag.py
[2024-09-27T14:39:04.633+0200] {processor.py:925} INFO - DAG(s) 'example_nested_branch_dag' retrieved from /home/julian/.cache/pypoetry/virtualenvs/real-time-data-lake-QWGm5iRW-py3.11/lib/python3.11/site-packages/airflow/example_dags/example_nested_branch_dag.py
[2024-09-27T14:39:04.656+0200] {logging_mixin.py:190} INFO - [2024-09-27T14:39:04.656+0200] {dag.py:3239} INFO - Sync 1 DAGs
[2024-09-27T14:39:04.672+0200] {logging_mixin.py:190} INFO - [2024-09-27T14:39:04.672+0200] {dag.py:4180} INFO - Setting next_dagrun for example_nested_branch_dag to 2024-09-26 00:00:00+00:00, run_after=2024-09-27 00:00:00+00:00
[2024-09-27T14:39:04.687+0200] {processor.py:208} INFO - Processing /home/julian/.cache/pypoetry/virtualenvs/real-time-data-lake-QWGm5iRW-py3.11/lib/python3.11/site-packages/airflow/example_dags/example_nested_branch_dag.py took 0.086 seconds
