[2024-09-27T14:20:09.793+0200] {processor.py:186} INFO - Started process (PID=280011) to work on /home/julian/.cache/pypoetry/virtualenvs/real-time-data-lake-QWGm5iRW-py3.11/lib/python3.11/site-packages/airflow/example_dags/example_xcomargs.py
[2024-09-27T14:20:09.794+0200] {processor.py:914} INFO - Processing file /home/julian/.cache/pypoetry/virtualenvs/real-time-data-lake-QWGm5iRW-py3.11/lib/python3.11/site-packages/airflow/example_dags/example_xcomargs.py for tasks to queue
[2024-09-27T14:20:09.796+0200] {logging_mixin.py:190} INFO - [2024-09-27T14:20:09.796+0200] {dagbag.py:588} INFO - Filling up the DagBag from /home/julian/.cache/pypoetry/virtualenvs/real-time-data-lake-QWGm5iRW-py3.11/lib/python3.11/site-packages/airflow/example_dags/example_xcomargs.py
[2024-09-27T14:20:09.804+0200] {processor.py:925} INFO - DAG(s) 'example_xcom_args_with_operators', 'example_xcom_args' retrieved from /home/julian/.cache/pypoetry/virtualenvs/real-time-data-lake-QWGm5iRW-py3.11/lib/python3.11/site-packages/airflow/example_dags/example_xcomargs.py
[2024-09-27T14:20:09.874+0200] {logging_mixin.py:190} INFO - [2024-09-27T14:20:09.874+0200] {override.py:1901} INFO - Created Permission View: can delete on DAG:example_xcom_args_with_operators
[2024-09-27T14:20:09.882+0200] {logging_mixin.py:190} INFO - [2024-09-27T14:20:09.882+0200] {override.py:1901} INFO - Created Permission View: can read on DAG:example_xcom_args_with_operators
[2024-09-27T14:20:09.887+0200] {logging_mixin.py:190} INFO - [2024-09-27T14:20:09.887+0200] {override.py:1901} INFO - Created Permission View: can edit on DAG:example_xcom_args_with_operators
[2024-09-27T14:20:09.895+0200] {logging_mixin.py:190} INFO - [2024-09-27T14:20:09.895+0200] {override.py:1901} INFO - Created Permission View: can create on DAG Run:example_xcom_args_with_operators
[2024-09-27T14:20:09.901+0200] {logging_mixin.py:190} INFO - [2024-09-27T14:20:09.901+0200] {override.py:1901} INFO - Created Permission View: can delete on DAG Run:example_xcom_args_with_operators
[2024-09-27T14:20:09.908+0200] {logging_mixin.py:190} INFO - [2024-09-27T14:20:09.907+0200] {override.py:1901} INFO - Created Permission View: can read on DAG Run:example_xcom_args_with_operators
[2024-09-27T14:20:09.913+0200] {logging_mixin.py:190} INFO - [2024-09-27T14:20:09.913+0200] {override.py:1901} INFO - Created Permission View: menu access on DAG Run:example_xcom_args_with_operators
[2024-09-27T14:20:09.924+0200] {logging_mixin.py:190} INFO - [2024-09-27T14:20:09.924+0200] {override.py:1901} INFO - Created Permission View: can delete on DAG:example_xcom_args
[2024-09-27T14:20:09.930+0200] {logging_mixin.py:190} INFO - [2024-09-27T14:20:09.930+0200] {override.py:1901} INFO - Created Permission View: can read on DAG:example_xcom_args
[2024-09-27T14:20:09.935+0200] {logging_mixin.py:190} INFO - [2024-09-27T14:20:09.934+0200] {override.py:1901} INFO - Created Permission View: can edit on DAG:example_xcom_args
[2024-09-27T14:20:09.944+0200] {logging_mixin.py:190} INFO - [2024-09-27T14:20:09.943+0200] {override.py:1901} INFO - Created Permission View: can create on DAG Run:example_xcom_args
[2024-09-27T14:20:09.949+0200] {logging_mixin.py:190} INFO - [2024-09-27T14:20:09.949+0200] {override.py:1901} INFO - Created Permission View: can delete on DAG Run:example_xcom_args
[2024-09-27T14:20:09.954+0200] {logging_mixin.py:190} INFO - [2024-09-27T14:20:09.954+0200] {override.py:1901} INFO - Created Permission View: can read on DAG Run:example_xcom_args
[2024-09-27T14:20:09.960+0200] {logging_mixin.py:190} INFO - [2024-09-27T14:20:09.959+0200] {override.py:1901} INFO - Created Permission View: menu access on DAG Run:example_xcom_args
[2024-09-27T14:20:09.960+0200] {logging_mixin.py:190} INFO - [2024-09-27T14:20:09.960+0200] {dag.py:3239} INFO - Sync 2 DAGs
[2024-09-27T14:20:09.967+0200] {logging_mixin.py:190} INFO - [2024-09-27T14:20:09.966+0200] {dag.py:3262} INFO - Creating ORM DAG for example_xcom_args
[2024-09-27T14:20:09.967+0200] {logging_mixin.py:190} INFO - [2024-09-27T14:20:09.967+0200] {dag.py:3262} INFO - Creating ORM DAG for example_xcom_args_with_operators
[2024-09-27T14:20:09.967+0200] {logging_mixin.py:190} INFO - [2024-09-27T14:20:09.967+0200] {dag.py:4180} INFO - Setting next_dagrun for example_xcom_args to None, run_after=None
[2024-09-27T14:20:09.967+0200] {logging_mixin.py:190} INFO - [2024-09-27T14:20:09.967+0200] {dag.py:4180} INFO - Setting next_dagrun for example_xcom_args_with_operators to None, run_after=None
[2024-09-27T14:20:09.980+0200] {processor.py:208} INFO - Processing /home/julian/.cache/pypoetry/virtualenvs/real-time-data-lake-QWGm5iRW-py3.11/lib/python3.11/site-packages/airflow/example_dags/example_xcomargs.py took 0.192 seconds
[2024-09-27T14:21:10.150+0200] {processor.py:186} INFO - Started process (PID=280110) to work on /home/julian/.cache/pypoetry/virtualenvs/real-time-data-lake-QWGm5iRW-py3.11/lib/python3.11/site-packages/airflow/example_dags/example_xcomargs.py
[2024-09-27T14:21:10.156+0200] {processor.py:914} INFO - Processing file /home/julian/.cache/pypoetry/virtualenvs/real-time-data-lake-QWGm5iRW-py3.11/lib/python3.11/site-packages/airflow/example_dags/example_xcomargs.py for tasks to queue
[2024-09-27T14:21:10.158+0200] {logging_mixin.py:190} INFO - [2024-09-27T14:21:10.158+0200] {dagbag.py:588} INFO - Filling up the DagBag from /home/julian/.cache/pypoetry/virtualenvs/real-time-data-lake-QWGm5iRW-py3.11/lib/python3.11/site-packages/airflow/example_dags/example_xcomargs.py
[2024-09-27T14:21:10.172+0200] {processor.py:925} INFO - DAG(s) 'example_xcom_args', 'example_xcom_args_with_operators' retrieved from /home/julian/.cache/pypoetry/virtualenvs/real-time-data-lake-QWGm5iRW-py3.11/lib/python3.11/site-packages/airflow/example_dags/example_xcomargs.py
[2024-09-27T14:21:10.197+0200] {logging_mixin.py:190} INFO - [2024-09-27T14:21:10.197+0200] {dag.py:3239} INFO - Sync 2 DAGs
[2024-09-27T14:21:10.206+0200] {logging_mixin.py:190} INFO - [2024-09-27T14:21:10.206+0200] {dag.py:4180} INFO - Setting next_dagrun for example_xcom_args to None, run_after=None
[2024-09-27T14:21:10.208+0200] {logging_mixin.py:190} INFO - [2024-09-27T14:21:10.208+0200] {dag.py:4180} INFO - Setting next_dagrun for example_xcom_args_with_operators to None, run_after=None
[2024-09-27T14:21:10.220+0200] {processor.py:208} INFO - Processing /home/julian/.cache/pypoetry/virtualenvs/real-time-data-lake-QWGm5iRW-py3.11/lib/python3.11/site-packages/airflow/example_dags/example_xcomargs.py took 0.077 seconds
[2024-09-27T14:21:53.115+0200] {processor.py:186} INFO - Started process (PID=280208) to work on /home/julian/.cache/pypoetry/virtualenvs/real-time-data-lake-QWGm5iRW-py3.11/lib/python3.11/site-packages/airflow/example_dags/example_xcomargs.py
[2024-09-27T14:21:53.116+0200] {processor.py:914} INFO - Processing file /home/julian/.cache/pypoetry/virtualenvs/real-time-data-lake-QWGm5iRW-py3.11/lib/python3.11/site-packages/airflow/example_dags/example_xcomargs.py for tasks to queue
[2024-09-27T14:21:53.119+0200] {logging_mixin.py:190} INFO - [2024-09-27T14:21:53.119+0200] {dagbag.py:588} INFO - Filling up the DagBag from /home/julian/.cache/pypoetry/virtualenvs/real-time-data-lake-QWGm5iRW-py3.11/lib/python3.11/site-packages/airflow/example_dags/example_xcomargs.py
[2024-09-27T14:21:53.134+0200] {processor.py:925} INFO - DAG(s) 'example_xcom_args_with_operators', 'example_xcom_args' retrieved from /home/julian/.cache/pypoetry/virtualenvs/real-time-data-lake-QWGm5iRW-py3.11/lib/python3.11/site-packages/airflow/example_dags/example_xcomargs.py
[2024-09-27T14:21:53.159+0200] {logging_mixin.py:190} INFO - [2024-09-27T14:21:53.159+0200] {dag.py:3239} INFO - Sync 2 DAGs
[2024-09-27T14:21:53.167+0200] {logging_mixin.py:190} INFO - [2024-09-27T14:21:53.167+0200] {dag.py:4180} INFO - Setting next_dagrun for example_xcom_args to None, run_after=None
[2024-09-27T14:21:53.170+0200] {logging_mixin.py:190} INFO - [2024-09-27T14:21:53.169+0200] {dag.py:4180} INFO - Setting next_dagrun for example_xcom_args_with_operators to None, run_after=None
[2024-09-27T14:21:53.181+0200] {processor.py:208} INFO - Processing /home/julian/.cache/pypoetry/virtualenvs/real-time-data-lake-QWGm5iRW-py3.11/lib/python3.11/site-packages/airflow/example_dags/example_xcomargs.py took 0.072 seconds
[2024-09-27T14:22:47.179+0200] {processor.py:186} INFO - Started process (PID=280307) to work on /home/julian/.cache/pypoetry/virtualenvs/real-time-data-lake-QWGm5iRW-py3.11/lib/python3.11/site-packages/airflow/example_dags/example_xcomargs.py
[2024-09-27T14:22:47.185+0200] {processor.py:914} INFO - Processing file /home/julian/.cache/pypoetry/virtualenvs/real-time-data-lake-QWGm5iRW-py3.11/lib/python3.11/site-packages/airflow/example_dags/example_xcomargs.py for tasks to queue
[2024-09-27T14:22:47.188+0200] {logging_mixin.py:190} INFO - [2024-09-27T14:22:47.187+0200] {dagbag.py:588} INFO - Filling up the DagBag from /home/julian/.cache/pypoetry/virtualenvs/real-time-data-lake-QWGm5iRW-py3.11/lib/python3.11/site-packages/airflow/example_dags/example_xcomargs.py
[2024-09-27T14:22:47.201+0200] {processor.py:925} INFO - DAG(s) 'example_xcom_args', 'example_xcom_args_with_operators' retrieved from /home/julian/.cache/pypoetry/virtualenvs/real-time-data-lake-QWGm5iRW-py3.11/lib/python3.11/site-packages/airflow/example_dags/example_xcomargs.py
[2024-09-27T14:22:47.226+0200] {logging_mixin.py:190} INFO - [2024-09-27T14:22:47.226+0200] {dag.py:3239} INFO - Sync 2 DAGs
[2024-09-27T14:22:47.236+0200] {logging_mixin.py:190} INFO - [2024-09-27T14:22:47.236+0200] {dag.py:4180} INFO - Setting next_dagrun for example_xcom_args to None, run_after=None
[2024-09-27T14:22:47.238+0200] {logging_mixin.py:190} INFO - [2024-09-27T14:22:47.238+0200] {dag.py:4180} INFO - Setting next_dagrun for example_xcom_args_with_operators to None, run_after=None
[2024-09-27T14:22:47.250+0200] {processor.py:208} INFO - Processing /home/julian/.cache/pypoetry/virtualenvs/real-time-data-lake-QWGm5iRW-py3.11/lib/python3.11/site-packages/airflow/example_dags/example_xcomargs.py took 0.078 seconds
[2024-09-27T14:23:39.827+0200] {processor.py:186} INFO - Started process (PID=280449) to work on /home/julian/.cache/pypoetry/virtualenvs/real-time-data-lake-QWGm5iRW-py3.11/lib/python3.11/site-packages/airflow/example_dags/example_xcomargs.py
[2024-09-27T14:23:39.832+0200] {processor.py:914} INFO - Processing file /home/julian/.cache/pypoetry/virtualenvs/real-time-data-lake-QWGm5iRW-py3.11/lib/python3.11/site-packages/airflow/example_dags/example_xcomargs.py for tasks to queue
[2024-09-27T14:23:39.834+0200] {logging_mixin.py:190} INFO - [2024-09-27T14:23:39.833+0200] {dagbag.py:588} INFO - Filling up the DagBag from /home/julian/.cache/pypoetry/virtualenvs/real-time-data-lake-QWGm5iRW-py3.11/lib/python3.11/site-packages/airflow/example_dags/example_xcomargs.py
[2024-09-27T14:23:39.839+0200] {processor.py:925} INFO - DAG(s) 'example_xcom_args_with_operators', 'example_xcom_args' retrieved from /home/julian/.cache/pypoetry/virtualenvs/real-time-data-lake-QWGm5iRW-py3.11/lib/python3.11/site-packages/airflow/example_dags/example_xcomargs.py
[2024-09-27T14:23:39.851+0200] {logging_mixin.py:190} INFO - [2024-09-27T14:23:39.850+0200] {dag.py:3239} INFO - Sync 2 DAGs
[2024-09-27T14:23:39.858+0200] {logging_mixin.py:190} INFO - [2024-09-27T14:23:39.858+0200] {dag.py:4180} INFO - Setting next_dagrun for example_xcom_args to None, run_after=None
[2024-09-27T14:23:39.860+0200] {logging_mixin.py:190} INFO - [2024-09-27T14:23:39.860+0200] {dag.py:4180} INFO - Setting next_dagrun for example_xcom_args_with_operators to None, run_after=None
[2024-09-27T14:23:39.873+0200] {processor.py:208} INFO - Processing /home/julian/.cache/pypoetry/virtualenvs/real-time-data-lake-QWGm5iRW-py3.11/lib/python3.11/site-packages/airflow/example_dags/example_xcomargs.py took 0.050 seconds
[2024-09-27T14:24:29.556+0200] {processor.py:186} INFO - Started process (PID=280596) to work on /home/julian/.cache/pypoetry/virtualenvs/real-time-data-lake-QWGm5iRW-py3.11/lib/python3.11/site-packages/airflow/example_dags/example_xcomargs.py
[2024-09-27T14:24:29.561+0200] {processor.py:914} INFO - Processing file /home/julian/.cache/pypoetry/virtualenvs/real-time-data-lake-QWGm5iRW-py3.11/lib/python3.11/site-packages/airflow/example_dags/example_xcomargs.py for tasks to queue
[2024-09-27T14:24:29.565+0200] {logging_mixin.py:190} INFO - [2024-09-27T14:24:29.564+0200] {dagbag.py:588} INFO - Filling up the DagBag from /home/julian/.cache/pypoetry/virtualenvs/real-time-data-lake-QWGm5iRW-py3.11/lib/python3.11/site-packages/airflow/example_dags/example_xcomargs.py
[2024-09-27T14:24:29.577+0200] {processor.py:925} INFO - DAG(s) 'example_xcom_args_with_operators', 'example_xcom_args' retrieved from /home/julian/.cache/pypoetry/virtualenvs/real-time-data-lake-QWGm5iRW-py3.11/lib/python3.11/site-packages/airflow/example_dags/example_xcomargs.py
[2024-09-27T14:24:29.601+0200] {logging_mixin.py:190} INFO - [2024-09-27T14:24:29.601+0200] {dag.py:3239} INFO - Sync 2 DAGs
[2024-09-27T14:24:29.612+0200] {logging_mixin.py:190} INFO - [2024-09-27T14:24:29.612+0200] {dag.py:4180} INFO - Setting next_dagrun for example_xcom_args to None, run_after=None
[2024-09-27T14:24:29.614+0200] {logging_mixin.py:190} INFO - [2024-09-27T14:24:29.614+0200] {dag.py:4180} INFO - Setting next_dagrun for example_xcom_args_with_operators to None, run_after=None
[2024-09-27T14:24:29.627+0200] {processor.py:208} INFO - Processing /home/julian/.cache/pypoetry/virtualenvs/real-time-data-lake-QWGm5iRW-py3.11/lib/python3.11/site-packages/airflow/example_dags/example_xcomargs.py took 0.078 seconds
[2024-09-27T14:25:21.594+0200] {processor.py:186} INFO - Started process (PID=280766) to work on /home/julian/.cache/pypoetry/virtualenvs/real-time-data-lake-QWGm5iRW-py3.11/lib/python3.11/site-packages/airflow/example_dags/example_xcomargs.py
[2024-09-27T14:25:21.599+0200] {processor.py:914} INFO - Processing file /home/julian/.cache/pypoetry/virtualenvs/real-time-data-lake-QWGm5iRW-py3.11/lib/python3.11/site-packages/airflow/example_dags/example_xcomargs.py for tasks to queue
[2024-09-27T14:25:21.601+0200] {logging_mixin.py:190} INFO - [2024-09-27T14:25:21.601+0200] {dagbag.py:588} INFO - Filling up the DagBag from /home/julian/.cache/pypoetry/virtualenvs/real-time-data-lake-QWGm5iRW-py3.11/lib/python3.11/site-packages/airflow/example_dags/example_xcomargs.py
[2024-09-27T14:25:21.608+0200] {processor.py:925} INFO - DAG(s) 'example_xcom_args', 'example_xcom_args_with_operators' retrieved from /home/julian/.cache/pypoetry/virtualenvs/real-time-data-lake-QWGm5iRW-py3.11/lib/python3.11/site-packages/airflow/example_dags/example_xcomargs.py
[2024-09-27T14:25:21.619+0200] {logging_mixin.py:190} INFO - [2024-09-27T14:25:21.619+0200] {dag.py:3239} INFO - Sync 2 DAGs
[2024-09-27T14:25:21.626+0200] {logging_mixin.py:190} INFO - [2024-09-27T14:25:21.626+0200] {dag.py:4180} INFO - Setting next_dagrun for example_xcom_args to None, run_after=None
[2024-09-27T14:25:21.628+0200] {logging_mixin.py:190} INFO - [2024-09-27T14:25:21.628+0200] {dag.py:4180} INFO - Setting next_dagrun for example_xcom_args_with_operators to None, run_after=None
[2024-09-27T14:25:21.640+0200] {processor.py:208} INFO - Processing /home/julian/.cache/pypoetry/virtualenvs/real-time-data-lake-QWGm5iRW-py3.11/lib/python3.11/site-packages/airflow/example_dags/example_xcomargs.py took 0.050 seconds
[2024-09-27T14:30:20.092+0200] {processor.py:186} INFO - Started process (PID=281401) to work on /home/julian/.cache/pypoetry/virtualenvs/real-time-data-lake-QWGm5iRW-py3.11/lib/python3.11/site-packages/airflow/example_dags/example_xcomargs.py
[2024-09-27T14:30:20.098+0200] {processor.py:914} INFO - Processing file /home/julian/.cache/pypoetry/virtualenvs/real-time-data-lake-QWGm5iRW-py3.11/lib/python3.11/site-packages/airflow/example_dags/example_xcomargs.py for tasks to queue
[2024-09-27T14:30:20.101+0200] {logging_mixin.py:190} INFO - [2024-09-27T14:30:20.100+0200] {dagbag.py:588} INFO - Filling up the DagBag from /home/julian/.cache/pypoetry/virtualenvs/real-time-data-lake-QWGm5iRW-py3.11/lib/python3.11/site-packages/airflow/example_dags/example_xcomargs.py
[2024-09-27T14:30:20.116+0200] {processor.py:925} INFO - DAG(s) 'example_xcom_args', 'example_xcom_args_with_operators' retrieved from /home/julian/.cache/pypoetry/virtualenvs/real-time-data-lake-QWGm5iRW-py3.11/lib/python3.11/site-packages/airflow/example_dags/example_xcomargs.py
[2024-09-27T14:30:20.142+0200] {logging_mixin.py:190} INFO - [2024-09-27T14:30:20.142+0200] {dag.py:3239} INFO - Sync 2 DAGs
[2024-09-27T14:30:20.150+0200] {logging_mixin.py:190} INFO - [2024-09-27T14:30:20.150+0200] {dag.py:4180} INFO - Setting next_dagrun for example_xcom_args to None, run_after=None
[2024-09-27T14:30:20.153+0200] {logging_mixin.py:190} INFO - [2024-09-27T14:30:20.152+0200] {dag.py:4180} INFO - Setting next_dagrun for example_xcom_args_with_operators to None, run_after=None
[2024-09-27T14:30:20.164+0200] {processor.py:208} INFO - Processing /home/julian/.cache/pypoetry/virtualenvs/real-time-data-lake-QWGm5iRW-py3.11/lib/python3.11/site-packages/airflow/example_dags/example_xcomargs.py took 0.079 seconds
[2024-09-27T14:31:14.009+0200] {processor.py:186} INFO - Started process (PID=281519) to work on /home/julian/.cache/pypoetry/virtualenvs/real-time-data-lake-QWGm5iRW-py3.11/lib/python3.11/site-packages/airflow/example_dags/example_xcomargs.py
[2024-09-27T14:31:14.014+0200] {processor.py:914} INFO - Processing file /home/julian/.cache/pypoetry/virtualenvs/real-time-data-lake-QWGm5iRW-py3.11/lib/python3.11/site-packages/airflow/example_dags/example_xcomargs.py for tasks to queue
[2024-09-27T14:31:14.017+0200] {logging_mixin.py:190} INFO - [2024-09-27T14:31:14.017+0200] {dagbag.py:588} INFO - Filling up the DagBag from /home/julian/.cache/pypoetry/virtualenvs/real-time-data-lake-QWGm5iRW-py3.11/lib/python3.11/site-packages/airflow/example_dags/example_xcomargs.py
[2024-09-27T14:31:14.030+0200] {processor.py:925} INFO - DAG(s) 'example_xcom_args', 'example_xcom_args_with_operators' retrieved from /home/julian/.cache/pypoetry/virtualenvs/real-time-data-lake-QWGm5iRW-py3.11/lib/python3.11/site-packages/airflow/example_dags/example_xcomargs.py
[2024-09-27T14:31:14.056+0200] {logging_mixin.py:190} INFO - [2024-09-27T14:31:14.055+0200] {dag.py:3239} INFO - Sync 2 DAGs
[2024-09-27T14:31:14.065+0200] {logging_mixin.py:190} INFO - [2024-09-27T14:31:14.065+0200] {dag.py:4180} INFO - Setting next_dagrun for example_xcom_args to None, run_after=None
[2024-09-27T14:31:14.067+0200] {logging_mixin.py:190} INFO - [2024-09-27T14:31:14.067+0200] {dag.py:4180} INFO - Setting next_dagrun for example_xcom_args_with_operators to None, run_after=None
[2024-09-27T14:31:14.079+0200] {processor.py:208} INFO - Processing /home/julian/.cache/pypoetry/virtualenvs/real-time-data-lake-QWGm5iRW-py3.11/lib/python3.11/site-packages/airflow/example_dags/example_xcomargs.py took 0.077 seconds
[2024-09-27T14:32:03.713+0200] {processor.py:186} INFO - Started process (PID=281599) to work on /home/julian/.cache/pypoetry/virtualenvs/real-time-data-lake-QWGm5iRW-py3.11/lib/python3.11/site-packages/airflow/example_dags/example_xcomargs.py
[2024-09-27T14:32:03.719+0200] {processor.py:914} INFO - Processing file /home/julian/.cache/pypoetry/virtualenvs/real-time-data-lake-QWGm5iRW-py3.11/lib/python3.11/site-packages/airflow/example_dags/example_xcomargs.py for tasks to queue
[2024-09-27T14:32:03.722+0200] {logging_mixin.py:190} INFO - [2024-09-27T14:32:03.721+0200] {dagbag.py:588} INFO - Filling up the DagBag from /home/julian/.cache/pypoetry/virtualenvs/real-time-data-lake-QWGm5iRW-py3.11/lib/python3.11/site-packages/airflow/example_dags/example_xcomargs.py
[2024-09-27T14:32:03.735+0200] {processor.py:925} INFO - DAG(s) 'example_xcom_args_with_operators', 'example_xcom_args' retrieved from /home/julian/.cache/pypoetry/virtualenvs/real-time-data-lake-QWGm5iRW-py3.11/lib/python3.11/site-packages/airflow/example_dags/example_xcomargs.py
[2024-09-27T14:32:03.760+0200] {logging_mixin.py:190} INFO - [2024-09-27T14:32:03.759+0200] {dag.py:3239} INFO - Sync 2 DAGs
[2024-09-27T14:32:03.769+0200] {logging_mixin.py:190} INFO - [2024-09-27T14:32:03.769+0200] {dag.py:4180} INFO - Setting next_dagrun for example_xcom_args to None, run_after=None
[2024-09-27T14:32:03.771+0200] {logging_mixin.py:190} INFO - [2024-09-27T14:32:03.771+0200] {dag.py:4180} INFO - Setting next_dagrun for example_xcom_args_with_operators to None, run_after=None
[2024-09-27T14:32:03.783+0200] {processor.py:208} INFO - Processing /home/julian/.cache/pypoetry/virtualenvs/real-time-data-lake-QWGm5iRW-py3.11/lib/python3.11/site-packages/airflow/example_dags/example_xcomargs.py took 0.077 seconds
[2024-09-27T14:32:52.684+0200] {processor.py:186} INFO - Started process (PID=281750) to work on /home/julian/.cache/pypoetry/virtualenvs/real-time-data-lake-QWGm5iRW-py3.11/lib/python3.11/site-packages/airflow/example_dags/example_xcomargs.py
[2024-09-27T14:32:52.690+0200] {processor.py:914} INFO - Processing file /home/julian/.cache/pypoetry/virtualenvs/real-time-data-lake-QWGm5iRW-py3.11/lib/python3.11/site-packages/airflow/example_dags/example_xcomargs.py for tasks to queue
[2024-09-27T14:32:52.692+0200] {logging_mixin.py:190} INFO - [2024-09-27T14:32:52.692+0200] {dagbag.py:588} INFO - Filling up the DagBag from /home/julian/.cache/pypoetry/virtualenvs/real-time-data-lake-QWGm5iRW-py3.11/lib/python3.11/site-packages/airflow/example_dags/example_xcomargs.py
[2024-09-27T14:32:52.698+0200] {processor.py:925} INFO - DAG(s) 'example_xcom_args', 'example_xcom_args_with_operators' retrieved from /home/julian/.cache/pypoetry/virtualenvs/real-time-data-lake-QWGm5iRW-py3.11/lib/python3.11/site-packages/airflow/example_dags/example_xcomargs.py
[2024-09-27T14:32:52.709+0200] {logging_mixin.py:190} INFO - [2024-09-27T14:32:52.709+0200] {dag.py:3239} INFO - Sync 2 DAGs
[2024-09-27T14:32:52.717+0200] {logging_mixin.py:190} INFO - [2024-09-27T14:32:52.717+0200] {dag.py:4180} INFO - Setting next_dagrun for example_xcom_args to None, run_after=None
[2024-09-27T14:32:52.719+0200] {logging_mixin.py:190} INFO - [2024-09-27T14:32:52.719+0200] {dag.py:4180} INFO - Setting next_dagrun for example_xcom_args_with_operators to None, run_after=None
[2024-09-27T14:32:52.731+0200] {processor.py:208} INFO - Processing /home/julian/.cache/pypoetry/virtualenvs/real-time-data-lake-QWGm5iRW-py3.11/lib/python3.11/site-packages/airflow/example_dags/example_xcomargs.py took 0.053 seconds
[2024-09-27T14:33:41.277+0200] {processor.py:186} INFO - Started process (PID=281826) to work on /home/julian/.cache/pypoetry/virtualenvs/real-time-data-lake-QWGm5iRW-py3.11/lib/python3.11/site-packages/airflow/example_dags/example_xcomargs.py
[2024-09-27T14:33:41.283+0200] {processor.py:914} INFO - Processing file /home/julian/.cache/pypoetry/virtualenvs/real-time-data-lake-QWGm5iRW-py3.11/lib/python3.11/site-packages/airflow/example_dags/example_xcomargs.py for tasks to queue
[2024-09-27T14:33:41.285+0200] {logging_mixin.py:190} INFO - [2024-09-27T14:33:41.285+0200] {dagbag.py:588} INFO - Filling up the DagBag from /home/julian/.cache/pypoetry/virtualenvs/real-time-data-lake-QWGm5iRW-py3.11/lib/python3.11/site-packages/airflow/example_dags/example_xcomargs.py
[2024-09-27T14:33:41.293+0200] {processor.py:925} INFO - DAG(s) 'example_xcom_args', 'example_xcom_args_with_operators' retrieved from /home/julian/.cache/pypoetry/virtualenvs/real-time-data-lake-QWGm5iRW-py3.11/lib/python3.11/site-packages/airflow/example_dags/example_xcomargs.py
[2024-09-27T14:33:41.304+0200] {logging_mixin.py:190} INFO - [2024-09-27T14:33:41.304+0200] {dag.py:3239} INFO - Sync 2 DAGs
[2024-09-27T14:33:41.312+0200] {logging_mixin.py:190} INFO - [2024-09-27T14:33:41.312+0200] {dag.py:4180} INFO - Setting next_dagrun for example_xcom_args to None, run_after=None
[2024-09-27T14:33:41.314+0200] {logging_mixin.py:190} INFO - [2024-09-27T14:33:41.314+0200] {dag.py:4180} INFO - Setting next_dagrun for example_xcom_args_with_operators to None, run_after=None
[2024-09-27T14:33:41.329+0200] {processor.py:208} INFO - Processing /home/julian/.cache/pypoetry/virtualenvs/real-time-data-lake-QWGm5iRW-py3.11/lib/python3.11/site-packages/airflow/example_dags/example_xcomargs.py took 0.055 seconds
[2024-09-27T14:34:31.350+0200] {processor.py:186} INFO - Started process (PID=281939) to work on /home/julian/.cache/pypoetry/virtualenvs/real-time-data-lake-QWGm5iRW-py3.11/lib/python3.11/site-packages/airflow/example_dags/example_xcomargs.py
[2024-09-27T14:34:31.356+0200] {processor.py:914} INFO - Processing file /home/julian/.cache/pypoetry/virtualenvs/real-time-data-lake-QWGm5iRW-py3.11/lib/python3.11/site-packages/airflow/example_dags/example_xcomargs.py for tasks to queue
[2024-09-27T14:34:31.359+0200] {logging_mixin.py:190} INFO - [2024-09-27T14:34:31.358+0200] {dagbag.py:588} INFO - Filling up the DagBag from /home/julian/.cache/pypoetry/virtualenvs/real-time-data-lake-QWGm5iRW-py3.11/lib/python3.11/site-packages/airflow/example_dags/example_xcomargs.py
[2024-09-27T14:34:31.372+0200] {processor.py:925} INFO - DAG(s) 'example_xcom_args', 'example_xcom_args_with_operators' retrieved from /home/julian/.cache/pypoetry/virtualenvs/real-time-data-lake-QWGm5iRW-py3.11/lib/python3.11/site-packages/airflow/example_dags/example_xcomargs.py
[2024-09-27T14:34:31.397+0200] {logging_mixin.py:190} INFO - [2024-09-27T14:34:31.397+0200] {dag.py:3239} INFO - Sync 2 DAGs
[2024-09-27T14:34:31.408+0200] {logging_mixin.py:190} INFO - [2024-09-27T14:34:31.408+0200] {dag.py:4180} INFO - Setting next_dagrun for example_xcom_args to None, run_after=None
[2024-09-27T14:34:31.410+0200] {logging_mixin.py:190} INFO - [2024-09-27T14:34:31.410+0200] {dag.py:4180} INFO - Setting next_dagrun for example_xcom_args_with_operators to None, run_after=None
[2024-09-27T14:34:31.423+0200] {processor.py:208} INFO - Processing /home/julian/.cache/pypoetry/virtualenvs/real-time-data-lake-QWGm5iRW-py3.11/lib/python3.11/site-packages/airflow/example_dags/example_xcomargs.py took 0.081 seconds
[2024-09-27T14:35:18.453+0200] {processor.py:186} INFO - Started process (PID=282145) to work on /home/julian/.cache/pypoetry/virtualenvs/real-time-data-lake-QWGm5iRW-py3.11/lib/python3.11/site-packages/airflow/example_dags/example_xcomargs.py
[2024-09-27T14:35:18.459+0200] {processor.py:914} INFO - Processing file /home/julian/.cache/pypoetry/virtualenvs/real-time-data-lake-QWGm5iRW-py3.11/lib/python3.11/site-packages/airflow/example_dags/example_xcomargs.py for tasks to queue
[2024-09-27T14:35:18.463+0200] {logging_mixin.py:190} INFO - [2024-09-27T14:35:18.462+0200] {dagbag.py:588} INFO - Filling up the DagBag from /home/julian/.cache/pypoetry/virtualenvs/real-time-data-lake-QWGm5iRW-py3.11/lib/python3.11/site-packages/airflow/example_dags/example_xcomargs.py
[2024-09-27T14:35:18.476+0200] {processor.py:925} INFO - DAG(s) 'example_xcom_args_with_operators', 'example_xcom_args' retrieved from /home/julian/.cache/pypoetry/virtualenvs/real-time-data-lake-QWGm5iRW-py3.11/lib/python3.11/site-packages/airflow/example_dags/example_xcomargs.py
[2024-09-27T14:35:18.499+0200] {logging_mixin.py:190} INFO - [2024-09-27T14:35:18.499+0200] {dag.py:3239} INFO - Sync 2 DAGs
[2024-09-27T14:35:18.508+0200] {logging_mixin.py:190} INFO - [2024-09-27T14:35:18.508+0200] {dag.py:4180} INFO - Setting next_dagrun for example_xcom_args to None, run_after=None
[2024-09-27T14:35:18.510+0200] {logging_mixin.py:190} INFO - [2024-09-27T14:35:18.510+0200] {dag.py:4180} INFO - Setting next_dagrun for example_xcom_args_with_operators to None, run_after=None
[2024-09-27T14:35:18.522+0200] {processor.py:208} INFO - Processing /home/julian/.cache/pypoetry/virtualenvs/real-time-data-lake-QWGm5iRW-py3.11/lib/python3.11/site-packages/airflow/example_dags/example_xcomargs.py took 0.076 seconds
[2024-09-27T14:36:06.115+0200] {processor.py:186} INFO - Started process (PID=282225) to work on /home/julian/.cache/pypoetry/virtualenvs/real-time-data-lake-QWGm5iRW-py3.11/lib/python3.11/site-packages/airflow/example_dags/example_xcomargs.py
[2024-09-27T14:36:06.121+0200] {processor.py:914} INFO - Processing file /home/julian/.cache/pypoetry/virtualenvs/real-time-data-lake-QWGm5iRW-py3.11/lib/python3.11/site-packages/airflow/example_dags/example_xcomargs.py for tasks to queue
[2024-09-27T14:36:06.124+0200] {logging_mixin.py:190} INFO - [2024-09-27T14:36:06.123+0200] {dagbag.py:588} INFO - Filling up the DagBag from /home/julian/.cache/pypoetry/virtualenvs/real-time-data-lake-QWGm5iRW-py3.11/lib/python3.11/site-packages/airflow/example_dags/example_xcomargs.py
[2024-09-27T14:36:06.137+0200] {processor.py:925} INFO - DAG(s) 'example_xcom_args', 'example_xcom_args_with_operators' retrieved from /home/julian/.cache/pypoetry/virtualenvs/real-time-data-lake-QWGm5iRW-py3.11/lib/python3.11/site-packages/airflow/example_dags/example_xcomargs.py
[2024-09-27T14:36:06.162+0200] {logging_mixin.py:190} INFO - [2024-09-27T14:36:06.162+0200] {dag.py:3239} INFO - Sync 2 DAGs
[2024-09-27T14:36:06.172+0200] {logging_mixin.py:190} INFO - [2024-09-27T14:36:06.172+0200] {dag.py:4180} INFO - Setting next_dagrun for example_xcom_args to None, run_after=None
[2024-09-27T14:36:06.174+0200] {logging_mixin.py:190} INFO - [2024-09-27T14:36:06.174+0200] {dag.py:4180} INFO - Setting next_dagrun for example_xcom_args_with_operators to None, run_after=None
[2024-09-27T14:36:06.186+0200] {processor.py:208} INFO - Processing /home/julian/.cache/pypoetry/virtualenvs/real-time-data-lake-QWGm5iRW-py3.11/lib/python3.11/site-packages/airflow/example_dags/example_xcomargs.py took 0.077 seconds
[2024-09-27T14:36:53.592+0200] {processor.py:186} INFO - Started process (PID=282296) to work on /home/julian/.cache/pypoetry/virtualenvs/real-time-data-lake-QWGm5iRW-py3.11/lib/python3.11/site-packages/airflow/example_dags/example_xcomargs.py
[2024-09-27T14:36:53.598+0200] {processor.py:914} INFO - Processing file /home/julian/.cache/pypoetry/virtualenvs/real-time-data-lake-QWGm5iRW-py3.11/lib/python3.11/site-packages/airflow/example_dags/example_xcomargs.py for tasks to queue
[2024-09-27T14:36:53.601+0200] {logging_mixin.py:190} INFO - [2024-09-27T14:36:53.601+0200] {dagbag.py:588} INFO - Filling up the DagBag from /home/julian/.cache/pypoetry/virtualenvs/real-time-data-lake-QWGm5iRW-py3.11/lib/python3.11/site-packages/airflow/example_dags/example_xcomargs.py
[2024-09-27T14:36:53.613+0200] {processor.py:925} INFO - DAG(s) 'example_xcom_args', 'example_xcom_args_with_operators' retrieved from /home/julian/.cache/pypoetry/virtualenvs/real-time-data-lake-QWGm5iRW-py3.11/lib/python3.11/site-packages/airflow/example_dags/example_xcomargs.py
[2024-09-27T14:36:53.636+0200] {logging_mixin.py:190} INFO - [2024-09-27T14:36:53.635+0200] {dag.py:3239} INFO - Sync 2 DAGs
[2024-09-27T14:36:53.647+0200] {logging_mixin.py:190} INFO - [2024-09-27T14:36:53.647+0200] {dag.py:4180} INFO - Setting next_dagrun for example_xcom_args to None, run_after=None
[2024-09-27T14:36:53.650+0200] {logging_mixin.py:190} INFO - [2024-09-27T14:36:53.649+0200] {dag.py:4180} INFO - Setting next_dagrun for example_xcom_args_with_operators to None, run_after=None
[2024-09-27T14:36:53.662+0200] {processor.py:208} INFO - Processing /home/julian/.cache/pypoetry/virtualenvs/real-time-data-lake-QWGm5iRW-py3.11/lib/python3.11/site-packages/airflow/example_dags/example_xcomargs.py took 0.077 seconds
[2024-09-27T14:37:44.864+0200] {processor.py:186} INFO - Started process (PID=282512) to work on /home/julian/.cache/pypoetry/virtualenvs/real-time-data-lake-QWGm5iRW-py3.11/lib/python3.11/site-packages/airflow/example_dags/example_xcomargs.py
[2024-09-27T14:37:44.870+0200] {processor.py:914} INFO - Processing file /home/julian/.cache/pypoetry/virtualenvs/real-time-data-lake-QWGm5iRW-py3.11/lib/python3.11/site-packages/airflow/example_dags/example_xcomargs.py for tasks to queue
[2024-09-27T14:37:44.873+0200] {logging_mixin.py:190} INFO - [2024-09-27T14:37:44.873+0200] {dagbag.py:588} INFO - Filling up the DagBag from /home/julian/.cache/pypoetry/virtualenvs/real-time-data-lake-QWGm5iRW-py3.11/lib/python3.11/site-packages/airflow/example_dags/example_xcomargs.py
[2024-09-27T14:37:44.887+0200] {processor.py:925} INFO - DAG(s) 'example_xcom_args_with_operators', 'example_xcom_args' retrieved from /home/julian/.cache/pypoetry/virtualenvs/real-time-data-lake-QWGm5iRW-py3.11/lib/python3.11/site-packages/airflow/example_dags/example_xcomargs.py
[2024-09-27T14:37:44.912+0200] {logging_mixin.py:190} INFO - [2024-09-27T14:37:44.911+0200] {dag.py:3239} INFO - Sync 2 DAGs
[2024-09-27T14:37:44.921+0200] {logging_mixin.py:190} INFO - [2024-09-27T14:37:44.920+0200] {dag.py:4180} INFO - Setting next_dagrun for example_xcom_args to None, run_after=None
[2024-09-27T14:37:44.923+0200] {logging_mixin.py:190} INFO - [2024-09-27T14:37:44.922+0200] {dag.py:4180} INFO - Setting next_dagrun for example_xcom_args_with_operators to None, run_after=None
[2024-09-27T14:37:44.934+0200] {processor.py:208} INFO - Processing /home/julian/.cache/pypoetry/virtualenvs/real-time-data-lake-QWGm5iRW-py3.11/lib/python3.11/site-packages/airflow/example_dags/example_xcomargs.py took 0.077 seconds
[2024-09-27T14:38:36.384+0200] {processor.py:186} INFO - Started process (PID=282762) to work on /home/julian/.cache/pypoetry/virtualenvs/real-time-data-lake-QWGm5iRW-py3.11/lib/python3.11/site-packages/airflow/example_dags/example_xcomargs.py
[2024-09-27T14:38:36.390+0200] {processor.py:914} INFO - Processing file /home/julian/.cache/pypoetry/virtualenvs/real-time-data-lake-QWGm5iRW-py3.11/lib/python3.11/site-packages/airflow/example_dags/example_xcomargs.py for tasks to queue
[2024-09-27T14:38:36.393+0200] {logging_mixin.py:190} INFO - [2024-09-27T14:38:36.392+0200] {dagbag.py:588} INFO - Filling up the DagBag from /home/julian/.cache/pypoetry/virtualenvs/real-time-data-lake-QWGm5iRW-py3.11/lib/python3.11/site-packages/airflow/example_dags/example_xcomargs.py
[2024-09-27T14:38:36.406+0200] {processor.py:925} INFO - DAG(s) 'example_xcom_args', 'example_xcom_args_with_operators' retrieved from /home/julian/.cache/pypoetry/virtualenvs/real-time-data-lake-QWGm5iRW-py3.11/lib/python3.11/site-packages/airflow/example_dags/example_xcomargs.py
[2024-09-27T14:38:36.432+0200] {logging_mixin.py:190} INFO - [2024-09-27T14:38:36.432+0200] {dag.py:3239} INFO - Sync 2 DAGs
[2024-09-27T14:38:36.441+0200] {logging_mixin.py:190} INFO - [2024-09-27T14:38:36.441+0200] {dag.py:4180} INFO - Setting next_dagrun for example_xcom_args to None, run_after=None
[2024-09-27T14:38:36.443+0200] {logging_mixin.py:190} INFO - [2024-09-27T14:38:36.443+0200] {dag.py:4180} INFO - Setting next_dagrun for example_xcom_args_with_operators to None, run_after=None
[2024-09-27T14:38:36.456+0200] {processor.py:208} INFO - Processing /home/julian/.cache/pypoetry/virtualenvs/real-time-data-lake-QWGm5iRW-py3.11/lib/python3.11/site-packages/airflow/example_dags/example_xcomargs.py took 0.079 seconds
