[2024-09-27T14:20:12.527+0200] {processor.py:186} INFO - Started process (PID=280015) to work on /home/julian/.cache/pypoetry/virtualenvs/real-time-data-lake-QWGm5iRW-py3.11/lib/python3.11/site-packages/airflow/example_dags/example_sla_dag.py
[2024-09-27T14:20:12.528+0200] {processor.py:914} INFO - Processing file /home/julian/.cache/pypoetry/virtualenvs/real-time-data-lake-QWGm5iRW-py3.11/lib/python3.11/site-packages/airflow/example_dags/example_sla_dag.py for tasks to queue
[2024-09-27T14:20:12.529+0200] {logging_mixin.py:190} INFO - [2024-09-27T14:20:12.529+0200] {dagbag.py:588} INFO - Filling up the DagBag from /home/julian/.cache/pypoetry/virtualenvs/real-time-data-lake-QWGm5iRW-py3.11/lib/python3.11/site-packages/airflow/example_dags/example_sla_dag.py
[2024-09-27T14:20:12.535+0200] {processor.py:925} INFO - DAG(s) 'example_sla_dag' retrieved from /home/julian/.cache/pypoetry/virtualenvs/real-time-data-lake-QWGm5iRW-py3.11/lib/python3.11/site-packages/airflow/example_dags/example_sla_dag.py
[2024-09-27T14:20:12.602+0200] {logging_mixin.py:190} INFO - [2024-09-27T14:20:12.601+0200] {override.py:1901} INFO - Created Permission View: can delete on DAG:example_sla_dag
[2024-09-27T14:20:12.610+0200] {logging_mixin.py:190} INFO - [2024-09-27T14:20:12.610+0200] {override.py:1901} INFO - Created Permission View: can read on DAG:example_sla_dag
[2024-09-27T14:20:12.615+0200] {logging_mixin.py:190} INFO - [2024-09-27T14:20:12.615+0200] {override.py:1901} INFO - Created Permission View: can edit on DAG:example_sla_dag
[2024-09-27T14:20:12.626+0200] {logging_mixin.py:190} INFO - [2024-09-27T14:20:12.626+0200] {override.py:1901} INFO - Created Permission View: can create on DAG Run:example_sla_dag
[2024-09-27T14:20:12.632+0200] {logging_mixin.py:190} INFO - [2024-09-27T14:20:12.632+0200] {override.py:1901} INFO - Created Permission View: can delete on DAG Run:example_sla_dag
[2024-09-27T14:20:12.637+0200] {logging_mixin.py:190} INFO - [2024-09-27T14:20:12.637+0200] {override.py:1901} INFO - Created Permission View: can read on DAG Run:example_sla_dag
[2024-09-27T14:20:12.642+0200] {logging_mixin.py:190} INFO - [2024-09-27T14:20:12.642+0200] {override.py:1901} INFO - Created Permission View: menu access on DAG Run:example_sla_dag
[2024-09-27T14:20:12.643+0200] {logging_mixin.py:190} INFO - [2024-09-27T14:20:12.643+0200] {dag.py:3239} INFO - Sync 1 DAGs
[2024-09-27T14:20:12.650+0200] {logging_mixin.py:190} INFO - [2024-09-27T14:20:12.650+0200] {dag.py:3262} INFO - Creating ORM DAG for example_sla_dag
[2024-09-27T14:20:12.657+0200] {logging_mixin.py:190} INFO - [2024-09-27T14:20:12.657+0200] {dag.py:4180} INFO - Setting next_dagrun for example_sla_dag to 2024-09-27 12:18:00+00:00, run_after=2024-09-27 12:20:00+00:00
[2024-09-27T14:20:12.669+0200] {processor.py:208} INFO - Processing /home/julian/.cache/pypoetry/virtualenvs/real-time-data-lake-QWGm5iRW-py3.11/lib/python3.11/site-packages/airflow/example_dags/example_sla_dag.py took 0.145 seconds
[2024-09-27T14:21:13.211+0200] {processor.py:186} INFO - Started process (PID=280114) to work on /home/julian/.cache/pypoetry/virtualenvs/real-time-data-lake-QWGm5iRW-py3.11/lib/python3.11/site-packages/airflow/example_dags/example_sla_dag.py
[2024-09-27T14:21:13.217+0200] {processor.py:914} INFO - Processing file /home/julian/.cache/pypoetry/virtualenvs/real-time-data-lake-QWGm5iRW-py3.11/lib/python3.11/site-packages/airflow/example_dags/example_sla_dag.py for tasks to queue
[2024-09-27T14:21:13.221+0200] {logging_mixin.py:190} INFO - [2024-09-27T14:21:13.220+0200] {dagbag.py:588} INFO - Filling up the DagBag from /home/julian/.cache/pypoetry/virtualenvs/real-time-data-lake-QWGm5iRW-py3.11/lib/python3.11/site-packages/airflow/example_dags/example_sla_dag.py
[2024-09-27T14:21:13.233+0200] {processor.py:925} INFO - DAG(s) 'example_sla_dag' retrieved from /home/julian/.cache/pypoetry/virtualenvs/real-time-data-lake-QWGm5iRW-py3.11/lib/python3.11/site-packages/airflow/example_dags/example_sla_dag.py
[2024-09-27T14:21:13.253+0200] {logging_mixin.py:190} INFO - [2024-09-27T14:21:13.252+0200] {dag.py:3239} INFO - Sync 1 DAGs
[2024-09-27T14:21:13.272+0200] {logging_mixin.py:190} INFO - [2024-09-27T14:21:13.272+0200] {dag.py:4180} INFO - Setting next_dagrun for example_sla_dag to 2024-09-27 12:18:00+00:00, run_after=2024-09-27 12:20:00+00:00
[2024-09-27T14:21:13.285+0200] {processor.py:208} INFO - Processing /home/julian/.cache/pypoetry/virtualenvs/real-time-data-lake-QWGm5iRW-py3.11/lib/python3.11/site-packages/airflow/example_dags/example_sla_dag.py took 0.081 seconds
[2024-09-27T14:21:56.650+0200] {processor.py:186} INFO - Started process (PID=280217) to work on /home/julian/.cache/pypoetry/virtualenvs/real-time-data-lake-QWGm5iRW-py3.11/lib/python3.11/site-packages/airflow/example_dags/example_sla_dag.py
[2024-09-27T14:21:56.656+0200] {processor.py:914} INFO - Processing file /home/julian/.cache/pypoetry/virtualenvs/real-time-data-lake-QWGm5iRW-py3.11/lib/python3.11/site-packages/airflow/example_dags/example_sla_dag.py for tasks to queue
[2024-09-27T14:21:56.658+0200] {logging_mixin.py:190} INFO - [2024-09-27T14:21:56.658+0200] {dagbag.py:588} INFO - Filling up the DagBag from /home/julian/.cache/pypoetry/virtualenvs/real-time-data-lake-QWGm5iRW-py3.11/lib/python3.11/site-packages/airflow/example_dags/example_sla_dag.py
[2024-09-27T14:21:56.664+0200] {processor.py:925} INFO - DAG(s) 'example_sla_dag' retrieved from /home/julian/.cache/pypoetry/virtualenvs/real-time-data-lake-QWGm5iRW-py3.11/lib/python3.11/site-packages/airflow/example_dags/example_sla_dag.py
[2024-09-27T14:21:56.675+0200] {logging_mixin.py:190} INFO - [2024-09-27T14:21:56.675+0200] {dag.py:3239} INFO - Sync 1 DAGs
[2024-09-27T14:21:56.689+0200] {logging_mixin.py:190} INFO - [2024-09-27T14:21:56.689+0200] {dag.py:4180} INFO - Setting next_dagrun for example_sla_dag to 2024-09-27 12:18:00+00:00, run_after=2024-09-27 12:20:00+00:00
[2024-09-27T14:21:56.702+0200] {processor.py:208} INFO - Processing /home/julian/.cache/pypoetry/virtualenvs/real-time-data-lake-QWGm5iRW-py3.11/lib/python3.11/site-packages/airflow/example_dags/example_sla_dag.py took 0.055 seconds
[2024-09-27T14:22:50.053+0200] {processor.py:186} INFO - Started process (PID=280314) to work on /home/julian/.cache/pypoetry/virtualenvs/real-time-data-lake-QWGm5iRW-py3.11/lib/python3.11/site-packages/airflow/example_dags/example_sla_dag.py
[2024-09-27T14:22:50.059+0200] {processor.py:914} INFO - Processing file /home/julian/.cache/pypoetry/virtualenvs/real-time-data-lake-QWGm5iRW-py3.11/lib/python3.11/site-packages/airflow/example_dags/example_sla_dag.py for tasks to queue
[2024-09-27T14:22:50.062+0200] {logging_mixin.py:190} INFO - [2024-09-27T14:22:50.062+0200] {dagbag.py:588} INFO - Filling up the DagBag from /home/julian/.cache/pypoetry/virtualenvs/real-time-data-lake-QWGm5iRW-py3.11/lib/python3.11/site-packages/airflow/example_dags/example_sla_dag.py
[2024-09-27T14:22:50.075+0200] {processor.py:925} INFO - DAG(s) 'example_sla_dag' retrieved from /home/julian/.cache/pypoetry/virtualenvs/real-time-data-lake-QWGm5iRW-py3.11/lib/python3.11/site-packages/airflow/example_dags/example_sla_dag.py
[2024-09-27T14:22:50.093+0200] {logging_mixin.py:190} INFO - [2024-09-27T14:22:50.093+0200] {dag.py:3239} INFO - Sync 1 DAGs
[2024-09-27T14:22:50.112+0200] {logging_mixin.py:190} INFO - [2024-09-27T14:22:50.112+0200] {dag.py:4180} INFO - Setting next_dagrun for example_sla_dag to 2024-09-27 12:20:00+00:00, run_after=2024-09-27 12:22:00+00:00
[2024-09-27T14:22:50.125+0200] {processor.py:208} INFO - Processing /home/julian/.cache/pypoetry/virtualenvs/real-time-data-lake-QWGm5iRW-py3.11/lib/python3.11/site-packages/airflow/example_dags/example_sla_dag.py took 0.078 seconds
[2024-09-27T14:23:41.947+0200] {processor.py:186} INFO - Started process (PID=280456) to work on /home/julian/.cache/pypoetry/virtualenvs/real-time-data-lake-QWGm5iRW-py3.11/lib/python3.11/site-packages/airflow/example_dags/example_sla_dag.py
[2024-09-27T14:23:41.948+0200] {processor.py:914} INFO - Processing file /home/julian/.cache/pypoetry/virtualenvs/real-time-data-lake-QWGm5iRW-py3.11/lib/python3.11/site-packages/airflow/example_dags/example_sla_dag.py for tasks to queue
[2024-09-27T14:23:41.951+0200] {logging_mixin.py:190} INFO - [2024-09-27T14:23:41.951+0200] {dagbag.py:588} INFO - Filling up the DagBag from /home/julian/.cache/pypoetry/virtualenvs/real-time-data-lake-QWGm5iRW-py3.11/lib/python3.11/site-packages/airflow/example_dags/example_sla_dag.py
[2024-09-27T14:23:41.958+0200] {processor.py:925} INFO - DAG(s) 'example_sla_dag' retrieved from /home/julian/.cache/pypoetry/virtualenvs/real-time-data-lake-QWGm5iRW-py3.11/lib/python3.11/site-packages/airflow/example_dags/example_sla_dag.py
[2024-09-27T14:23:41.967+0200] {logging_mixin.py:190} INFO - [2024-09-27T14:23:41.967+0200] {dag.py:3239} INFO - Sync 1 DAGs
[2024-09-27T14:23:41.982+0200] {logging_mixin.py:190} INFO - [2024-09-27T14:23:41.982+0200] {dag.py:4180} INFO - Setting next_dagrun for example_sla_dag to 2024-09-27 12:20:00+00:00, run_after=2024-09-27 12:22:00+00:00
[2024-09-27T14:23:41.995+0200] {processor.py:208} INFO - Processing /home/julian/.cache/pypoetry/virtualenvs/real-time-data-lake-QWGm5iRW-py3.11/lib/python3.11/site-packages/airflow/example_dags/example_sla_dag.py took 0.056 seconds
[2024-09-27T14:24:32.943+0200] {processor.py:186} INFO - Started process (PID=280669) to work on /home/julian/.cache/pypoetry/virtualenvs/real-time-data-lake-QWGm5iRW-py3.11/lib/python3.11/site-packages/airflow/example_dags/example_sla_dag.py
[2024-09-27T14:24:32.949+0200] {processor.py:914} INFO - Processing file /home/julian/.cache/pypoetry/virtualenvs/real-time-data-lake-QWGm5iRW-py3.11/lib/python3.11/site-packages/airflow/example_dags/example_sla_dag.py for tasks to queue
[2024-09-27T14:24:32.952+0200] {logging_mixin.py:190} INFO - [2024-09-27T14:24:32.952+0200] {dagbag.py:588} INFO - Filling up the DagBag from /home/julian/.cache/pypoetry/virtualenvs/real-time-data-lake-QWGm5iRW-py3.11/lib/python3.11/site-packages/airflow/example_dags/example_sla_dag.py
[2024-09-27T14:24:32.966+0200] {processor.py:925} INFO - DAG(s) 'example_sla_dag' retrieved from /home/julian/.cache/pypoetry/virtualenvs/real-time-data-lake-QWGm5iRW-py3.11/lib/python3.11/site-packages/airflow/example_dags/example_sla_dag.py
[2024-09-27T14:24:32.985+0200] {logging_mixin.py:190} INFO - [2024-09-27T14:24:32.985+0200] {dag.py:3239} INFO - Sync 1 DAGs
[2024-09-27T14:24:33.005+0200] {logging_mixin.py:190} INFO - [2024-09-27T14:24:33.005+0200] {dag.py:4180} INFO - Setting next_dagrun for example_sla_dag to 2024-09-27 12:22:00+00:00, run_after=2024-09-27 12:24:00+00:00
[2024-09-27T14:24:33.019+0200] {processor.py:208} INFO - Processing /home/julian/.cache/pypoetry/virtualenvs/real-time-data-lake-QWGm5iRW-py3.11/lib/python3.11/site-packages/airflow/example_dags/example_sla_dag.py took 0.083 seconds
[2024-09-27T14:25:24.449+0200] {processor.py:186} INFO - Started process (PID=280772) to work on /home/julian/.cache/pypoetry/virtualenvs/real-time-data-lake-QWGm5iRW-py3.11/lib/python3.11/site-packages/airflow/example_dags/example_sla_dag.py
[2024-09-27T14:25:24.455+0200] {processor.py:914} INFO - Processing file /home/julian/.cache/pypoetry/virtualenvs/real-time-data-lake-QWGm5iRW-py3.11/lib/python3.11/site-packages/airflow/example_dags/example_sla_dag.py for tasks to queue
[2024-09-27T14:25:24.457+0200] {logging_mixin.py:190} INFO - [2024-09-27T14:25:24.456+0200] {dagbag.py:588} INFO - Filling up the DagBag from /home/julian/.cache/pypoetry/virtualenvs/real-time-data-lake-QWGm5iRW-py3.11/lib/python3.11/site-packages/airflow/example_dags/example_sla_dag.py
[2024-09-27T14:25:24.463+0200] {processor.py:925} INFO - DAG(s) 'example_sla_dag' retrieved from /home/julian/.cache/pypoetry/virtualenvs/real-time-data-lake-QWGm5iRW-py3.11/lib/python3.11/site-packages/airflow/example_dags/example_sla_dag.py
[2024-09-27T14:25:24.472+0200] {logging_mixin.py:190} INFO - [2024-09-27T14:25:24.472+0200] {dag.py:3239} INFO - Sync 1 DAGs
[2024-09-27T14:25:24.486+0200] {logging_mixin.py:190} INFO - [2024-09-27T14:25:24.486+0200] {dag.py:4180} INFO - Setting next_dagrun for example_sla_dag to 2024-09-27 12:22:00+00:00, run_after=2024-09-27 12:24:00+00:00
[2024-09-27T14:25:24.499+0200] {processor.py:208} INFO - Processing /home/julian/.cache/pypoetry/virtualenvs/real-time-data-lake-QWGm5iRW-py3.11/lib/python3.11/site-packages/airflow/example_dags/example_sla_dag.py took 0.053 seconds
[2024-09-27T14:30:23.641+0200] {processor.py:186} INFO - Started process (PID=281406) to work on /home/julian/.cache/pypoetry/virtualenvs/real-time-data-lake-QWGm5iRW-py3.11/lib/python3.11/site-packages/airflow/example_dags/example_sla_dag.py
[2024-09-27T14:30:23.648+0200] {processor.py:914} INFO - Processing file /home/julian/.cache/pypoetry/virtualenvs/real-time-data-lake-QWGm5iRW-py3.11/lib/python3.11/site-packages/airflow/example_dags/example_sla_dag.py for tasks to queue
[2024-09-27T14:30:23.651+0200] {logging_mixin.py:190} INFO - [2024-09-27T14:30:23.651+0200] {dagbag.py:588} INFO - Filling up the DagBag from /home/julian/.cache/pypoetry/virtualenvs/real-time-data-lake-QWGm5iRW-py3.11/lib/python3.11/site-packages/airflow/example_dags/example_sla_dag.py
[2024-09-27T14:30:23.664+0200] {processor.py:925} INFO - DAG(s) 'example_sla_dag' retrieved from /home/julian/.cache/pypoetry/virtualenvs/real-time-data-lake-QWGm5iRW-py3.11/lib/python3.11/site-packages/airflow/example_dags/example_sla_dag.py
[2024-09-27T14:30:23.689+0200] {logging_mixin.py:190} INFO - [2024-09-27T14:30:23.688+0200] {dag.py:3239} INFO - Sync 1 DAGs
[2024-09-27T14:30:23.706+0200] {logging_mixin.py:190} INFO - [2024-09-27T14:30:23.706+0200] {dag.py:4180} INFO - Setting next_dagrun for example_sla_dag to 2024-09-27 12:28:00+00:00, run_after=2024-09-27 12:30:00+00:00
[2024-09-27T14:30:23.720+0200] {processor.py:208} INFO - Processing /home/julian/.cache/pypoetry/virtualenvs/real-time-data-lake-QWGm5iRW-py3.11/lib/python3.11/site-packages/airflow/example_dags/example_sla_dag.py took 0.086 seconds
[2024-09-27T14:31:16.877+0200] {processor.py:186} INFO - Started process (PID=281523) to work on /home/julian/.cache/pypoetry/virtualenvs/real-time-data-lake-QWGm5iRW-py3.11/lib/python3.11/site-packages/airflow/example_dags/example_sla_dag.py
[2024-09-27T14:31:16.878+0200] {processor.py:914} INFO - Processing file /home/julian/.cache/pypoetry/virtualenvs/real-time-data-lake-QWGm5iRW-py3.11/lib/python3.11/site-packages/airflow/example_dags/example_sla_dag.py for tasks to queue
[2024-09-27T14:31:16.881+0200] {logging_mixin.py:190} INFO - [2024-09-27T14:31:16.880+0200] {dagbag.py:588} INFO - Filling up the DagBag from /home/julian/.cache/pypoetry/virtualenvs/real-time-data-lake-QWGm5iRW-py3.11/lib/python3.11/site-packages/airflow/example_dags/example_sla_dag.py
[2024-09-27T14:31:16.893+0200] {processor.py:925} INFO - DAG(s) 'example_sla_dag' retrieved from /home/julian/.cache/pypoetry/virtualenvs/real-time-data-lake-QWGm5iRW-py3.11/lib/python3.11/site-packages/airflow/example_dags/example_sla_dag.py
[2024-09-27T14:31:16.912+0200] {logging_mixin.py:190} INFO - [2024-09-27T14:31:16.912+0200] {dag.py:3239} INFO - Sync 1 DAGs
[2024-09-27T14:31:16.928+0200] {logging_mixin.py:190} INFO - [2024-09-27T14:31:16.928+0200] {dag.py:4180} INFO - Setting next_dagrun for example_sla_dag to 2024-09-27 12:28:00+00:00, run_after=2024-09-27 12:30:00+00:00
[2024-09-27T14:31:16.941+0200] {processor.py:208} INFO - Processing /home/julian/.cache/pypoetry/virtualenvs/real-time-data-lake-QWGm5iRW-py3.11/lib/python3.11/site-packages/airflow/example_dags/example_sla_dag.py took 0.071 seconds
[2024-09-27T14:32:07.145+0200] {processor.py:186} INFO - Started process (PID=281602) to work on /home/julian/.cache/pypoetry/virtualenvs/real-time-data-lake-QWGm5iRW-py3.11/lib/python3.11/site-packages/airflow/example_dags/example_sla_dag.py
[2024-09-27T14:32:07.151+0200] {processor.py:914} INFO - Processing file /home/julian/.cache/pypoetry/virtualenvs/real-time-data-lake-QWGm5iRW-py3.11/lib/python3.11/site-packages/airflow/example_dags/example_sla_dag.py for tasks to queue
[2024-09-27T14:32:07.154+0200] {logging_mixin.py:190} INFO - [2024-09-27T14:32:07.154+0200] {dagbag.py:588} INFO - Filling up the DagBag from /home/julian/.cache/pypoetry/virtualenvs/real-time-data-lake-QWGm5iRW-py3.11/lib/python3.11/site-packages/airflow/example_dags/example_sla_dag.py
[2024-09-27T14:32:07.167+0200] {processor.py:925} INFO - DAG(s) 'example_sla_dag' retrieved from /home/julian/.cache/pypoetry/virtualenvs/real-time-data-lake-QWGm5iRW-py3.11/lib/python3.11/site-packages/airflow/example_dags/example_sla_dag.py
[2024-09-27T14:32:07.185+0200] {logging_mixin.py:190} INFO - [2024-09-27T14:32:07.185+0200] {dag.py:3239} INFO - Sync 1 DAGs
[2024-09-27T14:32:07.202+0200] {logging_mixin.py:190} INFO - [2024-09-27T14:32:07.202+0200] {dag.py:4180} INFO - Setting next_dagrun for example_sla_dag to 2024-09-27 12:30:00+00:00, run_after=2024-09-27 12:32:00+00:00
[2024-09-27T14:32:07.215+0200] {processor.py:208} INFO - Processing /home/julian/.cache/pypoetry/virtualenvs/real-time-data-lake-QWGm5iRW-py3.11/lib/python3.11/site-packages/airflow/example_dags/example_sla_dag.py took 0.076 seconds
[2024-09-27T14:32:55.184+0200] {processor.py:186} INFO - Started process (PID=281753) to work on /home/julian/.cache/pypoetry/virtualenvs/real-time-data-lake-QWGm5iRW-py3.11/lib/python3.11/site-packages/airflow/example_dags/example_sla_dag.py
[2024-09-27T14:32:55.190+0200] {processor.py:914} INFO - Processing file /home/julian/.cache/pypoetry/virtualenvs/real-time-data-lake-QWGm5iRW-py3.11/lib/python3.11/site-packages/airflow/example_dags/example_sla_dag.py for tasks to queue
[2024-09-27T14:32:55.193+0200] {logging_mixin.py:190} INFO - [2024-09-27T14:32:55.192+0200] {dagbag.py:588} INFO - Filling up the DagBag from /home/julian/.cache/pypoetry/virtualenvs/real-time-data-lake-QWGm5iRW-py3.11/lib/python3.11/site-packages/airflow/example_dags/example_sla_dag.py
[2024-09-27T14:32:55.206+0200] {processor.py:925} INFO - DAG(s) 'example_sla_dag' retrieved from /home/julian/.cache/pypoetry/virtualenvs/real-time-data-lake-QWGm5iRW-py3.11/lib/python3.11/site-packages/airflow/example_dags/example_sla_dag.py
[2024-09-27T14:32:55.221+0200] {logging_mixin.py:190} INFO - [2024-09-27T14:32:55.221+0200] {dag.py:3239} INFO - Sync 1 DAGs
[2024-09-27T14:32:55.234+0200] {logging_mixin.py:190} INFO - [2024-09-27T14:32:55.234+0200] {dag.py:4180} INFO - Setting next_dagrun for example_sla_dag to 2024-09-27 12:30:00+00:00, run_after=2024-09-27 12:32:00+00:00
[2024-09-27T14:32:55.247+0200] {processor.py:208} INFO - Processing /home/julian/.cache/pypoetry/virtualenvs/real-time-data-lake-QWGm5iRW-py3.11/lib/python3.11/site-packages/airflow/example_dags/example_sla_dag.py took 0.072 seconds
[2024-09-27T14:33:44.568+0200] {processor.py:186} INFO - Started process (PID=281846) to work on /home/julian/.cache/pypoetry/virtualenvs/real-time-data-lake-QWGm5iRW-py3.11/lib/python3.11/site-packages/airflow/example_dags/example_sla_dag.py
[2024-09-27T14:33:44.574+0200] {processor.py:914} INFO - Processing file /home/julian/.cache/pypoetry/virtualenvs/real-time-data-lake-QWGm5iRW-py3.11/lib/python3.11/site-packages/airflow/example_dags/example_sla_dag.py for tasks to queue
[2024-09-27T14:33:44.576+0200] {logging_mixin.py:190} INFO - [2024-09-27T14:33:44.576+0200] {dagbag.py:588} INFO - Filling up the DagBag from /home/julian/.cache/pypoetry/virtualenvs/real-time-data-lake-QWGm5iRW-py3.11/lib/python3.11/site-packages/airflow/example_dags/example_sla_dag.py
[2024-09-27T14:33:44.589+0200] {processor.py:925} INFO - DAG(s) 'example_sla_dag' retrieved from /home/julian/.cache/pypoetry/virtualenvs/real-time-data-lake-QWGm5iRW-py3.11/lib/python3.11/site-packages/airflow/example_dags/example_sla_dag.py
[2024-09-27T14:33:44.608+0200] {logging_mixin.py:190} INFO - [2024-09-27T14:33:44.608+0200] {dag.py:3239} INFO - Sync 1 DAGs
[2024-09-27T14:33:44.627+0200] {logging_mixin.py:190} INFO - [2024-09-27T14:33:44.627+0200] {dag.py:4180} INFO - Setting next_dagrun for example_sla_dag to 2024-09-27 12:30:00+00:00, run_after=2024-09-27 12:32:00+00:00
[2024-09-27T14:33:44.642+0200] {processor.py:208} INFO - Processing /home/julian/.cache/pypoetry/virtualenvs/real-time-data-lake-QWGm5iRW-py3.11/lib/python3.11/site-packages/airflow/example_dags/example_sla_dag.py took 0.081 seconds
[2024-09-27T14:34:34.117+0200] {processor.py:186} INFO - Started process (PID=282046) to work on /home/julian/.cache/pypoetry/virtualenvs/real-time-data-lake-QWGm5iRW-py3.11/lib/python3.11/site-packages/airflow/example_dags/example_sla_dag.py
[2024-09-27T14:34:34.123+0200] {processor.py:914} INFO - Processing file /home/julian/.cache/pypoetry/virtualenvs/real-time-data-lake-QWGm5iRW-py3.11/lib/python3.11/site-packages/airflow/example_dags/example_sla_dag.py for tasks to queue
[2024-09-27T14:34:34.126+0200] {logging_mixin.py:190} INFO - [2024-09-27T14:34:34.125+0200] {dagbag.py:588} INFO - Filling up the DagBag from /home/julian/.cache/pypoetry/virtualenvs/real-time-data-lake-QWGm5iRW-py3.11/lib/python3.11/site-packages/airflow/example_dags/example_sla_dag.py
[2024-09-27T14:34:34.138+0200] {processor.py:925} INFO - DAG(s) 'example_sla_dag' retrieved from /home/julian/.cache/pypoetry/virtualenvs/real-time-data-lake-QWGm5iRW-py3.11/lib/python3.11/site-packages/airflow/example_dags/example_sla_dag.py
[2024-09-27T14:34:34.157+0200] {logging_mixin.py:190} INFO - [2024-09-27T14:34:34.157+0200] {dag.py:3239} INFO - Sync 1 DAGs
[2024-09-27T14:34:34.176+0200] {logging_mixin.py:190} INFO - [2024-09-27T14:34:34.176+0200] {dag.py:4180} INFO - Setting next_dagrun for example_sla_dag to 2024-09-27 12:32:00+00:00, run_after=2024-09-27 12:34:00+00:00
[2024-09-27T14:34:34.189+0200] {processor.py:208} INFO - Processing /home/julian/.cache/pypoetry/virtualenvs/real-time-data-lake-QWGm5iRW-py3.11/lib/python3.11/site-packages/airflow/example_dags/example_sla_dag.py took 0.080 seconds
[2024-09-27T14:35:21.898+0200] {processor.py:186} INFO - Started process (PID=282148) to work on /home/julian/.cache/pypoetry/virtualenvs/real-time-data-lake-QWGm5iRW-py3.11/lib/python3.11/site-packages/airflow/example_dags/example_sla_dag.py
[2024-09-27T14:35:21.904+0200] {processor.py:914} INFO - Processing file /home/julian/.cache/pypoetry/virtualenvs/real-time-data-lake-QWGm5iRW-py3.11/lib/python3.11/site-packages/airflow/example_dags/example_sla_dag.py for tasks to queue
[2024-09-27T14:35:21.908+0200] {logging_mixin.py:190} INFO - [2024-09-27T14:35:21.907+0200] {dagbag.py:588} INFO - Filling up the DagBag from /home/julian/.cache/pypoetry/virtualenvs/real-time-data-lake-QWGm5iRW-py3.11/lib/python3.11/site-packages/airflow/example_dags/example_sla_dag.py
[2024-09-27T14:35:21.920+0200] {processor.py:925} INFO - DAG(s) 'example_sla_dag' retrieved from /home/julian/.cache/pypoetry/virtualenvs/real-time-data-lake-QWGm5iRW-py3.11/lib/python3.11/site-packages/airflow/example_dags/example_sla_dag.py
[2024-09-27T14:35:21.940+0200] {logging_mixin.py:190} INFO - [2024-09-27T14:35:21.940+0200] {dag.py:3239} INFO - Sync 1 DAGs
[2024-09-27T14:35:21.959+0200] {logging_mixin.py:190} INFO - [2024-09-27T14:35:21.959+0200] {dag.py:4180} INFO - Setting next_dagrun for example_sla_dag to 2024-09-27 12:32:00+00:00, run_after=2024-09-27 12:34:00+00:00
[2024-09-27T14:35:21.973+0200] {processor.py:208} INFO - Processing /home/julian/.cache/pypoetry/virtualenvs/real-time-data-lake-QWGm5iRW-py3.11/lib/python3.11/site-packages/airflow/example_dags/example_sla_dag.py took 0.082 seconds
[2024-09-27T14:36:09.554+0200] {processor.py:186} INFO - Started process (PID=282228) to work on /home/julian/.cache/pypoetry/virtualenvs/real-time-data-lake-QWGm5iRW-py3.11/lib/python3.11/site-packages/airflow/example_dags/example_sla_dag.py
[2024-09-27T14:36:09.560+0200] {processor.py:914} INFO - Processing file /home/julian/.cache/pypoetry/virtualenvs/real-time-data-lake-QWGm5iRW-py3.11/lib/python3.11/site-packages/airflow/example_dags/example_sla_dag.py for tasks to queue
[2024-09-27T14:36:09.562+0200] {logging_mixin.py:190} INFO - [2024-09-27T14:36:09.562+0200] {dagbag.py:588} INFO - Filling up the DagBag from /home/julian/.cache/pypoetry/virtualenvs/real-time-data-lake-QWGm5iRW-py3.11/lib/python3.11/site-packages/airflow/example_dags/example_sla_dag.py
[2024-09-27T14:36:09.575+0200] {processor.py:925} INFO - DAG(s) 'example_sla_dag' retrieved from /home/julian/.cache/pypoetry/virtualenvs/real-time-data-lake-QWGm5iRW-py3.11/lib/python3.11/site-packages/airflow/example_dags/example_sla_dag.py
[2024-09-27T14:36:09.584+0200] {logging_mixin.py:190} INFO - [2024-09-27T14:36:09.584+0200] {dag.py:3239} INFO - Sync 1 DAGs
[2024-09-27T14:36:09.597+0200] {logging_mixin.py:190} INFO - [2024-09-27T14:36:09.597+0200] {dag.py:4180} INFO - Setting next_dagrun for example_sla_dag to 2024-09-27 12:34:00+00:00, run_after=2024-09-27 12:36:00+00:00
[2024-09-27T14:36:09.610+0200] {processor.py:208} INFO - Processing /home/julian/.cache/pypoetry/virtualenvs/real-time-data-lake-QWGm5iRW-py3.11/lib/python3.11/site-packages/airflow/example_dags/example_sla_dag.py took 0.063 seconds
[2024-09-27T14:36:56.127+0200] {processor.py:186} INFO - Started process (PID=282300) to work on /home/julian/.cache/pypoetry/virtualenvs/real-time-data-lake-QWGm5iRW-py3.11/lib/python3.11/site-packages/airflow/example_dags/example_sla_dag.py
[2024-09-27T14:36:56.133+0200] {processor.py:914} INFO - Processing file /home/julian/.cache/pypoetry/virtualenvs/real-time-data-lake-QWGm5iRW-py3.11/lib/python3.11/site-packages/airflow/example_dags/example_sla_dag.py for tasks to queue
[2024-09-27T14:36:56.135+0200] {logging_mixin.py:190} INFO - [2024-09-27T14:36:56.135+0200] {dagbag.py:588} INFO - Filling up the DagBag from /home/julian/.cache/pypoetry/virtualenvs/real-time-data-lake-QWGm5iRW-py3.11/lib/python3.11/site-packages/airflow/example_dags/example_sla_dag.py
[2024-09-27T14:36:56.148+0200] {processor.py:925} INFO - DAG(s) 'example_sla_dag' retrieved from /home/julian/.cache/pypoetry/virtualenvs/real-time-data-lake-QWGm5iRW-py3.11/lib/python3.11/site-packages/airflow/example_dags/example_sla_dag.py
[2024-09-27T14:36:56.168+0200] {logging_mixin.py:190} INFO - [2024-09-27T14:36:56.167+0200] {dag.py:3239} INFO - Sync 1 DAGs
[2024-09-27T14:36:56.187+0200] {logging_mixin.py:190} INFO - [2024-09-27T14:36:56.187+0200] {dag.py:4180} INFO - Setting next_dagrun for example_sla_dag to 2024-09-27 12:34:00+00:00, run_after=2024-09-27 12:36:00+00:00
[2024-09-27T14:36:56.200+0200] {processor.py:208} INFO - Processing /home/julian/.cache/pypoetry/virtualenvs/real-time-data-lake-QWGm5iRW-py3.11/lib/python3.11/site-packages/airflow/example_dags/example_sla_dag.py took 0.081 seconds
[2024-09-27T14:37:47.972+0200] {processor.py:186} INFO - Started process (PID=282519) to work on /home/julian/.cache/pypoetry/virtualenvs/real-time-data-lake-QWGm5iRW-py3.11/lib/python3.11/site-packages/airflow/example_dags/example_sla_dag.py
[2024-09-27T14:37:47.978+0200] {processor.py:914} INFO - Processing file /home/julian/.cache/pypoetry/virtualenvs/real-time-data-lake-QWGm5iRW-py3.11/lib/python3.11/site-packages/airflow/example_dags/example_sla_dag.py for tasks to queue
[2024-09-27T14:37:47.980+0200] {logging_mixin.py:190} INFO - [2024-09-27T14:37:47.980+0200] {dagbag.py:588} INFO - Filling up the DagBag from /home/julian/.cache/pypoetry/virtualenvs/real-time-data-lake-QWGm5iRW-py3.11/lib/python3.11/site-packages/airflow/example_dags/example_sla_dag.py
[2024-09-27T14:37:47.986+0200] {processor.py:925} INFO - DAG(s) 'example_sla_dag' retrieved from /home/julian/.cache/pypoetry/virtualenvs/real-time-data-lake-QWGm5iRW-py3.11/lib/python3.11/site-packages/airflow/example_dags/example_sla_dag.py
[2024-09-27T14:37:47.997+0200] {logging_mixin.py:190} INFO - [2024-09-27T14:37:47.996+0200] {dag.py:3239} INFO - Sync 1 DAGs
[2024-09-27T14:37:48.011+0200] {logging_mixin.py:190} INFO - [2024-09-27T14:37:48.011+0200] {dag.py:4180} INFO - Setting next_dagrun for example_sla_dag to 2024-09-27 12:34:00+00:00, run_after=2024-09-27 12:36:00+00:00
[2024-09-27T14:37:48.026+0200] {processor.py:208} INFO - Processing /home/julian/.cache/pypoetry/virtualenvs/real-time-data-lake-QWGm5iRW-py3.11/lib/python3.11/site-packages/airflow/example_dags/example_sla_dag.py took 0.057 seconds
[2024-09-27T14:38:39.412+0200] {processor.py:186} INFO - Started process (PID=282769) to work on /home/julian/.cache/pypoetry/virtualenvs/real-time-data-lake-QWGm5iRW-py3.11/lib/python3.11/site-packages/airflow/example_dags/example_sla_dag.py
[2024-09-27T14:38:39.418+0200] {processor.py:914} INFO - Processing file /home/julian/.cache/pypoetry/virtualenvs/real-time-data-lake-QWGm5iRW-py3.11/lib/python3.11/site-packages/airflow/example_dags/example_sla_dag.py for tasks to queue
[2024-09-27T14:38:39.420+0200] {logging_mixin.py:190} INFO - [2024-09-27T14:38:39.420+0200] {dagbag.py:588} INFO - Filling up the DagBag from /home/julian/.cache/pypoetry/virtualenvs/real-time-data-lake-QWGm5iRW-py3.11/lib/python3.11/site-packages/airflow/example_dags/example_sla_dag.py
[2024-09-27T14:38:39.432+0200] {processor.py:925} INFO - DAG(s) 'example_sla_dag' retrieved from /home/julian/.cache/pypoetry/virtualenvs/real-time-data-lake-QWGm5iRW-py3.11/lib/python3.11/site-packages/airflow/example_dags/example_sla_dag.py
[2024-09-27T14:38:39.449+0200] {logging_mixin.py:190} INFO - [2024-09-27T14:38:39.449+0200] {dag.py:3239} INFO - Sync 1 DAGs
[2024-09-27T14:38:39.469+0200] {logging_mixin.py:190} INFO - [2024-09-27T14:38:39.469+0200] {dag.py:4180} INFO - Setting next_dagrun for example_sla_dag to 2024-09-27 12:36:00+00:00, run_after=2024-09-27 12:38:00+00:00
[2024-09-27T14:38:39.483+0200] {processor.py:208} INFO - Processing /home/julian/.cache/pypoetry/virtualenvs/real-time-data-lake-QWGm5iRW-py3.11/lib/python3.11/site-packages/airflow/example_dags/example_sla_dag.py took 0.078 seconds
