[2024-09-27T14:20:48.097+0200] {processor.py:186} INFO - Started process (PID=280080) to work on /home/julian/.cache/pypoetry/virtualenvs/real-time-data-lake-QWGm5iRW-py3.11/lib/python3.11/site-packages/airflow/example_dags/example_datasets.py
[2024-09-27T14:20:48.099+0200] {processor.py:914} INFO - Processing file /home/julian/.cache/pypoetry/virtualenvs/real-time-data-lake-QWGm5iRW-py3.11/lib/python3.11/site-packages/airflow/example_dags/example_datasets.py for tasks to queue
[2024-09-27T14:20:48.101+0200] {logging_mixin.py:190} INFO - [2024-09-27T14:20:48.101+0200] {dagbag.py:588} INFO - Filling up the DagBag from /home/julian/.cache/pypoetry/virtualenvs/real-time-data-lake-QWGm5iRW-py3.11/lib/python3.11/site-packages/airflow/example_dags/example_datasets.py
[2024-09-27T14:20:48.124+0200] {processor.py:925} INFO - DAG(s) 'dataset_consumes_1', 'consume_1_or_both_2_and_3_with_dataset_expressions', 'consume_1_and_2_with_dataset_expressions', 'dataset_consumes_1_and_2', 'dataset_produces_2', 'consume_1_or_2_with_dataset_expressions', 'conditional_dataset_and_time_based_timetable', 'dataset_produces_1', 'dataset_consumes_1_never_scheduled', 'dataset_consumes_unknown_never_scheduled' retrieved from /home/julian/.cache/pypoetry/virtualenvs/real-time-data-lake-QWGm5iRW-py3.11/lib/python3.11/site-packages/airflow/example_dags/example_datasets.py
[2024-09-27T14:20:48.187+0200] {logging_mixin.py:190} INFO - [2024-09-27T14:20:48.187+0200] {override.py:1901} INFO - Created Permission View: can delete on DAG:dataset_consumes_1
[2024-09-27T14:20:48.195+0200] {logging_mixin.py:190} INFO - [2024-09-27T14:20:48.194+0200] {override.py:1901} INFO - Created Permission View: can read on DAG:dataset_consumes_1
[2024-09-27T14:20:48.200+0200] {logging_mixin.py:190} INFO - [2024-09-27T14:20:48.200+0200] {override.py:1901} INFO - Created Permission View: can edit on DAG:dataset_consumes_1
[2024-09-27T14:20:48.209+0200] {logging_mixin.py:190} INFO - [2024-09-27T14:20:48.209+0200] {override.py:1901} INFO - Created Permission View: can create on DAG Run:dataset_consumes_1
[2024-09-27T14:20:48.215+0200] {logging_mixin.py:190} INFO - [2024-09-27T14:20:48.214+0200] {override.py:1901} INFO - Created Permission View: can delete on DAG Run:dataset_consumes_1
[2024-09-27T14:20:48.222+0200] {logging_mixin.py:190} INFO - [2024-09-27T14:20:48.222+0200] {override.py:1901} INFO - Created Permission View: can read on DAG Run:dataset_consumes_1
[2024-09-27T14:20:48.227+0200] {logging_mixin.py:190} INFO - [2024-09-27T14:20:48.227+0200] {override.py:1901} INFO - Created Permission View: menu access on DAG Run:dataset_consumes_1
[2024-09-27T14:20:48.239+0200] {logging_mixin.py:190} INFO - [2024-09-27T14:20:48.239+0200] {override.py:1901} INFO - Created Permission View: can delete on DAG:consume_1_or_both_2_and_3_with_dataset_expressions
[2024-09-27T14:20:48.245+0200] {logging_mixin.py:190} INFO - [2024-09-27T14:20:48.245+0200] {override.py:1901} INFO - Created Permission View: can read on DAG:consume_1_or_both_2_and_3_with_dataset_expressions
[2024-09-27T14:20:48.251+0200] {logging_mixin.py:190} INFO - [2024-09-27T14:20:48.251+0200] {override.py:1901} INFO - Created Permission View: can edit on DAG:consume_1_or_both_2_and_3_with_dataset_expressions
[2024-09-27T14:20:48.260+0200] {logging_mixin.py:190} INFO - [2024-09-27T14:20:48.259+0200] {override.py:1901} INFO - Created Permission View: can create on DAG Run:consume_1_or_both_2_and_3_with_dataset_expressions
[2024-09-27T14:20:48.265+0200] {logging_mixin.py:190} INFO - [2024-09-27T14:20:48.264+0200] {override.py:1901} INFO - Created Permission View: can delete on DAG Run:consume_1_or_both_2_and_3_with_dataset_expressions
[2024-09-27T14:20:48.270+0200] {logging_mixin.py:190} INFO - [2024-09-27T14:20:48.270+0200] {override.py:1901} INFO - Created Permission View: can read on DAG Run:consume_1_or_both_2_and_3_with_dataset_expressions
[2024-09-27T14:20:48.277+0200] {logging_mixin.py:190} INFO - [2024-09-27T14:20:48.276+0200] {override.py:1901} INFO - Created Permission View: menu access on DAG Run:consume_1_or_both_2_and_3_with_dataset_expressions
[2024-09-27T14:20:48.296+0200] {logging_mixin.py:190} INFO - [2024-09-27T14:20:48.295+0200] {override.py:1901} INFO - Created Permission View: can delete on DAG:consume_1_and_2_with_dataset_expressions
[2024-09-27T14:20:48.305+0200] {logging_mixin.py:190} INFO - [2024-09-27T14:20:48.305+0200] {override.py:1901} INFO - Created Permission View: can read on DAG:consume_1_and_2_with_dataset_expressions
[2024-09-27T14:20:48.314+0200] {logging_mixin.py:190} INFO - [2024-09-27T14:20:48.313+0200] {override.py:1901} INFO - Created Permission View: can edit on DAG:consume_1_and_2_with_dataset_expressions
[2024-09-27T14:20:48.323+0200] {logging_mixin.py:190} INFO - [2024-09-27T14:20:48.322+0200] {override.py:1901} INFO - Created Permission View: can create on DAG Run:consume_1_and_2_with_dataset_expressions
[2024-09-27T14:20:48.328+0200] {logging_mixin.py:190} INFO - [2024-09-27T14:20:48.328+0200] {override.py:1901} INFO - Created Permission View: can delete on DAG Run:consume_1_and_2_with_dataset_expressions
[2024-09-27T14:20:48.333+0200] {logging_mixin.py:190} INFO - [2024-09-27T14:20:48.333+0200] {override.py:1901} INFO - Created Permission View: can read on DAG Run:consume_1_and_2_with_dataset_expressions
[2024-09-27T14:20:48.339+0200] {logging_mixin.py:190} INFO - [2024-09-27T14:20:48.338+0200] {override.py:1901} INFO - Created Permission View: menu access on DAG Run:consume_1_and_2_with_dataset_expressions
[2024-09-27T14:20:48.352+0200] {logging_mixin.py:190} INFO - [2024-09-27T14:20:48.352+0200] {override.py:1901} INFO - Created Permission View: can delete on DAG:dataset_consumes_1_and_2
[2024-09-27T14:20:48.357+0200] {logging_mixin.py:190} INFO - [2024-09-27T14:20:48.357+0200] {override.py:1901} INFO - Created Permission View: can read on DAG:dataset_consumes_1_and_2
[2024-09-27T14:20:48.363+0200] {logging_mixin.py:190} INFO - [2024-09-27T14:20:48.363+0200] {override.py:1901} INFO - Created Permission View: can edit on DAG:dataset_consumes_1_and_2
[2024-09-27T14:20:48.371+0200] {logging_mixin.py:190} INFO - [2024-09-27T14:20:48.371+0200] {override.py:1901} INFO - Created Permission View: can create on DAG Run:dataset_consumes_1_and_2
[2024-09-27T14:20:48.377+0200] {logging_mixin.py:190} INFO - [2024-09-27T14:20:48.377+0200] {override.py:1901} INFO - Created Permission View: can delete on DAG Run:dataset_consumes_1_and_2
[2024-09-27T14:20:48.382+0200] {logging_mixin.py:190} INFO - [2024-09-27T14:20:48.382+0200] {override.py:1901} INFO - Created Permission View: can read on DAG Run:dataset_consumes_1_and_2
[2024-09-27T14:20:48.388+0200] {logging_mixin.py:190} INFO - [2024-09-27T14:20:48.387+0200] {override.py:1901} INFO - Created Permission View: menu access on DAG Run:dataset_consumes_1_and_2
[2024-09-27T14:20:48.399+0200] {logging_mixin.py:190} INFO - [2024-09-27T14:20:48.399+0200] {override.py:1901} INFO - Created Permission View: can delete on DAG:dataset_produces_2
[2024-09-27T14:20:48.405+0200] {logging_mixin.py:190} INFO - [2024-09-27T14:20:48.404+0200] {override.py:1901} INFO - Created Permission View: can read on DAG:dataset_produces_2
[2024-09-27T14:20:48.411+0200] {logging_mixin.py:190} INFO - [2024-09-27T14:20:48.411+0200] {override.py:1901} INFO - Created Permission View: can edit on DAG:dataset_produces_2
[2024-09-27T14:20:48.420+0200] {logging_mixin.py:190} INFO - [2024-09-27T14:20:48.420+0200] {override.py:1901} INFO - Created Permission View: can create on DAG Run:dataset_produces_2
[2024-09-27T14:20:48.425+0200] {logging_mixin.py:190} INFO - [2024-09-27T14:20:48.425+0200] {override.py:1901} INFO - Created Permission View: can delete on DAG Run:dataset_produces_2
[2024-09-27T14:20:48.430+0200] {logging_mixin.py:190} INFO - [2024-09-27T14:20:48.430+0200] {override.py:1901} INFO - Created Permission View: can read on DAG Run:dataset_produces_2
[2024-09-27T14:20:48.436+0200] {logging_mixin.py:190} INFO - [2024-09-27T14:20:48.436+0200] {override.py:1901} INFO - Created Permission View: menu access on DAG Run:dataset_produces_2
[2024-09-27T14:20:48.447+0200] {logging_mixin.py:190} INFO - [2024-09-27T14:20:48.447+0200] {override.py:1901} INFO - Created Permission View: can delete on DAG:consume_1_or_2_with_dataset_expressions
[2024-09-27T14:20:48.454+0200] {logging_mixin.py:190} INFO - [2024-09-27T14:20:48.453+0200] {override.py:1901} INFO - Created Permission View: can read on DAG:consume_1_or_2_with_dataset_expressions
[2024-09-27T14:20:48.463+0200] {logging_mixin.py:190} INFO - [2024-09-27T14:20:48.462+0200] {override.py:1901} INFO - Created Permission View: can edit on DAG:consume_1_or_2_with_dataset_expressions
[2024-09-27T14:20:48.474+0200] {logging_mixin.py:190} INFO - [2024-09-27T14:20:48.473+0200] {override.py:1901} INFO - Created Permission View: can create on DAG Run:consume_1_or_2_with_dataset_expressions
[2024-09-27T14:20:48.481+0200] {logging_mixin.py:190} INFO - [2024-09-27T14:20:48.480+0200] {override.py:1901} INFO - Created Permission View: can delete on DAG Run:consume_1_or_2_with_dataset_expressions
[2024-09-27T14:20:48.486+0200] {logging_mixin.py:190} INFO - [2024-09-27T14:20:48.486+0200] {override.py:1901} INFO - Created Permission View: can read on DAG Run:consume_1_or_2_with_dataset_expressions
[2024-09-27T14:20:48.492+0200] {logging_mixin.py:190} INFO - [2024-09-27T14:20:48.492+0200] {override.py:1901} INFO - Created Permission View: menu access on DAG Run:consume_1_or_2_with_dataset_expressions
[2024-09-27T14:20:48.502+0200] {logging_mixin.py:190} INFO - [2024-09-27T14:20:48.502+0200] {override.py:1901} INFO - Created Permission View: can delete on DAG:conditional_dataset_and_time_based_timetable
[2024-09-27T14:20:48.508+0200] {logging_mixin.py:190} INFO - [2024-09-27T14:20:48.508+0200] {override.py:1901} INFO - Created Permission View: can read on DAG:conditional_dataset_and_time_based_timetable
[2024-09-27T14:20:48.513+0200] {logging_mixin.py:190} INFO - [2024-09-27T14:20:48.513+0200] {override.py:1901} INFO - Created Permission View: can edit on DAG:conditional_dataset_and_time_based_timetable
[2024-09-27T14:20:48.522+0200] {logging_mixin.py:190} INFO - [2024-09-27T14:20:48.521+0200] {override.py:1901} INFO - Created Permission View: can create on DAG Run:conditional_dataset_and_time_based_timetable
[2024-09-27T14:20:48.527+0200] {logging_mixin.py:190} INFO - [2024-09-27T14:20:48.527+0200] {override.py:1901} INFO - Created Permission View: can delete on DAG Run:conditional_dataset_and_time_based_timetable
[2024-09-27T14:20:48.532+0200] {logging_mixin.py:190} INFO - [2024-09-27T14:20:48.532+0200] {override.py:1901} INFO - Created Permission View: can read on DAG Run:conditional_dataset_and_time_based_timetable
[2024-09-27T14:20:48.538+0200] {logging_mixin.py:190} INFO - [2024-09-27T14:20:48.538+0200] {override.py:1901} INFO - Created Permission View: menu access on DAG Run:conditional_dataset_and_time_based_timetable
[2024-09-27T14:20:48.550+0200] {logging_mixin.py:190} INFO - [2024-09-27T14:20:48.550+0200] {override.py:1901} INFO - Created Permission View: can delete on DAG:dataset_produces_1
[2024-09-27T14:20:48.555+0200] {logging_mixin.py:190} INFO - [2024-09-27T14:20:48.555+0200] {override.py:1901} INFO - Created Permission View: can read on DAG:dataset_produces_1
[2024-09-27T14:20:48.561+0200] {logging_mixin.py:190} INFO - [2024-09-27T14:20:48.561+0200] {override.py:1901} INFO - Created Permission View: can edit on DAG:dataset_produces_1
[2024-09-27T14:20:48.569+0200] {logging_mixin.py:190} INFO - [2024-09-27T14:20:48.569+0200] {override.py:1901} INFO - Created Permission View: can create on DAG Run:dataset_produces_1
[2024-09-27T14:20:48.574+0200] {logging_mixin.py:190} INFO - [2024-09-27T14:20:48.574+0200] {override.py:1901} INFO - Created Permission View: can delete on DAG Run:dataset_produces_1
[2024-09-27T14:20:48.580+0200] {logging_mixin.py:190} INFO - [2024-09-27T14:20:48.579+0200] {override.py:1901} INFO - Created Permission View: can read on DAG Run:dataset_produces_1
[2024-09-27T14:20:48.584+0200] {logging_mixin.py:190} INFO - [2024-09-27T14:20:48.584+0200] {override.py:1901} INFO - Created Permission View: menu access on DAG Run:dataset_produces_1
[2024-09-27T14:20:48.597+0200] {logging_mixin.py:190} INFO - [2024-09-27T14:20:48.597+0200] {override.py:1901} INFO - Created Permission View: can delete on DAG:dataset_consumes_1_never_scheduled
[2024-09-27T14:20:48.603+0200] {logging_mixin.py:190} INFO - [2024-09-27T14:20:48.603+0200] {override.py:1901} INFO - Created Permission View: can read on DAG:dataset_consumes_1_never_scheduled
[2024-09-27T14:20:48.608+0200] {logging_mixin.py:190} INFO - [2024-09-27T14:20:48.608+0200] {override.py:1901} INFO - Created Permission View: can edit on DAG:dataset_consumes_1_never_scheduled
[2024-09-27T14:20:48.617+0200] {logging_mixin.py:190} INFO - [2024-09-27T14:20:48.617+0200] {override.py:1901} INFO - Created Permission View: can create on DAG Run:dataset_consumes_1_never_scheduled
[2024-09-27T14:20:48.622+0200] {logging_mixin.py:190} INFO - [2024-09-27T14:20:48.622+0200] {override.py:1901} INFO - Created Permission View: can delete on DAG Run:dataset_consumes_1_never_scheduled
[2024-09-27T14:20:48.628+0200] {logging_mixin.py:190} INFO - [2024-09-27T14:20:48.627+0200] {override.py:1901} INFO - Created Permission View: can read on DAG Run:dataset_consumes_1_never_scheduled
[2024-09-27T14:20:48.633+0200] {logging_mixin.py:190} INFO - [2024-09-27T14:20:48.633+0200] {override.py:1901} INFO - Created Permission View: menu access on DAG Run:dataset_consumes_1_never_scheduled
[2024-09-27T14:20:48.645+0200] {logging_mixin.py:190} INFO - [2024-09-27T14:20:48.644+0200] {override.py:1901} INFO - Created Permission View: can delete on DAG:dataset_consumes_unknown_never_scheduled
[2024-09-27T14:20:48.649+0200] {logging_mixin.py:190} INFO - [2024-09-27T14:20:48.649+0200] {override.py:1901} INFO - Created Permission View: can read on DAG:dataset_consumes_unknown_never_scheduled
[2024-09-27T14:20:48.655+0200] {logging_mixin.py:190} INFO - [2024-09-27T14:20:48.654+0200] {override.py:1901} INFO - Created Permission View: can edit on DAG:dataset_consumes_unknown_never_scheduled
[2024-09-27T14:20:48.664+0200] {logging_mixin.py:190} INFO - [2024-09-27T14:20:48.664+0200] {override.py:1901} INFO - Created Permission View: can create on DAG Run:dataset_consumes_unknown_never_scheduled
[2024-09-27T14:20:48.670+0200] {logging_mixin.py:190} INFO - [2024-09-27T14:20:48.670+0200] {override.py:1901} INFO - Created Permission View: can delete on DAG Run:dataset_consumes_unknown_never_scheduled
[2024-09-27T14:20:48.676+0200] {logging_mixin.py:190} INFO - [2024-09-27T14:20:48.675+0200] {override.py:1901} INFO - Created Permission View: can read on DAG Run:dataset_consumes_unknown_never_scheduled
[2024-09-27T14:20:48.681+0200] {logging_mixin.py:190} INFO - [2024-09-27T14:20:48.680+0200] {override.py:1901} INFO - Created Permission View: menu access on DAG Run:dataset_consumes_unknown_never_scheduled
[2024-09-27T14:20:48.681+0200] {logging_mixin.py:190} INFO - [2024-09-27T14:20:48.681+0200] {dag.py:3239} INFO - Sync 10 DAGs
[2024-09-27T14:20:48.688+0200] {logging_mixin.py:190} INFO - [2024-09-27T14:20:48.687+0200] {dag.py:3262} INFO - Creating ORM DAG for dataset_produces_1
[2024-09-27T14:20:48.688+0200] {logging_mixin.py:190} INFO - [2024-09-27T14:20:48.688+0200] {dag.py:3262} INFO - Creating ORM DAG for conditional_dataset_and_time_based_timetable
[2024-09-27T14:20:48.688+0200] {logging_mixin.py:190} INFO - [2024-09-27T14:20:48.688+0200] {dag.py:3262} INFO - Creating ORM DAG for dataset_produces_2
[2024-09-27T14:20:48.688+0200] {logging_mixin.py:190} INFO - [2024-09-27T14:20:48.688+0200] {dag.py:3262} INFO - Creating ORM DAG for consume_1_or_2_with_dataset_expressions
[2024-09-27T14:20:48.689+0200] {logging_mixin.py:190} INFO - [2024-09-27T14:20:48.689+0200] {dag.py:3262} INFO - Creating ORM DAG for dataset_consumes_1
[2024-09-27T14:20:48.689+0200] {logging_mixin.py:190} INFO - [2024-09-27T14:20:48.689+0200] {dag.py:3262} INFO - Creating ORM DAG for dataset_consumes_unknown_never_scheduled
[2024-09-27T14:20:48.689+0200] {logging_mixin.py:190} INFO - [2024-09-27T14:20:48.689+0200] {dag.py:3262} INFO - Creating ORM DAG for consume_1_or_both_2_and_3_with_dataset_expressions
[2024-09-27T14:20:48.689+0200] {logging_mixin.py:190} INFO - [2024-09-27T14:20:48.689+0200] {dag.py:3262} INFO - Creating ORM DAG for dataset_consumes_1_and_2
[2024-09-27T14:20:48.690+0200] {logging_mixin.py:190} INFO - [2024-09-27T14:20:48.690+0200] {dag.py:3262} INFO - Creating ORM DAG for dataset_consumes_1_never_scheduled
[2024-09-27T14:20:48.690+0200] {logging_mixin.py:190} INFO - [2024-09-27T14:20:48.690+0200] {dag.py:3262} INFO - Creating ORM DAG for consume_1_and_2_with_dataset_expressions
[2024-09-27T14:20:48.695+0200] {logging_mixin.py:190} INFO - [2024-09-27T14:20:48.695+0200] {dag.py:4180} INFO - Setting next_dagrun for conditional_dataset_and_time_based_timetable to 2024-09-25 01:00:00+00:00, run_after=2024-09-25 01:00:00+00:00
[2024-09-27T14:20:48.696+0200] {logging_mixin.py:190} INFO - [2024-09-27T14:20:48.696+0200] {dag.py:4180} INFO - Setting next_dagrun for consume_1_and_2_with_dataset_expressions to None, run_after=None
[2024-09-27T14:20:48.696+0200] {logging_mixin.py:190} INFO - [2024-09-27T14:20:48.696+0200] {dag.py:4180} INFO - Setting next_dagrun for consume_1_or_2_with_dataset_expressions to None, run_after=None
[2024-09-27T14:20:48.696+0200] {logging_mixin.py:190} INFO - [2024-09-27T14:20:48.696+0200] {dag.py:4180} INFO - Setting next_dagrun for consume_1_or_both_2_and_3_with_dataset_expressions to None, run_after=None
[2024-09-27T14:20:48.696+0200] {logging_mixin.py:190} INFO - [2024-09-27T14:20:48.696+0200] {dag.py:4180} INFO - Setting next_dagrun for dataset_consumes_1 to None, run_after=None
[2024-09-27T14:20:48.697+0200] {logging_mixin.py:190} INFO - [2024-09-27T14:20:48.697+0200] {dag.py:4180} INFO - Setting next_dagrun for dataset_consumes_1_and_2 to None, run_after=None
[2024-09-27T14:20:48.697+0200] {logging_mixin.py:190} INFO - [2024-09-27T14:20:48.697+0200] {dag.py:4180} INFO - Setting next_dagrun for dataset_consumes_1_never_scheduled to None, run_after=None
[2024-09-27T14:20:48.697+0200] {logging_mixin.py:190} INFO - [2024-09-27T14:20:48.697+0200] {dag.py:4180} INFO - Setting next_dagrun for dataset_consumes_unknown_never_scheduled to None, run_after=None
[2024-09-27T14:20:48.698+0200] {logging_mixin.py:190} INFO - [2024-09-27T14:20:48.698+0200] {dag.py:4180} INFO - Setting next_dagrun for dataset_produces_1 to 2024-09-26 00:00:00+00:00, run_after=2024-09-27 00:00:00+00:00
[2024-09-27T14:20:48.698+0200] {logging_mixin.py:190} INFO - [2024-09-27T14:20:48.698+0200] {dag.py:4180} INFO - Setting next_dagrun for dataset_produces_2 to None, run_after=None
[2024-09-27T14:20:48.718+0200] {processor.py:208} INFO - Processing /home/julian/.cache/pypoetry/virtualenvs/real-time-data-lake-QWGm5iRW-py3.11/lib/python3.11/site-packages/airflow/example_dags/example_datasets.py took 0.627 seconds
[2024-09-27T14:22:26.769+0200] {processor.py:186} INFO - Started process (PID=280262) to work on /home/julian/.cache/pypoetry/virtualenvs/real-time-data-lake-QWGm5iRW-py3.11/lib/python3.11/site-packages/airflow/example_dags/example_datasets.py
[2024-09-27T14:22:26.775+0200] {processor.py:914} INFO - Processing file /home/julian/.cache/pypoetry/virtualenvs/real-time-data-lake-QWGm5iRW-py3.11/lib/python3.11/site-packages/airflow/example_dags/example_datasets.py for tasks to queue
[2024-09-27T14:22:26.778+0200] {logging_mixin.py:190} INFO - [2024-09-27T14:22:26.777+0200] {dagbag.py:588} INFO - Filling up the DagBag from /home/julian/.cache/pypoetry/virtualenvs/real-time-data-lake-QWGm5iRW-py3.11/lib/python3.11/site-packages/airflow/example_dags/example_datasets.py
[2024-09-27T14:22:26.799+0200] {processor.py:925} INFO - DAG(s) 'consume_1_and_2_with_dataset_expressions', 'dataset_consumes_unknown_never_scheduled', 'dataset_consumes_1', 'consume_1_or_both_2_and_3_with_dataset_expressions', 'dataset_produces_1', 'conditional_dataset_and_time_based_timetable', 'dataset_consumes_1_never_scheduled', 'dataset_produces_2', 'dataset_consumes_1_and_2', 'consume_1_or_2_with_dataset_expressions' retrieved from /home/julian/.cache/pypoetry/virtualenvs/real-time-data-lake-QWGm5iRW-py3.11/lib/python3.11/site-packages/airflow/example_dags/example_datasets.py
[2024-09-27T14:22:26.830+0200] {logging_mixin.py:190} INFO - [2024-09-27T14:22:26.830+0200] {dag.py:3239} INFO - Sync 10 DAGs
[2024-09-27T14:22:26.844+0200] {logging_mixin.py:190} INFO - [2024-09-27T14:22:26.844+0200] {dag.py:4180} INFO - Setting next_dagrun for conditional_dataset_and_time_based_timetable to 2024-09-25 01:00:00+00:00, run_after=2024-09-25 01:00:00+00:00
[2024-09-27T14:22:26.846+0200] {logging_mixin.py:190} INFO - [2024-09-27T14:22:26.846+0200] {dag.py:4180} INFO - Setting next_dagrun for consume_1_and_2_with_dataset_expressions to None, run_after=None
[2024-09-27T14:22:26.847+0200] {logging_mixin.py:190} INFO - [2024-09-27T14:22:26.847+0200] {dag.py:4180} INFO - Setting next_dagrun for consume_1_or_2_with_dataset_expressions to None, run_after=None
[2024-09-27T14:22:26.848+0200] {logging_mixin.py:190} INFO - [2024-09-27T14:22:26.847+0200] {dag.py:4180} INFO - Setting next_dagrun for consume_1_or_both_2_and_3_with_dataset_expressions to None, run_after=None
[2024-09-27T14:22:26.848+0200] {logging_mixin.py:190} INFO - [2024-09-27T14:22:26.848+0200] {dag.py:4180} INFO - Setting next_dagrun for dataset_consumes_1 to None, run_after=None
[2024-09-27T14:22:26.849+0200] {logging_mixin.py:190} INFO - [2024-09-27T14:22:26.848+0200] {dag.py:4180} INFO - Setting next_dagrun for dataset_consumes_1_and_2 to None, run_after=None
[2024-09-27T14:22:26.849+0200] {logging_mixin.py:190} INFO - [2024-09-27T14:22:26.849+0200] {dag.py:4180} INFO - Setting next_dagrun for dataset_consumes_1_never_scheduled to None, run_after=None
[2024-09-27T14:22:26.849+0200] {logging_mixin.py:190} INFO - [2024-09-27T14:22:26.849+0200] {dag.py:4180} INFO - Setting next_dagrun for dataset_consumes_unknown_never_scheduled to None, run_after=None
[2024-09-27T14:22:26.851+0200] {logging_mixin.py:190} INFO - [2024-09-27T14:22:26.851+0200] {dag.py:4180} INFO - Setting next_dagrun for dataset_produces_1 to 2024-09-26 00:00:00+00:00, run_after=2024-09-27 00:00:00+00:00
[2024-09-27T14:22:26.851+0200] {logging_mixin.py:190} INFO - [2024-09-27T14:22:26.851+0200] {dag.py:4180} INFO - Setting next_dagrun for dataset_produces_2 to None, run_after=None
[2024-09-27T14:22:26.870+0200] {processor.py:208} INFO - Processing /home/julian/.cache/pypoetry/virtualenvs/real-time-data-lake-QWGm5iRW-py3.11/lib/python3.11/site-packages/airflow/example_dags/example_datasets.py took 0.108 seconds
[2024-09-27T14:23:20.969+0200] {processor.py:186} INFO - Started process (PID=280396) to work on /home/julian/.cache/pypoetry/virtualenvs/real-time-data-lake-QWGm5iRW-py3.11/lib/python3.11/site-packages/airflow/example_dags/example_datasets.py
[2024-09-27T14:23:20.970+0200] {processor.py:914} INFO - Processing file /home/julian/.cache/pypoetry/virtualenvs/real-time-data-lake-QWGm5iRW-py3.11/lib/python3.11/site-packages/airflow/example_dags/example_datasets.py for tasks to queue
[2024-09-27T14:23:20.972+0200] {logging_mixin.py:190} INFO - [2024-09-27T14:23:20.972+0200] {dagbag.py:588} INFO - Filling up the DagBag from /home/julian/.cache/pypoetry/virtualenvs/real-time-data-lake-QWGm5iRW-py3.11/lib/python3.11/site-packages/airflow/example_dags/example_datasets.py
[2024-09-27T14:23:20.993+0200] {processor.py:925} INFO - DAG(s) 'dataset_consumes_1_never_scheduled', 'dataset_consumes_unknown_never_scheduled', 'dataset_produces_2', 'dataset_consumes_1_and_2', 'conditional_dataset_and_time_based_timetable', 'dataset_consumes_1', 'consume_1_or_both_2_and_3_with_dataset_expressions', 'consume_1_or_2_with_dataset_expressions', 'dataset_produces_1', 'consume_1_and_2_with_dataset_expressions' retrieved from /home/julian/.cache/pypoetry/virtualenvs/real-time-data-lake-QWGm5iRW-py3.11/lib/python3.11/site-packages/airflow/example_dags/example_datasets.py
[2024-09-27T14:23:21.022+0200] {logging_mixin.py:190} INFO - [2024-09-27T14:23:21.021+0200] {dag.py:3239} INFO - Sync 10 DAGs
[2024-09-27T14:23:21.036+0200] {logging_mixin.py:190} INFO - [2024-09-27T14:23:21.036+0200] {dag.py:4180} INFO - Setting next_dagrun for conditional_dataset_and_time_based_timetable to 2024-09-25 01:00:00+00:00, run_after=2024-09-25 01:00:00+00:00
[2024-09-27T14:23:21.038+0200] {logging_mixin.py:190} INFO - [2024-09-27T14:23:21.038+0200] {dag.py:4180} INFO - Setting next_dagrun for consume_1_and_2_with_dataset_expressions to None, run_after=None
[2024-09-27T14:23:21.039+0200] {logging_mixin.py:190} INFO - [2024-09-27T14:23:21.038+0200] {dag.py:4180} INFO - Setting next_dagrun for consume_1_or_2_with_dataset_expressions to None, run_after=None
[2024-09-27T14:23:21.039+0200] {logging_mixin.py:190} INFO - [2024-09-27T14:23:21.039+0200] {dag.py:4180} INFO - Setting next_dagrun for consume_1_or_both_2_and_3_with_dataset_expressions to None, run_after=None
[2024-09-27T14:23:21.040+0200] {logging_mixin.py:190} INFO - [2024-09-27T14:23:21.039+0200] {dag.py:4180} INFO - Setting next_dagrun for dataset_consumes_1 to None, run_after=None
[2024-09-27T14:23:21.040+0200] {logging_mixin.py:190} INFO - [2024-09-27T14:23:21.040+0200] {dag.py:4180} INFO - Setting next_dagrun for dataset_consumes_1_and_2 to None, run_after=None
[2024-09-27T14:23:21.041+0200] {logging_mixin.py:190} INFO - [2024-09-27T14:23:21.040+0200] {dag.py:4180} INFO - Setting next_dagrun for dataset_consumes_1_never_scheduled to None, run_after=None
[2024-09-27T14:23:21.041+0200] {logging_mixin.py:190} INFO - [2024-09-27T14:23:21.041+0200] {dag.py:4180} INFO - Setting next_dagrun for dataset_consumes_unknown_never_scheduled to None, run_after=None
[2024-09-27T14:23:21.042+0200] {logging_mixin.py:190} INFO - [2024-09-27T14:23:21.042+0200] {dag.py:4180} INFO - Setting next_dagrun for dataset_produces_1 to 2024-09-26 00:00:00+00:00, run_after=2024-09-27 00:00:00+00:00
[2024-09-27T14:23:21.043+0200] {logging_mixin.py:190} INFO - [2024-09-27T14:23:21.043+0200] {dag.py:4180} INFO - Setting next_dagrun for dataset_produces_2 to None, run_after=None
[2024-09-27T14:23:21.061+0200] {processor.py:208} INFO - Processing /home/julian/.cache/pypoetry/virtualenvs/real-time-data-lake-QWGm5iRW-py3.11/lib/python3.11/site-packages/airflow/example_dags/example_datasets.py took 0.099 seconds
[2024-09-27T14:24:17.499+0200] {processor.py:186} INFO - Started process (PID=280525) to work on /home/julian/.cache/pypoetry/virtualenvs/real-time-data-lake-QWGm5iRW-py3.11/lib/python3.11/site-packages/airflow/example_dags/example_datasets.py
[2024-09-27T14:24:17.500+0200] {processor.py:914} INFO - Processing file /home/julian/.cache/pypoetry/virtualenvs/real-time-data-lake-QWGm5iRW-py3.11/lib/python3.11/site-packages/airflow/example_dags/example_datasets.py for tasks to queue
[2024-09-27T14:24:17.502+0200] {logging_mixin.py:190} INFO - [2024-09-27T14:24:17.502+0200] {dagbag.py:588} INFO - Filling up the DagBag from /home/julian/.cache/pypoetry/virtualenvs/real-time-data-lake-QWGm5iRW-py3.11/lib/python3.11/site-packages/airflow/example_dags/example_datasets.py
[2024-09-27T14:24:17.523+0200] {processor.py:925} INFO - DAG(s) 'dataset_consumes_1_and_2', 'dataset_produces_1', 'consume_1_and_2_with_dataset_expressions', 'consume_1_or_both_2_and_3_with_dataset_expressions', 'dataset_consumes_1_never_scheduled', 'conditional_dataset_and_time_based_timetable', 'dataset_produces_2', 'dataset_consumes_unknown_never_scheduled', 'dataset_consumes_1', 'consume_1_or_2_with_dataset_expressions' retrieved from /home/julian/.cache/pypoetry/virtualenvs/real-time-data-lake-QWGm5iRW-py3.11/lib/python3.11/site-packages/airflow/example_dags/example_datasets.py
[2024-09-27T14:24:17.552+0200] {logging_mixin.py:190} INFO - [2024-09-27T14:24:17.552+0200] {dag.py:3239} INFO - Sync 10 DAGs
[2024-09-27T14:24:17.565+0200] {logging_mixin.py:190} INFO - [2024-09-27T14:24:17.565+0200] {dag.py:4180} INFO - Setting next_dagrun for conditional_dataset_and_time_based_timetable to 2024-09-25 01:00:00+00:00, run_after=2024-09-25 01:00:00+00:00
[2024-09-27T14:24:17.568+0200] {logging_mixin.py:190} INFO - [2024-09-27T14:24:17.568+0200] {dag.py:4180} INFO - Setting next_dagrun for consume_1_and_2_with_dataset_expressions to None, run_after=None
[2024-09-27T14:24:17.569+0200] {logging_mixin.py:190} INFO - [2024-09-27T14:24:17.569+0200] {dag.py:4180} INFO - Setting next_dagrun for consume_1_or_2_with_dataset_expressions to None, run_after=None
[2024-09-27T14:24:17.569+0200] {logging_mixin.py:190} INFO - [2024-09-27T14:24:17.569+0200] {dag.py:4180} INFO - Setting next_dagrun for consume_1_or_both_2_and_3_with_dataset_expressions to None, run_after=None
[2024-09-27T14:24:17.570+0200] {logging_mixin.py:190} INFO - [2024-09-27T14:24:17.570+0200] {dag.py:4180} INFO - Setting next_dagrun for dataset_consumes_1 to None, run_after=None
[2024-09-27T14:24:17.571+0200] {logging_mixin.py:190} INFO - [2024-09-27T14:24:17.570+0200] {dag.py:4180} INFO - Setting next_dagrun for dataset_consumes_1_and_2 to None, run_after=None
[2024-09-27T14:24:17.571+0200] {logging_mixin.py:190} INFO - [2024-09-27T14:24:17.571+0200] {dag.py:4180} INFO - Setting next_dagrun for dataset_consumes_1_never_scheduled to None, run_after=None
[2024-09-27T14:24:17.572+0200] {logging_mixin.py:190} INFO - [2024-09-27T14:24:17.571+0200] {dag.py:4180} INFO - Setting next_dagrun for dataset_consumes_unknown_never_scheduled to None, run_after=None
[2024-09-27T14:24:17.573+0200] {logging_mixin.py:190} INFO - [2024-09-27T14:24:17.573+0200] {dag.py:4180} INFO - Setting next_dagrun for dataset_produces_1 to 2024-09-26 00:00:00+00:00, run_after=2024-09-27 00:00:00+00:00
[2024-09-27T14:24:17.573+0200] {logging_mixin.py:190} INFO - [2024-09-27T14:24:17.573+0200] {dag.py:4180} INFO - Setting next_dagrun for dataset_produces_2 to None, run_after=None
[2024-09-27T14:24:17.591+0200] {processor.py:208} INFO - Processing /home/julian/.cache/pypoetry/virtualenvs/real-time-data-lake-QWGm5iRW-py3.11/lib/python3.11/site-packages/airflow/example_dags/example_datasets.py took 0.099 seconds
[2024-09-27T14:30:53.519+0200] {processor.py:186} INFO - Started process (PID=281474) to work on /home/julian/.cache/pypoetry/virtualenvs/real-time-data-lake-QWGm5iRW-py3.11/lib/python3.11/site-packages/airflow/example_dags/example_datasets.py
[2024-09-27T14:30:53.520+0200] {processor.py:914} INFO - Processing file /home/julian/.cache/pypoetry/virtualenvs/real-time-data-lake-QWGm5iRW-py3.11/lib/python3.11/site-packages/airflow/example_dags/example_datasets.py for tasks to queue
[2024-09-27T14:30:53.522+0200] {logging_mixin.py:190} INFO - [2024-09-27T14:30:53.522+0200] {dagbag.py:588} INFO - Filling up the DagBag from /home/julian/.cache/pypoetry/virtualenvs/real-time-data-lake-QWGm5iRW-py3.11/lib/python3.11/site-packages/airflow/example_dags/example_datasets.py
[2024-09-27T14:30:53.543+0200] {processor.py:925} INFO - DAG(s) 'dataset_consumes_unknown_never_scheduled', 'dataset_consumes_1_never_scheduled', 'dataset_produces_1', 'dataset_consumes_1', 'consume_1_or_both_2_and_3_with_dataset_expressions', 'conditional_dataset_and_time_based_timetable', 'consume_1_or_2_with_dataset_expressions', 'dataset_produces_2', 'dataset_consumes_1_and_2', 'consume_1_and_2_with_dataset_expressions' retrieved from /home/julian/.cache/pypoetry/virtualenvs/real-time-data-lake-QWGm5iRW-py3.11/lib/python3.11/site-packages/airflow/example_dags/example_datasets.py
[2024-09-27T14:30:53.572+0200] {logging_mixin.py:190} INFO - [2024-09-27T14:30:53.572+0200] {dag.py:3239} INFO - Sync 10 DAGs
[2024-09-27T14:30:53.586+0200] {logging_mixin.py:190} INFO - [2024-09-27T14:30:53.586+0200] {dag.py:4180} INFO - Setting next_dagrun for conditional_dataset_and_time_based_timetable to 2024-09-25 01:00:00+00:00, run_after=2024-09-25 01:00:00+00:00
[2024-09-27T14:30:53.588+0200] {logging_mixin.py:190} INFO - [2024-09-27T14:30:53.588+0200] {dag.py:4180} INFO - Setting next_dagrun for consume_1_and_2_with_dataset_expressions to None, run_after=None
[2024-09-27T14:30:53.589+0200] {logging_mixin.py:190} INFO - [2024-09-27T14:30:53.589+0200] {dag.py:4180} INFO - Setting next_dagrun for consume_1_or_2_with_dataset_expressions to None, run_after=None
[2024-09-27T14:30:53.590+0200] {logging_mixin.py:190} INFO - [2024-09-27T14:30:53.590+0200] {dag.py:4180} INFO - Setting next_dagrun for consume_1_or_both_2_and_3_with_dataset_expressions to None, run_after=None
[2024-09-27T14:30:53.590+0200] {logging_mixin.py:190} INFO - [2024-09-27T14:30:53.590+0200] {dag.py:4180} INFO - Setting next_dagrun for dataset_consumes_1 to None, run_after=None
[2024-09-27T14:30:53.591+0200] {logging_mixin.py:190} INFO - [2024-09-27T14:30:53.591+0200] {dag.py:4180} INFO - Setting next_dagrun for dataset_consumes_1_and_2 to None, run_after=None
[2024-09-27T14:30:53.591+0200] {logging_mixin.py:190} INFO - [2024-09-27T14:30:53.591+0200] {dag.py:4180} INFO - Setting next_dagrun for dataset_consumes_1_never_scheduled to None, run_after=None
[2024-09-27T14:30:53.592+0200] {logging_mixin.py:190} INFO - [2024-09-27T14:30:53.592+0200] {dag.py:4180} INFO - Setting next_dagrun for dataset_consumes_unknown_never_scheduled to None, run_after=None
[2024-09-27T14:30:53.593+0200] {logging_mixin.py:190} INFO - [2024-09-27T14:30:53.593+0200] {dag.py:4180} INFO - Setting next_dagrun for dataset_produces_1 to 2024-09-26 00:00:00+00:00, run_after=2024-09-27 00:00:00+00:00
[2024-09-27T14:30:53.593+0200] {logging_mixin.py:190} INFO - [2024-09-27T14:30:53.593+0200] {dag.py:4180} INFO - Setting next_dagrun for dataset_produces_2 to None, run_after=None
[2024-09-27T14:30:53.612+0200] {processor.py:208} INFO - Processing /home/julian/.cache/pypoetry/virtualenvs/real-time-data-lake-QWGm5iRW-py3.11/lib/python3.11/site-packages/airflow/example_dags/example_datasets.py took 0.100 seconds
[2024-09-27T14:31:47.774+0200] {processor.py:186} INFO - Started process (PID=281572) to work on /home/julian/.cache/pypoetry/virtualenvs/real-time-data-lake-QWGm5iRW-py3.11/lib/python3.11/site-packages/airflow/example_dags/example_datasets.py
[2024-09-27T14:31:47.780+0200] {processor.py:914} INFO - Processing file /home/julian/.cache/pypoetry/virtualenvs/real-time-data-lake-QWGm5iRW-py3.11/lib/python3.11/site-packages/airflow/example_dags/example_datasets.py for tasks to queue
[2024-09-27T14:31:47.782+0200] {logging_mixin.py:190} INFO - [2024-09-27T14:31:47.782+0200] {dagbag.py:588} INFO - Filling up the DagBag from /home/julian/.cache/pypoetry/virtualenvs/real-time-data-lake-QWGm5iRW-py3.11/lib/python3.11/site-packages/airflow/example_dags/example_datasets.py
[2024-09-27T14:31:47.800+0200] {processor.py:925} INFO - DAG(s) 'consume_1_and_2_with_dataset_expressions', 'dataset_produces_1', 'dataset_consumes_1', 'dataset_consumes_unknown_never_scheduled', 'consume_1_or_2_with_dataset_expressions', 'consume_1_or_both_2_and_3_with_dataset_expressions', 'dataset_produces_2', 'conditional_dataset_and_time_based_timetable', 'dataset_consumes_1_never_scheduled', 'dataset_consumes_1_and_2' retrieved from /home/julian/.cache/pypoetry/virtualenvs/real-time-data-lake-QWGm5iRW-py3.11/lib/python3.11/site-packages/airflow/example_dags/example_datasets.py
[2024-09-27T14:31:47.832+0200] {logging_mixin.py:190} INFO - [2024-09-27T14:31:47.832+0200] {dag.py:3239} INFO - Sync 10 DAGs
[2024-09-27T14:31:47.846+0200] {logging_mixin.py:190} INFO - [2024-09-27T14:31:47.846+0200] {dag.py:4180} INFO - Setting next_dagrun for conditional_dataset_and_time_based_timetable to 2024-09-25 01:00:00+00:00, run_after=2024-09-25 01:00:00+00:00
[2024-09-27T14:31:47.848+0200] {logging_mixin.py:190} INFO - [2024-09-27T14:31:47.848+0200] {dag.py:4180} INFO - Setting next_dagrun for consume_1_and_2_with_dataset_expressions to None, run_after=None
[2024-09-27T14:31:47.849+0200] {logging_mixin.py:190} INFO - [2024-09-27T14:31:47.849+0200] {dag.py:4180} INFO - Setting next_dagrun for consume_1_or_2_with_dataset_expressions to None, run_after=None
[2024-09-27T14:31:47.849+0200] {logging_mixin.py:190} INFO - [2024-09-27T14:31:47.849+0200] {dag.py:4180} INFO - Setting next_dagrun for consume_1_or_both_2_and_3_with_dataset_expressions to None, run_after=None
[2024-09-27T14:31:47.850+0200] {logging_mixin.py:190} INFO - [2024-09-27T14:31:47.850+0200] {dag.py:4180} INFO - Setting next_dagrun for dataset_consumes_1 to None, run_after=None
[2024-09-27T14:31:47.850+0200] {logging_mixin.py:190} INFO - [2024-09-27T14:31:47.850+0200] {dag.py:4180} INFO - Setting next_dagrun for dataset_consumes_1_and_2 to None, run_after=None
[2024-09-27T14:31:47.851+0200] {logging_mixin.py:190} INFO - [2024-09-27T14:31:47.851+0200] {dag.py:4180} INFO - Setting next_dagrun for dataset_consumes_1_never_scheduled to None, run_after=None
[2024-09-27T14:31:47.851+0200] {logging_mixin.py:190} INFO - [2024-09-27T14:31:47.851+0200] {dag.py:4180} INFO - Setting next_dagrun for dataset_consumes_unknown_never_scheduled to None, run_after=None
[2024-09-27T14:31:47.853+0200] {logging_mixin.py:190} INFO - [2024-09-27T14:31:47.852+0200] {dag.py:4180} INFO - Setting next_dagrun for dataset_produces_1 to 2024-09-26 00:00:00+00:00, run_after=2024-09-27 00:00:00+00:00
[2024-09-27T14:31:47.853+0200] {logging_mixin.py:190} INFO - [2024-09-27T14:31:47.853+0200] {dag.py:4180} INFO - Setting next_dagrun for dataset_produces_2 to None, run_after=None
[2024-09-27T14:31:47.871+0200] {processor.py:208} INFO - Processing /home/julian/.cache/pypoetry/virtualenvs/real-time-data-lake-QWGm5iRW-py3.11/lib/python3.11/site-packages/airflow/example_dags/example_datasets.py took 0.101 seconds
[2024-09-27T14:33:01.481+0200] {processor.py:186} INFO - Started process (PID=281762) to work on /home/julian/.cache/pypoetry/virtualenvs/real-time-data-lake-QWGm5iRW-py3.11/lib/python3.11/site-packages/airflow/example_dags/example_datasets.py
[2024-09-27T14:33:01.481+0200] {processor.py:914} INFO - Processing file /home/julian/.cache/pypoetry/virtualenvs/real-time-data-lake-QWGm5iRW-py3.11/lib/python3.11/site-packages/airflow/example_dags/example_datasets.py for tasks to queue
[2024-09-27T14:33:01.483+0200] {logging_mixin.py:190} INFO - [2024-09-27T14:33:01.483+0200] {dagbag.py:588} INFO - Filling up the DagBag from /home/julian/.cache/pypoetry/virtualenvs/real-time-data-lake-QWGm5iRW-py3.11/lib/python3.11/site-packages/airflow/example_dags/example_datasets.py
[2024-09-27T14:33:01.493+0200] {processor.py:925} INFO - DAG(s) 'dataset_consumes_1_never_scheduled', 'dataset_produces_2', 'dataset_consumes_1', 'dataset_consumes_unknown_never_scheduled', 'consume_1_or_2_with_dataset_expressions', 'conditional_dataset_and_time_based_timetable', 'consume_1_and_2_with_dataset_expressions', 'consume_1_or_both_2_and_3_with_dataset_expressions', 'dataset_consumes_1_and_2', 'dataset_produces_1' retrieved from /home/julian/.cache/pypoetry/virtualenvs/real-time-data-lake-QWGm5iRW-py3.11/lib/python3.11/site-packages/airflow/example_dags/example_datasets.py
[2024-09-27T14:33:01.515+0200] {logging_mixin.py:190} INFO - [2024-09-27T14:33:01.515+0200] {dag.py:3239} INFO - Sync 10 DAGs
[2024-09-27T14:33:01.533+0200] {logging_mixin.py:190} INFO - [2024-09-27T14:33:01.533+0200] {dag.py:4180} INFO - Setting next_dagrun for conditional_dataset_and_time_based_timetable to 2024-09-25 01:00:00+00:00, run_after=2024-09-25 01:00:00+00:00
[2024-09-27T14:33:01.535+0200] {logging_mixin.py:190} INFO - [2024-09-27T14:33:01.535+0200] {dag.py:4180} INFO - Setting next_dagrun for consume_1_and_2_with_dataset_expressions to None, run_after=None
[2024-09-27T14:33:01.536+0200] {logging_mixin.py:190} INFO - [2024-09-27T14:33:01.536+0200] {dag.py:4180} INFO - Setting next_dagrun for consume_1_or_2_with_dataset_expressions to None, run_after=None
[2024-09-27T14:33:01.536+0200] {logging_mixin.py:190} INFO - [2024-09-27T14:33:01.536+0200] {dag.py:4180} INFO - Setting next_dagrun for consume_1_or_both_2_and_3_with_dataset_expressions to None, run_after=None
[2024-09-27T14:33:01.537+0200] {logging_mixin.py:190} INFO - [2024-09-27T14:33:01.537+0200] {dag.py:4180} INFO - Setting next_dagrun for dataset_consumes_1 to None, run_after=None
[2024-09-27T14:33:01.537+0200] {logging_mixin.py:190} INFO - [2024-09-27T14:33:01.537+0200] {dag.py:4180} INFO - Setting next_dagrun for dataset_consumes_1_and_2 to None, run_after=None
[2024-09-27T14:33:01.538+0200] {logging_mixin.py:190} INFO - [2024-09-27T14:33:01.538+0200] {dag.py:4180} INFO - Setting next_dagrun for dataset_consumes_1_never_scheduled to None, run_after=None
[2024-09-27T14:33:01.538+0200] {logging_mixin.py:190} INFO - [2024-09-27T14:33:01.538+0200] {dag.py:4180} INFO - Setting next_dagrun for dataset_consumes_unknown_never_scheduled to None, run_after=None
[2024-09-27T14:33:01.540+0200] {logging_mixin.py:190} INFO - [2024-09-27T14:33:01.539+0200] {dag.py:4180} INFO - Setting next_dagrun for dataset_produces_1 to 2024-09-26 00:00:00+00:00, run_after=2024-09-27 00:00:00+00:00
[2024-09-27T14:33:01.540+0200] {logging_mixin.py:190} INFO - [2024-09-27T14:33:01.540+0200] {dag.py:4180} INFO - Setting next_dagrun for dataset_produces_2 to None, run_after=None
[2024-09-27T14:33:01.559+0200] {processor.py:208} INFO - Processing /home/julian/.cache/pypoetry/virtualenvs/real-time-data-lake-QWGm5iRW-py3.11/lib/python3.11/site-packages/airflow/example_dags/example_datasets.py took 0.081 seconds
[2024-09-27T14:34:13.877+0200] {processor.py:186} INFO - Started process (PID=281912) to work on /home/julian/.cache/pypoetry/virtualenvs/real-time-data-lake-QWGm5iRW-py3.11/lib/python3.11/site-packages/airflow/example_dags/example_datasets.py
[2024-09-27T14:34:13.878+0200] {processor.py:914} INFO - Processing file /home/julian/.cache/pypoetry/virtualenvs/real-time-data-lake-QWGm5iRW-py3.11/lib/python3.11/site-packages/airflow/example_dags/example_datasets.py for tasks to queue
[2024-09-27T14:34:13.880+0200] {logging_mixin.py:190} INFO - [2024-09-27T14:34:13.880+0200] {dagbag.py:588} INFO - Filling up the DagBag from /home/julian/.cache/pypoetry/virtualenvs/real-time-data-lake-QWGm5iRW-py3.11/lib/python3.11/site-packages/airflow/example_dags/example_datasets.py
[2024-09-27T14:34:13.899+0200] {processor.py:925} INFO - DAG(s) 'consume_1_or_2_with_dataset_expressions', 'consume_1_or_both_2_and_3_with_dataset_expressions', 'dataset_consumes_unknown_never_scheduled', 'dataset_produces_2', 'dataset_produces_1', 'dataset_consumes_1', 'dataset_consumes_1_and_2', 'conditional_dataset_and_time_based_timetable', 'consume_1_and_2_with_dataset_expressions', 'dataset_consumes_1_never_scheduled' retrieved from /home/julian/.cache/pypoetry/virtualenvs/real-time-data-lake-QWGm5iRW-py3.11/lib/python3.11/site-packages/airflow/example_dags/example_datasets.py
[2024-09-27T14:34:13.931+0200] {logging_mixin.py:190} INFO - [2024-09-27T14:34:13.931+0200] {dag.py:3239} INFO - Sync 10 DAGs
[2024-09-27T14:34:13.945+0200] {logging_mixin.py:190} INFO - [2024-09-27T14:34:13.945+0200] {dag.py:4180} INFO - Setting next_dagrun for conditional_dataset_and_time_based_timetable to 2024-09-25 01:00:00+00:00, run_after=2024-09-25 01:00:00+00:00
[2024-09-27T14:34:13.948+0200] {logging_mixin.py:190} INFO - [2024-09-27T14:34:13.947+0200] {dag.py:4180} INFO - Setting next_dagrun for consume_1_and_2_with_dataset_expressions to None, run_after=None
[2024-09-27T14:34:13.948+0200] {logging_mixin.py:190} INFO - [2024-09-27T14:34:13.948+0200] {dag.py:4180} INFO - Setting next_dagrun for consume_1_or_2_with_dataset_expressions to None, run_after=None
[2024-09-27T14:34:13.949+0200] {logging_mixin.py:190} INFO - [2024-09-27T14:34:13.949+0200] {dag.py:4180} INFO - Setting next_dagrun for consume_1_or_both_2_and_3_with_dataset_expressions to None, run_after=None
[2024-09-27T14:34:13.949+0200] {logging_mixin.py:190} INFO - [2024-09-27T14:34:13.949+0200] {dag.py:4180} INFO - Setting next_dagrun for dataset_consumes_1 to None, run_after=None
[2024-09-27T14:34:13.950+0200] {logging_mixin.py:190} INFO - [2024-09-27T14:34:13.949+0200] {dag.py:4180} INFO - Setting next_dagrun for dataset_consumes_1_and_2 to None, run_after=None
[2024-09-27T14:34:13.950+0200] {logging_mixin.py:190} INFO - [2024-09-27T14:34:13.950+0200] {dag.py:4180} INFO - Setting next_dagrun for dataset_consumes_1_never_scheduled to None, run_after=None
[2024-09-27T14:34:13.951+0200] {logging_mixin.py:190} INFO - [2024-09-27T14:34:13.950+0200] {dag.py:4180} INFO - Setting next_dagrun for dataset_consumes_unknown_never_scheduled to None, run_after=None
[2024-09-27T14:34:13.952+0200] {logging_mixin.py:190} INFO - [2024-09-27T14:34:13.952+0200] {dag.py:4180} INFO - Setting next_dagrun for dataset_produces_1 to 2024-09-26 00:00:00+00:00, run_after=2024-09-27 00:00:00+00:00
[2024-09-27T14:34:13.952+0200] {logging_mixin.py:190} INFO - [2024-09-27T14:34:13.952+0200] {dag.py:4180} INFO - Setting next_dagrun for dataset_produces_2 to None, run_after=None
[2024-09-27T14:34:13.971+0200] {processor.py:208} INFO - Processing /home/julian/.cache/pypoetry/virtualenvs/real-time-data-lake-QWGm5iRW-py3.11/lib/python3.11/site-packages/airflow/example_dags/example_datasets.py took 0.101 seconds
[2024-09-27T14:35:27.062+0200] {processor.py:186} INFO - Started process (PID=282156) to work on /home/julian/.cache/pypoetry/virtualenvs/real-time-data-lake-QWGm5iRW-py3.11/lib/python3.11/site-packages/airflow/example_dags/example_datasets.py
[2024-09-27T14:35:27.068+0200] {processor.py:914} INFO - Processing file /home/julian/.cache/pypoetry/virtualenvs/real-time-data-lake-QWGm5iRW-py3.11/lib/python3.11/site-packages/airflow/example_dags/example_datasets.py for tasks to queue
[2024-09-27T14:35:27.070+0200] {logging_mixin.py:190} INFO - [2024-09-27T14:35:27.070+0200] {dagbag.py:588} INFO - Filling up the DagBag from /home/julian/.cache/pypoetry/virtualenvs/real-time-data-lake-QWGm5iRW-py3.11/lib/python3.11/site-packages/airflow/example_dags/example_datasets.py
[2024-09-27T14:35:27.091+0200] {processor.py:925} INFO - DAG(s) 'dataset_produces_2', 'dataset_consumes_unknown_never_scheduled', 'dataset_consumes_1_never_scheduled', 'conditional_dataset_and_time_based_timetable', 'dataset_produces_1', 'dataset_consumes_1', 'consume_1_and_2_with_dataset_expressions', 'consume_1_or_both_2_and_3_with_dataset_expressions', 'dataset_consumes_1_and_2', 'consume_1_or_2_with_dataset_expressions' retrieved from /home/julian/.cache/pypoetry/virtualenvs/real-time-data-lake-QWGm5iRW-py3.11/lib/python3.11/site-packages/airflow/example_dags/example_datasets.py
[2024-09-27T14:35:27.124+0200] {logging_mixin.py:190} INFO - [2024-09-27T14:35:27.124+0200] {dag.py:3239} INFO - Sync 10 DAGs
[2024-09-27T14:35:27.139+0200] {logging_mixin.py:190} INFO - [2024-09-27T14:35:27.139+0200] {dag.py:4180} INFO - Setting next_dagrun for conditional_dataset_and_time_based_timetable to 2024-09-25 01:00:00+00:00, run_after=2024-09-25 01:00:00+00:00
[2024-09-27T14:35:27.141+0200] {logging_mixin.py:190} INFO - [2024-09-27T14:35:27.141+0200] {dag.py:4180} INFO - Setting next_dagrun for consume_1_and_2_with_dataset_expressions to None, run_after=None
[2024-09-27T14:35:27.142+0200] {logging_mixin.py:190} INFO - [2024-09-27T14:35:27.142+0200] {dag.py:4180} INFO - Setting next_dagrun for consume_1_or_2_with_dataset_expressions to None, run_after=None
[2024-09-27T14:35:27.142+0200] {logging_mixin.py:190} INFO - [2024-09-27T14:35:27.142+0200] {dag.py:4180} INFO - Setting next_dagrun for consume_1_or_both_2_and_3_with_dataset_expressions to None, run_after=None
[2024-09-27T14:35:27.143+0200] {logging_mixin.py:190} INFO - [2024-09-27T14:35:27.143+0200] {dag.py:4180} INFO - Setting next_dagrun for dataset_consumes_1 to None, run_after=None
[2024-09-27T14:35:27.143+0200] {logging_mixin.py:190} INFO - [2024-09-27T14:35:27.143+0200] {dag.py:4180} INFO - Setting next_dagrun for dataset_consumes_1_and_2 to None, run_after=None
[2024-09-27T14:35:27.144+0200] {logging_mixin.py:190} INFO - [2024-09-27T14:35:27.144+0200] {dag.py:4180} INFO - Setting next_dagrun for dataset_consumes_1_never_scheduled to None, run_after=None
[2024-09-27T14:35:27.144+0200] {logging_mixin.py:190} INFO - [2024-09-27T14:35:27.144+0200] {dag.py:4180} INFO - Setting next_dagrun for dataset_consumes_unknown_never_scheduled to None, run_after=None
[2024-09-27T14:35:27.145+0200] {logging_mixin.py:190} INFO - [2024-09-27T14:35:27.145+0200] {dag.py:4180} INFO - Setting next_dagrun for dataset_produces_1 to 2024-09-26 00:00:00+00:00, run_after=2024-09-27 00:00:00+00:00
[2024-09-27T14:35:27.146+0200] {logging_mixin.py:190} INFO - [2024-09-27T14:35:27.146+0200] {dag.py:4180} INFO - Setting next_dagrun for dataset_produces_2 to None, run_after=None
[2024-09-27T14:35:27.164+0200] {processor.py:208} INFO - Processing /home/julian/.cache/pypoetry/virtualenvs/real-time-data-lake-QWGm5iRW-py3.11/lib/python3.11/site-packages/airflow/example_dags/example_datasets.py took 0.110 seconds
[2024-09-27T14:36:36.968+0200] {processor.py:186} INFO - Started process (PID=282272) to work on /home/julian/.cache/pypoetry/virtualenvs/real-time-data-lake-QWGm5iRW-py3.11/lib/python3.11/site-packages/airflow/example_dags/example_datasets.py
[2024-09-27T14:36:36.974+0200] {processor.py:914} INFO - Processing file /home/julian/.cache/pypoetry/virtualenvs/real-time-data-lake-QWGm5iRW-py3.11/lib/python3.11/site-packages/airflow/example_dags/example_datasets.py for tasks to queue
[2024-09-27T14:36:36.977+0200] {logging_mixin.py:190} INFO - [2024-09-27T14:36:36.977+0200] {dagbag.py:588} INFO - Filling up the DagBag from /home/julian/.cache/pypoetry/virtualenvs/real-time-data-lake-QWGm5iRW-py3.11/lib/python3.11/site-packages/airflow/example_dags/example_datasets.py
[2024-09-27T14:36:36.998+0200] {processor.py:925} INFO - DAG(s) 'consume_1_or_2_with_dataset_expressions', 'dataset_consumes_1_never_scheduled', 'dataset_produces_2', 'consume_1_and_2_with_dataset_expressions', 'dataset_consumes_1', 'dataset_produces_1', 'consume_1_or_both_2_and_3_with_dataset_expressions', 'dataset_consumes_unknown_never_scheduled', 'dataset_consumes_1_and_2', 'conditional_dataset_and_time_based_timetable' retrieved from /home/julian/.cache/pypoetry/virtualenvs/real-time-data-lake-QWGm5iRW-py3.11/lib/python3.11/site-packages/airflow/example_dags/example_datasets.py
[2024-09-27T14:36:37.030+0200] {logging_mixin.py:190} INFO - [2024-09-27T14:36:37.030+0200] {dag.py:3239} INFO - Sync 10 DAGs
[2024-09-27T14:36:37.044+0200] {logging_mixin.py:190} INFO - [2024-09-27T14:36:37.044+0200] {dag.py:4180} INFO - Setting next_dagrun for conditional_dataset_and_time_based_timetable to 2024-09-25 01:00:00+00:00, run_after=2024-09-25 01:00:00+00:00
[2024-09-27T14:36:37.046+0200] {logging_mixin.py:190} INFO - [2024-09-27T14:36:37.046+0200] {dag.py:4180} INFO - Setting next_dagrun for consume_1_and_2_with_dataset_expressions to None, run_after=None
[2024-09-27T14:36:37.047+0200] {logging_mixin.py:190} INFO - [2024-09-27T14:36:37.047+0200] {dag.py:4180} INFO - Setting next_dagrun for consume_1_or_2_with_dataset_expressions to None, run_after=None
[2024-09-27T14:36:37.047+0200] {logging_mixin.py:190} INFO - [2024-09-27T14:36:37.047+0200] {dag.py:4180} INFO - Setting next_dagrun for consume_1_or_both_2_and_3_with_dataset_expressions to None, run_after=None
[2024-09-27T14:36:37.048+0200] {logging_mixin.py:190} INFO - [2024-09-27T14:36:37.048+0200] {dag.py:4180} INFO - Setting next_dagrun for dataset_consumes_1 to None, run_after=None
[2024-09-27T14:36:37.048+0200] {logging_mixin.py:190} INFO - [2024-09-27T14:36:37.048+0200] {dag.py:4180} INFO - Setting next_dagrun for dataset_consumes_1_and_2 to None, run_after=None
[2024-09-27T14:36:37.049+0200] {logging_mixin.py:190} INFO - [2024-09-27T14:36:37.049+0200] {dag.py:4180} INFO - Setting next_dagrun for dataset_consumes_1_never_scheduled to None, run_after=None
[2024-09-27T14:36:37.049+0200] {logging_mixin.py:190} INFO - [2024-09-27T14:36:37.049+0200] {dag.py:4180} INFO - Setting next_dagrun for dataset_consumes_unknown_never_scheduled to None, run_after=None
[2024-09-27T14:36:37.050+0200] {logging_mixin.py:190} INFO - [2024-09-27T14:36:37.050+0200] {dag.py:4180} INFO - Setting next_dagrun for dataset_produces_1 to 2024-09-26 00:00:00+00:00, run_after=2024-09-27 00:00:00+00:00
[2024-09-27T14:36:37.051+0200] {logging_mixin.py:190} INFO - [2024-09-27T14:36:37.051+0200] {dag.py:4180} INFO - Setting next_dagrun for dataset_produces_2 to None, run_after=None
[2024-09-27T14:36:37.069+0200] {processor.py:208} INFO - Processing /home/julian/.cache/pypoetry/virtualenvs/real-time-data-lake-QWGm5iRW-py3.11/lib/python3.11/site-packages/airflow/example_dags/example_datasets.py took 0.108 seconds
[2024-09-27T14:37:31.984+0200] {processor.py:186} INFO - Started process (PID=282431) to work on /home/julian/.cache/pypoetry/virtualenvs/real-time-data-lake-QWGm5iRW-py3.11/lib/python3.11/site-packages/airflow/example_dags/example_datasets.py
[2024-09-27T14:37:31.985+0200] {processor.py:914} INFO - Processing file /home/julian/.cache/pypoetry/virtualenvs/real-time-data-lake-QWGm5iRW-py3.11/lib/python3.11/site-packages/airflow/example_dags/example_datasets.py for tasks to queue
[2024-09-27T14:37:31.987+0200] {logging_mixin.py:190} INFO - [2024-09-27T14:37:31.986+0200] {dagbag.py:588} INFO - Filling up the DagBag from /home/julian/.cache/pypoetry/virtualenvs/real-time-data-lake-QWGm5iRW-py3.11/lib/python3.11/site-packages/airflow/example_dags/example_datasets.py
[2024-09-27T14:37:32.004+0200] {processor.py:925} INFO - DAG(s) 'consume_1_or_2_with_dataset_expressions', 'dataset_consumes_1_never_scheduled', 'consume_1_and_2_with_dataset_expressions', 'dataset_consumes_1', 'dataset_consumes_unknown_never_scheduled', 'conditional_dataset_and_time_based_timetable', 'dataset_produces_2', 'dataset_produces_1', 'dataset_consumes_1_and_2', 'consume_1_or_both_2_and_3_with_dataset_expressions' retrieved from /home/julian/.cache/pypoetry/virtualenvs/real-time-data-lake-QWGm5iRW-py3.11/lib/python3.11/site-packages/airflow/example_dags/example_datasets.py
[2024-09-27T14:37:32.040+0200] {logging_mixin.py:190} INFO - [2024-09-27T14:37:32.040+0200] {dag.py:3239} INFO - Sync 10 DAGs
[2024-09-27T14:37:32.055+0200] {logging_mixin.py:190} INFO - [2024-09-27T14:37:32.055+0200] {dag.py:4180} INFO - Setting next_dagrun for conditional_dataset_and_time_based_timetable to 2024-09-25 01:00:00+00:00, run_after=2024-09-25 01:00:00+00:00
[2024-09-27T14:37:32.058+0200] {logging_mixin.py:190} INFO - [2024-09-27T14:37:32.058+0200] {dag.py:4180} INFO - Setting next_dagrun for consume_1_and_2_with_dataset_expressions to None, run_after=None
[2024-09-27T14:37:32.059+0200] {logging_mixin.py:190} INFO - [2024-09-27T14:37:32.058+0200] {dag.py:4180} INFO - Setting next_dagrun for consume_1_or_2_with_dataset_expressions to None, run_after=None
[2024-09-27T14:37:32.059+0200] {logging_mixin.py:190} INFO - [2024-09-27T14:37:32.059+0200] {dag.py:4180} INFO - Setting next_dagrun for consume_1_or_both_2_and_3_with_dataset_expressions to None, run_after=None
[2024-09-27T14:37:32.060+0200] {logging_mixin.py:190} INFO - [2024-09-27T14:37:32.060+0200] {dag.py:4180} INFO - Setting next_dagrun for dataset_consumes_1 to None, run_after=None
[2024-09-27T14:37:32.061+0200] {logging_mixin.py:190} INFO - [2024-09-27T14:37:32.060+0200] {dag.py:4180} INFO - Setting next_dagrun for dataset_consumes_1_and_2 to None, run_after=None
[2024-09-27T14:37:32.061+0200] {logging_mixin.py:190} INFO - [2024-09-27T14:37:32.061+0200] {dag.py:4180} INFO - Setting next_dagrun for dataset_consumes_1_never_scheduled to None, run_after=None
[2024-09-27T14:37:32.062+0200] {logging_mixin.py:190} INFO - [2024-09-27T14:37:32.062+0200] {dag.py:4180} INFO - Setting next_dagrun for dataset_consumes_unknown_never_scheduled to None, run_after=None
[2024-09-27T14:37:32.063+0200] {logging_mixin.py:190} INFO - [2024-09-27T14:37:32.063+0200] {dag.py:4180} INFO - Setting next_dagrun for dataset_produces_1 to 2024-09-26 00:00:00+00:00, run_after=2024-09-27 00:00:00+00:00
[2024-09-27T14:37:32.064+0200] {logging_mixin.py:190} INFO - [2024-09-27T14:37:32.064+0200] {dag.py:4180} INFO - Setting next_dagrun for dataset_produces_2 to None, run_after=None
[2024-09-27T14:37:32.086+0200] {processor.py:208} INFO - Processing /home/julian/.cache/pypoetry/virtualenvs/real-time-data-lake-QWGm5iRW-py3.11/lib/python3.11/site-packages/airflow/example_dags/example_datasets.py took 0.108 seconds
[2024-09-27T14:38:46.538+0200] {processor.py:186} INFO - Started process (PID=282788) to work on /home/julian/.cache/pypoetry/virtualenvs/real-time-data-lake-QWGm5iRW-py3.11/lib/python3.11/site-packages/airflow/example_dags/example_datasets.py
[2024-09-27T14:38:46.544+0200] {processor.py:914} INFO - Processing file /home/julian/.cache/pypoetry/virtualenvs/real-time-data-lake-QWGm5iRW-py3.11/lib/python3.11/site-packages/airflow/example_dags/example_datasets.py for tasks to queue
[2024-09-27T14:38:46.547+0200] {logging_mixin.py:190} INFO - [2024-09-27T14:38:46.546+0200] {dagbag.py:588} INFO - Filling up the DagBag from /home/julian/.cache/pypoetry/virtualenvs/real-time-data-lake-QWGm5iRW-py3.11/lib/python3.11/site-packages/airflow/example_dags/example_datasets.py
[2024-09-27T14:38:46.567+0200] {processor.py:925} INFO - DAG(s) 'consume_1_and_2_with_dataset_expressions', 'consume_1_or_both_2_and_3_with_dataset_expressions', 'dataset_consumes_1_and_2', 'dataset_produces_1', 'conditional_dataset_and_time_based_timetable', 'dataset_produces_2', 'dataset_consumes_1_never_scheduled', 'dataset_consumes_unknown_never_scheduled', 'consume_1_or_2_with_dataset_expressions', 'dataset_consumes_1' retrieved from /home/julian/.cache/pypoetry/virtualenvs/real-time-data-lake-QWGm5iRW-py3.11/lib/python3.11/site-packages/airflow/example_dags/example_datasets.py
[2024-09-27T14:38:46.600+0200] {logging_mixin.py:190} INFO - [2024-09-27T14:38:46.600+0200] {dag.py:3239} INFO - Sync 10 DAGs
[2024-09-27T14:38:46.614+0200] {logging_mixin.py:190} INFO - [2024-09-27T14:38:46.614+0200] {dag.py:4180} INFO - Setting next_dagrun for conditional_dataset_and_time_based_timetable to 2024-09-25 01:00:00+00:00, run_after=2024-09-25 01:00:00+00:00
[2024-09-27T14:38:46.616+0200] {logging_mixin.py:190} INFO - [2024-09-27T14:38:46.616+0200] {dag.py:4180} INFO - Setting next_dagrun for consume_1_and_2_with_dataset_expressions to None, run_after=None
[2024-09-27T14:38:46.617+0200] {logging_mixin.py:190} INFO - [2024-09-27T14:38:46.617+0200] {dag.py:4180} INFO - Setting next_dagrun for consume_1_or_2_with_dataset_expressions to None, run_after=None
[2024-09-27T14:38:46.617+0200] {logging_mixin.py:190} INFO - [2024-09-27T14:38:46.617+0200] {dag.py:4180} INFO - Setting next_dagrun for consume_1_or_both_2_and_3_with_dataset_expressions to None, run_after=None
[2024-09-27T14:38:46.618+0200] {logging_mixin.py:190} INFO - [2024-09-27T14:38:46.618+0200] {dag.py:4180} INFO - Setting next_dagrun for dataset_consumes_1 to None, run_after=None
[2024-09-27T14:38:46.618+0200] {logging_mixin.py:190} INFO - [2024-09-27T14:38:46.618+0200] {dag.py:4180} INFO - Setting next_dagrun for dataset_consumes_1_and_2 to None, run_after=None
[2024-09-27T14:38:46.619+0200] {logging_mixin.py:190} INFO - [2024-09-27T14:38:46.619+0200] {dag.py:4180} INFO - Setting next_dagrun for dataset_consumes_1_never_scheduled to None, run_after=None
[2024-09-27T14:38:46.619+0200] {logging_mixin.py:190} INFO - [2024-09-27T14:38:46.619+0200] {dag.py:4180} INFO - Setting next_dagrun for dataset_consumes_unknown_never_scheduled to None, run_after=None
[2024-09-27T14:38:46.621+0200] {logging_mixin.py:190} INFO - [2024-09-27T14:38:46.620+0200] {dag.py:4180} INFO - Setting next_dagrun for dataset_produces_1 to 2024-09-26 00:00:00+00:00, run_after=2024-09-27 00:00:00+00:00
[2024-09-27T14:38:46.621+0200] {logging_mixin.py:190} INFO - [2024-09-27T14:38:46.621+0200] {dag.py:4180} INFO - Setting next_dagrun for dataset_produces_2 to None, run_after=None
[2024-09-27T14:38:46.641+0200] {processor.py:208} INFO - Processing /home/julian/.cache/pypoetry/virtualenvs/real-time-data-lake-QWGm5iRW-py3.11/lib/python3.11/site-packages/airflow/example_dags/example_datasets.py took 0.109 seconds
