[2024-09-27T14:20:21.238+0200] {processor.py:186} INFO - Started process (PID=280026) to work on /home/julian/.cache/pypoetry/virtualenvs/real-time-data-lake-QWGm5iRW-py3.11/lib/python3.11/site-packages/airflow/example_dags/example_branch_day_of_week_operator.py
[2024-09-27T14:20:21.239+0200] {processor.py:914} INFO - Processing file /home/julian/.cache/pypoetry/virtualenvs/real-time-data-lake-QWGm5iRW-py3.11/lib/python3.11/site-packages/airflow/example_dags/example_branch_day_of_week_operator.py for tasks to queue
[2024-09-27T14:20:21.241+0200] {logging_mixin.py:190} INFO - [2024-09-27T14:20:21.241+0200] {dagbag.py:588} INFO - Filling up the DagBag from /home/julian/.cache/pypoetry/virtualenvs/real-time-data-lake-QWGm5iRW-py3.11/lib/python3.11/site-packages/airflow/example_dags/example_branch_day_of_week_operator.py
[2024-09-27T14:20:21.259+0200] {processor.py:925} INFO - DAG(s) 'example_weekday_branch_operator' retrieved from /home/julian/.cache/pypoetry/virtualenvs/real-time-data-lake-QWGm5iRW-py3.11/lib/python3.11/site-packages/airflow/example_dags/example_branch_day_of_week_operator.py
[2024-09-27T14:20:21.326+0200] {logging_mixin.py:190} INFO - [2024-09-27T14:20:21.326+0200] {override.py:1901} INFO - Created Permission View: can delete on DAG:example_weekday_branch_operator
[2024-09-27T14:20:21.334+0200] {logging_mixin.py:190} INFO - [2024-09-27T14:20:21.334+0200] {override.py:1901} INFO - Created Permission View: can read on DAG:example_weekday_branch_operator
[2024-09-27T14:20:21.339+0200] {logging_mixin.py:190} INFO - [2024-09-27T14:20:21.339+0200] {override.py:1901} INFO - Created Permission View: can edit on DAG:example_weekday_branch_operator
[2024-09-27T14:20:21.349+0200] {logging_mixin.py:190} INFO - [2024-09-27T14:20:21.349+0200] {override.py:1901} INFO - Created Permission View: can create on DAG Run:example_weekday_branch_operator
[2024-09-27T14:20:21.355+0200] {logging_mixin.py:190} INFO - [2024-09-27T14:20:21.355+0200] {override.py:1901} INFO - Created Permission View: can delete on DAG Run:example_weekday_branch_operator
[2024-09-27T14:20:21.363+0200] {logging_mixin.py:190} INFO - [2024-09-27T14:20:21.362+0200] {override.py:1901} INFO - Created Permission View: can read on DAG Run:example_weekday_branch_operator
[2024-09-27T14:20:21.368+0200] {logging_mixin.py:190} INFO - [2024-09-27T14:20:21.368+0200] {override.py:1901} INFO - Created Permission View: menu access on DAG Run:example_weekday_branch_operator
[2024-09-27T14:20:21.368+0200] {logging_mixin.py:190} INFO - [2024-09-27T14:20:21.368+0200] {dag.py:3239} INFO - Sync 1 DAGs
[2024-09-27T14:20:21.376+0200] {logging_mixin.py:190} INFO - [2024-09-27T14:20:21.376+0200] {dag.py:3262} INFO - Creating ORM DAG for example_weekday_branch_operator
[2024-09-27T14:20:21.381+0200] {logging_mixin.py:190} INFO - [2024-09-27T14:20:21.381+0200] {dag.py:4180} INFO - Setting next_dagrun for example_weekday_branch_operator to 2024-09-26 00:00:00+00:00, run_after=2024-09-27 00:00:00+00:00
[2024-09-27T14:20:21.394+0200] {processor.py:208} INFO - Processing /home/julian/.cache/pypoetry/virtualenvs/real-time-data-lake-QWGm5iRW-py3.11/lib/python3.11/site-packages/airflow/example_dags/example_branch_day_of_week_operator.py took 0.163 seconds
[2024-09-27T14:21:21.463+0200] {processor.py:186} INFO - Started process (PID=280125) to work on /home/julian/.cache/pypoetry/virtualenvs/real-time-data-lake-QWGm5iRW-py3.11/lib/python3.11/site-packages/airflow/example_dags/example_branch_day_of_week_operator.py
[2024-09-27T14:21:21.469+0200] {processor.py:914} INFO - Processing file /home/julian/.cache/pypoetry/virtualenvs/real-time-data-lake-QWGm5iRW-py3.11/lib/python3.11/site-packages/airflow/example_dags/example_branch_day_of_week_operator.py for tasks to queue
[2024-09-27T14:21:21.471+0200] {logging_mixin.py:190} INFO - [2024-09-27T14:21:21.471+0200] {dagbag.py:588} INFO - Filling up the DagBag from /home/julian/.cache/pypoetry/virtualenvs/real-time-data-lake-QWGm5iRW-py3.11/lib/python3.11/site-packages/airflow/example_dags/example_branch_day_of_week_operator.py
[2024-09-27T14:21:21.477+0200] {processor.py:925} INFO - DAG(s) 'example_weekday_branch_operator' retrieved from /home/julian/.cache/pypoetry/virtualenvs/real-time-data-lake-QWGm5iRW-py3.11/lib/python3.11/site-packages/airflow/example_dags/example_branch_day_of_week_operator.py
[2024-09-27T14:21:21.487+0200] {logging_mixin.py:190} INFO - [2024-09-27T14:21:21.487+0200] {dag.py:3239} INFO - Sync 1 DAGs
[2024-09-27T14:21:21.499+0200] {logging_mixin.py:190} INFO - [2024-09-27T14:21:21.499+0200] {dag.py:4180} INFO - Setting next_dagrun for example_weekday_branch_operator to 2024-09-26 00:00:00+00:00, run_after=2024-09-27 00:00:00+00:00
[2024-09-27T14:21:21.513+0200] {processor.py:208} INFO - Processing /home/julian/.cache/pypoetry/virtualenvs/real-time-data-lake-QWGm5iRW-py3.11/lib/python3.11/site-packages/airflow/example_dags/example_branch_day_of_week_operator.py took 0.053 seconds
[2024-09-27T14:22:02.274+0200] {processor.py:186} INFO - Started process (PID=280227) to work on /home/julian/.cache/pypoetry/virtualenvs/real-time-data-lake-QWGm5iRW-py3.11/lib/python3.11/site-packages/airflow/example_dags/example_branch_day_of_week_operator.py
[2024-09-27T14:22:02.280+0200] {processor.py:914} INFO - Processing file /home/julian/.cache/pypoetry/virtualenvs/real-time-data-lake-QWGm5iRW-py3.11/lib/python3.11/site-packages/airflow/example_dags/example_branch_day_of_week_operator.py for tasks to queue
[2024-09-27T14:22:02.282+0200] {logging_mixin.py:190} INFO - [2024-09-27T14:22:02.282+0200] {dagbag.py:588} INFO - Filling up the DagBag from /home/julian/.cache/pypoetry/virtualenvs/real-time-data-lake-QWGm5iRW-py3.11/lib/python3.11/site-packages/airflow/example_dags/example_branch_day_of_week_operator.py
[2024-09-27T14:22:02.295+0200] {processor.py:925} INFO - DAG(s) 'example_weekday_branch_operator' retrieved from /home/julian/.cache/pypoetry/virtualenvs/real-time-data-lake-QWGm5iRW-py3.11/lib/python3.11/site-packages/airflow/example_dags/example_branch_day_of_week_operator.py
[2024-09-27T14:22:02.319+0200] {logging_mixin.py:190} INFO - [2024-09-27T14:22:02.319+0200] {dag.py:3239} INFO - Sync 1 DAGs
[2024-09-27T14:22:02.333+0200] {logging_mixin.py:190} INFO - [2024-09-27T14:22:02.333+0200] {dag.py:4180} INFO - Setting next_dagrun for example_weekday_branch_operator to 2024-09-26 00:00:00+00:00, run_after=2024-09-27 00:00:00+00:00
[2024-09-27T14:22:02.347+0200] {processor.py:208} INFO - Processing /home/julian/.cache/pypoetry/virtualenvs/real-time-data-lake-QWGm5iRW-py3.11/lib/python3.11/site-packages/airflow/example_dags/example_branch_day_of_week_operator.py took 0.080 seconds
[2024-09-27T14:22:58.617+0200] {processor.py:186} INFO - Started process (PID=280323) to work on /home/julian/.cache/pypoetry/virtualenvs/real-time-data-lake-QWGm5iRW-py3.11/lib/python3.11/site-packages/airflow/example_dags/example_branch_day_of_week_operator.py
[2024-09-27T14:22:58.622+0200] {processor.py:914} INFO - Processing file /home/julian/.cache/pypoetry/virtualenvs/real-time-data-lake-QWGm5iRW-py3.11/lib/python3.11/site-packages/airflow/example_dags/example_branch_day_of_week_operator.py for tasks to queue
[2024-09-27T14:22:58.625+0200] {logging_mixin.py:190} INFO - [2024-09-27T14:22:58.624+0200] {dagbag.py:588} INFO - Filling up the DagBag from /home/julian/.cache/pypoetry/virtualenvs/real-time-data-lake-QWGm5iRW-py3.11/lib/python3.11/site-packages/airflow/example_dags/example_branch_day_of_week_operator.py
[2024-09-27T14:22:58.638+0200] {processor.py:925} INFO - DAG(s) 'example_weekday_branch_operator' retrieved from /home/julian/.cache/pypoetry/virtualenvs/real-time-data-lake-QWGm5iRW-py3.11/lib/python3.11/site-packages/airflow/example_dags/example_branch_day_of_week_operator.py
[2024-09-27T14:22:58.659+0200] {logging_mixin.py:190} INFO - [2024-09-27T14:22:58.659+0200] {dag.py:3239} INFO - Sync 1 DAGs
[2024-09-27T14:22:58.676+0200] {logging_mixin.py:190} INFO - [2024-09-27T14:22:58.676+0200] {dag.py:4180} INFO - Setting next_dagrun for example_weekday_branch_operator to 2024-09-26 00:00:00+00:00, run_after=2024-09-27 00:00:00+00:00
[2024-09-27T14:22:58.689+0200] {processor.py:208} INFO - Processing /home/julian/.cache/pypoetry/virtualenvs/real-time-data-lake-QWGm5iRW-py3.11/lib/python3.11/site-packages/airflow/example_dags/example_branch_day_of_week_operator.py took 0.080 seconds
[2024-09-27T14:23:53.071+0200] {processor.py:186} INFO - Started process (PID=280491) to work on /home/julian/.cache/pypoetry/virtualenvs/real-time-data-lake-QWGm5iRW-py3.11/lib/python3.11/site-packages/airflow/example_dags/example_branch_day_of_week_operator.py
[2024-09-27T14:23:53.072+0200] {processor.py:914} INFO - Processing file /home/julian/.cache/pypoetry/virtualenvs/real-time-data-lake-QWGm5iRW-py3.11/lib/python3.11/site-packages/airflow/example_dags/example_branch_day_of_week_operator.py for tasks to queue
[2024-09-27T14:23:53.074+0200] {logging_mixin.py:190} INFO - [2024-09-27T14:23:53.074+0200] {dagbag.py:588} INFO - Filling up the DagBag from /home/julian/.cache/pypoetry/virtualenvs/real-time-data-lake-QWGm5iRW-py3.11/lib/python3.11/site-packages/airflow/example_dags/example_branch_day_of_week_operator.py
[2024-09-27T14:23:53.086+0200] {processor.py:925} INFO - DAG(s) 'example_weekday_branch_operator' retrieved from /home/julian/.cache/pypoetry/virtualenvs/real-time-data-lake-QWGm5iRW-py3.11/lib/python3.11/site-packages/airflow/example_dags/example_branch_day_of_week_operator.py
[2024-09-27T14:23:53.107+0200] {logging_mixin.py:190} INFO - [2024-09-27T14:23:53.106+0200] {dag.py:3239} INFO - Sync 1 DAGs
[2024-09-27T14:23:53.126+0200] {logging_mixin.py:190} INFO - [2024-09-27T14:23:53.126+0200] {dag.py:4180} INFO - Setting next_dagrun for example_weekday_branch_operator to 2024-09-26 00:00:00+00:00, run_after=2024-09-27 00:00:00+00:00
[2024-09-27T14:23:53.140+0200] {processor.py:208} INFO - Processing /home/julian/.cache/pypoetry/virtualenvs/real-time-data-lake-QWGm5iRW-py3.11/lib/python3.11/site-packages/airflow/example_dags/example_branch_day_of_week_operator.py took 0.076 seconds
[2024-09-27T14:24:44.475+0200] {processor.py:186} INFO - Started process (PID=280703) to work on /home/julian/.cache/pypoetry/virtualenvs/real-time-data-lake-QWGm5iRW-py3.11/lib/python3.11/site-packages/airflow/example_dags/example_branch_day_of_week_operator.py
[2024-09-27T14:24:44.476+0200] {processor.py:914} INFO - Processing file /home/julian/.cache/pypoetry/virtualenvs/real-time-data-lake-QWGm5iRW-py3.11/lib/python3.11/site-packages/airflow/example_dags/example_branch_day_of_week_operator.py for tasks to queue
[2024-09-27T14:24:44.477+0200] {logging_mixin.py:190} INFO - [2024-09-27T14:24:44.477+0200] {dagbag.py:588} INFO - Filling up the DagBag from /home/julian/.cache/pypoetry/virtualenvs/real-time-data-lake-QWGm5iRW-py3.11/lib/python3.11/site-packages/airflow/example_dags/example_branch_day_of_week_operator.py
[2024-09-27T14:24:44.483+0200] {processor.py:925} INFO - DAG(s) 'example_weekday_branch_operator' retrieved from /home/julian/.cache/pypoetry/virtualenvs/real-time-data-lake-QWGm5iRW-py3.11/lib/python3.11/site-packages/airflow/example_dags/example_branch_day_of_week_operator.py
[2024-09-27T14:24:44.494+0200] {logging_mixin.py:190} INFO - [2024-09-27T14:24:44.493+0200] {dag.py:3239} INFO - Sync 1 DAGs
[2024-09-27T14:24:44.507+0200] {logging_mixin.py:190} INFO - [2024-09-27T14:24:44.507+0200] {dag.py:4180} INFO - Setting next_dagrun for example_weekday_branch_operator to 2024-09-26 00:00:00+00:00, run_after=2024-09-27 00:00:00+00:00
[2024-09-27T14:24:44.521+0200] {processor.py:208} INFO - Processing /home/julian/.cache/pypoetry/virtualenvs/real-time-data-lake-QWGm5iRW-py3.11/lib/python3.11/site-packages/airflow/example_dags/example_branch_day_of_week_operator.py took 0.050 seconds
[2024-09-27T14:30:30.257+0200] {processor.py:186} INFO - Started process (PID=281419) to work on /home/julian/.cache/pypoetry/virtualenvs/real-time-data-lake-QWGm5iRW-py3.11/lib/python3.11/site-packages/airflow/example_dags/example_branch_day_of_week_operator.py
[2024-09-27T14:30:30.258+0200] {processor.py:914} INFO - Processing file /home/julian/.cache/pypoetry/virtualenvs/real-time-data-lake-QWGm5iRW-py3.11/lib/python3.11/site-packages/airflow/example_dags/example_branch_day_of_week_operator.py for tasks to queue
[2024-09-27T14:30:30.259+0200] {logging_mixin.py:190} INFO - [2024-09-27T14:30:30.259+0200] {dagbag.py:588} INFO - Filling up the DagBag from /home/julian/.cache/pypoetry/virtualenvs/real-time-data-lake-QWGm5iRW-py3.11/lib/python3.11/site-packages/airflow/example_dags/example_branch_day_of_week_operator.py
[2024-09-27T14:30:30.265+0200] {processor.py:925} INFO - DAG(s) 'example_weekday_branch_operator' retrieved from /home/julian/.cache/pypoetry/virtualenvs/real-time-data-lake-QWGm5iRW-py3.11/lib/python3.11/site-packages/airflow/example_dags/example_branch_day_of_week_operator.py
[2024-09-27T14:30:30.276+0200] {logging_mixin.py:190} INFO - [2024-09-27T14:30:30.276+0200] {dag.py:3239} INFO - Sync 1 DAGs
[2024-09-27T14:30:30.289+0200] {logging_mixin.py:190} INFO - [2024-09-27T14:30:30.289+0200] {dag.py:4180} INFO - Setting next_dagrun for example_weekday_branch_operator to 2024-09-26 00:00:00+00:00, run_after=2024-09-27 00:00:00+00:00
[2024-09-27T14:30:30.302+0200] {processor.py:208} INFO - Processing /home/julian/.cache/pypoetry/virtualenvs/real-time-data-lake-QWGm5iRW-py3.11/lib/python3.11/site-packages/airflow/example_dags/example_branch_day_of_week_operator.py took 0.048 seconds
[2024-09-27T14:31:24.535+0200] {processor.py:186} INFO - Started process (PID=281535) to work on /home/julian/.cache/pypoetry/virtualenvs/real-time-data-lake-QWGm5iRW-py3.11/lib/python3.11/site-packages/airflow/example_dags/example_branch_day_of_week_operator.py
[2024-09-27T14:31:24.541+0200] {processor.py:914} INFO - Processing file /home/julian/.cache/pypoetry/virtualenvs/real-time-data-lake-QWGm5iRW-py3.11/lib/python3.11/site-packages/airflow/example_dags/example_branch_day_of_week_operator.py for tasks to queue
[2024-09-27T14:31:24.542+0200] {logging_mixin.py:190} INFO - [2024-09-27T14:31:24.542+0200] {dagbag.py:588} INFO - Filling up the DagBag from /home/julian/.cache/pypoetry/virtualenvs/real-time-data-lake-QWGm5iRW-py3.11/lib/python3.11/site-packages/airflow/example_dags/example_branch_day_of_week_operator.py
[2024-09-27T14:31:24.548+0200] {processor.py:925} INFO - DAG(s) 'example_weekday_branch_operator' retrieved from /home/julian/.cache/pypoetry/virtualenvs/real-time-data-lake-QWGm5iRW-py3.11/lib/python3.11/site-packages/airflow/example_dags/example_branch_day_of_week_operator.py
[2024-09-27T14:31:24.558+0200] {logging_mixin.py:190} INFO - [2024-09-27T14:31:24.558+0200] {dag.py:3239} INFO - Sync 1 DAGs
[2024-09-27T14:31:24.571+0200] {logging_mixin.py:190} INFO - [2024-09-27T14:31:24.571+0200] {dag.py:4180} INFO - Setting next_dagrun for example_weekday_branch_operator to 2024-09-26 00:00:00+00:00, run_after=2024-09-27 00:00:00+00:00
[2024-09-27T14:31:24.585+0200] {processor.py:208} INFO - Processing /home/julian/.cache/pypoetry/virtualenvs/real-time-data-lake-QWGm5iRW-py3.11/lib/python3.11/site-packages/airflow/example_dags/example_branch_day_of_week_operator.py took 0.053 seconds
[2024-09-27T14:32:19.145+0200] {processor.py:186} INFO - Started process (PID=281625) to work on /home/julian/.cache/pypoetry/virtualenvs/real-time-data-lake-QWGm5iRW-py3.11/lib/python3.11/site-packages/airflow/example_dags/example_branch_day_of_week_operator.py
[2024-09-27T14:32:19.151+0200] {processor.py:914} INFO - Processing file /home/julian/.cache/pypoetry/virtualenvs/real-time-data-lake-QWGm5iRW-py3.11/lib/python3.11/site-packages/airflow/example_dags/example_branch_day_of_week_operator.py for tasks to queue
[2024-09-27T14:32:19.154+0200] {logging_mixin.py:190} INFO - [2024-09-27T14:32:19.153+0200] {dagbag.py:588} INFO - Filling up the DagBag from /home/julian/.cache/pypoetry/virtualenvs/real-time-data-lake-QWGm5iRW-py3.11/lib/python3.11/site-packages/airflow/example_dags/example_branch_day_of_week_operator.py
[2024-09-27T14:32:19.167+0200] {processor.py:925} INFO - DAG(s) 'example_weekday_branch_operator' retrieved from /home/julian/.cache/pypoetry/virtualenvs/real-time-data-lake-QWGm5iRW-py3.11/lib/python3.11/site-packages/airflow/example_dags/example_branch_day_of_week_operator.py
[2024-09-27T14:32:19.187+0200] {logging_mixin.py:190} INFO - [2024-09-27T14:32:19.186+0200] {dag.py:3239} INFO - Sync 1 DAGs
[2024-09-27T14:32:19.201+0200] {logging_mixin.py:190} INFO - [2024-09-27T14:32:19.201+0200] {dag.py:4180} INFO - Setting next_dagrun for example_weekday_branch_operator to 2024-09-26 00:00:00+00:00, run_after=2024-09-27 00:00:00+00:00
[2024-09-27T14:32:19.216+0200] {processor.py:208} INFO - Processing /home/julian/.cache/pypoetry/virtualenvs/real-time-data-lake-QWGm5iRW-py3.11/lib/python3.11/site-packages/airflow/example_dags/example_branch_day_of_week_operator.py took 0.078 seconds
[2024-09-27T14:33:09.511+0200] {processor.py:186} INFO - Started process (PID=281773) to work on /home/julian/.cache/pypoetry/virtualenvs/real-time-data-lake-QWGm5iRW-py3.11/lib/python3.11/site-packages/airflow/example_dags/example_branch_day_of_week_operator.py
[2024-09-27T14:33:09.517+0200] {processor.py:914} INFO - Processing file /home/julian/.cache/pypoetry/virtualenvs/real-time-data-lake-QWGm5iRW-py3.11/lib/python3.11/site-packages/airflow/example_dags/example_branch_day_of_week_operator.py for tasks to queue
[2024-09-27T14:33:09.520+0200] {logging_mixin.py:190} INFO - [2024-09-27T14:33:09.519+0200] {dagbag.py:588} INFO - Filling up the DagBag from /home/julian/.cache/pypoetry/virtualenvs/real-time-data-lake-QWGm5iRW-py3.11/lib/python3.11/site-packages/airflow/example_dags/example_branch_day_of_week_operator.py
[2024-09-27T14:33:09.532+0200] {processor.py:925} INFO - DAG(s) 'example_weekday_branch_operator' retrieved from /home/julian/.cache/pypoetry/virtualenvs/real-time-data-lake-QWGm5iRW-py3.11/lib/python3.11/site-packages/airflow/example_dags/example_branch_day_of_week_operator.py
[2024-09-27T14:33:09.554+0200] {logging_mixin.py:190} INFO - [2024-09-27T14:33:09.554+0200] {dag.py:3239} INFO - Sync 1 DAGs
[2024-09-27T14:33:09.572+0200] {logging_mixin.py:190} INFO - [2024-09-27T14:33:09.572+0200] {dag.py:4180} INFO - Setting next_dagrun for example_weekday_branch_operator to 2024-09-26 00:00:00+00:00, run_after=2024-09-27 00:00:00+00:00
[2024-09-27T14:33:09.585+0200] {processor.py:208} INFO - Processing /home/julian/.cache/pypoetry/virtualenvs/real-time-data-lake-QWGm5iRW-py3.11/lib/python3.11/site-packages/airflow/example_dags/example_branch_day_of_week_operator.py took 0.081 seconds
[2024-09-27T14:33:57.607+0200] {processor.py:186} INFO - Started process (PID=281890) to work on /home/julian/.cache/pypoetry/virtualenvs/real-time-data-lake-QWGm5iRW-py3.11/lib/python3.11/site-packages/airflow/example_dags/example_branch_day_of_week_operator.py
[2024-09-27T14:33:57.613+0200] {processor.py:914} INFO - Processing file /home/julian/.cache/pypoetry/virtualenvs/real-time-data-lake-QWGm5iRW-py3.11/lib/python3.11/site-packages/airflow/example_dags/example_branch_day_of_week_operator.py for tasks to queue
[2024-09-27T14:33:57.615+0200] {logging_mixin.py:190} INFO - [2024-09-27T14:33:57.615+0200] {dagbag.py:588} INFO - Filling up the DagBag from /home/julian/.cache/pypoetry/virtualenvs/real-time-data-lake-QWGm5iRW-py3.11/lib/python3.11/site-packages/airflow/example_dags/example_branch_day_of_week_operator.py
[2024-09-27T14:33:57.628+0200] {processor.py:925} INFO - DAG(s) 'example_weekday_branch_operator' retrieved from /home/julian/.cache/pypoetry/virtualenvs/real-time-data-lake-QWGm5iRW-py3.11/lib/python3.11/site-packages/airflow/example_dags/example_branch_day_of_week_operator.py
[2024-09-27T14:33:57.650+0200] {logging_mixin.py:190} INFO - [2024-09-27T14:33:57.649+0200] {dag.py:3239} INFO - Sync 1 DAGs
[2024-09-27T14:33:57.667+0200] {logging_mixin.py:190} INFO - [2024-09-27T14:33:57.667+0200] {dag.py:4180} INFO - Setting next_dagrun for example_weekday_branch_operator to 2024-09-26 00:00:00+00:00, run_after=2024-09-27 00:00:00+00:00
[2024-09-27T14:33:57.679+0200] {processor.py:208} INFO - Processing /home/julian/.cache/pypoetry/virtualenvs/real-time-data-lake-QWGm5iRW-py3.11/lib/python3.11/site-packages/airflow/example_dags/example_branch_day_of_week_operator.py took 0.079 seconds
[2024-09-27T14:34:46.564+0200] {processor.py:186} INFO - Started process (PID=282099) to work on /home/julian/.cache/pypoetry/virtualenvs/real-time-data-lake-QWGm5iRW-py3.11/lib/python3.11/site-packages/airflow/example_dags/example_branch_day_of_week_operator.py
[2024-09-27T14:34:46.570+0200] {processor.py:914} INFO - Processing file /home/julian/.cache/pypoetry/virtualenvs/real-time-data-lake-QWGm5iRW-py3.11/lib/python3.11/site-packages/airflow/example_dags/example_branch_day_of_week_operator.py for tasks to queue
[2024-09-27T14:34:46.573+0200] {logging_mixin.py:190} INFO - [2024-09-27T14:34:46.573+0200] {dagbag.py:588} INFO - Filling up the DagBag from /home/julian/.cache/pypoetry/virtualenvs/real-time-data-lake-QWGm5iRW-py3.11/lib/python3.11/site-packages/airflow/example_dags/example_branch_day_of_week_operator.py
[2024-09-27T14:34:46.586+0200] {processor.py:925} INFO - DAG(s) 'example_weekday_branch_operator' retrieved from /home/julian/.cache/pypoetry/virtualenvs/real-time-data-lake-QWGm5iRW-py3.11/lib/python3.11/site-packages/airflow/example_dags/example_branch_day_of_week_operator.py
[2024-09-27T14:34:46.608+0200] {logging_mixin.py:190} INFO - [2024-09-27T14:34:46.607+0200] {dag.py:3239} INFO - Sync 1 DAGs
[2024-09-27T14:34:46.631+0200] {logging_mixin.py:190} INFO - [2024-09-27T14:34:46.631+0200] {dag.py:4180} INFO - Setting next_dagrun for example_weekday_branch_operator to 2024-09-26 00:00:00+00:00, run_after=2024-09-27 00:00:00+00:00
[2024-09-27T14:34:46.644+0200] {processor.py:208} INFO - Processing /home/julian/.cache/pypoetry/virtualenvs/real-time-data-lake-QWGm5iRW-py3.11/lib/python3.11/site-packages/airflow/example_dags/example_branch_day_of_week_operator.py took 0.087 seconds
[2024-09-27T14:35:33.915+0200] {processor.py:186} INFO - Started process (PID=282172) to work on /home/julian/.cache/pypoetry/virtualenvs/real-time-data-lake-QWGm5iRW-py3.11/lib/python3.11/site-packages/airflow/example_dags/example_branch_day_of_week_operator.py
[2024-09-27T14:35:33.916+0200] {processor.py:914} INFO - Processing file /home/julian/.cache/pypoetry/virtualenvs/real-time-data-lake-QWGm5iRW-py3.11/lib/python3.11/site-packages/airflow/example_dags/example_branch_day_of_week_operator.py for tasks to queue
[2024-09-27T14:35:33.919+0200] {logging_mixin.py:190} INFO - [2024-09-27T14:35:33.918+0200] {dagbag.py:588} INFO - Filling up the DagBag from /home/julian/.cache/pypoetry/virtualenvs/real-time-data-lake-QWGm5iRW-py3.11/lib/python3.11/site-packages/airflow/example_dags/example_branch_day_of_week_operator.py
[2024-09-27T14:35:33.931+0200] {processor.py:925} INFO - DAG(s) 'example_weekday_branch_operator' retrieved from /home/julian/.cache/pypoetry/virtualenvs/real-time-data-lake-QWGm5iRW-py3.11/lib/python3.11/site-packages/airflow/example_dags/example_branch_day_of_week_operator.py
[2024-09-27T14:35:33.951+0200] {logging_mixin.py:190} INFO - [2024-09-27T14:35:33.951+0200] {dag.py:3239} INFO - Sync 1 DAGs
[2024-09-27T14:35:33.964+0200] {logging_mixin.py:190} INFO - [2024-09-27T14:35:33.964+0200] {dag.py:4180} INFO - Setting next_dagrun for example_weekday_branch_operator to 2024-09-26 00:00:00+00:00, run_after=2024-09-27 00:00:00+00:00
[2024-09-27T14:35:33.977+0200] {processor.py:208} INFO - Processing /home/julian/.cache/pypoetry/virtualenvs/real-time-data-lake-QWGm5iRW-py3.11/lib/python3.11/site-packages/airflow/example_dags/example_branch_day_of_week_operator.py took 0.069 seconds
[2024-09-27T14:36:22.760+0200] {processor.py:186} INFO - Started process (PID=282250) to work on /home/julian/.cache/pypoetry/virtualenvs/real-time-data-lake-QWGm5iRW-py3.11/lib/python3.11/site-packages/airflow/example_dags/example_branch_day_of_week_operator.py
[2024-09-27T14:36:22.766+0200] {processor.py:914} INFO - Processing file /home/julian/.cache/pypoetry/virtualenvs/real-time-data-lake-QWGm5iRW-py3.11/lib/python3.11/site-packages/airflow/example_dags/example_branch_day_of_week_operator.py for tasks to queue
[2024-09-27T14:36:22.769+0200] {logging_mixin.py:190} INFO - [2024-09-27T14:36:22.769+0200] {dagbag.py:588} INFO - Filling up the DagBag from /home/julian/.cache/pypoetry/virtualenvs/real-time-data-lake-QWGm5iRW-py3.11/lib/python3.11/site-packages/airflow/example_dags/example_branch_day_of_week_operator.py
[2024-09-27T14:36:22.782+0200] {processor.py:925} INFO - DAG(s) 'example_weekday_branch_operator' retrieved from /home/julian/.cache/pypoetry/virtualenvs/real-time-data-lake-QWGm5iRW-py3.11/lib/python3.11/site-packages/airflow/example_dags/example_branch_day_of_week_operator.py
[2024-09-27T14:36:22.803+0200] {logging_mixin.py:190} INFO - [2024-09-27T14:36:22.803+0200] {dag.py:3239} INFO - Sync 1 DAGs
[2024-09-27T14:36:22.820+0200] {logging_mixin.py:190} INFO - [2024-09-27T14:36:22.820+0200] {dag.py:4180} INFO - Setting next_dagrun for example_weekday_branch_operator to 2024-09-26 00:00:00+00:00, run_after=2024-09-27 00:00:00+00:00
[2024-09-27T14:36:22.833+0200] {processor.py:208} INFO - Processing /home/julian/.cache/pypoetry/virtualenvs/real-time-data-lake-QWGm5iRW-py3.11/lib/python3.11/site-packages/airflow/example_dags/example_branch_day_of_week_operator.py took 0.080 seconds
[2024-09-27T14:37:13.382+0200] {processor.py:186} INFO - Started process (PID=282326) to work on /home/julian/.cache/pypoetry/virtualenvs/real-time-data-lake-QWGm5iRW-py3.11/lib/python3.11/site-packages/airflow/example_dags/example_branch_day_of_week_operator.py
[2024-09-27T14:37:13.388+0200] {processor.py:914} INFO - Processing file /home/julian/.cache/pypoetry/virtualenvs/real-time-data-lake-QWGm5iRW-py3.11/lib/python3.11/site-packages/airflow/example_dags/example_branch_day_of_week_operator.py for tasks to queue
[2024-09-27T14:37:13.389+0200] {logging_mixin.py:190} INFO - [2024-09-27T14:37:13.389+0200] {dagbag.py:588} INFO - Filling up the DagBag from /home/julian/.cache/pypoetry/virtualenvs/real-time-data-lake-QWGm5iRW-py3.11/lib/python3.11/site-packages/airflow/example_dags/example_branch_day_of_week_operator.py
[2024-09-27T14:37:13.395+0200] {processor.py:925} INFO - DAG(s) 'example_weekday_branch_operator' retrieved from /home/julian/.cache/pypoetry/virtualenvs/real-time-data-lake-QWGm5iRW-py3.11/lib/python3.11/site-packages/airflow/example_dags/example_branch_day_of_week_operator.py
[2024-09-27T14:37:13.406+0200] {logging_mixin.py:190} INFO - [2024-09-27T14:37:13.406+0200] {dag.py:3239} INFO - Sync 1 DAGs
[2024-09-27T14:37:13.419+0200] {logging_mixin.py:190} INFO - [2024-09-27T14:37:13.419+0200] {dag.py:4180} INFO - Setting next_dagrun for example_weekday_branch_operator to 2024-09-26 00:00:00+00:00, run_after=2024-09-27 00:00:00+00:00
[2024-09-27T14:37:13.434+0200] {processor.py:208} INFO - Processing /home/julian/.cache/pypoetry/virtualenvs/real-time-data-lake-QWGm5iRW-py3.11/lib/python3.11/site-packages/airflow/example_dags/example_branch_day_of_week_operator.py took 0.056 seconds
[2024-09-27T14:38:05.626+0200] {processor.py:186} INFO - Started process (PID=282559) to work on /home/julian/.cache/pypoetry/virtualenvs/real-time-data-lake-QWGm5iRW-py3.11/lib/python3.11/site-packages/airflow/example_dags/example_branch_day_of_week_operator.py
[2024-09-27T14:38:05.631+0200] {processor.py:914} INFO - Processing file /home/julian/.cache/pypoetry/virtualenvs/real-time-data-lake-QWGm5iRW-py3.11/lib/python3.11/site-packages/airflow/example_dags/example_branch_day_of_week_operator.py for tasks to queue
[2024-09-27T14:38:05.633+0200] {logging_mixin.py:190} INFO - [2024-09-27T14:38:05.633+0200] {dagbag.py:588} INFO - Filling up the DagBag from /home/julian/.cache/pypoetry/virtualenvs/real-time-data-lake-QWGm5iRW-py3.11/lib/python3.11/site-packages/airflow/example_dags/example_branch_day_of_week_operator.py
[2024-09-27T14:38:05.639+0200] {processor.py:925} INFO - DAG(s) 'example_weekday_branch_operator' retrieved from /home/julian/.cache/pypoetry/virtualenvs/real-time-data-lake-QWGm5iRW-py3.11/lib/python3.11/site-packages/airflow/example_dags/example_branch_day_of_week_operator.py
[2024-09-27T14:38:05.648+0200] {logging_mixin.py:190} INFO - [2024-09-27T14:38:05.648+0200] {dag.py:3239} INFO - Sync 1 DAGs
[2024-09-27T14:38:05.661+0200] {logging_mixin.py:190} INFO - [2024-09-27T14:38:05.661+0200] {dag.py:4180} INFO - Setting next_dagrun for example_weekday_branch_operator to 2024-09-26 00:00:00+00:00, run_after=2024-09-27 00:00:00+00:00
[2024-09-27T14:38:05.674+0200] {processor.py:208} INFO - Processing /home/julian/.cache/pypoetry/virtualenvs/real-time-data-lake-QWGm5iRW-py3.11/lib/python3.11/site-packages/airflow/example_dags/example_branch_day_of_week_operator.py took 0.052 seconds
[2024-09-27T14:38:54.309+0200] {processor.py:186} INFO - Started process (PID=282820) to work on /home/julian/.cache/pypoetry/virtualenvs/real-time-data-lake-QWGm5iRW-py3.11/lib/python3.11/site-packages/airflow/example_dags/example_branch_day_of_week_operator.py
[2024-09-27T14:38:54.315+0200] {processor.py:914} INFO - Processing file /home/julian/.cache/pypoetry/virtualenvs/real-time-data-lake-QWGm5iRW-py3.11/lib/python3.11/site-packages/airflow/example_dags/example_branch_day_of_week_operator.py for tasks to queue
[2024-09-27T14:38:54.316+0200] {logging_mixin.py:190} INFO - [2024-09-27T14:38:54.316+0200] {dagbag.py:588} INFO - Filling up the DagBag from /home/julian/.cache/pypoetry/virtualenvs/real-time-data-lake-QWGm5iRW-py3.11/lib/python3.11/site-packages/airflow/example_dags/example_branch_day_of_week_operator.py
[2024-09-27T14:38:54.323+0200] {processor.py:925} INFO - DAG(s) 'example_weekday_branch_operator' retrieved from /home/julian/.cache/pypoetry/virtualenvs/real-time-data-lake-QWGm5iRW-py3.11/lib/python3.11/site-packages/airflow/example_dags/example_branch_day_of_week_operator.py
[2024-09-27T14:38:54.334+0200] {logging_mixin.py:190} INFO - [2024-09-27T14:38:54.334+0200] {dag.py:3239} INFO - Sync 1 DAGs
[2024-09-27T14:38:54.347+0200] {logging_mixin.py:190} INFO - [2024-09-27T14:38:54.347+0200] {dag.py:4180} INFO - Setting next_dagrun for example_weekday_branch_operator to 2024-09-26 00:00:00+00:00, run_after=2024-09-27 00:00:00+00:00
[2024-09-27T14:38:54.361+0200] {processor.py:208} INFO - Processing /home/julian/.cache/pypoetry/virtualenvs/real-time-data-lake-QWGm5iRW-py3.11/lib/python3.11/site-packages/airflow/example_dags/example_branch_day_of_week_operator.py took 0.055 seconds
