[2024-09-27T14:20:03.284+0200] {processor.py:186} INFO - Started process (PID=279989) to work on /home/julian/.cache/pypoetry/virtualenvs/real-time-data-lake-QWGm5iRW-py3.11/lib/python3.11/site-packages/airflow/example_dags/example_workday_timetable.py
[2024-09-27T14:20:03.285+0200] {processor.py:914} INFO - Processing file /home/julian/.cache/pypoetry/virtualenvs/real-time-data-lake-QWGm5iRW-py3.11/lib/python3.11/site-packages/airflow/example_dags/example_workday_timetable.py for tasks to queue
[2024-09-27T14:20:03.288+0200] {logging_mixin.py:190} INFO - [2024-09-27T14:20:03.287+0200] {dagbag.py:588} INFO - Filling up the DagBag from /home/julian/.cache/pypoetry/virtualenvs/real-time-data-lake-QWGm5iRW-py3.11/lib/python3.11/site-packages/airflow/example_dags/example_workday_timetable.py
[2024-09-27T14:20:03.295+0200] {processor.py:925} INFO - DAG(s) 'example_workday_timetable' retrieved from /home/julian/.cache/pypoetry/virtualenvs/real-time-data-lake-QWGm5iRW-py3.11/lib/python3.11/site-packages/airflow/example_dags/example_workday_timetable.py
[2024-09-27T14:20:03.374+0200] {logging_mixin.py:190} INFO - [2024-09-27T14:20:03.374+0200] {override.py:1901} INFO - Created Permission View: can delete on DAG:example_workday_timetable
[2024-09-27T14:20:03.383+0200] {logging_mixin.py:190} INFO - [2024-09-27T14:20:03.383+0200] {override.py:1901} INFO - Created Permission View: can read on DAG:example_workday_timetable
[2024-09-27T14:20:03.389+0200] {logging_mixin.py:190} INFO - [2024-09-27T14:20:03.388+0200] {override.py:1901} INFO - Created Permission View: can edit on DAG:example_workday_timetable
[2024-09-27T14:20:03.397+0200] {logging_mixin.py:190} INFO - [2024-09-27T14:20:03.397+0200] {override.py:1901} INFO - Created Permission View: can create on DAG Run:example_workday_timetable
[2024-09-27T14:20:03.402+0200] {logging_mixin.py:190} INFO - [2024-09-27T14:20:03.402+0200] {override.py:1901} INFO - Created Permission View: can delete on DAG Run:example_workday_timetable
[2024-09-27T14:20:03.409+0200] {logging_mixin.py:190} INFO - [2024-09-27T14:20:03.408+0200] {override.py:1901} INFO - Created Permission View: can read on DAG Run:example_workday_timetable
[2024-09-27T14:20:03.414+0200] {logging_mixin.py:190} INFO - [2024-09-27T14:20:03.414+0200] {override.py:1901} INFO - Created Permission View: menu access on DAG Run:example_workday_timetable
[2024-09-27T14:20:03.415+0200] {logging_mixin.py:190} INFO - [2024-09-27T14:20:03.415+0200] {dag.py:3239} INFO - Sync 1 DAGs
[2024-09-27T14:20:03.422+0200] {logging_mixin.py:190} INFO - [2024-09-27T14:20:03.422+0200] {dag.py:3262} INFO - Creating ORM DAG for example_workday_timetable
[2024-09-27T14:20:03.460+0200] {logging_mixin.py:190} INFO - [2024-09-27T14:20:03.460+0200] {dag.py:4180} INFO - Setting next_dagrun for example_workday_timetable to 2021-01-04 00:00:00+00:00, run_after=2021-01-05 00:00:00+00:00
[2024-09-27T14:20:03.472+0200] {processor.py:208} INFO - Processing /home/julian/.cache/pypoetry/virtualenvs/real-time-data-lake-QWGm5iRW-py3.11/lib/python3.11/site-packages/airflow/example_dags/example_workday_timetable.py took 0.195 seconds
[2024-09-27T14:21:04.491+0200] {processor.py:186} INFO - Started process (PID=280101) to work on /home/julian/.cache/pypoetry/virtualenvs/real-time-data-lake-QWGm5iRW-py3.11/lib/python3.11/site-packages/airflow/example_dags/example_workday_timetable.py
[2024-09-27T14:21:04.491+0200] {processor.py:914} INFO - Processing file /home/julian/.cache/pypoetry/virtualenvs/real-time-data-lake-QWGm5iRW-py3.11/lib/python3.11/site-packages/airflow/example_dags/example_workday_timetable.py for tasks to queue
[2024-09-27T14:21:04.492+0200] {logging_mixin.py:190} INFO - [2024-09-27T14:21:04.492+0200] {dagbag.py:588} INFO - Filling up the DagBag from /home/julian/.cache/pypoetry/virtualenvs/real-time-data-lake-QWGm5iRW-py3.11/lib/python3.11/site-packages/airflow/example_dags/example_workday_timetable.py
[2024-09-27T14:21:04.496+0200] {processor.py:925} INFO - DAG(s) 'example_workday_timetable' retrieved from /home/julian/.cache/pypoetry/virtualenvs/real-time-data-lake-QWGm5iRW-py3.11/lib/python3.11/site-packages/airflow/example_dags/example_workday_timetable.py
[2024-09-27T14:21:04.505+0200] {logging_mixin.py:190} INFO - [2024-09-27T14:21:04.505+0200] {dag.py:3239} INFO - Sync 1 DAGs
[2024-09-27T14:21:04.542+0200] {logging_mixin.py:190} INFO - [2024-09-27T14:21:04.541+0200] {dag.py:4180} INFO - Setting next_dagrun for example_workday_timetable to 2021-01-04 00:00:00+00:00, run_after=2021-01-05 00:00:00+00:00
[2024-09-27T14:21:04.555+0200] {processor.py:208} INFO - Processing /home/julian/.cache/pypoetry/virtualenvs/real-time-data-lake-QWGm5iRW-py3.11/lib/python3.11/site-packages/airflow/example_dags/example_workday_timetable.py took 0.068 seconds
[2024-09-27T14:21:46.941+0200] {processor.py:186} INFO - Started process (PID=280171) to work on /home/julian/.cache/pypoetry/virtualenvs/real-time-data-lake-QWGm5iRW-py3.11/lib/python3.11/site-packages/airflow/example_dags/example_workday_timetable.py
[2024-09-27T14:21:46.941+0200] {processor.py:914} INFO - Processing file /home/julian/.cache/pypoetry/virtualenvs/real-time-data-lake-QWGm5iRW-py3.11/lib/python3.11/site-packages/airflow/example_dags/example_workday_timetable.py for tasks to queue
[2024-09-27T14:21:46.943+0200] {logging_mixin.py:190} INFO - [2024-09-27T14:21:46.943+0200] {dagbag.py:588} INFO - Filling up the DagBag from /home/julian/.cache/pypoetry/virtualenvs/real-time-data-lake-QWGm5iRW-py3.11/lib/python3.11/site-packages/airflow/example_dags/example_workday_timetable.py
[2024-09-27T14:21:46.946+0200] {processor.py:925} INFO - DAG(s) 'example_workday_timetable' retrieved from /home/julian/.cache/pypoetry/virtualenvs/real-time-data-lake-QWGm5iRW-py3.11/lib/python3.11/site-packages/airflow/example_dags/example_workday_timetable.py
[2024-09-27T14:21:46.958+0200] {logging_mixin.py:190} INFO - [2024-09-27T14:21:46.957+0200] {dag.py:3239} INFO - Sync 1 DAGs
[2024-09-27T14:21:46.991+0200] {logging_mixin.py:190} INFO - [2024-09-27T14:21:46.991+0200] {dag.py:4180} INFO - Setting next_dagrun for example_workday_timetable to 2021-01-04 00:00:00+00:00, run_after=2021-01-05 00:00:00+00:00
[2024-09-27T14:21:47.004+0200] {processor.py:208} INFO - Processing /home/julian/.cache/pypoetry/virtualenvs/real-time-data-lake-QWGm5iRW-py3.11/lib/python3.11/site-packages/airflow/example_dags/example_workday_timetable.py took 0.068 seconds
[2024-09-27T14:22:41.937+0200] {processor.py:186} INFO - Started process (PID=280297) to work on /home/julian/.cache/pypoetry/virtualenvs/real-time-data-lake-QWGm5iRW-py3.11/lib/python3.11/site-packages/airflow/example_dags/example_workday_timetable.py
[2024-09-27T14:22:41.938+0200] {processor.py:914} INFO - Processing file /home/julian/.cache/pypoetry/virtualenvs/real-time-data-lake-QWGm5iRW-py3.11/lib/python3.11/site-packages/airflow/example_dags/example_workday_timetable.py for tasks to queue
[2024-09-27T14:22:41.939+0200] {logging_mixin.py:190} INFO - [2024-09-27T14:22:41.939+0200] {dagbag.py:588} INFO - Filling up the DagBag from /home/julian/.cache/pypoetry/virtualenvs/real-time-data-lake-QWGm5iRW-py3.11/lib/python3.11/site-packages/airflow/example_dags/example_workday_timetable.py
[2024-09-27T14:22:41.943+0200] {processor.py:925} INFO - DAG(s) 'example_workday_timetable' retrieved from /home/julian/.cache/pypoetry/virtualenvs/real-time-data-lake-QWGm5iRW-py3.11/lib/python3.11/site-packages/airflow/example_dags/example_workday_timetable.py
[2024-09-27T14:22:41.953+0200] {logging_mixin.py:190} INFO - [2024-09-27T14:22:41.952+0200] {dag.py:3239} INFO - Sync 1 DAGs
[2024-09-27T14:22:41.988+0200] {logging_mixin.py:190} INFO - [2024-09-27T14:22:41.988+0200] {dag.py:4180} INFO - Setting next_dagrun for example_workday_timetable to 2021-01-04 00:00:00+00:00, run_after=2021-01-05 00:00:00+00:00
[2024-09-27T14:22:42.002+0200] {processor.py:208} INFO - Processing /home/julian/.cache/pypoetry/virtualenvs/real-time-data-lake-QWGm5iRW-py3.11/lib/python3.11/site-packages/airflow/example_dags/example_workday_timetable.py took 0.068 seconds
[2024-09-27T14:23:33.471+0200] {processor.py:186} INFO - Started process (PID=280440) to work on /home/julian/.cache/pypoetry/virtualenvs/real-time-data-lake-QWGm5iRW-py3.11/lib/python3.11/site-packages/airflow/example_dags/example_workday_timetable.py
[2024-09-27T14:23:33.477+0200] {processor.py:914} INFO - Processing file /home/julian/.cache/pypoetry/virtualenvs/real-time-data-lake-QWGm5iRW-py3.11/lib/python3.11/site-packages/airflow/example_dags/example_workday_timetable.py for tasks to queue
[2024-09-27T14:23:33.478+0200] {logging_mixin.py:190} INFO - [2024-09-27T14:23:33.478+0200] {dagbag.py:588} INFO - Filling up the DagBag from /home/julian/.cache/pypoetry/virtualenvs/real-time-data-lake-QWGm5iRW-py3.11/lib/python3.11/site-packages/airflow/example_dags/example_workday_timetable.py
[2024-09-27T14:23:33.482+0200] {processor.py:925} INFO - DAG(s) 'example_workday_timetable' retrieved from /home/julian/.cache/pypoetry/virtualenvs/real-time-data-lake-QWGm5iRW-py3.11/lib/python3.11/site-packages/airflow/example_dags/example_workday_timetable.py
[2024-09-27T14:23:33.491+0200] {logging_mixin.py:190} INFO - [2024-09-27T14:23:33.491+0200] {dag.py:3239} INFO - Sync 1 DAGs
[2024-09-27T14:23:33.527+0200] {logging_mixin.py:190} INFO - [2024-09-27T14:23:33.526+0200] {dag.py:4180} INFO - Setting next_dagrun for example_workday_timetable to 2021-01-04 00:00:00+00:00, run_after=2021-01-05 00:00:00+00:00
[2024-09-27T14:23:33.541+0200] {processor.py:208} INFO - Processing /home/julian/.cache/pypoetry/virtualenvs/real-time-data-lake-QWGm5iRW-py3.11/lib/python3.11/site-packages/airflow/example_dags/example_workday_timetable.py took 0.073 seconds
[2024-09-27T14:24:24.176+0200] {processor.py:186} INFO - Started process (PID=280570) to work on /home/julian/.cache/pypoetry/virtualenvs/real-time-data-lake-QWGm5iRW-py3.11/lib/python3.11/site-packages/airflow/example_dags/example_workday_timetable.py
[2024-09-27T14:24:24.177+0200] {processor.py:914} INFO - Processing file /home/julian/.cache/pypoetry/virtualenvs/real-time-data-lake-QWGm5iRW-py3.11/lib/python3.11/site-packages/airflow/example_dags/example_workday_timetable.py for tasks to queue
[2024-09-27T14:24:24.179+0200] {logging_mixin.py:190} INFO - [2024-09-27T14:24:24.179+0200] {dagbag.py:588} INFO - Filling up the DagBag from /home/julian/.cache/pypoetry/virtualenvs/real-time-data-lake-QWGm5iRW-py3.11/lib/python3.11/site-packages/airflow/example_dags/example_workday_timetable.py
[2024-09-27T14:24:24.187+0200] {processor.py:925} INFO - DAG(s) 'example_workday_timetable' retrieved from /home/julian/.cache/pypoetry/virtualenvs/real-time-data-lake-QWGm5iRW-py3.11/lib/python3.11/site-packages/airflow/example_dags/example_workday_timetable.py
[2024-09-27T14:24:24.205+0200] {logging_mixin.py:190} INFO - [2024-09-27T14:24:24.205+0200] {dag.py:3239} INFO - Sync 1 DAGs
[2024-09-27T14:24:24.242+0200] {logging_mixin.py:190} INFO - [2024-09-27T14:24:24.242+0200] {dag.py:4180} INFO - Setting next_dagrun for example_workday_timetable to 2021-01-04 00:00:00+00:00, run_after=2021-01-05 00:00:00+00:00
[2024-09-27T14:24:24.257+0200] {processor.py:208} INFO - Processing /home/julian/.cache/pypoetry/virtualenvs/real-time-data-lake-QWGm5iRW-py3.11/lib/python3.11/site-packages/airflow/example_dags/example_workday_timetable.py took 0.088 seconds
[2024-09-27T14:25:14.901+0200] {processor.py:186} INFO - Started process (PID=280757) to work on /home/julian/.cache/pypoetry/virtualenvs/real-time-data-lake-QWGm5iRW-py3.11/lib/python3.11/site-packages/airflow/example_dags/example_workday_timetable.py
[2024-09-27T14:25:14.902+0200] {processor.py:914} INFO - Processing file /home/julian/.cache/pypoetry/virtualenvs/real-time-data-lake-QWGm5iRW-py3.11/lib/python3.11/site-packages/airflow/example_dags/example_workday_timetable.py for tasks to queue
[2024-09-27T14:25:14.905+0200] {logging_mixin.py:190} INFO - [2024-09-27T14:25:14.905+0200] {dagbag.py:588} INFO - Filling up the DagBag from /home/julian/.cache/pypoetry/virtualenvs/real-time-data-lake-QWGm5iRW-py3.11/lib/python3.11/site-packages/airflow/example_dags/example_workday_timetable.py
[2024-09-27T14:25:14.912+0200] {processor.py:925} INFO - DAG(s) 'example_workday_timetable' retrieved from /home/julian/.cache/pypoetry/virtualenvs/real-time-data-lake-QWGm5iRW-py3.11/lib/python3.11/site-packages/airflow/example_dags/example_workday_timetable.py
[2024-09-27T14:25:14.931+0200] {logging_mixin.py:190} INFO - [2024-09-27T14:25:14.931+0200] {dag.py:3239} INFO - Sync 1 DAGs
[2024-09-27T14:25:14.973+0200] {logging_mixin.py:190} INFO - [2024-09-27T14:25:14.973+0200] {dag.py:4180} INFO - Setting next_dagrun for example_workday_timetable to 2021-01-04 00:00:00+00:00, run_after=2021-01-05 00:00:00+00:00
[2024-09-27T14:25:14.987+0200] {processor.py:208} INFO - Processing /home/julian/.cache/pypoetry/virtualenvs/real-time-data-lake-QWGm5iRW-py3.11/lib/python3.11/site-packages/airflow/example_dags/example_workday_timetable.py took 0.093 seconds
[2024-09-27T14:30:13.929+0200] {processor.py:186} INFO - Started process (PID=281392) to work on /home/julian/.cache/pypoetry/virtualenvs/real-time-data-lake-QWGm5iRW-py3.11/lib/python3.11/site-packages/airflow/example_dags/example_workday_timetable.py
[2024-09-27T14:30:13.929+0200] {processor.py:914} INFO - Processing file /home/julian/.cache/pypoetry/virtualenvs/real-time-data-lake-QWGm5iRW-py3.11/lib/python3.11/site-packages/airflow/example_dags/example_workday_timetable.py for tasks to queue
[2024-09-27T14:30:13.931+0200] {logging_mixin.py:190} INFO - [2024-09-27T14:30:13.930+0200] {dagbag.py:588} INFO - Filling up the DagBag from /home/julian/.cache/pypoetry/virtualenvs/real-time-data-lake-QWGm5iRW-py3.11/lib/python3.11/site-packages/airflow/example_dags/example_workday_timetable.py
[2024-09-27T14:30:13.934+0200] {processor.py:925} INFO - DAG(s) 'example_workday_timetable' retrieved from /home/julian/.cache/pypoetry/virtualenvs/real-time-data-lake-QWGm5iRW-py3.11/lib/python3.11/site-packages/airflow/example_dags/example_workday_timetable.py
[2024-09-27T14:30:13.946+0200] {logging_mixin.py:190} INFO - [2024-09-27T14:30:13.946+0200] {dag.py:3239} INFO - Sync 1 DAGs
[2024-09-27T14:30:13.985+0200] {logging_mixin.py:190} INFO - [2024-09-27T14:30:13.984+0200] {dag.py:4180} INFO - Setting next_dagrun for example_workday_timetable to 2021-01-04 00:00:00+00:00, run_after=2021-01-05 00:00:00+00:00
[2024-09-27T14:30:13.998+0200] {processor.py:208} INFO - Processing /home/julian/.cache/pypoetry/virtualenvs/real-time-data-lake-QWGm5iRW-py3.11/lib/python3.11/site-packages/airflow/example_dags/example_workday_timetable.py took 0.073 seconds
[2024-09-27T14:31:08.856+0200] {processor.py:186} INFO - Started process (PID=281511) to work on /home/julian/.cache/pypoetry/virtualenvs/real-time-data-lake-QWGm5iRW-py3.11/lib/python3.11/site-packages/airflow/example_dags/example_workday_timetable.py
[2024-09-27T14:31:08.862+0200] {processor.py:914} INFO - Processing file /home/julian/.cache/pypoetry/virtualenvs/real-time-data-lake-QWGm5iRW-py3.11/lib/python3.11/site-packages/airflow/example_dags/example_workday_timetable.py for tasks to queue
[2024-09-27T14:31:08.864+0200] {logging_mixin.py:190} INFO - [2024-09-27T14:31:08.864+0200] {dagbag.py:588} INFO - Filling up the DagBag from /home/julian/.cache/pypoetry/virtualenvs/real-time-data-lake-QWGm5iRW-py3.11/lib/python3.11/site-packages/airflow/example_dags/example_workday_timetable.py
[2024-09-27T14:31:08.871+0200] {processor.py:925} INFO - DAG(s) 'example_workday_timetable' retrieved from /home/julian/.cache/pypoetry/virtualenvs/real-time-data-lake-QWGm5iRW-py3.11/lib/python3.11/site-packages/airflow/example_dags/example_workday_timetable.py
[2024-09-27T14:31:08.889+0200] {logging_mixin.py:190} INFO - [2024-09-27T14:31:08.888+0200] {dag.py:3239} INFO - Sync 1 DAGs
[2024-09-27T14:31:08.938+0200] {logging_mixin.py:190} INFO - [2024-09-27T14:31:08.938+0200] {dag.py:4180} INFO - Setting next_dagrun for example_workday_timetable to 2021-01-04 00:00:00+00:00, run_after=2021-01-05 00:00:00+00:00
[2024-09-27T14:31:08.952+0200] {processor.py:208} INFO - Processing /home/julian/.cache/pypoetry/virtualenvs/real-time-data-lake-QWGm5iRW-py3.11/lib/python3.11/site-packages/airflow/example_dags/example_workday_timetable.py took 0.104 seconds
[2024-09-27T14:31:57.410+0200] {processor.py:186} INFO - Started process (PID=281588) to work on /home/julian/.cache/pypoetry/virtualenvs/real-time-data-lake-QWGm5iRW-py3.11/lib/python3.11/site-packages/airflow/example_dags/example_workday_timetable.py
[2024-09-27T14:31:57.411+0200] {processor.py:914} INFO - Processing file /home/julian/.cache/pypoetry/virtualenvs/real-time-data-lake-QWGm5iRW-py3.11/lib/python3.11/site-packages/airflow/example_dags/example_workday_timetable.py for tasks to queue
[2024-09-27T14:31:57.414+0200] {logging_mixin.py:190} INFO - [2024-09-27T14:31:57.414+0200] {dagbag.py:588} INFO - Filling up the DagBag from /home/julian/.cache/pypoetry/virtualenvs/real-time-data-lake-QWGm5iRW-py3.11/lib/python3.11/site-packages/airflow/example_dags/example_workday_timetable.py
[2024-09-27T14:31:57.421+0200] {processor.py:925} INFO - DAG(s) 'example_workday_timetable' retrieved from /home/julian/.cache/pypoetry/virtualenvs/real-time-data-lake-QWGm5iRW-py3.11/lib/python3.11/site-packages/airflow/example_dags/example_workday_timetable.py
[2024-09-27T14:31:57.439+0200] {logging_mixin.py:190} INFO - [2024-09-27T14:31:57.439+0200] {dag.py:3239} INFO - Sync 1 DAGs
[2024-09-27T14:31:57.482+0200] {logging_mixin.py:190} INFO - [2024-09-27T14:31:57.482+0200] {dag.py:4180} INFO - Setting next_dagrun for example_workday_timetable to 2021-01-04 00:00:00+00:00, run_after=2021-01-05 00:00:00+00:00
[2024-09-27T14:31:57.495+0200] {processor.py:208} INFO - Processing /home/julian/.cache/pypoetry/virtualenvs/real-time-data-lake-QWGm5iRW-py3.11/lib/python3.11/site-packages/airflow/example_dags/example_workday_timetable.py took 0.093 seconds
[2024-09-27T14:32:47.131+0200] {processor.py:186} INFO - Started process (PID=281736) to work on /home/julian/.cache/pypoetry/virtualenvs/real-time-data-lake-QWGm5iRW-py3.11/lib/python3.11/site-packages/airflow/example_dags/example_workday_timetable.py
[2024-09-27T14:32:47.136+0200] {processor.py:914} INFO - Processing file /home/julian/.cache/pypoetry/virtualenvs/real-time-data-lake-QWGm5iRW-py3.11/lib/python3.11/site-packages/airflow/example_dags/example_workday_timetable.py for tasks to queue
[2024-09-27T14:32:47.139+0200] {logging_mixin.py:190} INFO - [2024-09-27T14:32:47.138+0200] {dagbag.py:588} INFO - Filling up the DagBag from /home/julian/.cache/pypoetry/virtualenvs/real-time-data-lake-QWGm5iRW-py3.11/lib/python3.11/site-packages/airflow/example_dags/example_workday_timetable.py
[2024-09-27T14:32:47.143+0200] {processor.py:925} INFO - DAG(s) 'example_workday_timetable' retrieved from /home/julian/.cache/pypoetry/virtualenvs/real-time-data-lake-QWGm5iRW-py3.11/lib/python3.11/site-packages/airflow/example_dags/example_workday_timetable.py
[2024-09-27T14:32:47.152+0200] {logging_mixin.py:190} INFO - [2024-09-27T14:32:47.152+0200] {dag.py:3239} INFO - Sync 1 DAGs
[2024-09-27T14:32:47.187+0200] {logging_mixin.py:190} INFO - [2024-09-27T14:32:47.186+0200] {dag.py:4180} INFO - Setting next_dagrun for example_workday_timetable to 2021-01-04 00:00:00+00:00, run_after=2021-01-05 00:00:00+00:00
[2024-09-27T14:32:47.202+0200] {processor.py:208} INFO - Processing /home/julian/.cache/pypoetry/virtualenvs/real-time-data-lake-QWGm5iRW-py3.11/lib/python3.11/site-packages/airflow/example_dags/example_workday_timetable.py took 0.078 seconds
[2024-09-27T14:33:35.277+0200] {processor.py:186} INFO - Started process (PID=281815) to work on /home/julian/.cache/pypoetry/virtualenvs/real-time-data-lake-QWGm5iRW-py3.11/lib/python3.11/site-packages/airflow/example_dags/example_workday_timetable.py
[2024-09-27T14:33:35.283+0200] {processor.py:914} INFO - Processing file /home/julian/.cache/pypoetry/virtualenvs/real-time-data-lake-QWGm5iRW-py3.11/lib/python3.11/site-packages/airflow/example_dags/example_workday_timetable.py for tasks to queue
[2024-09-27T14:33:35.286+0200] {logging_mixin.py:190} INFO - [2024-09-27T14:33:35.286+0200] {dagbag.py:588} INFO - Filling up the DagBag from /home/julian/.cache/pypoetry/virtualenvs/real-time-data-lake-QWGm5iRW-py3.11/lib/python3.11/site-packages/airflow/example_dags/example_workday_timetable.py
[2024-09-27T14:33:35.292+0200] {processor.py:925} INFO - DAG(s) 'example_workday_timetable' retrieved from /home/julian/.cache/pypoetry/virtualenvs/real-time-data-lake-QWGm5iRW-py3.11/lib/python3.11/site-packages/airflow/example_dags/example_workday_timetable.py
[2024-09-27T14:33:35.301+0200] {logging_mixin.py:190} INFO - [2024-09-27T14:33:35.301+0200] {dag.py:3239} INFO - Sync 1 DAGs
[2024-09-27T14:33:35.335+0200] {logging_mixin.py:190} INFO - [2024-09-27T14:33:35.335+0200] {dag.py:4180} INFO - Setting next_dagrun for example_workday_timetable to 2021-01-04 00:00:00+00:00, run_after=2021-01-05 00:00:00+00:00
[2024-09-27T14:33:35.349+0200] {processor.py:208} INFO - Processing /home/julian/.cache/pypoetry/virtualenvs/real-time-data-lake-QWGm5iRW-py3.11/lib/python3.11/site-packages/airflow/example_dags/example_workday_timetable.py took 0.078 seconds
[2024-09-27T14:34:25.113+0200] {processor.py:186} INFO - Started process (PID=281929) to work on /home/julian/.cache/pypoetry/virtualenvs/real-time-data-lake-QWGm5iRW-py3.11/lib/python3.11/site-packages/airflow/example_dags/example_workday_timetable.py
[2024-09-27T14:34:25.119+0200] {processor.py:914} INFO - Processing file /home/julian/.cache/pypoetry/virtualenvs/real-time-data-lake-QWGm5iRW-py3.11/lib/python3.11/site-packages/airflow/example_dags/example_workday_timetable.py for tasks to queue
[2024-09-27T14:34:25.121+0200] {logging_mixin.py:190} INFO - [2024-09-27T14:34:25.121+0200] {dagbag.py:588} INFO - Filling up the DagBag from /home/julian/.cache/pypoetry/virtualenvs/real-time-data-lake-QWGm5iRW-py3.11/lib/python3.11/site-packages/airflow/example_dags/example_workday_timetable.py
[2024-09-27T14:34:25.129+0200] {processor.py:925} INFO - DAG(s) 'example_workday_timetable' retrieved from /home/julian/.cache/pypoetry/virtualenvs/real-time-data-lake-QWGm5iRW-py3.11/lib/python3.11/site-packages/airflow/example_dags/example_workday_timetable.py
[2024-09-27T14:34:25.148+0200] {logging_mixin.py:190} INFO - [2024-09-27T14:34:25.147+0200] {dag.py:3239} INFO - Sync 1 DAGs
[2024-09-27T14:34:25.190+0200] {logging_mixin.py:190} INFO - [2024-09-27T14:34:25.190+0200] {dag.py:4180} INFO - Setting next_dagrun for example_workday_timetable to 2021-01-04 00:00:00+00:00, run_after=2021-01-05 00:00:00+00:00
[2024-09-27T14:34:25.203+0200] {processor.py:208} INFO - Processing /home/julian/.cache/pypoetry/virtualenvs/real-time-data-lake-QWGm5iRW-py3.11/lib/python3.11/site-packages/airflow/example_dags/example_workday_timetable.py took 0.098 seconds
[2024-09-27T14:35:13.186+0200] {processor.py:186} INFO - Started process (PID=282135) to work on /home/julian/.cache/pypoetry/virtualenvs/real-time-data-lake-QWGm5iRW-py3.11/lib/python3.11/site-packages/airflow/example_dags/example_workday_timetable.py
[2024-09-27T14:35:13.192+0200] {processor.py:914} INFO - Processing file /home/julian/.cache/pypoetry/virtualenvs/real-time-data-lake-QWGm5iRW-py3.11/lib/python3.11/site-packages/airflow/example_dags/example_workday_timetable.py for tasks to queue
[2024-09-27T14:35:13.195+0200] {logging_mixin.py:190} INFO - [2024-09-27T14:35:13.194+0200] {dagbag.py:588} INFO - Filling up the DagBag from /home/julian/.cache/pypoetry/virtualenvs/real-time-data-lake-QWGm5iRW-py3.11/lib/python3.11/site-packages/airflow/example_dags/example_workday_timetable.py
[2024-09-27T14:35:13.202+0200] {processor.py:925} INFO - DAG(s) 'example_workday_timetable' retrieved from /home/julian/.cache/pypoetry/virtualenvs/real-time-data-lake-QWGm5iRW-py3.11/lib/python3.11/site-packages/airflow/example_dags/example_workday_timetable.py
[2024-09-27T14:35:13.220+0200] {logging_mixin.py:190} INFO - [2024-09-27T14:35:13.220+0200] {dag.py:3239} INFO - Sync 1 DAGs
[2024-09-27T14:35:13.264+0200] {logging_mixin.py:190} INFO - [2024-09-27T14:35:13.264+0200] {dag.py:4180} INFO - Setting next_dagrun for example_workday_timetable to 2021-01-04 00:00:00+00:00, run_after=2021-01-05 00:00:00+00:00
[2024-09-27T14:35:13.278+0200] {processor.py:208} INFO - Processing /home/julian/.cache/pypoetry/virtualenvs/real-time-data-lake-QWGm5iRW-py3.11/lib/python3.11/site-packages/airflow/example_dags/example_workday_timetable.py took 0.099 seconds
[2024-09-27T14:35:59.698+0200] {processor.py:186} INFO - Started process (PID=282216) to work on /home/julian/.cache/pypoetry/virtualenvs/real-time-data-lake-QWGm5iRW-py3.11/lib/python3.11/site-packages/airflow/example_dags/example_workday_timetable.py
[2024-09-27T14:35:59.704+0200] {processor.py:914} INFO - Processing file /home/julian/.cache/pypoetry/virtualenvs/real-time-data-lake-QWGm5iRW-py3.11/lib/python3.11/site-packages/airflow/example_dags/example_workday_timetable.py for tasks to queue
[2024-09-27T14:35:59.707+0200] {logging_mixin.py:190} INFO - [2024-09-27T14:35:59.707+0200] {dagbag.py:588} INFO - Filling up the DagBag from /home/julian/.cache/pypoetry/virtualenvs/real-time-data-lake-QWGm5iRW-py3.11/lib/python3.11/site-packages/airflow/example_dags/example_workday_timetable.py
[2024-09-27T14:35:59.714+0200] {processor.py:925} INFO - DAG(s) 'example_workday_timetable' retrieved from /home/julian/.cache/pypoetry/virtualenvs/real-time-data-lake-QWGm5iRW-py3.11/lib/python3.11/site-packages/airflow/example_dags/example_workday_timetable.py
[2024-09-27T14:35:59.734+0200] {logging_mixin.py:190} INFO - [2024-09-27T14:35:59.733+0200] {dag.py:3239} INFO - Sync 1 DAGs
[2024-09-27T14:35:59.775+0200] {logging_mixin.py:190} INFO - [2024-09-27T14:35:59.775+0200] {dag.py:4180} INFO - Setting next_dagrun for example_workday_timetable to 2021-01-04 00:00:00+00:00, run_after=2021-01-05 00:00:00+00:00
[2024-09-27T14:35:59.789+0200] {processor.py:208} INFO - Processing /home/julian/.cache/pypoetry/virtualenvs/real-time-data-lake-QWGm5iRW-py3.11/lib/python3.11/site-packages/airflow/example_dags/example_workday_timetable.py took 0.098 seconds
[2024-09-27T14:36:47.287+0200] {processor.py:186} INFO - Started process (PID=282286) to work on /home/julian/.cache/pypoetry/virtualenvs/real-time-data-lake-QWGm5iRW-py3.11/lib/python3.11/site-packages/airflow/example_dags/example_workday_timetable.py
[2024-09-27T14:36:47.293+0200] {processor.py:914} INFO - Processing file /home/julian/.cache/pypoetry/virtualenvs/real-time-data-lake-QWGm5iRW-py3.11/lib/python3.11/site-packages/airflow/example_dags/example_workday_timetable.py for tasks to queue
[2024-09-27T14:36:47.296+0200] {logging_mixin.py:190} INFO - [2024-09-27T14:36:47.296+0200] {dagbag.py:588} INFO - Filling up the DagBag from /home/julian/.cache/pypoetry/virtualenvs/real-time-data-lake-QWGm5iRW-py3.11/lib/python3.11/site-packages/airflow/example_dags/example_workday_timetable.py
[2024-09-27T14:36:47.304+0200] {processor.py:925} INFO - DAG(s) 'example_workday_timetable' retrieved from /home/julian/.cache/pypoetry/virtualenvs/real-time-data-lake-QWGm5iRW-py3.11/lib/python3.11/site-packages/airflow/example_dags/example_workday_timetable.py
[2024-09-27T14:36:47.322+0200] {logging_mixin.py:190} INFO - [2024-09-27T14:36:47.322+0200] {dag.py:3239} INFO - Sync 1 DAGs
[2024-09-27T14:36:47.366+0200] {logging_mixin.py:190} INFO - [2024-09-27T14:36:47.365+0200] {dag.py:4180} INFO - Setting next_dagrun for example_workday_timetable to 2021-01-04 00:00:00+00:00, run_after=2021-01-05 00:00:00+00:00
[2024-09-27T14:36:47.379+0200] {processor.py:208} INFO - Processing /home/julian/.cache/pypoetry/virtualenvs/real-time-data-lake-QWGm5iRW-py3.11/lib/python3.11/site-packages/airflow/example_dags/example_workday_timetable.py took 0.098 seconds
[2024-09-27T14:37:38.836+0200] {processor.py:186} INFO - Started process (PID=282486) to work on /home/julian/.cache/pypoetry/virtualenvs/real-time-data-lake-QWGm5iRW-py3.11/lib/python3.11/site-packages/airflow/example_dags/example_workday_timetable.py
[2024-09-27T14:37:38.842+0200] {processor.py:914} INFO - Processing file /home/julian/.cache/pypoetry/virtualenvs/real-time-data-lake-QWGm5iRW-py3.11/lib/python3.11/site-packages/airflow/example_dags/example_workday_timetable.py for tasks to queue
[2024-09-27T14:37:38.844+0200] {logging_mixin.py:190} INFO - [2024-09-27T14:37:38.844+0200] {dagbag.py:588} INFO - Filling up the DagBag from /home/julian/.cache/pypoetry/virtualenvs/real-time-data-lake-QWGm5iRW-py3.11/lib/python3.11/site-packages/airflow/example_dags/example_workday_timetable.py
[2024-09-27T14:37:38.852+0200] {processor.py:925} INFO - DAG(s) 'example_workday_timetable' retrieved from /home/julian/.cache/pypoetry/virtualenvs/real-time-data-lake-QWGm5iRW-py3.11/lib/python3.11/site-packages/airflow/example_dags/example_workday_timetable.py
[2024-09-27T14:37:38.871+0200] {logging_mixin.py:190} INFO - [2024-09-27T14:37:38.870+0200] {dag.py:3239} INFO - Sync 1 DAGs
[2024-09-27T14:37:38.904+0200] {logging_mixin.py:190} INFO - [2024-09-27T14:37:38.904+0200] {dag.py:4180} INFO - Setting next_dagrun for example_workday_timetable to 2021-01-04 00:00:00+00:00, run_after=2021-01-05 00:00:00+00:00
[2024-09-27T14:37:38.918+0200] {processor.py:208} INFO - Processing /home/julian/.cache/pypoetry/virtualenvs/real-time-data-lake-QWGm5iRW-py3.11/lib/python3.11/site-packages/airflow/example_dags/example_workday_timetable.py took 0.089 seconds
[2024-09-27T14:38:30.247+0200] {processor.py:186} INFO - Started process (PID=282747) to work on /home/julian/.cache/pypoetry/virtualenvs/real-time-data-lake-QWGm5iRW-py3.11/lib/python3.11/site-packages/airflow/example_dags/example_workday_timetable.py
[2024-09-27T14:38:30.248+0200] {processor.py:914} INFO - Processing file /home/julian/.cache/pypoetry/virtualenvs/real-time-data-lake-QWGm5iRW-py3.11/lib/python3.11/site-packages/airflow/example_dags/example_workday_timetable.py for tasks to queue
[2024-09-27T14:38:30.251+0200] {logging_mixin.py:190} INFO - [2024-09-27T14:38:30.251+0200] {dagbag.py:588} INFO - Filling up the DagBag from /home/julian/.cache/pypoetry/virtualenvs/real-time-data-lake-QWGm5iRW-py3.11/lib/python3.11/site-packages/airflow/example_dags/example_workday_timetable.py
[2024-09-27T14:38:30.258+0200] {processor.py:925} INFO - DAG(s) 'example_workday_timetable' retrieved from /home/julian/.cache/pypoetry/virtualenvs/real-time-data-lake-QWGm5iRW-py3.11/lib/python3.11/site-packages/airflow/example_dags/example_workday_timetable.py
[2024-09-27T14:38:30.277+0200] {logging_mixin.py:190} INFO - [2024-09-27T14:38:30.277+0200] {dag.py:3239} INFO - Sync 1 DAGs
[2024-09-27T14:38:30.317+0200] {logging_mixin.py:190} INFO - [2024-09-27T14:38:30.317+0200] {dag.py:4180} INFO - Setting next_dagrun for example_workday_timetable to 2021-01-04 00:00:00+00:00, run_after=2021-01-05 00:00:00+00:00
[2024-09-27T14:38:30.331+0200] {processor.py:208} INFO - Processing /home/julian/.cache/pypoetry/virtualenvs/real-time-data-lake-QWGm5iRW-py3.11/lib/python3.11/site-packages/airflow/example_dags/example_workday_timetable.py took 0.091 seconds
