[2024-09-27T14:20:38.540+0200] {processor.py:186} INFO - Started process (PID=280050) to work on /home/julian/.cache/pypoetry/virtualenvs/real-time-data-lake-QWGm5iRW-py3.11/lib/python3.11/site-packages/airflow/example_dags/example_branch_operator.py
[2024-09-27T14:20:38.542+0200] {processor.py:914} INFO - Processing file /home/julian/.cache/pypoetry/virtualenvs/real-time-data-lake-QWGm5iRW-py3.11/lib/python3.11/site-packages/airflow/example_dags/example_branch_operator.py for tasks to queue
[2024-09-27T14:20:38.544+0200] {logging_mixin.py:190} INFO - [2024-09-27T14:20:38.544+0200] {dagbag.py:588} INFO - Filling up the DagBag from /home/julian/.cache/pypoetry/virtualenvs/real-time-data-lake-QWGm5iRW-py3.11/lib/python3.11/site-packages/airflow/example_dags/example_branch_operator.py
[2024-09-27T14:20:38.571+0200] {processor.py:925} INFO - DAG(s) 'example_branch_operator' retrieved from /home/julian/.cache/pypoetry/virtualenvs/real-time-data-lake-QWGm5iRW-py3.11/lib/python3.11/site-packages/airflow/example_dags/example_branch_operator.py
[2024-09-27T14:20:38.642+0200] {logging_mixin.py:190} INFO - [2024-09-27T14:20:38.642+0200] {override.py:1901} INFO - Created Permission View: can delete on DAG:example_branch_operator
[2024-09-27T14:20:38.650+0200] {logging_mixin.py:190} INFO - [2024-09-27T14:20:38.649+0200] {override.py:1901} INFO - Created Permission View: can read on DAG:example_branch_operator
[2024-09-27T14:20:38.656+0200] {logging_mixin.py:190} INFO - [2024-09-27T14:20:38.656+0200] {override.py:1901} INFO - Created Permission View: can edit on DAG:example_branch_operator
[2024-09-27T14:20:38.665+0200] {logging_mixin.py:190} INFO - [2024-09-27T14:20:38.665+0200] {override.py:1901} INFO - Created Permission View: can create on DAG Run:example_branch_operator
[2024-09-27T14:20:38.671+0200] {logging_mixin.py:190} INFO - [2024-09-27T14:20:38.670+0200] {override.py:1901} INFO - Created Permission View: can delete on DAG Run:example_branch_operator
[2024-09-27T14:20:38.676+0200] {logging_mixin.py:190} INFO - [2024-09-27T14:20:38.676+0200] {override.py:1901} INFO - Created Permission View: can read on DAG Run:example_branch_operator
[2024-09-27T14:20:38.682+0200] {logging_mixin.py:190} INFO - [2024-09-27T14:20:38.681+0200] {override.py:1901} INFO - Created Permission View: menu access on DAG Run:example_branch_operator
[2024-09-27T14:20:38.682+0200] {logging_mixin.py:190} INFO - [2024-09-27T14:20:38.682+0200] {dag.py:3239} INFO - Sync 1 DAGs
[2024-09-27T14:20:38.690+0200] {logging_mixin.py:190} INFO - [2024-09-27T14:20:38.690+0200] {dag.py:3262} INFO - Creating ORM DAG for example_branch_operator
[2024-09-27T14:20:38.789+0200] {logging_mixin.py:190} INFO - [2024-09-27T14:20:38.788+0200] {dag.py:4180} INFO - Setting next_dagrun for example_branch_operator to 2024-09-26 00:00:00+00:00, run_after=2024-09-27 00:00:00+00:00
[2024-09-27T14:20:38.805+0200] {processor.py:208} INFO - Processing /home/julian/.cache/pypoetry/virtualenvs/real-time-data-lake-QWGm5iRW-py3.11/lib/python3.11/site-packages/airflow/example_dags/example_branch_operator.py took 0.272 seconds
[2024-09-27T14:22:17.751+0200] {processor.py:186} INFO - Started process (PID=280248) to work on /home/julian/.cache/pypoetry/virtualenvs/real-time-data-lake-QWGm5iRW-py3.11/lib/python3.11/site-packages/airflow/example_dags/example_branch_operator.py
[2024-09-27T14:22:17.757+0200] {processor.py:914} INFO - Processing file /home/julian/.cache/pypoetry/virtualenvs/real-time-data-lake-QWGm5iRW-py3.11/lib/python3.11/site-packages/airflow/example_dags/example_branch_operator.py for tasks to queue
[2024-09-27T14:22:17.760+0200] {logging_mixin.py:190} INFO - [2024-09-27T14:22:17.759+0200] {dagbag.py:588} INFO - Filling up the DagBag from /home/julian/.cache/pypoetry/virtualenvs/real-time-data-lake-QWGm5iRW-py3.11/lib/python3.11/site-packages/airflow/example_dags/example_branch_operator.py
[2024-09-27T14:22:17.785+0200] {processor.py:925} INFO - DAG(s) 'example_branch_operator' retrieved from /home/julian/.cache/pypoetry/virtualenvs/real-time-data-lake-QWGm5iRW-py3.11/lib/python3.11/site-packages/airflow/example_dags/example_branch_operator.py
[2024-09-27T14:22:17.853+0200] {logging_mixin.py:190} INFO - [2024-09-27T14:22:17.853+0200] {dag.py:3239} INFO - Sync 1 DAGs
[2024-09-27T14:22:17.865+0200] {logging_mixin.py:190} INFO - [2024-09-27T14:22:17.865+0200] {dag.py:4180} INFO - Setting next_dagrun for example_branch_operator to 2024-09-26 00:00:00+00:00, run_after=2024-09-27 00:00:00+00:00
[2024-09-27T14:22:17.883+0200] {processor.py:208} INFO - Processing /home/julian/.cache/pypoetry/virtualenvs/real-time-data-lake-QWGm5iRW-py3.11/lib/python3.11/site-packages/airflow/example_dags/example_branch_operator.py took 0.139 seconds
[2024-09-27T14:23:13.183+0200] {processor.py:186} INFO - Started process (PID=280370) to work on /home/julian/.cache/pypoetry/virtualenvs/real-time-data-lake-QWGm5iRW-py3.11/lib/python3.11/site-packages/airflow/example_dags/example_branch_operator.py
[2024-09-27T14:23:13.188+0200] {processor.py:914} INFO - Processing file /home/julian/.cache/pypoetry/virtualenvs/real-time-data-lake-QWGm5iRW-py3.11/lib/python3.11/site-packages/airflow/example_dags/example_branch_operator.py for tasks to queue
[2024-09-27T14:23:13.191+0200] {logging_mixin.py:190} INFO - [2024-09-27T14:23:13.190+0200] {dagbag.py:588} INFO - Filling up the DagBag from /home/julian/.cache/pypoetry/virtualenvs/real-time-data-lake-QWGm5iRW-py3.11/lib/python3.11/site-packages/airflow/example_dags/example_branch_operator.py
[2024-09-27T14:23:13.216+0200] {processor.py:925} INFO - DAG(s) 'example_branch_operator' retrieved from /home/julian/.cache/pypoetry/virtualenvs/real-time-data-lake-QWGm5iRW-py3.11/lib/python3.11/site-packages/airflow/example_dags/example_branch_operator.py
[2024-09-27T14:23:13.239+0200] {logging_mixin.py:190} INFO - [2024-09-27T14:23:13.238+0200] {dag.py:3239} INFO - Sync 1 DAGs
[2024-09-27T14:23:13.251+0200] {logging_mixin.py:190} INFO - [2024-09-27T14:23:13.251+0200] {dag.py:4180} INFO - Setting next_dagrun for example_branch_operator to 2024-09-26 00:00:00+00:00, run_after=2024-09-27 00:00:00+00:00
[2024-09-27T14:23:13.265+0200] {processor.py:208} INFO - Processing /home/julian/.cache/pypoetry/virtualenvs/real-time-data-lake-QWGm5iRW-py3.11/lib/python3.11/site-packages/airflow/example_dags/example_branch_operator.py took 0.089 seconds
[2024-09-27T14:24:09.609+0200] {processor.py:186} INFO - Started process (PID=280512) to work on /home/julian/.cache/pypoetry/virtualenvs/real-time-data-lake-QWGm5iRW-py3.11/lib/python3.11/site-packages/airflow/example_dags/example_branch_operator.py
[2024-09-27T14:24:09.615+0200] {processor.py:914} INFO - Processing file /home/julian/.cache/pypoetry/virtualenvs/real-time-data-lake-QWGm5iRW-py3.11/lib/python3.11/site-packages/airflow/example_dags/example_branch_operator.py for tasks to queue
[2024-09-27T14:24:09.618+0200] {logging_mixin.py:190} INFO - [2024-09-27T14:24:09.617+0200] {dagbag.py:588} INFO - Filling up the DagBag from /home/julian/.cache/pypoetry/virtualenvs/real-time-data-lake-QWGm5iRW-py3.11/lib/python3.11/site-packages/airflow/example_dags/example_branch_operator.py
[2024-09-27T14:24:09.642+0200] {processor.py:925} INFO - DAG(s) 'example_branch_operator' retrieved from /home/julian/.cache/pypoetry/virtualenvs/real-time-data-lake-QWGm5iRW-py3.11/lib/python3.11/site-packages/airflow/example_dags/example_branch_operator.py
[2024-09-27T14:24:09.666+0200] {logging_mixin.py:190} INFO - [2024-09-27T14:24:09.665+0200] {dag.py:3239} INFO - Sync 1 DAGs
[2024-09-27T14:24:09.678+0200] {logging_mixin.py:190} INFO - [2024-09-27T14:24:09.678+0200] {dag.py:4180} INFO - Setting next_dagrun for example_branch_operator to 2024-09-26 00:00:00+00:00, run_after=2024-09-27 00:00:00+00:00
[2024-09-27T14:24:09.691+0200] {processor.py:208} INFO - Processing /home/julian/.cache/pypoetry/virtualenvs/real-time-data-lake-QWGm5iRW-py3.11/lib/python3.11/site-packages/airflow/example_dags/example_branch_operator.py took 0.089 seconds
[2024-09-27T14:25:00.946+0200] {processor.py:186} INFO - Started process (PID=280731) to work on /home/julian/.cache/pypoetry/virtualenvs/real-time-data-lake-QWGm5iRW-py3.11/lib/python3.11/site-packages/airflow/example_dags/example_branch_operator.py
[2024-09-27T14:25:00.947+0200] {processor.py:914} INFO - Processing file /home/julian/.cache/pypoetry/virtualenvs/real-time-data-lake-QWGm5iRW-py3.11/lib/python3.11/site-packages/airflow/example_dags/example_branch_operator.py for tasks to queue
[2024-09-27T14:25:00.950+0200] {logging_mixin.py:190} INFO - [2024-09-27T14:25:00.949+0200] {dagbag.py:588} INFO - Filling up the DagBag from /home/julian/.cache/pypoetry/virtualenvs/real-time-data-lake-QWGm5iRW-py3.11/lib/python3.11/site-packages/airflow/example_dags/example_branch_operator.py
[2024-09-27T14:25:00.975+0200] {processor.py:925} INFO - DAG(s) 'example_branch_operator' retrieved from /home/julian/.cache/pypoetry/virtualenvs/real-time-data-lake-QWGm5iRW-py3.11/lib/python3.11/site-packages/airflow/example_dags/example_branch_operator.py
[2024-09-27T14:25:00.996+0200] {logging_mixin.py:190} INFO - [2024-09-27T14:25:00.995+0200] {dag.py:3239} INFO - Sync 1 DAGs
[2024-09-27T14:25:01.008+0200] {logging_mixin.py:190} INFO - [2024-09-27T14:25:01.008+0200] {dag.py:4180} INFO - Setting next_dagrun for example_branch_operator to 2024-09-26 00:00:00+00:00, run_after=2024-09-27 00:00:00+00:00
[2024-09-27T14:25:01.022+0200] {processor.py:208} INFO - Processing /home/julian/.cache/pypoetry/virtualenvs/real-time-data-lake-QWGm5iRW-py3.11/lib/python3.11/site-packages/airflow/example_dags/example_branch_operator.py took 0.084 seconds
[2024-09-27T14:30:44.586+0200] {processor.py:186} INFO - Started process (PID=281458) to work on /home/julian/.cache/pypoetry/virtualenvs/real-time-data-lake-QWGm5iRW-py3.11/lib/python3.11/site-packages/airflow/example_dags/example_branch_operator.py
[2024-09-27T14:30:44.587+0200] {processor.py:914} INFO - Processing file /home/julian/.cache/pypoetry/virtualenvs/real-time-data-lake-QWGm5iRW-py3.11/lib/python3.11/site-packages/airflow/example_dags/example_branch_operator.py for tasks to queue
[2024-09-27T14:30:44.589+0200] {logging_mixin.py:190} INFO - [2024-09-27T14:30:44.589+0200] {dagbag.py:588} INFO - Filling up the DagBag from /home/julian/.cache/pypoetry/virtualenvs/real-time-data-lake-QWGm5iRW-py3.11/lib/python3.11/site-packages/airflow/example_dags/example_branch_operator.py
[2024-09-27T14:30:44.614+0200] {processor.py:925} INFO - DAG(s) 'example_branch_operator' retrieved from /home/julian/.cache/pypoetry/virtualenvs/real-time-data-lake-QWGm5iRW-py3.11/lib/python3.11/site-packages/airflow/example_dags/example_branch_operator.py
[2024-09-27T14:30:44.677+0200] {logging_mixin.py:190} INFO - [2024-09-27T14:30:44.677+0200] {dag.py:3239} INFO - Sync 1 DAGs
[2024-09-27T14:30:44.689+0200] {logging_mixin.py:190} INFO - [2024-09-27T14:30:44.689+0200] {dag.py:4180} INFO - Setting next_dagrun for example_branch_operator to 2024-09-26 00:00:00+00:00, run_after=2024-09-27 00:00:00+00:00
[2024-09-27T14:30:44.703+0200] {processor.py:208} INFO - Processing /home/julian/.cache/pypoetry/virtualenvs/real-time-data-lake-QWGm5iRW-py3.11/lib/python3.11/site-packages/airflow/example_dags/example_branch_operator.py took 0.124 seconds
[2024-09-27T14:31:40.145+0200] {processor.py:186} INFO - Started process (PID=281558) to work on /home/julian/.cache/pypoetry/virtualenvs/real-time-data-lake-QWGm5iRW-py3.11/lib/python3.11/site-packages/airflow/example_dags/example_branch_operator.py
[2024-09-27T14:31:40.151+0200] {processor.py:914} INFO - Processing file /home/julian/.cache/pypoetry/virtualenvs/real-time-data-lake-QWGm5iRW-py3.11/lib/python3.11/site-packages/airflow/example_dags/example_branch_operator.py for tasks to queue
[2024-09-27T14:31:40.153+0200] {logging_mixin.py:190} INFO - [2024-09-27T14:31:40.153+0200] {dagbag.py:588} INFO - Filling up the DagBag from /home/julian/.cache/pypoetry/virtualenvs/real-time-data-lake-QWGm5iRW-py3.11/lib/python3.11/site-packages/airflow/example_dags/example_branch_operator.py
[2024-09-27T14:31:40.165+0200] {processor.py:925} INFO - DAG(s) 'example_branch_operator' retrieved from /home/julian/.cache/pypoetry/virtualenvs/real-time-data-lake-QWGm5iRW-py3.11/lib/python3.11/site-packages/airflow/example_dags/example_branch_operator.py
[2024-09-27T14:31:40.181+0200] {logging_mixin.py:190} INFO - [2024-09-27T14:31:40.180+0200] {dag.py:3239} INFO - Sync 1 DAGs
[2024-09-27T14:31:40.193+0200] {logging_mixin.py:190} INFO - [2024-09-27T14:31:40.193+0200] {dag.py:4180} INFO - Setting next_dagrun for example_branch_operator to 2024-09-26 00:00:00+00:00, run_after=2024-09-27 00:00:00+00:00
[2024-09-27T14:31:40.207+0200] {processor.py:208} INFO - Processing /home/julian/.cache/pypoetry/virtualenvs/real-time-data-lake-QWGm5iRW-py3.11/lib/python3.11/site-packages/airflow/example_dags/example_branch_operator.py took 0.070 seconds
[2024-09-27T14:32:34.618+0200] {processor.py:186} INFO - Started process (PID=281701) to work on /home/julian/.cache/pypoetry/virtualenvs/real-time-data-lake-QWGm5iRW-py3.11/lib/python3.11/site-packages/airflow/example_dags/example_branch_operator.py
[2024-09-27T14:32:34.624+0200] {processor.py:914} INFO - Processing file /home/julian/.cache/pypoetry/virtualenvs/real-time-data-lake-QWGm5iRW-py3.11/lib/python3.11/site-packages/airflow/example_dags/example_branch_operator.py for tasks to queue
[2024-09-27T14:32:34.627+0200] {logging_mixin.py:190} INFO - [2024-09-27T14:32:34.626+0200] {dagbag.py:588} INFO - Filling up the DagBag from /home/julian/.cache/pypoetry/virtualenvs/real-time-data-lake-QWGm5iRW-py3.11/lib/python3.11/site-packages/airflow/example_dags/example_branch_operator.py
[2024-09-27T14:32:34.652+0200] {processor.py:925} INFO - DAG(s) 'example_branch_operator' retrieved from /home/julian/.cache/pypoetry/virtualenvs/real-time-data-lake-QWGm5iRW-py3.11/lib/python3.11/site-packages/airflow/example_dags/example_branch_operator.py
[2024-09-27T14:32:34.677+0200] {logging_mixin.py:190} INFO - [2024-09-27T14:32:34.677+0200] {dag.py:3239} INFO - Sync 1 DAGs
[2024-09-27T14:32:34.689+0200] {logging_mixin.py:190} INFO - [2024-09-27T14:32:34.689+0200] {dag.py:4180} INFO - Setting next_dagrun for example_branch_operator to 2024-09-26 00:00:00+00:00, run_after=2024-09-27 00:00:00+00:00
[2024-09-27T14:32:34.703+0200] {processor.py:208} INFO - Processing /home/julian/.cache/pypoetry/virtualenvs/real-time-data-lake-QWGm5iRW-py3.11/lib/python3.11/site-packages/airflow/example_dags/example_branch_operator.py took 0.092 seconds
[2024-09-27T14:33:24.285+0200] {processor.py:186} INFO - Started process (PID=281799) to work on /home/julian/.cache/pypoetry/virtualenvs/real-time-data-lake-QWGm5iRW-py3.11/lib/python3.11/site-packages/airflow/example_dags/example_branch_operator.py
[2024-09-27T14:33:24.291+0200] {processor.py:914} INFO - Processing file /home/julian/.cache/pypoetry/virtualenvs/real-time-data-lake-QWGm5iRW-py3.11/lib/python3.11/site-packages/airflow/example_dags/example_branch_operator.py for tasks to queue
[2024-09-27T14:33:24.294+0200] {logging_mixin.py:190} INFO - [2024-09-27T14:33:24.293+0200] {dagbag.py:588} INFO - Filling up the DagBag from /home/julian/.cache/pypoetry/virtualenvs/real-time-data-lake-QWGm5iRW-py3.11/lib/python3.11/site-packages/airflow/example_dags/example_branch_operator.py
[2024-09-27T14:33:24.319+0200] {processor.py:925} INFO - DAG(s) 'example_branch_operator' retrieved from /home/julian/.cache/pypoetry/virtualenvs/real-time-data-lake-QWGm5iRW-py3.11/lib/python3.11/site-packages/airflow/example_dags/example_branch_operator.py
[2024-09-27T14:33:24.342+0200] {logging_mixin.py:190} INFO - [2024-09-27T14:33:24.342+0200] {dag.py:3239} INFO - Sync 1 DAGs
[2024-09-27T14:33:24.355+0200] {logging_mixin.py:190} INFO - [2024-09-27T14:33:24.354+0200] {dag.py:4180} INFO - Setting next_dagrun for example_branch_operator to 2024-09-26 00:00:00+00:00, run_after=2024-09-27 00:00:00+00:00
[2024-09-27T14:33:24.368+0200] {processor.py:208} INFO - Processing /home/julian/.cache/pypoetry/virtualenvs/real-time-data-lake-QWGm5iRW-py3.11/lib/python3.11/site-packages/airflow/example_dags/example_branch_operator.py took 0.090 seconds
[2024-09-27T14:34:11.609+0200] {processor.py:186} INFO - Started process (PID=281910) to work on /home/julian/.cache/pypoetry/virtualenvs/real-time-data-lake-QWGm5iRW-py3.11/lib/python3.11/site-packages/airflow/example_dags/example_branch_operator.py
[2024-09-27T14:34:11.615+0200] {processor.py:914} INFO - Processing file /home/julian/.cache/pypoetry/virtualenvs/real-time-data-lake-QWGm5iRW-py3.11/lib/python3.11/site-packages/airflow/example_dags/example_branch_operator.py for tasks to queue
[2024-09-27T14:34:11.617+0200] {logging_mixin.py:190} INFO - [2024-09-27T14:34:11.617+0200] {dagbag.py:588} INFO - Filling up the DagBag from /home/julian/.cache/pypoetry/virtualenvs/real-time-data-lake-QWGm5iRW-py3.11/lib/python3.11/site-packages/airflow/example_dags/example_branch_operator.py
[2024-09-27T14:34:11.642+0200] {processor.py:925} INFO - DAG(s) 'example_branch_operator' retrieved from /home/julian/.cache/pypoetry/virtualenvs/real-time-data-lake-QWGm5iRW-py3.11/lib/python3.11/site-packages/airflow/example_dags/example_branch_operator.py
[2024-09-27T14:34:11.665+0200] {logging_mixin.py:190} INFO - [2024-09-27T14:34:11.665+0200] {dag.py:3239} INFO - Sync 1 DAGs
[2024-09-27T14:34:11.678+0200] {logging_mixin.py:190} INFO - [2024-09-27T14:34:11.678+0200] {dag.py:4180} INFO - Setting next_dagrun for example_branch_operator to 2024-09-26 00:00:00+00:00, run_after=2024-09-27 00:00:00+00:00
[2024-09-27T14:34:11.692+0200] {processor.py:208} INFO - Processing /home/julian/.cache/pypoetry/virtualenvs/real-time-data-lake-QWGm5iRW-py3.11/lib/python3.11/site-packages/airflow/example_dags/example_branch_operator.py took 0.090 seconds
[2024-09-27T14:35:02.407+0200] {processor.py:186} INFO - Started process (PID=282121) to work on /home/julian/.cache/pypoetry/virtualenvs/real-time-data-lake-QWGm5iRW-py3.11/lib/python3.11/site-packages/airflow/example_dags/example_branch_operator.py
[2024-09-27T14:35:02.408+0200] {processor.py:914} INFO - Processing file /home/julian/.cache/pypoetry/virtualenvs/real-time-data-lake-QWGm5iRW-py3.11/lib/python3.11/site-packages/airflow/example_dags/example_branch_operator.py for tasks to queue
[2024-09-27T14:35:02.411+0200] {logging_mixin.py:190} INFO - [2024-09-27T14:35:02.410+0200] {dagbag.py:588} INFO - Filling up the DagBag from /home/julian/.cache/pypoetry/virtualenvs/real-time-data-lake-QWGm5iRW-py3.11/lib/python3.11/site-packages/airflow/example_dags/example_branch_operator.py
[2024-09-27T14:35:02.436+0200] {processor.py:925} INFO - DAG(s) 'example_branch_operator' retrieved from /home/julian/.cache/pypoetry/virtualenvs/real-time-data-lake-QWGm5iRW-py3.11/lib/python3.11/site-packages/airflow/example_dags/example_branch_operator.py
[2024-09-27T14:35:02.456+0200] {logging_mixin.py:190} INFO - [2024-09-27T14:35:02.456+0200] {dag.py:3239} INFO - Sync 1 DAGs
[2024-09-27T14:35:02.468+0200] {logging_mixin.py:190} INFO - [2024-09-27T14:35:02.468+0200] {dag.py:4180} INFO - Setting next_dagrun for example_branch_operator to 2024-09-26 00:00:00+00:00, run_after=2024-09-27 00:00:00+00:00
[2024-09-27T14:35:02.481+0200] {processor.py:208} INFO - Processing /home/julian/.cache/pypoetry/virtualenvs/real-time-data-lake-QWGm5iRW-py3.11/lib/python3.11/site-packages/airflow/example_dags/example_branch_operator.py took 0.081 seconds
[2024-09-27T14:36:11.290+0200] {processor.py:186} INFO - Started process (PID=282231) to work on /home/julian/.cache/pypoetry/virtualenvs/real-time-data-lake-QWGm5iRW-py3.11/lib/python3.11/site-packages/airflow/example_dags/example_branch_operator.py
[2024-09-27T14:36:11.296+0200] {processor.py:914} INFO - Processing file /home/julian/.cache/pypoetry/virtualenvs/real-time-data-lake-QWGm5iRW-py3.11/lib/python3.11/site-packages/airflow/example_dags/example_branch_operator.py for tasks to queue
[2024-09-27T14:36:11.298+0200] {logging_mixin.py:190} INFO - [2024-09-27T14:36:11.298+0200] {dagbag.py:588} INFO - Filling up the DagBag from /home/julian/.cache/pypoetry/virtualenvs/real-time-data-lake-QWGm5iRW-py3.11/lib/python3.11/site-packages/airflow/example_dags/example_branch_operator.py
[2024-09-27T14:36:11.324+0200] {processor.py:925} INFO - DAG(s) 'example_branch_operator' retrieved from /home/julian/.cache/pypoetry/virtualenvs/real-time-data-lake-QWGm5iRW-py3.11/lib/python3.11/site-packages/airflow/example_dags/example_branch_operator.py
[2024-09-27T14:36:11.346+0200] {logging_mixin.py:190} INFO - [2024-09-27T14:36:11.346+0200] {dag.py:3239} INFO - Sync 1 DAGs
[2024-09-27T14:36:11.359+0200] {logging_mixin.py:190} INFO - [2024-09-27T14:36:11.359+0200] {dag.py:4180} INFO - Setting next_dagrun for example_branch_operator to 2024-09-26 00:00:00+00:00, run_after=2024-09-27 00:00:00+00:00
[2024-09-27T14:36:11.372+0200] {processor.py:208} INFO - Processing /home/julian/.cache/pypoetry/virtualenvs/real-time-data-lake-QWGm5iRW-py3.11/lib/python3.11/site-packages/airflow/example_dags/example_branch_operator.py took 0.090 seconds
[2024-09-27T14:37:00.538+0200] {processor.py:186} INFO - Started process (PID=282307) to work on /home/julian/.cache/pypoetry/virtualenvs/real-time-data-lake-QWGm5iRW-py3.11/lib/python3.11/site-packages/airflow/example_dags/example_branch_operator.py
[2024-09-27T14:37:00.544+0200] {processor.py:914} INFO - Processing file /home/julian/.cache/pypoetry/virtualenvs/real-time-data-lake-QWGm5iRW-py3.11/lib/python3.11/site-packages/airflow/example_dags/example_branch_operator.py for tasks to queue
[2024-09-27T14:37:00.546+0200] {logging_mixin.py:190} INFO - [2024-09-27T14:37:00.546+0200] {dagbag.py:588} INFO - Filling up the DagBag from /home/julian/.cache/pypoetry/virtualenvs/real-time-data-lake-QWGm5iRW-py3.11/lib/python3.11/site-packages/airflow/example_dags/example_branch_operator.py
[2024-09-27T14:37:00.572+0200] {processor.py:925} INFO - DAG(s) 'example_branch_operator' retrieved from /home/julian/.cache/pypoetry/virtualenvs/real-time-data-lake-QWGm5iRW-py3.11/lib/python3.11/site-packages/airflow/example_dags/example_branch_operator.py
[2024-09-27T14:37:00.597+0200] {logging_mixin.py:190} INFO - [2024-09-27T14:37:00.597+0200] {dag.py:3239} INFO - Sync 1 DAGs
[2024-09-27T14:37:00.609+0200] {logging_mixin.py:190} INFO - [2024-09-27T14:37:00.609+0200] {dag.py:4180} INFO - Setting next_dagrun for example_branch_operator to 2024-09-26 00:00:00+00:00, run_after=2024-09-27 00:00:00+00:00
[2024-09-27T14:37:00.623+0200] {processor.py:208} INFO - Processing /home/julian/.cache/pypoetry/virtualenvs/real-time-data-lake-QWGm5iRW-py3.11/lib/python3.11/site-packages/airflow/example_dags/example_branch_operator.py took 0.092 seconds
[2024-09-27T14:37:53.126+0200] {processor.py:186} INFO - Started process (PID=282533) to work on /home/julian/.cache/pypoetry/virtualenvs/real-time-data-lake-QWGm5iRW-py3.11/lib/python3.11/site-packages/airflow/example_dags/example_branch_operator.py
[2024-09-27T14:37:53.132+0200] {processor.py:914} INFO - Processing file /home/julian/.cache/pypoetry/virtualenvs/real-time-data-lake-QWGm5iRW-py3.11/lib/python3.11/site-packages/airflow/example_dags/example_branch_operator.py for tasks to queue
[2024-09-27T14:37:53.134+0200] {logging_mixin.py:190} INFO - [2024-09-27T14:37:53.134+0200] {dagbag.py:588} INFO - Filling up the DagBag from /home/julian/.cache/pypoetry/virtualenvs/real-time-data-lake-QWGm5iRW-py3.11/lib/python3.11/site-packages/airflow/example_dags/example_branch_operator.py
[2024-09-27T14:37:53.145+0200] {processor.py:925} INFO - DAG(s) 'example_branch_operator' retrieved from /home/julian/.cache/pypoetry/virtualenvs/real-time-data-lake-QWGm5iRW-py3.11/lib/python3.11/site-packages/airflow/example_dags/example_branch_operator.py
[2024-09-27T14:37:53.160+0200] {logging_mixin.py:190} INFO - [2024-09-27T14:37:53.160+0200] {dag.py:3239} INFO - Sync 1 DAGs
[2024-09-27T14:37:53.173+0200] {logging_mixin.py:190} INFO - [2024-09-27T14:37:53.173+0200] {dag.py:4180} INFO - Setting next_dagrun for example_branch_operator to 2024-09-26 00:00:00+00:00, run_after=2024-09-27 00:00:00+00:00
[2024-09-27T14:37:53.189+0200] {processor.py:208} INFO - Processing /home/julian/.cache/pypoetry/virtualenvs/real-time-data-lake-QWGm5iRW-py3.11/lib/python3.11/site-packages/airflow/example_dags/example_branch_operator.py took 0.066 seconds
[2024-09-27T14:38:44.255+0200] {processor.py:186} INFO - Started process (PID=282782) to work on /home/julian/.cache/pypoetry/virtualenvs/real-time-data-lake-QWGm5iRW-py3.11/lib/python3.11/site-packages/airflow/example_dags/example_branch_operator.py
[2024-09-27T14:38:44.261+0200] {processor.py:914} INFO - Processing file /home/julian/.cache/pypoetry/virtualenvs/real-time-data-lake-QWGm5iRW-py3.11/lib/python3.11/site-packages/airflow/example_dags/example_branch_operator.py for tasks to queue
[2024-09-27T14:38:44.263+0200] {logging_mixin.py:190} INFO - [2024-09-27T14:38:44.263+0200] {dagbag.py:588} INFO - Filling up the DagBag from /home/julian/.cache/pypoetry/virtualenvs/real-time-data-lake-QWGm5iRW-py3.11/lib/python3.11/site-packages/airflow/example_dags/example_branch_operator.py
[2024-09-27T14:38:44.288+0200] {processor.py:925} INFO - DAG(s) 'example_branch_operator' retrieved from /home/julian/.cache/pypoetry/virtualenvs/real-time-data-lake-QWGm5iRW-py3.11/lib/python3.11/site-packages/airflow/example_dags/example_branch_operator.py
[2024-09-27T14:38:44.309+0200] {logging_mixin.py:190} INFO - [2024-09-27T14:38:44.308+0200] {dag.py:3239} INFO - Sync 1 DAGs
[2024-09-27T14:38:44.321+0200] {logging_mixin.py:190} INFO - [2024-09-27T14:38:44.321+0200] {dag.py:4180} INFO - Setting next_dagrun for example_branch_operator to 2024-09-26 00:00:00+00:00, run_after=2024-09-27 00:00:00+00:00
[2024-09-27T14:38:44.334+0200] {processor.py:208} INFO - Processing /home/julian/.cache/pypoetry/virtualenvs/real-time-data-lake-QWGm5iRW-py3.11/lib/python3.11/site-packages/airflow/example_dags/example_branch_operator.py took 0.087 seconds
