[2024-09-27T14:20:07.277+0200] {processor.py:186} INFO - Started process (PID=279993) to work on /home/julian/.cache/pypoetry/virtualenvs/real-time-data-lake-QWGm5iRW-py3.11/lib/python3.11/site-packages/airflow/example_dags/example_trigger_target_dag.py
[2024-09-27T14:20:07.278+0200] {processor.py:914} INFO - Processing file /home/julian/.cache/pypoetry/virtualenvs/real-time-data-lake-QWGm5iRW-py3.11/lib/python3.11/site-packages/airflow/example_dags/example_trigger_target_dag.py for tasks to queue
[2024-09-27T14:20:07.281+0200] {logging_mixin.py:190} INFO - [2024-09-27T14:20:07.280+0200] {dagbag.py:588} INFO - Filling up the DagBag from /home/julian/.cache/pypoetry/virtualenvs/real-time-data-lake-QWGm5iRW-py3.11/lib/python3.11/site-packages/airflow/example_dags/example_trigger_target_dag.py
[2024-09-27T14:20:07.290+0200] {processor.py:925} INFO - DAG(s) 'example_trigger_target_dag' retrieved from /home/julian/.cache/pypoetry/virtualenvs/real-time-data-lake-QWGm5iRW-py3.11/lib/python3.11/site-packages/airflow/example_dags/example_trigger_target_dag.py
[2024-09-27T14:20:07.376+0200] {logging_mixin.py:190} INFO - [2024-09-27T14:20:07.375+0200] {override.py:1901} INFO - Created Permission View: can delete on DAG:example_trigger_target_dag
[2024-09-27T14:20:07.383+0200] {logging_mixin.py:190} INFO - [2024-09-27T14:20:07.383+0200] {override.py:1901} INFO - Created Permission View: can read on DAG:example_trigger_target_dag
[2024-09-27T14:20:07.389+0200] {logging_mixin.py:190} INFO - [2024-09-27T14:20:07.389+0200] {override.py:1901} INFO - Created Permission View: can edit on DAG:example_trigger_target_dag
[2024-09-27T14:20:07.399+0200] {logging_mixin.py:190} INFO - [2024-09-27T14:20:07.399+0200] {override.py:1901} INFO - Created Permission View: can create on DAG Run:example_trigger_target_dag
[2024-09-27T14:20:07.406+0200] {logging_mixin.py:190} INFO - [2024-09-27T14:20:07.406+0200] {override.py:1901} INFO - Created Permission View: can delete on DAG Run:example_trigger_target_dag
[2024-09-27T14:20:07.414+0200] {logging_mixin.py:190} INFO - [2024-09-27T14:20:07.414+0200] {override.py:1901} INFO - Created Permission View: can read on DAG Run:example_trigger_target_dag
[2024-09-27T14:20:07.420+0200] {logging_mixin.py:190} INFO - [2024-09-27T14:20:07.420+0200] {override.py:1901} INFO - Created Permission View: menu access on DAG Run:example_trigger_target_dag
[2024-09-27T14:20:07.420+0200] {logging_mixin.py:190} INFO - [2024-09-27T14:20:07.420+0200] {dag.py:3239} INFO - Sync 1 DAGs
[2024-09-27T14:20:07.427+0200] {logging_mixin.py:190} INFO - [2024-09-27T14:20:07.427+0200] {dag.py:3262} INFO - Creating ORM DAG for example_trigger_target_dag
[2024-09-27T14:20:07.427+0200] {logging_mixin.py:190} INFO - [2024-09-27T14:20:07.427+0200] {dag.py:4180} INFO - Setting next_dagrun for example_trigger_target_dag to None, run_after=None
[2024-09-27T14:20:07.441+0200] {processor.py:208} INFO - Processing /home/julian/.cache/pypoetry/virtualenvs/real-time-data-lake-QWGm5iRW-py3.11/lib/python3.11/site-packages/airflow/example_dags/example_trigger_target_dag.py took 0.170 seconds
[2024-09-27T14:21:08.504+0200] {processor.py:186} INFO - Started process (PID=280105) to work on /home/julian/.cache/pypoetry/virtualenvs/real-time-data-lake-QWGm5iRW-py3.11/lib/python3.11/site-packages/airflow/example_dags/example_trigger_target_dag.py
[2024-09-27T14:21:08.510+0200] {processor.py:914} INFO - Processing file /home/julian/.cache/pypoetry/virtualenvs/real-time-data-lake-QWGm5iRW-py3.11/lib/python3.11/site-packages/airflow/example_dags/example_trigger_target_dag.py for tasks to queue
[2024-09-27T14:21:08.513+0200] {logging_mixin.py:190} INFO - [2024-09-27T14:21:08.512+0200] {dagbag.py:588} INFO - Filling up the DagBag from /home/julian/.cache/pypoetry/virtualenvs/real-time-data-lake-QWGm5iRW-py3.11/lib/python3.11/site-packages/airflow/example_dags/example_trigger_target_dag.py
[2024-09-27T14:21:08.522+0200] {processor.py:925} INFO - DAG(s) 'example_trigger_target_dag' retrieved from /home/julian/.cache/pypoetry/virtualenvs/real-time-data-lake-QWGm5iRW-py3.11/lib/python3.11/site-packages/airflow/example_dags/example_trigger_target_dag.py
[2024-09-27T14:21:08.543+0200] {logging_mixin.py:190} INFO - [2024-09-27T14:21:08.542+0200] {dag.py:3239} INFO - Sync 1 DAGs
[2024-09-27T14:21:08.557+0200] {logging_mixin.py:190} INFO - [2024-09-27T14:21:08.557+0200] {dag.py:4180} INFO - Setting next_dagrun for example_trigger_target_dag to None, run_after=None
[2024-09-27T14:21:08.571+0200] {processor.py:208} INFO - Processing /home/julian/.cache/pypoetry/virtualenvs/real-time-data-lake-QWGm5iRW-py3.11/lib/python3.11/site-packages/airflow/example_dags/example_trigger_target_dag.py took 0.074 seconds
[2024-09-27T14:21:51.513+0200] {processor.py:186} INFO - Started process (PID=280206) to work on /home/julian/.cache/pypoetry/virtualenvs/real-time-data-lake-QWGm5iRW-py3.11/lib/python3.11/site-packages/airflow/example_dags/example_trigger_target_dag.py
[2024-09-27T14:21:51.519+0200] {processor.py:914} INFO - Processing file /home/julian/.cache/pypoetry/virtualenvs/real-time-data-lake-QWGm5iRW-py3.11/lib/python3.11/site-packages/airflow/example_dags/example_trigger_target_dag.py for tasks to queue
[2024-09-27T14:21:51.521+0200] {logging_mixin.py:190} INFO - [2024-09-27T14:21:51.521+0200] {dagbag.py:588} INFO - Filling up the DagBag from /home/julian/.cache/pypoetry/virtualenvs/real-time-data-lake-QWGm5iRW-py3.11/lib/python3.11/site-packages/airflow/example_dags/example_trigger_target_dag.py
[2024-09-27T14:21:51.531+0200] {processor.py:925} INFO - DAG(s) 'example_trigger_target_dag' retrieved from /home/julian/.cache/pypoetry/virtualenvs/real-time-data-lake-QWGm5iRW-py3.11/lib/python3.11/site-packages/airflow/example_dags/example_trigger_target_dag.py
[2024-09-27T14:21:51.547+0200] {logging_mixin.py:190} INFO - [2024-09-27T14:21:51.547+0200] {dag.py:3239} INFO - Sync 1 DAGs
[2024-09-27T14:21:51.554+0200] {logging_mixin.py:190} INFO - [2024-09-27T14:21:51.554+0200] {dag.py:4180} INFO - Setting next_dagrun for example_trigger_target_dag to None, run_after=None
[2024-09-27T14:21:51.569+0200] {processor.py:208} INFO - Processing /home/julian/.cache/pypoetry/virtualenvs/real-time-data-lake-QWGm5iRW-py3.11/lib/python3.11/site-packages/airflow/example_dags/example_trigger_target_dag.py took 0.064 seconds
[2024-09-27T14:22:44.893+0200] {processor.py:186} INFO - Started process (PID=280304) to work on /home/julian/.cache/pypoetry/virtualenvs/real-time-data-lake-QWGm5iRW-py3.11/lib/python3.11/site-packages/airflow/example_dags/example_trigger_target_dag.py
[2024-09-27T14:22:44.899+0200] {processor.py:914} INFO - Processing file /home/julian/.cache/pypoetry/virtualenvs/real-time-data-lake-QWGm5iRW-py3.11/lib/python3.11/site-packages/airflow/example_dags/example_trigger_target_dag.py for tasks to queue
[2024-09-27T14:22:44.901+0200] {logging_mixin.py:190} INFO - [2024-09-27T14:22:44.901+0200] {dagbag.py:588} INFO - Filling up the DagBag from /home/julian/.cache/pypoetry/virtualenvs/real-time-data-lake-QWGm5iRW-py3.11/lib/python3.11/site-packages/airflow/example_dags/example_trigger_target_dag.py
[2024-09-27T14:22:44.911+0200] {processor.py:925} INFO - DAG(s) 'example_trigger_target_dag' retrieved from /home/julian/.cache/pypoetry/virtualenvs/real-time-data-lake-QWGm5iRW-py3.11/lib/python3.11/site-packages/airflow/example_dags/example_trigger_target_dag.py
[2024-09-27T14:22:44.931+0200] {logging_mixin.py:190} INFO - [2024-09-27T14:22:44.931+0200] {dag.py:3239} INFO - Sync 1 DAGs
[2024-09-27T14:22:44.945+0200] {logging_mixin.py:190} INFO - [2024-09-27T14:22:44.945+0200] {dag.py:4180} INFO - Setting next_dagrun for example_trigger_target_dag to None, run_after=None
[2024-09-27T14:22:44.959+0200] {processor.py:208} INFO - Processing /home/julian/.cache/pypoetry/virtualenvs/real-time-data-lake-QWGm5iRW-py3.11/lib/python3.11/site-packages/airflow/example_dags/example_trigger_target_dag.py took 0.073 seconds
[2024-09-27T14:23:37.532+0200] {processor.py:186} INFO - Started process (PID=280446) to work on /home/julian/.cache/pypoetry/virtualenvs/real-time-data-lake-QWGm5iRW-py3.11/lib/python3.11/site-packages/airflow/example_dags/example_trigger_target_dag.py
[2024-09-27T14:23:37.538+0200] {processor.py:914} INFO - Processing file /home/julian/.cache/pypoetry/virtualenvs/real-time-data-lake-QWGm5iRW-py3.11/lib/python3.11/site-packages/airflow/example_dags/example_trigger_target_dag.py for tasks to queue
[2024-09-27T14:23:37.541+0200] {logging_mixin.py:190} INFO - [2024-09-27T14:23:37.540+0200] {dagbag.py:588} INFO - Filling up the DagBag from /home/julian/.cache/pypoetry/virtualenvs/real-time-data-lake-QWGm5iRW-py3.11/lib/python3.11/site-packages/airflow/example_dags/example_trigger_target_dag.py
[2024-09-27T14:23:37.550+0200] {processor.py:925} INFO - DAG(s) 'example_trigger_target_dag' retrieved from /home/julian/.cache/pypoetry/virtualenvs/real-time-data-lake-QWGm5iRW-py3.11/lib/python3.11/site-packages/airflow/example_dags/example_trigger_target_dag.py
[2024-09-27T14:23:37.569+0200] {logging_mixin.py:190} INFO - [2024-09-27T14:23:37.569+0200] {dag.py:3239} INFO - Sync 1 DAGs
[2024-09-27T14:23:37.585+0200] {logging_mixin.py:190} INFO - [2024-09-27T14:23:37.585+0200] {dag.py:4180} INFO - Setting next_dagrun for example_trigger_target_dag to None, run_after=None
[2024-09-27T14:23:37.598+0200] {processor.py:208} INFO - Processing /home/julian/.cache/pypoetry/virtualenvs/real-time-data-lake-QWGm5iRW-py3.11/lib/python3.11/site-packages/airflow/example_dags/example_trigger_target_dag.py took 0.073 seconds
[2024-09-27T14:24:27.782+0200] {processor.py:186} INFO - Started process (PID=280593) to work on /home/julian/.cache/pypoetry/virtualenvs/real-time-data-lake-QWGm5iRW-py3.11/lib/python3.11/site-packages/airflow/example_dags/example_trigger_target_dag.py
[2024-09-27T14:24:27.788+0200] {processor.py:914} INFO - Processing file /home/julian/.cache/pypoetry/virtualenvs/real-time-data-lake-QWGm5iRW-py3.11/lib/python3.11/site-packages/airflow/example_dags/example_trigger_target_dag.py for tasks to queue
[2024-09-27T14:24:27.791+0200] {logging_mixin.py:190} INFO - [2024-09-27T14:24:27.791+0200] {dagbag.py:588} INFO - Filling up the DagBag from /home/julian/.cache/pypoetry/virtualenvs/real-time-data-lake-QWGm5iRW-py3.11/lib/python3.11/site-packages/airflow/example_dags/example_trigger_target_dag.py
[2024-09-27T14:24:27.800+0200] {processor.py:925} INFO - DAG(s) 'example_trigger_target_dag' retrieved from /home/julian/.cache/pypoetry/virtualenvs/real-time-data-lake-QWGm5iRW-py3.11/lib/python3.11/site-packages/airflow/example_dags/example_trigger_target_dag.py
[2024-09-27T14:24:27.809+0200] {logging_mixin.py:190} INFO - [2024-09-27T14:24:27.809+0200] {dag.py:3239} INFO - Sync 1 DAGs
[2024-09-27T14:24:27.817+0200] {logging_mixin.py:190} INFO - [2024-09-27T14:24:27.816+0200] {dag.py:4180} INFO - Setting next_dagrun for example_trigger_target_dag to None, run_after=None
[2024-09-27T14:24:27.830+0200] {processor.py:208} INFO - Processing /home/julian/.cache/pypoetry/virtualenvs/real-time-data-lake-QWGm5iRW-py3.11/lib/python3.11/site-packages/airflow/example_dags/example_trigger_target_dag.py took 0.055 seconds
[2024-09-27T14:25:19.314+0200] {processor.py:186} INFO - Started process (PID=280763) to work on /home/julian/.cache/pypoetry/virtualenvs/real-time-data-lake-QWGm5iRW-py3.11/lib/python3.11/site-packages/airflow/example_dags/example_trigger_target_dag.py
[2024-09-27T14:25:19.320+0200] {processor.py:914} INFO - Processing file /home/julian/.cache/pypoetry/virtualenvs/real-time-data-lake-QWGm5iRW-py3.11/lib/python3.11/site-packages/airflow/example_dags/example_trigger_target_dag.py for tasks to queue
[2024-09-27T14:25:19.323+0200] {logging_mixin.py:190} INFO - [2024-09-27T14:25:19.323+0200] {dagbag.py:588} INFO - Filling up the DagBag from /home/julian/.cache/pypoetry/virtualenvs/real-time-data-lake-QWGm5iRW-py3.11/lib/python3.11/site-packages/airflow/example_dags/example_trigger_target_dag.py
[2024-09-27T14:25:19.333+0200] {processor.py:925} INFO - DAG(s) 'example_trigger_target_dag' retrieved from /home/julian/.cache/pypoetry/virtualenvs/real-time-data-lake-QWGm5iRW-py3.11/lib/python3.11/site-packages/airflow/example_dags/example_trigger_target_dag.py
[2024-09-27T14:25:19.352+0200] {logging_mixin.py:190} INFO - [2024-09-27T14:25:19.352+0200] {dag.py:3239} INFO - Sync 1 DAGs
[2024-09-27T14:25:19.365+0200] {logging_mixin.py:190} INFO - [2024-09-27T14:25:19.365+0200] {dag.py:4180} INFO - Setting next_dagrun for example_trigger_target_dag to None, run_after=None
[2024-09-27T14:25:19.379+0200] {processor.py:208} INFO - Processing /home/julian/.cache/pypoetry/virtualenvs/real-time-data-lake-QWGm5iRW-py3.11/lib/python3.11/site-packages/airflow/example_dags/example_trigger_target_dag.py took 0.072 seconds
[2024-09-27T14:30:18.532+0200] {processor.py:186} INFO - Started process (PID=281399) to work on /home/julian/.cache/pypoetry/virtualenvs/real-time-data-lake-QWGm5iRW-py3.11/lib/python3.11/site-packages/airflow/example_dags/example_trigger_target_dag.py
[2024-09-27T14:30:18.538+0200] {processor.py:914} INFO - Processing file /home/julian/.cache/pypoetry/virtualenvs/real-time-data-lake-QWGm5iRW-py3.11/lib/python3.11/site-packages/airflow/example_dags/example_trigger_target_dag.py for tasks to queue
[2024-09-27T14:30:18.541+0200] {logging_mixin.py:190} INFO - [2024-09-27T14:30:18.541+0200] {dagbag.py:588} INFO - Filling up the DagBag from /home/julian/.cache/pypoetry/virtualenvs/real-time-data-lake-QWGm5iRW-py3.11/lib/python3.11/site-packages/airflow/example_dags/example_trigger_target_dag.py
[2024-09-27T14:30:18.550+0200] {processor.py:925} INFO - DAG(s) 'example_trigger_target_dag' retrieved from /home/julian/.cache/pypoetry/virtualenvs/real-time-data-lake-QWGm5iRW-py3.11/lib/python3.11/site-packages/airflow/example_dags/example_trigger_target_dag.py
[2024-09-27T14:30:18.574+0200] {logging_mixin.py:190} INFO - [2024-09-27T14:30:18.574+0200] {dag.py:3239} INFO - Sync 1 DAGs
[2024-09-27T14:30:18.587+0200] {logging_mixin.py:190} INFO - [2024-09-27T14:30:18.587+0200] {dag.py:4180} INFO - Setting next_dagrun for example_trigger_target_dag to None, run_after=None
[2024-09-27T14:30:18.602+0200] {processor.py:208} INFO - Processing /home/julian/.cache/pypoetry/virtualenvs/real-time-data-lake-QWGm5iRW-py3.11/lib/python3.11/site-packages/airflow/example_dags/example_trigger_target_dag.py took 0.077 seconds
[2024-09-27T14:31:11.726+0200] {processor.py:186} INFO - Started process (PID=281517) to work on /home/julian/.cache/pypoetry/virtualenvs/real-time-data-lake-QWGm5iRW-py3.11/lib/python3.11/site-packages/airflow/example_dags/example_trigger_target_dag.py
[2024-09-27T14:31:11.732+0200] {processor.py:914} INFO - Processing file /home/julian/.cache/pypoetry/virtualenvs/real-time-data-lake-QWGm5iRW-py3.11/lib/python3.11/site-packages/airflow/example_dags/example_trigger_target_dag.py for tasks to queue
[2024-09-27T14:31:11.735+0200] {logging_mixin.py:190} INFO - [2024-09-27T14:31:11.734+0200] {dagbag.py:588} INFO - Filling up the DagBag from /home/julian/.cache/pypoetry/virtualenvs/real-time-data-lake-QWGm5iRW-py3.11/lib/python3.11/site-packages/airflow/example_dags/example_trigger_target_dag.py
[2024-09-27T14:31:11.744+0200] {processor.py:925} INFO - DAG(s) 'example_trigger_target_dag' retrieved from /home/julian/.cache/pypoetry/virtualenvs/real-time-data-lake-QWGm5iRW-py3.11/lib/python3.11/site-packages/airflow/example_dags/example_trigger_target_dag.py
[2024-09-27T14:31:11.764+0200] {logging_mixin.py:190} INFO - [2024-09-27T14:31:11.764+0200] {dag.py:3239} INFO - Sync 1 DAGs
[2024-09-27T14:31:11.778+0200] {logging_mixin.py:190} INFO - [2024-09-27T14:31:11.778+0200] {dag.py:4180} INFO - Setting next_dagrun for example_trigger_target_dag to None, run_after=None
[2024-09-27T14:31:11.791+0200] {processor.py:208} INFO - Processing /home/julian/.cache/pypoetry/virtualenvs/real-time-data-lake-QWGm5iRW-py3.11/lib/python3.11/site-packages/airflow/example_dags/example_trigger_target_dag.py took 0.072 seconds
[2024-09-27T14:32:01.965+0200] {processor.py:186} INFO - Started process (PID=281597) to work on /home/julian/.cache/pypoetry/virtualenvs/real-time-data-lake-QWGm5iRW-py3.11/lib/python3.11/site-packages/airflow/example_dags/example_trigger_target_dag.py
[2024-09-27T14:32:01.970+0200] {processor.py:914} INFO - Processing file /home/julian/.cache/pypoetry/virtualenvs/real-time-data-lake-QWGm5iRW-py3.11/lib/python3.11/site-packages/airflow/example_dags/example_trigger_target_dag.py for tasks to queue
[2024-09-27T14:32:01.973+0200] {logging_mixin.py:190} INFO - [2024-09-27T14:32:01.972+0200] {dagbag.py:588} INFO - Filling up the DagBag from /home/julian/.cache/pypoetry/virtualenvs/real-time-data-lake-QWGm5iRW-py3.11/lib/python3.11/site-packages/airflow/example_dags/example_trigger_target_dag.py
[2024-09-27T14:32:01.977+0200] {processor.py:925} INFO - DAG(s) 'example_trigger_target_dag' retrieved from /home/julian/.cache/pypoetry/virtualenvs/real-time-data-lake-QWGm5iRW-py3.11/lib/python3.11/site-packages/airflow/example_dags/example_trigger_target_dag.py
[2024-09-27T14:32:01.987+0200] {logging_mixin.py:190} INFO - [2024-09-27T14:32:01.987+0200] {dag.py:3239} INFO - Sync 1 DAGs
[2024-09-27T14:32:01.995+0200] {logging_mixin.py:190} INFO - [2024-09-27T14:32:01.994+0200] {dag.py:4180} INFO - Setting next_dagrun for example_trigger_target_dag to None, run_after=None
[2024-09-27T14:32:02.009+0200] {processor.py:208} INFO - Processing /home/julian/.cache/pypoetry/virtualenvs/real-time-data-lake-QWGm5iRW-py3.11/lib/python3.11/site-packages/airflow/example_dags/example_trigger_target_dag.py took 0.048 seconds
[2024-09-27T14:32:51.151+0200] {processor.py:186} INFO - Started process (PID=281748) to work on /home/julian/.cache/pypoetry/virtualenvs/real-time-data-lake-QWGm5iRW-py3.11/lib/python3.11/site-packages/airflow/example_dags/example_trigger_target_dag.py
[2024-09-27T14:32:51.157+0200] {processor.py:914} INFO - Processing file /home/julian/.cache/pypoetry/virtualenvs/real-time-data-lake-QWGm5iRW-py3.11/lib/python3.11/site-packages/airflow/example_dags/example_trigger_target_dag.py for tasks to queue
[2024-09-27T14:32:51.159+0200] {logging_mixin.py:190} INFO - [2024-09-27T14:32:51.159+0200] {dagbag.py:588} INFO - Filling up the DagBag from /home/julian/.cache/pypoetry/virtualenvs/real-time-data-lake-QWGm5iRW-py3.11/lib/python3.11/site-packages/airflow/example_dags/example_trigger_target_dag.py
[2024-09-27T14:32:51.168+0200] {processor.py:925} INFO - DAG(s) 'example_trigger_target_dag' retrieved from /home/julian/.cache/pypoetry/virtualenvs/real-time-data-lake-QWGm5iRW-py3.11/lib/python3.11/site-packages/airflow/example_dags/example_trigger_target_dag.py
[2024-09-27T14:32:51.187+0200] {logging_mixin.py:190} INFO - [2024-09-27T14:32:51.186+0200] {dag.py:3239} INFO - Sync 1 DAGs
[2024-09-27T14:32:51.202+0200] {logging_mixin.py:190} INFO - [2024-09-27T14:32:51.202+0200] {dag.py:4180} INFO - Setting next_dagrun for example_trigger_target_dag to None, run_after=None
[2024-09-27T14:32:51.218+0200] {processor.py:208} INFO - Processing /home/julian/.cache/pypoetry/virtualenvs/real-time-data-lake-QWGm5iRW-py3.11/lib/python3.11/site-packages/airflow/example_dags/example_trigger_target_dag.py took 0.070 seconds
[2024-09-27T14:33:39.947+0200] {processor.py:186} INFO - Started process (PID=281823) to work on /home/julian/.cache/pypoetry/virtualenvs/real-time-data-lake-QWGm5iRW-py3.11/lib/python3.11/site-packages/airflow/example_dags/example_trigger_target_dag.py
[2024-09-27T14:33:39.948+0200] {processor.py:914} INFO - Processing file /home/julian/.cache/pypoetry/virtualenvs/real-time-data-lake-QWGm5iRW-py3.11/lib/python3.11/site-packages/airflow/example_dags/example_trigger_target_dag.py for tasks to queue
[2024-09-27T14:33:39.949+0200] {logging_mixin.py:190} INFO - [2024-09-27T14:33:39.949+0200] {dagbag.py:588} INFO - Filling up the DagBag from /home/julian/.cache/pypoetry/virtualenvs/real-time-data-lake-QWGm5iRW-py3.11/lib/python3.11/site-packages/airflow/example_dags/example_trigger_target_dag.py
[2024-09-27T14:33:39.954+0200] {processor.py:925} INFO - DAG(s) 'example_trigger_target_dag' retrieved from /home/julian/.cache/pypoetry/virtualenvs/real-time-data-lake-QWGm5iRW-py3.11/lib/python3.11/site-packages/airflow/example_dags/example_trigger_target_dag.py
[2024-09-27T14:33:39.965+0200] {logging_mixin.py:190} INFO - [2024-09-27T14:33:39.965+0200] {dag.py:3239} INFO - Sync 1 DAGs
[2024-09-27T14:33:39.974+0200] {logging_mixin.py:190} INFO - [2024-09-27T14:33:39.974+0200] {dag.py:4180} INFO - Setting next_dagrun for example_trigger_target_dag to None, run_after=None
[2024-09-27T14:33:39.993+0200] {processor.py:208} INFO - Processing /home/julian/.cache/pypoetry/virtualenvs/real-time-data-lake-QWGm5iRW-py3.11/lib/python3.11/site-packages/airflow/example_dags/example_trigger_target_dag.py took 0.050 seconds
[2024-09-27T14:34:29.051+0200] {processor.py:186} INFO - Started process (PID=281936) to work on /home/julian/.cache/pypoetry/virtualenvs/real-time-data-lake-QWGm5iRW-py3.11/lib/python3.11/site-packages/airflow/example_dags/example_trigger_target_dag.py
[2024-09-27T14:34:29.057+0200] {processor.py:914} INFO - Processing file /home/julian/.cache/pypoetry/virtualenvs/real-time-data-lake-QWGm5iRW-py3.11/lib/python3.11/site-packages/airflow/example_dags/example_trigger_target_dag.py for tasks to queue
[2024-09-27T14:34:29.060+0200] {logging_mixin.py:190} INFO - [2024-09-27T14:34:29.059+0200] {dagbag.py:588} INFO - Filling up the DagBag from /home/julian/.cache/pypoetry/virtualenvs/real-time-data-lake-QWGm5iRW-py3.11/lib/python3.11/site-packages/airflow/example_dags/example_trigger_target_dag.py
[2024-09-27T14:34:29.069+0200] {processor.py:925} INFO - DAG(s) 'example_trigger_target_dag' retrieved from /home/julian/.cache/pypoetry/virtualenvs/real-time-data-lake-QWGm5iRW-py3.11/lib/python3.11/site-packages/airflow/example_dags/example_trigger_target_dag.py
[2024-09-27T14:34:29.088+0200] {logging_mixin.py:190} INFO - [2024-09-27T14:34:29.088+0200] {dag.py:3239} INFO - Sync 1 DAGs
[2024-09-27T14:34:29.104+0200] {logging_mixin.py:190} INFO - [2024-09-27T14:34:29.104+0200] {dag.py:4180} INFO - Setting next_dagrun for example_trigger_target_dag to None, run_after=None
[2024-09-27T14:34:29.117+0200] {processor.py:208} INFO - Processing /home/julian/.cache/pypoetry/virtualenvs/real-time-data-lake-QWGm5iRW-py3.11/lib/python3.11/site-packages/airflow/example_dags/example_trigger_target_dag.py took 0.074 seconds
[2024-09-27T14:35:17.014+0200] {processor.py:186} INFO - Started process (PID=282142) to work on /home/julian/.cache/pypoetry/virtualenvs/real-time-data-lake-QWGm5iRW-py3.11/lib/python3.11/site-packages/airflow/example_dags/example_trigger_target_dag.py
[2024-09-27T14:35:17.020+0200] {processor.py:914} INFO - Processing file /home/julian/.cache/pypoetry/virtualenvs/real-time-data-lake-QWGm5iRW-py3.11/lib/python3.11/site-packages/airflow/example_dags/example_trigger_target_dag.py for tasks to queue
[2024-09-27T14:35:17.023+0200] {logging_mixin.py:190} INFO - [2024-09-27T14:35:17.023+0200] {dagbag.py:588} INFO - Filling up the DagBag from /home/julian/.cache/pypoetry/virtualenvs/real-time-data-lake-QWGm5iRW-py3.11/lib/python3.11/site-packages/airflow/example_dags/example_trigger_target_dag.py
[2024-09-27T14:35:17.033+0200] {processor.py:925} INFO - DAG(s) 'example_trigger_target_dag' retrieved from /home/julian/.cache/pypoetry/virtualenvs/real-time-data-lake-QWGm5iRW-py3.11/lib/python3.11/site-packages/airflow/example_dags/example_trigger_target_dag.py
[2024-09-27T14:35:17.052+0200] {logging_mixin.py:190} INFO - [2024-09-27T14:35:17.052+0200] {dag.py:3239} INFO - Sync 1 DAGs
[2024-09-27T14:35:17.068+0200] {logging_mixin.py:190} INFO - [2024-09-27T14:35:17.068+0200] {dag.py:4180} INFO - Setting next_dagrun for example_trigger_target_dag to None, run_after=None
[2024-09-27T14:35:17.081+0200] {processor.py:208} INFO - Processing /home/julian/.cache/pypoetry/virtualenvs/real-time-data-lake-QWGm5iRW-py3.11/lib/python3.11/site-packages/airflow/example_dags/example_trigger_target_dag.py took 0.074 seconds
[2024-09-27T14:36:04.234+0200] {processor.py:186} INFO - Started process (PID=282222) to work on /home/julian/.cache/pypoetry/virtualenvs/real-time-data-lake-QWGm5iRW-py3.11/lib/python3.11/site-packages/airflow/example_dags/example_trigger_target_dag.py
[2024-09-27T14:36:04.240+0200] {processor.py:914} INFO - Processing file /home/julian/.cache/pypoetry/virtualenvs/real-time-data-lake-QWGm5iRW-py3.11/lib/python3.11/site-packages/airflow/example_dags/example_trigger_target_dag.py for tasks to queue
[2024-09-27T14:36:04.242+0200] {logging_mixin.py:190} INFO - [2024-09-27T14:36:04.242+0200] {dagbag.py:588} INFO - Filling up the DagBag from /home/julian/.cache/pypoetry/virtualenvs/real-time-data-lake-QWGm5iRW-py3.11/lib/python3.11/site-packages/airflow/example_dags/example_trigger_target_dag.py
[2024-09-27T14:36:04.252+0200] {processor.py:925} INFO - DAG(s) 'example_trigger_target_dag' retrieved from /home/julian/.cache/pypoetry/virtualenvs/real-time-data-lake-QWGm5iRW-py3.11/lib/python3.11/site-packages/airflow/example_dags/example_trigger_target_dag.py
[2024-09-27T14:36:04.272+0200] {logging_mixin.py:190} INFO - [2024-09-27T14:36:04.271+0200] {dag.py:3239} INFO - Sync 1 DAGs
[2024-09-27T14:36:04.285+0200] {logging_mixin.py:190} INFO - [2024-09-27T14:36:04.285+0200] {dag.py:4180} INFO - Setting next_dagrun for example_trigger_target_dag to None, run_after=None
[2024-09-27T14:36:04.299+0200] {processor.py:208} INFO - Processing /home/julian/.cache/pypoetry/virtualenvs/real-time-data-lake-QWGm5iRW-py3.11/lib/python3.11/site-packages/airflow/example_dags/example_trigger_target_dag.py took 0.072 seconds
[2024-09-27T14:36:51.278+0200] {processor.py:186} INFO - Started process (PID=282294) to work on /home/julian/.cache/pypoetry/virtualenvs/real-time-data-lake-QWGm5iRW-py3.11/lib/python3.11/site-packages/airflow/example_dags/example_trigger_target_dag.py
[2024-09-27T14:36:51.279+0200] {processor.py:914} INFO - Processing file /home/julian/.cache/pypoetry/virtualenvs/real-time-data-lake-QWGm5iRW-py3.11/lib/python3.11/site-packages/airflow/example_dags/example_trigger_target_dag.py for tasks to queue
[2024-09-27T14:36:51.282+0200] {logging_mixin.py:190} INFO - [2024-09-27T14:36:51.281+0200] {dagbag.py:588} INFO - Filling up the DagBag from /home/julian/.cache/pypoetry/virtualenvs/real-time-data-lake-QWGm5iRW-py3.11/lib/python3.11/site-packages/airflow/example_dags/example_trigger_target_dag.py
[2024-09-27T14:36:51.290+0200] {processor.py:925} INFO - DAG(s) 'example_trigger_target_dag' retrieved from /home/julian/.cache/pypoetry/virtualenvs/real-time-data-lake-QWGm5iRW-py3.11/lib/python3.11/site-packages/airflow/example_dags/example_trigger_target_dag.py
[2024-09-27T14:36:51.308+0200] {logging_mixin.py:190} INFO - [2024-09-27T14:36:51.308+0200] {dag.py:3239} INFO - Sync 1 DAGs
[2024-09-27T14:36:51.322+0200] {logging_mixin.py:190} INFO - [2024-09-27T14:36:51.322+0200] {dag.py:4180} INFO - Setting next_dagrun for example_trigger_target_dag to None, run_after=None
[2024-09-27T14:36:51.335+0200] {processor.py:208} INFO - Processing /home/julian/.cache/pypoetry/virtualenvs/real-time-data-lake-QWGm5iRW-py3.11/lib/python3.11/site-packages/airflow/example_dags/example_trigger_target_dag.py took 0.061 seconds
[2024-09-27T14:37:42.835+0200] {processor.py:186} INFO - Started process (PID=282506) to work on /home/julian/.cache/pypoetry/virtualenvs/real-time-data-lake-QWGm5iRW-py3.11/lib/python3.11/site-packages/airflow/example_dags/example_trigger_target_dag.py
[2024-09-27T14:37:42.841+0200] {processor.py:914} INFO - Processing file /home/julian/.cache/pypoetry/virtualenvs/real-time-data-lake-QWGm5iRW-py3.11/lib/python3.11/site-packages/airflow/example_dags/example_trigger_target_dag.py for tasks to queue
[2024-09-27T14:37:42.844+0200] {logging_mixin.py:190} INFO - [2024-09-27T14:37:42.843+0200] {dagbag.py:588} INFO - Filling up the DagBag from /home/julian/.cache/pypoetry/virtualenvs/real-time-data-lake-QWGm5iRW-py3.11/lib/python3.11/site-packages/airflow/example_dags/example_trigger_target_dag.py
[2024-09-27T14:37:42.853+0200] {processor.py:925} INFO - DAG(s) 'example_trigger_target_dag' retrieved from /home/julian/.cache/pypoetry/virtualenvs/real-time-data-lake-QWGm5iRW-py3.11/lib/python3.11/site-packages/airflow/example_dags/example_trigger_target_dag.py
[2024-09-27T14:37:42.872+0200] {logging_mixin.py:190} INFO - [2024-09-27T14:37:42.872+0200] {dag.py:3239} INFO - Sync 1 DAGs
[2024-09-27T14:37:42.891+0200] {logging_mixin.py:190} INFO - [2024-09-27T14:37:42.891+0200] {dag.py:4180} INFO - Setting next_dagrun for example_trigger_target_dag to None, run_after=None
[2024-09-27T14:37:42.906+0200] {processor.py:208} INFO - Processing /home/julian/.cache/pypoetry/virtualenvs/real-time-data-lake-QWGm5iRW-py3.11/lib/python3.11/site-packages/airflow/example_dags/example_trigger_target_dag.py took 0.078 seconds
[2024-09-27T14:38:34.252+0200] {processor.py:186} INFO - Started process (PID=282757) to work on /home/julian/.cache/pypoetry/virtualenvs/real-time-data-lake-QWGm5iRW-py3.11/lib/python3.11/site-packages/airflow/example_dags/example_trigger_target_dag.py
[2024-09-27T14:38:34.258+0200] {processor.py:914} INFO - Processing file /home/julian/.cache/pypoetry/virtualenvs/real-time-data-lake-QWGm5iRW-py3.11/lib/python3.11/site-packages/airflow/example_dags/example_trigger_target_dag.py for tasks to queue
[2024-09-27T14:38:34.260+0200] {logging_mixin.py:190} INFO - [2024-09-27T14:38:34.260+0200] {dagbag.py:588} INFO - Filling up the DagBag from /home/julian/.cache/pypoetry/virtualenvs/real-time-data-lake-QWGm5iRW-py3.11/lib/python3.11/site-packages/airflow/example_dags/example_trigger_target_dag.py
[2024-09-27T14:38:34.270+0200] {processor.py:925} INFO - DAG(s) 'example_trigger_target_dag' retrieved from /home/julian/.cache/pypoetry/virtualenvs/real-time-data-lake-QWGm5iRW-py3.11/lib/python3.11/site-packages/airflow/example_dags/example_trigger_target_dag.py
[2024-09-27T14:38:34.290+0200] {logging_mixin.py:190} INFO - [2024-09-27T14:38:34.290+0200] {dag.py:3239} INFO - Sync 1 DAGs
[2024-09-27T14:38:34.305+0200] {logging_mixin.py:190} INFO - [2024-09-27T14:38:34.304+0200] {dag.py:4180} INFO - Setting next_dagrun for example_trigger_target_dag to None, run_after=None
[2024-09-27T14:38:34.318+0200] {processor.py:208} INFO - Processing /home/julian/.cache/pypoetry/virtualenvs/real-time-data-lake-QWGm5iRW-py3.11/lib/python3.11/site-packages/airflow/example_dags/example_trigger_target_dag.py took 0.074 seconds
