[2024-09-27T14:20:54.056+0200] {processor.py:186} INFO - Started process (PID=280089) to work on /home/julian/.cache/pypoetry/virtualenvs/real-time-data-lake-QWGm5iRW-py3.11/lib/python3.11/site-packages/airflow/example_dags/example_params_trigger_ui.py
[2024-09-27T14:20:54.057+0200] {processor.py:914} INFO - Processing file /home/julian/.cache/pypoetry/virtualenvs/real-time-data-lake-QWGm5iRW-py3.11/lib/python3.11/site-packages/airflow/example_dags/example_params_trigger_ui.py for tasks to queue
[2024-09-27T14:20:54.059+0200] {logging_mixin.py:190} INFO - [2024-09-27T14:20:54.059+0200] {dagbag.py:588} INFO - Filling up the DagBag from /home/julian/.cache/pypoetry/virtualenvs/real-time-data-lake-QWGm5iRW-py3.11/lib/python3.11/site-packages/airflow/example_dags/example_params_trigger_ui.py
[2024-09-27T14:20:54.076+0200] {processor.py:925} INFO - DAG(s) 'example_params_trigger_ui' retrieved from /home/julian/.cache/pypoetry/virtualenvs/real-time-data-lake-QWGm5iRW-py3.11/lib/python3.11/site-packages/airflow/example_dags/example_params_trigger_ui.py
[2024-09-27T14:20:54.164+0200] {logging_mixin.py:190} INFO - [2024-09-27T14:20:54.164+0200] {override.py:1901} INFO - Created Permission View: can delete on DAG:example_params_trigger_ui
[2024-09-27T14:20:54.173+0200] {logging_mixin.py:190} INFO - [2024-09-27T14:20:54.172+0200] {override.py:1901} INFO - Created Permission View: can read on DAG:example_params_trigger_ui
[2024-09-27T14:20:54.179+0200] {logging_mixin.py:190} INFO - [2024-09-27T14:20:54.178+0200] {override.py:1901} INFO - Created Permission View: can edit on DAG:example_params_trigger_ui
[2024-09-27T14:20:54.188+0200] {logging_mixin.py:190} INFO - [2024-09-27T14:20:54.188+0200] {override.py:1901} INFO - Created Permission View: can create on DAG Run:example_params_trigger_ui
[2024-09-27T14:20:54.194+0200] {logging_mixin.py:190} INFO - [2024-09-27T14:20:54.194+0200] {override.py:1901} INFO - Created Permission View: can delete on DAG Run:example_params_trigger_ui
[2024-09-27T14:20:54.200+0200] {logging_mixin.py:190} INFO - [2024-09-27T14:20:54.200+0200] {override.py:1901} INFO - Created Permission View: can read on DAG Run:example_params_trigger_ui
[2024-09-27T14:20:54.206+0200] {logging_mixin.py:190} INFO - [2024-09-27T14:20:54.205+0200] {override.py:1901} INFO - Created Permission View: menu access on DAG Run:example_params_trigger_ui
[2024-09-27T14:20:54.206+0200] {logging_mixin.py:190} INFO - [2024-09-27T14:20:54.206+0200] {dag.py:3239} INFO - Sync 1 DAGs
[2024-09-27T14:20:54.213+0200] {logging_mixin.py:190} INFO - [2024-09-27T14:20:54.213+0200] {dag.py:3262} INFO - Creating ORM DAG for example_params_trigger_ui
[2024-09-27T14:20:54.214+0200] {logging_mixin.py:190} INFO - [2024-09-27T14:20:54.213+0200] {dag.py:4180} INFO - Setting next_dagrun for example_params_trigger_ui to None, run_after=None
[2024-09-27T14:20:54.226+0200] {processor.py:208} INFO - Processing /home/julian/.cache/pypoetry/virtualenvs/real-time-data-lake-QWGm5iRW-py3.11/lib/python3.11/site-packages/airflow/example_dags/example_params_trigger_ui.py took 0.177 seconds
[2024-09-27T14:22:31.730+0200] {processor.py:186} INFO - Started process (PID=280269) to work on /home/julian/.cache/pypoetry/virtualenvs/real-time-data-lake-QWGm5iRW-py3.11/lib/python3.11/site-packages/airflow/example_dags/example_params_trigger_ui.py
[2024-09-27T14:22:31.736+0200] {processor.py:914} INFO - Processing file /home/julian/.cache/pypoetry/virtualenvs/real-time-data-lake-QWGm5iRW-py3.11/lib/python3.11/site-packages/airflow/example_dags/example_params_trigger_ui.py for tasks to queue
[2024-09-27T14:22:31.739+0200] {logging_mixin.py:190} INFO - [2024-09-27T14:22:31.738+0200] {dagbag.py:588} INFO - Filling up the DagBag from /home/julian/.cache/pypoetry/virtualenvs/real-time-data-lake-QWGm5iRW-py3.11/lib/python3.11/site-packages/airflow/example_dags/example_params_trigger_ui.py
[2024-09-27T14:22:31.754+0200] {processor.py:925} INFO - DAG(s) 'example_params_trigger_ui' retrieved from /home/julian/.cache/pypoetry/virtualenvs/real-time-data-lake-QWGm5iRW-py3.11/lib/python3.11/site-packages/airflow/example_dags/example_params_trigger_ui.py
[2024-09-27T14:22:31.792+0200] {logging_mixin.py:190} INFO - [2024-09-27T14:22:31.792+0200] {dag.py:3239} INFO - Sync 1 DAGs
[2024-09-27T14:22:31.799+0200] {logging_mixin.py:190} INFO - [2024-09-27T14:22:31.799+0200] {dag.py:4180} INFO - Setting next_dagrun for example_params_trigger_ui to None, run_after=None
[2024-09-27T14:22:31.812+0200] {processor.py:208} INFO - Processing /home/julian/.cache/pypoetry/virtualenvs/real-time-data-lake-QWGm5iRW-py3.11/lib/python3.11/site-packages/airflow/example_dags/example_params_trigger_ui.py took 0.090 seconds
[2024-09-27T14:23:26.121+0200] {processor.py:186} INFO - Started process (PID=280410) to work on /home/julian/.cache/pypoetry/virtualenvs/real-time-data-lake-QWGm5iRW-py3.11/lib/python3.11/site-packages/airflow/example_dags/example_params_trigger_ui.py
[2024-09-27T14:23:26.127+0200] {processor.py:914} INFO - Processing file /home/julian/.cache/pypoetry/virtualenvs/real-time-data-lake-QWGm5iRW-py3.11/lib/python3.11/site-packages/airflow/example_dags/example_params_trigger_ui.py for tasks to queue
[2024-09-27T14:23:26.130+0200] {logging_mixin.py:190} INFO - [2024-09-27T14:23:26.130+0200] {dagbag.py:588} INFO - Filling up the DagBag from /home/julian/.cache/pypoetry/virtualenvs/real-time-data-lake-QWGm5iRW-py3.11/lib/python3.11/site-packages/airflow/example_dags/example_params_trigger_ui.py
[2024-09-27T14:23:26.144+0200] {processor.py:925} INFO - DAG(s) 'example_params_trigger_ui' retrieved from /home/julian/.cache/pypoetry/virtualenvs/real-time-data-lake-QWGm5iRW-py3.11/lib/python3.11/site-packages/airflow/example_dags/example_params_trigger_ui.py
[2024-09-27T14:23:26.182+0200] {logging_mixin.py:190} INFO - [2024-09-27T14:23:26.182+0200] {dag.py:3239} INFO - Sync 1 DAGs
[2024-09-27T14:23:26.190+0200] {logging_mixin.py:190} INFO - [2024-09-27T14:23:26.190+0200] {dag.py:4180} INFO - Setting next_dagrun for example_params_trigger_ui to None, run_after=None
[2024-09-27T14:23:26.205+0200] {processor.py:208} INFO - Processing /home/julian/.cache/pypoetry/virtualenvs/real-time-data-lake-QWGm5iRW-py3.11/lib/python3.11/site-packages/airflow/example_dags/example_params_trigger_ui.py took 0.091 seconds
[2024-09-27T14:24:43.254+0200] {processor.py:186} INFO - Started process (PID=280701) to work on /home/julian/.cache/pypoetry/virtualenvs/real-time-data-lake-QWGm5iRW-py3.11/lib/python3.11/site-packages/airflow/example_dags/example_params_trigger_ui.py
[2024-09-27T14:24:43.260+0200] {processor.py:914} INFO - Processing file /home/julian/.cache/pypoetry/virtualenvs/real-time-data-lake-QWGm5iRW-py3.11/lib/python3.11/site-packages/airflow/example_dags/example_params_trigger_ui.py for tasks to queue
[2024-09-27T14:24:43.262+0200] {logging_mixin.py:190} INFO - [2024-09-27T14:24:43.262+0200] {dagbag.py:588} INFO - Filling up the DagBag from /home/julian/.cache/pypoetry/virtualenvs/real-time-data-lake-QWGm5iRW-py3.11/lib/python3.11/site-packages/airflow/example_dags/example_params_trigger_ui.py
[2024-09-27T14:24:43.277+0200] {processor.py:925} INFO - DAG(s) 'example_params_trigger_ui' retrieved from /home/julian/.cache/pypoetry/virtualenvs/real-time-data-lake-QWGm5iRW-py3.11/lib/python3.11/site-packages/airflow/example_dags/example_params_trigger_ui.py
[2024-09-27T14:24:43.318+0200] {logging_mixin.py:190} INFO - [2024-09-27T14:24:43.317+0200] {dag.py:3239} INFO - Sync 1 DAGs
[2024-09-27T14:24:43.325+0200] {logging_mixin.py:190} INFO - [2024-09-27T14:24:43.325+0200] {dag.py:4180} INFO - Setting next_dagrun for example_params_trigger_ui to None, run_after=None
[2024-09-27T14:24:43.338+0200] {processor.py:208} INFO - Processing /home/julian/.cache/pypoetry/virtualenvs/real-time-data-lake-QWGm5iRW-py3.11/lib/python3.11/site-packages/airflow/example_dags/example_params_trigger_ui.py took 0.091 seconds
[2024-09-27T14:30:58.564+0200] {processor.py:186} INFO - Started process (PID=281499) to work on /home/julian/.cache/pypoetry/virtualenvs/real-time-data-lake-QWGm5iRW-py3.11/lib/python3.11/site-packages/airflow/example_dags/example_params_trigger_ui.py
[2024-09-27T14:30:58.570+0200] {processor.py:914} INFO - Processing file /home/julian/.cache/pypoetry/virtualenvs/real-time-data-lake-QWGm5iRW-py3.11/lib/python3.11/site-packages/airflow/example_dags/example_params_trigger_ui.py for tasks to queue
[2024-09-27T14:30:58.573+0200] {logging_mixin.py:190} INFO - [2024-09-27T14:30:58.573+0200] {dagbag.py:588} INFO - Filling up the DagBag from /home/julian/.cache/pypoetry/virtualenvs/real-time-data-lake-QWGm5iRW-py3.11/lib/python3.11/site-packages/airflow/example_dags/example_params_trigger_ui.py
[2024-09-27T14:30:58.588+0200] {processor.py:925} INFO - DAG(s) 'example_params_trigger_ui' retrieved from /home/julian/.cache/pypoetry/virtualenvs/real-time-data-lake-QWGm5iRW-py3.11/lib/python3.11/site-packages/airflow/example_dags/example_params_trigger_ui.py
[2024-09-27T14:30:58.627+0200] {logging_mixin.py:190} INFO - [2024-09-27T14:30:58.627+0200] {dag.py:3239} INFO - Sync 1 DAGs
[2024-09-27T14:30:58.634+0200] {logging_mixin.py:190} INFO - [2024-09-27T14:30:58.634+0200] {dag.py:4180} INFO - Setting next_dagrun for example_params_trigger_ui to None, run_after=None
[2024-09-27T14:30:58.648+0200] {processor.py:208} INFO - Processing /home/julian/.cache/pypoetry/virtualenvs/real-time-data-lake-QWGm5iRW-py3.11/lib/python3.11/site-packages/airflow/example_dags/example_params_trigger_ui.py took 0.090 seconds
[2024-09-27T14:32:10.968+0200] {processor.py:186} INFO - Started process (PID=281608) to work on /home/julian/.cache/pypoetry/virtualenvs/real-time-data-lake-QWGm5iRW-py3.11/lib/python3.11/site-packages/airflow/example_dags/example_params_trigger_ui.py
[2024-09-27T14:32:10.974+0200] {processor.py:914} INFO - Processing file /home/julian/.cache/pypoetry/virtualenvs/real-time-data-lake-QWGm5iRW-py3.11/lib/python3.11/site-packages/airflow/example_dags/example_params_trigger_ui.py for tasks to queue
[2024-09-27T14:32:10.977+0200] {logging_mixin.py:190} INFO - [2024-09-27T14:32:10.977+0200] {dagbag.py:588} INFO - Filling up the DagBag from /home/julian/.cache/pypoetry/virtualenvs/real-time-data-lake-QWGm5iRW-py3.11/lib/python3.11/site-packages/airflow/example_dags/example_params_trigger_ui.py
[2024-09-27T14:32:10.992+0200] {processor.py:925} INFO - DAG(s) 'example_params_trigger_ui' retrieved from /home/julian/.cache/pypoetry/virtualenvs/real-time-data-lake-QWGm5iRW-py3.11/lib/python3.11/site-packages/airflow/example_dags/example_params_trigger_ui.py
[2024-09-27T14:32:11.032+0200] {logging_mixin.py:190} INFO - [2024-09-27T14:32:11.031+0200] {dag.py:3239} INFO - Sync 1 DAGs
[2024-09-27T14:32:11.039+0200] {logging_mixin.py:190} INFO - [2024-09-27T14:32:11.039+0200] {dag.py:4180} INFO - Setting next_dagrun for example_params_trigger_ui to None, run_after=None
[2024-09-27T14:32:11.053+0200] {processor.py:208} INFO - Processing /home/julian/.cache/pypoetry/virtualenvs/real-time-data-lake-QWGm5iRW-py3.11/lib/python3.11/site-packages/airflow/example_dags/example_params_trigger_ui.py took 0.092 seconds
[2024-09-27T14:33:05.508+0200] {processor.py:186} INFO - Started process (PID=281769) to work on /home/julian/.cache/pypoetry/virtualenvs/real-time-data-lake-QWGm5iRW-py3.11/lib/python3.11/site-packages/airflow/example_dags/example_params_trigger_ui.py
[2024-09-27T14:33:05.514+0200] {processor.py:914} INFO - Processing file /home/julian/.cache/pypoetry/virtualenvs/real-time-data-lake-QWGm5iRW-py3.11/lib/python3.11/site-packages/airflow/example_dags/example_params_trigger_ui.py for tasks to queue
[2024-09-27T14:33:05.517+0200] {logging_mixin.py:190} INFO - [2024-09-27T14:33:05.516+0200] {dagbag.py:588} INFO - Filling up the DagBag from /home/julian/.cache/pypoetry/virtualenvs/real-time-data-lake-QWGm5iRW-py3.11/lib/python3.11/site-packages/airflow/example_dags/example_params_trigger_ui.py
[2024-09-27T14:33:05.532+0200] {processor.py:925} INFO - DAG(s) 'example_params_trigger_ui' retrieved from /home/julian/.cache/pypoetry/virtualenvs/real-time-data-lake-QWGm5iRW-py3.11/lib/python3.11/site-packages/airflow/example_dags/example_params_trigger_ui.py
[2024-09-27T14:33:05.570+0200] {logging_mixin.py:190} INFO - [2024-09-27T14:33:05.570+0200] {dag.py:3239} INFO - Sync 1 DAGs
[2024-09-27T14:33:05.578+0200] {logging_mixin.py:190} INFO - [2024-09-27T14:33:05.578+0200] {dag.py:4180} INFO - Setting next_dagrun for example_params_trigger_ui to None, run_after=None
[2024-09-27T14:33:05.591+0200] {processor.py:208} INFO - Processing /home/julian/.cache/pypoetry/virtualenvs/real-time-data-lake-QWGm5iRW-py3.11/lib/python3.11/site-packages/airflow/example_dags/example_params_trigger_ui.py took 0.090 seconds
[2024-09-27T14:34:18.817+0200] {processor.py:186} INFO - Started process (PID=281920) to work on /home/julian/.cache/pypoetry/virtualenvs/real-time-data-lake-QWGm5iRW-py3.11/lib/python3.11/site-packages/airflow/example_dags/example_params_trigger_ui.py
[2024-09-27T14:34:18.823+0200] {processor.py:914} INFO - Processing file /home/julian/.cache/pypoetry/virtualenvs/real-time-data-lake-QWGm5iRW-py3.11/lib/python3.11/site-packages/airflow/example_dags/example_params_trigger_ui.py for tasks to queue
[2024-09-27T14:34:18.826+0200] {logging_mixin.py:190} INFO - [2024-09-27T14:34:18.825+0200] {dagbag.py:588} INFO - Filling up the DagBag from /home/julian/.cache/pypoetry/virtualenvs/real-time-data-lake-QWGm5iRW-py3.11/lib/python3.11/site-packages/airflow/example_dags/example_params_trigger_ui.py
[2024-09-27T14:34:18.841+0200] {processor.py:925} INFO - DAG(s) 'example_params_trigger_ui' retrieved from /home/julian/.cache/pypoetry/virtualenvs/real-time-data-lake-QWGm5iRW-py3.11/lib/python3.11/site-packages/airflow/example_dags/example_params_trigger_ui.py
[2024-09-27T14:34:18.878+0200] {logging_mixin.py:190} INFO - [2024-09-27T14:34:18.878+0200] {dag.py:3239} INFO - Sync 1 DAGs
[2024-09-27T14:34:18.886+0200] {logging_mixin.py:190} INFO - [2024-09-27T14:34:18.886+0200] {dag.py:4180} INFO - Setting next_dagrun for example_params_trigger_ui to None, run_after=None
[2024-09-27T14:34:18.899+0200] {processor.py:208} INFO - Processing /home/julian/.cache/pypoetry/virtualenvs/real-time-data-lake-QWGm5iRW-py3.11/lib/python3.11/site-packages/airflow/example_dags/example_params_trigger_ui.py took 0.089 seconds
[2024-09-27T14:35:31.056+0200] {processor.py:186} INFO - Started process (PID=282165) to work on /home/julian/.cache/pypoetry/virtualenvs/real-time-data-lake-QWGm5iRW-py3.11/lib/python3.11/site-packages/airflow/example_dags/example_params_trigger_ui.py
[2024-09-27T14:35:31.062+0200] {processor.py:914} INFO - Processing file /home/julian/.cache/pypoetry/virtualenvs/real-time-data-lake-QWGm5iRW-py3.11/lib/python3.11/site-packages/airflow/example_dags/example_params_trigger_ui.py for tasks to queue
[2024-09-27T14:35:31.065+0200] {logging_mixin.py:190} INFO - [2024-09-27T14:35:31.064+0200] {dagbag.py:588} INFO - Filling up the DagBag from /home/julian/.cache/pypoetry/virtualenvs/real-time-data-lake-QWGm5iRW-py3.11/lib/python3.11/site-packages/airflow/example_dags/example_params_trigger_ui.py
[2024-09-27T14:35:31.079+0200] {processor.py:925} INFO - DAG(s) 'example_params_trigger_ui' retrieved from /home/julian/.cache/pypoetry/virtualenvs/real-time-data-lake-QWGm5iRW-py3.11/lib/python3.11/site-packages/airflow/example_dags/example_params_trigger_ui.py
[2024-09-27T14:35:31.118+0200] {logging_mixin.py:190} INFO - [2024-09-27T14:35:31.118+0200] {dag.py:3239} INFO - Sync 1 DAGs
[2024-09-27T14:35:31.126+0200] {logging_mixin.py:190} INFO - [2024-09-27T14:35:31.126+0200] {dag.py:4180} INFO - Setting next_dagrun for example_params_trigger_ui to None, run_after=None
[2024-09-27T14:35:31.139+0200] {processor.py:208} INFO - Processing /home/julian/.cache/pypoetry/virtualenvs/real-time-data-lake-QWGm5iRW-py3.11/lib/python3.11/site-packages/airflow/example_dags/example_params_trigger_ui.py took 0.090 seconds
[2024-09-27T14:36:42.135+0200] {processor.py:186} INFO - Started process (PID=282277) to work on /home/julian/.cache/pypoetry/virtualenvs/real-time-data-lake-QWGm5iRW-py3.11/lib/python3.11/site-packages/airflow/example_dags/example_params_trigger_ui.py
[2024-09-27T14:36:42.141+0200] {processor.py:914} INFO - Processing file /home/julian/.cache/pypoetry/virtualenvs/real-time-data-lake-QWGm5iRW-py3.11/lib/python3.11/site-packages/airflow/example_dags/example_params_trigger_ui.py for tasks to queue
[2024-09-27T14:36:42.144+0200] {logging_mixin.py:190} INFO - [2024-09-27T14:36:42.144+0200] {dagbag.py:588} INFO - Filling up the DagBag from /home/julian/.cache/pypoetry/virtualenvs/real-time-data-lake-QWGm5iRW-py3.11/lib/python3.11/site-packages/airflow/example_dags/example_params_trigger_ui.py
[2024-09-27T14:36:42.159+0200] {processor.py:925} INFO - DAG(s) 'example_params_trigger_ui' retrieved from /home/julian/.cache/pypoetry/virtualenvs/real-time-data-lake-QWGm5iRW-py3.11/lib/python3.11/site-packages/airflow/example_dags/example_params_trigger_ui.py
[2024-09-27T14:36:42.198+0200] {logging_mixin.py:190} INFO - [2024-09-27T14:36:42.198+0200] {dag.py:3239} INFO - Sync 1 DAGs
[2024-09-27T14:36:42.206+0200] {logging_mixin.py:190} INFO - [2024-09-27T14:36:42.206+0200] {dag.py:4180} INFO - Setting next_dagrun for example_params_trigger_ui to None, run_after=None
[2024-09-27T14:36:42.219+0200] {processor.py:208} INFO - Processing /home/julian/.cache/pypoetry/virtualenvs/real-time-data-lake-QWGm5iRW-py3.11/lib/python3.11/site-packages/airflow/example_dags/example_params_trigger_ui.py took 0.090 seconds
[2024-09-27T14:37:58.865+0200] {processor.py:186} INFO - Started process (PID=282545) to work on /home/julian/.cache/pypoetry/virtualenvs/real-time-data-lake-QWGm5iRW-py3.11/lib/python3.11/site-packages/airflow/example_dags/example_params_trigger_ui.py
[2024-09-27T14:37:58.870+0200] {processor.py:914} INFO - Processing file /home/julian/.cache/pypoetry/virtualenvs/real-time-data-lake-QWGm5iRW-py3.11/lib/python3.11/site-packages/airflow/example_dags/example_params_trigger_ui.py for tasks to queue
[2024-09-27T14:37:58.873+0200] {logging_mixin.py:190} INFO - [2024-09-27T14:37:58.873+0200] {dagbag.py:588} INFO - Filling up the DagBag from /home/julian/.cache/pypoetry/virtualenvs/real-time-data-lake-QWGm5iRW-py3.11/lib/python3.11/site-packages/airflow/example_dags/example_params_trigger_ui.py
[2024-09-27T14:37:58.888+0200] {processor.py:925} INFO - DAG(s) 'example_params_trigger_ui' retrieved from /home/julian/.cache/pypoetry/virtualenvs/real-time-data-lake-QWGm5iRW-py3.11/lib/python3.11/site-packages/airflow/example_dags/example_params_trigger_ui.py
[2024-09-27T14:37:58.926+0200] {logging_mixin.py:190} INFO - [2024-09-27T14:37:58.926+0200] {dag.py:3239} INFO - Sync 1 DAGs
[2024-09-27T14:37:58.934+0200] {logging_mixin.py:190} INFO - [2024-09-27T14:37:58.934+0200] {dag.py:4180} INFO - Setting next_dagrun for example_params_trigger_ui to None, run_after=None
[2024-09-27T14:37:58.948+0200] {processor.py:208} INFO - Processing /home/julian/.cache/pypoetry/virtualenvs/real-time-data-lake-QWGm5iRW-py3.11/lib/python3.11/site-packages/airflow/example_dags/example_params_trigger_ui.py took 0.090 seconds
[2024-09-27T14:39:14.036+0200] {processor.py:186} INFO - Started process (PID=282865) to work on /home/julian/.cache/pypoetry/virtualenvs/real-time-data-lake-QWGm5iRW-py3.11/lib/python3.11/site-packages/airflow/example_dags/example_params_trigger_ui.py
[2024-09-27T14:39:14.037+0200] {processor.py:914} INFO - Processing file /home/julian/.cache/pypoetry/virtualenvs/real-time-data-lake-QWGm5iRW-py3.11/lib/python3.11/site-packages/airflow/example_dags/example_params_trigger_ui.py for tasks to queue
[2024-09-27T14:39:14.040+0200] {logging_mixin.py:190} INFO - [2024-09-27T14:39:14.039+0200] {dagbag.py:588} INFO - Filling up the DagBag from /home/julian/.cache/pypoetry/virtualenvs/real-time-data-lake-QWGm5iRW-py3.11/lib/python3.11/site-packages/airflow/example_dags/example_params_trigger_ui.py
[2024-09-27T14:39:14.054+0200] {processor.py:925} INFO - DAG(s) 'example_params_trigger_ui' retrieved from /home/julian/.cache/pypoetry/virtualenvs/real-time-data-lake-QWGm5iRW-py3.11/lib/python3.11/site-packages/airflow/example_dags/example_params_trigger_ui.py
[2024-09-27T14:39:14.089+0200] {logging_mixin.py:190} INFO - [2024-09-27T14:39:14.088+0200] {dag.py:3239} INFO - Sync 1 DAGs
[2024-09-27T14:39:14.096+0200] {logging_mixin.py:190} INFO - [2024-09-27T14:39:14.096+0200] {dag.py:4180} INFO - Setting next_dagrun for example_params_trigger_ui to None, run_after=None
[2024-09-27T14:39:14.111+0200] {processor.py:208} INFO - Processing /home/julian/.cache/pypoetry/virtualenvs/real-time-data-lake-QWGm5iRW-py3.11/lib/python3.11/site-packages/airflow/example_dags/example_params_trigger_ui.py took 0.082 seconds
