[2024-09-27T14:20:43.896+0200] {processor.py:186} INFO - Started process (PID=280073) to work on /home/julian/.cache/pypoetry/virtualenvs/real-time-data-lake-QWGm5iRW-py3.11/lib/python3.11/site-packages/airflow/example_dags/example_branch_python_dop_operator_3.py
[2024-09-27T14:20:43.896+0200] {processor.py:914} INFO - Processing file /home/julian/.cache/pypoetry/virtualenvs/real-time-data-lake-QWGm5iRW-py3.11/lib/python3.11/site-packages/airflow/example_dags/example_branch_python_dop_operator_3.py for tasks to queue
[2024-09-27T14:20:43.897+0200] {logging_mixin.py:190} INFO - [2024-09-27T14:20:43.897+0200] {dagbag.py:588} INFO - Filling up the DagBag from /home/julian/.cache/pypoetry/virtualenvs/real-time-data-lake-QWGm5iRW-py3.11/lib/python3.11/site-packages/airflow/example_dags/example_branch_python_dop_operator_3.py
[2024-09-27T14:20:43.904+0200] {processor.py:925} INFO - DAG(s) 'example_branch_dop_operator_v3' retrieved from /home/julian/.cache/pypoetry/virtualenvs/real-time-data-lake-QWGm5iRW-py3.11/lib/python3.11/site-packages/airflow/example_dags/example_branch_python_dop_operator_3.py
[2024-09-27T14:20:43.967+0200] {logging_mixin.py:190} INFO - [2024-09-27T14:20:43.966+0200] {override.py:1901} INFO - Created Permission View: can delete on DAG:example_branch_dop_operator_v3
[2024-09-27T14:20:43.974+0200] {logging_mixin.py:190} INFO - [2024-09-27T14:20:43.974+0200] {override.py:1901} INFO - Created Permission View: can read on DAG:example_branch_dop_operator_v3
[2024-09-27T14:20:43.980+0200] {logging_mixin.py:190} INFO - [2024-09-27T14:20:43.979+0200] {override.py:1901} INFO - Created Permission View: can edit on DAG:example_branch_dop_operator_v3
[2024-09-27T14:20:43.992+0200] {logging_mixin.py:190} INFO - [2024-09-27T14:20:43.991+0200] {override.py:1901} INFO - Created Permission View: can create on DAG Run:example_branch_dop_operator_v3
[2024-09-27T14:20:43.997+0200] {logging_mixin.py:190} INFO - [2024-09-27T14:20:43.997+0200] {override.py:1901} INFO - Created Permission View: can delete on DAG Run:example_branch_dop_operator_v3
[2024-09-27T14:20:44.003+0200] {logging_mixin.py:190} INFO - [2024-09-27T14:20:44.002+0200] {override.py:1901} INFO - Created Permission View: can read on DAG Run:example_branch_dop_operator_v3
[2024-09-27T14:20:44.008+0200] {logging_mixin.py:190} INFO - [2024-09-27T14:20:44.008+0200] {override.py:1901} INFO - Created Permission View: menu access on DAG Run:example_branch_dop_operator_v3
[2024-09-27T14:20:44.008+0200] {logging_mixin.py:190} INFO - [2024-09-27T14:20:44.008+0200] {dag.py:3239} INFO - Sync 1 DAGs
[2024-09-27T14:20:44.016+0200] {logging_mixin.py:190} INFO - [2024-09-27T14:20:44.016+0200] {dag.py:3262} INFO - Creating ORM DAG for example_branch_dop_operator_v3
[2024-09-27T14:20:44.023+0200] {logging_mixin.py:190} INFO - [2024-09-27T14:20:44.023+0200] {dag.py:4180} INFO - Setting next_dagrun for example_branch_dop_operator_v3 to 2024-09-27 12:19:00+00:00, run_after=2024-09-27 12:20:00+00:00
[2024-09-27T14:20:44.037+0200] {processor.py:208} INFO - Processing /home/julian/.cache/pypoetry/virtualenvs/real-time-data-lake-QWGm5iRW-py3.11/lib/python3.11/site-packages/airflow/example_dags/example_branch_python_dop_operator_3.py took 0.146 seconds
[2024-09-27T14:22:22.411+0200] {processor.py:186} INFO - Started process (PID=280255) to work on /home/julian/.cache/pypoetry/virtualenvs/real-time-data-lake-QWGm5iRW-py3.11/lib/python3.11/site-packages/airflow/example_dags/example_branch_python_dop_operator_3.py
[2024-09-27T14:22:22.417+0200] {processor.py:914} INFO - Processing file /home/julian/.cache/pypoetry/virtualenvs/real-time-data-lake-QWGm5iRW-py3.11/lib/python3.11/site-packages/airflow/example_dags/example_branch_python_dop_operator_3.py for tasks to queue
[2024-09-27T14:22:22.419+0200] {logging_mixin.py:190} INFO - [2024-09-27T14:22:22.419+0200] {dagbag.py:588} INFO - Filling up the DagBag from /home/julian/.cache/pypoetry/virtualenvs/real-time-data-lake-QWGm5iRW-py3.11/lib/python3.11/site-packages/airflow/example_dags/example_branch_python_dop_operator_3.py
[2024-09-27T14:22:22.432+0200] {processor.py:925} INFO - DAG(s) 'example_branch_dop_operator_v3' retrieved from /home/julian/.cache/pypoetry/virtualenvs/real-time-data-lake-QWGm5iRW-py3.11/lib/python3.11/site-packages/airflow/example_dags/example_branch_python_dop_operator_3.py
[2024-09-27T14:22:22.451+0200] {logging_mixin.py:190} INFO - [2024-09-27T14:22:22.450+0200] {dag.py:3239} INFO - Sync 1 DAGs
[2024-09-27T14:22:22.476+0200] {logging_mixin.py:190} INFO - [2024-09-27T14:22:22.476+0200] {dag.py:4180} INFO - Setting next_dagrun for example_branch_dop_operator_v3 to 2024-09-27 12:21:00+00:00, run_after=2024-09-27 12:22:00+00:00
[2024-09-27T14:22:22.490+0200] {processor.py:208} INFO - Processing /home/julian/.cache/pypoetry/virtualenvs/real-time-data-lake-QWGm5iRW-py3.11/lib/python3.11/site-packages/airflow/example_dags/example_branch_python_dop_operator_3.py took 0.085 seconds
[2024-09-27T14:23:16.948+0200] {processor.py:186} INFO - Started process (PID=280389) to work on /home/julian/.cache/pypoetry/virtualenvs/real-time-data-lake-QWGm5iRW-py3.11/lib/python3.11/site-packages/airflow/example_dags/example_branch_python_dop_operator_3.py
[2024-09-27T14:23:16.949+0200] {processor.py:914} INFO - Processing file /home/julian/.cache/pypoetry/virtualenvs/real-time-data-lake-QWGm5iRW-py3.11/lib/python3.11/site-packages/airflow/example_dags/example_branch_python_dop_operator_3.py for tasks to queue
[2024-09-27T14:23:16.951+0200] {logging_mixin.py:190} INFO - [2024-09-27T14:23:16.951+0200] {dagbag.py:588} INFO - Filling up the DagBag from /home/julian/.cache/pypoetry/virtualenvs/real-time-data-lake-QWGm5iRW-py3.11/lib/python3.11/site-packages/airflow/example_dags/example_branch_python_dop_operator_3.py
[2024-09-27T14:23:16.965+0200] {processor.py:925} INFO - DAG(s) 'example_branch_dop_operator_v3' retrieved from /home/julian/.cache/pypoetry/virtualenvs/real-time-data-lake-QWGm5iRW-py3.11/lib/python3.11/site-packages/airflow/example_dags/example_branch_python_dop_operator_3.py
[2024-09-27T14:23:16.985+0200] {logging_mixin.py:190} INFO - [2024-09-27T14:23:16.985+0200] {dag.py:3239} INFO - Sync 1 DAGs
[2024-09-27T14:23:17.000+0200] {logging_mixin.py:190} INFO - [2024-09-27T14:23:17.000+0200] {dag.py:4180} INFO - Setting next_dagrun for example_branch_dop_operator_v3 to 2024-09-27 12:22:00+00:00, run_after=2024-09-27 12:23:00+00:00
[2024-09-27T14:23:17.014+0200] {processor.py:208} INFO - Processing /home/julian/.cache/pypoetry/virtualenvs/real-time-data-lake-QWGm5iRW-py3.11/lib/python3.11/site-packages/airflow/example_dags/example_branch_python_dop_operator_3.py took 0.074 seconds
[2024-09-27T14:24:13.233+0200] {processor.py:186} INFO - Started process (PID=280519) to work on /home/julian/.cache/pypoetry/virtualenvs/real-time-data-lake-QWGm5iRW-py3.11/lib/python3.11/site-packages/airflow/example_dags/example_branch_python_dop_operator_3.py
[2024-09-27T14:24:13.239+0200] {processor.py:914} INFO - Processing file /home/julian/.cache/pypoetry/virtualenvs/real-time-data-lake-QWGm5iRW-py3.11/lib/python3.11/site-packages/airflow/example_dags/example_branch_python_dop_operator_3.py for tasks to queue
[2024-09-27T14:24:13.241+0200] {logging_mixin.py:190} INFO - [2024-09-27T14:24:13.241+0200] {dagbag.py:588} INFO - Filling up the DagBag from /home/julian/.cache/pypoetry/virtualenvs/real-time-data-lake-QWGm5iRW-py3.11/lib/python3.11/site-packages/airflow/example_dags/example_branch_python_dop_operator_3.py
[2024-09-27T14:24:13.255+0200] {processor.py:925} INFO - DAG(s) 'example_branch_dop_operator_v3' retrieved from /home/julian/.cache/pypoetry/virtualenvs/real-time-data-lake-QWGm5iRW-py3.11/lib/python3.11/site-packages/airflow/example_dags/example_branch_python_dop_operator_3.py
[2024-09-27T14:24:13.275+0200] {logging_mixin.py:190} INFO - [2024-09-27T14:24:13.274+0200] {dag.py:3239} INFO - Sync 1 DAGs
[2024-09-27T14:24:13.294+0200] {logging_mixin.py:190} INFO - [2024-09-27T14:24:13.293+0200] {dag.py:4180} INFO - Setting next_dagrun for example_branch_dop_operator_v3 to 2024-09-27 12:23:00+00:00, run_after=2024-09-27 12:24:00+00:00
[2024-09-27T14:24:13.307+0200] {processor.py:208} INFO - Processing /home/julian/.cache/pypoetry/virtualenvs/real-time-data-lake-QWGm5iRW-py3.11/lib/python3.11/site-packages/airflow/example_dags/example_branch_python_dop_operator_3.py took 0.081 seconds
[2024-09-27T14:25:04.762+0200] {processor.py:186} INFO - Started process (PID=280740) to work on /home/julian/.cache/pypoetry/virtualenvs/real-time-data-lake-QWGm5iRW-py3.11/lib/python3.11/site-packages/airflow/example_dags/example_branch_python_dop_operator_3.py
[2024-09-27T14:25:04.768+0200] {processor.py:914} INFO - Processing file /home/julian/.cache/pypoetry/virtualenvs/real-time-data-lake-QWGm5iRW-py3.11/lib/python3.11/site-packages/airflow/example_dags/example_branch_python_dop_operator_3.py for tasks to queue
[2024-09-27T14:25:04.771+0200] {logging_mixin.py:190} INFO - [2024-09-27T14:25:04.770+0200] {dagbag.py:588} INFO - Filling up the DagBag from /home/julian/.cache/pypoetry/virtualenvs/real-time-data-lake-QWGm5iRW-py3.11/lib/python3.11/site-packages/airflow/example_dags/example_branch_python_dop_operator_3.py
[2024-09-27T14:25:04.784+0200] {processor.py:925} INFO - DAG(s) 'example_branch_dop_operator_v3' retrieved from /home/julian/.cache/pypoetry/virtualenvs/real-time-data-lake-QWGm5iRW-py3.11/lib/python3.11/site-packages/airflow/example_dags/example_branch_python_dop_operator_3.py
[2024-09-27T14:25:04.802+0200] {logging_mixin.py:190} INFO - [2024-09-27T14:25:04.802+0200] {dag.py:3239} INFO - Sync 1 DAGs
[2024-09-27T14:25:04.826+0200] {logging_mixin.py:190} INFO - [2024-09-27T14:25:04.825+0200] {dag.py:4180} INFO - Setting next_dagrun for example_branch_dop_operator_v3 to 2024-09-27 12:24:00+00:00, run_after=2024-09-27 12:25:00+00:00
[2024-09-27T14:25:04.839+0200] {processor.py:208} INFO - Processing /home/julian/.cache/pypoetry/virtualenvs/real-time-data-lake-QWGm5iRW-py3.11/lib/python3.11/site-packages/airflow/example_dags/example_branch_python_dop_operator_3.py took 0.083 seconds
[2024-09-27T14:30:49.398+0200] {processor.py:186} INFO - Started process (PID=281467) to work on /home/julian/.cache/pypoetry/virtualenvs/real-time-data-lake-QWGm5iRW-py3.11/lib/python3.11/site-packages/airflow/example_dags/example_branch_python_dop_operator_3.py
[2024-09-27T14:30:49.399+0200] {processor.py:914} INFO - Processing file /home/julian/.cache/pypoetry/virtualenvs/real-time-data-lake-QWGm5iRW-py3.11/lib/python3.11/site-packages/airflow/example_dags/example_branch_python_dop_operator_3.py for tasks to queue
[2024-09-27T14:30:49.402+0200] {logging_mixin.py:190} INFO - [2024-09-27T14:30:49.401+0200] {dagbag.py:588} INFO - Filling up the DagBag from /home/julian/.cache/pypoetry/virtualenvs/real-time-data-lake-QWGm5iRW-py3.11/lib/python3.11/site-packages/airflow/example_dags/example_branch_python_dop_operator_3.py
[2024-09-27T14:30:49.415+0200] {processor.py:925} INFO - DAG(s) 'example_branch_dop_operator_v3' retrieved from /home/julian/.cache/pypoetry/virtualenvs/real-time-data-lake-QWGm5iRW-py3.11/lib/python3.11/site-packages/airflow/example_dags/example_branch_python_dop_operator_3.py
[2024-09-27T14:30:49.435+0200] {logging_mixin.py:190} INFO - [2024-09-27T14:30:49.435+0200] {dag.py:3239} INFO - Sync 1 DAGs
[2024-09-27T14:30:49.450+0200] {logging_mixin.py:190} INFO - [2024-09-27T14:30:49.450+0200] {dag.py:4180} INFO - Setting next_dagrun for example_branch_dop_operator_v3 to 2024-09-27 12:29:00+00:00, run_after=2024-09-27 12:30:00+00:00
[2024-09-27T14:30:49.463+0200] {processor.py:208} INFO - Processing /home/julian/.cache/pypoetry/virtualenvs/real-time-data-lake-QWGm5iRW-py3.11/lib/python3.11/site-packages/airflow/example_dags/example_branch_python_dop_operator_3.py took 0.072 seconds
[2024-09-27T14:31:43.769+0200] {processor.py:186} INFO - Started process (PID=281566) to work on /home/julian/.cache/pypoetry/virtualenvs/real-time-data-lake-QWGm5iRW-py3.11/lib/python3.11/site-packages/airflow/example_dags/example_branch_python_dop_operator_3.py
[2024-09-27T14:31:43.774+0200] {processor.py:914} INFO - Processing file /home/julian/.cache/pypoetry/virtualenvs/real-time-data-lake-QWGm5iRW-py3.11/lib/python3.11/site-packages/airflow/example_dags/example_branch_python_dop_operator_3.py for tasks to queue
[2024-09-27T14:31:43.777+0200] {logging_mixin.py:190} INFO - [2024-09-27T14:31:43.777+0200] {dagbag.py:588} INFO - Filling up the DagBag from /home/julian/.cache/pypoetry/virtualenvs/real-time-data-lake-QWGm5iRW-py3.11/lib/python3.11/site-packages/airflow/example_dags/example_branch_python_dop_operator_3.py
[2024-09-27T14:31:43.791+0200] {processor.py:925} INFO - DAG(s) 'example_branch_dop_operator_v3' retrieved from /home/julian/.cache/pypoetry/virtualenvs/real-time-data-lake-QWGm5iRW-py3.11/lib/python3.11/site-packages/airflow/example_dags/example_branch_python_dop_operator_3.py
[2024-09-27T14:31:43.811+0200] {logging_mixin.py:190} INFO - [2024-09-27T14:31:43.811+0200] {dag.py:3239} INFO - Sync 1 DAGs
[2024-09-27T14:31:43.829+0200] {logging_mixin.py:190} INFO - [2024-09-27T14:31:43.829+0200] {dag.py:4180} INFO - Setting next_dagrun for example_branch_dop_operator_v3 to 2024-09-27 12:30:00+00:00, run_after=2024-09-27 12:31:00+00:00
[2024-09-27T14:31:43.843+0200] {processor.py:208} INFO - Processing /home/julian/.cache/pypoetry/virtualenvs/real-time-data-lake-QWGm5iRW-py3.11/lib/python3.11/site-packages/airflow/example_dags/example_branch_python_dop_operator_3.py took 0.082 seconds
[2024-09-27T14:32:38.615+0200] {processor.py:186} INFO - Started process (PID=281707) to work on /home/julian/.cache/pypoetry/virtualenvs/real-time-data-lake-QWGm5iRW-py3.11/lib/python3.11/site-packages/airflow/example_dags/example_branch_python_dop_operator_3.py
[2024-09-27T14:32:38.620+0200] {processor.py:914} INFO - Processing file /home/julian/.cache/pypoetry/virtualenvs/real-time-data-lake-QWGm5iRW-py3.11/lib/python3.11/site-packages/airflow/example_dags/example_branch_python_dop_operator_3.py for tasks to queue
[2024-09-27T14:32:38.623+0200] {logging_mixin.py:190} INFO - [2024-09-27T14:32:38.623+0200] {dagbag.py:588} INFO - Filling up the DagBag from /home/julian/.cache/pypoetry/virtualenvs/real-time-data-lake-QWGm5iRW-py3.11/lib/python3.11/site-packages/airflow/example_dags/example_branch_python_dop_operator_3.py
[2024-09-27T14:32:38.637+0200] {processor.py:925} INFO - DAG(s) 'example_branch_dop_operator_v3' retrieved from /home/julian/.cache/pypoetry/virtualenvs/real-time-data-lake-QWGm5iRW-py3.11/lib/python3.11/site-packages/airflow/example_dags/example_branch_python_dop_operator_3.py
[2024-09-27T14:32:38.656+0200] {logging_mixin.py:190} INFO - [2024-09-27T14:32:38.656+0200] {dag.py:3239} INFO - Sync 1 DAGs
[2024-09-27T14:32:38.676+0200] {logging_mixin.py:190} INFO - [2024-09-27T14:32:38.676+0200] {dag.py:4180} INFO - Setting next_dagrun for example_branch_dop_operator_v3 to 2024-09-27 12:31:00+00:00, run_after=2024-09-27 12:32:00+00:00
[2024-09-27T14:32:38.689+0200] {processor.py:208} INFO - Processing /home/julian/.cache/pypoetry/virtualenvs/real-time-data-lake-QWGm5iRW-py3.11/lib/python3.11/site-packages/airflow/example_dags/example_branch_python_dop_operator_3.py took 0.082 seconds
[2024-09-27T14:33:51.899+0200] {processor.py:186} INFO - Started process (PID=281882) to work on /home/julian/.cache/pypoetry/virtualenvs/real-time-data-lake-QWGm5iRW-py3.11/lib/python3.11/site-packages/airflow/example_dags/example_branch_python_dop_operator_3.py
[2024-09-27T14:33:51.904+0200] {processor.py:914} INFO - Processing file /home/julian/.cache/pypoetry/virtualenvs/real-time-data-lake-QWGm5iRW-py3.11/lib/python3.11/site-packages/airflow/example_dags/example_branch_python_dop_operator_3.py for tasks to queue
[2024-09-27T14:33:51.906+0200] {logging_mixin.py:190} INFO - [2024-09-27T14:33:51.906+0200] {dagbag.py:588} INFO - Filling up the DagBag from /home/julian/.cache/pypoetry/virtualenvs/real-time-data-lake-QWGm5iRW-py3.11/lib/python3.11/site-packages/airflow/example_dags/example_branch_python_dop_operator_3.py
[2024-09-27T14:33:51.912+0200] {processor.py:925} INFO - DAG(s) 'example_branch_dop_operator_v3' retrieved from /home/julian/.cache/pypoetry/virtualenvs/real-time-data-lake-QWGm5iRW-py3.11/lib/python3.11/site-packages/airflow/example_dags/example_branch_python_dop_operator_3.py
[2024-09-27T14:33:51.922+0200] {logging_mixin.py:190} INFO - [2024-09-27T14:33:51.922+0200] {dag.py:3239} INFO - Sync 1 DAGs
[2024-09-27T14:33:51.936+0200] {logging_mixin.py:190} INFO - [2024-09-27T14:33:51.936+0200] {dag.py:4180} INFO - Setting next_dagrun for example_branch_dop_operator_v3 to 2024-09-27 12:32:00+00:00, run_after=2024-09-27 12:33:00+00:00
[2024-09-27T14:33:51.951+0200] {processor.py:208} INFO - Processing /home/julian/.cache/pypoetry/virtualenvs/real-time-data-lake-QWGm5iRW-py3.11/lib/python3.11/site-packages/airflow/example_dags/example_branch_python_dop_operator_3.py took 0.056 seconds
[2024-09-27T14:35:04.575+0200] {processor.py:186} INFO - Started process (PID=282125) to work on /home/julian/.cache/pypoetry/virtualenvs/real-time-data-lake-QWGm5iRW-py3.11/lib/python3.11/site-packages/airflow/example_dags/example_branch_python_dop_operator_3.py
[2024-09-27T14:35:04.580+0200] {processor.py:914} INFO - Processing file /home/julian/.cache/pypoetry/virtualenvs/real-time-data-lake-QWGm5iRW-py3.11/lib/python3.11/site-packages/airflow/example_dags/example_branch_python_dop_operator_3.py for tasks to queue
[2024-09-27T14:35:04.583+0200] {logging_mixin.py:190} INFO - [2024-09-27T14:35:04.583+0200] {dagbag.py:588} INFO - Filling up the DagBag from /home/julian/.cache/pypoetry/virtualenvs/real-time-data-lake-QWGm5iRW-py3.11/lib/python3.11/site-packages/airflow/example_dags/example_branch_python_dop_operator_3.py
[2024-09-27T14:35:04.597+0200] {processor.py:925} INFO - DAG(s) 'example_branch_dop_operator_v3' retrieved from /home/julian/.cache/pypoetry/virtualenvs/real-time-data-lake-QWGm5iRW-py3.11/lib/python3.11/site-packages/airflow/example_dags/example_branch_python_dop_operator_3.py
[2024-09-27T14:35:04.617+0200] {logging_mixin.py:190} INFO - [2024-09-27T14:35:04.616+0200] {dag.py:3239} INFO - Sync 1 DAGs
[2024-09-27T14:35:04.636+0200] {logging_mixin.py:190} INFO - [2024-09-27T14:35:04.636+0200] {dag.py:4180} INFO - Setting next_dagrun for example_branch_dop_operator_v3 to 2024-09-27 12:34:00+00:00, run_after=2024-09-27 12:35:00+00:00
[2024-09-27T14:35:04.650+0200] {processor.py:208} INFO - Processing /home/julian/.cache/pypoetry/virtualenvs/real-time-data-lake-QWGm5iRW-py3.11/lib/python3.11/site-packages/airflow/example_dags/example_branch_python_dop_operator_3.py took 0.082 seconds
[2024-09-27T14:36:13.986+0200] {processor.py:186} INFO - Started process (PID=282235) to work on /home/julian/.cache/pypoetry/virtualenvs/real-time-data-lake-QWGm5iRW-py3.11/lib/python3.11/site-packages/airflow/example_dags/example_branch_python_dop_operator_3.py
[2024-09-27T14:36:13.992+0200] {processor.py:914} INFO - Processing file /home/julian/.cache/pypoetry/virtualenvs/real-time-data-lake-QWGm5iRW-py3.11/lib/python3.11/site-packages/airflow/example_dags/example_branch_python_dop_operator_3.py for tasks to queue
[2024-09-27T14:36:13.995+0200] {logging_mixin.py:190} INFO - [2024-09-27T14:36:13.994+0200] {dagbag.py:588} INFO - Filling up the DagBag from /home/julian/.cache/pypoetry/virtualenvs/real-time-data-lake-QWGm5iRW-py3.11/lib/python3.11/site-packages/airflow/example_dags/example_branch_python_dop_operator_3.py
[2024-09-27T14:36:14.009+0200] {processor.py:925} INFO - DAG(s) 'example_branch_dop_operator_v3' retrieved from /home/julian/.cache/pypoetry/virtualenvs/real-time-data-lake-QWGm5iRW-py3.11/lib/python3.11/site-packages/airflow/example_dags/example_branch_python_dop_operator_3.py
[2024-09-27T14:36:14.029+0200] {logging_mixin.py:190} INFO - [2024-09-27T14:36:14.028+0200] {dag.py:3239} INFO - Sync 1 DAGs
[2024-09-27T14:36:14.048+0200] {logging_mixin.py:190} INFO - [2024-09-27T14:36:14.048+0200] {dag.py:4180} INFO - Setting next_dagrun for example_branch_dop_operator_v3 to 2024-09-27 12:35:00+00:00, run_after=2024-09-27 12:36:00+00:00
[2024-09-27T14:36:14.061+0200] {processor.py:208} INFO - Processing /home/julian/.cache/pypoetry/virtualenvs/real-time-data-lake-QWGm5iRW-py3.11/lib/python3.11/site-packages/airflow/example_dags/example_branch_python_dop_operator_3.py took 0.082 seconds
[2024-09-27T14:37:27.388+0200] {processor.py:186} INFO - Started process (PID=282382) to work on /home/julian/.cache/pypoetry/virtualenvs/real-time-data-lake-QWGm5iRW-py3.11/lib/python3.11/site-packages/airflow/example_dags/example_branch_python_dop_operator_3.py
[2024-09-27T14:37:27.389+0200] {processor.py:914} INFO - Processing file /home/julian/.cache/pypoetry/virtualenvs/real-time-data-lake-QWGm5iRW-py3.11/lib/python3.11/site-packages/airflow/example_dags/example_branch_python_dop_operator_3.py for tasks to queue
[2024-09-27T14:37:27.391+0200] {logging_mixin.py:190} INFO - [2024-09-27T14:37:27.391+0200] {dagbag.py:588} INFO - Filling up the DagBag from /home/julian/.cache/pypoetry/virtualenvs/real-time-data-lake-QWGm5iRW-py3.11/lib/python3.11/site-packages/airflow/example_dags/example_branch_python_dop_operator_3.py
[2024-09-27T14:37:27.405+0200] {processor.py:925} INFO - DAG(s) 'example_branch_dop_operator_v3' retrieved from /home/julian/.cache/pypoetry/virtualenvs/real-time-data-lake-QWGm5iRW-py3.11/lib/python3.11/site-packages/airflow/example_dags/example_branch_python_dop_operator_3.py
[2024-09-27T14:37:27.425+0200] {logging_mixin.py:190} INFO - [2024-09-27T14:37:27.425+0200] {dag.py:3239} INFO - Sync 1 DAGs
[2024-09-27T14:37:27.440+0200] {logging_mixin.py:190} INFO - [2024-09-27T14:37:27.440+0200] {dag.py:4180} INFO - Setting next_dagrun for example_branch_dop_operator_v3 to 2024-09-27 12:36:00+00:00, run_after=2024-09-27 12:37:00+00:00
[2024-09-27T14:37:27.453+0200] {processor.py:208} INFO - Processing /home/julian/.cache/pypoetry/virtualenvs/real-time-data-lake-QWGm5iRW-py3.11/lib/python3.11/site-packages/airflow/example_dags/example_branch_python_dop_operator_3.py took 0.073 seconds
[2024-09-27T14:38:18.420+0200] {processor.py:186} INFO - Started process (PID=282705) to work on /home/julian/.cache/pypoetry/virtualenvs/real-time-data-lake-QWGm5iRW-py3.11/lib/python3.11/site-packages/airflow/example_dags/example_branch_python_dop_operator_3.py
[2024-09-27T14:38:18.426+0200] {processor.py:914} INFO - Processing file /home/julian/.cache/pypoetry/virtualenvs/real-time-data-lake-QWGm5iRW-py3.11/lib/python3.11/site-packages/airflow/example_dags/example_branch_python_dop_operator_3.py for tasks to queue
[2024-09-27T14:38:18.428+0200] {logging_mixin.py:190} INFO - [2024-09-27T14:38:18.428+0200] {dagbag.py:588} INFO - Filling up the DagBag from /home/julian/.cache/pypoetry/virtualenvs/real-time-data-lake-QWGm5iRW-py3.11/lib/python3.11/site-packages/airflow/example_dags/example_branch_python_dop_operator_3.py
[2024-09-27T14:38:18.440+0200] {processor.py:925} INFO - DAG(s) 'example_branch_dop_operator_v3' retrieved from /home/julian/.cache/pypoetry/virtualenvs/real-time-data-lake-QWGm5iRW-py3.11/lib/python3.11/site-packages/airflow/example_dags/example_branch_python_dop_operator_3.py
[2024-09-27T14:38:18.458+0200] {logging_mixin.py:190} INFO - [2024-09-27T14:38:18.458+0200] {dag.py:3239} INFO - Sync 1 DAGs
[2024-09-27T14:38:18.480+0200] {logging_mixin.py:190} INFO - [2024-09-27T14:38:18.480+0200] {dag.py:4180} INFO - Setting next_dagrun for example_branch_dop_operator_v3 to 2024-09-27 12:37:00+00:00, run_after=2024-09-27 12:38:00+00:00
[2024-09-27T14:38:18.495+0200] {processor.py:208} INFO - Processing /home/julian/.cache/pypoetry/virtualenvs/real-time-data-lake-QWGm5iRW-py3.11/lib/python3.11/site-packages/airflow/example_dags/example_branch_python_dop_operator_3.py took 0.082 seconds
[2024-09-27T14:39:09.236+0200] {processor.py:186} INFO - Started process (PID=282855) to work on /home/julian/.cache/pypoetry/virtualenvs/real-time-data-lake-QWGm5iRW-py3.11/lib/python3.11/site-packages/airflow/example_dags/example_branch_python_dop_operator_3.py
[2024-09-27T14:39:09.242+0200] {processor.py:914} INFO - Processing file /home/julian/.cache/pypoetry/virtualenvs/real-time-data-lake-QWGm5iRW-py3.11/lib/python3.11/site-packages/airflow/example_dags/example_branch_python_dop_operator_3.py for tasks to queue
[2024-09-27T14:39:09.244+0200] {logging_mixin.py:190} INFO - [2024-09-27T14:39:09.244+0200] {dagbag.py:588} INFO - Filling up the DagBag from /home/julian/.cache/pypoetry/virtualenvs/real-time-data-lake-QWGm5iRW-py3.11/lib/python3.11/site-packages/airflow/example_dags/example_branch_python_dop_operator_3.py
[2024-09-27T14:39:09.258+0200] {processor.py:925} INFO - DAG(s) 'example_branch_dop_operator_v3' retrieved from /home/julian/.cache/pypoetry/virtualenvs/real-time-data-lake-QWGm5iRW-py3.11/lib/python3.11/site-packages/airflow/example_dags/example_branch_python_dop_operator_3.py
[2024-09-27T14:39:09.279+0200] {logging_mixin.py:190} INFO - [2024-09-27T14:39:09.278+0200] {dag.py:3239} INFO - Sync 1 DAGs
[2024-09-27T14:39:09.297+0200] {logging_mixin.py:190} INFO - [2024-09-27T14:39:09.297+0200] {dag.py:4180} INFO - Setting next_dagrun for example_branch_dop_operator_v3 to 2024-09-27 12:38:00+00:00, run_after=2024-09-27 12:39:00+00:00
[2024-09-27T14:39:09.313+0200] {processor.py:208} INFO - Processing /home/julian/.cache/pypoetry/virtualenvs/real-time-data-lake-QWGm5iRW-py3.11/lib/python3.11/site-packages/airflow/example_dags/example_branch_python_dop_operator_3.py took 0.085 seconds
