[2024-09-27T14:20:50.417+0200] {processor.py:186} INFO - Started process (PID=280084) to work on /home/julian/.cache/pypoetry/virtualenvs/real-time-data-lake-QWGm5iRW-py3.11/lib/python3.11/site-packages/airflow/example_dags/example_display_name.py
[2024-09-27T14:20:50.418+0200] {processor.py:914} INFO - Processing file /home/julian/.cache/pypoetry/virtualenvs/real-time-data-lake-QWGm5iRW-py3.11/lib/python3.11/site-packages/airflow/example_dags/example_display_name.py for tasks to queue
[2024-09-27T14:20:50.421+0200] {logging_mixin.py:190} INFO - [2024-09-27T14:20:50.420+0200] {dagbag.py:588} INFO - Filling up the DagBag from /home/julian/.cache/pypoetry/virtualenvs/real-time-data-lake-QWGm5iRW-py3.11/lib/python3.11/site-packages/airflow/example_dags/example_display_name.py
[2024-09-27T14:20:50.431+0200] {processor.py:925} INFO - DAG(s) 'example_display_name' retrieved from /home/julian/.cache/pypoetry/virtualenvs/real-time-data-lake-QWGm5iRW-py3.11/lib/python3.11/site-packages/airflow/example_dags/example_display_name.py
[2024-09-27T14:20:50.502+0200] {logging_mixin.py:190} INFO - [2024-09-27T14:20:50.501+0200] {override.py:1901} INFO - Created Permission View: can delete on DAG:example_display_name
[2024-09-27T14:20:50.509+0200] {logging_mixin.py:190} INFO - [2024-09-27T14:20:50.509+0200] {override.py:1901} INFO - Created Permission View: can read on DAG:example_display_name
[2024-09-27T14:20:50.514+0200] {logging_mixin.py:190} INFO - [2024-09-27T14:20:50.514+0200] {override.py:1901} INFO - Created Permission View: can edit on DAG:example_display_name
[2024-09-27T14:20:50.524+0200] {logging_mixin.py:190} INFO - [2024-09-27T14:20:50.524+0200] {override.py:1901} INFO - Created Permission View: can create on DAG Run:example_display_name
[2024-09-27T14:20:50.529+0200] {logging_mixin.py:190} INFO - [2024-09-27T14:20:50.529+0200] {override.py:1901} INFO - Created Permission View: can delete on DAG Run:example_display_name
[2024-09-27T14:20:50.534+0200] {logging_mixin.py:190} INFO - [2024-09-27T14:20:50.534+0200] {override.py:1901} INFO - Created Permission View: can read on DAG Run:example_display_name
[2024-09-27T14:20:50.540+0200] {logging_mixin.py:190} INFO - [2024-09-27T14:20:50.540+0200] {override.py:1901} INFO - Created Permission View: menu access on DAG Run:example_display_name
[2024-09-27T14:20:50.540+0200] {logging_mixin.py:190} INFO - [2024-09-27T14:20:50.540+0200] {dag.py:3239} INFO - Sync 1 DAGs
[2024-09-27T14:20:50.548+0200] {logging_mixin.py:190} INFO - [2024-09-27T14:20:50.548+0200] {dag.py:3262} INFO - Creating ORM DAG for example_display_name
[2024-09-27T14:20:50.548+0200] {logging_mixin.py:190} INFO - [2024-09-27T14:20:50.548+0200] {dag.py:4180} INFO - Setting next_dagrun for example_display_name to None, run_after=None
[2024-09-27T14:20:50.560+0200] {processor.py:208} INFO - Processing /home/julian/.cache/pypoetry/virtualenvs/real-time-data-lake-QWGm5iRW-py3.11/lib/python3.11/site-packages/airflow/example_dags/example_display_name.py took 0.150 seconds
[2024-09-27T14:22:28.266+0200] {processor.py:186} INFO - Started process (PID=280264) to work on /home/julian/.cache/pypoetry/virtualenvs/real-time-data-lake-QWGm5iRW-py3.11/lib/python3.11/site-packages/airflow/example_dags/example_display_name.py
[2024-09-27T14:22:28.272+0200] {processor.py:914} INFO - Processing file /home/julian/.cache/pypoetry/virtualenvs/real-time-data-lake-QWGm5iRW-py3.11/lib/python3.11/site-packages/airflow/example_dags/example_display_name.py for tasks to queue
[2024-09-27T14:22:28.274+0200] {logging_mixin.py:190} INFO - [2024-09-27T14:22:28.274+0200] {dagbag.py:588} INFO - Filling up the DagBag from /home/julian/.cache/pypoetry/virtualenvs/real-time-data-lake-QWGm5iRW-py3.11/lib/python3.11/site-packages/airflow/example_dags/example_display_name.py
[2024-09-27T14:22:28.284+0200] {processor.py:925} INFO - DAG(s) 'example_display_name' retrieved from /home/julian/.cache/pypoetry/virtualenvs/real-time-data-lake-QWGm5iRW-py3.11/lib/python3.11/site-packages/airflow/example_dags/example_display_name.py
[2024-09-27T14:22:28.303+0200] {logging_mixin.py:190} INFO - [2024-09-27T14:22:28.303+0200] {dag.py:3239} INFO - Sync 1 DAGs
[2024-09-27T14:22:28.318+0200] {logging_mixin.py:190} INFO - [2024-09-27T14:22:28.317+0200] {dag.py:4180} INFO - Setting next_dagrun for example_display_name to None, run_after=None
[2024-09-27T14:22:28.330+0200] {processor.py:208} INFO - Processing /home/julian/.cache/pypoetry/virtualenvs/real-time-data-lake-QWGm5iRW-py3.11/lib/python3.11/site-packages/airflow/example_dags/example_display_name.py took 0.072 seconds
[2024-09-27T14:23:23.329+0200] {processor.py:186} INFO - Started process (PID=280406) to work on /home/julian/.cache/pypoetry/virtualenvs/real-time-data-lake-QWGm5iRW-py3.11/lib/python3.11/site-packages/airflow/example_dags/example_display_name.py
[2024-09-27T14:23:23.329+0200] {processor.py:914} INFO - Processing file /home/julian/.cache/pypoetry/virtualenvs/real-time-data-lake-QWGm5iRW-py3.11/lib/python3.11/site-packages/airflow/example_dags/example_display_name.py for tasks to queue
[2024-09-27T14:23:23.331+0200] {logging_mixin.py:190} INFO - [2024-09-27T14:23:23.330+0200] {dagbag.py:588} INFO - Filling up the DagBag from /home/julian/.cache/pypoetry/virtualenvs/real-time-data-lake-QWGm5iRW-py3.11/lib/python3.11/site-packages/airflow/example_dags/example_display_name.py
[2024-09-27T14:23:23.336+0200] {processor.py:925} INFO - DAG(s) 'example_display_name' retrieved from /home/julian/.cache/pypoetry/virtualenvs/real-time-data-lake-QWGm5iRW-py3.11/lib/python3.11/site-packages/airflow/example_dags/example_display_name.py
[2024-09-27T14:23:23.345+0200] {logging_mixin.py:190} INFO - [2024-09-27T14:23:23.345+0200] {dag.py:3239} INFO - Sync 1 DAGs
[2024-09-27T14:23:23.354+0200] {logging_mixin.py:190} INFO - [2024-09-27T14:23:23.354+0200] {dag.py:4180} INFO - Setting next_dagrun for example_display_name to None, run_after=None
[2024-09-27T14:23:23.371+0200] {processor.py:208} INFO - Processing /home/julian/.cache/pypoetry/virtualenvs/real-time-data-lake-QWGm5iRW-py3.11/lib/python3.11/site-packages/airflow/example_dags/example_display_name.py took 0.047 seconds
[2024-09-27T14:24:40.409+0200] {processor.py:186} INFO - Started process (PID=280680) to work on /home/julian/.cache/pypoetry/virtualenvs/real-time-data-lake-QWGm5iRW-py3.11/lib/python3.11/site-packages/airflow/example_dags/example_display_name.py
[2024-09-27T14:24:40.415+0200] {processor.py:914} INFO - Processing file /home/julian/.cache/pypoetry/virtualenvs/real-time-data-lake-QWGm5iRW-py3.11/lib/python3.11/site-packages/airflow/example_dags/example_display_name.py for tasks to queue
[2024-09-27T14:24:40.417+0200] {logging_mixin.py:190} INFO - [2024-09-27T14:24:40.417+0200] {dagbag.py:588} INFO - Filling up the DagBag from /home/julian/.cache/pypoetry/virtualenvs/real-time-data-lake-QWGm5iRW-py3.11/lib/python3.11/site-packages/airflow/example_dags/example_display_name.py
[2024-09-27T14:24:40.427+0200] {processor.py:925} INFO - DAG(s) 'example_display_name' retrieved from /home/julian/.cache/pypoetry/virtualenvs/real-time-data-lake-QWGm5iRW-py3.11/lib/python3.11/site-packages/airflow/example_dags/example_display_name.py
[2024-09-27T14:24:40.446+0200] {logging_mixin.py:190} INFO - [2024-09-27T14:24:40.446+0200] {dag.py:3239} INFO - Sync 1 DAGs
[2024-09-27T14:24:40.461+0200] {logging_mixin.py:190} INFO - [2024-09-27T14:24:40.461+0200] {dag.py:4180} INFO - Setting next_dagrun for example_display_name to None, run_after=None
[2024-09-27T14:24:40.474+0200] {processor.py:208} INFO - Processing /home/julian/.cache/pypoetry/virtualenvs/real-time-data-lake-QWGm5iRW-py3.11/lib/python3.11/site-packages/airflow/example_dags/example_display_name.py took 0.072 seconds
[2024-09-27T14:30:55.105+0200] {processor.py:186} INFO - Started process (PID=281488) to work on /home/julian/.cache/pypoetry/virtualenvs/real-time-data-lake-QWGm5iRW-py3.11/lib/python3.11/site-packages/airflow/example_dags/example_display_name.py
[2024-09-27T14:30:55.105+0200] {processor.py:914} INFO - Processing file /home/julian/.cache/pypoetry/virtualenvs/real-time-data-lake-QWGm5iRW-py3.11/lib/python3.11/site-packages/airflow/example_dags/example_display_name.py for tasks to queue
[2024-09-27T14:30:55.108+0200] {logging_mixin.py:190} INFO - [2024-09-27T14:30:55.107+0200] {dagbag.py:588} INFO - Filling up the DagBag from /home/julian/.cache/pypoetry/virtualenvs/real-time-data-lake-QWGm5iRW-py3.11/lib/python3.11/site-packages/airflow/example_dags/example_display_name.py
[2024-09-27T14:30:55.117+0200] {processor.py:925} INFO - DAG(s) 'example_display_name' retrieved from /home/julian/.cache/pypoetry/virtualenvs/real-time-data-lake-QWGm5iRW-py3.11/lib/python3.11/site-packages/airflow/example_dags/example_display_name.py
[2024-09-27T14:30:55.134+0200] {logging_mixin.py:190} INFO - [2024-09-27T14:30:55.134+0200] {dag.py:3239} INFO - Sync 1 DAGs
[2024-09-27T14:30:55.152+0200] {logging_mixin.py:190} INFO - [2024-09-27T14:30:55.152+0200] {dag.py:4180} INFO - Setting next_dagrun for example_display_name to None, run_after=None
[2024-09-27T14:30:55.168+0200] {processor.py:208} INFO - Processing /home/julian/.cache/pypoetry/virtualenvs/real-time-data-lake-QWGm5iRW-py3.11/lib/python3.11/site-packages/airflow/example_dags/example_display_name.py took 0.070 seconds
[2024-09-27T14:31:50.179+0200] {processor.py:186} INFO - Started process (PID=281576) to work on /home/julian/.cache/pypoetry/virtualenvs/real-time-data-lake-QWGm5iRW-py3.11/lib/python3.11/site-packages/airflow/example_dags/example_display_name.py
[2024-09-27T14:31:50.185+0200] {processor.py:914} INFO - Processing file /home/julian/.cache/pypoetry/virtualenvs/real-time-data-lake-QWGm5iRW-py3.11/lib/python3.11/site-packages/airflow/example_dags/example_display_name.py for tasks to queue
[2024-09-27T14:31:50.187+0200] {logging_mixin.py:190} INFO - [2024-09-27T14:31:50.187+0200] {dagbag.py:588} INFO - Filling up the DagBag from /home/julian/.cache/pypoetry/virtualenvs/real-time-data-lake-QWGm5iRW-py3.11/lib/python3.11/site-packages/airflow/example_dags/example_display_name.py
[2024-09-27T14:31:50.197+0200] {processor.py:925} INFO - DAG(s) 'example_display_name' retrieved from /home/julian/.cache/pypoetry/virtualenvs/real-time-data-lake-QWGm5iRW-py3.11/lib/python3.11/site-packages/airflow/example_dags/example_display_name.py
[2024-09-27T14:31:50.216+0200] {logging_mixin.py:190} INFO - [2024-09-27T14:31:50.216+0200] {dag.py:3239} INFO - Sync 1 DAGs
[2024-09-27T14:31:50.230+0200] {logging_mixin.py:190} INFO - [2024-09-27T14:31:50.229+0200] {dag.py:4180} INFO - Setting next_dagrun for example_display_name to None, run_after=None
[2024-09-27T14:31:50.243+0200] {processor.py:208} INFO - Processing /home/julian/.cache/pypoetry/virtualenvs/real-time-data-lake-QWGm5iRW-py3.11/lib/python3.11/site-packages/airflow/example_dags/example_display_name.py took 0.072 seconds
[2024-09-27T14:33:02.834+0200] {processor.py:186} INFO - Started process (PID=281765) to work on /home/julian/.cache/pypoetry/virtualenvs/real-time-data-lake-QWGm5iRW-py3.11/lib/python3.11/site-packages/airflow/example_dags/example_display_name.py
[2024-09-27T14:33:02.835+0200] {processor.py:914} INFO - Processing file /home/julian/.cache/pypoetry/virtualenvs/real-time-data-lake-QWGm5iRW-py3.11/lib/python3.11/site-packages/airflow/example_dags/example_display_name.py for tasks to queue
[2024-09-27T14:33:02.837+0200] {logging_mixin.py:190} INFO - [2024-09-27T14:33:02.837+0200] {dagbag.py:588} INFO - Filling up the DagBag from /home/julian/.cache/pypoetry/virtualenvs/real-time-data-lake-QWGm5iRW-py3.11/lib/python3.11/site-packages/airflow/example_dags/example_display_name.py
[2024-09-27T14:33:02.847+0200] {processor.py:925} INFO - DAG(s) 'example_display_name' retrieved from /home/julian/.cache/pypoetry/virtualenvs/real-time-data-lake-QWGm5iRW-py3.11/lib/python3.11/site-packages/airflow/example_dags/example_display_name.py
[2024-09-27T14:33:02.865+0200] {logging_mixin.py:190} INFO - [2024-09-27T14:33:02.865+0200] {dag.py:3239} INFO - Sync 1 DAGs
[2024-09-27T14:33:02.882+0200] {logging_mixin.py:190} INFO - [2024-09-27T14:33:02.881+0200] {dag.py:4180} INFO - Setting next_dagrun for example_display_name to None, run_after=None
[2024-09-27T14:33:02.900+0200] {processor.py:208} INFO - Processing /home/julian/.cache/pypoetry/virtualenvs/real-time-data-lake-QWGm5iRW-py3.11/lib/python3.11/site-packages/airflow/example_dags/example_display_name.py took 0.072 seconds
[2024-09-27T14:34:16.269+0200] {processor.py:186} INFO - Started process (PID=281916) to work on /home/julian/.cache/pypoetry/virtualenvs/real-time-data-lake-QWGm5iRW-py3.11/lib/python3.11/site-packages/airflow/example_dags/example_display_name.py
[2024-09-27T14:34:16.275+0200] {processor.py:914} INFO - Processing file /home/julian/.cache/pypoetry/virtualenvs/real-time-data-lake-QWGm5iRW-py3.11/lib/python3.11/site-packages/airflow/example_dags/example_display_name.py for tasks to queue
[2024-09-27T14:34:16.277+0200] {logging_mixin.py:190} INFO - [2024-09-27T14:34:16.277+0200] {dagbag.py:588} INFO - Filling up the DagBag from /home/julian/.cache/pypoetry/virtualenvs/real-time-data-lake-QWGm5iRW-py3.11/lib/python3.11/site-packages/airflow/example_dags/example_display_name.py
[2024-09-27T14:34:16.286+0200] {processor.py:925} INFO - DAG(s) 'example_display_name' retrieved from /home/julian/.cache/pypoetry/virtualenvs/real-time-data-lake-QWGm5iRW-py3.11/lib/python3.11/site-packages/airflow/example_dags/example_display_name.py
[2024-09-27T14:34:16.306+0200] {logging_mixin.py:190} INFO - [2024-09-27T14:34:16.305+0200] {dag.py:3239} INFO - Sync 1 DAGs
[2024-09-27T14:34:16.321+0200] {logging_mixin.py:190} INFO - [2024-09-27T14:34:16.321+0200] {dag.py:4180} INFO - Setting next_dagrun for example_display_name to None, run_after=None
[2024-09-27T14:34:16.335+0200] {processor.py:208} INFO - Processing /home/julian/.cache/pypoetry/virtualenvs/real-time-data-lake-QWGm5iRW-py3.11/lib/python3.11/site-packages/airflow/example_dags/example_display_name.py took 0.074 seconds
[2024-09-27T14:35:28.516+0200] {processor.py:186} INFO - Started process (PID=282161) to work on /home/julian/.cache/pypoetry/virtualenvs/real-time-data-lake-QWGm5iRW-py3.11/lib/python3.11/site-packages/airflow/example_dags/example_display_name.py
[2024-09-27T14:35:28.522+0200] {processor.py:914} INFO - Processing file /home/julian/.cache/pypoetry/virtualenvs/real-time-data-lake-QWGm5iRW-py3.11/lib/python3.11/site-packages/airflow/example_dags/example_display_name.py for tasks to queue
[2024-09-27T14:35:28.524+0200] {logging_mixin.py:190} INFO - [2024-09-27T14:35:28.524+0200] {dagbag.py:588} INFO - Filling up the DagBag from /home/julian/.cache/pypoetry/virtualenvs/real-time-data-lake-QWGm5iRW-py3.11/lib/python3.11/site-packages/airflow/example_dags/example_display_name.py
[2024-09-27T14:35:28.534+0200] {processor.py:925} INFO - DAG(s) 'example_display_name' retrieved from /home/julian/.cache/pypoetry/virtualenvs/real-time-data-lake-QWGm5iRW-py3.11/lib/python3.11/site-packages/airflow/example_dags/example_display_name.py
[2024-09-27T14:35:28.553+0200] {logging_mixin.py:190} INFO - [2024-09-27T14:35:28.553+0200] {dag.py:3239} INFO - Sync 1 DAGs
[2024-09-27T14:35:28.568+0200] {logging_mixin.py:190} INFO - [2024-09-27T14:35:28.568+0200] {dag.py:4180} INFO - Setting next_dagrun for example_display_name to None, run_after=None
[2024-09-27T14:35:28.583+0200] {processor.py:208} INFO - Processing /home/julian/.cache/pypoetry/virtualenvs/real-time-data-lake-QWGm5iRW-py3.11/lib/python3.11/site-packages/airflow/example_dags/example_display_name.py took 0.074 seconds
[2024-09-27T14:36:39.370+0200] {processor.py:186} INFO - Started process (PID=282274) to work on /home/julian/.cache/pypoetry/virtualenvs/real-time-data-lake-QWGm5iRW-py3.11/lib/python3.11/site-packages/airflow/example_dags/example_display_name.py
[2024-09-27T14:36:39.376+0200] {processor.py:914} INFO - Processing file /home/julian/.cache/pypoetry/virtualenvs/real-time-data-lake-QWGm5iRW-py3.11/lib/python3.11/site-packages/airflow/example_dags/example_display_name.py for tasks to queue
[2024-09-27T14:36:39.379+0200] {logging_mixin.py:190} INFO - [2024-09-27T14:36:39.378+0200] {dagbag.py:588} INFO - Filling up the DagBag from /home/julian/.cache/pypoetry/virtualenvs/real-time-data-lake-QWGm5iRW-py3.11/lib/python3.11/site-packages/airflow/example_dags/example_display_name.py
[2024-09-27T14:36:39.388+0200] {processor.py:925} INFO - DAG(s) 'example_display_name' retrieved from /home/julian/.cache/pypoetry/virtualenvs/real-time-data-lake-QWGm5iRW-py3.11/lib/python3.11/site-packages/airflow/example_dags/example_display_name.py
[2024-09-27T14:36:39.407+0200] {logging_mixin.py:190} INFO - [2024-09-27T14:36:39.407+0200] {dag.py:3239} INFO - Sync 1 DAGs
[2024-09-27T14:36:39.424+0200] {logging_mixin.py:190} INFO - [2024-09-27T14:36:39.423+0200] {dag.py:4180} INFO - Setting next_dagrun for example_display_name to None, run_after=None
[2024-09-27T14:36:39.438+0200] {processor.py:208} INFO - Processing /home/julian/.cache/pypoetry/virtualenvs/real-time-data-lake-QWGm5iRW-py3.11/lib/python3.11/site-packages/airflow/example_dags/example_display_name.py took 0.075 seconds
[2024-09-27T14:37:55.878+0200] {processor.py:186} INFO - Started process (PID=282539) to work on /home/julian/.cache/pypoetry/virtualenvs/real-time-data-lake-QWGm5iRW-py3.11/lib/python3.11/site-packages/airflow/example_dags/example_display_name.py
[2024-09-27T14:37:55.884+0200] {processor.py:914} INFO - Processing file /home/julian/.cache/pypoetry/virtualenvs/real-time-data-lake-QWGm5iRW-py3.11/lib/python3.11/site-packages/airflow/example_dags/example_display_name.py for tasks to queue
[2024-09-27T14:37:55.887+0200] {logging_mixin.py:190} INFO - [2024-09-27T14:37:55.886+0200] {dagbag.py:588} INFO - Filling up the DagBag from /home/julian/.cache/pypoetry/virtualenvs/real-time-data-lake-QWGm5iRW-py3.11/lib/python3.11/site-packages/airflow/example_dags/example_display_name.py
[2024-09-27T14:37:55.896+0200] {processor.py:925} INFO - DAG(s) 'example_display_name' retrieved from /home/julian/.cache/pypoetry/virtualenvs/real-time-data-lake-QWGm5iRW-py3.11/lib/python3.11/site-packages/airflow/example_dags/example_display_name.py
[2024-09-27T14:37:55.915+0200] {logging_mixin.py:190} INFO - [2024-09-27T14:37:55.915+0200] {dag.py:3239} INFO - Sync 1 DAGs
[2024-09-27T14:37:55.929+0200] {logging_mixin.py:190} INFO - [2024-09-27T14:37:55.929+0200] {dag.py:4180} INFO - Setting next_dagrun for example_display_name to None, run_after=None
[2024-09-27T14:37:55.944+0200] {processor.py:208} INFO - Processing /home/julian/.cache/pypoetry/virtualenvs/real-time-data-lake-QWGm5iRW-py3.11/lib/python3.11/site-packages/airflow/example_dags/example_display_name.py took 0.073 seconds
[2024-09-27T14:39:10.593+0200] {processor.py:186} INFO - Started process (PID=282860) to work on /home/julian/.cache/pypoetry/virtualenvs/real-time-data-lake-QWGm5iRW-py3.11/lib/python3.11/site-packages/airflow/example_dags/example_display_name.py
[2024-09-27T14:39:10.599+0200] {processor.py:914} INFO - Processing file /home/julian/.cache/pypoetry/virtualenvs/real-time-data-lake-QWGm5iRW-py3.11/lib/python3.11/site-packages/airflow/example_dags/example_display_name.py for tasks to queue
[2024-09-27T14:39:10.602+0200] {logging_mixin.py:190} INFO - [2024-09-27T14:39:10.601+0200] {dagbag.py:588} INFO - Filling up the DagBag from /home/julian/.cache/pypoetry/virtualenvs/real-time-data-lake-QWGm5iRW-py3.11/lib/python3.11/site-packages/airflow/example_dags/example_display_name.py
[2024-09-27T14:39:10.611+0200] {processor.py:925} INFO - DAG(s) 'example_display_name' retrieved from /home/julian/.cache/pypoetry/virtualenvs/real-time-data-lake-QWGm5iRW-py3.11/lib/python3.11/site-packages/airflow/example_dags/example_display_name.py
[2024-09-27T14:39:10.631+0200] {logging_mixin.py:190} INFO - [2024-09-27T14:39:10.630+0200] {dag.py:3239} INFO - Sync 1 DAGs
[2024-09-27T14:39:10.647+0200] {logging_mixin.py:190} INFO - [2024-09-27T14:39:10.647+0200] {dag.py:4180} INFO - Setting next_dagrun for example_display_name to None, run_after=None
[2024-09-27T14:39:10.661+0200] {processor.py:208} INFO - Processing /home/julian/.cache/pypoetry/virtualenvs/real-time-data-lake-QWGm5iRW-py3.11/lib/python3.11/site-packages/airflow/example_dags/example_display_name.py took 0.075 seconds
