[2024-09-27T14:20:29.432+0200] {processor.py:186} INFO - Started process (PID=280039) to work on /home/julian/.cache/pypoetry/virtualenvs/real-time-data-lake-QWGm5iRW-py3.11/lib/python3.11/site-packages/airflow/example_dags/example_dynamic_task_mapping.py
[2024-09-27T14:20:29.433+0200] {processor.py:914} INFO - Processing file /home/julian/.cache/pypoetry/virtualenvs/real-time-data-lake-QWGm5iRW-py3.11/lib/python3.11/site-packages/airflow/example_dags/example_dynamic_task_mapping.py for tasks to queue
[2024-09-27T14:20:29.436+0200] {logging_mixin.py:190} INFO - [2024-09-27T14:20:29.435+0200] {dagbag.py:588} INFO - Filling up the DagBag from /home/julian/.cache/pypoetry/virtualenvs/real-time-data-lake-QWGm5iRW-py3.11/lib/python3.11/site-packages/airflow/example_dags/example_dynamic_task_mapping.py
[2024-09-27T14:20:29.446+0200] {processor.py:925} INFO - DAG(s) 'example_dynamic_task_mapping' retrieved from /home/julian/.cache/pypoetry/virtualenvs/real-time-data-lake-QWGm5iRW-py3.11/lib/python3.11/site-packages/airflow/example_dags/example_dynamic_task_mapping.py
[2024-09-27T14:20:29.522+0200] {logging_mixin.py:190} INFO - [2024-09-27T14:20:29.522+0200] {override.py:1901} INFO - Created Permission View: can delete on DAG:example_dynamic_task_mapping
[2024-09-27T14:20:29.529+0200] {logging_mixin.py:190} INFO - [2024-09-27T14:20:29.529+0200] {override.py:1901} INFO - Created Permission View: can read on DAG:example_dynamic_task_mapping
[2024-09-27T14:20:29.535+0200] {logging_mixin.py:190} INFO - [2024-09-27T14:20:29.535+0200] {override.py:1901} INFO - Created Permission View: can edit on DAG:example_dynamic_task_mapping
[2024-09-27T14:20:29.544+0200] {logging_mixin.py:190} INFO - [2024-09-27T14:20:29.544+0200] {override.py:1901} INFO - Created Permission View: can create on DAG Run:example_dynamic_task_mapping
[2024-09-27T14:20:29.549+0200] {logging_mixin.py:190} INFO - [2024-09-27T14:20:29.549+0200] {override.py:1901} INFO - Created Permission View: can delete on DAG Run:example_dynamic_task_mapping
[2024-09-27T14:20:29.556+0200] {logging_mixin.py:190} INFO - [2024-09-27T14:20:29.556+0200] {override.py:1901} INFO - Created Permission View: can read on DAG Run:example_dynamic_task_mapping
[2024-09-27T14:20:29.563+0200] {logging_mixin.py:190} INFO - [2024-09-27T14:20:29.562+0200] {override.py:1901} INFO - Created Permission View: menu access on DAG Run:example_dynamic_task_mapping
[2024-09-27T14:20:29.563+0200] {logging_mixin.py:190} INFO - [2024-09-27T14:20:29.563+0200] {dag.py:3239} INFO - Sync 1 DAGs
[2024-09-27T14:20:29.570+0200] {logging_mixin.py:190} INFO - [2024-09-27T14:20:29.570+0200] {dag.py:3262} INFO - Creating ORM DAG for example_dynamic_task_mapping
[2024-09-27T14:20:29.571+0200] {logging_mixin.py:190} INFO - [2024-09-27T14:20:29.571+0200] {dag.py:4180} INFO - Setting next_dagrun for example_dynamic_task_mapping to None, run_after=None
[2024-09-27T14:20:29.582+0200] {processor.py:208} INFO - Processing /home/julian/.cache/pypoetry/virtualenvs/real-time-data-lake-QWGm5iRW-py3.11/lib/python3.11/site-packages/airflow/example_dags/example_dynamic_task_mapping.py took 0.156 seconds
[2024-09-27T14:22:10.889+0200] {processor.py:186} INFO - Started process (PID=280238) to work on /home/julian/.cache/pypoetry/virtualenvs/real-time-data-lake-QWGm5iRW-py3.11/lib/python3.11/site-packages/airflow/example_dags/example_dynamic_task_mapping.py
[2024-09-27T14:22:10.890+0200] {processor.py:914} INFO - Processing file /home/julian/.cache/pypoetry/virtualenvs/real-time-data-lake-QWGm5iRW-py3.11/lib/python3.11/site-packages/airflow/example_dags/example_dynamic_task_mapping.py for tasks to queue
[2024-09-27T14:22:10.892+0200] {logging_mixin.py:190} INFO - [2024-09-27T14:22:10.892+0200] {dagbag.py:588} INFO - Filling up the DagBag from /home/julian/.cache/pypoetry/virtualenvs/real-time-data-lake-QWGm5iRW-py3.11/lib/python3.11/site-packages/airflow/example_dags/example_dynamic_task_mapping.py
[2024-09-27T14:22:10.903+0200] {processor.py:925} INFO - DAG(s) 'example_dynamic_task_mapping' retrieved from /home/julian/.cache/pypoetry/virtualenvs/real-time-data-lake-QWGm5iRW-py3.11/lib/python3.11/site-packages/airflow/example_dags/example_dynamic_task_mapping.py
[2024-09-27T14:22:10.925+0200] {logging_mixin.py:190} INFO - [2024-09-27T14:22:10.924+0200] {dag.py:3239} INFO - Sync 1 DAGs
[2024-09-27T14:22:10.934+0200] {logging_mixin.py:190} INFO - [2024-09-27T14:22:10.933+0200] {dag.py:4180} INFO - Setting next_dagrun for example_dynamic_task_mapping to None, run_after=None
[2024-09-27T14:22:10.948+0200] {processor.py:208} INFO - Processing /home/julian/.cache/pypoetry/virtualenvs/real-time-data-lake-QWGm5iRW-py3.11/lib/python3.11/site-packages/airflow/example_dags/example_dynamic_task_mapping.py took 0.066 seconds
[2024-09-27T14:23:05.494+0200] {processor.py:186} INFO - Started process (PID=280357) to work on /home/julian/.cache/pypoetry/virtualenvs/real-time-data-lake-QWGm5iRW-py3.11/lib/python3.11/site-packages/airflow/example_dags/example_dynamic_task_mapping.py
[2024-09-27T14:23:05.495+0200] {processor.py:914} INFO - Processing file /home/julian/.cache/pypoetry/virtualenvs/real-time-data-lake-QWGm5iRW-py3.11/lib/python3.11/site-packages/airflow/example_dags/example_dynamic_task_mapping.py for tasks to queue
[2024-09-27T14:23:05.496+0200] {logging_mixin.py:190} INFO - [2024-09-27T14:23:05.496+0200] {dagbag.py:588} INFO - Filling up the DagBag from /home/julian/.cache/pypoetry/virtualenvs/real-time-data-lake-QWGm5iRW-py3.11/lib/python3.11/site-packages/airflow/example_dags/example_dynamic_task_mapping.py
[2024-09-27T14:23:05.502+0200] {processor.py:925} INFO - DAG(s) 'example_dynamic_task_mapping' retrieved from /home/julian/.cache/pypoetry/virtualenvs/real-time-data-lake-QWGm5iRW-py3.11/lib/python3.11/site-packages/airflow/example_dags/example_dynamic_task_mapping.py
[2024-09-27T14:23:05.511+0200] {logging_mixin.py:190} INFO - [2024-09-27T14:23:05.511+0200] {dag.py:3239} INFO - Sync 1 DAGs
[2024-09-27T14:23:05.519+0200] {logging_mixin.py:190} INFO - [2024-09-27T14:23:05.519+0200] {dag.py:4180} INFO - Setting next_dagrun for example_dynamic_task_mapping to None, run_after=None
[2024-09-27T14:23:05.532+0200] {processor.py:208} INFO - Processing /home/julian/.cache/pypoetry/virtualenvs/real-time-data-lake-QWGm5iRW-py3.11/lib/python3.11/site-packages/airflow/example_dags/example_dynamic_task_mapping.py took 0.043 seconds
[2024-09-27T14:24:01.000+0200] {processor.py:186} INFO - Started process (PID=280502) to work on /home/julian/.cache/pypoetry/virtualenvs/real-time-data-lake-QWGm5iRW-py3.11/lib/python3.11/site-packages/airflow/example_dags/example_dynamic_task_mapping.py
[2024-09-27T14:24:01.006+0200] {processor.py:914} INFO - Processing file /home/julian/.cache/pypoetry/virtualenvs/real-time-data-lake-QWGm5iRW-py3.11/lib/python3.11/site-packages/airflow/example_dags/example_dynamic_task_mapping.py for tasks to queue
[2024-09-27T14:24:01.007+0200] {logging_mixin.py:190} INFO - [2024-09-27T14:24:01.007+0200] {dagbag.py:588} INFO - Filling up the DagBag from /home/julian/.cache/pypoetry/virtualenvs/real-time-data-lake-QWGm5iRW-py3.11/lib/python3.11/site-packages/airflow/example_dags/example_dynamic_task_mapping.py
[2024-09-27T14:24:01.012+0200] {processor.py:925} INFO - DAG(s) 'example_dynamic_task_mapping' retrieved from /home/julian/.cache/pypoetry/virtualenvs/real-time-data-lake-QWGm5iRW-py3.11/lib/python3.11/site-packages/airflow/example_dags/example_dynamic_task_mapping.py
[2024-09-27T14:24:01.021+0200] {logging_mixin.py:190} INFO - [2024-09-27T14:24:01.021+0200] {dag.py:3239} INFO - Sync 1 DAGs
[2024-09-27T14:24:01.029+0200] {logging_mixin.py:190} INFO - [2024-09-27T14:24:01.029+0200] {dag.py:4180} INFO - Setting next_dagrun for example_dynamic_task_mapping to None, run_after=None
[2024-09-27T14:24:01.041+0200] {processor.py:208} INFO - Processing /home/julian/.cache/pypoetry/virtualenvs/real-time-data-lake-QWGm5iRW-py3.11/lib/python3.11/site-packages/airflow/example_dags/example_dynamic_task_mapping.py took 0.047 seconds
[2024-09-27T14:24:52.390+0200] {processor.py:186} INFO - Started process (PID=280715) to work on /home/julian/.cache/pypoetry/virtualenvs/real-time-data-lake-QWGm5iRW-py3.11/lib/python3.11/site-packages/airflow/example_dags/example_dynamic_task_mapping.py
[2024-09-27T14:24:52.396+0200] {processor.py:914} INFO - Processing file /home/julian/.cache/pypoetry/virtualenvs/real-time-data-lake-QWGm5iRW-py3.11/lib/python3.11/site-packages/airflow/example_dags/example_dynamic_task_mapping.py for tasks to queue
[2024-09-27T14:24:52.399+0200] {logging_mixin.py:190} INFO - [2024-09-27T14:24:52.398+0200] {dagbag.py:588} INFO - Filling up the DagBag from /home/julian/.cache/pypoetry/virtualenvs/real-time-data-lake-QWGm5iRW-py3.11/lib/python3.11/site-packages/airflow/example_dags/example_dynamic_task_mapping.py
[2024-09-27T14:24:52.409+0200] {processor.py:925} INFO - DAG(s) 'example_dynamic_task_mapping' retrieved from /home/julian/.cache/pypoetry/virtualenvs/real-time-data-lake-QWGm5iRW-py3.11/lib/python3.11/site-packages/airflow/example_dags/example_dynamic_task_mapping.py
[2024-09-27T14:24:52.428+0200] {logging_mixin.py:190} INFO - [2024-09-27T14:24:52.428+0200] {dag.py:3239} INFO - Sync 1 DAGs
[2024-09-27T14:24:52.442+0200] {logging_mixin.py:190} INFO - [2024-09-27T14:24:52.442+0200] {dag.py:4180} INFO - Setting next_dagrun for example_dynamic_task_mapping to None, run_after=None
[2024-09-27T14:24:52.455+0200] {processor.py:208} INFO - Processing /home/julian/.cache/pypoetry/virtualenvs/real-time-data-lake-QWGm5iRW-py3.11/lib/python3.11/site-packages/airflow/example_dags/example_dynamic_task_mapping.py took 0.072 seconds
[2024-09-27T14:30:38.867+0200] {processor.py:186} INFO - Started process (PID=281432) to work on /home/julian/.cache/pypoetry/virtualenvs/real-time-data-lake-QWGm5iRW-py3.11/lib/python3.11/site-packages/airflow/example_dags/example_dynamic_task_mapping.py
[2024-09-27T14:30:38.873+0200] {processor.py:914} INFO - Processing file /home/julian/.cache/pypoetry/virtualenvs/real-time-data-lake-QWGm5iRW-py3.11/lib/python3.11/site-packages/airflow/example_dags/example_dynamic_task_mapping.py for tasks to queue
[2024-09-27T14:30:38.876+0200] {logging_mixin.py:190} INFO - [2024-09-27T14:30:38.875+0200] {dagbag.py:588} INFO - Filling up the DagBag from /home/julian/.cache/pypoetry/virtualenvs/real-time-data-lake-QWGm5iRW-py3.11/lib/python3.11/site-packages/airflow/example_dags/example_dynamic_task_mapping.py
[2024-09-27T14:30:38.886+0200] {processor.py:925} INFO - DAG(s) 'example_dynamic_task_mapping' retrieved from /home/julian/.cache/pypoetry/virtualenvs/real-time-data-lake-QWGm5iRW-py3.11/lib/python3.11/site-packages/airflow/example_dags/example_dynamic_task_mapping.py
[2024-09-27T14:30:38.908+0200] {logging_mixin.py:190} INFO - [2024-09-27T14:30:38.908+0200] {dag.py:3239} INFO - Sync 1 DAGs
[2024-09-27T14:30:38.922+0200] {logging_mixin.py:190} INFO - [2024-09-27T14:30:38.922+0200] {dag.py:4180} INFO - Setting next_dagrun for example_dynamic_task_mapping to None, run_after=None
[2024-09-27T14:30:38.935+0200] {processor.py:208} INFO - Processing /home/julian/.cache/pypoetry/virtualenvs/real-time-data-lake-QWGm5iRW-py3.11/lib/python3.11/site-packages/airflow/example_dags/example_dynamic_task_mapping.py took 0.076 seconds
[2024-09-27T14:31:32.305+0200] {processor.py:186} INFO - Started process (PID=281548) to work on /home/julian/.cache/pypoetry/virtualenvs/real-time-data-lake-QWGm5iRW-py3.11/lib/python3.11/site-packages/airflow/example_dags/example_dynamic_task_mapping.py
[2024-09-27T14:31:32.311+0200] {processor.py:914} INFO - Processing file /home/julian/.cache/pypoetry/virtualenvs/real-time-data-lake-QWGm5iRW-py3.11/lib/python3.11/site-packages/airflow/example_dags/example_dynamic_task_mapping.py for tasks to queue
[2024-09-27T14:31:32.313+0200] {logging_mixin.py:190} INFO - [2024-09-27T14:31:32.313+0200] {dagbag.py:588} INFO - Filling up the DagBag from /home/julian/.cache/pypoetry/virtualenvs/real-time-data-lake-QWGm5iRW-py3.11/lib/python3.11/site-packages/airflow/example_dags/example_dynamic_task_mapping.py
[2024-09-27T14:31:32.323+0200] {processor.py:925} INFO - DAG(s) 'example_dynamic_task_mapping' retrieved from /home/julian/.cache/pypoetry/virtualenvs/real-time-data-lake-QWGm5iRW-py3.11/lib/python3.11/site-packages/airflow/example_dags/example_dynamic_task_mapping.py
[2024-09-27T14:31:32.343+0200] {logging_mixin.py:190} INFO - [2024-09-27T14:31:32.343+0200] {dag.py:3239} INFO - Sync 1 DAGs
[2024-09-27T14:31:32.358+0200] {logging_mixin.py:190} INFO - [2024-09-27T14:31:32.358+0200] {dag.py:4180} INFO - Setting next_dagrun for example_dynamic_task_mapping to None, run_after=None
[2024-09-27T14:31:32.370+0200] {processor.py:208} INFO - Processing /home/julian/.cache/pypoetry/virtualenvs/real-time-data-lake-QWGm5iRW-py3.11/lib/python3.11/site-packages/airflow/example_dags/example_dynamic_task_mapping.py took 0.073 seconds
[2024-09-27T14:32:26.819+0200] {processor.py:186} INFO - Started process (PID=281662) to work on /home/julian/.cache/pypoetry/virtualenvs/real-time-data-lake-QWGm5iRW-py3.11/lib/python3.11/site-packages/airflow/example_dags/example_dynamic_task_mapping.py
[2024-09-27T14:32:26.825+0200] {processor.py:914} INFO - Processing file /home/julian/.cache/pypoetry/virtualenvs/real-time-data-lake-QWGm5iRW-py3.11/lib/python3.11/site-packages/airflow/example_dags/example_dynamic_task_mapping.py for tasks to queue
[2024-09-27T14:32:26.829+0200] {logging_mixin.py:190} INFO - [2024-09-27T14:32:26.828+0200] {dagbag.py:588} INFO - Filling up the DagBag from /home/julian/.cache/pypoetry/virtualenvs/real-time-data-lake-QWGm5iRW-py3.11/lib/python3.11/site-packages/airflow/example_dags/example_dynamic_task_mapping.py
[2024-09-27T14:32:26.839+0200] {processor.py:925} INFO - DAG(s) 'example_dynamic_task_mapping' retrieved from /home/julian/.cache/pypoetry/virtualenvs/real-time-data-lake-QWGm5iRW-py3.11/lib/python3.11/site-packages/airflow/example_dags/example_dynamic_task_mapping.py
[2024-09-27T14:32:26.858+0200] {logging_mixin.py:190} INFO - [2024-09-27T14:32:26.858+0200] {dag.py:3239} INFO - Sync 1 DAGs
[2024-09-27T14:32:26.872+0200] {logging_mixin.py:190} INFO - [2024-09-27T14:32:26.872+0200] {dag.py:4180} INFO - Setting next_dagrun for example_dynamic_task_mapping to None, run_after=None
[2024-09-27T14:32:26.888+0200] {processor.py:208} INFO - Processing /home/julian/.cache/pypoetry/virtualenvs/real-time-data-lake-QWGm5iRW-py3.11/lib/python3.11/site-packages/airflow/example_dags/example_dynamic_task_mapping.py took 0.076 seconds
[2024-09-27T14:33:15.815+0200] {processor.py:186} INFO - Started process (PID=281789) to work on /home/julian/.cache/pypoetry/virtualenvs/real-time-data-lake-QWGm5iRW-py3.11/lib/python3.11/site-packages/airflow/example_dags/example_dynamic_task_mapping.py
[2024-09-27T14:33:15.816+0200] {processor.py:914} INFO - Processing file /home/julian/.cache/pypoetry/virtualenvs/real-time-data-lake-QWGm5iRW-py3.11/lib/python3.11/site-packages/airflow/example_dags/example_dynamic_task_mapping.py for tasks to queue
[2024-09-27T14:33:15.817+0200] {logging_mixin.py:190} INFO - [2024-09-27T14:33:15.817+0200] {dagbag.py:588} INFO - Filling up the DagBag from /home/julian/.cache/pypoetry/virtualenvs/real-time-data-lake-QWGm5iRW-py3.11/lib/python3.11/site-packages/airflow/example_dags/example_dynamic_task_mapping.py
[2024-09-27T14:33:15.822+0200] {processor.py:925} INFO - DAG(s) 'example_dynamic_task_mapping' retrieved from /home/julian/.cache/pypoetry/virtualenvs/real-time-data-lake-QWGm5iRW-py3.11/lib/python3.11/site-packages/airflow/example_dags/example_dynamic_task_mapping.py
[2024-09-27T14:33:15.832+0200] {logging_mixin.py:190} INFO - [2024-09-27T14:33:15.831+0200] {dag.py:3239} INFO - Sync 1 DAGs
[2024-09-27T14:33:15.839+0200] {logging_mixin.py:190} INFO - [2024-09-27T14:33:15.839+0200] {dag.py:4180} INFO - Setting next_dagrun for example_dynamic_task_mapping to None, run_after=None
[2024-09-27T14:33:15.852+0200] {processor.py:208} INFO - Processing /home/julian/.cache/pypoetry/virtualenvs/real-time-data-lake-QWGm5iRW-py3.11/lib/python3.11/site-packages/airflow/example_dags/example_dynamic_task_mapping.py took 0.045 seconds
[2024-09-27T14:34:06.023+0200] {processor.py:186} INFO - Started process (PID=281900) to work on /home/julian/.cache/pypoetry/virtualenvs/real-time-data-lake-QWGm5iRW-py3.11/lib/python3.11/site-packages/airflow/example_dags/example_dynamic_task_mapping.py
[2024-09-27T14:34:06.024+0200] {processor.py:914} INFO - Processing file /home/julian/.cache/pypoetry/virtualenvs/real-time-data-lake-QWGm5iRW-py3.11/lib/python3.11/site-packages/airflow/example_dags/example_dynamic_task_mapping.py for tasks to queue
[2024-09-27T14:34:06.026+0200] {logging_mixin.py:190} INFO - [2024-09-27T14:34:06.026+0200] {dagbag.py:588} INFO - Filling up the DagBag from /home/julian/.cache/pypoetry/virtualenvs/real-time-data-lake-QWGm5iRW-py3.11/lib/python3.11/site-packages/airflow/example_dags/example_dynamic_task_mapping.py
[2024-09-27T14:34:06.037+0200] {processor.py:925} INFO - DAG(s) 'example_dynamic_task_mapping' retrieved from /home/julian/.cache/pypoetry/virtualenvs/real-time-data-lake-QWGm5iRW-py3.11/lib/python3.11/site-packages/airflow/example_dags/example_dynamic_task_mapping.py
[2024-09-27T14:34:06.057+0200] {logging_mixin.py:190} INFO - [2024-09-27T14:34:06.056+0200] {dag.py:3239} INFO - Sync 1 DAGs
[2024-09-27T14:34:06.068+0200] {logging_mixin.py:190} INFO - [2024-09-27T14:34:06.068+0200] {dag.py:4180} INFO - Setting next_dagrun for example_dynamic_task_mapping to None, run_after=None
[2024-09-27T14:34:06.080+0200] {processor.py:208} INFO - Processing /home/julian/.cache/pypoetry/virtualenvs/real-time-data-lake-QWGm5iRW-py3.11/lib/python3.11/site-packages/airflow/example_dags/example_dynamic_task_mapping.py took 0.065 seconds
[2024-09-27T14:34:54.416+0200] {processor.py:186} INFO - Started process (PID=282111) to work on /home/julian/.cache/pypoetry/virtualenvs/real-time-data-lake-QWGm5iRW-py3.11/lib/python3.11/site-packages/airflow/example_dags/example_dynamic_task_mapping.py
[2024-09-27T14:34:54.422+0200] {processor.py:914} INFO - Processing file /home/julian/.cache/pypoetry/virtualenvs/real-time-data-lake-QWGm5iRW-py3.11/lib/python3.11/site-packages/airflow/example_dags/example_dynamic_task_mapping.py for tasks to queue
[2024-09-27T14:34:54.425+0200] {logging_mixin.py:190} INFO - [2024-09-27T14:34:54.424+0200] {dagbag.py:588} INFO - Filling up the DagBag from /home/julian/.cache/pypoetry/virtualenvs/real-time-data-lake-QWGm5iRW-py3.11/lib/python3.11/site-packages/airflow/example_dags/example_dynamic_task_mapping.py
[2024-09-27T14:34:54.435+0200] {processor.py:925} INFO - DAG(s) 'example_dynamic_task_mapping' retrieved from /home/julian/.cache/pypoetry/virtualenvs/real-time-data-lake-QWGm5iRW-py3.11/lib/python3.11/site-packages/airflow/example_dags/example_dynamic_task_mapping.py
[2024-09-27T14:34:54.455+0200] {logging_mixin.py:190} INFO - [2024-09-27T14:34:54.454+0200] {dag.py:3239} INFO - Sync 1 DAGs
[2024-09-27T14:34:54.469+0200] {logging_mixin.py:190} INFO - [2024-09-27T14:34:54.469+0200] {dag.py:4180} INFO - Setting next_dagrun for example_dynamic_task_mapping to None, run_after=None
[2024-09-27T14:34:54.482+0200] {processor.py:208} INFO - Processing /home/julian/.cache/pypoetry/virtualenvs/real-time-data-lake-QWGm5iRW-py3.11/lib/python3.11/site-packages/airflow/example_dags/example_dynamic_task_mapping.py took 0.073 seconds
[2024-09-27T14:35:42.516+0200] {processor.py:186} INFO - Started process (PID=282187) to work on /home/julian/.cache/pypoetry/virtualenvs/real-time-data-lake-QWGm5iRW-py3.11/lib/python3.11/site-packages/airflow/example_dags/example_dynamic_task_mapping.py
[2024-09-27T14:35:42.517+0200] {processor.py:914} INFO - Processing file /home/julian/.cache/pypoetry/virtualenvs/real-time-data-lake-QWGm5iRW-py3.11/lib/python3.11/site-packages/airflow/example_dags/example_dynamic_task_mapping.py for tasks to queue
[2024-09-27T14:35:42.520+0200] {logging_mixin.py:190} INFO - [2024-09-27T14:35:42.519+0200] {dagbag.py:588} INFO - Filling up the DagBag from /home/julian/.cache/pypoetry/virtualenvs/real-time-data-lake-QWGm5iRW-py3.11/lib/python3.11/site-packages/airflow/example_dags/example_dynamic_task_mapping.py
[2024-09-27T14:35:42.530+0200] {processor.py:925} INFO - DAG(s) 'example_dynamic_task_mapping' retrieved from /home/julian/.cache/pypoetry/virtualenvs/real-time-data-lake-QWGm5iRW-py3.11/lib/python3.11/site-packages/airflow/example_dags/example_dynamic_task_mapping.py
[2024-09-27T14:35:42.551+0200] {logging_mixin.py:190} INFO - [2024-09-27T14:35:42.551+0200] {dag.py:3239} INFO - Sync 1 DAGs
[2024-09-27T14:35:42.563+0200] {logging_mixin.py:190} INFO - [2024-09-27T14:35:42.563+0200] {dag.py:4180} INFO - Setting next_dagrun for example_dynamic_task_mapping to None, run_after=None
[2024-09-27T14:35:42.578+0200] {processor.py:208} INFO - Processing /home/julian/.cache/pypoetry/virtualenvs/real-time-data-lake-QWGm5iRW-py3.11/lib/python3.11/site-packages/airflow/example_dags/example_dynamic_task_mapping.py took 0.069 seconds
[2024-09-27T14:36:30.769+0200] {processor.py:186} INFO - Started process (PID=282260) to work on /home/julian/.cache/pypoetry/virtualenvs/real-time-data-lake-QWGm5iRW-py3.11/lib/python3.11/site-packages/airflow/example_dags/example_dynamic_task_mapping.py
[2024-09-27T14:36:30.775+0200] {processor.py:914} INFO - Processing file /home/julian/.cache/pypoetry/virtualenvs/real-time-data-lake-QWGm5iRW-py3.11/lib/python3.11/site-packages/airflow/example_dags/example_dynamic_task_mapping.py for tasks to queue
[2024-09-27T14:36:30.777+0200] {logging_mixin.py:190} INFO - [2024-09-27T14:36:30.777+0200] {dagbag.py:588} INFO - Filling up the DagBag from /home/julian/.cache/pypoetry/virtualenvs/real-time-data-lake-QWGm5iRW-py3.11/lib/python3.11/site-packages/airflow/example_dags/example_dynamic_task_mapping.py
[2024-09-27T14:36:30.792+0200] {processor.py:925} INFO - DAG(s) 'example_dynamic_task_mapping' retrieved from /home/julian/.cache/pypoetry/virtualenvs/real-time-data-lake-QWGm5iRW-py3.11/lib/python3.11/site-packages/airflow/example_dags/example_dynamic_task_mapping.py
[2024-09-27T14:36:30.811+0200] {logging_mixin.py:190} INFO - [2024-09-27T14:36:30.810+0200] {dag.py:3239} INFO - Sync 1 DAGs
[2024-09-27T14:36:30.827+0200] {logging_mixin.py:190} INFO - [2024-09-27T14:36:30.826+0200] {dag.py:4180} INFO - Setting next_dagrun for example_dynamic_task_mapping to None, run_after=None
[2024-09-27T14:36:30.839+0200] {processor.py:208} INFO - Processing /home/julian/.cache/pypoetry/virtualenvs/real-time-data-lake-QWGm5iRW-py3.11/lib/python3.11/site-packages/airflow/example_dags/example_dynamic_task_mapping.py took 0.078 seconds
[2024-09-27T14:37:21.665+0200] {processor.py:186} INFO - Started process (PID=282366) to work on /home/julian/.cache/pypoetry/virtualenvs/real-time-data-lake-QWGm5iRW-py3.11/lib/python3.11/site-packages/airflow/example_dags/example_dynamic_task_mapping.py
[2024-09-27T14:37:21.671+0200] {processor.py:914} INFO - Processing file /home/julian/.cache/pypoetry/virtualenvs/real-time-data-lake-QWGm5iRW-py3.11/lib/python3.11/site-packages/airflow/example_dags/example_dynamic_task_mapping.py for tasks to queue
[2024-09-27T14:37:21.674+0200] {logging_mixin.py:190} INFO - [2024-09-27T14:37:21.673+0200] {dagbag.py:588} INFO - Filling up the DagBag from /home/julian/.cache/pypoetry/virtualenvs/real-time-data-lake-QWGm5iRW-py3.11/lib/python3.11/site-packages/airflow/example_dags/example_dynamic_task_mapping.py
[2024-09-27T14:37:21.684+0200] {processor.py:925} INFO - DAG(s) 'example_dynamic_task_mapping' retrieved from /home/julian/.cache/pypoetry/virtualenvs/real-time-data-lake-QWGm5iRW-py3.11/lib/python3.11/site-packages/airflow/example_dags/example_dynamic_task_mapping.py
[2024-09-27T14:37:21.703+0200] {logging_mixin.py:190} INFO - [2024-09-27T14:37:21.703+0200] {dag.py:3239} INFO - Sync 1 DAGs
[2024-09-27T14:37:21.717+0200] {logging_mixin.py:190} INFO - [2024-09-27T14:37:21.717+0200] {dag.py:4180} INFO - Setting next_dagrun for example_dynamic_task_mapping to None, run_after=None
[2024-09-27T14:37:21.731+0200] {processor.py:208} INFO - Processing /home/julian/.cache/pypoetry/virtualenvs/real-time-data-lake-QWGm5iRW-py3.11/lib/python3.11/site-packages/airflow/example_dags/example_dynamic_task_mapping.py took 0.073 seconds
[2024-09-27T14:38:11.591+0200] {processor.py:186} INFO - Started process (PID=282589) to work on /home/julian/.cache/pypoetry/virtualenvs/real-time-data-lake-QWGm5iRW-py3.11/lib/python3.11/site-packages/airflow/example_dags/example_dynamic_task_mapping.py
[2024-09-27T14:38:11.593+0200] {processor.py:914} INFO - Processing file /home/julian/.cache/pypoetry/virtualenvs/real-time-data-lake-QWGm5iRW-py3.11/lib/python3.11/site-packages/airflow/example_dags/example_dynamic_task_mapping.py for tasks to queue
[2024-09-27T14:38:11.595+0200] {logging_mixin.py:190} INFO - [2024-09-27T14:38:11.595+0200] {dagbag.py:588} INFO - Filling up the DagBag from /home/julian/.cache/pypoetry/virtualenvs/real-time-data-lake-QWGm5iRW-py3.11/lib/python3.11/site-packages/airflow/example_dags/example_dynamic_task_mapping.py
[2024-09-27T14:38:11.600+0200] {processor.py:925} INFO - DAG(s) 'example_dynamic_task_mapping' retrieved from /home/julian/.cache/pypoetry/virtualenvs/real-time-data-lake-QWGm5iRW-py3.11/lib/python3.11/site-packages/airflow/example_dags/example_dynamic_task_mapping.py
[2024-09-27T14:38:11.609+0200] {logging_mixin.py:190} INFO - [2024-09-27T14:38:11.609+0200] {dag.py:3239} INFO - Sync 1 DAGs
[2024-09-27T14:38:11.616+0200] {logging_mixin.py:190} INFO - [2024-09-27T14:38:11.616+0200] {dag.py:4180} INFO - Setting next_dagrun for example_dynamic_task_mapping to None, run_after=None
[2024-09-27T14:38:11.630+0200] {processor.py:208} INFO - Processing /home/julian/.cache/pypoetry/virtualenvs/real-time-data-lake-QWGm5iRW-py3.11/lib/python3.11/site-packages/airflow/example_dags/example_dynamic_task_mapping.py took 0.046 seconds
[2024-09-27T14:39:01.183+0200] {processor.py:186} INFO - Started process (PID=282838) to work on /home/julian/.cache/pypoetry/virtualenvs/real-time-data-lake-QWGm5iRW-py3.11/lib/python3.11/site-packages/airflow/example_dags/example_dynamic_task_mapping.py
[2024-09-27T14:39:01.184+0200] {processor.py:914} INFO - Processing file /home/julian/.cache/pypoetry/virtualenvs/real-time-data-lake-QWGm5iRW-py3.11/lib/python3.11/site-packages/airflow/example_dags/example_dynamic_task_mapping.py for tasks to queue
[2024-09-27T14:39:01.186+0200] {logging_mixin.py:190} INFO - [2024-09-27T14:39:01.186+0200] {dagbag.py:588} INFO - Filling up the DagBag from /home/julian/.cache/pypoetry/virtualenvs/real-time-data-lake-QWGm5iRW-py3.11/lib/python3.11/site-packages/airflow/example_dags/example_dynamic_task_mapping.py
[2024-09-27T14:39:01.196+0200] {processor.py:925} INFO - DAG(s) 'example_dynamic_task_mapping' retrieved from /home/julian/.cache/pypoetry/virtualenvs/real-time-data-lake-QWGm5iRW-py3.11/lib/python3.11/site-packages/airflow/example_dags/example_dynamic_task_mapping.py
[2024-09-27T14:39:01.215+0200] {logging_mixin.py:190} INFO - [2024-09-27T14:39:01.214+0200] {dag.py:3239} INFO - Sync 1 DAGs
[2024-09-27T14:39:01.229+0200] {logging_mixin.py:190} INFO - [2024-09-27T14:39:01.229+0200] {dag.py:4180} INFO - Setting next_dagrun for example_dynamic_task_mapping to None, run_after=None
[2024-09-27T14:39:01.243+0200] {processor.py:208} INFO - Processing /home/julian/.cache/pypoetry/virtualenvs/real-time-data-lake-QWGm5iRW-py3.11/lib/python3.11/site-packages/airflow/example_dags/example_dynamic_task_mapping.py took 0.067 seconds
