[2024-09-27T14:20:39.892+0200] {processor.py:186} INFO - Started process (PID=280051) to work on /home/julian/.cache/pypoetry/virtualenvs/real-time-data-lake-QWGm5iRW-py3.11/lib/python3.11/site-packages/airflow/example_dags/example_bash_decorator.py
[2024-09-27T14:20:39.893+0200] {processor.py:914} INFO - Processing file /home/julian/.cache/pypoetry/virtualenvs/real-time-data-lake-QWGm5iRW-py3.11/lib/python3.11/site-packages/airflow/example_dags/example_bash_decorator.py for tasks to queue
[2024-09-27T14:20:39.895+0200] {logging_mixin.py:190} INFO - [2024-09-27T14:20:39.895+0200] {dagbag.py:588} INFO - Filling up the DagBag from /home/julian/.cache/pypoetry/virtualenvs/real-time-data-lake-QWGm5iRW-py3.11/lib/python3.11/site-packages/airflow/example_dags/example_bash_decorator.py
[2024-09-27T14:20:39.916+0200] {processor.py:925} INFO - DAG(s) 'example_bash_decorator' retrieved from /home/julian/.cache/pypoetry/virtualenvs/real-time-data-lake-QWGm5iRW-py3.11/lib/python3.11/site-packages/airflow/example_dags/example_bash_decorator.py
[2024-09-27T14:20:39.991+0200] {logging_mixin.py:190} INFO - [2024-09-27T14:20:39.991+0200] {override.py:1901} INFO - Created Permission View: can delete on DAG:example_bash_decorator
[2024-09-27T14:20:39.999+0200] {logging_mixin.py:190} INFO - [2024-09-27T14:20:39.999+0200] {override.py:1901} INFO - Created Permission View: can read on DAG:example_bash_decorator
[2024-09-27T14:20:40.006+0200] {logging_mixin.py:190} INFO - [2024-09-27T14:20:40.005+0200] {override.py:1901} INFO - Created Permission View: can edit on DAG:example_bash_decorator
[2024-09-27T14:20:40.015+0200] {logging_mixin.py:190} INFO - [2024-09-27T14:20:40.014+0200] {override.py:1901} INFO - Created Permission View: can create on DAG Run:example_bash_decorator
[2024-09-27T14:20:40.021+0200] {logging_mixin.py:190} INFO - [2024-09-27T14:20:40.021+0200] {override.py:1901} INFO - Created Permission View: can delete on DAG Run:example_bash_decorator
[2024-09-27T14:20:40.027+0200] {logging_mixin.py:190} INFO - [2024-09-27T14:20:40.027+0200] {override.py:1901} INFO - Created Permission View: can read on DAG Run:example_bash_decorator
[2024-09-27T14:20:40.033+0200] {logging_mixin.py:190} INFO - [2024-09-27T14:20:40.033+0200] {override.py:1901} INFO - Created Permission View: menu access on DAG Run:example_bash_decorator
[2024-09-27T14:20:40.033+0200] {logging_mixin.py:190} INFO - [2024-09-27T14:20:40.033+0200] {dag.py:3239} INFO - Sync 1 DAGs
[2024-09-27T14:20:40.042+0200] {logging_mixin.py:190} INFO - [2024-09-27T14:20:40.042+0200] {dag.py:3262} INFO - Creating ORM DAG for example_bash_decorator
[2024-09-27T14:20:40.042+0200] {logging_mixin.py:190} INFO - [2024-09-27T14:20:40.042+0200] {dag.py:4180} INFO - Setting next_dagrun for example_bash_decorator to None, run_after=None
[2024-09-27T14:20:40.151+0200] {processor.py:208} INFO - Processing /home/julian/.cache/pypoetry/virtualenvs/real-time-data-lake-QWGm5iRW-py3.11/lib/python3.11/site-packages/airflow/example_dags/example_bash_decorator.py took 0.265 seconds
[2024-09-27T14:22:19.000+0200] {processor.py:186} INFO - Started process (PID=280250) to work on /home/julian/.cache/pypoetry/virtualenvs/real-time-data-lake-QWGm5iRW-py3.11/lib/python3.11/site-packages/airflow/example_dags/example_bash_decorator.py
[2024-09-27T14:22:19.006+0200] {processor.py:914} INFO - Processing file /home/julian/.cache/pypoetry/virtualenvs/real-time-data-lake-QWGm5iRW-py3.11/lib/python3.11/site-packages/airflow/example_dags/example_bash_decorator.py for tasks to queue
[2024-09-27T14:22:19.008+0200] {logging_mixin.py:190} INFO - [2024-09-27T14:22:19.008+0200] {dagbag.py:588} INFO - Filling up the DagBag from /home/julian/.cache/pypoetry/virtualenvs/real-time-data-lake-QWGm5iRW-py3.11/lib/python3.11/site-packages/airflow/example_dags/example_bash_decorator.py
[2024-09-27T14:22:19.029+0200] {processor.py:925} INFO - DAG(s) 'example_bash_decorator' retrieved from /home/julian/.cache/pypoetry/virtualenvs/real-time-data-lake-QWGm5iRW-py3.11/lib/python3.11/site-packages/airflow/example_dags/example_bash_decorator.py
[2024-09-27T14:22:19.097+0200] {logging_mixin.py:190} INFO - [2024-09-27T14:22:19.097+0200] {dag.py:3239} INFO - Sync 1 DAGs
[2024-09-27T14:22:19.105+0200] {logging_mixin.py:190} INFO - [2024-09-27T14:22:19.104+0200] {dag.py:4180} INFO - Setting next_dagrun for example_bash_decorator to None, run_after=None
[2024-09-27T14:22:19.117+0200] {processor.py:208} INFO - Processing /home/julian/.cache/pypoetry/virtualenvs/real-time-data-lake-QWGm5iRW-py3.11/lib/python3.11/site-packages/airflow/example_dags/example_bash_decorator.py took 0.125 seconds
[2024-09-27T14:23:14.331+0200] {processor.py:186} INFO - Started process (PID=280385) to work on /home/julian/.cache/pypoetry/virtualenvs/real-time-data-lake-QWGm5iRW-py3.11/lib/python3.11/site-packages/airflow/example_dags/example_bash_decorator.py
[2024-09-27T14:23:14.337+0200] {processor.py:914} INFO - Processing file /home/julian/.cache/pypoetry/virtualenvs/real-time-data-lake-QWGm5iRW-py3.11/lib/python3.11/site-packages/airflow/example_dags/example_bash_decorator.py for tasks to queue
[2024-09-27T14:23:14.338+0200] {logging_mixin.py:190} INFO - [2024-09-27T14:23:14.338+0200] {dagbag.py:588} INFO - Filling up the DagBag from /home/julian/.cache/pypoetry/virtualenvs/real-time-data-lake-QWGm5iRW-py3.11/lib/python3.11/site-packages/airflow/example_dags/example_bash_decorator.py
[2024-09-27T14:23:14.347+0200] {processor.py:925} INFO - DAG(s) 'example_bash_decorator' retrieved from /home/julian/.cache/pypoetry/virtualenvs/real-time-data-lake-QWGm5iRW-py3.11/lib/python3.11/site-packages/airflow/example_dags/example_bash_decorator.py
[2024-09-27T14:23:14.358+0200] {logging_mixin.py:190} INFO - [2024-09-27T14:23:14.358+0200] {dag.py:3239} INFO - Sync 1 DAGs
[2024-09-27T14:23:14.365+0200] {logging_mixin.py:190} INFO - [2024-09-27T14:23:14.365+0200] {dag.py:4180} INFO - Setting next_dagrun for example_bash_decorator to None, run_after=None
[2024-09-27T14:23:14.378+0200] {processor.py:208} INFO - Processing /home/julian/.cache/pypoetry/virtualenvs/real-time-data-lake-QWGm5iRW-py3.11/lib/python3.11/site-packages/airflow/example_dags/example_bash_decorator.py took 0.050 seconds
[2024-09-27T14:24:10.752+0200] {processor.py:186} INFO - Started process (PID=280513) to work on /home/julian/.cache/pypoetry/virtualenvs/real-time-data-lake-QWGm5iRW-py3.11/lib/python3.11/site-packages/airflow/example_dags/example_bash_decorator.py
[2024-09-27T14:24:10.758+0200] {processor.py:914} INFO - Processing file /home/julian/.cache/pypoetry/virtualenvs/real-time-data-lake-QWGm5iRW-py3.11/lib/python3.11/site-packages/airflow/example_dags/example_bash_decorator.py for tasks to queue
[2024-09-27T14:24:10.760+0200] {logging_mixin.py:190} INFO - [2024-09-27T14:24:10.760+0200] {dagbag.py:588} INFO - Filling up the DagBag from /home/julian/.cache/pypoetry/virtualenvs/real-time-data-lake-QWGm5iRW-py3.11/lib/python3.11/site-packages/airflow/example_dags/example_bash_decorator.py
[2024-09-27T14:24:10.781+0200] {processor.py:925} INFO - DAG(s) 'example_bash_decorator' retrieved from /home/julian/.cache/pypoetry/virtualenvs/real-time-data-lake-QWGm5iRW-py3.11/lib/python3.11/site-packages/airflow/example_dags/example_bash_decorator.py
[2024-09-27T14:24:10.805+0200] {logging_mixin.py:190} INFO - [2024-09-27T14:24:10.805+0200] {dag.py:3239} INFO - Sync 1 DAGs
[2024-09-27T14:24:10.812+0200] {logging_mixin.py:190} INFO - [2024-09-27T14:24:10.812+0200] {dag.py:4180} INFO - Setting next_dagrun for example_bash_decorator to None, run_after=None
[2024-09-27T14:24:10.824+0200] {processor.py:208} INFO - Processing /home/julian/.cache/pypoetry/virtualenvs/real-time-data-lake-QWGm5iRW-py3.11/lib/python3.11/site-packages/airflow/example_dags/example_bash_decorator.py took 0.079 seconds
[2024-09-27T14:25:02.083+0200] {processor.py:186} INFO - Started process (PID=280736) to work on /home/julian/.cache/pypoetry/virtualenvs/real-time-data-lake-QWGm5iRW-py3.11/lib/python3.11/site-packages/airflow/example_dags/example_bash_decorator.py
[2024-09-27T14:25:02.089+0200] {processor.py:914} INFO - Processing file /home/julian/.cache/pypoetry/virtualenvs/real-time-data-lake-QWGm5iRW-py3.11/lib/python3.11/site-packages/airflow/example_dags/example_bash_decorator.py for tasks to queue
[2024-09-27T14:25:02.091+0200] {logging_mixin.py:190} INFO - [2024-09-27T14:25:02.091+0200] {dagbag.py:588} INFO - Filling up the DagBag from /home/julian/.cache/pypoetry/virtualenvs/real-time-data-lake-QWGm5iRW-py3.11/lib/python3.11/site-packages/airflow/example_dags/example_bash_decorator.py
[2024-09-27T14:25:02.111+0200] {processor.py:925} INFO - DAG(s) 'example_bash_decorator' retrieved from /home/julian/.cache/pypoetry/virtualenvs/real-time-data-lake-QWGm5iRW-py3.11/lib/python3.11/site-packages/airflow/example_dags/example_bash_decorator.py
[2024-09-27T14:25:02.136+0200] {logging_mixin.py:190} INFO - [2024-09-27T14:25:02.136+0200] {dag.py:3239} INFO - Sync 1 DAGs
[2024-09-27T14:25:02.143+0200] {logging_mixin.py:190} INFO - [2024-09-27T14:25:02.143+0200] {dag.py:4180} INFO - Setting next_dagrun for example_bash_decorator to None, run_after=None
[2024-09-27T14:25:02.156+0200] {processor.py:208} INFO - Processing /home/julian/.cache/pypoetry/virtualenvs/real-time-data-lake-QWGm5iRW-py3.11/lib/python3.11/site-packages/airflow/example_dags/example_bash_decorator.py took 0.080 seconds
[2024-09-27T14:30:45.838+0200] {processor.py:186} INFO - Started process (PID=281461) to work on /home/julian/.cache/pypoetry/virtualenvs/real-time-data-lake-QWGm5iRW-py3.11/lib/python3.11/site-packages/airflow/example_dags/example_bash_decorator.py
[2024-09-27T14:30:45.844+0200] {processor.py:914} INFO - Processing file /home/julian/.cache/pypoetry/virtualenvs/real-time-data-lake-QWGm5iRW-py3.11/lib/python3.11/site-packages/airflow/example_dags/example_bash_decorator.py for tasks to queue
[2024-09-27T14:30:45.847+0200] {logging_mixin.py:190} INFO - [2024-09-27T14:30:45.846+0200] {dagbag.py:588} INFO - Filling up the DagBag from /home/julian/.cache/pypoetry/virtualenvs/real-time-data-lake-QWGm5iRW-py3.11/lib/python3.11/site-packages/airflow/example_dags/example_bash_decorator.py
[2024-09-27T14:30:45.867+0200] {processor.py:925} INFO - DAG(s) 'example_bash_decorator' retrieved from /home/julian/.cache/pypoetry/virtualenvs/real-time-data-lake-QWGm5iRW-py3.11/lib/python3.11/site-packages/airflow/example_dags/example_bash_decorator.py
[2024-09-27T14:30:45.934+0200] {logging_mixin.py:190} INFO - [2024-09-27T14:30:45.934+0200] {dag.py:3239} INFO - Sync 1 DAGs
[2024-09-27T14:30:45.941+0200] {logging_mixin.py:190} INFO - [2024-09-27T14:30:45.941+0200] {dag.py:4180} INFO - Setting next_dagrun for example_bash_decorator to None, run_after=None
[2024-09-27T14:30:45.955+0200] {processor.py:208} INFO - Processing /home/julian/.cache/pypoetry/virtualenvs/real-time-data-lake-QWGm5iRW-py3.11/lib/python3.11/site-packages/airflow/example_dags/example_bash_decorator.py took 0.124 seconds
[2024-09-27T14:31:41.298+0200] {processor.py:186} INFO - Started process (PID=281560) to work on /home/julian/.cache/pypoetry/virtualenvs/real-time-data-lake-QWGm5iRW-py3.11/lib/python3.11/site-packages/airflow/example_dags/example_bash_decorator.py
[2024-09-27T14:31:41.304+0200] {processor.py:914} INFO - Processing file /home/julian/.cache/pypoetry/virtualenvs/real-time-data-lake-QWGm5iRW-py3.11/lib/python3.11/site-packages/airflow/example_dags/example_bash_decorator.py for tasks to queue
[2024-09-27T14:31:41.306+0200] {logging_mixin.py:190} INFO - [2024-09-27T14:31:41.306+0200] {dagbag.py:588} INFO - Filling up the DagBag from /home/julian/.cache/pypoetry/virtualenvs/real-time-data-lake-QWGm5iRW-py3.11/lib/python3.11/site-packages/airflow/example_dags/example_bash_decorator.py
[2024-09-27T14:31:41.327+0200] {processor.py:925} INFO - DAG(s) 'example_bash_decorator' retrieved from /home/julian/.cache/pypoetry/virtualenvs/real-time-data-lake-QWGm5iRW-py3.11/lib/python3.11/site-packages/airflow/example_dags/example_bash_decorator.py
[2024-09-27T14:31:41.350+0200] {logging_mixin.py:190} INFO - [2024-09-27T14:31:41.350+0200] {dag.py:3239} INFO - Sync 1 DAGs
[2024-09-27T14:31:41.357+0200] {logging_mixin.py:190} INFO - [2024-09-27T14:31:41.357+0200] {dag.py:4180} INFO - Setting next_dagrun for example_bash_decorator to None, run_after=None
[2024-09-27T14:31:41.370+0200] {processor.py:208} INFO - Processing /home/julian/.cache/pypoetry/virtualenvs/real-time-data-lake-QWGm5iRW-py3.11/lib/python3.11/site-packages/airflow/example_dags/example_bash_decorator.py took 0.079 seconds
[2024-09-27T14:32:35.764+0200] {processor.py:186} INFO - Started process (PID=281702) to work on /home/julian/.cache/pypoetry/virtualenvs/real-time-data-lake-QWGm5iRW-py3.11/lib/python3.11/site-packages/airflow/example_dags/example_bash_decorator.py
[2024-09-27T14:32:35.770+0200] {processor.py:914} INFO - Processing file /home/julian/.cache/pypoetry/virtualenvs/real-time-data-lake-QWGm5iRW-py3.11/lib/python3.11/site-packages/airflow/example_dags/example_bash_decorator.py for tasks to queue
[2024-09-27T14:32:35.773+0200] {logging_mixin.py:190} INFO - [2024-09-27T14:32:35.772+0200] {dagbag.py:588} INFO - Filling up the DagBag from /home/julian/.cache/pypoetry/virtualenvs/real-time-data-lake-QWGm5iRW-py3.11/lib/python3.11/site-packages/airflow/example_dags/example_bash_decorator.py
[2024-09-27T14:32:35.793+0200] {processor.py:925} INFO - DAG(s) 'example_bash_decorator' retrieved from /home/julian/.cache/pypoetry/virtualenvs/real-time-data-lake-QWGm5iRW-py3.11/lib/python3.11/site-packages/airflow/example_dags/example_bash_decorator.py
[2024-09-27T14:32:35.817+0200] {logging_mixin.py:190} INFO - [2024-09-27T14:32:35.816+0200] {dag.py:3239} INFO - Sync 1 DAGs
[2024-09-27T14:32:35.824+0200] {logging_mixin.py:190} INFO - [2024-09-27T14:32:35.824+0200] {dag.py:4180} INFO - Setting next_dagrun for example_bash_decorator to None, run_after=None
[2024-09-27T14:32:35.837+0200] {processor.py:208} INFO - Processing /home/julian/.cache/pypoetry/virtualenvs/real-time-data-lake-QWGm5iRW-py3.11/lib/python3.11/site-packages/airflow/example_dags/example_bash_decorator.py took 0.080 seconds
[2024-09-27T14:33:24.969+0200] {processor.py:186} INFO - Started process (PID=281801) to work on /home/julian/.cache/pypoetry/virtualenvs/real-time-data-lake-QWGm5iRW-py3.11/lib/python3.11/site-packages/airflow/example_dags/example_bash_decorator.py
[2024-09-27T14:33:24.975+0200] {processor.py:914} INFO - Processing file /home/julian/.cache/pypoetry/virtualenvs/real-time-data-lake-QWGm5iRW-py3.11/lib/python3.11/site-packages/airflow/example_dags/example_bash_decorator.py for tasks to queue
[2024-09-27T14:33:24.977+0200] {logging_mixin.py:190} INFO - [2024-09-27T14:33:24.977+0200] {dagbag.py:588} INFO - Filling up the DagBag from /home/julian/.cache/pypoetry/virtualenvs/real-time-data-lake-QWGm5iRW-py3.11/lib/python3.11/site-packages/airflow/example_dags/example_bash_decorator.py
[2024-09-27T14:33:24.997+0200] {processor.py:925} INFO - DAG(s) 'example_bash_decorator' retrieved from /home/julian/.cache/pypoetry/virtualenvs/real-time-data-lake-QWGm5iRW-py3.11/lib/python3.11/site-packages/airflow/example_dags/example_bash_decorator.py
[2024-09-27T14:33:25.020+0200] {logging_mixin.py:190} INFO - [2024-09-27T14:33:25.020+0200] {dag.py:3239} INFO - Sync 1 DAGs
[2024-09-27T14:33:25.027+0200] {logging_mixin.py:190} INFO - [2024-09-27T14:33:25.027+0200] {dag.py:4180} INFO - Setting next_dagrun for example_bash_decorator to None, run_after=None
[2024-09-27T14:33:25.041+0200] {processor.py:208} INFO - Processing /home/julian/.cache/pypoetry/virtualenvs/real-time-data-lake-QWGm5iRW-py3.11/lib/python3.11/site-packages/airflow/example_dags/example_bash_decorator.py took 0.078 seconds
[2024-09-27T14:34:39.371+0200] {processor.py:186} INFO - Started process (PID=282081) to work on /home/julian/.cache/pypoetry/virtualenvs/real-time-data-lake-QWGm5iRW-py3.11/lib/python3.11/site-packages/airflow/example_dags/example_bash_decorator.py
[2024-09-27T14:34:39.377+0200] {processor.py:914} INFO - Processing file /home/julian/.cache/pypoetry/virtualenvs/real-time-data-lake-QWGm5iRW-py3.11/lib/python3.11/site-packages/airflow/example_dags/example_bash_decorator.py for tasks to queue
[2024-09-27T14:34:39.379+0200] {logging_mixin.py:190} INFO - [2024-09-27T14:34:39.379+0200] {dagbag.py:588} INFO - Filling up the DagBag from /home/julian/.cache/pypoetry/virtualenvs/real-time-data-lake-QWGm5iRW-py3.11/lib/python3.11/site-packages/airflow/example_dags/example_bash_decorator.py
[2024-09-27T14:34:39.400+0200] {processor.py:925} INFO - DAG(s) 'example_bash_decorator' retrieved from /home/julian/.cache/pypoetry/virtualenvs/real-time-data-lake-QWGm5iRW-py3.11/lib/python3.11/site-packages/airflow/example_dags/example_bash_decorator.py
[2024-09-27T14:34:39.424+0200] {logging_mixin.py:190} INFO - [2024-09-27T14:34:39.424+0200] {dag.py:3239} INFO - Sync 1 DAGs
[2024-09-27T14:34:39.432+0200] {logging_mixin.py:190} INFO - [2024-09-27T14:34:39.431+0200] {dag.py:4180} INFO - Setting next_dagrun for example_bash_decorator to None, run_after=None
[2024-09-27T14:34:39.445+0200] {processor.py:208} INFO - Processing /home/julian/.cache/pypoetry/virtualenvs/real-time-data-lake-QWGm5iRW-py3.11/lib/python3.11/site-packages/airflow/example_dags/example_bash_decorator.py took 0.081 seconds
[2024-09-27T14:35:49.396+0200] {processor.py:186} INFO - Started process (PID=282202) to work on /home/julian/.cache/pypoetry/virtualenvs/real-time-data-lake-QWGm5iRW-py3.11/lib/python3.11/site-packages/airflow/example_dags/example_bash_decorator.py
[2024-09-27T14:35:49.402+0200] {processor.py:914} INFO - Processing file /home/julian/.cache/pypoetry/virtualenvs/real-time-data-lake-QWGm5iRW-py3.11/lib/python3.11/site-packages/airflow/example_dags/example_bash_decorator.py for tasks to queue
[2024-09-27T14:35:49.404+0200] {logging_mixin.py:190} INFO - [2024-09-27T14:35:49.403+0200] {dagbag.py:588} INFO - Filling up the DagBag from /home/julian/.cache/pypoetry/virtualenvs/real-time-data-lake-QWGm5iRW-py3.11/lib/python3.11/site-packages/airflow/example_dags/example_bash_decorator.py
[2024-09-27T14:35:49.412+0200] {processor.py:925} INFO - DAG(s) 'example_bash_decorator' retrieved from /home/julian/.cache/pypoetry/virtualenvs/real-time-data-lake-QWGm5iRW-py3.11/lib/python3.11/site-packages/airflow/example_dags/example_bash_decorator.py
[2024-09-27T14:35:49.424+0200] {logging_mixin.py:190} INFO - [2024-09-27T14:35:49.424+0200] {dag.py:3239} INFO - Sync 1 DAGs
[2024-09-27T14:35:49.431+0200] {logging_mixin.py:190} INFO - [2024-09-27T14:35:49.431+0200] {dag.py:4180} INFO - Setting next_dagrun for example_bash_decorator to None, run_after=None
[2024-09-27T14:35:49.444+0200] {processor.py:208} INFO - Processing /home/julian/.cache/pypoetry/virtualenvs/real-time-data-lake-QWGm5iRW-py3.11/lib/python3.11/site-packages/airflow/example_dags/example_bash_decorator.py took 0.055 seconds
[2024-09-27T14:37:01.595+0200] {processor.py:186} INFO - Started process (PID=282308) to work on /home/julian/.cache/pypoetry/virtualenvs/real-time-data-lake-QWGm5iRW-py3.11/lib/python3.11/site-packages/airflow/example_dags/example_bash_decorator.py
[2024-09-27T14:37:01.601+0200] {processor.py:914} INFO - Processing file /home/julian/.cache/pypoetry/virtualenvs/real-time-data-lake-QWGm5iRW-py3.11/lib/python3.11/site-packages/airflow/example_dags/example_bash_decorator.py for tasks to queue
[2024-09-27T14:37:01.603+0200] {logging_mixin.py:190} INFO - [2024-09-27T14:37:01.603+0200] {dagbag.py:588} INFO - Filling up the DagBag from /home/julian/.cache/pypoetry/virtualenvs/real-time-data-lake-QWGm5iRW-py3.11/lib/python3.11/site-packages/airflow/example_dags/example_bash_decorator.py
[2024-09-27T14:37:01.624+0200] {processor.py:925} INFO - DAG(s) 'example_bash_decorator' retrieved from /home/julian/.cache/pypoetry/virtualenvs/real-time-data-lake-QWGm5iRW-py3.11/lib/python3.11/site-packages/airflow/example_dags/example_bash_decorator.py
[2024-09-27T14:37:01.648+0200] {logging_mixin.py:190} INFO - [2024-09-27T14:37:01.648+0200] {dag.py:3239} INFO - Sync 1 DAGs
[2024-09-27T14:37:01.656+0200] {logging_mixin.py:190} INFO - [2024-09-27T14:37:01.656+0200] {dag.py:4180} INFO - Setting next_dagrun for example_bash_decorator to None, run_after=None
[2024-09-27T14:37:01.669+0200] {processor.py:208} INFO - Processing /home/julian/.cache/pypoetry/virtualenvs/real-time-data-lake-QWGm5iRW-py3.11/lib/python3.11/site-packages/airflow/example_dags/example_bash_decorator.py took 0.081 seconds
[2024-09-27T14:37:54.272+0200] {processor.py:186} INFO - Started process (PID=282535) to work on /home/julian/.cache/pypoetry/virtualenvs/real-time-data-lake-QWGm5iRW-py3.11/lib/python3.11/site-packages/airflow/example_dags/example_bash_decorator.py
[2024-09-27T14:37:54.278+0200] {processor.py:914} INFO - Processing file /home/julian/.cache/pypoetry/virtualenvs/real-time-data-lake-QWGm5iRW-py3.11/lib/python3.11/site-packages/airflow/example_dags/example_bash_decorator.py for tasks to queue
[2024-09-27T14:37:54.281+0200] {logging_mixin.py:190} INFO - [2024-09-27T14:37:54.280+0200] {dagbag.py:588} INFO - Filling up the DagBag from /home/julian/.cache/pypoetry/virtualenvs/real-time-data-lake-QWGm5iRW-py3.11/lib/python3.11/site-packages/airflow/example_dags/example_bash_decorator.py
[2024-09-27T14:37:54.300+0200] {processor.py:925} INFO - DAG(s) 'example_bash_decorator' retrieved from /home/julian/.cache/pypoetry/virtualenvs/real-time-data-lake-QWGm5iRW-py3.11/lib/python3.11/site-packages/airflow/example_dags/example_bash_decorator.py
[2024-09-27T14:37:54.322+0200] {logging_mixin.py:190} INFO - [2024-09-27T14:37:54.322+0200] {dag.py:3239} INFO - Sync 1 DAGs
[2024-09-27T14:37:54.332+0200] {logging_mixin.py:190} INFO - [2024-09-27T14:37:54.332+0200] {dag.py:4180} INFO - Setting next_dagrun for example_bash_decorator to None, run_after=None
[2024-09-27T14:37:54.345+0200] {processor.py:208} INFO - Processing /home/julian/.cache/pypoetry/virtualenvs/real-time-data-lake-QWGm5iRW-py3.11/lib/python3.11/site-packages/airflow/example_dags/example_bash_decorator.py took 0.080 seconds
[2024-09-27T14:38:44.567+0200] {processor.py:186} INFO - Started process (PID=282783) to work on /home/julian/.cache/pypoetry/virtualenvs/real-time-data-lake-QWGm5iRW-py3.11/lib/python3.11/site-packages/airflow/example_dags/example_bash_decorator.py
[2024-09-27T14:38:44.573+0200] {processor.py:914} INFO - Processing file /home/julian/.cache/pypoetry/virtualenvs/real-time-data-lake-QWGm5iRW-py3.11/lib/python3.11/site-packages/airflow/example_dags/example_bash_decorator.py for tasks to queue
[2024-09-27T14:38:44.575+0200] {logging_mixin.py:190} INFO - [2024-09-27T14:38:44.574+0200] {dagbag.py:588} INFO - Filling up the DagBag from /home/julian/.cache/pypoetry/virtualenvs/real-time-data-lake-QWGm5iRW-py3.11/lib/python3.11/site-packages/airflow/example_dags/example_bash_decorator.py
[2024-09-27T14:38:44.585+0200] {processor.py:925} INFO - DAG(s) 'example_bash_decorator' retrieved from /home/julian/.cache/pypoetry/virtualenvs/real-time-data-lake-QWGm5iRW-py3.11/lib/python3.11/site-packages/airflow/example_dags/example_bash_decorator.py
[2024-09-27T14:38:44.598+0200] {logging_mixin.py:190} INFO - [2024-09-27T14:38:44.597+0200] {dag.py:3239} INFO - Sync 1 DAGs
[2024-09-27T14:38:44.606+0200] {logging_mixin.py:190} INFO - [2024-09-27T14:38:44.605+0200] {dag.py:4180} INFO - Setting next_dagrun for example_bash_decorator to None, run_after=None
[2024-09-27T14:38:44.621+0200] {processor.py:208} INFO - Processing /home/julian/.cache/pypoetry/virtualenvs/real-time-data-lake-QWGm5iRW-py3.11/lib/python3.11/site-packages/airflow/example_dags/example_bash_decorator.py took 0.057 seconds
