[2024-09-27T14:20:25.445+0200] {processor.py:186} INFO - Started process (PID=280032) to work on /home/julian/.cache/pypoetry/virtualenvs/real-time-data-lake-QWGm5iRW-py3.11/lib/python3.11/site-packages/airflow/example_dags/example_sensors.py
[2024-09-27T14:20:25.446+0200] {processor.py:914} INFO - Processing file /home/julian/.cache/pypoetry/virtualenvs/real-time-data-lake-QWGm5iRW-py3.11/lib/python3.11/site-packages/airflow/example_dags/example_sensors.py for tasks to queue
[2024-09-27T14:20:25.448+0200] {logging_mixin.py:190} INFO - [2024-09-27T14:20:25.448+0200] {dagbag.py:588} INFO - Filling up the DagBag from /home/julian/.cache/pypoetry/virtualenvs/real-time-data-lake-QWGm5iRW-py3.11/lib/python3.11/site-packages/airflow/example_dags/example_sensors.py
[2024-09-27T14:20:25.464+0200] {processor.py:925} INFO - DAG(s) 'example_sensors' retrieved from /home/julian/.cache/pypoetry/virtualenvs/real-time-data-lake-QWGm5iRW-py3.11/lib/python3.11/site-packages/airflow/example_dags/example_sensors.py
[2024-09-27T14:20:25.537+0200] {logging_mixin.py:190} INFO - [2024-09-27T14:20:25.537+0200] {override.py:1901} INFO - Created Permission View: can delete on DAG:example_sensors
[2024-09-27T14:20:25.544+0200] {logging_mixin.py:190} INFO - [2024-09-27T14:20:25.544+0200] {override.py:1901} INFO - Created Permission View: can read on DAG:example_sensors
[2024-09-27T14:20:25.550+0200] {logging_mixin.py:190} INFO - [2024-09-27T14:20:25.549+0200] {override.py:1901} INFO - Created Permission View: can edit on DAG:example_sensors
[2024-09-27T14:20:25.561+0200] {logging_mixin.py:190} INFO - [2024-09-27T14:20:25.560+0200] {override.py:1901} INFO - Created Permission View: can create on DAG Run:example_sensors
[2024-09-27T14:20:25.566+0200] {logging_mixin.py:190} INFO - [2024-09-27T14:20:25.566+0200] {override.py:1901} INFO - Created Permission View: can delete on DAG Run:example_sensors
[2024-09-27T14:20:25.572+0200] {logging_mixin.py:190} INFO - [2024-09-27T14:20:25.572+0200] {override.py:1901} INFO - Created Permission View: can read on DAG Run:example_sensors
[2024-09-27T14:20:25.577+0200] {logging_mixin.py:190} INFO - [2024-09-27T14:20:25.577+0200] {override.py:1901} INFO - Created Permission View: menu access on DAG Run:example_sensors
[2024-09-27T14:20:25.577+0200] {logging_mixin.py:190} INFO - [2024-09-27T14:20:25.577+0200] {dag.py:3239} INFO - Sync 1 DAGs
[2024-09-27T14:20:25.584+0200] {logging_mixin.py:190} INFO - [2024-09-27T14:20:25.584+0200] {dag.py:3262} INFO - Creating ORM DAG for example_sensors
[2024-09-27T14:20:25.585+0200] {logging_mixin.py:190} INFO - [2024-09-27T14:20:25.585+0200] {dag.py:4180} INFO - Setting next_dagrun for example_sensors to None, run_after=None
[2024-09-27T14:20:25.597+0200] {processor.py:208} INFO - Processing /home/julian/.cache/pypoetry/virtualenvs/real-time-data-lake-QWGm5iRW-py3.11/lib/python3.11/site-packages/airflow/example_dags/example_sensors.py took 0.159 seconds
[2024-09-27T14:22:06.846+0200] {processor.py:186} INFO - Started process (PID=280231) to work on /home/julian/.cache/pypoetry/virtualenvs/real-time-data-lake-QWGm5iRW-py3.11/lib/python3.11/site-packages/airflow/example_dags/example_sensors.py
[2024-09-27T14:22:06.854+0200] {processor.py:914} INFO - Processing file /home/julian/.cache/pypoetry/virtualenvs/real-time-data-lake-QWGm5iRW-py3.11/lib/python3.11/site-packages/airflow/example_dags/example_sensors.py for tasks to queue
[2024-09-27T14:22:06.856+0200] {logging_mixin.py:190} INFO - [2024-09-27T14:22:06.856+0200] {dagbag.py:588} INFO - Filling up the DagBag from /home/julian/.cache/pypoetry/virtualenvs/real-time-data-lake-QWGm5iRW-py3.11/lib/python3.11/site-packages/airflow/example_dags/example_sensors.py
[2024-09-27T14:22:06.872+0200] {processor.py:925} INFO - DAG(s) 'example_sensors' retrieved from /home/julian/.cache/pypoetry/virtualenvs/real-time-data-lake-QWGm5iRW-py3.11/lib/python3.11/site-packages/airflow/example_dags/example_sensors.py
[2024-09-27T14:22:06.902+0200] {logging_mixin.py:190} INFO - [2024-09-27T14:22:06.901+0200] {dag.py:3239} INFO - Sync 1 DAGs
[2024-09-27T14:22:06.909+0200] {logging_mixin.py:190} INFO - [2024-09-27T14:22:06.909+0200] {dag.py:4180} INFO - Setting next_dagrun for example_sensors to None, run_after=None
[2024-09-27T14:22:06.923+0200] {processor.py:208} INFO - Processing /home/julian/.cache/pypoetry/virtualenvs/real-time-data-lake-QWGm5iRW-py3.11/lib/python3.11/site-packages/airflow/example_dags/example_sensors.py took 0.084 seconds
[2024-09-27T14:23:02.642+0200] {processor.py:186} INFO - Started process (PID=280328) to work on /home/julian/.cache/pypoetry/virtualenvs/real-time-data-lake-QWGm5iRW-py3.11/lib/python3.11/site-packages/airflow/example_dags/example_sensors.py
[2024-09-27T14:23:02.648+0200] {processor.py:914} INFO - Processing file /home/julian/.cache/pypoetry/virtualenvs/real-time-data-lake-QWGm5iRW-py3.11/lib/python3.11/site-packages/airflow/example_dags/example_sensors.py for tasks to queue
[2024-09-27T14:23:02.649+0200] {logging_mixin.py:190} INFO - [2024-09-27T14:23:02.649+0200] {dagbag.py:588} INFO - Filling up the DagBag from /home/julian/.cache/pypoetry/virtualenvs/real-time-data-lake-QWGm5iRW-py3.11/lib/python3.11/site-packages/airflow/example_dags/example_sensors.py
[2024-09-27T14:23:02.656+0200] {processor.py:925} INFO - DAG(s) 'example_sensors' retrieved from /home/julian/.cache/pypoetry/virtualenvs/real-time-data-lake-QWGm5iRW-py3.11/lib/python3.11/site-packages/airflow/example_dags/example_sensors.py
[2024-09-27T14:23:02.670+0200] {logging_mixin.py:190} INFO - [2024-09-27T14:23:02.669+0200] {dag.py:3239} INFO - Sync 1 DAGs
[2024-09-27T14:23:02.677+0200] {logging_mixin.py:190} INFO - [2024-09-27T14:23:02.677+0200] {dag.py:4180} INFO - Setting next_dagrun for example_sensors to None, run_after=None
[2024-09-27T14:23:02.690+0200] {processor.py:208} INFO - Processing /home/julian/.cache/pypoetry/virtualenvs/real-time-data-lake-QWGm5iRW-py3.11/lib/python3.11/site-packages/airflow/example_dags/example_sensors.py took 0.051 seconds
[2024-09-27T14:23:57.004+0200] {processor.py:186} INFO - Started process (PID=280496) to work on /home/julian/.cache/pypoetry/virtualenvs/real-time-data-lake-QWGm5iRW-py3.11/lib/python3.11/site-packages/airflow/example_dags/example_sensors.py
[2024-09-27T14:23:57.010+0200] {processor.py:914} INFO - Processing file /home/julian/.cache/pypoetry/virtualenvs/real-time-data-lake-QWGm5iRW-py3.11/lib/python3.11/site-packages/airflow/example_dags/example_sensors.py for tasks to queue
[2024-09-27T14:23:57.011+0200] {logging_mixin.py:190} INFO - [2024-09-27T14:23:57.011+0200] {dagbag.py:588} INFO - Filling up the DagBag from /home/julian/.cache/pypoetry/virtualenvs/real-time-data-lake-QWGm5iRW-py3.11/lib/python3.11/site-packages/airflow/example_dags/example_sensors.py
[2024-09-27T14:23:57.018+0200] {processor.py:925} INFO - DAG(s) 'example_sensors' retrieved from /home/julian/.cache/pypoetry/virtualenvs/real-time-data-lake-QWGm5iRW-py3.11/lib/python3.11/site-packages/airflow/example_dags/example_sensors.py
[2024-09-27T14:23:57.031+0200] {logging_mixin.py:190} INFO - [2024-09-27T14:23:57.031+0200] {dag.py:3239} INFO - Sync 1 DAGs
[2024-09-27T14:23:57.038+0200] {logging_mixin.py:190} INFO - [2024-09-27T14:23:57.038+0200] {dag.py:4180} INFO - Setting next_dagrun for example_sensors to None, run_after=None
[2024-09-27T14:23:57.051+0200] {processor.py:208} INFO - Processing /home/julian/.cache/pypoetry/virtualenvs/real-time-data-lake-QWGm5iRW-py3.11/lib/python3.11/site-packages/airflow/example_dags/example_sensors.py took 0.054 seconds
[2024-09-27T14:24:48.393+0200] {processor.py:186} INFO - Started process (PID=280709) to work on /home/julian/.cache/pypoetry/virtualenvs/real-time-data-lake-QWGm5iRW-py3.11/lib/python3.11/site-packages/airflow/example_dags/example_sensors.py
[2024-09-27T14:24:48.399+0200] {processor.py:914} INFO - Processing file /home/julian/.cache/pypoetry/virtualenvs/real-time-data-lake-QWGm5iRW-py3.11/lib/python3.11/site-packages/airflow/example_dags/example_sensors.py for tasks to queue
[2024-09-27T14:24:48.401+0200] {logging_mixin.py:190} INFO - [2024-09-27T14:24:48.401+0200] {dagbag.py:588} INFO - Filling up the DagBag from /home/julian/.cache/pypoetry/virtualenvs/real-time-data-lake-QWGm5iRW-py3.11/lib/python3.11/site-packages/airflow/example_dags/example_sensors.py
[2024-09-27T14:24:48.416+0200] {processor.py:925} INFO - DAG(s) 'example_sensors' retrieved from /home/julian/.cache/pypoetry/virtualenvs/real-time-data-lake-QWGm5iRW-py3.11/lib/python3.11/site-packages/airflow/example_dags/example_sensors.py
[2024-09-27T14:24:48.444+0200] {logging_mixin.py:190} INFO - [2024-09-27T14:24:48.444+0200] {dag.py:3239} INFO - Sync 1 DAGs
[2024-09-27T14:24:48.452+0200] {logging_mixin.py:190} INFO - [2024-09-27T14:24:48.452+0200] {dag.py:4180} INFO - Setting next_dagrun for example_sensors to None, run_after=None
[2024-09-27T14:24:48.467+0200] {processor.py:208} INFO - Processing /home/julian/.cache/pypoetry/virtualenvs/real-time-data-lake-QWGm5iRW-py3.11/lib/python3.11/site-packages/airflow/example_dags/example_sensors.py took 0.082 seconds
[2024-09-27T14:30:34.271+0200] {processor.py:186} INFO - Started process (PID=281424) to work on /home/julian/.cache/pypoetry/virtualenvs/real-time-data-lake-QWGm5iRW-py3.11/lib/python3.11/site-packages/airflow/example_dags/example_sensors.py
[2024-09-27T14:30:34.272+0200] {processor.py:914} INFO - Processing file /home/julian/.cache/pypoetry/virtualenvs/real-time-data-lake-QWGm5iRW-py3.11/lib/python3.11/site-packages/airflow/example_dags/example_sensors.py for tasks to queue
[2024-09-27T14:30:34.275+0200] {logging_mixin.py:190} INFO - [2024-09-27T14:30:34.274+0200] {dagbag.py:588} INFO - Filling up the DagBag from /home/julian/.cache/pypoetry/virtualenvs/real-time-data-lake-QWGm5iRW-py3.11/lib/python3.11/site-packages/airflow/example_dags/example_sensors.py
[2024-09-27T14:30:34.290+0200] {processor.py:925} INFO - DAG(s) 'example_sensors' retrieved from /home/julian/.cache/pypoetry/virtualenvs/real-time-data-lake-QWGm5iRW-py3.11/lib/python3.11/site-packages/airflow/example_dags/example_sensors.py
[2024-09-27T14:30:34.305+0200] {logging_mixin.py:190} INFO - [2024-09-27T14:30:34.305+0200] {dag.py:3239} INFO - Sync 1 DAGs
[2024-09-27T14:30:34.312+0200] {logging_mixin.py:190} INFO - [2024-09-27T14:30:34.312+0200] {dag.py:4180} INFO - Setting next_dagrun for example_sensors to None, run_after=None
[2024-09-27T14:30:34.325+0200] {processor.py:208} INFO - Processing /home/julian/.cache/pypoetry/virtualenvs/real-time-data-lake-QWGm5iRW-py3.11/lib/python3.11/site-packages/airflow/example_dags/example_sensors.py took 0.061 seconds
[2024-09-27T14:31:28.342+0200] {processor.py:186} INFO - Started process (PID=281540) to work on /home/julian/.cache/pypoetry/virtualenvs/real-time-data-lake-QWGm5iRW-py3.11/lib/python3.11/site-packages/airflow/example_dags/example_sensors.py
[2024-09-27T14:31:28.348+0200] {processor.py:914} INFO - Processing file /home/julian/.cache/pypoetry/virtualenvs/real-time-data-lake-QWGm5iRW-py3.11/lib/python3.11/site-packages/airflow/example_dags/example_sensors.py for tasks to queue
[2024-09-27T14:31:28.351+0200] {logging_mixin.py:190} INFO - [2024-09-27T14:31:28.351+0200] {dagbag.py:588} INFO - Filling up the DagBag from /home/julian/.cache/pypoetry/virtualenvs/real-time-data-lake-QWGm5iRW-py3.11/lib/python3.11/site-packages/airflow/example_dags/example_sensors.py
[2024-09-27T14:31:28.366+0200] {processor.py:925} INFO - DAG(s) 'example_sensors' retrieved from /home/julian/.cache/pypoetry/virtualenvs/real-time-data-lake-QWGm5iRW-py3.11/lib/python3.11/site-packages/airflow/example_dags/example_sensors.py
[2024-09-27T14:31:28.396+0200] {logging_mixin.py:190} INFO - [2024-09-27T14:31:28.395+0200] {dag.py:3239} INFO - Sync 1 DAGs
[2024-09-27T14:31:28.403+0200] {logging_mixin.py:190} INFO - [2024-09-27T14:31:28.403+0200] {dag.py:4180} INFO - Setting next_dagrun for example_sensors to None, run_after=None
[2024-09-27T14:31:28.416+0200] {processor.py:208} INFO - Processing /home/julian/.cache/pypoetry/virtualenvs/real-time-data-lake-QWGm5iRW-py3.11/lib/python3.11/site-packages/airflow/example_dags/example_sensors.py took 0.081 seconds
[2024-09-27T14:32:23.147+0200] {processor.py:186} INFO - Started process (PID=281632) to work on /home/julian/.cache/pypoetry/virtualenvs/real-time-data-lake-QWGm5iRW-py3.11/lib/python3.11/site-packages/airflow/example_dags/example_sensors.py
[2024-09-27T14:32:23.153+0200] {processor.py:914} INFO - Processing file /home/julian/.cache/pypoetry/virtualenvs/real-time-data-lake-QWGm5iRW-py3.11/lib/python3.11/site-packages/airflow/example_dags/example_sensors.py for tasks to queue
[2024-09-27T14:32:23.155+0200] {logging_mixin.py:190} INFO - [2024-09-27T14:32:23.155+0200] {dagbag.py:588} INFO - Filling up the DagBag from /home/julian/.cache/pypoetry/virtualenvs/real-time-data-lake-QWGm5iRW-py3.11/lib/python3.11/site-packages/airflow/example_dags/example_sensors.py
[2024-09-27T14:32:23.170+0200] {processor.py:925} INFO - DAG(s) 'example_sensors' retrieved from /home/julian/.cache/pypoetry/virtualenvs/real-time-data-lake-QWGm5iRW-py3.11/lib/python3.11/site-packages/airflow/example_dags/example_sensors.py
[2024-09-27T14:32:23.200+0200] {logging_mixin.py:190} INFO - [2024-09-27T14:32:23.199+0200] {dag.py:3239} INFO - Sync 1 DAGs
[2024-09-27T14:32:23.207+0200] {logging_mixin.py:190} INFO - [2024-09-27T14:32:23.207+0200] {dag.py:4180} INFO - Setting next_dagrun for example_sensors to None, run_after=None
[2024-09-27T14:32:23.220+0200] {processor.py:208} INFO - Processing /home/julian/.cache/pypoetry/virtualenvs/real-time-data-lake-QWGm5iRW-py3.11/lib/python3.11/site-packages/airflow/example_dags/example_sensors.py took 0.080 seconds
[2024-09-27T14:33:11.829+0200] {processor.py:186} INFO - Started process (PID=281781) to work on /home/julian/.cache/pypoetry/virtualenvs/real-time-data-lake-QWGm5iRW-py3.11/lib/python3.11/site-packages/airflow/example_dags/example_sensors.py
[2024-09-27T14:33:11.830+0200] {processor.py:914} INFO - Processing file /home/julian/.cache/pypoetry/virtualenvs/real-time-data-lake-QWGm5iRW-py3.11/lib/python3.11/site-packages/airflow/example_dags/example_sensors.py for tasks to queue
[2024-09-27T14:33:11.831+0200] {logging_mixin.py:190} INFO - [2024-09-27T14:33:11.831+0200] {dagbag.py:588} INFO - Filling up the DagBag from /home/julian/.cache/pypoetry/virtualenvs/real-time-data-lake-QWGm5iRW-py3.11/lib/python3.11/site-packages/airflow/example_dags/example_sensors.py
[2024-09-27T14:33:11.838+0200] {processor.py:925} INFO - DAG(s) 'example_sensors' retrieved from /home/julian/.cache/pypoetry/virtualenvs/real-time-data-lake-QWGm5iRW-py3.11/lib/python3.11/site-packages/airflow/example_dags/example_sensors.py
[2024-09-27T14:33:11.851+0200] {logging_mixin.py:190} INFO - [2024-09-27T14:33:11.851+0200] {dag.py:3239} INFO - Sync 1 DAGs
[2024-09-27T14:33:11.859+0200] {logging_mixin.py:190} INFO - [2024-09-27T14:33:11.859+0200] {dag.py:4180} INFO - Setting next_dagrun for example_sensors to None, run_after=None
[2024-09-27T14:33:11.872+0200] {processor.py:208} INFO - Processing /home/julian/.cache/pypoetry/virtualenvs/real-time-data-lake-QWGm5iRW-py3.11/lib/python3.11/site-packages/airflow/example_dags/example_sensors.py took 0.046 seconds
[2024-09-27T14:34:02.193+0200] {processor.py:186} INFO - Started process (PID=281896) to work on /home/julian/.cache/pypoetry/virtualenvs/real-time-data-lake-QWGm5iRW-py3.11/lib/python3.11/site-packages/airflow/example_dags/example_sensors.py
[2024-09-27T14:34:02.199+0200] {processor.py:914} INFO - Processing file /home/julian/.cache/pypoetry/virtualenvs/real-time-data-lake-QWGm5iRW-py3.11/lib/python3.11/site-packages/airflow/example_dags/example_sensors.py for tasks to queue
[2024-09-27T14:34:02.201+0200] {logging_mixin.py:190} INFO - [2024-09-27T14:34:02.201+0200] {dagbag.py:588} INFO - Filling up the DagBag from /home/julian/.cache/pypoetry/virtualenvs/real-time-data-lake-QWGm5iRW-py3.11/lib/python3.11/site-packages/airflow/example_dags/example_sensors.py
[2024-09-27T14:34:02.216+0200] {processor.py:925} INFO - DAG(s) 'example_sensors' retrieved from /home/julian/.cache/pypoetry/virtualenvs/real-time-data-lake-QWGm5iRW-py3.11/lib/python3.11/site-packages/airflow/example_dags/example_sensors.py
[2024-09-27T14:34:02.244+0200] {logging_mixin.py:190} INFO - [2024-09-27T14:34:02.244+0200] {dag.py:3239} INFO - Sync 1 DAGs
[2024-09-27T14:34:02.251+0200] {logging_mixin.py:190} INFO - [2024-09-27T14:34:02.251+0200] {dag.py:4180} INFO - Setting next_dagrun for example_sensors to None, run_after=None
[2024-09-27T14:34:02.264+0200] {processor.py:208} INFO - Processing /home/julian/.cache/pypoetry/virtualenvs/real-time-data-lake-QWGm5iRW-py3.11/lib/python3.11/site-packages/airflow/example_dags/example_sensors.py took 0.078 seconds
[2024-09-27T14:34:50.929+0200] {processor.py:186} INFO - Started process (PID=282106) to work on /home/julian/.cache/pypoetry/virtualenvs/real-time-data-lake-QWGm5iRW-py3.11/lib/python3.11/site-packages/airflow/example_dags/example_sensors.py
[2024-09-27T14:34:50.935+0200] {processor.py:914} INFO - Processing file /home/julian/.cache/pypoetry/virtualenvs/real-time-data-lake-QWGm5iRW-py3.11/lib/python3.11/site-packages/airflow/example_dags/example_sensors.py for tasks to queue
[2024-09-27T14:34:50.937+0200] {logging_mixin.py:190} INFO - [2024-09-27T14:34:50.937+0200] {dagbag.py:588} INFO - Filling up the DagBag from /home/julian/.cache/pypoetry/virtualenvs/real-time-data-lake-QWGm5iRW-py3.11/lib/python3.11/site-packages/airflow/example_dags/example_sensors.py
[2024-09-27T14:34:50.952+0200] {processor.py:925} INFO - DAG(s) 'example_sensors' retrieved from /home/julian/.cache/pypoetry/virtualenvs/real-time-data-lake-QWGm5iRW-py3.11/lib/python3.11/site-packages/airflow/example_dags/example_sensors.py
[2024-09-27T14:34:50.980+0200] {logging_mixin.py:190} INFO - [2024-09-27T14:34:50.980+0200] {dag.py:3239} INFO - Sync 1 DAGs
[2024-09-27T14:34:50.987+0200] {logging_mixin.py:190} INFO - [2024-09-27T14:34:50.987+0200] {dag.py:4180} INFO - Setting next_dagrun for example_sensors to None, run_after=None
[2024-09-27T14:34:51.001+0200] {processor.py:208} INFO - Processing /home/julian/.cache/pypoetry/virtualenvs/real-time-data-lake-QWGm5iRW-py3.11/lib/python3.11/site-packages/airflow/example_dags/example_sensors.py took 0.080 seconds
[2024-09-27T14:35:38.526+0200] {processor.py:186} INFO - Started process (PID=282182) to work on /home/julian/.cache/pypoetry/virtualenvs/real-time-data-lake-QWGm5iRW-py3.11/lib/python3.11/site-packages/airflow/example_dags/example_sensors.py
[2024-09-27T14:35:38.532+0200] {processor.py:914} INFO - Processing file /home/julian/.cache/pypoetry/virtualenvs/real-time-data-lake-QWGm5iRW-py3.11/lib/python3.11/site-packages/airflow/example_dags/example_sensors.py for tasks to queue
[2024-09-27T14:35:38.534+0200] {logging_mixin.py:190} INFO - [2024-09-27T14:35:38.534+0200] {dagbag.py:588} INFO - Filling up the DagBag from /home/julian/.cache/pypoetry/virtualenvs/real-time-data-lake-QWGm5iRW-py3.11/lib/python3.11/site-packages/airflow/example_dags/example_sensors.py
[2024-09-27T14:35:38.550+0200] {processor.py:925} INFO - DAG(s) 'example_sensors' retrieved from /home/julian/.cache/pypoetry/virtualenvs/real-time-data-lake-QWGm5iRW-py3.11/lib/python3.11/site-packages/airflow/example_dags/example_sensors.py
[2024-09-27T14:35:38.579+0200] {logging_mixin.py:190} INFO - [2024-09-27T14:35:38.579+0200] {dag.py:3239} INFO - Sync 1 DAGs
[2024-09-27T14:35:38.586+0200] {logging_mixin.py:190} INFO - [2024-09-27T14:35:38.586+0200] {dag.py:4180} INFO - Setting next_dagrun for example_sensors to None, run_after=None
[2024-09-27T14:35:38.599+0200] {processor.py:208} INFO - Processing /home/julian/.cache/pypoetry/virtualenvs/real-time-data-lake-QWGm5iRW-py3.11/lib/python3.11/site-packages/airflow/example_dags/example_sensors.py took 0.080 seconds
[2024-09-27T14:36:26.772+0200] {processor.py:186} INFO - Started process (PID=282255) to work on /home/julian/.cache/pypoetry/virtualenvs/real-time-data-lake-QWGm5iRW-py3.11/lib/python3.11/site-packages/airflow/example_dags/example_sensors.py
[2024-09-27T14:36:26.778+0200] {processor.py:914} INFO - Processing file /home/julian/.cache/pypoetry/virtualenvs/real-time-data-lake-QWGm5iRW-py3.11/lib/python3.11/site-packages/airflow/example_dags/example_sensors.py for tasks to queue
[2024-09-27T14:36:26.781+0200] {logging_mixin.py:190} INFO - [2024-09-27T14:36:26.781+0200] {dagbag.py:588} INFO - Filling up the DagBag from /home/julian/.cache/pypoetry/virtualenvs/real-time-data-lake-QWGm5iRW-py3.11/lib/python3.11/site-packages/airflow/example_dags/example_sensors.py
[2024-09-27T14:36:26.802+0200] {processor.py:925} INFO - DAG(s) 'example_sensors' retrieved from /home/julian/.cache/pypoetry/virtualenvs/real-time-data-lake-QWGm5iRW-py3.11/lib/python3.11/site-packages/airflow/example_dags/example_sensors.py
[2024-09-27T14:36:26.824+0200] {logging_mixin.py:190} INFO - [2024-09-27T14:36:26.824+0200] {dag.py:3239} INFO - Sync 1 DAGs
[2024-09-27T14:36:26.831+0200] {logging_mixin.py:190} INFO - [2024-09-27T14:36:26.831+0200] {dag.py:4180} INFO - Setting next_dagrun for example_sensors to None, run_after=None
[2024-09-27T14:36:26.844+0200] {processor.py:208} INFO - Processing /home/julian/.cache/pypoetry/virtualenvs/real-time-data-lake-QWGm5iRW-py3.11/lib/python3.11/site-packages/airflow/example_dags/example_sensors.py took 0.079 seconds
[2024-09-27T14:37:17.060+0200] {processor.py:186} INFO - Started process (PID=282331) to work on /home/julian/.cache/pypoetry/virtualenvs/real-time-data-lake-QWGm5iRW-py3.11/lib/python3.11/site-packages/airflow/example_dags/example_sensors.py
[2024-09-27T14:37:17.066+0200] {processor.py:914} INFO - Processing file /home/julian/.cache/pypoetry/virtualenvs/real-time-data-lake-QWGm5iRW-py3.11/lib/python3.11/site-packages/airflow/example_dags/example_sensors.py for tasks to queue
[2024-09-27T14:37:17.068+0200] {logging_mixin.py:190} INFO - [2024-09-27T14:37:17.067+0200] {dagbag.py:588} INFO - Filling up the DagBag from /home/julian/.cache/pypoetry/virtualenvs/real-time-data-lake-QWGm5iRW-py3.11/lib/python3.11/site-packages/airflow/example_dags/example_sensors.py
[2024-09-27T14:37:17.075+0200] {processor.py:925} INFO - DAG(s) 'example_sensors' retrieved from /home/julian/.cache/pypoetry/virtualenvs/real-time-data-lake-QWGm5iRW-py3.11/lib/python3.11/site-packages/airflow/example_dags/example_sensors.py
[2024-09-27T14:37:17.088+0200] {logging_mixin.py:190} INFO - [2024-09-27T14:37:17.088+0200] {dag.py:3239} INFO - Sync 1 DAGs
[2024-09-27T14:37:17.095+0200] {logging_mixin.py:190} INFO - [2024-09-27T14:37:17.095+0200] {dag.py:4180} INFO - Setting next_dagrun for example_sensors to None, run_after=None
[2024-09-27T14:37:17.108+0200] {processor.py:208} INFO - Processing /home/julian/.cache/pypoetry/virtualenvs/real-time-data-lake-QWGm5iRW-py3.11/lib/python3.11/site-packages/airflow/example_dags/example_sensors.py took 0.051 seconds
[2024-09-27T14:38:08.484+0200] {processor.py:186} INFO - Started process (PID=282566) to work on /home/julian/.cache/pypoetry/virtualenvs/real-time-data-lake-QWGm5iRW-py3.11/lib/python3.11/site-packages/airflow/example_dags/example_sensors.py
[2024-09-27T14:38:08.490+0200] {processor.py:914} INFO - Processing file /home/julian/.cache/pypoetry/virtualenvs/real-time-data-lake-QWGm5iRW-py3.11/lib/python3.11/site-packages/airflow/example_dags/example_sensors.py for tasks to queue
[2024-09-27T14:38:08.494+0200] {logging_mixin.py:190} INFO - [2024-09-27T14:38:08.493+0200] {dagbag.py:588} INFO - Filling up the DagBag from /home/julian/.cache/pypoetry/virtualenvs/real-time-data-lake-QWGm5iRW-py3.11/lib/python3.11/site-packages/airflow/example_dags/example_sensors.py
[2024-09-27T14:38:08.507+0200] {processor.py:925} INFO - DAG(s) 'example_sensors' retrieved from /home/julian/.cache/pypoetry/virtualenvs/real-time-data-lake-QWGm5iRW-py3.11/lib/python3.11/site-packages/airflow/example_dags/example_sensors.py
[2024-09-27T14:38:08.536+0200] {logging_mixin.py:190} INFO - [2024-09-27T14:38:08.536+0200] {dag.py:3239} INFO - Sync 1 DAGs
[2024-09-27T14:38:08.545+0200] {logging_mixin.py:190} INFO - [2024-09-27T14:38:08.544+0200] {dag.py:4180} INFO - Setting next_dagrun for example_sensors to None, run_after=None
[2024-09-27T14:38:08.559+0200] {processor.py:208} INFO - Processing /home/julian/.cache/pypoetry/virtualenvs/real-time-data-lake-QWGm5iRW-py3.11/lib/python3.11/site-packages/airflow/example_dags/example_sensors.py took 0.082 seconds
[2024-09-27T14:38:57.927+0200] {processor.py:186} INFO - Started process (PID=282828) to work on /home/julian/.cache/pypoetry/virtualenvs/real-time-data-lake-QWGm5iRW-py3.11/lib/python3.11/site-packages/airflow/example_dags/example_sensors.py
[2024-09-27T14:38:57.932+0200] {processor.py:914} INFO - Processing file /home/julian/.cache/pypoetry/virtualenvs/real-time-data-lake-QWGm5iRW-py3.11/lib/python3.11/site-packages/airflow/example_dags/example_sensors.py for tasks to queue
[2024-09-27T14:38:57.934+0200] {logging_mixin.py:190} INFO - [2024-09-27T14:38:57.934+0200] {dagbag.py:588} INFO - Filling up the DagBag from /home/julian/.cache/pypoetry/virtualenvs/real-time-data-lake-QWGm5iRW-py3.11/lib/python3.11/site-packages/airflow/example_dags/example_sensors.py
[2024-09-27T14:38:57.940+0200] {processor.py:925} INFO - DAG(s) 'example_sensors' retrieved from /home/julian/.cache/pypoetry/virtualenvs/real-time-data-lake-QWGm5iRW-py3.11/lib/python3.11/site-packages/airflow/example_dags/example_sensors.py
[2024-09-27T14:38:57.953+0200] {logging_mixin.py:190} INFO - [2024-09-27T14:38:57.953+0200] {dag.py:3239} INFO - Sync 1 DAGs
[2024-09-27T14:38:57.961+0200] {logging_mixin.py:190} INFO - [2024-09-27T14:38:57.961+0200] {dag.py:4180} INFO - Setting next_dagrun for example_sensors to None, run_after=None
[2024-09-27T14:38:57.982+0200] {processor.py:208} INFO - Processing /home/julian/.cache/pypoetry/virtualenvs/real-time-data-lake-QWGm5iRW-py3.11/lib/python3.11/site-packages/airflow/example_dags/example_sensors.py took 0.059 seconds
