[2024-09-27T14:20:54.419+0200] {processor.py:186} INFO - Started process (PID=280090) to work on /home/julian/.cache/pypoetry/virtualenvs/real-time-data-lake-QWGm5iRW-py3.11/lib/python3.11/site-packages/airflow/example_dags/example_dataset_alias.py
[2024-09-27T14:20:54.420+0200] {processor.py:914} INFO - Processing file /home/julian/.cache/pypoetry/virtualenvs/real-time-data-lake-QWGm5iRW-py3.11/lib/python3.11/site-packages/airflow/example_dags/example_dataset_alias.py for tasks to queue
[2024-09-27T14:20:54.422+0200] {logging_mixin.py:190} INFO - [2024-09-27T14:20:54.421+0200] {dagbag.py:588} INFO - Filling up the DagBag from /home/julian/.cache/pypoetry/virtualenvs/real-time-data-lake-QWGm5iRW-py3.11/lib/python3.11/site-packages/airflow/example_dags/example_dataset_alias.py
[2024-09-27T14:20:54.437+0200] {processor.py:925} INFO - DAG(s) 'dataset_s3_bucket_producer', 'dataset_alias_example_alias_producer', 'dataset_alias_example_alias_consumer', 'dataset_s3_bucket_consumer' retrieved from /home/julian/.cache/pypoetry/virtualenvs/real-time-data-lake-QWGm5iRW-py3.11/lib/python3.11/site-packages/airflow/example_dags/example_dataset_alias.py
[2024-09-27T14:20:54.496+0200] {logging_mixin.py:190} INFO - [2024-09-27T14:20:54.496+0200] {override.py:1901} INFO - Created Permission View: can delete on DAG:dataset_s3_bucket_producer
[2024-09-27T14:20:54.503+0200] {logging_mixin.py:190} INFO - [2024-09-27T14:20:54.503+0200] {override.py:1901} INFO - Created Permission View: can read on DAG:dataset_s3_bucket_producer
[2024-09-27T14:20:54.509+0200] {logging_mixin.py:190} INFO - [2024-09-27T14:20:54.509+0200] {override.py:1901} INFO - Created Permission View: can edit on DAG:dataset_s3_bucket_producer
[2024-09-27T14:20:54.520+0200] {logging_mixin.py:190} INFO - [2024-09-27T14:20:54.519+0200] {override.py:1901} INFO - Created Permission View: can create on DAG Run:dataset_s3_bucket_producer
[2024-09-27T14:20:54.525+0200] {logging_mixin.py:190} INFO - [2024-09-27T14:20:54.524+0200] {override.py:1901} INFO - Created Permission View: can delete on DAG Run:dataset_s3_bucket_producer
[2024-09-27T14:20:54.530+0200] {logging_mixin.py:190} INFO - [2024-09-27T14:20:54.530+0200] {override.py:1901} INFO - Created Permission View: can read on DAG Run:dataset_s3_bucket_producer
[2024-09-27T14:20:54.537+0200] {logging_mixin.py:190} INFO - [2024-09-27T14:20:54.536+0200] {override.py:1901} INFO - Created Permission View: menu access on DAG Run:dataset_s3_bucket_producer
[2024-09-27T14:20:54.549+0200] {logging_mixin.py:190} INFO - [2024-09-27T14:20:54.549+0200] {override.py:1901} INFO - Created Permission View: can delete on DAG:dataset_alias_example_alias_producer
[2024-09-27T14:20:54.555+0200] {logging_mixin.py:190} INFO - [2024-09-27T14:20:54.554+0200] {override.py:1901} INFO - Created Permission View: can read on DAG:dataset_alias_example_alias_producer
[2024-09-27T14:20:54.560+0200] {logging_mixin.py:190} INFO - [2024-09-27T14:20:54.560+0200] {override.py:1901} INFO - Created Permission View: can edit on DAG:dataset_alias_example_alias_producer
[2024-09-27T14:20:54.569+0200] {logging_mixin.py:190} INFO - [2024-09-27T14:20:54.568+0200] {override.py:1901} INFO - Created Permission View: can create on DAG Run:dataset_alias_example_alias_producer
[2024-09-27T14:20:54.579+0200] {logging_mixin.py:190} INFO - [2024-09-27T14:20:54.579+0200] {override.py:1901} INFO - Created Permission View: can delete on DAG Run:dataset_alias_example_alias_producer
[2024-09-27T14:20:54.588+0200] {logging_mixin.py:190} INFO - [2024-09-27T14:20:54.588+0200] {override.py:1901} INFO - Created Permission View: can read on DAG Run:dataset_alias_example_alias_producer
[2024-09-27T14:20:54.596+0200] {logging_mixin.py:190} INFO - [2024-09-27T14:20:54.596+0200] {override.py:1901} INFO - Created Permission View: menu access on DAG Run:dataset_alias_example_alias_producer
[2024-09-27T14:20:54.613+0200] {logging_mixin.py:190} INFO - [2024-09-27T14:20:54.613+0200] {override.py:1901} INFO - Created Permission View: can delete on DAG:dataset_alias_example_alias_consumer
[2024-09-27T14:20:54.619+0200] {logging_mixin.py:190} INFO - [2024-09-27T14:20:54.619+0200] {override.py:1901} INFO - Created Permission View: can read on DAG:dataset_alias_example_alias_consumer
[2024-09-27T14:20:54.626+0200] {logging_mixin.py:190} INFO - [2024-09-27T14:20:54.626+0200] {override.py:1901} INFO - Created Permission View: can edit on DAG:dataset_alias_example_alias_consumer
[2024-09-27T14:20:54.635+0200] {logging_mixin.py:190} INFO - [2024-09-27T14:20:54.634+0200] {override.py:1901} INFO - Created Permission View: can create on DAG Run:dataset_alias_example_alias_consumer
[2024-09-27T14:20:54.640+0200] {logging_mixin.py:190} INFO - [2024-09-27T14:20:54.639+0200] {override.py:1901} INFO - Created Permission View: can delete on DAG Run:dataset_alias_example_alias_consumer
[2024-09-27T14:20:54.645+0200] {logging_mixin.py:190} INFO - [2024-09-27T14:20:54.644+0200] {override.py:1901} INFO - Created Permission View: can read on DAG Run:dataset_alias_example_alias_consumer
[2024-09-27T14:20:54.651+0200] {logging_mixin.py:190} INFO - [2024-09-27T14:20:54.650+0200] {override.py:1901} INFO - Created Permission View: menu access on DAG Run:dataset_alias_example_alias_consumer
[2024-09-27T14:20:54.664+0200] {logging_mixin.py:190} INFO - [2024-09-27T14:20:54.664+0200] {override.py:1901} INFO - Created Permission View: can delete on DAG:dataset_s3_bucket_consumer
[2024-09-27T14:20:54.670+0200] {logging_mixin.py:190} INFO - [2024-09-27T14:20:54.669+0200] {override.py:1901} INFO - Created Permission View: can read on DAG:dataset_s3_bucket_consumer
[2024-09-27T14:20:54.675+0200] {logging_mixin.py:190} INFO - [2024-09-27T14:20:54.674+0200] {override.py:1901} INFO - Created Permission View: can edit on DAG:dataset_s3_bucket_consumer
[2024-09-27T14:20:54.683+0200] {logging_mixin.py:190} INFO - [2024-09-27T14:20:54.682+0200] {override.py:1901} INFO - Created Permission View: can create on DAG Run:dataset_s3_bucket_consumer
[2024-09-27T14:20:54.688+0200] {logging_mixin.py:190} INFO - [2024-09-27T14:20:54.688+0200] {override.py:1901} INFO - Created Permission View: can delete on DAG Run:dataset_s3_bucket_consumer
[2024-09-27T14:20:54.693+0200] {logging_mixin.py:190} INFO - [2024-09-27T14:20:54.693+0200] {override.py:1901} INFO - Created Permission View: can read on DAG Run:dataset_s3_bucket_consumer
[2024-09-27T14:20:54.701+0200] {logging_mixin.py:190} INFO - [2024-09-27T14:20:54.701+0200] {override.py:1901} INFO - Created Permission View: menu access on DAG Run:dataset_s3_bucket_consumer
[2024-09-27T14:20:54.702+0200] {logging_mixin.py:190} INFO - [2024-09-27T14:20:54.702+0200] {dag.py:3239} INFO - Sync 4 DAGs
[2024-09-27T14:20:54.708+0200] {logging_mixin.py:190} INFO - [2024-09-27T14:20:54.708+0200] {dag.py:3262} INFO - Creating ORM DAG for dataset_s3_bucket_consumer
[2024-09-27T14:20:54.709+0200] {logging_mixin.py:190} INFO - [2024-09-27T14:20:54.709+0200] {dag.py:3262} INFO - Creating ORM DAG for dataset_alias_example_alias_producer
[2024-09-27T14:20:54.709+0200] {logging_mixin.py:190} INFO - [2024-09-27T14:20:54.709+0200] {dag.py:3262} INFO - Creating ORM DAG for dataset_alias_example_alias_consumer
[2024-09-27T14:20:54.709+0200] {logging_mixin.py:190} INFO - [2024-09-27T14:20:54.709+0200] {dag.py:3262} INFO - Creating ORM DAG for dataset_s3_bucket_producer
[2024-09-27T14:20:54.714+0200] {logging_mixin.py:190} INFO - [2024-09-27T14:20:54.714+0200] {dag.py:4180} INFO - Setting next_dagrun for dataset_alias_example_alias_consumer to None, run_after=None
[2024-09-27T14:20:54.714+0200] {logging_mixin.py:190} INFO - [2024-09-27T14:20:54.714+0200] {dag.py:4180} INFO - Setting next_dagrun for dataset_alias_example_alias_producer to None, run_after=None
[2024-09-27T14:20:54.715+0200] {logging_mixin.py:190} INFO - [2024-09-27T14:20:54.715+0200] {dag.py:4180} INFO - Setting next_dagrun for dataset_s3_bucket_consumer to None, run_after=None
[2024-09-27T14:20:54.715+0200] {logging_mixin.py:190} INFO - [2024-09-27T14:20:54.715+0200] {dag.py:4180} INFO - Setting next_dagrun for dataset_s3_bucket_producer to None, run_after=None
[2024-09-27T14:20:54.731+0200] {processor.py:208} INFO - Processing /home/julian/.cache/pypoetry/virtualenvs/real-time-data-lake-QWGm5iRW-py3.11/lib/python3.11/site-packages/airflow/example_dags/example_dataset_alias.py took 0.317 seconds
[2024-09-27T14:22:32.561+0200] {processor.py:186} INFO - Started process (PID=280270) to work on /home/julian/.cache/pypoetry/virtualenvs/real-time-data-lake-QWGm5iRW-py3.11/lib/python3.11/site-packages/airflow/example_dags/example_dataset_alias.py
[2024-09-27T14:22:32.567+0200] {processor.py:914} INFO - Processing file /home/julian/.cache/pypoetry/virtualenvs/real-time-data-lake-QWGm5iRW-py3.11/lib/python3.11/site-packages/airflow/example_dags/example_dataset_alias.py for tasks to queue
[2024-09-27T14:22:32.568+0200] {logging_mixin.py:190} INFO - [2024-09-27T14:22:32.568+0200] {dagbag.py:588} INFO - Filling up the DagBag from /home/julian/.cache/pypoetry/virtualenvs/real-time-data-lake-QWGm5iRW-py3.11/lib/python3.11/site-packages/airflow/example_dags/example_dataset_alias.py
[2024-09-27T14:22:32.583+0200] {processor.py:925} INFO - DAG(s) 'dataset_alias_example_alias_consumer', 'dataset_alias_example_alias_producer', 'dataset_s3_bucket_producer', 'dataset_s3_bucket_consumer' retrieved from /home/julian/.cache/pypoetry/virtualenvs/real-time-data-lake-QWGm5iRW-py3.11/lib/python3.11/site-packages/airflow/example_dags/example_dataset_alias.py
[2024-09-27T14:22:32.596+0200] {logging_mixin.py:190} INFO - [2024-09-27T14:22:32.596+0200] {dag.py:3239} INFO - Sync 4 DAGs
[2024-09-27T14:22:32.608+0200] {logging_mixin.py:190} INFO - [2024-09-27T14:22:32.608+0200] {dag.py:4180} INFO - Setting next_dagrun for dataset_alias_example_alias_consumer to None, run_after=None
[2024-09-27T14:22:32.609+0200] {logging_mixin.py:190} INFO - [2024-09-27T14:22:32.609+0200] {dag.py:4180} INFO - Setting next_dagrun for dataset_alias_example_alias_producer to None, run_after=None
[2024-09-27T14:22:32.610+0200] {logging_mixin.py:190} INFO - [2024-09-27T14:22:32.610+0200] {dag.py:4180} INFO - Setting next_dagrun for dataset_s3_bucket_consumer to None, run_after=None
[2024-09-27T14:22:32.610+0200] {logging_mixin.py:190} INFO - [2024-09-27T14:22:32.610+0200] {dag.py:4180} INFO - Setting next_dagrun for dataset_s3_bucket_producer to None, run_after=None
[2024-09-27T14:22:32.624+0200] {processor.py:208} INFO - Processing /home/julian/.cache/pypoetry/virtualenvs/real-time-data-lake-QWGm5iRW-py3.11/lib/python3.11/site-packages/airflow/example_dags/example_dataset_alias.py took 0.067 seconds
[2024-09-27T14:23:27.253+0200] {processor.py:186} INFO - Started process (PID=280412) to work on /home/julian/.cache/pypoetry/virtualenvs/real-time-data-lake-QWGm5iRW-py3.11/lib/python3.11/site-packages/airflow/example_dags/example_dataset_alias.py
[2024-09-27T14:23:27.259+0200] {processor.py:914} INFO - Processing file /home/julian/.cache/pypoetry/virtualenvs/real-time-data-lake-QWGm5iRW-py3.11/lib/python3.11/site-packages/airflow/example_dags/example_dataset_alias.py for tasks to queue
[2024-09-27T14:23:27.262+0200] {logging_mixin.py:190} INFO - [2024-09-27T14:23:27.262+0200] {dagbag.py:588} INFO - Filling up the DagBag from /home/julian/.cache/pypoetry/virtualenvs/real-time-data-lake-QWGm5iRW-py3.11/lib/python3.11/site-packages/airflow/example_dags/example_dataset_alias.py
[2024-09-27T14:23:27.291+0200] {processor.py:925} INFO - DAG(s) 'dataset_alias_example_alias_consumer', 'dataset_alias_example_alias_producer', 'dataset_s3_bucket_consumer', 'dataset_s3_bucket_producer' retrieved from /home/julian/.cache/pypoetry/virtualenvs/real-time-data-lake-QWGm5iRW-py3.11/lib/python3.11/site-packages/airflow/example_dags/example_dataset_alias.py
[2024-09-27T14:23:27.312+0200] {logging_mixin.py:190} INFO - [2024-09-27T14:23:27.312+0200] {dag.py:3239} INFO - Sync 4 DAGs
[2024-09-27T14:23:27.324+0200] {logging_mixin.py:190} INFO - [2024-09-27T14:23:27.324+0200] {dag.py:4180} INFO - Setting next_dagrun for dataset_alias_example_alias_consumer to None, run_after=None
[2024-09-27T14:23:27.326+0200] {logging_mixin.py:190} INFO - [2024-09-27T14:23:27.326+0200] {dag.py:4180} INFO - Setting next_dagrun for dataset_alias_example_alias_producer to None, run_after=None
[2024-09-27T14:23:27.326+0200] {logging_mixin.py:190} INFO - [2024-09-27T14:23:27.326+0200] {dag.py:4180} INFO - Setting next_dagrun for dataset_s3_bucket_consumer to None, run_after=None
[2024-09-27T14:23:27.327+0200] {logging_mixin.py:190} INFO - [2024-09-27T14:23:27.327+0200] {dag.py:4180} INFO - Setting next_dagrun for dataset_s3_bucket_producer to None, run_after=None
[2024-09-27T14:23:27.341+0200] {processor.py:208} INFO - Processing /home/julian/.cache/pypoetry/virtualenvs/real-time-data-lake-QWGm5iRW-py3.11/lib/python3.11/site-packages/airflow/example_dags/example_dataset_alias.py took 0.095 seconds
[2024-09-27T14:24:43.556+0200] {processor.py:186} INFO - Started process (PID=280702) to work on /home/julian/.cache/pypoetry/virtualenvs/real-time-data-lake-QWGm5iRW-py3.11/lib/python3.11/site-packages/airflow/example_dags/example_dataset_alias.py
[2024-09-27T14:24:43.562+0200] {processor.py:914} INFO - Processing file /home/julian/.cache/pypoetry/virtualenvs/real-time-data-lake-QWGm5iRW-py3.11/lib/python3.11/site-packages/airflow/example_dags/example_dataset_alias.py for tasks to queue
[2024-09-27T14:24:43.564+0200] {logging_mixin.py:190} INFO - [2024-09-27T14:24:43.564+0200] {dagbag.py:588} INFO - Filling up the DagBag from /home/julian/.cache/pypoetry/virtualenvs/real-time-data-lake-QWGm5iRW-py3.11/lib/python3.11/site-packages/airflow/example_dags/example_dataset_alias.py
[2024-09-27T14:24:43.594+0200] {processor.py:925} INFO - DAG(s) 'dataset_alias_example_alias_producer', 'dataset_s3_bucket_consumer', 'dataset_s3_bucket_producer', 'dataset_alias_example_alias_consumer' retrieved from /home/julian/.cache/pypoetry/virtualenvs/real-time-data-lake-QWGm5iRW-py3.11/lib/python3.11/site-packages/airflow/example_dags/example_dataset_alias.py
[2024-09-27T14:24:43.614+0200] {logging_mixin.py:190} INFO - [2024-09-27T14:24:43.613+0200] {dag.py:3239} INFO - Sync 4 DAGs
[2024-09-27T14:24:43.626+0200] {logging_mixin.py:190} INFO - [2024-09-27T14:24:43.626+0200] {dag.py:4180} INFO - Setting next_dagrun for dataset_alias_example_alias_consumer to None, run_after=None
[2024-09-27T14:24:43.628+0200] {logging_mixin.py:190} INFO - [2024-09-27T14:24:43.627+0200] {dag.py:4180} INFO - Setting next_dagrun for dataset_alias_example_alias_producer to None, run_after=None
[2024-09-27T14:24:43.628+0200] {logging_mixin.py:190} INFO - [2024-09-27T14:24:43.628+0200] {dag.py:4180} INFO - Setting next_dagrun for dataset_s3_bucket_consumer to None, run_after=None
[2024-09-27T14:24:43.629+0200] {logging_mixin.py:190} INFO - [2024-09-27T14:24:43.629+0200] {dag.py:4180} INFO - Setting next_dagrun for dataset_s3_bucket_producer to None, run_after=None
[2024-09-27T14:24:43.644+0200] {processor.py:208} INFO - Processing /home/julian/.cache/pypoetry/virtualenvs/real-time-data-lake-QWGm5iRW-py3.11/lib/python3.11/site-packages/airflow/example_dags/example_dataset_alias.py took 0.095 seconds
[2024-09-27T14:30:59.550+0200] {processor.py:186} INFO - Started process (PID=281501) to work on /home/julian/.cache/pypoetry/virtualenvs/real-time-data-lake-QWGm5iRW-py3.11/lib/python3.11/site-packages/airflow/example_dags/example_dataset_alias.py
[2024-09-27T14:30:59.556+0200] {processor.py:914} INFO - Processing file /home/julian/.cache/pypoetry/virtualenvs/real-time-data-lake-QWGm5iRW-py3.11/lib/python3.11/site-packages/airflow/example_dags/example_dataset_alias.py for tasks to queue
[2024-09-27T14:30:59.559+0200] {logging_mixin.py:190} INFO - [2024-09-27T14:30:59.558+0200] {dagbag.py:588} INFO - Filling up the DagBag from /home/julian/.cache/pypoetry/virtualenvs/real-time-data-lake-QWGm5iRW-py3.11/lib/python3.11/site-packages/airflow/example_dags/example_dataset_alias.py
[2024-09-27T14:30:59.587+0200] {processor.py:925} INFO - DAG(s) 'dataset_alias_example_alias_producer', 'dataset_alias_example_alias_consumer', 'dataset_s3_bucket_consumer', 'dataset_s3_bucket_producer' retrieved from /home/julian/.cache/pypoetry/virtualenvs/real-time-data-lake-QWGm5iRW-py3.11/lib/python3.11/site-packages/airflow/example_dags/example_dataset_alias.py
[2024-09-27T14:30:59.604+0200] {logging_mixin.py:190} INFO - [2024-09-27T14:30:59.604+0200] {dag.py:3239} INFO - Sync 4 DAGs
[2024-09-27T14:30:59.616+0200] {logging_mixin.py:190} INFO - [2024-09-27T14:30:59.616+0200] {dag.py:4180} INFO - Setting next_dagrun for dataset_alias_example_alias_consumer to None, run_after=None
[2024-09-27T14:30:59.618+0200] {logging_mixin.py:190} INFO - [2024-09-27T14:30:59.617+0200] {dag.py:4180} INFO - Setting next_dagrun for dataset_alias_example_alias_producer to None, run_after=None
[2024-09-27T14:30:59.619+0200] {logging_mixin.py:190} INFO - [2024-09-27T14:30:59.618+0200] {dag.py:4180} INFO - Setting next_dagrun for dataset_s3_bucket_consumer to None, run_after=None
[2024-09-27T14:30:59.619+0200] {logging_mixin.py:190} INFO - [2024-09-27T14:30:59.619+0200] {dag.py:4180} INFO - Setting next_dagrun for dataset_s3_bucket_producer to None, run_after=None
[2024-09-27T14:30:59.633+0200] {processor.py:208} INFO - Processing /home/julian/.cache/pypoetry/virtualenvs/real-time-data-lake-QWGm5iRW-py3.11/lib/python3.11/site-packages/airflow/example_dags/example_dataset_alias.py took 0.090 seconds
[2024-09-27T14:32:12.107+0200] {processor.py:186} INFO - Started process (PID=281610) to work on /home/julian/.cache/pypoetry/virtualenvs/real-time-data-lake-QWGm5iRW-py3.11/lib/python3.11/site-packages/airflow/example_dags/example_dataset_alias.py
[2024-09-27T14:32:12.113+0200] {processor.py:914} INFO - Processing file /home/julian/.cache/pypoetry/virtualenvs/real-time-data-lake-QWGm5iRW-py3.11/lib/python3.11/site-packages/airflow/example_dags/example_dataset_alias.py for tasks to queue
[2024-09-27T14:32:12.116+0200] {logging_mixin.py:190} INFO - [2024-09-27T14:32:12.116+0200] {dagbag.py:588} INFO - Filling up the DagBag from /home/julian/.cache/pypoetry/virtualenvs/real-time-data-lake-QWGm5iRW-py3.11/lib/python3.11/site-packages/airflow/example_dags/example_dataset_alias.py
[2024-09-27T14:32:12.146+0200] {processor.py:925} INFO - DAG(s) 'dataset_alias_example_alias_producer', 'dataset_s3_bucket_producer', 'dataset_alias_example_alias_consumer', 'dataset_s3_bucket_consumer' retrieved from /home/julian/.cache/pypoetry/virtualenvs/real-time-data-lake-QWGm5iRW-py3.11/lib/python3.11/site-packages/airflow/example_dags/example_dataset_alias.py
[2024-09-27T14:32:12.166+0200] {logging_mixin.py:190} INFO - [2024-09-27T14:32:12.166+0200] {dag.py:3239} INFO - Sync 4 DAGs
[2024-09-27T14:32:12.178+0200] {logging_mixin.py:190} INFO - [2024-09-27T14:32:12.178+0200] {dag.py:4180} INFO - Setting next_dagrun for dataset_alias_example_alias_consumer to None, run_after=None
[2024-09-27T14:32:12.179+0200] {logging_mixin.py:190} INFO - [2024-09-27T14:32:12.179+0200] {dag.py:4180} INFO - Setting next_dagrun for dataset_alias_example_alias_producer to None, run_after=None
[2024-09-27T14:32:12.180+0200] {logging_mixin.py:190} INFO - [2024-09-27T14:32:12.180+0200] {dag.py:4180} INFO - Setting next_dagrun for dataset_s3_bucket_consumer to None, run_after=None
[2024-09-27T14:32:12.180+0200] {logging_mixin.py:190} INFO - [2024-09-27T14:32:12.180+0200] {dag.py:4180} INFO - Setting next_dagrun for dataset_s3_bucket_producer to None, run_after=None
[2024-09-27T14:32:12.195+0200] {processor.py:208} INFO - Processing /home/julian/.cache/pypoetry/virtualenvs/real-time-data-lake-QWGm5iRW-py3.11/lib/python3.11/site-packages/airflow/example_dags/example_dataset_alias.py took 0.095 seconds
[2024-09-27T14:33:26.128+0200] {processor.py:186} INFO - Started process (PID=281803) to work on /home/julian/.cache/pypoetry/virtualenvs/real-time-data-lake-QWGm5iRW-py3.11/lib/python3.11/site-packages/airflow/example_dags/example_dataset_alias.py
[2024-09-27T14:33:26.133+0200] {processor.py:914} INFO - Processing file /home/julian/.cache/pypoetry/virtualenvs/real-time-data-lake-QWGm5iRW-py3.11/lib/python3.11/site-packages/airflow/example_dags/example_dataset_alias.py for tasks to queue
[2024-09-27T14:33:26.136+0200] {logging_mixin.py:190} INFO - [2024-09-27T14:33:26.136+0200] {dagbag.py:588} INFO - Filling up the DagBag from /home/julian/.cache/pypoetry/virtualenvs/real-time-data-lake-QWGm5iRW-py3.11/lib/python3.11/site-packages/airflow/example_dags/example_dataset_alias.py
[2024-09-27T14:33:26.166+0200] {processor.py:925} INFO - DAG(s) 'dataset_alias_example_alias_consumer', 'dataset_s3_bucket_consumer', 'dataset_s3_bucket_producer', 'dataset_alias_example_alias_producer' retrieved from /home/julian/.cache/pypoetry/virtualenvs/real-time-data-lake-QWGm5iRW-py3.11/lib/python3.11/site-packages/airflow/example_dags/example_dataset_alias.py
[2024-09-27T14:33:26.185+0200] {logging_mixin.py:190} INFO - [2024-09-27T14:33:26.185+0200] {dag.py:3239} INFO - Sync 4 DAGs
[2024-09-27T14:33:26.198+0200] {logging_mixin.py:190} INFO - [2024-09-27T14:33:26.197+0200] {dag.py:4180} INFO - Setting next_dagrun for dataset_alias_example_alias_consumer to None, run_after=None
[2024-09-27T14:33:26.199+0200] {logging_mixin.py:190} INFO - [2024-09-27T14:33:26.199+0200] {dag.py:4180} INFO - Setting next_dagrun for dataset_alias_example_alias_producer to None, run_after=None
[2024-09-27T14:33:26.200+0200] {logging_mixin.py:190} INFO - [2024-09-27T14:33:26.200+0200] {dag.py:4180} INFO - Setting next_dagrun for dataset_s3_bucket_consumer to None, run_after=None
[2024-09-27T14:33:26.200+0200] {logging_mixin.py:190} INFO - [2024-09-27T14:33:26.200+0200] {dag.py:4180} INFO - Setting next_dagrun for dataset_s3_bucket_producer to None, run_after=None
[2024-09-27T14:33:26.215+0200] {processor.py:208} INFO - Processing /home/julian/.cache/pypoetry/virtualenvs/real-time-data-lake-QWGm5iRW-py3.11/lib/python3.11/site-packages/airflow/example_dags/example_dataset_alias.py took 0.095 seconds
[2024-09-27T14:34:40.520+0200] {processor.py:186} INFO - Started process (PID=282082) to work on /home/julian/.cache/pypoetry/virtualenvs/real-time-data-lake-QWGm5iRW-py3.11/lib/python3.11/site-packages/airflow/example_dags/example_dataset_alias.py
[2024-09-27T14:34:40.526+0200] {processor.py:914} INFO - Processing file /home/julian/.cache/pypoetry/virtualenvs/real-time-data-lake-QWGm5iRW-py3.11/lib/python3.11/site-packages/airflow/example_dags/example_dataset_alias.py for tasks to queue
[2024-09-27T14:34:40.529+0200] {logging_mixin.py:190} INFO - [2024-09-27T14:34:40.528+0200] {dagbag.py:588} INFO - Filling up the DagBag from /home/julian/.cache/pypoetry/virtualenvs/real-time-data-lake-QWGm5iRW-py3.11/lib/python3.11/site-packages/airflow/example_dags/example_dataset_alias.py
[2024-09-27T14:34:40.558+0200] {processor.py:925} INFO - DAG(s) 'dataset_s3_bucket_consumer', 'dataset_s3_bucket_producer', 'dataset_alias_example_alias_consumer', 'dataset_alias_example_alias_producer' retrieved from /home/julian/.cache/pypoetry/virtualenvs/real-time-data-lake-QWGm5iRW-py3.11/lib/python3.11/site-packages/airflow/example_dags/example_dataset_alias.py
[2024-09-27T14:34:40.578+0200] {logging_mixin.py:190} INFO - [2024-09-27T14:34:40.577+0200] {dag.py:3239} INFO - Sync 4 DAGs
[2024-09-27T14:34:40.589+0200] {logging_mixin.py:190} INFO - [2024-09-27T14:34:40.589+0200] {dag.py:4180} INFO - Setting next_dagrun for dataset_alias_example_alias_consumer to None, run_after=None
[2024-09-27T14:34:40.590+0200] {logging_mixin.py:190} INFO - [2024-09-27T14:34:40.590+0200] {dag.py:4180} INFO - Setting next_dagrun for dataset_alias_example_alias_producer to None, run_after=None
[2024-09-27T14:34:40.591+0200] {logging_mixin.py:190} INFO - [2024-09-27T14:34:40.591+0200] {dag.py:4180} INFO - Setting next_dagrun for dataset_s3_bucket_consumer to None, run_after=None
[2024-09-27T14:34:40.592+0200] {logging_mixin.py:190} INFO - [2024-09-27T14:34:40.592+0200] {dag.py:4180} INFO - Setting next_dagrun for dataset_s3_bucket_producer to None, run_after=None
[2024-09-27T14:34:40.606+0200] {processor.py:208} INFO - Processing /home/julian/.cache/pypoetry/virtualenvs/real-time-data-lake-QWGm5iRW-py3.11/lib/python3.11/site-packages/airflow/example_dags/example_dataset_alias.py took 0.093 seconds
[2024-09-27T14:35:50.540+0200] {processor.py:186} INFO - Started process (PID=282205) to work on /home/julian/.cache/pypoetry/virtualenvs/real-time-data-lake-QWGm5iRW-py3.11/lib/python3.11/site-packages/airflow/example_dags/example_dataset_alias.py
[2024-09-27T14:35:50.546+0200] {processor.py:914} INFO - Processing file /home/julian/.cache/pypoetry/virtualenvs/real-time-data-lake-QWGm5iRW-py3.11/lib/python3.11/site-packages/airflow/example_dags/example_dataset_alias.py for tasks to queue
[2024-09-27T14:35:50.548+0200] {logging_mixin.py:190} INFO - [2024-09-27T14:35:50.548+0200] {dagbag.py:588} INFO - Filling up the DagBag from /home/julian/.cache/pypoetry/virtualenvs/real-time-data-lake-QWGm5iRW-py3.11/lib/python3.11/site-packages/airflow/example_dags/example_dataset_alias.py
[2024-09-27T14:35:50.579+0200] {processor.py:925} INFO - DAG(s) 'dataset_s3_bucket_producer', 'dataset_alias_example_alias_consumer', 'dataset_alias_example_alias_producer', 'dataset_s3_bucket_consumer' retrieved from /home/julian/.cache/pypoetry/virtualenvs/real-time-data-lake-QWGm5iRW-py3.11/lib/python3.11/site-packages/airflow/example_dags/example_dataset_alias.py
[2024-09-27T14:35:50.598+0200] {logging_mixin.py:190} INFO - [2024-09-27T14:35:50.598+0200] {dag.py:3239} INFO - Sync 4 DAGs
[2024-09-27T14:35:50.609+0200] {logging_mixin.py:190} INFO - [2024-09-27T14:35:50.609+0200] {dag.py:4180} INFO - Setting next_dagrun for dataset_alias_example_alias_consumer to None, run_after=None
[2024-09-27T14:35:50.610+0200] {logging_mixin.py:190} INFO - [2024-09-27T14:35:50.610+0200] {dag.py:4180} INFO - Setting next_dagrun for dataset_alias_example_alias_producer to None, run_after=None
[2024-09-27T14:35:50.611+0200] {logging_mixin.py:190} INFO - [2024-09-27T14:35:50.611+0200] {dag.py:4180} INFO - Setting next_dagrun for dataset_s3_bucket_consumer to None, run_after=None
[2024-09-27T14:35:50.612+0200] {logging_mixin.py:190} INFO - [2024-09-27T14:35:50.612+0200] {dag.py:4180} INFO - Setting next_dagrun for dataset_s3_bucket_producer to None, run_after=None
[2024-09-27T14:35:50.627+0200] {processor.py:208} INFO - Processing /home/julian/.cache/pypoetry/virtualenvs/real-time-data-lake-QWGm5iRW-py3.11/lib/python3.11/site-packages/airflow/example_dags/example_dataset_alias.py took 0.094 seconds
[2024-09-27T14:37:05.043+0200] {processor.py:186} INFO - Started process (PID=282315) to work on /home/julian/.cache/pypoetry/virtualenvs/real-time-data-lake-QWGm5iRW-py3.11/lib/python3.11/site-packages/airflow/example_dags/example_dataset_alias.py
[2024-09-27T14:37:05.049+0200] {processor.py:914} INFO - Processing file /home/julian/.cache/pypoetry/virtualenvs/real-time-data-lake-QWGm5iRW-py3.11/lib/python3.11/site-packages/airflow/example_dags/example_dataset_alias.py for tasks to queue
[2024-09-27T14:37:05.052+0200] {logging_mixin.py:190} INFO - [2024-09-27T14:37:05.052+0200] {dagbag.py:588} INFO - Filling up the DagBag from /home/julian/.cache/pypoetry/virtualenvs/real-time-data-lake-QWGm5iRW-py3.11/lib/python3.11/site-packages/airflow/example_dags/example_dataset_alias.py
[2024-09-27T14:37:05.080+0200] {processor.py:925} INFO - DAG(s) 'dataset_alias_example_alias_consumer', 'dataset_alias_example_alias_producer', 'dataset_s3_bucket_producer', 'dataset_s3_bucket_consumer' retrieved from /home/julian/.cache/pypoetry/virtualenvs/real-time-data-lake-QWGm5iRW-py3.11/lib/python3.11/site-packages/airflow/example_dags/example_dataset_alias.py
[2024-09-27T14:37:05.103+0200] {logging_mixin.py:190} INFO - [2024-09-27T14:37:05.103+0200] {dag.py:3239} INFO - Sync 4 DAGs
[2024-09-27T14:37:05.115+0200] {logging_mixin.py:190} INFO - [2024-09-27T14:37:05.114+0200] {dag.py:4180} INFO - Setting next_dagrun for dataset_alias_example_alias_consumer to None, run_after=None
[2024-09-27T14:37:05.116+0200] {logging_mixin.py:190} INFO - [2024-09-27T14:37:05.116+0200] {dag.py:4180} INFO - Setting next_dagrun for dataset_alias_example_alias_producer to None, run_after=None
[2024-09-27T14:37:05.117+0200] {logging_mixin.py:190} INFO - [2024-09-27T14:37:05.117+0200] {dag.py:4180} INFO - Setting next_dagrun for dataset_s3_bucket_consumer to None, run_after=None
[2024-09-27T14:37:05.117+0200] {logging_mixin.py:190} INFO - [2024-09-27T14:37:05.117+0200] {dag.py:4180} INFO - Setting next_dagrun for dataset_s3_bucket_producer to None, run_after=None
[2024-09-27T14:37:05.134+0200] {processor.py:208} INFO - Processing /home/julian/.cache/pypoetry/virtualenvs/real-time-data-lake-QWGm5iRW-py3.11/lib/python3.11/site-packages/airflow/example_dags/example_dataset_alias.py took 0.097 seconds
[2024-09-27T14:38:21.098+0200] {processor.py:186} INFO - Started process (PID=282712) to work on /home/julian/.cache/pypoetry/virtualenvs/real-time-data-lake-QWGm5iRW-py3.11/lib/python3.11/site-packages/airflow/example_dags/example_dataset_alias.py
[2024-09-27T14:38:21.104+0200] {processor.py:914} INFO - Processing file /home/julian/.cache/pypoetry/virtualenvs/real-time-data-lake-QWGm5iRW-py3.11/lib/python3.11/site-packages/airflow/example_dags/example_dataset_alias.py for tasks to queue
[2024-09-27T14:38:21.106+0200] {logging_mixin.py:190} INFO - [2024-09-27T14:38:21.106+0200] {dagbag.py:588} INFO - Filling up the DagBag from /home/julian/.cache/pypoetry/virtualenvs/real-time-data-lake-QWGm5iRW-py3.11/lib/python3.11/site-packages/airflow/example_dags/example_dataset_alias.py
[2024-09-27T14:38:21.136+0200] {processor.py:925} INFO - DAG(s) 'dataset_s3_bucket_producer', 'dataset_alias_example_alias_producer', 'dataset_s3_bucket_consumer', 'dataset_alias_example_alias_consumer' retrieved from /home/julian/.cache/pypoetry/virtualenvs/real-time-data-lake-QWGm5iRW-py3.11/lib/python3.11/site-packages/airflow/example_dags/example_dataset_alias.py
[2024-09-27T14:38:21.155+0200] {logging_mixin.py:190} INFO - [2024-09-27T14:38:21.154+0200] {dag.py:3239} INFO - Sync 4 DAGs
[2024-09-27T14:38:21.167+0200] {logging_mixin.py:190} INFO - [2024-09-27T14:38:21.166+0200] {dag.py:4180} INFO - Setting next_dagrun for dataset_alias_example_alias_consumer to None, run_after=None
[2024-09-27T14:38:21.168+0200] {logging_mixin.py:190} INFO - [2024-09-27T14:38:21.168+0200] {dag.py:4180} INFO - Setting next_dagrun for dataset_alias_example_alias_producer to None, run_after=None
[2024-09-27T14:38:21.169+0200] {logging_mixin.py:190} INFO - [2024-09-27T14:38:21.169+0200] {dag.py:4180} INFO - Setting next_dagrun for dataset_s3_bucket_consumer to None, run_after=None
[2024-09-27T14:38:21.169+0200] {logging_mixin.py:190} INFO - [2024-09-27T14:38:21.169+0200] {dag.py:4180} INFO - Setting next_dagrun for dataset_s3_bucket_producer to None, run_after=None
[2024-09-27T14:38:21.184+0200] {processor.py:208} INFO - Processing /home/julian/.cache/pypoetry/virtualenvs/real-time-data-lake-QWGm5iRW-py3.11/lib/python3.11/site-packages/airflow/example_dags/example_dataset_alias.py took 0.094 seconds
