[2024-09-27T14:20:08.546+0200] {processor.py:186} INFO - Started process (PID=279994) to work on /home/julian/.cache/pypoetry/virtualenvs/real-time-data-lake-QWGm5iRW-py3.11/lib/python3.11/site-packages/airflow/example_dags/example_time_delta_sensor_async.py
[2024-09-27T14:20:08.547+0200] {processor.py:914} INFO - Processing file /home/julian/.cache/pypoetry/virtualenvs/real-time-data-lake-QWGm5iRW-py3.11/lib/python3.11/site-packages/airflow/example_dags/example_time_delta_sensor_async.py for tasks to queue
[2024-09-27T14:20:08.551+0200] {logging_mixin.py:190} INFO - [2024-09-27T14:20:08.550+0200] {dagbag.py:588} INFO - Filling up the DagBag from /home/julian/.cache/pypoetry/virtualenvs/real-time-data-lake-QWGm5iRW-py3.11/lib/python3.11/site-packages/airflow/example_dags/example_time_delta_sensor_async.py
[2024-09-27T14:20:08.559+0200] {processor.py:925} INFO - DAG(s) 'example_time_delta_sensor_async' retrieved from /home/julian/.cache/pypoetry/virtualenvs/real-time-data-lake-QWGm5iRW-py3.11/lib/python3.11/site-packages/airflow/example_dags/example_time_delta_sensor_async.py
[2024-09-27T14:20:08.636+0200] {logging_mixin.py:190} INFO - [2024-09-27T14:20:08.635+0200] {override.py:1901} INFO - Created Permission View: can delete on DAG:example_time_delta_sensor_async
[2024-09-27T14:20:08.643+0200] {logging_mixin.py:190} INFO - [2024-09-27T14:20:08.643+0200] {override.py:1901} INFO - Created Permission View: can read on DAG:example_time_delta_sensor_async
[2024-09-27T14:20:08.649+0200] {logging_mixin.py:190} INFO - [2024-09-27T14:20:08.649+0200] {override.py:1901} INFO - Created Permission View: can edit on DAG:example_time_delta_sensor_async
[2024-09-27T14:20:08.659+0200] {logging_mixin.py:190} INFO - [2024-09-27T14:20:08.659+0200] {override.py:1901} INFO - Created Permission View: can create on DAG Run:example_time_delta_sensor_async
[2024-09-27T14:20:08.665+0200] {logging_mixin.py:190} INFO - [2024-09-27T14:20:08.664+0200] {override.py:1901} INFO - Created Permission View: can delete on DAG Run:example_time_delta_sensor_async
[2024-09-27T14:20:08.670+0200] {logging_mixin.py:190} INFO - [2024-09-27T14:20:08.670+0200] {override.py:1901} INFO - Created Permission View: can read on DAG Run:example_time_delta_sensor_async
[2024-09-27T14:20:08.676+0200] {logging_mixin.py:190} INFO - [2024-09-27T14:20:08.675+0200] {override.py:1901} INFO - Created Permission View: menu access on DAG Run:example_time_delta_sensor_async
[2024-09-27T14:20:08.676+0200] {logging_mixin.py:190} INFO - [2024-09-27T14:20:08.676+0200] {dag.py:3239} INFO - Sync 1 DAGs
[2024-09-27T14:20:08.691+0200] {logging_mixin.py:190} INFO - [2024-09-27T14:20:08.691+0200] {dag.py:3262} INFO - Creating ORM DAG for example_time_delta_sensor_async
[2024-09-27T14:20:08.692+0200] {logging_mixin.py:190} INFO - [2024-09-27T14:20:08.691+0200] {dag.py:4180} INFO - Setting next_dagrun for example_time_delta_sensor_async to None, run_after=None
[2024-09-27T14:20:08.705+0200] {processor.py:208} INFO - Processing /home/julian/.cache/pypoetry/virtualenvs/real-time-data-lake-QWGm5iRW-py3.11/lib/python3.11/site-packages/airflow/example_dags/example_time_delta_sensor_async.py took 0.166 seconds
[2024-09-27T14:21:08.990+0200] {processor.py:186} INFO - Started process (PID=280106) to work on /home/julian/.cache/pypoetry/virtualenvs/real-time-data-lake-QWGm5iRW-py3.11/lib/python3.11/site-packages/airflow/example_dags/example_time_delta_sensor_async.py
[2024-09-27T14:21:08.996+0200] {processor.py:914} INFO - Processing file /home/julian/.cache/pypoetry/virtualenvs/real-time-data-lake-QWGm5iRW-py3.11/lib/python3.11/site-packages/airflow/example_dags/example_time_delta_sensor_async.py for tasks to queue
[2024-09-27T14:21:08.998+0200] {logging_mixin.py:190} INFO - [2024-09-27T14:21:08.997+0200] {dagbag.py:588} INFO - Filling up the DagBag from /home/julian/.cache/pypoetry/virtualenvs/real-time-data-lake-QWGm5iRW-py3.11/lib/python3.11/site-packages/airflow/example_dags/example_time_delta_sensor_async.py
[2024-09-27T14:21:09.002+0200] {processor.py:925} INFO - DAG(s) 'example_time_delta_sensor_async' retrieved from /home/julian/.cache/pypoetry/virtualenvs/real-time-data-lake-QWGm5iRW-py3.11/lib/python3.11/site-packages/airflow/example_dags/example_time_delta_sensor_async.py
[2024-09-27T14:21:09.011+0200] {logging_mixin.py:190} INFO - [2024-09-27T14:21:09.011+0200] {dag.py:3239} INFO - Sync 1 DAGs
[2024-09-27T14:21:09.019+0200] {logging_mixin.py:190} INFO - [2024-09-27T14:21:09.019+0200] {dag.py:4180} INFO - Setting next_dagrun for example_time_delta_sensor_async to None, run_after=None
[2024-09-27T14:21:09.033+0200] {processor.py:208} INFO - Processing /home/julian/.cache/pypoetry/virtualenvs/real-time-data-lake-QWGm5iRW-py3.11/lib/python3.11/site-packages/airflow/example_dags/example_time_delta_sensor_async.py took 0.046 seconds
[2024-09-27T14:21:51.942+0200] {processor.py:186} INFO - Started process (PID=280207) to work on /home/julian/.cache/pypoetry/virtualenvs/real-time-data-lake-QWGm5iRW-py3.11/lib/python3.11/site-packages/airflow/example_dags/example_time_delta_sensor_async.py
[2024-09-27T14:21:51.943+0200] {processor.py:914} INFO - Processing file /home/julian/.cache/pypoetry/virtualenvs/real-time-data-lake-QWGm5iRW-py3.11/lib/python3.11/site-packages/airflow/example_dags/example_time_delta_sensor_async.py for tasks to queue
[2024-09-27T14:21:51.944+0200] {logging_mixin.py:190} INFO - [2024-09-27T14:21:51.944+0200] {dagbag.py:588} INFO - Filling up the DagBag from /home/julian/.cache/pypoetry/virtualenvs/real-time-data-lake-QWGm5iRW-py3.11/lib/python3.11/site-packages/airflow/example_dags/example_time_delta_sensor_async.py
[2024-09-27T14:21:51.948+0200] {processor.py:925} INFO - DAG(s) 'example_time_delta_sensor_async' retrieved from /home/julian/.cache/pypoetry/virtualenvs/real-time-data-lake-QWGm5iRW-py3.11/lib/python3.11/site-packages/airflow/example_dags/example_time_delta_sensor_async.py
[2024-09-27T14:21:51.960+0200] {logging_mixin.py:190} INFO - [2024-09-27T14:21:51.960+0200] {dag.py:3239} INFO - Sync 1 DAGs
[2024-09-27T14:21:51.967+0200] {logging_mixin.py:190} INFO - [2024-09-27T14:21:51.967+0200] {dag.py:4180} INFO - Setting next_dagrun for example_time_delta_sensor_async to None, run_after=None
[2024-09-27T14:21:51.980+0200] {processor.py:208} INFO - Processing /home/julian/.cache/pypoetry/virtualenvs/real-time-data-lake-QWGm5iRW-py3.11/lib/python3.11/site-packages/airflow/example_dags/example_time_delta_sensor_async.py took 0.041 seconds
[2024-09-27T14:22:46.028+0200] {processor.py:186} INFO - Started process (PID=280306) to work on /home/julian/.cache/pypoetry/virtualenvs/real-time-data-lake-QWGm5iRW-py3.11/lib/python3.11/site-packages/airflow/example_dags/example_time_delta_sensor_async.py
[2024-09-27T14:22:46.034+0200] {processor.py:914} INFO - Processing file /home/julian/.cache/pypoetry/virtualenvs/real-time-data-lake-QWGm5iRW-py3.11/lib/python3.11/site-packages/airflow/example_dags/example_time_delta_sensor_async.py for tasks to queue
[2024-09-27T14:22:46.036+0200] {logging_mixin.py:190} INFO - [2024-09-27T14:22:46.036+0200] {dagbag.py:588} INFO - Filling up the DagBag from /home/julian/.cache/pypoetry/virtualenvs/real-time-data-lake-QWGm5iRW-py3.11/lib/python3.11/site-packages/airflow/example_dags/example_time_delta_sensor_async.py
[2024-09-27T14:22:46.045+0200] {processor.py:925} INFO - DAG(s) 'example_time_delta_sensor_async' retrieved from /home/julian/.cache/pypoetry/virtualenvs/real-time-data-lake-QWGm5iRW-py3.11/lib/python3.11/site-packages/airflow/example_dags/example_time_delta_sensor_async.py
[2024-09-27T14:22:46.065+0200] {logging_mixin.py:190} INFO - [2024-09-27T14:22:46.064+0200] {dag.py:3239} INFO - Sync 1 DAGs
[2024-09-27T14:22:46.080+0200] {logging_mixin.py:190} INFO - [2024-09-27T14:22:46.080+0200] {dag.py:4180} INFO - Setting next_dagrun for example_time_delta_sensor_async to None, run_after=None
[2024-09-27T14:22:46.094+0200] {processor.py:208} INFO - Processing /home/julian/.cache/pypoetry/virtualenvs/real-time-data-lake-QWGm5iRW-py3.11/lib/python3.11/site-packages/airflow/example_dags/example_time_delta_sensor_async.py took 0.073 seconds
[2024-09-27T14:23:38.680+0200] {processor.py:186} INFO - Started process (PID=280448) to work on /home/julian/.cache/pypoetry/virtualenvs/real-time-data-lake-QWGm5iRW-py3.11/lib/python3.11/site-packages/airflow/example_dags/example_time_delta_sensor_async.py
[2024-09-27T14:23:38.686+0200] {processor.py:914} INFO - Processing file /home/julian/.cache/pypoetry/virtualenvs/real-time-data-lake-QWGm5iRW-py3.11/lib/python3.11/site-packages/airflow/example_dags/example_time_delta_sensor_async.py for tasks to queue
[2024-09-27T14:23:38.690+0200] {logging_mixin.py:190} INFO - [2024-09-27T14:23:38.689+0200] {dagbag.py:588} INFO - Filling up the DagBag from /home/julian/.cache/pypoetry/virtualenvs/real-time-data-lake-QWGm5iRW-py3.11/lib/python3.11/site-packages/airflow/example_dags/example_time_delta_sensor_async.py
[2024-09-27T14:23:38.698+0200] {processor.py:925} INFO - DAG(s) 'example_time_delta_sensor_async' retrieved from /home/julian/.cache/pypoetry/virtualenvs/real-time-data-lake-QWGm5iRW-py3.11/lib/python3.11/site-packages/airflow/example_dags/example_time_delta_sensor_async.py
[2024-09-27T14:23:38.717+0200] {logging_mixin.py:190} INFO - [2024-09-27T14:23:38.717+0200] {dag.py:3239} INFO - Sync 1 DAGs
[2024-09-27T14:23:38.733+0200] {logging_mixin.py:190} INFO - [2024-09-27T14:23:38.732+0200] {dag.py:4180} INFO - Setting next_dagrun for example_time_delta_sensor_async to None, run_after=None
[2024-09-27T14:23:38.745+0200] {processor.py:208} INFO - Processing /home/julian/.cache/pypoetry/virtualenvs/real-time-data-lake-QWGm5iRW-py3.11/lib/python3.11/site-packages/airflow/example_dags/example_time_delta_sensor_async.py took 0.072 seconds
[2024-09-27T14:24:28.402+0200] {processor.py:186} INFO - Started process (PID=280594) to work on /home/julian/.cache/pypoetry/virtualenvs/real-time-data-lake-QWGm5iRW-py3.11/lib/python3.11/site-packages/airflow/example_dags/example_time_delta_sensor_async.py
[2024-09-27T14:24:28.408+0200] {processor.py:914} INFO - Processing file /home/julian/.cache/pypoetry/virtualenvs/real-time-data-lake-QWGm5iRW-py3.11/lib/python3.11/site-packages/airflow/example_dags/example_time_delta_sensor_async.py for tasks to queue
[2024-09-27T14:24:28.411+0200] {logging_mixin.py:190} INFO - [2024-09-27T14:24:28.411+0200] {dagbag.py:588} INFO - Filling up the DagBag from /home/julian/.cache/pypoetry/virtualenvs/real-time-data-lake-QWGm5iRW-py3.11/lib/python3.11/site-packages/airflow/example_dags/example_time_delta_sensor_async.py
[2024-09-27T14:24:28.419+0200] {processor.py:925} INFO - DAG(s) 'example_time_delta_sensor_async' retrieved from /home/julian/.cache/pypoetry/virtualenvs/real-time-data-lake-QWGm5iRW-py3.11/lib/python3.11/site-packages/airflow/example_dags/example_time_delta_sensor_async.py
[2024-09-27T14:24:28.438+0200] {logging_mixin.py:190} INFO - [2024-09-27T14:24:28.438+0200] {dag.py:3239} INFO - Sync 1 DAGs
[2024-09-27T14:24:28.453+0200] {logging_mixin.py:190} INFO - [2024-09-27T14:24:28.453+0200] {dag.py:4180} INFO - Setting next_dagrun for example_time_delta_sensor_async to None, run_after=None
[2024-09-27T14:24:28.467+0200] {processor.py:208} INFO - Processing /home/julian/.cache/pypoetry/virtualenvs/real-time-data-lake-QWGm5iRW-py3.11/lib/python3.11/site-packages/airflow/example_dags/example_time_delta_sensor_async.py took 0.072 seconds
[2024-09-27T14:25:20.450+0200] {processor.py:186} INFO - Started process (PID=280765) to work on /home/julian/.cache/pypoetry/virtualenvs/real-time-data-lake-QWGm5iRW-py3.11/lib/python3.11/site-packages/airflow/example_dags/example_time_delta_sensor_async.py
[2024-09-27T14:25:20.451+0200] {processor.py:914} INFO - Processing file /home/julian/.cache/pypoetry/virtualenvs/real-time-data-lake-QWGm5iRW-py3.11/lib/python3.11/site-packages/airflow/example_dags/example_time_delta_sensor_async.py for tasks to queue
[2024-09-27T14:25:20.453+0200] {logging_mixin.py:190} INFO - [2024-09-27T14:25:20.453+0200] {dagbag.py:588} INFO - Filling up the DagBag from /home/julian/.cache/pypoetry/virtualenvs/real-time-data-lake-QWGm5iRW-py3.11/lib/python3.11/site-packages/airflow/example_dags/example_time_delta_sensor_async.py
[2024-09-27T14:25:20.461+0200] {processor.py:925} INFO - DAG(s) 'example_time_delta_sensor_async' retrieved from /home/julian/.cache/pypoetry/virtualenvs/real-time-data-lake-QWGm5iRW-py3.11/lib/python3.11/site-packages/airflow/example_dags/example_time_delta_sensor_async.py
[2024-09-27T14:25:20.478+0200] {logging_mixin.py:190} INFO - [2024-09-27T14:25:20.478+0200] {dag.py:3239} INFO - Sync 1 DAGs
[2024-09-27T14:25:20.494+0200] {logging_mixin.py:190} INFO - [2024-09-27T14:25:20.494+0200] {dag.py:4180} INFO - Setting next_dagrun for example_time_delta_sensor_async to None, run_after=None
[2024-09-27T14:25:20.508+0200] {processor.py:208} INFO - Processing /home/julian/.cache/pypoetry/virtualenvs/real-time-data-lake-QWGm5iRW-py3.11/lib/python3.11/site-packages/airflow/example_dags/example_time_delta_sensor_async.py took 0.065 seconds
[2024-09-27T14:30:18.940+0200] {processor.py:186} INFO - Started process (PID=281400) to work on /home/julian/.cache/pypoetry/virtualenvs/real-time-data-lake-QWGm5iRW-py3.11/lib/python3.11/site-packages/airflow/example_dags/example_time_delta_sensor_async.py
[2024-09-27T14:30:18.941+0200] {processor.py:914} INFO - Processing file /home/julian/.cache/pypoetry/virtualenvs/real-time-data-lake-QWGm5iRW-py3.11/lib/python3.11/site-packages/airflow/example_dags/example_time_delta_sensor_async.py for tasks to queue
[2024-09-27T14:30:18.944+0200] {logging_mixin.py:190} INFO - [2024-09-27T14:30:18.943+0200] {dagbag.py:588} INFO - Filling up the DagBag from /home/julian/.cache/pypoetry/virtualenvs/real-time-data-lake-QWGm5iRW-py3.11/lib/python3.11/site-packages/airflow/example_dags/example_time_delta_sensor_async.py
[2024-09-27T14:30:18.951+0200] {processor.py:925} INFO - DAG(s) 'example_time_delta_sensor_async' retrieved from /home/julian/.cache/pypoetry/virtualenvs/real-time-data-lake-QWGm5iRW-py3.11/lib/python3.11/site-packages/airflow/example_dags/example_time_delta_sensor_async.py
[2024-09-27T14:30:18.967+0200] {logging_mixin.py:190} INFO - [2024-09-27T14:30:18.966+0200] {dag.py:3239} INFO - Sync 1 DAGs
[2024-09-27T14:30:18.974+0200] {logging_mixin.py:190} INFO - [2024-09-27T14:30:18.974+0200] {dag.py:4180} INFO - Setting next_dagrun for example_time_delta_sensor_async to None, run_after=None
[2024-09-27T14:30:18.987+0200] {processor.py:208} INFO - Processing /home/julian/.cache/pypoetry/virtualenvs/real-time-data-lake-QWGm5iRW-py3.11/lib/python3.11/site-packages/airflow/example_dags/example_time_delta_sensor_async.py took 0.054 seconds
[2024-09-27T14:31:12.871+0200] {processor.py:186} INFO - Started process (PID=281518) to work on /home/julian/.cache/pypoetry/virtualenvs/real-time-data-lake-QWGm5iRW-py3.11/lib/python3.11/site-packages/airflow/example_dags/example_time_delta_sensor_async.py
[2024-09-27T14:31:12.877+0200] {processor.py:914} INFO - Processing file /home/julian/.cache/pypoetry/virtualenvs/real-time-data-lake-QWGm5iRW-py3.11/lib/python3.11/site-packages/airflow/example_dags/example_time_delta_sensor_async.py for tasks to queue
[2024-09-27T14:31:12.880+0200] {logging_mixin.py:190} INFO - [2024-09-27T14:31:12.879+0200] {dagbag.py:588} INFO - Filling up the DagBag from /home/julian/.cache/pypoetry/virtualenvs/real-time-data-lake-QWGm5iRW-py3.11/lib/python3.11/site-packages/airflow/example_dags/example_time_delta_sensor_async.py
[2024-09-27T14:31:12.888+0200] {processor.py:925} INFO - DAG(s) 'example_time_delta_sensor_async' retrieved from /home/julian/.cache/pypoetry/virtualenvs/real-time-data-lake-QWGm5iRW-py3.11/lib/python3.11/site-packages/airflow/example_dags/example_time_delta_sensor_async.py
[2024-09-27T14:31:12.907+0200] {logging_mixin.py:190} INFO - [2024-09-27T14:31:12.907+0200] {dag.py:3239} INFO - Sync 1 DAGs
[2024-09-27T14:31:12.922+0200] {logging_mixin.py:190} INFO - [2024-09-27T14:31:12.921+0200] {dag.py:4180} INFO - Setting next_dagrun for example_time_delta_sensor_async to None, run_after=None
[2024-09-27T14:31:12.935+0200] {processor.py:208} INFO - Processing /home/julian/.cache/pypoetry/virtualenvs/real-time-data-lake-QWGm5iRW-py3.11/lib/python3.11/site-packages/airflow/example_dags/example_time_delta_sensor_async.py took 0.071 seconds
[2024-09-27T14:32:02.556+0200] {processor.py:186} INFO - Started process (PID=281598) to work on /home/julian/.cache/pypoetry/virtualenvs/real-time-data-lake-QWGm5iRW-py3.11/lib/python3.11/site-packages/airflow/example_dags/example_time_delta_sensor_async.py
[2024-09-27T14:32:02.562+0200] {processor.py:914} INFO - Processing file /home/julian/.cache/pypoetry/virtualenvs/real-time-data-lake-QWGm5iRW-py3.11/lib/python3.11/site-packages/airflow/example_dags/example_time_delta_sensor_async.py for tasks to queue
[2024-09-27T14:32:02.566+0200] {logging_mixin.py:190} INFO - [2024-09-27T14:32:02.565+0200] {dagbag.py:588} INFO - Filling up the DagBag from /home/julian/.cache/pypoetry/virtualenvs/real-time-data-lake-QWGm5iRW-py3.11/lib/python3.11/site-packages/airflow/example_dags/example_time_delta_sensor_async.py
[2024-09-27T14:32:02.573+0200] {processor.py:925} INFO - DAG(s) 'example_time_delta_sensor_async' retrieved from /home/julian/.cache/pypoetry/virtualenvs/real-time-data-lake-QWGm5iRW-py3.11/lib/python3.11/site-packages/airflow/example_dags/example_time_delta_sensor_async.py
[2024-09-27T14:32:02.593+0200] {logging_mixin.py:190} INFO - [2024-09-27T14:32:02.593+0200] {dag.py:3239} INFO - Sync 1 DAGs
[2024-09-27T14:32:02.609+0200] {logging_mixin.py:190} INFO - [2024-09-27T14:32:02.608+0200] {dag.py:4180} INFO - Setting next_dagrun for example_time_delta_sensor_async to None, run_after=None
[2024-09-27T14:32:02.621+0200] {processor.py:208} INFO - Processing /home/julian/.cache/pypoetry/virtualenvs/real-time-data-lake-QWGm5iRW-py3.11/lib/python3.11/site-packages/airflow/example_dags/example_time_delta_sensor_async.py took 0.072 seconds
[2024-09-27T14:32:51.549+0200] {processor.py:186} INFO - Started process (PID=281749) to work on /home/julian/.cache/pypoetry/virtualenvs/real-time-data-lake-QWGm5iRW-py3.11/lib/python3.11/site-packages/airflow/example_dags/example_time_delta_sensor_async.py
[2024-09-27T14:32:51.555+0200] {processor.py:914} INFO - Processing file /home/julian/.cache/pypoetry/virtualenvs/real-time-data-lake-QWGm5iRW-py3.11/lib/python3.11/site-packages/airflow/example_dags/example_time_delta_sensor_async.py for tasks to queue
[2024-09-27T14:32:51.558+0200] {logging_mixin.py:190} INFO - [2024-09-27T14:32:51.557+0200] {dagbag.py:588} INFO - Filling up the DagBag from /home/julian/.cache/pypoetry/virtualenvs/real-time-data-lake-QWGm5iRW-py3.11/lib/python3.11/site-packages/airflow/example_dags/example_time_delta_sensor_async.py
[2024-09-27T14:32:51.566+0200] {processor.py:925} INFO - DAG(s) 'example_time_delta_sensor_async' retrieved from /home/julian/.cache/pypoetry/virtualenvs/real-time-data-lake-QWGm5iRW-py3.11/lib/python3.11/site-packages/airflow/example_dags/example_time_delta_sensor_async.py
[2024-09-27T14:32:51.585+0200] {logging_mixin.py:190} INFO - [2024-09-27T14:32:51.585+0200] {dag.py:3239} INFO - Sync 1 DAGs
[2024-09-27T14:32:51.601+0200] {logging_mixin.py:190} INFO - [2024-09-27T14:32:51.600+0200] {dag.py:4180} INFO - Setting next_dagrun for example_time_delta_sensor_async to None, run_after=None
[2024-09-27T14:32:51.613+0200] {processor.py:208} INFO - Processing /home/julian/.cache/pypoetry/virtualenvs/real-time-data-lake-QWGm5iRW-py3.11/lib/python3.11/site-packages/airflow/example_dags/example_time_delta_sensor_async.py took 0.072 seconds
[2024-09-27T14:33:40.438+0200] {processor.py:186} INFO - Started process (PID=281824) to work on /home/julian/.cache/pypoetry/virtualenvs/real-time-data-lake-QWGm5iRW-py3.11/lib/python3.11/site-packages/airflow/example_dags/example_time_delta_sensor_async.py
[2024-09-27T14:33:40.439+0200] {processor.py:914} INFO - Processing file /home/julian/.cache/pypoetry/virtualenvs/real-time-data-lake-QWGm5iRW-py3.11/lib/python3.11/site-packages/airflow/example_dags/example_time_delta_sensor_async.py for tasks to queue
[2024-09-27T14:33:40.441+0200] {logging_mixin.py:190} INFO - [2024-09-27T14:33:40.441+0200] {dagbag.py:588} INFO - Filling up the DagBag from /home/julian/.cache/pypoetry/virtualenvs/real-time-data-lake-QWGm5iRW-py3.11/lib/python3.11/site-packages/airflow/example_dags/example_time_delta_sensor_async.py
[2024-09-27T14:33:40.450+0200] {processor.py:925} INFO - DAG(s) 'example_time_delta_sensor_async' retrieved from /home/julian/.cache/pypoetry/virtualenvs/real-time-data-lake-QWGm5iRW-py3.11/lib/python3.11/site-packages/airflow/example_dags/example_time_delta_sensor_async.py
[2024-09-27T14:33:40.469+0200] {logging_mixin.py:190} INFO - [2024-09-27T14:33:40.469+0200] {dag.py:3239} INFO - Sync 1 DAGs
[2024-09-27T14:33:40.480+0200] {logging_mixin.py:190} INFO - [2024-09-27T14:33:40.480+0200] {dag.py:4180} INFO - Setting next_dagrun for example_time_delta_sensor_async to None, run_after=None
[2024-09-27T14:33:40.495+0200] {processor.py:208} INFO - Processing /home/julian/.cache/pypoetry/virtualenvs/real-time-data-lake-QWGm5iRW-py3.11/lib/python3.11/site-packages/airflow/example_dags/example_time_delta_sensor_async.py took 0.064 seconds
[2024-09-27T14:34:30.200+0200] {processor.py:186} INFO - Started process (PID=281937) to work on /home/julian/.cache/pypoetry/virtualenvs/real-time-data-lake-QWGm5iRW-py3.11/lib/python3.11/site-packages/airflow/example_dags/example_time_delta_sensor_async.py
[2024-09-27T14:34:30.206+0200] {processor.py:914} INFO - Processing file /home/julian/.cache/pypoetry/virtualenvs/real-time-data-lake-QWGm5iRW-py3.11/lib/python3.11/site-packages/airflow/example_dags/example_time_delta_sensor_async.py for tasks to queue
[2024-09-27T14:34:30.209+0200] {logging_mixin.py:190} INFO - [2024-09-27T14:34:30.209+0200] {dagbag.py:588} INFO - Filling up the DagBag from /home/julian/.cache/pypoetry/virtualenvs/real-time-data-lake-QWGm5iRW-py3.11/lib/python3.11/site-packages/airflow/example_dags/example_time_delta_sensor_async.py
[2024-09-27T14:34:30.217+0200] {processor.py:925} INFO - DAG(s) 'example_time_delta_sensor_async' retrieved from /home/julian/.cache/pypoetry/virtualenvs/real-time-data-lake-QWGm5iRW-py3.11/lib/python3.11/site-packages/airflow/example_dags/example_time_delta_sensor_async.py
[2024-09-27T14:34:30.236+0200] {logging_mixin.py:190} INFO - [2024-09-27T14:34:30.236+0200] {dag.py:3239} INFO - Sync 1 DAGs
[2024-09-27T14:34:30.252+0200] {logging_mixin.py:190} INFO - [2024-09-27T14:34:30.252+0200] {dag.py:4180} INFO - Setting next_dagrun for example_time_delta_sensor_async to None, run_after=None
[2024-09-27T14:34:30.265+0200] {processor.py:208} INFO - Processing /home/julian/.cache/pypoetry/virtualenvs/real-time-data-lake-QWGm5iRW-py3.11/lib/python3.11/site-packages/airflow/example_dags/example_time_delta_sensor_async.py took 0.072 seconds
[2024-09-27T14:35:18.165+0200] {processor.py:186} INFO - Started process (PID=282144) to work on /home/julian/.cache/pypoetry/virtualenvs/real-time-data-lake-QWGm5iRW-py3.11/lib/python3.11/site-packages/airflow/example_dags/example_time_delta_sensor_async.py
[2024-09-27T14:35:18.171+0200] {processor.py:914} INFO - Processing file /home/julian/.cache/pypoetry/virtualenvs/real-time-data-lake-QWGm5iRW-py3.11/lib/python3.11/site-packages/airflow/example_dags/example_time_delta_sensor_async.py for tasks to queue
[2024-09-27T14:35:18.174+0200] {logging_mixin.py:190} INFO - [2024-09-27T14:35:18.173+0200] {dagbag.py:588} INFO - Filling up the DagBag from /home/julian/.cache/pypoetry/virtualenvs/real-time-data-lake-QWGm5iRW-py3.11/lib/python3.11/site-packages/airflow/example_dags/example_time_delta_sensor_async.py
[2024-09-27T14:35:18.182+0200] {processor.py:925} INFO - DAG(s) 'example_time_delta_sensor_async' retrieved from /home/julian/.cache/pypoetry/virtualenvs/real-time-data-lake-QWGm5iRW-py3.11/lib/python3.11/site-packages/airflow/example_dags/example_time_delta_sensor_async.py
[2024-09-27T14:35:18.201+0200] {logging_mixin.py:190} INFO - [2024-09-27T14:35:18.201+0200] {dag.py:3239} INFO - Sync 1 DAGs
[2024-09-27T14:35:18.217+0200] {logging_mixin.py:190} INFO - [2024-09-27T14:35:18.216+0200] {dag.py:4180} INFO - Setting next_dagrun for example_time_delta_sensor_async to None, run_after=None
[2024-09-27T14:35:18.229+0200] {processor.py:208} INFO - Processing /home/julian/.cache/pypoetry/virtualenvs/real-time-data-lake-QWGm5iRW-py3.11/lib/python3.11/site-packages/airflow/example_dags/example_time_delta_sensor_async.py took 0.072 seconds
[2024-09-27T14:36:04.961+0200] {processor.py:186} INFO - Started process (PID=282223) to work on /home/julian/.cache/pypoetry/virtualenvs/real-time-data-lake-QWGm5iRW-py3.11/lib/python3.11/site-packages/airflow/example_dags/example_time_delta_sensor_async.py
[2024-09-27T14:36:04.967+0200] {processor.py:914} INFO - Processing file /home/julian/.cache/pypoetry/virtualenvs/real-time-data-lake-QWGm5iRW-py3.11/lib/python3.11/site-packages/airflow/example_dags/example_time_delta_sensor_async.py for tasks to queue
[2024-09-27T14:36:04.969+0200] {logging_mixin.py:190} INFO - [2024-09-27T14:36:04.969+0200] {dagbag.py:588} INFO - Filling up the DagBag from /home/julian/.cache/pypoetry/virtualenvs/real-time-data-lake-QWGm5iRW-py3.11/lib/python3.11/site-packages/airflow/example_dags/example_time_delta_sensor_async.py
[2024-09-27T14:36:04.977+0200] {processor.py:925} INFO - DAG(s) 'example_time_delta_sensor_async' retrieved from /home/julian/.cache/pypoetry/virtualenvs/real-time-data-lake-QWGm5iRW-py3.11/lib/python3.11/site-packages/airflow/example_dags/example_time_delta_sensor_async.py
[2024-09-27T14:36:04.996+0200] {logging_mixin.py:190} INFO - [2024-09-27T14:36:04.995+0200] {dag.py:3239} INFO - Sync 1 DAGs
[2024-09-27T14:36:05.011+0200] {logging_mixin.py:190} INFO - [2024-09-27T14:36:05.011+0200] {dag.py:4180} INFO - Setting next_dagrun for example_time_delta_sensor_async to None, run_after=None
[2024-09-27T14:36:05.024+0200] {processor.py:208} INFO - Processing /home/julian/.cache/pypoetry/virtualenvs/real-time-data-lake-QWGm5iRW-py3.11/lib/python3.11/site-packages/airflow/example_dags/example_time_delta_sensor_async.py took 0.070 seconds
[2024-09-27T14:36:52.442+0200] {processor.py:186} INFO - Started process (PID=282295) to work on /home/julian/.cache/pypoetry/virtualenvs/real-time-data-lake-QWGm5iRW-py3.11/lib/python3.11/site-packages/airflow/example_dags/example_time_delta_sensor_async.py
[2024-09-27T14:36:52.444+0200] {processor.py:914} INFO - Processing file /home/julian/.cache/pypoetry/virtualenvs/real-time-data-lake-QWGm5iRW-py3.11/lib/python3.11/site-packages/airflow/example_dags/example_time_delta_sensor_async.py for tasks to queue
[2024-09-27T14:36:52.447+0200] {logging_mixin.py:190} INFO - [2024-09-27T14:36:52.446+0200] {dagbag.py:588} INFO - Filling up the DagBag from /home/julian/.cache/pypoetry/virtualenvs/real-time-data-lake-QWGm5iRW-py3.11/lib/python3.11/site-packages/airflow/example_dags/example_time_delta_sensor_async.py
[2024-09-27T14:36:52.455+0200] {processor.py:925} INFO - DAG(s) 'example_time_delta_sensor_async' retrieved from /home/julian/.cache/pypoetry/virtualenvs/real-time-data-lake-QWGm5iRW-py3.11/lib/python3.11/site-packages/airflow/example_dags/example_time_delta_sensor_async.py
[2024-09-27T14:36:52.474+0200] {logging_mixin.py:190} INFO - [2024-09-27T14:36:52.474+0200] {dag.py:3239} INFO - Sync 1 DAGs
[2024-09-27T14:36:52.486+0200] {logging_mixin.py:190} INFO - [2024-09-27T14:36:52.486+0200] {dag.py:4180} INFO - Setting next_dagrun for example_time_delta_sensor_async to None, run_after=None
[2024-09-27T14:36:52.501+0200] {processor.py:208} INFO - Processing /home/julian/.cache/pypoetry/virtualenvs/real-time-data-lake-QWGm5iRW-py3.11/lib/python3.11/site-packages/airflow/example_dags/example_time_delta_sensor_async.py took 0.066 seconds
[2024-09-27T14:37:43.694+0200] {processor.py:186} INFO - Started process (PID=282509) to work on /home/julian/.cache/pypoetry/virtualenvs/real-time-data-lake-QWGm5iRW-py3.11/lib/python3.11/site-packages/airflow/example_dags/example_time_delta_sensor_async.py
[2024-09-27T14:37:43.700+0200] {processor.py:914} INFO - Processing file /home/julian/.cache/pypoetry/virtualenvs/real-time-data-lake-QWGm5iRW-py3.11/lib/python3.11/site-packages/airflow/example_dags/example_time_delta_sensor_async.py for tasks to queue
[2024-09-27T14:37:43.703+0200] {logging_mixin.py:190} INFO - [2024-09-27T14:37:43.702+0200] {dagbag.py:588} INFO - Filling up the DagBag from /home/julian/.cache/pypoetry/virtualenvs/real-time-data-lake-QWGm5iRW-py3.11/lib/python3.11/site-packages/airflow/example_dags/example_time_delta_sensor_async.py
[2024-09-27T14:37:43.710+0200] {processor.py:925} INFO - DAG(s) 'example_time_delta_sensor_async' retrieved from /home/julian/.cache/pypoetry/virtualenvs/real-time-data-lake-QWGm5iRW-py3.11/lib/python3.11/site-packages/airflow/example_dags/example_time_delta_sensor_async.py
[2024-09-27T14:37:43.729+0200] {logging_mixin.py:190} INFO - [2024-09-27T14:37:43.728+0200] {dag.py:3239} INFO - Sync 1 DAGs
[2024-09-27T14:37:43.744+0200] {logging_mixin.py:190} INFO - [2024-09-27T14:37:43.744+0200] {dag.py:4180} INFO - Setting next_dagrun for example_time_delta_sensor_async to None, run_after=None
[2024-09-27T14:37:43.757+0200] {processor.py:208} INFO - Processing /home/julian/.cache/pypoetry/virtualenvs/real-time-data-lake-QWGm5iRW-py3.11/lib/python3.11/site-packages/airflow/example_dags/example_time_delta_sensor_async.py took 0.070 seconds
[2024-09-27T14:38:35.412+0200] {processor.py:186} INFO - Started process (PID=282759) to work on /home/julian/.cache/pypoetry/virtualenvs/real-time-data-lake-QWGm5iRW-py3.11/lib/python3.11/site-packages/airflow/example_dags/example_time_delta_sensor_async.py
[2024-09-27T14:38:35.418+0200] {processor.py:914} INFO - Processing file /home/julian/.cache/pypoetry/virtualenvs/real-time-data-lake-QWGm5iRW-py3.11/lib/python3.11/site-packages/airflow/example_dags/example_time_delta_sensor_async.py for tasks to queue
[2024-09-27T14:38:35.421+0200] {logging_mixin.py:190} INFO - [2024-09-27T14:38:35.420+0200] {dagbag.py:588} INFO - Filling up the DagBag from /home/julian/.cache/pypoetry/virtualenvs/real-time-data-lake-QWGm5iRW-py3.11/lib/python3.11/site-packages/airflow/example_dags/example_time_delta_sensor_async.py
[2024-09-27T14:38:35.429+0200] {processor.py:925} INFO - DAG(s) 'example_time_delta_sensor_async' retrieved from /home/julian/.cache/pypoetry/virtualenvs/real-time-data-lake-QWGm5iRW-py3.11/lib/python3.11/site-packages/airflow/example_dags/example_time_delta_sensor_async.py
[2024-09-27T14:38:35.450+0200] {logging_mixin.py:190} INFO - [2024-09-27T14:38:35.449+0200] {dag.py:3239} INFO - Sync 1 DAGs
[2024-09-27T14:38:35.465+0200] {logging_mixin.py:190} INFO - [2024-09-27T14:38:35.465+0200] {dag.py:4180} INFO - Setting next_dagrun for example_time_delta_sensor_async to None, run_after=None
[2024-09-27T14:38:35.479+0200] {processor.py:208} INFO - Processing /home/julian/.cache/pypoetry/virtualenvs/real-time-data-lake-QWGm5iRW-py3.11/lib/python3.11/site-packages/airflow/example_dags/example_time_delta_sensor_async.py took 0.075 seconds
