[2024-09-27T14:20:34.541+0200] {processor.py:186} INFO - Started process (PID=280044) to work on /home/julian/.cache/pypoetry/virtualenvs/real-time-data-lake-QWGm5iRW-py3.11/lib/python3.11/site-packages/airflow/example_dags/example_complex.py
[2024-09-27T14:20:34.542+0200] {processor.py:914} INFO - Processing file /home/julian/.cache/pypoetry/virtualenvs/real-time-data-lake-QWGm5iRW-py3.11/lib/python3.11/site-packages/airflow/example_dags/example_complex.py for tasks to queue
[2024-09-27T14:20:34.544+0200] {logging_mixin.py:190} INFO - [2024-09-27T14:20:34.544+0200] {dagbag.py:588} INFO - Filling up the DagBag from /home/julian/.cache/pypoetry/virtualenvs/real-time-data-lake-QWGm5iRW-py3.11/lib/python3.11/site-packages/airflow/example_dags/example_complex.py
[2024-09-27T14:20:34.563+0200] {processor.py:925} INFO - DAG(s) 'example_complex' retrieved from /home/julian/.cache/pypoetry/virtualenvs/real-time-data-lake-QWGm5iRW-py3.11/lib/python3.11/site-packages/airflow/example_dags/example_complex.py
[2024-09-27T14:20:34.644+0200] {logging_mixin.py:190} INFO - [2024-09-27T14:20:34.643+0200] {override.py:1901} INFO - Created Permission View: can delete on DAG:example_complex
[2024-09-27T14:20:34.651+0200] {logging_mixin.py:190} INFO - [2024-09-27T14:20:34.650+0200] {override.py:1901} INFO - Created Permission View: can read on DAG:example_complex
[2024-09-27T14:20:34.656+0200] {logging_mixin.py:190} INFO - [2024-09-27T14:20:34.656+0200] {override.py:1901} INFO - Created Permission View: can edit on DAG:example_complex
[2024-09-27T14:20:34.665+0200] {logging_mixin.py:190} INFO - [2024-09-27T14:20:34.665+0200] {override.py:1901} INFO - Created Permission View: can create on DAG Run:example_complex
[2024-09-27T14:20:34.671+0200] {logging_mixin.py:190} INFO - [2024-09-27T14:20:34.671+0200] {override.py:1901} INFO - Created Permission View: can delete on DAG Run:example_complex
[2024-09-27T14:20:34.676+0200] {logging_mixin.py:190} INFO - [2024-09-27T14:20:34.676+0200] {override.py:1901} INFO - Created Permission View: can read on DAG Run:example_complex
[2024-09-27T14:20:34.682+0200] {logging_mixin.py:190} INFO - [2024-09-27T14:20:34.681+0200] {override.py:1901} INFO - Created Permission View: menu access on DAG Run:example_complex
[2024-09-27T14:20:34.682+0200] {logging_mixin.py:190} INFO - [2024-09-27T14:20:34.682+0200] {dag.py:3239} INFO - Sync 1 DAGs
[2024-09-27T14:20:34.689+0200] {logging_mixin.py:190} INFO - [2024-09-27T14:20:34.689+0200] {dag.py:3262} INFO - Creating ORM DAG for example_complex
[2024-09-27T14:20:34.689+0200] {logging_mixin.py:190} INFO - [2024-09-27T14:20:34.689+0200] {dag.py:4180} INFO - Setting next_dagrun for example_complex to None, run_after=None
[2024-09-27T14:20:34.705+0200] {processor.py:208} INFO - Processing /home/julian/.cache/pypoetry/virtualenvs/real-time-data-lake-QWGm5iRW-py3.11/lib/python3.11/site-packages/airflow/example_dags/example_complex.py took 0.170 seconds
[2024-09-27T14:22:13.752+0200] {processor.py:186} INFO - Started process (PID=280242) to work on /home/julian/.cache/pypoetry/virtualenvs/real-time-data-lake-QWGm5iRW-py3.11/lib/python3.11/site-packages/airflow/example_dags/example_complex.py
[2024-09-27T14:22:13.758+0200] {processor.py:914} INFO - Processing file /home/julian/.cache/pypoetry/virtualenvs/real-time-data-lake-QWGm5iRW-py3.11/lib/python3.11/site-packages/airflow/example_dags/example_complex.py for tasks to queue
[2024-09-27T14:22:13.761+0200] {logging_mixin.py:190} INFO - [2024-09-27T14:22:13.760+0200] {dagbag.py:588} INFO - Filling up the DagBag from /home/julian/.cache/pypoetry/virtualenvs/real-time-data-lake-QWGm5iRW-py3.11/lib/python3.11/site-packages/airflow/example_dags/example_complex.py
[2024-09-27T14:22:13.779+0200] {processor.py:925} INFO - DAG(s) 'example_complex' retrieved from /home/julian/.cache/pypoetry/virtualenvs/real-time-data-lake-QWGm5iRW-py3.11/lib/python3.11/site-packages/airflow/example_dags/example_complex.py
[2024-09-27T14:22:13.809+0200] {logging_mixin.py:190} INFO - [2024-09-27T14:22:13.809+0200] {dag.py:3239} INFO - Sync 1 DAGs
[2024-09-27T14:22:13.816+0200] {logging_mixin.py:190} INFO - [2024-09-27T14:22:13.816+0200] {dag.py:4180} INFO - Setting next_dagrun for example_complex to None, run_after=None
[2024-09-27T14:22:13.830+0200] {processor.py:208} INFO - Processing /home/julian/.cache/pypoetry/virtualenvs/real-time-data-lake-QWGm5iRW-py3.11/lib/python3.11/site-packages/airflow/example_dags/example_complex.py took 0.085 seconds
[2024-09-27T14:23:09.494+0200] {processor.py:186} INFO - Started process (PID=280363) to work on /home/julian/.cache/pypoetry/virtualenvs/real-time-data-lake-QWGm5iRW-py3.11/lib/python3.11/site-packages/airflow/example_dags/example_complex.py
[2024-09-27T14:23:09.494+0200] {processor.py:914} INFO - Processing file /home/julian/.cache/pypoetry/virtualenvs/real-time-data-lake-QWGm5iRW-py3.11/lib/python3.11/site-packages/airflow/example_dags/example_complex.py for tasks to queue
[2024-09-27T14:23:09.496+0200] {logging_mixin.py:190} INFO - [2024-09-27T14:23:09.495+0200] {dagbag.py:588} INFO - Filling up the DagBag from /home/julian/.cache/pypoetry/virtualenvs/real-time-data-lake-QWGm5iRW-py3.11/lib/python3.11/site-packages/airflow/example_dags/example_complex.py
[2024-09-27T14:23:09.503+0200] {processor.py:925} INFO - DAG(s) 'example_complex' retrieved from /home/julian/.cache/pypoetry/virtualenvs/real-time-data-lake-QWGm5iRW-py3.11/lib/python3.11/site-packages/airflow/example_dags/example_complex.py
[2024-09-27T14:23:09.519+0200] {logging_mixin.py:190} INFO - [2024-09-27T14:23:09.519+0200] {dag.py:3239} INFO - Sync 1 DAGs
[2024-09-27T14:23:09.527+0200] {logging_mixin.py:190} INFO - [2024-09-27T14:23:09.526+0200] {dag.py:4180} INFO - Setting next_dagrun for example_complex to None, run_after=None
[2024-09-27T14:23:09.540+0200] {processor.py:208} INFO - Processing /home/julian/.cache/pypoetry/virtualenvs/real-time-data-lake-QWGm5iRW-py3.11/lib/python3.11/site-packages/airflow/example_dags/example_complex.py took 0.050 seconds
[2024-09-27T14:24:05.038+0200] {processor.py:186} INFO - Started process (PID=280507) to work on /home/julian/.cache/pypoetry/virtualenvs/real-time-data-lake-QWGm5iRW-py3.11/lib/python3.11/site-packages/airflow/example_dags/example_complex.py
[2024-09-27T14:24:05.039+0200] {processor.py:914} INFO - Processing file /home/julian/.cache/pypoetry/virtualenvs/real-time-data-lake-QWGm5iRW-py3.11/lib/python3.11/site-packages/airflow/example_dags/example_complex.py for tasks to queue
[2024-09-27T14:24:05.042+0200] {logging_mixin.py:190} INFO - [2024-09-27T14:24:05.041+0200] {dagbag.py:588} INFO - Filling up the DagBag from /home/julian/.cache/pypoetry/virtualenvs/real-time-data-lake-QWGm5iRW-py3.11/lib/python3.11/site-packages/airflow/example_dags/example_complex.py
[2024-09-27T14:24:05.060+0200] {processor.py:925} INFO - DAG(s) 'example_complex' retrieved from /home/julian/.cache/pypoetry/virtualenvs/real-time-data-lake-QWGm5iRW-py3.11/lib/python3.11/site-packages/airflow/example_dags/example_complex.py
[2024-09-27T14:24:05.087+0200] {logging_mixin.py:190} INFO - [2024-09-27T14:24:05.087+0200] {dag.py:3239} INFO - Sync 1 DAGs
[2024-09-27T14:24:05.095+0200] {logging_mixin.py:190} INFO - [2024-09-27T14:24:05.095+0200] {dag.py:4180} INFO - Setting next_dagrun for example_complex to None, run_after=None
[2024-09-27T14:24:05.109+0200] {processor.py:208} INFO - Processing /home/julian/.cache/pypoetry/virtualenvs/real-time-data-lake-QWGm5iRW-py3.11/lib/python3.11/site-packages/airflow/example_dags/example_complex.py took 0.079 seconds
[2024-09-27T14:24:56.901+0200] {processor.py:186} INFO - Started process (PID=280719) to work on /home/julian/.cache/pypoetry/virtualenvs/real-time-data-lake-QWGm5iRW-py3.11/lib/python3.11/site-packages/airflow/example_dags/example_complex.py
[2024-09-27T14:24:56.902+0200] {processor.py:914} INFO - Processing file /home/julian/.cache/pypoetry/virtualenvs/real-time-data-lake-QWGm5iRW-py3.11/lib/python3.11/site-packages/airflow/example_dags/example_complex.py for tasks to queue
[2024-09-27T14:24:56.905+0200] {logging_mixin.py:190} INFO - [2024-09-27T14:24:56.904+0200] {dagbag.py:588} INFO - Filling up the DagBag from /home/julian/.cache/pypoetry/virtualenvs/real-time-data-lake-QWGm5iRW-py3.11/lib/python3.11/site-packages/airflow/example_dags/example_complex.py
[2024-09-27T14:24:56.923+0200] {processor.py:925} INFO - DAG(s) 'example_complex' retrieved from /home/julian/.cache/pypoetry/virtualenvs/real-time-data-lake-QWGm5iRW-py3.11/lib/python3.11/site-packages/airflow/example_dags/example_complex.py
[2024-09-27T14:24:56.948+0200] {logging_mixin.py:190} INFO - [2024-09-27T14:24:56.948+0200] {dag.py:3239} INFO - Sync 1 DAGs
[2024-09-27T14:24:56.956+0200] {logging_mixin.py:190} INFO - [2024-09-27T14:24:56.956+0200] {dag.py:4180} INFO - Setting next_dagrun for example_complex to None, run_after=None
[2024-09-27T14:24:56.970+0200] {processor.py:208} INFO - Processing /home/julian/.cache/pypoetry/virtualenvs/real-time-data-lake-QWGm5iRW-py3.11/lib/python3.11/site-packages/airflow/example_dags/example_complex.py took 0.076 seconds
[2024-09-27T14:30:40.584+0200] {processor.py:186} INFO - Started process (PID=281437) to work on /home/julian/.cache/pypoetry/virtualenvs/real-time-data-lake-QWGm5iRW-py3.11/lib/python3.11/site-packages/airflow/example_dags/example_complex.py
[2024-09-27T14:30:40.590+0200] {processor.py:914} INFO - Processing file /home/julian/.cache/pypoetry/virtualenvs/real-time-data-lake-QWGm5iRW-py3.11/lib/python3.11/site-packages/airflow/example_dags/example_complex.py for tasks to queue
[2024-09-27T14:30:40.593+0200] {logging_mixin.py:190} INFO - [2024-09-27T14:30:40.592+0200] {dagbag.py:588} INFO - Filling up the DagBag from /home/julian/.cache/pypoetry/virtualenvs/real-time-data-lake-QWGm5iRW-py3.11/lib/python3.11/site-packages/airflow/example_dags/example_complex.py
[2024-09-27T14:30:40.611+0200] {processor.py:925} INFO - DAG(s) 'example_complex' retrieved from /home/julian/.cache/pypoetry/virtualenvs/real-time-data-lake-QWGm5iRW-py3.11/lib/python3.11/site-packages/airflow/example_dags/example_complex.py
[2024-09-27T14:30:40.641+0200] {logging_mixin.py:190} INFO - [2024-09-27T14:30:40.641+0200] {dag.py:3239} INFO - Sync 1 DAGs
[2024-09-27T14:30:40.648+0200] {logging_mixin.py:190} INFO - [2024-09-27T14:30:40.648+0200] {dag.py:4180} INFO - Setting next_dagrun for example_complex to None, run_after=None
[2024-09-27T14:30:40.662+0200] {processor.py:208} INFO - Processing /home/julian/.cache/pypoetry/virtualenvs/real-time-data-lake-QWGm5iRW-py3.11/lib/python3.11/site-packages/airflow/example_dags/example_complex.py took 0.084 seconds
[2024-09-27T14:31:36.306+0200] {processor.py:186} INFO - Started process (PID=281554) to work on /home/julian/.cache/pypoetry/virtualenvs/real-time-data-lake-QWGm5iRW-py3.11/lib/python3.11/site-packages/airflow/example_dags/example_complex.py
[2024-09-27T14:31:36.312+0200] {processor.py:914} INFO - Processing file /home/julian/.cache/pypoetry/virtualenvs/real-time-data-lake-QWGm5iRW-py3.11/lib/python3.11/site-packages/airflow/example_dags/example_complex.py for tasks to queue
[2024-09-27T14:31:36.314+0200] {logging_mixin.py:190} INFO - [2024-09-27T14:31:36.314+0200] {dagbag.py:588} INFO - Filling up the DagBag from /home/julian/.cache/pypoetry/virtualenvs/real-time-data-lake-QWGm5iRW-py3.11/lib/python3.11/site-packages/airflow/example_dags/example_complex.py
[2024-09-27T14:31:36.333+0200] {processor.py:925} INFO - DAG(s) 'example_complex' retrieved from /home/julian/.cache/pypoetry/virtualenvs/real-time-data-lake-QWGm5iRW-py3.11/lib/python3.11/site-packages/airflow/example_dags/example_complex.py
[2024-09-27T14:31:36.362+0200] {logging_mixin.py:190} INFO - [2024-09-27T14:31:36.362+0200] {dag.py:3239} INFO - Sync 1 DAGs
[2024-09-27T14:31:36.369+0200] {logging_mixin.py:190} INFO - [2024-09-27T14:31:36.369+0200] {dag.py:4180} INFO - Setting next_dagrun for example_complex to None, run_after=None
[2024-09-27T14:31:36.384+0200] {processor.py:208} INFO - Processing /home/julian/.cache/pypoetry/virtualenvs/real-time-data-lake-QWGm5iRW-py3.11/lib/python3.11/site-packages/airflow/example_dags/example_complex.py took 0.085 seconds
[2024-09-27T14:32:30.601+0200] {processor.py:186} INFO - Started process (PID=281693) to work on /home/julian/.cache/pypoetry/virtualenvs/real-time-data-lake-QWGm5iRW-py3.11/lib/python3.11/site-packages/airflow/example_dags/example_complex.py
[2024-09-27T14:32:30.607+0200] {processor.py:914} INFO - Processing file /home/julian/.cache/pypoetry/virtualenvs/real-time-data-lake-QWGm5iRW-py3.11/lib/python3.11/site-packages/airflow/example_dags/example_complex.py for tasks to queue
[2024-09-27T14:32:30.609+0200] {logging_mixin.py:190} INFO - [2024-09-27T14:32:30.609+0200] {dagbag.py:588} INFO - Filling up the DagBag from /home/julian/.cache/pypoetry/virtualenvs/real-time-data-lake-QWGm5iRW-py3.11/lib/python3.11/site-packages/airflow/example_dags/example_complex.py
[2024-09-27T14:32:30.627+0200] {processor.py:925} INFO - DAG(s) 'example_complex' retrieved from /home/julian/.cache/pypoetry/virtualenvs/real-time-data-lake-QWGm5iRW-py3.11/lib/python3.11/site-packages/airflow/example_dags/example_complex.py
[2024-09-27T14:32:30.657+0200] {logging_mixin.py:190} INFO - [2024-09-27T14:32:30.657+0200] {dag.py:3239} INFO - Sync 1 DAGs
[2024-09-27T14:32:30.664+0200] {logging_mixin.py:190} INFO - [2024-09-27T14:32:30.664+0200] {dag.py:4180} INFO - Setting next_dagrun for example_complex to None, run_after=None
[2024-09-27T14:32:30.677+0200] {processor.py:208} INFO - Processing /home/julian/.cache/pypoetry/virtualenvs/real-time-data-lake-QWGm5iRW-py3.11/lib/python3.11/site-packages/airflow/example_dags/example_complex.py took 0.084 seconds
[2024-09-27T14:33:19.811+0200] {processor.py:186} INFO - Started process (PID=281794) to work on /home/julian/.cache/pypoetry/virtualenvs/real-time-data-lake-QWGm5iRW-py3.11/lib/python3.11/site-packages/airflow/example_dags/example_complex.py
[2024-09-27T14:33:19.817+0200] {processor.py:914} INFO - Processing file /home/julian/.cache/pypoetry/virtualenvs/real-time-data-lake-QWGm5iRW-py3.11/lib/python3.11/site-packages/airflow/example_dags/example_complex.py for tasks to queue
[2024-09-27T14:33:19.819+0200] {logging_mixin.py:190} INFO - [2024-09-27T14:33:19.819+0200] {dagbag.py:588} INFO - Filling up the DagBag from /home/julian/.cache/pypoetry/virtualenvs/real-time-data-lake-QWGm5iRW-py3.11/lib/python3.11/site-packages/airflow/example_dags/example_complex.py
[2024-09-27T14:33:19.838+0200] {processor.py:925} INFO - DAG(s) 'example_complex' retrieved from /home/julian/.cache/pypoetry/virtualenvs/real-time-data-lake-QWGm5iRW-py3.11/lib/python3.11/site-packages/airflow/example_dags/example_complex.py
[2024-09-27T14:33:19.868+0200] {logging_mixin.py:190} INFO - [2024-09-27T14:33:19.868+0200] {dag.py:3239} INFO - Sync 1 DAGs
[2024-09-27T14:33:19.875+0200] {logging_mixin.py:190} INFO - [2024-09-27T14:33:19.875+0200] {dag.py:4180} INFO - Setting next_dagrun for example_complex to None, run_after=None
[2024-09-27T14:33:19.889+0200] {processor.py:208} INFO - Processing /home/julian/.cache/pypoetry/virtualenvs/real-time-data-lake-QWGm5iRW-py3.11/lib/python3.11/site-packages/airflow/example_dags/example_complex.py took 0.085 seconds
[2024-09-27T14:34:09.602+0200] {processor.py:186} INFO - Started process (PID=281905) to work on /home/julian/.cache/pypoetry/virtualenvs/real-time-data-lake-QWGm5iRW-py3.11/lib/python3.11/site-packages/airflow/example_dags/example_complex.py
[2024-09-27T14:34:09.608+0200] {processor.py:914} INFO - Processing file /home/julian/.cache/pypoetry/virtualenvs/real-time-data-lake-QWGm5iRW-py3.11/lib/python3.11/site-packages/airflow/example_dags/example_complex.py for tasks to queue
[2024-09-27T14:34:09.610+0200] {logging_mixin.py:190} INFO - [2024-09-27T14:34:09.610+0200] {dagbag.py:588} INFO - Filling up the DagBag from /home/julian/.cache/pypoetry/virtualenvs/real-time-data-lake-QWGm5iRW-py3.11/lib/python3.11/site-packages/airflow/example_dags/example_complex.py
[2024-09-27T14:34:09.628+0200] {processor.py:925} INFO - DAG(s) 'example_complex' retrieved from /home/julian/.cache/pypoetry/virtualenvs/real-time-data-lake-QWGm5iRW-py3.11/lib/python3.11/site-packages/airflow/example_dags/example_complex.py
[2024-09-27T14:34:09.657+0200] {logging_mixin.py:190} INFO - [2024-09-27T14:34:09.657+0200] {dag.py:3239} INFO - Sync 1 DAGs
[2024-09-27T14:34:09.664+0200] {logging_mixin.py:190} INFO - [2024-09-27T14:34:09.664+0200] {dag.py:4180} INFO - Setting next_dagrun for example_complex to None, run_after=None
[2024-09-27T14:34:09.678+0200] {processor.py:208} INFO - Processing /home/julian/.cache/pypoetry/virtualenvs/real-time-data-lake-QWGm5iRW-py3.11/lib/python3.11/site-packages/airflow/example_dags/example_complex.py took 0.083 seconds
[2024-09-27T14:34:57.798+0200] {processor.py:186} INFO - Started process (PID=282115) to work on /home/julian/.cache/pypoetry/virtualenvs/real-time-data-lake-QWGm5iRW-py3.11/lib/python3.11/site-packages/airflow/example_dags/example_complex.py
[2024-09-27T14:34:57.803+0200] {processor.py:914} INFO - Processing file /home/julian/.cache/pypoetry/virtualenvs/real-time-data-lake-QWGm5iRW-py3.11/lib/python3.11/site-packages/airflow/example_dags/example_complex.py for tasks to queue
[2024-09-27T14:34:57.806+0200] {logging_mixin.py:190} INFO - [2024-09-27T14:34:57.805+0200] {dagbag.py:588} INFO - Filling up the DagBag from /home/julian/.cache/pypoetry/virtualenvs/real-time-data-lake-QWGm5iRW-py3.11/lib/python3.11/site-packages/airflow/example_dags/example_complex.py
[2024-09-27T14:34:57.815+0200] {processor.py:925} INFO - DAG(s) 'example_complex' retrieved from /home/julian/.cache/pypoetry/virtualenvs/real-time-data-lake-QWGm5iRW-py3.11/lib/python3.11/site-packages/airflow/example_dags/example_complex.py
[2024-09-27T14:34:57.831+0200] {logging_mixin.py:190} INFO - [2024-09-27T14:34:57.831+0200] {dag.py:3239} INFO - Sync 1 DAGs
[2024-09-27T14:34:57.838+0200] {logging_mixin.py:190} INFO - [2024-09-27T14:34:57.838+0200] {dag.py:4180} INFO - Setting next_dagrun for example_complex to None, run_after=None
[2024-09-27T14:34:57.852+0200] {processor.py:208} INFO - Processing /home/julian/.cache/pypoetry/virtualenvs/real-time-data-lake-QWGm5iRW-py3.11/lib/python3.11/site-packages/airflow/example_dags/example_complex.py took 0.062 seconds
[2024-09-27T14:35:45.397+0200] {processor.py:186} INFO - Started process (PID=282193) to work on /home/julian/.cache/pypoetry/virtualenvs/real-time-data-lake-QWGm5iRW-py3.11/lib/python3.11/site-packages/airflow/example_dags/example_complex.py
[2024-09-27T14:35:45.403+0200] {processor.py:914} INFO - Processing file /home/julian/.cache/pypoetry/virtualenvs/real-time-data-lake-QWGm5iRW-py3.11/lib/python3.11/site-packages/airflow/example_dags/example_complex.py for tasks to queue
[2024-09-27T14:35:45.406+0200] {logging_mixin.py:190} INFO - [2024-09-27T14:35:45.405+0200] {dagbag.py:588} INFO - Filling up the DagBag from /home/julian/.cache/pypoetry/virtualenvs/real-time-data-lake-QWGm5iRW-py3.11/lib/python3.11/site-packages/airflow/example_dags/example_complex.py
[2024-09-27T14:35:45.415+0200] {processor.py:925} INFO - DAG(s) 'example_complex' retrieved from /home/julian/.cache/pypoetry/virtualenvs/real-time-data-lake-QWGm5iRW-py3.11/lib/python3.11/site-packages/airflow/example_dags/example_complex.py
[2024-09-27T14:35:45.432+0200] {logging_mixin.py:190} INFO - [2024-09-27T14:35:45.432+0200] {dag.py:3239} INFO - Sync 1 DAGs
[2024-09-27T14:35:45.440+0200] {logging_mixin.py:190} INFO - [2024-09-27T14:35:45.440+0200] {dag.py:4180} INFO - Setting next_dagrun for example_complex to None, run_after=None
[2024-09-27T14:35:45.454+0200] {processor.py:208} INFO - Processing /home/julian/.cache/pypoetry/virtualenvs/real-time-data-lake-QWGm5iRW-py3.11/lib/python3.11/site-packages/airflow/example_dags/example_complex.py took 0.064 seconds
[2024-09-27T14:36:34.683+0200] {processor.py:186} INFO - Started process (PID=282267) to work on /home/julian/.cache/pypoetry/virtualenvs/real-time-data-lake-QWGm5iRW-py3.11/lib/python3.11/site-packages/airflow/example_dags/example_complex.py
[2024-09-27T14:36:34.689+0200] {processor.py:914} INFO - Processing file /home/julian/.cache/pypoetry/virtualenvs/real-time-data-lake-QWGm5iRW-py3.11/lib/python3.11/site-packages/airflow/example_dags/example_complex.py for tasks to queue
[2024-09-27T14:36:34.691+0200] {logging_mixin.py:190} INFO - [2024-09-27T14:36:34.691+0200] {dagbag.py:588} INFO - Filling up the DagBag from /home/julian/.cache/pypoetry/virtualenvs/real-time-data-lake-QWGm5iRW-py3.11/lib/python3.11/site-packages/airflow/example_dags/example_complex.py
[2024-09-27T14:36:34.709+0200] {processor.py:925} INFO - DAG(s) 'example_complex' retrieved from /home/julian/.cache/pypoetry/virtualenvs/real-time-data-lake-QWGm5iRW-py3.11/lib/python3.11/site-packages/airflow/example_dags/example_complex.py
[2024-09-27T14:36:34.740+0200] {logging_mixin.py:190} INFO - [2024-09-27T14:36:34.740+0200] {dag.py:3239} INFO - Sync 1 DAGs
[2024-09-27T14:36:34.748+0200] {logging_mixin.py:190} INFO - [2024-09-27T14:36:34.747+0200] {dag.py:4180} INFO - Setting next_dagrun for example_complex to None, run_after=None
[2024-09-27T14:36:34.761+0200] {processor.py:208} INFO - Processing /home/julian/.cache/pypoetry/virtualenvs/real-time-data-lake-QWGm5iRW-py3.11/lib/python3.11/site-packages/airflow/example_dags/example_complex.py took 0.085 seconds
[2024-09-27T14:37:25.434+0200] {processor.py:186} INFO - Started process (PID=282377) to work on /home/julian/.cache/pypoetry/virtualenvs/real-time-data-lake-QWGm5iRW-py3.11/lib/python3.11/site-packages/airflow/example_dags/example_complex.py
[2024-09-27T14:37:25.440+0200] {processor.py:914} INFO - Processing file /home/julian/.cache/pypoetry/virtualenvs/real-time-data-lake-QWGm5iRW-py3.11/lib/python3.11/site-packages/airflow/example_dags/example_complex.py for tasks to queue
[2024-09-27T14:37:25.442+0200] {logging_mixin.py:190} INFO - [2024-09-27T14:37:25.442+0200] {dagbag.py:588} INFO - Filling up the DagBag from /home/julian/.cache/pypoetry/virtualenvs/real-time-data-lake-QWGm5iRW-py3.11/lib/python3.11/site-packages/airflow/example_dags/example_complex.py
[2024-09-27T14:37:25.460+0200] {processor.py:925} INFO - DAG(s) 'example_complex' retrieved from /home/julian/.cache/pypoetry/virtualenvs/real-time-data-lake-QWGm5iRW-py3.11/lib/python3.11/site-packages/airflow/example_dags/example_complex.py
[2024-09-27T14:37:25.489+0200] {logging_mixin.py:190} INFO - [2024-09-27T14:37:25.489+0200] {dag.py:3239} INFO - Sync 1 DAGs
[2024-09-27T14:37:25.497+0200] {logging_mixin.py:190} INFO - [2024-09-27T14:37:25.497+0200] {dag.py:4180} INFO - Setting next_dagrun for example_complex to None, run_after=None
[2024-09-27T14:37:25.510+0200] {processor.py:208} INFO - Processing /home/julian/.cache/pypoetry/virtualenvs/real-time-data-lake-QWGm5iRW-py3.11/lib/python3.11/site-packages/airflow/example_dags/example_complex.py took 0.083 seconds
[2024-09-27T14:38:15.163+0200] {processor.py:186} INFO - Started process (PID=282686) to work on /home/julian/.cache/pypoetry/virtualenvs/real-time-data-lake-QWGm5iRW-py3.11/lib/python3.11/site-packages/airflow/example_dags/example_complex.py
[2024-09-27T14:38:15.164+0200] {processor.py:914} INFO - Processing file /home/julian/.cache/pypoetry/virtualenvs/real-time-data-lake-QWGm5iRW-py3.11/lib/python3.11/site-packages/airflow/example_dags/example_complex.py for tasks to queue
[2024-09-27T14:38:15.166+0200] {logging_mixin.py:190} INFO - [2024-09-27T14:38:15.166+0200] {dagbag.py:588} INFO - Filling up the DagBag from /home/julian/.cache/pypoetry/virtualenvs/real-time-data-lake-QWGm5iRW-py3.11/lib/python3.11/site-packages/airflow/example_dags/example_complex.py
[2024-09-27T14:38:15.184+0200] {processor.py:925} INFO - DAG(s) 'example_complex' retrieved from /home/julian/.cache/pypoetry/virtualenvs/real-time-data-lake-QWGm5iRW-py3.11/lib/python3.11/site-packages/airflow/example_dags/example_complex.py
[2024-09-27T14:38:15.211+0200] {logging_mixin.py:190} INFO - [2024-09-27T14:38:15.211+0200] {dag.py:3239} INFO - Sync 1 DAGs
[2024-09-27T14:38:15.219+0200] {logging_mixin.py:190} INFO - [2024-09-27T14:38:15.219+0200] {dag.py:4180} INFO - Setting next_dagrun for example_complex to None, run_after=None
[2024-09-27T14:38:15.238+0200] {processor.py:208} INFO - Processing /home/julian/.cache/pypoetry/virtualenvs/real-time-data-lake-QWGm5iRW-py3.11/lib/python3.11/site-packages/airflow/example_dags/example_complex.py took 0.082 seconds
[2024-09-27T14:39:05.184+0200] {processor.py:186} INFO - Started process (PID=282847) to work on /home/julian/.cache/pypoetry/virtualenvs/real-time-data-lake-QWGm5iRW-py3.11/lib/python3.11/site-packages/airflow/example_dags/example_complex.py
[2024-09-27T14:39:05.190+0200] {processor.py:914} INFO - Processing file /home/julian/.cache/pypoetry/virtualenvs/real-time-data-lake-QWGm5iRW-py3.11/lib/python3.11/site-packages/airflow/example_dags/example_complex.py for tasks to queue
[2024-09-27T14:39:05.192+0200] {logging_mixin.py:190} INFO - [2024-09-27T14:39:05.192+0200] {dagbag.py:588} INFO - Filling up the DagBag from /home/julian/.cache/pypoetry/virtualenvs/real-time-data-lake-QWGm5iRW-py3.11/lib/python3.11/site-packages/airflow/example_dags/example_complex.py
[2024-09-27T14:39:05.210+0200] {processor.py:925} INFO - DAG(s) 'example_complex' retrieved from /home/julian/.cache/pypoetry/virtualenvs/real-time-data-lake-QWGm5iRW-py3.11/lib/python3.11/site-packages/airflow/example_dags/example_complex.py
[2024-09-27T14:39:05.240+0200] {logging_mixin.py:190} INFO - [2024-09-27T14:39:05.240+0200] {dag.py:3239} INFO - Sync 1 DAGs
[2024-09-27T14:39:05.247+0200] {logging_mixin.py:190} INFO - [2024-09-27T14:39:05.247+0200] {dag.py:4180} INFO - Setting next_dagrun for example_complex to None, run_after=None
[2024-09-27T14:39:05.261+0200] {processor.py:208} INFO - Processing /home/julian/.cache/pypoetry/virtualenvs/real-time-data-lake-QWGm5iRW-py3.11/lib/python3.11/site-packages/airflow/example_dags/example_complex.py took 0.085 seconds
