[2024-09-27T14:20:49.162+0200] {processor.py:186} INFO - Started process (PID=280081) to work on /home/julian/.cache/pypoetry/virtualenvs/real-time-data-lake-QWGm5iRW-py3.11/lib/python3.11/site-packages/airflow/example_dags/example_params_ui_tutorial.py
[2024-09-27T14:20:49.163+0200] {processor.py:914} INFO - Processing file /home/julian/.cache/pypoetry/virtualenvs/real-time-data-lake-QWGm5iRW-py3.11/lib/python3.11/site-packages/airflow/example_dags/example_params_ui_tutorial.py for tasks to queue
[2024-09-27T14:20:49.166+0200] {logging_mixin.py:190} INFO - [2024-09-27T14:20:49.166+0200] {dagbag.py:588} INFO - Filling up the DagBag from /home/julian/.cache/pypoetry/virtualenvs/real-time-data-lake-QWGm5iRW-py3.11/lib/python3.11/site-packages/airflow/example_dags/example_params_ui_tutorial.py
[2024-09-27T14:20:49.180+0200] {processor.py:925} INFO - DAG(s) 'example_params_ui_tutorial' retrieved from /home/julian/.cache/pypoetry/virtualenvs/real-time-data-lake-QWGm5iRW-py3.11/lib/python3.11/site-packages/airflow/example_dags/example_params_ui_tutorial.py
[2024-09-27T14:20:49.271+0200] {logging_mixin.py:190} INFO - [2024-09-27T14:20:49.270+0200] {override.py:1901} INFO - Created Permission View: can delete on DAG:example_params_ui_tutorial
[2024-09-27T14:20:49.280+0200] {logging_mixin.py:190} INFO - [2024-09-27T14:20:49.279+0200] {override.py:1901} INFO - Created Permission View: can read on DAG:example_params_ui_tutorial
[2024-09-27T14:20:49.287+0200] {logging_mixin.py:190} INFO - [2024-09-27T14:20:49.287+0200] {override.py:1901} INFO - Created Permission View: can edit on DAG:example_params_ui_tutorial
[2024-09-27T14:20:49.298+0200] {logging_mixin.py:190} INFO - [2024-09-27T14:20:49.298+0200] {override.py:1901} INFO - Created Permission View: can create on DAG Run:example_params_ui_tutorial
[2024-09-27T14:20:49.304+0200] {logging_mixin.py:190} INFO - [2024-09-27T14:20:49.304+0200] {override.py:1901} INFO - Created Permission View: can delete on DAG Run:example_params_ui_tutorial
[2024-09-27T14:20:49.309+0200] {logging_mixin.py:190} INFO - [2024-09-27T14:20:49.309+0200] {override.py:1901} INFO - Created Permission View: can read on DAG Run:example_params_ui_tutorial
[2024-09-27T14:20:49.315+0200] {logging_mixin.py:190} INFO - [2024-09-27T14:20:49.314+0200] {override.py:1901} INFO - Created Permission View: menu access on DAG Run:example_params_ui_tutorial
[2024-09-27T14:20:49.315+0200] {logging_mixin.py:190} INFO - [2024-09-27T14:20:49.315+0200] {dag.py:3239} INFO - Sync 1 DAGs
[2024-09-27T14:20:49.322+0200] {logging_mixin.py:190} INFO - [2024-09-27T14:20:49.322+0200] {dag.py:3262} INFO - Creating ORM DAG for example_params_ui_tutorial
[2024-09-27T14:20:49.322+0200] {logging_mixin.py:190} INFO - [2024-09-27T14:20:49.322+0200] {dag.py:4180} INFO - Setting next_dagrun for example_params_ui_tutorial to None, run_after=None
[2024-09-27T14:20:49.334+0200] {processor.py:208} INFO - Processing /home/julian/.cache/pypoetry/virtualenvs/real-time-data-lake-QWGm5iRW-py3.11/lib/python3.11/site-packages/airflow/example_dags/example_params_ui_tutorial.py took 0.179 seconds
[2024-09-27T14:22:27.196+0200] {processor.py:186} INFO - Started process (PID=280263) to work on /home/julian/.cache/pypoetry/virtualenvs/real-time-data-lake-QWGm5iRW-py3.11/lib/python3.11/site-packages/airflow/example_dags/example_params_ui_tutorial.py
[2024-09-27T14:22:27.202+0200] {processor.py:914} INFO - Processing file /home/julian/.cache/pypoetry/virtualenvs/real-time-data-lake-QWGm5iRW-py3.11/lib/python3.11/site-packages/airflow/example_dags/example_params_ui_tutorial.py for tasks to queue
[2024-09-27T14:22:27.205+0200] {logging_mixin.py:190} INFO - [2024-09-27T14:22:27.204+0200] {dagbag.py:588} INFO - Filling up the DagBag from /home/julian/.cache/pypoetry/virtualenvs/real-time-data-lake-QWGm5iRW-py3.11/lib/python3.11/site-packages/airflow/example_dags/example_params_ui_tutorial.py
[2024-09-27T14:22:27.213+0200] {processor.py:925} INFO - DAG(s) 'example_params_ui_tutorial' retrieved from /home/julian/.cache/pypoetry/virtualenvs/real-time-data-lake-QWGm5iRW-py3.11/lib/python3.11/site-packages/airflow/example_dags/example_params_ui_tutorial.py
[2024-09-27T14:22:27.237+0200] {logging_mixin.py:190} INFO - [2024-09-27T14:22:27.237+0200] {dag.py:3239} INFO - Sync 1 DAGs
[2024-09-27T14:22:27.244+0200] {logging_mixin.py:190} INFO - [2024-09-27T14:22:27.244+0200] {dag.py:4180} INFO - Setting next_dagrun for example_params_ui_tutorial to None, run_after=None
[2024-09-27T14:22:27.257+0200] {processor.py:208} INFO - Processing /home/julian/.cache/pypoetry/virtualenvs/real-time-data-lake-QWGm5iRW-py3.11/lib/python3.11/site-packages/airflow/example_dags/example_params_ui_tutorial.py took 0.068 seconds
[2024-09-27T14:23:22.211+0200] {processor.py:186} INFO - Started process (PID=280399) to work on /home/julian/.cache/pypoetry/virtualenvs/real-time-data-lake-QWGm5iRW-py3.11/lib/python3.11/site-packages/airflow/example_dags/example_params_ui_tutorial.py
[2024-09-27T14:23:22.217+0200] {processor.py:914} INFO - Processing file /home/julian/.cache/pypoetry/virtualenvs/real-time-data-lake-QWGm5iRW-py3.11/lib/python3.11/site-packages/airflow/example_dags/example_params_ui_tutorial.py for tasks to queue
[2024-09-27T14:23:22.220+0200] {logging_mixin.py:190} INFO - [2024-09-27T14:23:22.219+0200] {dagbag.py:588} INFO - Filling up the DagBag from /home/julian/.cache/pypoetry/virtualenvs/real-time-data-lake-QWGm5iRW-py3.11/lib/python3.11/site-packages/airflow/example_dags/example_params_ui_tutorial.py
[2024-09-27T14:23:22.232+0200] {processor.py:925} INFO - DAG(s) 'example_params_ui_tutorial' retrieved from /home/julian/.cache/pypoetry/virtualenvs/real-time-data-lake-QWGm5iRW-py3.11/lib/python3.11/site-packages/airflow/example_dags/example_params_ui_tutorial.py
[2024-09-27T14:23:22.274+0200] {logging_mixin.py:190} INFO - [2024-09-27T14:23:22.274+0200] {dag.py:3239} INFO - Sync 1 DAGs
[2024-09-27T14:23:22.281+0200] {logging_mixin.py:190} INFO - [2024-09-27T14:23:22.281+0200] {dag.py:4180} INFO - Setting next_dagrun for example_params_ui_tutorial to None, run_after=None
[2024-09-27T14:23:22.295+0200] {processor.py:208} INFO - Processing /home/julian/.cache/pypoetry/virtualenvs/real-time-data-lake-QWGm5iRW-py3.11/lib/python3.11/site-packages/airflow/example_dags/example_params_ui_tutorial.py took 0.091 seconds
[2024-09-27T14:24:18.740+0200] {processor.py:186} INFO - Started process (PID=280528) to work on /home/julian/.cache/pypoetry/virtualenvs/real-time-data-lake-QWGm5iRW-py3.11/lib/python3.11/site-packages/airflow/example_dags/example_params_ui_tutorial.py
[2024-09-27T14:24:18.746+0200] {processor.py:914} INFO - Processing file /home/julian/.cache/pypoetry/virtualenvs/real-time-data-lake-QWGm5iRW-py3.11/lib/python3.11/site-packages/airflow/example_dags/example_params_ui_tutorial.py for tasks to queue
[2024-09-27T14:24:18.748+0200] {logging_mixin.py:190} INFO - [2024-09-27T14:24:18.748+0200] {dagbag.py:588} INFO - Filling up the DagBag from /home/julian/.cache/pypoetry/virtualenvs/real-time-data-lake-QWGm5iRW-py3.11/lib/python3.11/site-packages/airflow/example_dags/example_params_ui_tutorial.py
[2024-09-27T14:24:18.760+0200] {processor.py:925} INFO - DAG(s) 'example_params_ui_tutorial' retrieved from /home/julian/.cache/pypoetry/virtualenvs/real-time-data-lake-QWGm5iRW-py3.11/lib/python3.11/site-packages/airflow/example_dags/example_params_ui_tutorial.py
[2024-09-27T14:24:18.802+0200] {logging_mixin.py:190} INFO - [2024-09-27T14:24:18.801+0200] {dag.py:3239} INFO - Sync 1 DAGs
[2024-09-27T14:24:18.809+0200] {logging_mixin.py:190} INFO - [2024-09-27T14:24:18.809+0200] {dag.py:4180} INFO - Setting next_dagrun for example_params_ui_tutorial to None, run_after=None
[2024-09-27T14:24:18.822+0200] {processor.py:208} INFO - Processing /home/julian/.cache/pypoetry/virtualenvs/real-time-data-lake-QWGm5iRW-py3.11/lib/python3.11/site-packages/airflow/example_dags/example_params_ui_tutorial.py took 0.089 seconds
[2024-09-27T14:30:54.235+0200] {processor.py:186} INFO - Started process (PID=281475) to work on /home/julian/.cache/pypoetry/virtualenvs/real-time-data-lake-QWGm5iRW-py3.11/lib/python3.11/site-packages/airflow/example_dags/example_params_ui_tutorial.py
[2024-09-27T14:30:54.241+0200] {processor.py:914} INFO - Processing file /home/julian/.cache/pypoetry/virtualenvs/real-time-data-lake-QWGm5iRW-py3.11/lib/python3.11/site-packages/airflow/example_dags/example_params_ui_tutorial.py for tasks to queue
[2024-09-27T14:30:54.243+0200] {logging_mixin.py:190} INFO - [2024-09-27T14:30:54.243+0200] {dagbag.py:588} INFO - Filling up the DagBag from /home/julian/.cache/pypoetry/virtualenvs/real-time-data-lake-QWGm5iRW-py3.11/lib/python3.11/site-packages/airflow/example_dags/example_params_ui_tutorial.py
[2024-09-27T14:30:54.255+0200] {processor.py:925} INFO - DAG(s) 'example_params_ui_tutorial' retrieved from /home/julian/.cache/pypoetry/virtualenvs/real-time-data-lake-QWGm5iRW-py3.11/lib/python3.11/site-packages/airflow/example_dags/example_params_ui_tutorial.py
[2024-09-27T14:30:54.293+0200] {logging_mixin.py:190} INFO - [2024-09-27T14:30:54.292+0200] {dag.py:3239} INFO - Sync 1 DAGs
[2024-09-27T14:30:54.300+0200] {logging_mixin.py:190} INFO - [2024-09-27T14:30:54.300+0200] {dag.py:4180} INFO - Setting next_dagrun for example_params_ui_tutorial to None, run_after=None
[2024-09-27T14:30:54.315+0200] {processor.py:208} INFO - Processing /home/julian/.cache/pypoetry/virtualenvs/real-time-data-lake-QWGm5iRW-py3.11/lib/python3.11/site-packages/airflow/example_dags/example_params_ui_tutorial.py took 0.087 seconds
[2024-09-27T14:31:49.029+0200] {processor.py:186} INFO - Started process (PID=281574) to work on /home/julian/.cache/pypoetry/virtualenvs/real-time-data-lake-QWGm5iRW-py3.11/lib/python3.11/site-packages/airflow/example_dags/example_params_ui_tutorial.py
[2024-09-27T14:31:49.035+0200] {processor.py:914} INFO - Processing file /home/julian/.cache/pypoetry/virtualenvs/real-time-data-lake-QWGm5iRW-py3.11/lib/python3.11/site-packages/airflow/example_dags/example_params_ui_tutorial.py for tasks to queue
[2024-09-27T14:31:49.038+0200] {logging_mixin.py:190} INFO - [2024-09-27T14:31:49.038+0200] {dagbag.py:588} INFO - Filling up the DagBag from /home/julian/.cache/pypoetry/virtualenvs/real-time-data-lake-QWGm5iRW-py3.11/lib/python3.11/site-packages/airflow/example_dags/example_params_ui_tutorial.py
[2024-09-27T14:31:49.050+0200] {processor.py:925} INFO - DAG(s) 'example_params_ui_tutorial' retrieved from /home/julian/.cache/pypoetry/virtualenvs/real-time-data-lake-QWGm5iRW-py3.11/lib/python3.11/site-packages/airflow/example_dags/example_params_ui_tutorial.py
[2024-09-27T14:31:49.084+0200] {logging_mixin.py:190} INFO - [2024-09-27T14:31:49.084+0200] {dag.py:3239} INFO - Sync 1 DAGs
[2024-09-27T14:31:49.092+0200] {logging_mixin.py:190} INFO - [2024-09-27T14:31:49.092+0200] {dag.py:4180} INFO - Setting next_dagrun for example_params_ui_tutorial to None, run_after=None
[2024-09-27T14:31:49.105+0200] {processor.py:208} INFO - Processing /home/julian/.cache/pypoetry/virtualenvs/real-time-data-lake-QWGm5iRW-py3.11/lib/python3.11/site-packages/airflow/example_dags/example_params_ui_tutorial.py took 0.083 seconds
[2024-09-27T14:33:01.675+0200] {processor.py:186} INFO - Started process (PID=281764) to work on /home/julian/.cache/pypoetry/virtualenvs/real-time-data-lake-QWGm5iRW-py3.11/lib/python3.11/site-packages/airflow/example_dags/example_params_ui_tutorial.py
[2024-09-27T14:33:01.676+0200] {processor.py:914} INFO - Processing file /home/julian/.cache/pypoetry/virtualenvs/real-time-data-lake-QWGm5iRW-py3.11/lib/python3.11/site-packages/airflow/example_dags/example_params_ui_tutorial.py for tasks to queue
[2024-09-27T14:33:01.677+0200] {logging_mixin.py:190} INFO - [2024-09-27T14:33:01.677+0200] {dagbag.py:588} INFO - Filling up the DagBag from /home/julian/.cache/pypoetry/virtualenvs/real-time-data-lake-QWGm5iRW-py3.11/lib/python3.11/site-packages/airflow/example_dags/example_params_ui_tutorial.py
[2024-09-27T14:33:01.683+0200] {processor.py:925} INFO - DAG(s) 'example_params_ui_tutorial' retrieved from /home/julian/.cache/pypoetry/virtualenvs/real-time-data-lake-QWGm5iRW-py3.11/lib/python3.11/site-packages/airflow/example_dags/example_params_ui_tutorial.py
[2024-09-27T14:33:01.708+0200] {logging_mixin.py:190} INFO - [2024-09-27T14:33:01.707+0200] {dag.py:3239} INFO - Sync 1 DAGs
[2024-09-27T14:33:01.717+0200] {logging_mixin.py:190} INFO - [2024-09-27T14:33:01.716+0200] {dag.py:4180} INFO - Setting next_dagrun for example_params_ui_tutorial to None, run_after=None
[2024-09-27T14:33:01.733+0200] {processor.py:208} INFO - Processing /home/julian/.cache/pypoetry/virtualenvs/real-time-data-lake-QWGm5iRW-py3.11/lib/python3.11/site-packages/airflow/example_dags/example_params_ui_tutorial.py took 0.062 seconds
[2024-09-27T14:34:15.120+0200] {processor.py:186} INFO - Started process (PID=281915) to work on /home/julian/.cache/pypoetry/virtualenvs/real-time-data-lake-QWGm5iRW-py3.11/lib/python3.11/site-packages/airflow/example_dags/example_params_ui_tutorial.py
[2024-09-27T14:34:15.126+0200] {processor.py:914} INFO - Processing file /home/julian/.cache/pypoetry/virtualenvs/real-time-data-lake-QWGm5iRW-py3.11/lib/python3.11/site-packages/airflow/example_dags/example_params_ui_tutorial.py for tasks to queue
[2024-09-27T14:34:15.128+0200] {logging_mixin.py:190} INFO - [2024-09-27T14:34:15.128+0200] {dagbag.py:588} INFO - Filling up the DagBag from /home/julian/.cache/pypoetry/virtualenvs/real-time-data-lake-QWGm5iRW-py3.11/lib/python3.11/site-packages/airflow/example_dags/example_params_ui_tutorial.py
[2024-09-27T14:34:15.140+0200] {processor.py:925} INFO - DAG(s) 'example_params_ui_tutorial' retrieved from /home/julian/.cache/pypoetry/virtualenvs/real-time-data-lake-QWGm5iRW-py3.11/lib/python3.11/site-packages/airflow/example_dags/example_params_ui_tutorial.py
[2024-09-27T14:34:15.181+0200] {logging_mixin.py:190} INFO - [2024-09-27T14:34:15.181+0200] {dag.py:3239} INFO - Sync 1 DAGs
[2024-09-27T14:34:15.189+0200] {logging_mixin.py:190} INFO - [2024-09-27T14:34:15.189+0200] {dag.py:4180} INFO - Setting next_dagrun for example_params_ui_tutorial to None, run_after=None
[2024-09-27T14:34:15.202+0200] {processor.py:208} INFO - Processing /home/julian/.cache/pypoetry/virtualenvs/real-time-data-lake-QWGm5iRW-py3.11/lib/python3.11/site-packages/airflow/example_dags/example_params_ui_tutorial.py took 0.090 seconds
[2024-09-27T14:35:27.361+0200] {processor.py:186} INFO - Started process (PID=282158) to work on /home/julian/.cache/pypoetry/virtualenvs/real-time-data-lake-QWGm5iRW-py3.11/lib/python3.11/site-packages/airflow/example_dags/example_params_ui_tutorial.py
[2024-09-27T14:35:27.363+0200] {processor.py:914} INFO - Processing file /home/julian/.cache/pypoetry/virtualenvs/real-time-data-lake-QWGm5iRW-py3.11/lib/python3.11/site-packages/airflow/example_dags/example_params_ui_tutorial.py for tasks to queue
[2024-09-27T14:35:27.365+0200] {logging_mixin.py:190} INFO - [2024-09-27T14:35:27.365+0200] {dagbag.py:588} INFO - Filling up the DagBag from /home/julian/.cache/pypoetry/virtualenvs/real-time-data-lake-QWGm5iRW-py3.11/lib/python3.11/site-packages/airflow/example_dags/example_params_ui_tutorial.py
[2024-09-27T14:35:27.377+0200] {processor.py:925} INFO - DAG(s) 'example_params_ui_tutorial' retrieved from /home/julian/.cache/pypoetry/virtualenvs/real-time-data-lake-QWGm5iRW-py3.11/lib/python3.11/site-packages/airflow/example_dags/example_params_ui_tutorial.py
[2024-09-27T14:35:27.416+0200] {logging_mixin.py:190} INFO - [2024-09-27T14:35:27.415+0200] {dag.py:3239} INFO - Sync 1 DAGs
[2024-09-27T14:35:27.423+0200] {logging_mixin.py:190} INFO - [2024-09-27T14:35:27.423+0200] {dag.py:4180} INFO - Setting next_dagrun for example_params_ui_tutorial to None, run_after=None
[2024-09-27T14:35:27.437+0200] {processor.py:208} INFO - Processing /home/julian/.cache/pypoetry/virtualenvs/real-time-data-lake-QWGm5iRW-py3.11/lib/python3.11/site-packages/airflow/example_dags/example_params_ui_tutorial.py took 0.083 seconds
[2024-09-27T14:36:38.221+0200] {processor.py:186} INFO - Started process (PID=282273) to work on /home/julian/.cache/pypoetry/virtualenvs/real-time-data-lake-QWGm5iRW-py3.11/lib/python3.11/site-packages/airflow/example_dags/example_params_ui_tutorial.py
[2024-09-27T14:36:38.227+0200] {processor.py:914} INFO - Processing file /home/julian/.cache/pypoetry/virtualenvs/real-time-data-lake-QWGm5iRW-py3.11/lib/python3.11/site-packages/airflow/example_dags/example_params_ui_tutorial.py for tasks to queue
[2024-09-27T14:36:38.229+0200] {logging_mixin.py:190} INFO - [2024-09-27T14:36:38.229+0200] {dagbag.py:588} INFO - Filling up the DagBag from /home/julian/.cache/pypoetry/virtualenvs/real-time-data-lake-QWGm5iRW-py3.11/lib/python3.11/site-packages/airflow/example_dags/example_params_ui_tutorial.py
[2024-09-27T14:36:38.241+0200] {processor.py:925} INFO - DAG(s) 'example_params_ui_tutorial' retrieved from /home/julian/.cache/pypoetry/virtualenvs/real-time-data-lake-QWGm5iRW-py3.11/lib/python3.11/site-packages/airflow/example_dags/example_params_ui_tutorial.py
[2024-09-27T14:36:38.282+0200] {logging_mixin.py:190} INFO - [2024-09-27T14:36:38.282+0200] {dag.py:3239} INFO - Sync 1 DAGs
[2024-09-27T14:36:38.290+0200] {logging_mixin.py:190} INFO - [2024-09-27T14:36:38.289+0200] {dag.py:4180} INFO - Setting next_dagrun for example_params_ui_tutorial to None, run_after=None
[2024-09-27T14:36:38.304+0200] {processor.py:208} INFO - Processing /home/julian/.cache/pypoetry/virtualenvs/real-time-data-lake-QWGm5iRW-py3.11/lib/python3.11/site-packages/airflow/example_dags/example_params_ui_tutorial.py took 0.090 seconds
[2024-09-27T14:37:32.541+0200] {processor.py:186} INFO - Started process (PID=282434) to work on /home/julian/.cache/pypoetry/virtualenvs/real-time-data-lake-QWGm5iRW-py3.11/lib/python3.11/site-packages/airflow/example_dags/example_params_ui_tutorial.py
[2024-09-27T14:37:32.542+0200] {processor.py:914} INFO - Processing file /home/julian/.cache/pypoetry/virtualenvs/real-time-data-lake-QWGm5iRW-py3.11/lib/python3.11/site-packages/airflow/example_dags/example_params_ui_tutorial.py for tasks to queue
[2024-09-27T14:37:32.545+0200] {logging_mixin.py:190} INFO - [2024-09-27T14:37:32.545+0200] {dagbag.py:588} INFO - Filling up the DagBag from /home/julian/.cache/pypoetry/virtualenvs/real-time-data-lake-QWGm5iRW-py3.11/lib/python3.11/site-packages/airflow/example_dags/example_params_ui_tutorial.py
[2024-09-27T14:37:32.557+0200] {processor.py:925} INFO - DAG(s) 'example_params_ui_tutorial' retrieved from /home/julian/.cache/pypoetry/virtualenvs/real-time-data-lake-QWGm5iRW-py3.11/lib/python3.11/site-packages/airflow/example_dags/example_params_ui_tutorial.py
[2024-09-27T14:37:32.593+0200] {logging_mixin.py:190} INFO - [2024-09-27T14:37:32.593+0200] {dag.py:3239} INFO - Sync 1 DAGs
[2024-09-27T14:37:32.600+0200] {logging_mixin.py:190} INFO - [2024-09-27T14:37:32.600+0200] {dag.py:4180} INFO - Setting next_dagrun for example_params_ui_tutorial to None, run_after=None
[2024-09-27T14:37:32.614+0200] {processor.py:208} INFO - Processing /home/julian/.cache/pypoetry/virtualenvs/real-time-data-lake-QWGm5iRW-py3.11/lib/python3.11/site-packages/airflow/example_dags/example_params_ui_tutorial.py took 0.080 seconds
[2024-09-27T14:38:47.790+0200] {processor.py:186} INFO - Started process (PID=282790) to work on /home/julian/.cache/pypoetry/virtualenvs/real-time-data-lake-QWGm5iRW-py3.11/lib/python3.11/site-packages/airflow/example_dags/example_params_ui_tutorial.py
[2024-09-27T14:38:47.796+0200] {processor.py:914} INFO - Processing file /home/julian/.cache/pypoetry/virtualenvs/real-time-data-lake-QWGm5iRW-py3.11/lib/python3.11/site-packages/airflow/example_dags/example_params_ui_tutorial.py for tasks to queue
[2024-09-27T14:38:47.797+0200] {logging_mixin.py:190} INFO - [2024-09-27T14:38:47.797+0200] {dagbag.py:588} INFO - Filling up the DagBag from /home/julian/.cache/pypoetry/virtualenvs/real-time-data-lake-QWGm5iRW-py3.11/lib/python3.11/site-packages/airflow/example_dags/example_params_ui_tutorial.py
[2024-09-27T14:38:47.802+0200] {processor.py:925} INFO - DAG(s) 'example_params_ui_tutorial' retrieved from /home/julian/.cache/pypoetry/virtualenvs/real-time-data-lake-QWGm5iRW-py3.11/lib/python3.11/site-packages/airflow/example_dags/example_params_ui_tutorial.py
[2024-09-27T14:38:47.826+0200] {logging_mixin.py:190} INFO - [2024-09-27T14:38:47.826+0200] {dag.py:3239} INFO - Sync 1 DAGs
[2024-09-27T14:38:47.834+0200] {logging_mixin.py:190} INFO - [2024-09-27T14:38:47.834+0200] {dag.py:4180} INFO - Setting next_dagrun for example_params_ui_tutorial to None, run_after=None
[2024-09-27T14:38:47.848+0200] {processor.py:208} INFO - Processing /home/julian/.cache/pypoetry/virtualenvs/real-time-data-lake-QWGm5iRW-py3.11/lib/python3.11/site-packages/airflow/example_dags/example_params_ui_tutorial.py took 0.062 seconds
