[2024-09-27T14:20:30.673+0200] {processor.py:186} INFO - Started process (PID=280041) to work on /home/julian/.cache/pypoetry/virtualenvs/real-time-data-lake-QWGm5iRW-py3.11/lib/python3.11/site-packages/airflow/example_dags/example_branch_labels.py
[2024-09-27T14:20:30.674+0200] {processor.py:914} INFO - Processing file /home/julian/.cache/pypoetry/virtualenvs/real-time-data-lake-QWGm5iRW-py3.11/lib/python3.11/site-packages/airflow/example_dags/example_branch_labels.py for tasks to queue
[2024-09-27T14:20:30.675+0200] {logging_mixin.py:190} INFO - [2024-09-27T14:20:30.675+0200] {dagbag.py:588} INFO - Filling up the DagBag from /home/julian/.cache/pypoetry/virtualenvs/real-time-data-lake-QWGm5iRW-py3.11/lib/python3.11/site-packages/airflow/example_dags/example_branch_labels.py
[2024-09-27T14:20:30.681+0200] {processor.py:925} INFO - DAG(s) 'example_branch_labels' retrieved from /home/julian/.cache/pypoetry/virtualenvs/real-time-data-lake-QWGm5iRW-py3.11/lib/python3.11/site-packages/airflow/example_dags/example_branch_labels.py
[2024-09-27T14:20:30.747+0200] {logging_mixin.py:190} INFO - [2024-09-27T14:20:30.746+0200] {override.py:1901} INFO - Created Permission View: can delete on DAG:example_branch_labels
[2024-09-27T14:20:30.754+0200] {logging_mixin.py:190} INFO - [2024-09-27T14:20:30.754+0200] {override.py:1901} INFO - Created Permission View: can read on DAG:example_branch_labels
[2024-09-27T14:20:30.760+0200] {logging_mixin.py:190} INFO - [2024-09-27T14:20:30.759+0200] {override.py:1901} INFO - Created Permission View: can edit on DAG:example_branch_labels
[2024-09-27T14:20:30.768+0200] {logging_mixin.py:190} INFO - [2024-09-27T14:20:30.768+0200] {override.py:1901} INFO - Created Permission View: can create on DAG Run:example_branch_labels
[2024-09-27T14:20:30.774+0200] {logging_mixin.py:190} INFO - [2024-09-27T14:20:30.774+0200] {override.py:1901} INFO - Created Permission View: can delete on DAG Run:example_branch_labels
[2024-09-27T14:20:30.780+0200] {logging_mixin.py:190} INFO - [2024-09-27T14:20:30.779+0200] {override.py:1901} INFO - Created Permission View: can read on DAG Run:example_branch_labels
[2024-09-27T14:20:30.786+0200] {logging_mixin.py:190} INFO - [2024-09-27T14:20:30.785+0200] {override.py:1901} INFO - Created Permission View: menu access on DAG Run:example_branch_labels
[2024-09-27T14:20:30.786+0200] {logging_mixin.py:190} INFO - [2024-09-27T14:20:30.786+0200] {dag.py:3239} INFO - Sync 1 DAGs
[2024-09-27T14:20:30.793+0200] {logging_mixin.py:190} INFO - [2024-09-27T14:20:30.793+0200] {dag.py:3262} INFO - Creating ORM DAG for example_branch_labels
[2024-09-27T14:20:30.799+0200] {logging_mixin.py:190} INFO - [2024-09-27T14:20:30.798+0200] {dag.py:4180} INFO - Setting next_dagrun for example_branch_labels to 2024-09-26 00:00:00+00:00, run_after=2024-09-27 00:00:00+00:00
[2024-09-27T14:20:30.811+0200] {processor.py:208} INFO - Processing /home/julian/.cache/pypoetry/virtualenvs/real-time-data-lake-QWGm5iRW-py3.11/lib/python3.11/site-packages/airflow/example_dags/example_branch_labels.py took 0.144 seconds
[2024-09-27T14:22:12.037+0200] {processor.py:186} INFO - Started process (PID=280239) to work on /home/julian/.cache/pypoetry/virtualenvs/real-time-data-lake-QWGm5iRW-py3.11/lib/python3.11/site-packages/airflow/example_dags/example_branch_labels.py
[2024-09-27T14:22:12.043+0200] {processor.py:914} INFO - Processing file /home/julian/.cache/pypoetry/virtualenvs/real-time-data-lake-QWGm5iRW-py3.11/lib/python3.11/site-packages/airflow/example_dags/example_branch_labels.py for tasks to queue
[2024-09-27T14:22:12.046+0200] {logging_mixin.py:190} INFO - [2024-09-27T14:22:12.045+0200] {dagbag.py:588} INFO - Filling up the DagBag from /home/julian/.cache/pypoetry/virtualenvs/real-time-data-lake-QWGm5iRW-py3.11/lib/python3.11/site-packages/airflow/example_dags/example_branch_labels.py
[2024-09-27T14:22:12.058+0200] {processor.py:925} INFO - DAG(s) 'example_branch_labels' retrieved from /home/julian/.cache/pypoetry/virtualenvs/real-time-data-lake-QWGm5iRW-py3.11/lib/python3.11/site-packages/airflow/example_dags/example_branch_labels.py
[2024-09-27T14:22:12.083+0200] {logging_mixin.py:190} INFO - [2024-09-27T14:22:12.082+0200] {dag.py:3239} INFO - Sync 1 DAGs
[2024-09-27T14:22:12.097+0200] {logging_mixin.py:190} INFO - [2024-09-27T14:22:12.097+0200] {dag.py:4180} INFO - Setting next_dagrun for example_branch_labels to 2024-09-26 00:00:00+00:00, run_after=2024-09-27 00:00:00+00:00
[2024-09-27T14:22:12.110+0200] {processor.py:208} INFO - Processing /home/julian/.cache/pypoetry/virtualenvs/real-time-data-lake-QWGm5iRW-py3.11/lib/python3.11/site-packages/airflow/example_dags/example_branch_labels.py took 0.081 seconds
[2024-09-27T14:23:06.632+0200] {processor.py:186} INFO - Started process (PID=280358) to work on /home/julian/.cache/pypoetry/virtualenvs/real-time-data-lake-QWGm5iRW-py3.11/lib/python3.11/site-packages/airflow/example_dags/example_branch_labels.py
[2024-09-27T14:23:06.637+0200] {processor.py:914} INFO - Processing file /home/julian/.cache/pypoetry/virtualenvs/real-time-data-lake-QWGm5iRW-py3.11/lib/python3.11/site-packages/airflow/example_dags/example_branch_labels.py for tasks to queue
[2024-09-27T14:23:06.639+0200] {logging_mixin.py:190} INFO - [2024-09-27T14:23:06.639+0200] {dagbag.py:588} INFO - Filling up the DagBag from /home/julian/.cache/pypoetry/virtualenvs/real-time-data-lake-QWGm5iRW-py3.11/lib/python3.11/site-packages/airflow/example_dags/example_branch_labels.py
[2024-09-27T14:23:06.645+0200] {processor.py:925} INFO - DAG(s) 'example_branch_labels' retrieved from /home/julian/.cache/pypoetry/virtualenvs/real-time-data-lake-QWGm5iRW-py3.11/lib/python3.11/site-packages/airflow/example_dags/example_branch_labels.py
[2024-09-27T14:23:06.655+0200] {logging_mixin.py:190} INFO - [2024-09-27T14:23:06.655+0200] {dag.py:3239} INFO - Sync 1 DAGs
[2024-09-27T14:23:06.667+0200] {logging_mixin.py:190} INFO - [2024-09-27T14:23:06.667+0200] {dag.py:4180} INFO - Setting next_dagrun for example_branch_labels to 2024-09-26 00:00:00+00:00, run_after=2024-09-27 00:00:00+00:00
[2024-09-27T14:23:06.680+0200] {processor.py:208} INFO - Processing /home/julian/.cache/pypoetry/virtualenvs/real-time-data-lake-QWGm5iRW-py3.11/lib/python3.11/site-packages/airflow/example_dags/example_branch_labels.py took 0.054 seconds
[2024-09-27T14:24:02.154+0200] {processor.py:186} INFO - Started process (PID=280503) to work on /home/julian/.cache/pypoetry/virtualenvs/real-time-data-lake-QWGm5iRW-py3.11/lib/python3.11/site-packages/airflow/example_dags/example_branch_labels.py
[2024-09-27T14:24:02.154+0200] {processor.py:914} INFO - Processing file /home/julian/.cache/pypoetry/virtualenvs/real-time-data-lake-QWGm5iRW-py3.11/lib/python3.11/site-packages/airflow/example_dags/example_branch_labels.py for tasks to queue
[2024-09-27T14:24:02.156+0200] {logging_mixin.py:190} INFO - [2024-09-27T14:24:02.156+0200] {dagbag.py:588} INFO - Filling up the DagBag from /home/julian/.cache/pypoetry/virtualenvs/real-time-data-lake-QWGm5iRW-py3.11/lib/python3.11/site-packages/airflow/example_dags/example_branch_labels.py
[2024-09-27T14:24:02.162+0200] {processor.py:925} INFO - DAG(s) 'example_branch_labels' retrieved from /home/julian/.cache/pypoetry/virtualenvs/real-time-data-lake-QWGm5iRW-py3.11/lib/python3.11/site-packages/airflow/example_dags/example_branch_labels.py
[2024-09-27T14:24:02.172+0200] {logging_mixin.py:190} INFO - [2024-09-27T14:24:02.172+0200] {dag.py:3239} INFO - Sync 1 DAGs
[2024-09-27T14:24:02.184+0200] {logging_mixin.py:190} INFO - [2024-09-27T14:24:02.184+0200] {dag.py:4180} INFO - Setting next_dagrun for example_branch_labels to 2024-09-26 00:00:00+00:00, run_after=2024-09-27 00:00:00+00:00
[2024-09-27T14:24:02.197+0200] {processor.py:208} INFO - Processing /home/julian/.cache/pypoetry/virtualenvs/real-time-data-lake-QWGm5iRW-py3.11/lib/python3.11/site-packages/airflow/example_dags/example_branch_labels.py took 0.047 seconds
[2024-09-27T14:24:53.535+0200] {processor.py:186} INFO - Started process (PID=280716) to work on /home/julian/.cache/pypoetry/virtualenvs/real-time-data-lake-QWGm5iRW-py3.11/lib/python3.11/site-packages/airflow/example_dags/example_branch_labels.py
[2024-09-27T14:24:53.541+0200] {processor.py:914} INFO - Processing file /home/julian/.cache/pypoetry/virtualenvs/real-time-data-lake-QWGm5iRW-py3.11/lib/python3.11/site-packages/airflow/example_dags/example_branch_labels.py for tasks to queue
[2024-09-27T14:24:53.543+0200] {logging_mixin.py:190} INFO - [2024-09-27T14:24:53.543+0200] {dagbag.py:588} INFO - Filling up the DagBag from /home/julian/.cache/pypoetry/virtualenvs/real-time-data-lake-QWGm5iRW-py3.11/lib/python3.11/site-packages/airflow/example_dags/example_branch_labels.py
[2024-09-27T14:24:53.556+0200] {processor.py:925} INFO - DAG(s) 'example_branch_labels' retrieved from /home/julian/.cache/pypoetry/virtualenvs/real-time-data-lake-QWGm5iRW-py3.11/lib/python3.11/site-packages/airflow/example_dags/example_branch_labels.py
[2024-09-27T14:24:53.578+0200] {logging_mixin.py:190} INFO - [2024-09-27T14:24:53.578+0200] {dag.py:3239} INFO - Sync 1 DAGs
[2024-09-27T14:24:53.593+0200] {logging_mixin.py:190} INFO - [2024-09-27T14:24:53.593+0200] {dag.py:4180} INFO - Setting next_dagrun for example_branch_labels to 2024-09-26 00:00:00+00:00, run_after=2024-09-27 00:00:00+00:00
[2024-09-27T14:24:53.606+0200] {processor.py:208} INFO - Processing /home/julian/.cache/pypoetry/virtualenvs/real-time-data-lake-QWGm5iRW-py3.11/lib/python3.11/site-packages/airflow/example_dags/example_branch_labels.py took 0.078 seconds
[2024-09-27T14:30:39.077+0200] {processor.py:186} INFO - Started process (PID=281433) to work on /home/julian/.cache/pypoetry/virtualenvs/real-time-data-lake-QWGm5iRW-py3.11/lib/python3.11/site-packages/airflow/example_dags/example_branch_labels.py
[2024-09-27T14:30:39.082+0200] {processor.py:914} INFO - Processing file /home/julian/.cache/pypoetry/virtualenvs/real-time-data-lake-QWGm5iRW-py3.11/lib/python3.11/site-packages/airflow/example_dags/example_branch_labels.py for tasks to queue
[2024-09-27T14:30:39.084+0200] {logging_mixin.py:190} INFO - [2024-09-27T14:30:39.084+0200] {dagbag.py:588} INFO - Filling up the DagBag from /home/julian/.cache/pypoetry/virtualenvs/real-time-data-lake-QWGm5iRW-py3.11/lib/python3.11/site-packages/airflow/example_dags/example_branch_labels.py
[2024-09-27T14:30:39.090+0200] {processor.py:925} INFO - DAG(s) 'example_branch_labels' retrieved from /home/julian/.cache/pypoetry/virtualenvs/real-time-data-lake-QWGm5iRW-py3.11/lib/python3.11/site-packages/airflow/example_dags/example_branch_labels.py
[2024-09-27T14:30:39.101+0200] {logging_mixin.py:190} INFO - [2024-09-27T14:30:39.101+0200] {dag.py:3239} INFO - Sync 1 DAGs
[2024-09-27T14:30:39.114+0200] {logging_mixin.py:190} INFO - [2024-09-27T14:30:39.114+0200] {dag.py:4180} INFO - Setting next_dagrun for example_branch_labels to 2024-09-26 00:00:00+00:00, run_after=2024-09-27 00:00:00+00:00
[2024-09-27T14:30:39.127+0200] {processor.py:208} INFO - Processing /home/julian/.cache/pypoetry/virtualenvs/real-time-data-lake-QWGm5iRW-py3.11/lib/python3.11/site-packages/airflow/example_dags/example_branch_labels.py took 0.057 seconds
[2024-09-27T14:31:33.455+0200] {processor.py:186} INFO - Started process (PID=281549) to work on /home/julian/.cache/pypoetry/virtualenvs/real-time-data-lake-QWGm5iRW-py3.11/lib/python3.11/site-packages/airflow/example_dags/example_branch_labels.py
[2024-09-27T14:31:33.461+0200] {processor.py:914} INFO - Processing file /home/julian/.cache/pypoetry/virtualenvs/real-time-data-lake-QWGm5iRW-py3.11/lib/python3.11/site-packages/airflow/example_dags/example_branch_labels.py for tasks to queue
[2024-09-27T14:31:33.463+0200] {logging_mixin.py:190} INFO - [2024-09-27T14:31:33.463+0200] {dagbag.py:588} INFO - Filling up the DagBag from /home/julian/.cache/pypoetry/virtualenvs/real-time-data-lake-QWGm5iRW-py3.11/lib/python3.11/site-packages/airflow/example_dags/example_branch_labels.py
[2024-09-27T14:31:33.476+0200] {processor.py:925} INFO - DAG(s) 'example_branch_labels' retrieved from /home/julian/.cache/pypoetry/virtualenvs/real-time-data-lake-QWGm5iRW-py3.11/lib/python3.11/site-packages/airflow/example_dags/example_branch_labels.py
[2024-09-27T14:31:33.498+0200] {logging_mixin.py:190} INFO - [2024-09-27T14:31:33.498+0200] {dag.py:3239} INFO - Sync 1 DAGs
[2024-09-27T14:31:33.516+0200] {logging_mixin.py:190} INFO - [2024-09-27T14:31:33.515+0200] {dag.py:4180} INFO - Setting next_dagrun for example_branch_labels to 2024-09-26 00:00:00+00:00, run_after=2024-09-27 00:00:00+00:00
[2024-09-27T14:31:33.529+0200] {processor.py:208} INFO - Processing /home/julian/.cache/pypoetry/virtualenvs/real-time-data-lake-QWGm5iRW-py3.11/lib/python3.11/site-packages/airflow/example_dags/example_branch_labels.py took 0.081 seconds
[2024-09-27T14:32:27.950+0200] {processor.py:186} INFO - Started process (PID=281664) to work on /home/julian/.cache/pypoetry/virtualenvs/real-time-data-lake-QWGm5iRW-py3.11/lib/python3.11/site-packages/airflow/example_dags/example_branch_labels.py
[2024-09-27T14:32:27.950+0200] {processor.py:914} INFO - Processing file /home/julian/.cache/pypoetry/virtualenvs/real-time-data-lake-QWGm5iRW-py3.11/lib/python3.11/site-packages/airflow/example_dags/example_branch_labels.py for tasks to queue
[2024-09-27T14:32:27.952+0200] {logging_mixin.py:190} INFO - [2024-09-27T14:32:27.951+0200] {dagbag.py:588} INFO - Filling up the DagBag from /home/julian/.cache/pypoetry/virtualenvs/real-time-data-lake-QWGm5iRW-py3.11/lib/python3.11/site-packages/airflow/example_dags/example_branch_labels.py
[2024-09-27T14:32:27.957+0200] {processor.py:925} INFO - DAG(s) 'example_branch_labels' retrieved from /home/julian/.cache/pypoetry/virtualenvs/real-time-data-lake-QWGm5iRW-py3.11/lib/python3.11/site-packages/airflow/example_dags/example_branch_labels.py
[2024-09-27T14:32:27.967+0200] {logging_mixin.py:190} INFO - [2024-09-27T14:32:27.967+0200] {dag.py:3239} INFO - Sync 1 DAGs
[2024-09-27T14:32:27.980+0200] {logging_mixin.py:190} INFO - [2024-09-27T14:32:27.979+0200] {dag.py:4180} INFO - Setting next_dagrun for example_branch_labels to 2024-09-26 00:00:00+00:00, run_after=2024-09-27 00:00:00+00:00
[2024-09-27T14:32:27.992+0200] {processor.py:208} INFO - Processing /home/julian/.cache/pypoetry/virtualenvs/real-time-data-lake-QWGm5iRW-py3.11/lib/python3.11/site-packages/airflow/example_dags/example_branch_labels.py took 0.046 seconds
[2024-09-27T14:33:16.956+0200] {processor.py:186} INFO - Started process (PID=281790) to work on /home/julian/.cache/pypoetry/virtualenvs/real-time-data-lake-QWGm5iRW-py3.11/lib/python3.11/site-packages/airflow/example_dags/example_branch_labels.py
[2024-09-27T14:33:16.962+0200] {processor.py:914} INFO - Processing file /home/julian/.cache/pypoetry/virtualenvs/real-time-data-lake-QWGm5iRW-py3.11/lib/python3.11/site-packages/airflow/example_dags/example_branch_labels.py for tasks to queue
[2024-09-27T14:33:16.965+0200] {logging_mixin.py:190} INFO - [2024-09-27T14:33:16.964+0200] {dagbag.py:588} INFO - Filling up the DagBag from /home/julian/.cache/pypoetry/virtualenvs/real-time-data-lake-QWGm5iRW-py3.11/lib/python3.11/site-packages/airflow/example_dags/example_branch_labels.py
[2024-09-27T14:33:16.978+0200] {processor.py:925} INFO - DAG(s) 'example_branch_labels' retrieved from /home/julian/.cache/pypoetry/virtualenvs/real-time-data-lake-QWGm5iRW-py3.11/lib/python3.11/site-packages/airflow/example_dags/example_branch_labels.py
[2024-09-27T14:33:17.000+0200] {logging_mixin.py:190} INFO - [2024-09-27T14:33:17.000+0200] {dag.py:3239} INFO - Sync 1 DAGs
[2024-09-27T14:33:17.016+0200] {logging_mixin.py:190} INFO - [2024-09-27T14:33:17.016+0200] {dag.py:4180} INFO - Setting next_dagrun for example_branch_labels to 2024-09-26 00:00:00+00:00, run_after=2024-09-27 00:00:00+00:00
[2024-09-27T14:33:17.029+0200] {processor.py:208} INFO - Processing /home/julian/.cache/pypoetry/virtualenvs/real-time-data-lake-QWGm5iRW-py3.11/lib/python3.11/site-packages/airflow/example_dags/example_branch_labels.py took 0.080 seconds
[2024-09-27T14:34:06.191+0200] {processor.py:186} INFO - Started process (PID=281902) to work on /home/julian/.cache/pypoetry/virtualenvs/real-time-data-lake-QWGm5iRW-py3.11/lib/python3.11/site-packages/airflow/example_dags/example_branch_labels.py
[2024-09-27T14:34:06.197+0200] {processor.py:914} INFO - Processing file /home/julian/.cache/pypoetry/virtualenvs/real-time-data-lake-QWGm5iRW-py3.11/lib/python3.11/site-packages/airflow/example_dags/example_branch_labels.py for tasks to queue
[2024-09-27T14:34:06.200+0200] {logging_mixin.py:190} INFO - [2024-09-27T14:34:06.199+0200] {dagbag.py:588} INFO - Filling up the DagBag from /home/julian/.cache/pypoetry/virtualenvs/real-time-data-lake-QWGm5iRW-py3.11/lib/python3.11/site-packages/airflow/example_dags/example_branch_labels.py
[2024-09-27T14:34:06.212+0200] {processor.py:925} INFO - DAG(s) 'example_branch_labels' retrieved from /home/julian/.cache/pypoetry/virtualenvs/real-time-data-lake-QWGm5iRW-py3.11/lib/python3.11/site-packages/airflow/example_dags/example_branch_labels.py
[2024-09-27T14:34:06.234+0200] {logging_mixin.py:190} INFO - [2024-09-27T14:34:06.234+0200] {dag.py:3239} INFO - Sync 1 DAGs
[2024-09-27T14:34:06.251+0200] {logging_mixin.py:190} INFO - [2024-09-27T14:34:06.251+0200] {dag.py:4180} INFO - Setting next_dagrun for example_branch_labels to 2024-09-26 00:00:00+00:00, run_after=2024-09-27 00:00:00+00:00
[2024-09-27T14:34:06.264+0200] {processor.py:208} INFO - Processing /home/julian/.cache/pypoetry/virtualenvs/real-time-data-lake-QWGm5iRW-py3.11/lib/python3.11/site-packages/airflow/example_dags/example_branch_labels.py took 0.080 seconds
[2024-09-27T14:34:55.566+0200] {processor.py:186} INFO - Started process (PID=282112) to work on /home/julian/.cache/pypoetry/virtualenvs/real-time-data-lake-QWGm5iRW-py3.11/lib/python3.11/site-packages/airflow/example_dags/example_branch_labels.py
[2024-09-27T14:34:55.572+0200] {processor.py:914} INFO - Processing file /home/julian/.cache/pypoetry/virtualenvs/real-time-data-lake-QWGm5iRW-py3.11/lib/python3.11/site-packages/airflow/example_dags/example_branch_labels.py for tasks to queue
[2024-09-27T14:34:55.574+0200] {logging_mixin.py:190} INFO - [2024-09-27T14:34:55.574+0200] {dagbag.py:588} INFO - Filling up the DagBag from /home/julian/.cache/pypoetry/virtualenvs/real-time-data-lake-QWGm5iRW-py3.11/lib/python3.11/site-packages/airflow/example_dags/example_branch_labels.py
[2024-09-27T14:34:55.587+0200] {processor.py:925} INFO - DAG(s) 'example_branch_labels' retrieved from /home/julian/.cache/pypoetry/virtualenvs/real-time-data-lake-QWGm5iRW-py3.11/lib/python3.11/site-packages/airflow/example_dags/example_branch_labels.py
[2024-09-27T14:34:55.609+0200] {logging_mixin.py:190} INFO - [2024-09-27T14:34:55.609+0200] {dag.py:3239} INFO - Sync 1 DAGs
[2024-09-27T14:34:55.627+0200] {logging_mixin.py:190} INFO - [2024-09-27T14:34:55.627+0200] {dag.py:4180} INFO - Setting next_dagrun for example_branch_labels to 2024-09-26 00:00:00+00:00, run_after=2024-09-27 00:00:00+00:00
[2024-09-27T14:34:55.640+0200] {processor.py:208} INFO - Processing /home/julian/.cache/pypoetry/virtualenvs/real-time-data-lake-QWGm5iRW-py3.11/lib/python3.11/site-packages/airflow/example_dags/example_branch_labels.py took 0.082 seconds
[2024-09-27T14:35:43.664+0200] {processor.py:186} INFO - Started process (PID=282189) to work on /home/julian/.cache/pypoetry/virtualenvs/real-time-data-lake-QWGm5iRW-py3.11/lib/python3.11/site-packages/airflow/example_dags/example_branch_labels.py
[2024-09-27T14:35:43.670+0200] {processor.py:914} INFO - Processing file /home/julian/.cache/pypoetry/virtualenvs/real-time-data-lake-QWGm5iRW-py3.11/lib/python3.11/site-packages/airflow/example_dags/example_branch_labels.py for tasks to queue
[2024-09-27T14:35:43.672+0200] {logging_mixin.py:190} INFO - [2024-09-27T14:35:43.672+0200] {dagbag.py:588} INFO - Filling up the DagBag from /home/julian/.cache/pypoetry/virtualenvs/real-time-data-lake-QWGm5iRW-py3.11/lib/python3.11/site-packages/airflow/example_dags/example_branch_labels.py
[2024-09-27T14:35:43.685+0200] {processor.py:925} INFO - DAG(s) 'example_branch_labels' retrieved from /home/julian/.cache/pypoetry/virtualenvs/real-time-data-lake-QWGm5iRW-py3.11/lib/python3.11/site-packages/airflow/example_dags/example_branch_labels.py
[2024-09-27T14:35:43.707+0200] {logging_mixin.py:190} INFO - [2024-09-27T14:35:43.707+0200] {dag.py:3239} INFO - Sync 1 DAGs
[2024-09-27T14:35:43.724+0200] {logging_mixin.py:190} INFO - [2024-09-27T14:35:43.724+0200] {dag.py:4180} INFO - Setting next_dagrun for example_branch_labels to 2024-09-26 00:00:00+00:00, run_after=2024-09-27 00:00:00+00:00
[2024-09-27T14:35:43.737+0200] {processor.py:208} INFO - Processing /home/julian/.cache/pypoetry/virtualenvs/real-time-data-lake-QWGm5iRW-py3.11/lib/python3.11/site-packages/airflow/example_dags/example_branch_labels.py took 0.080 seconds
[2024-09-27T14:36:31.926+0200] {processor.py:186} INFO - Started process (PID=282262) to work on /home/julian/.cache/pypoetry/virtualenvs/real-time-data-lake-QWGm5iRW-py3.11/lib/python3.11/site-packages/airflow/example_dags/example_branch_labels.py
[2024-09-27T14:36:31.932+0200] {processor.py:914} INFO - Processing file /home/julian/.cache/pypoetry/virtualenvs/real-time-data-lake-QWGm5iRW-py3.11/lib/python3.11/site-packages/airflow/example_dags/example_branch_labels.py for tasks to queue
[2024-09-27T14:36:31.934+0200] {logging_mixin.py:190} INFO - [2024-09-27T14:36:31.934+0200] {dagbag.py:588} INFO - Filling up the DagBag from /home/julian/.cache/pypoetry/virtualenvs/real-time-data-lake-QWGm5iRW-py3.11/lib/python3.11/site-packages/airflow/example_dags/example_branch_labels.py
[2024-09-27T14:36:31.953+0200] {processor.py:925} INFO - DAG(s) 'example_branch_labels' retrieved from /home/julian/.cache/pypoetry/virtualenvs/real-time-data-lake-QWGm5iRW-py3.11/lib/python3.11/site-packages/airflow/example_dags/example_branch_labels.py
[2024-09-27T14:36:31.975+0200] {logging_mixin.py:190} INFO - [2024-09-27T14:36:31.975+0200] {dag.py:3239} INFO - Sync 1 DAGs
[2024-09-27T14:36:31.989+0200] {logging_mixin.py:190} INFO - [2024-09-27T14:36:31.989+0200] {dag.py:4180} INFO - Setting next_dagrun for example_branch_labels to 2024-09-26 00:00:00+00:00, run_after=2024-09-27 00:00:00+00:00
[2024-09-27T14:36:32.004+0200] {processor.py:208} INFO - Processing /home/julian/.cache/pypoetry/virtualenvs/real-time-data-lake-QWGm5iRW-py3.11/lib/python3.11/site-packages/airflow/example_dags/example_branch_labels.py took 0.086 seconds
[2024-09-27T14:37:22.224+0200] {processor.py:186} INFO - Started process (PID=282370) to work on /home/julian/.cache/pypoetry/virtualenvs/real-time-data-lake-QWGm5iRW-py3.11/lib/python3.11/site-packages/airflow/example_dags/example_branch_labels.py
[2024-09-27T14:37:22.230+0200] {processor.py:914} INFO - Processing file /home/julian/.cache/pypoetry/virtualenvs/real-time-data-lake-QWGm5iRW-py3.11/lib/python3.11/site-packages/airflow/example_dags/example_branch_labels.py for tasks to queue
[2024-09-27T14:37:22.233+0200] {logging_mixin.py:190} INFO - [2024-09-27T14:37:22.233+0200] {dagbag.py:588} INFO - Filling up the DagBag from /home/julian/.cache/pypoetry/virtualenvs/real-time-data-lake-QWGm5iRW-py3.11/lib/python3.11/site-packages/airflow/example_dags/example_branch_labels.py
[2024-09-27T14:37:22.246+0200] {processor.py:925} INFO - DAG(s) 'example_branch_labels' retrieved from /home/julian/.cache/pypoetry/virtualenvs/real-time-data-lake-QWGm5iRW-py3.11/lib/python3.11/site-packages/airflow/example_dags/example_branch_labels.py
[2024-09-27T14:37:22.268+0200] {logging_mixin.py:190} INFO - [2024-09-27T14:37:22.268+0200] {dag.py:3239} INFO - Sync 1 DAGs
[2024-09-27T14:37:22.284+0200] {logging_mixin.py:190} INFO - [2024-09-27T14:37:22.284+0200] {dag.py:4180} INFO - Setting next_dagrun for example_branch_labels to 2024-09-26 00:00:00+00:00, run_after=2024-09-27 00:00:00+00:00
[2024-09-27T14:37:22.297+0200] {processor.py:208} INFO - Processing /home/julian/.cache/pypoetry/virtualenvs/real-time-data-lake-QWGm5iRW-py3.11/lib/python3.11/site-packages/airflow/example_dags/example_branch_labels.py took 0.080 seconds
[2024-09-27T14:38:12.738+0200] {processor.py:186} INFO - Started process (PID=282596) to work on /home/julian/.cache/pypoetry/virtualenvs/real-time-data-lake-QWGm5iRW-py3.11/lib/python3.11/site-packages/airflow/example_dags/example_branch_labels.py
[2024-09-27T14:38:12.744+0200] {processor.py:914} INFO - Processing file /home/julian/.cache/pypoetry/virtualenvs/real-time-data-lake-QWGm5iRW-py3.11/lib/python3.11/site-packages/airflow/example_dags/example_branch_labels.py for tasks to queue
[2024-09-27T14:38:12.747+0200] {logging_mixin.py:190} INFO - [2024-09-27T14:38:12.746+0200] {dagbag.py:588} INFO - Filling up the DagBag from /home/julian/.cache/pypoetry/virtualenvs/real-time-data-lake-QWGm5iRW-py3.11/lib/python3.11/site-packages/airflow/example_dags/example_branch_labels.py
[2024-09-27T14:38:12.759+0200] {processor.py:925} INFO - DAG(s) 'example_branch_labels' retrieved from /home/julian/.cache/pypoetry/virtualenvs/real-time-data-lake-QWGm5iRW-py3.11/lib/python3.11/site-packages/airflow/example_dags/example_branch_labels.py
[2024-09-27T14:38:12.779+0200] {logging_mixin.py:190} INFO - [2024-09-27T14:38:12.779+0200] {dag.py:3239} INFO - Sync 1 DAGs
[2024-09-27T14:38:12.798+0200] {logging_mixin.py:190} INFO - [2024-09-27T14:38:12.798+0200] {dag.py:4180} INFO - Setting next_dagrun for example_branch_labels to 2024-09-26 00:00:00+00:00, run_after=2024-09-27 00:00:00+00:00
[2024-09-27T14:38:12.812+0200] {processor.py:208} INFO - Processing /home/julian/.cache/pypoetry/virtualenvs/real-time-data-lake-QWGm5iRW-py3.11/lib/python3.11/site-packages/airflow/example_dags/example_branch_labels.py took 0.081 seconds
[2024-09-27T14:39:02.314+0200] {processor.py:186} INFO - Started process (PID=282840) to work on /home/julian/.cache/pypoetry/virtualenvs/real-time-data-lake-QWGm5iRW-py3.11/lib/python3.11/site-packages/airflow/example_dags/example_branch_labels.py
[2024-09-27T14:39:02.320+0200] {processor.py:914} INFO - Processing file /home/julian/.cache/pypoetry/virtualenvs/real-time-data-lake-QWGm5iRW-py3.11/lib/python3.11/site-packages/airflow/example_dags/example_branch_labels.py for tasks to queue
[2024-09-27T14:39:02.322+0200] {logging_mixin.py:190} INFO - [2024-09-27T14:39:02.322+0200] {dagbag.py:588} INFO - Filling up the DagBag from /home/julian/.cache/pypoetry/virtualenvs/real-time-data-lake-QWGm5iRW-py3.11/lib/python3.11/site-packages/airflow/example_dags/example_branch_labels.py
[2024-09-27T14:39:02.335+0200] {processor.py:925} INFO - DAG(s) 'example_branch_labels' retrieved from /home/julian/.cache/pypoetry/virtualenvs/real-time-data-lake-QWGm5iRW-py3.11/lib/python3.11/site-packages/airflow/example_dags/example_branch_labels.py
[2024-09-27T14:39:02.357+0200] {logging_mixin.py:190} INFO - [2024-09-27T14:39:02.357+0200] {dag.py:3239} INFO - Sync 1 DAGs
[2024-09-27T14:39:02.377+0200] {logging_mixin.py:190} INFO - [2024-09-27T14:39:02.377+0200] {dag.py:4180} INFO - Setting next_dagrun for example_branch_labels to 2024-09-26 00:00:00+00:00, run_after=2024-09-27 00:00:00+00:00
[2024-09-27T14:39:02.391+0200] {processor.py:208} INFO - Processing /home/julian/.cache/pypoetry/virtualenvs/real-time-data-lake-QWGm5iRW-py3.11/lib/python3.11/site-packages/airflow/example_dags/example_branch_labels.py took 0.084 seconds
