[2024-09-27T14:20:42.586+0200] {processor.py:186} INFO - Started process (PID=280065) to work on /home/julian/.cache/pypoetry/virtualenvs/real-time-data-lake-QWGm5iRW-py3.11/lib/python3.11/site-packages/airflow/example_dags/example_outlet_event_extra.py
[2024-09-27T14:20:42.587+0200] {processor.py:914} INFO - Processing file /home/julian/.cache/pypoetry/virtualenvs/real-time-data-lake-QWGm5iRW-py3.11/lib/python3.11/site-packages/airflow/example_dags/example_outlet_event_extra.py for tasks to queue
[2024-09-27T14:20:42.589+0200] {logging_mixin.py:190} INFO - [2024-09-27T14:20:42.589+0200] {dagbag.py:588} INFO - Filling up the DagBag from /home/julian/.cache/pypoetry/virtualenvs/real-time-data-lake-QWGm5iRW-py3.11/lib/python3.11/site-packages/airflow/example_dags/example_outlet_event_extra.py
[2024-09-27T14:20:42.608+0200] {processor.py:925} INFO - DAG(s) 'dataset_with_extra_by_yield', 'dataset_with_extra_by_context', 'dataset_with_extra_from_classic_operator' retrieved from /home/julian/.cache/pypoetry/virtualenvs/real-time-data-lake-QWGm5iRW-py3.11/lib/python3.11/site-packages/airflow/example_dags/example_outlet_event_extra.py
[2024-09-27T14:20:42.675+0200] {logging_mixin.py:190} INFO - [2024-09-27T14:20:42.675+0200] {override.py:1901} INFO - Created Permission View: can delete on DAG:dataset_with_extra_by_yield
[2024-09-27T14:20:42.683+0200] {logging_mixin.py:190} INFO - [2024-09-27T14:20:42.683+0200] {override.py:1901} INFO - Created Permission View: can read on DAG:dataset_with_extra_by_yield
[2024-09-27T14:20:42.688+0200] {logging_mixin.py:190} INFO - [2024-09-27T14:20:42.688+0200] {override.py:1901} INFO - Created Permission View: can edit on DAG:dataset_with_extra_by_yield
[2024-09-27T14:20:42.697+0200] {logging_mixin.py:190} INFO - [2024-09-27T14:20:42.697+0200] {override.py:1901} INFO - Created Permission View: can create on DAG Run:dataset_with_extra_by_yield
[2024-09-27T14:20:42.702+0200] {logging_mixin.py:190} INFO - [2024-09-27T14:20:42.702+0200] {override.py:1901} INFO - Created Permission View: can delete on DAG Run:dataset_with_extra_by_yield
[2024-09-27T14:20:42.709+0200] {logging_mixin.py:190} INFO - [2024-09-27T14:20:42.709+0200] {override.py:1901} INFO - Created Permission View: can read on DAG Run:dataset_with_extra_by_yield
[2024-09-27T14:20:42.715+0200] {logging_mixin.py:190} INFO - [2024-09-27T14:20:42.715+0200] {override.py:1901} INFO - Created Permission View: menu access on DAG Run:dataset_with_extra_by_yield
[2024-09-27T14:20:42.728+0200] {logging_mixin.py:190} INFO - [2024-09-27T14:20:42.728+0200] {override.py:1901} INFO - Created Permission View: can delete on DAG:dataset_with_extra_by_context
[2024-09-27T14:20:42.735+0200] {logging_mixin.py:190} INFO - [2024-09-27T14:20:42.734+0200] {override.py:1901} INFO - Created Permission View: can read on DAG:dataset_with_extra_by_context
[2024-09-27T14:20:42.740+0200] {logging_mixin.py:190} INFO - [2024-09-27T14:20:42.740+0200] {override.py:1901} INFO - Created Permission View: can edit on DAG:dataset_with_extra_by_context
[2024-09-27T14:20:42.748+0200] {logging_mixin.py:190} INFO - [2024-09-27T14:20:42.748+0200] {override.py:1901} INFO - Created Permission View: can create on DAG Run:dataset_with_extra_by_context
[2024-09-27T14:20:42.753+0200] {logging_mixin.py:190} INFO - [2024-09-27T14:20:42.753+0200] {override.py:1901} INFO - Created Permission View: can delete on DAG Run:dataset_with_extra_by_context
[2024-09-27T14:20:42.758+0200] {logging_mixin.py:190} INFO - [2024-09-27T14:20:42.758+0200] {override.py:1901} INFO - Created Permission View: can read on DAG Run:dataset_with_extra_by_context
[2024-09-27T14:20:42.765+0200] {logging_mixin.py:190} INFO - [2024-09-27T14:20:42.764+0200] {override.py:1901} INFO - Created Permission View: menu access on DAG Run:dataset_with_extra_by_context
[2024-09-27T14:20:42.780+0200] {logging_mixin.py:190} INFO - [2024-09-27T14:20:42.780+0200] {override.py:1901} INFO - Created Permission View: can delete on DAG:dataset_with_extra_from_classic_operator
[2024-09-27T14:20:42.786+0200] {logging_mixin.py:190} INFO - [2024-09-27T14:20:42.786+0200] {override.py:1901} INFO - Created Permission View: can read on DAG:dataset_with_extra_from_classic_operator
[2024-09-27T14:20:42.792+0200] {logging_mixin.py:190} INFO - [2024-09-27T14:20:42.791+0200] {override.py:1901} INFO - Created Permission View: can edit on DAG:dataset_with_extra_from_classic_operator
[2024-09-27T14:20:42.801+0200] {logging_mixin.py:190} INFO - [2024-09-27T14:20:42.801+0200] {override.py:1901} INFO - Created Permission View: can create on DAG Run:dataset_with_extra_from_classic_operator
[2024-09-27T14:20:42.806+0200] {logging_mixin.py:190} INFO - [2024-09-27T14:20:42.806+0200] {override.py:1901} INFO - Created Permission View: can delete on DAG Run:dataset_with_extra_from_classic_operator
[2024-09-27T14:20:42.811+0200] {logging_mixin.py:190} INFO - [2024-09-27T14:20:42.811+0200] {override.py:1901} INFO - Created Permission View: can read on DAG Run:dataset_with_extra_from_classic_operator
[2024-09-27T14:20:42.816+0200] {logging_mixin.py:190} INFO - [2024-09-27T14:20:42.816+0200] {override.py:1901} INFO - Created Permission View: menu access on DAG Run:dataset_with_extra_from_classic_operator
[2024-09-27T14:20:42.816+0200] {logging_mixin.py:190} INFO - [2024-09-27T14:20:42.816+0200] {dag.py:3239} INFO - Sync 3 DAGs
[2024-09-27T14:20:42.824+0200] {logging_mixin.py:190} INFO - [2024-09-27T14:20:42.824+0200] {dag.py:3262} INFO - Creating ORM DAG for dataset_with_extra_by_yield
[2024-09-27T14:20:42.824+0200] {logging_mixin.py:190} INFO - [2024-09-27T14:20:42.824+0200] {dag.py:3262} INFO - Creating ORM DAG for dataset_with_extra_by_context
[2024-09-27T14:20:42.825+0200] {logging_mixin.py:190} INFO - [2024-09-27T14:20:42.825+0200] {dag.py:3262} INFO - Creating ORM DAG for dataset_with_extra_from_classic_operator
[2024-09-27T14:20:42.830+0200] {logging_mixin.py:190} INFO - [2024-09-27T14:20:42.830+0200] {dag.py:4180} INFO - Setting next_dagrun for dataset_with_extra_by_context to 2024-09-26 00:00:00+00:00, run_after=2024-09-27 00:00:00+00:00
[2024-09-27T14:20:42.831+0200] {logging_mixin.py:190} INFO - [2024-09-27T14:20:42.831+0200] {dag.py:4180} INFO - Setting next_dagrun for dataset_with_extra_by_yield to 2024-09-26 00:00:00+00:00, run_after=2024-09-27 00:00:00+00:00
[2024-09-27T14:20:42.832+0200] {logging_mixin.py:190} INFO - [2024-09-27T14:20:42.832+0200] {dag.py:4180} INFO - Setting next_dagrun for dataset_with_extra_from_classic_operator to 2024-09-26 00:00:00+00:00, run_after=2024-09-27 00:00:00+00:00
[2024-09-27T14:20:42.848+0200] {processor.py:208} INFO - Processing /home/julian/.cache/pypoetry/virtualenvs/real-time-data-lake-QWGm5iRW-py3.11/lib/python3.11/site-packages/airflow/example_dags/example_outlet_event_extra.py took 0.270 seconds
[2024-09-27T14:22:21.490+0200] {processor.py:186} INFO - Started process (PID=280253) to work on /home/julian/.cache/pypoetry/virtualenvs/real-time-data-lake-QWGm5iRW-py3.11/lib/python3.11/site-packages/airflow/example_dags/example_outlet_event_extra.py
[2024-09-27T14:22:21.491+0200] {processor.py:914} INFO - Processing file /home/julian/.cache/pypoetry/virtualenvs/real-time-data-lake-QWGm5iRW-py3.11/lib/python3.11/site-packages/airflow/example_dags/example_outlet_event_extra.py for tasks to queue
[2024-09-27T14:22:21.494+0200] {logging_mixin.py:190} INFO - [2024-09-27T14:22:21.493+0200] {dagbag.py:588} INFO - Filling up the DagBag from /home/julian/.cache/pypoetry/virtualenvs/real-time-data-lake-QWGm5iRW-py3.11/lib/python3.11/site-packages/airflow/example_dags/example_outlet_event_extra.py
[2024-09-27T14:22:21.513+0200] {processor.py:925} INFO - DAG(s) 'dataset_with_extra_from_classic_operator', 'dataset_with_extra_by_yield', 'dataset_with_extra_by_context' retrieved from /home/julian/.cache/pypoetry/virtualenvs/real-time-data-lake-QWGm5iRW-py3.11/lib/python3.11/site-packages/airflow/example_dags/example_outlet_event_extra.py
[2024-09-27T14:22:21.535+0200] {logging_mixin.py:190} INFO - [2024-09-27T14:22:21.535+0200] {dag.py:3239} INFO - Sync 3 DAGs
[2024-09-27T14:22:21.548+0200] {logging_mixin.py:190} INFO - [2024-09-27T14:22:21.548+0200] {dag.py:4180} INFO - Setting next_dagrun for dataset_with_extra_by_context to 2024-09-26 00:00:00+00:00, run_after=2024-09-27 00:00:00+00:00
[2024-09-27T14:22:21.551+0200] {logging_mixin.py:190} INFO - [2024-09-27T14:22:21.551+0200] {dag.py:4180} INFO - Setting next_dagrun for dataset_with_extra_by_yield to 2024-09-26 00:00:00+00:00, run_after=2024-09-27 00:00:00+00:00
[2024-09-27T14:22:21.552+0200] {logging_mixin.py:190} INFO - [2024-09-27T14:22:21.552+0200] {dag.py:4180} INFO - Setting next_dagrun for dataset_with_extra_from_classic_operator to 2024-09-26 00:00:00+00:00, run_after=2024-09-27 00:00:00+00:00
[2024-09-27T14:22:21.566+0200] {processor.py:208} INFO - Processing /home/julian/.cache/pypoetry/virtualenvs/real-time-data-lake-QWGm5iRW-py3.11/lib/python3.11/site-packages/airflow/example_dags/example_outlet_event_extra.py took 0.083 seconds
[2024-09-27T14:23:15.805+0200] {processor.py:186} INFO - Started process (PID=280388) to work on /home/julian/.cache/pypoetry/virtualenvs/real-time-data-lake-QWGm5iRW-py3.11/lib/python3.11/site-packages/airflow/example_dags/example_outlet_event_extra.py
[2024-09-27T14:23:15.806+0200] {processor.py:914} INFO - Processing file /home/julian/.cache/pypoetry/virtualenvs/real-time-data-lake-QWGm5iRW-py3.11/lib/python3.11/site-packages/airflow/example_dags/example_outlet_event_extra.py for tasks to queue
[2024-09-27T14:23:15.809+0200] {logging_mixin.py:190} INFO - [2024-09-27T14:23:15.809+0200] {dagbag.py:588} INFO - Filling up the DagBag from /home/julian/.cache/pypoetry/virtualenvs/real-time-data-lake-QWGm5iRW-py3.11/lib/python3.11/site-packages/airflow/example_dags/example_outlet_event_extra.py
[2024-09-27T14:23:15.828+0200] {processor.py:925} INFO - DAG(s) 'dataset_with_extra_from_classic_operator', 'dataset_with_extra_by_yield', 'dataset_with_extra_by_context' retrieved from /home/julian/.cache/pypoetry/virtualenvs/real-time-data-lake-QWGm5iRW-py3.11/lib/python3.11/site-packages/airflow/example_dags/example_outlet_event_extra.py
[2024-09-27T14:23:15.849+0200] {logging_mixin.py:190} INFO - [2024-09-27T14:23:15.848+0200] {dag.py:3239} INFO - Sync 3 DAGs
[2024-09-27T14:23:15.861+0200] {logging_mixin.py:190} INFO - [2024-09-27T14:23:15.861+0200] {dag.py:4180} INFO - Setting next_dagrun for dataset_with_extra_by_context to 2024-09-26 00:00:00+00:00, run_after=2024-09-27 00:00:00+00:00
[2024-09-27T14:23:15.864+0200] {logging_mixin.py:190} INFO - [2024-09-27T14:23:15.864+0200] {dag.py:4180} INFO - Setting next_dagrun for dataset_with_extra_by_yield to 2024-09-26 00:00:00+00:00, run_after=2024-09-27 00:00:00+00:00
[2024-09-27T14:23:15.866+0200] {logging_mixin.py:190} INFO - [2024-09-27T14:23:15.866+0200] {dag.py:4180} INFO - Setting next_dagrun for dataset_with_extra_from_classic_operator to 2024-09-26 00:00:00+00:00, run_after=2024-09-27 00:00:00+00:00
[2024-09-27T14:23:15.882+0200] {processor.py:208} INFO - Processing /home/julian/.cache/pypoetry/virtualenvs/real-time-data-lake-QWGm5iRW-py3.11/lib/python3.11/site-packages/airflow/example_dags/example_outlet_event_extra.py took 0.085 seconds
[2024-09-27T14:24:12.457+0200] {processor.py:186} INFO - Started process (PID=280518) to work on /home/julian/.cache/pypoetry/virtualenvs/real-time-data-lake-QWGm5iRW-py3.11/lib/python3.11/site-packages/airflow/example_dags/example_outlet_event_extra.py
[2024-09-27T14:24:12.458+0200] {processor.py:914} INFO - Processing file /home/julian/.cache/pypoetry/virtualenvs/real-time-data-lake-QWGm5iRW-py3.11/lib/python3.11/site-packages/airflow/example_dags/example_outlet_event_extra.py for tasks to queue
[2024-09-27T14:24:12.461+0200] {logging_mixin.py:190} INFO - [2024-09-27T14:24:12.460+0200] {dagbag.py:588} INFO - Filling up the DagBag from /home/julian/.cache/pypoetry/virtualenvs/real-time-data-lake-QWGm5iRW-py3.11/lib/python3.11/site-packages/airflow/example_dags/example_outlet_event_extra.py
[2024-09-27T14:24:12.480+0200] {processor.py:925} INFO - DAG(s) 'dataset_with_extra_from_classic_operator', 'dataset_with_extra_by_context', 'dataset_with_extra_by_yield' retrieved from /home/julian/.cache/pypoetry/virtualenvs/real-time-data-lake-QWGm5iRW-py3.11/lib/python3.11/site-packages/airflow/example_dags/example_outlet_event_extra.py
[2024-09-27T14:24:12.500+0200] {logging_mixin.py:190} INFO - [2024-09-27T14:24:12.500+0200] {dag.py:3239} INFO - Sync 3 DAGs
[2024-09-27T14:24:12.514+0200] {logging_mixin.py:190} INFO - [2024-09-27T14:24:12.514+0200] {dag.py:4180} INFO - Setting next_dagrun for dataset_with_extra_by_context to 2024-09-26 00:00:00+00:00, run_after=2024-09-27 00:00:00+00:00
[2024-09-27T14:24:12.517+0200] {logging_mixin.py:190} INFO - [2024-09-27T14:24:12.517+0200] {dag.py:4180} INFO - Setting next_dagrun for dataset_with_extra_by_yield to 2024-09-26 00:00:00+00:00, run_after=2024-09-27 00:00:00+00:00
[2024-09-27T14:24:12.518+0200] {logging_mixin.py:190} INFO - [2024-09-27T14:24:12.518+0200] {dag.py:4180} INFO - Setting next_dagrun for dataset_with_extra_from_classic_operator to 2024-09-26 00:00:00+00:00, run_after=2024-09-27 00:00:00+00:00
[2024-09-27T14:24:12.533+0200] {processor.py:208} INFO - Processing /home/julian/.cache/pypoetry/virtualenvs/real-time-data-lake-QWGm5iRW-py3.11/lib/python3.11/site-packages/airflow/example_dags/example_outlet_event_extra.py took 0.083 seconds
[2024-09-27T14:25:03.834+0200] {processor.py:186} INFO - Started process (PID=280739) to work on /home/julian/.cache/pypoetry/virtualenvs/real-time-data-lake-QWGm5iRW-py3.11/lib/python3.11/site-packages/airflow/example_dags/example_outlet_event_extra.py
[2024-09-27T14:25:03.835+0200] {processor.py:914} INFO - Processing file /home/julian/.cache/pypoetry/virtualenvs/real-time-data-lake-QWGm5iRW-py3.11/lib/python3.11/site-packages/airflow/example_dags/example_outlet_event_extra.py for tasks to queue
[2024-09-27T14:25:03.837+0200] {logging_mixin.py:190} INFO - [2024-09-27T14:25:03.837+0200] {dagbag.py:588} INFO - Filling up the DagBag from /home/julian/.cache/pypoetry/virtualenvs/real-time-data-lake-QWGm5iRW-py3.11/lib/python3.11/site-packages/airflow/example_dags/example_outlet_event_extra.py
[2024-09-27T14:25:03.855+0200] {processor.py:925} INFO - DAG(s) 'dataset_with_extra_from_classic_operator', 'dataset_with_extra_by_yield', 'dataset_with_extra_by_context' retrieved from /home/julian/.cache/pypoetry/virtualenvs/real-time-data-lake-QWGm5iRW-py3.11/lib/python3.11/site-packages/airflow/example_dags/example_outlet_event_extra.py
[2024-09-27T14:25:03.878+0200] {logging_mixin.py:190} INFO - [2024-09-27T14:25:03.877+0200] {dag.py:3239} INFO - Sync 3 DAGs
[2024-09-27T14:25:03.891+0200] {logging_mixin.py:190} INFO - [2024-09-27T14:25:03.891+0200] {dag.py:4180} INFO - Setting next_dagrun for dataset_with_extra_by_context to 2024-09-26 00:00:00+00:00, run_after=2024-09-27 00:00:00+00:00
[2024-09-27T14:25:03.894+0200] {logging_mixin.py:190} INFO - [2024-09-27T14:25:03.893+0200] {dag.py:4180} INFO - Setting next_dagrun for dataset_with_extra_by_yield to 2024-09-26 00:00:00+00:00, run_after=2024-09-27 00:00:00+00:00
[2024-09-27T14:25:03.895+0200] {logging_mixin.py:190} INFO - [2024-09-27T14:25:03.895+0200] {dag.py:4180} INFO - Setting next_dagrun for dataset_with_extra_from_classic_operator to 2024-09-26 00:00:00+00:00, run_after=2024-09-27 00:00:00+00:00
[2024-09-27T14:25:03.909+0200] {processor.py:208} INFO - Processing /home/julian/.cache/pypoetry/virtualenvs/real-time-data-lake-QWGm5iRW-py3.11/lib/python3.11/site-packages/airflow/example_dags/example_outlet_event_extra.py took 0.082 seconds
[2024-09-27T14:30:48.341+0200] {processor.py:186} INFO - Started process (PID=281464) to work on /home/julian/.cache/pypoetry/virtualenvs/real-time-data-lake-QWGm5iRW-py3.11/lib/python3.11/site-packages/airflow/example_dags/example_outlet_event_extra.py
[2024-09-27T14:30:48.342+0200] {processor.py:914} INFO - Processing file /home/julian/.cache/pypoetry/virtualenvs/real-time-data-lake-QWGm5iRW-py3.11/lib/python3.11/site-packages/airflow/example_dags/example_outlet_event_extra.py for tasks to queue
[2024-09-27T14:30:48.345+0200] {logging_mixin.py:190} INFO - [2024-09-27T14:30:48.344+0200] {dagbag.py:588} INFO - Filling up the DagBag from /home/julian/.cache/pypoetry/virtualenvs/real-time-data-lake-QWGm5iRW-py3.11/lib/python3.11/site-packages/airflow/example_dags/example_outlet_event_extra.py
[2024-09-27T14:30:48.364+0200] {processor.py:925} INFO - DAG(s) 'dataset_with_extra_by_context', 'dataset_with_extra_from_classic_operator', 'dataset_with_extra_by_yield' retrieved from /home/julian/.cache/pypoetry/virtualenvs/real-time-data-lake-QWGm5iRW-py3.11/lib/python3.11/site-packages/airflow/example_dags/example_outlet_event_extra.py
[2024-09-27T14:30:48.384+0200] {logging_mixin.py:190} INFO - [2024-09-27T14:30:48.384+0200] {dag.py:3239} INFO - Sync 3 DAGs
[2024-09-27T14:30:48.399+0200] {logging_mixin.py:190} INFO - [2024-09-27T14:30:48.398+0200] {dag.py:4180} INFO - Setting next_dagrun for dataset_with_extra_by_context to 2024-09-26 00:00:00+00:00, run_after=2024-09-27 00:00:00+00:00
[2024-09-27T14:30:48.401+0200] {logging_mixin.py:190} INFO - [2024-09-27T14:30:48.401+0200] {dag.py:4180} INFO - Setting next_dagrun for dataset_with_extra_by_yield to 2024-09-26 00:00:00+00:00, run_after=2024-09-27 00:00:00+00:00
[2024-09-27T14:30:48.403+0200] {logging_mixin.py:190} INFO - [2024-09-27T14:30:48.403+0200] {dag.py:4180} INFO - Setting next_dagrun for dataset_with_extra_from_classic_operator to 2024-09-26 00:00:00+00:00, run_after=2024-09-27 00:00:00+00:00
[2024-09-27T14:30:48.417+0200] {processor.py:208} INFO - Processing /home/julian/.cache/pypoetry/virtualenvs/real-time-data-lake-QWGm5iRW-py3.11/lib/python3.11/site-packages/airflow/example_dags/example_outlet_event_extra.py took 0.082 seconds
[2024-09-27T14:31:42.619+0200] {processor.py:186} INFO - Started process (PID=281564) to work on /home/julian/.cache/pypoetry/virtualenvs/real-time-data-lake-QWGm5iRW-py3.11/lib/python3.11/site-packages/airflow/example_dags/example_outlet_event_extra.py
[2024-09-27T14:31:42.620+0200] {processor.py:914} INFO - Processing file /home/julian/.cache/pypoetry/virtualenvs/real-time-data-lake-QWGm5iRW-py3.11/lib/python3.11/site-packages/airflow/example_dags/example_outlet_event_extra.py for tasks to queue
[2024-09-27T14:31:42.623+0200] {logging_mixin.py:190} INFO - [2024-09-27T14:31:42.623+0200] {dagbag.py:588} INFO - Filling up the DagBag from /home/julian/.cache/pypoetry/virtualenvs/real-time-data-lake-QWGm5iRW-py3.11/lib/python3.11/site-packages/airflow/example_dags/example_outlet_event_extra.py
[2024-09-27T14:31:42.642+0200] {processor.py:925} INFO - DAG(s) 'dataset_with_extra_by_yield', 'dataset_with_extra_from_classic_operator', 'dataset_with_extra_by_context' retrieved from /home/julian/.cache/pypoetry/virtualenvs/real-time-data-lake-QWGm5iRW-py3.11/lib/python3.11/site-packages/airflow/example_dags/example_outlet_event_extra.py
[2024-09-27T14:31:42.664+0200] {logging_mixin.py:190} INFO - [2024-09-27T14:31:42.664+0200] {dag.py:3239} INFO - Sync 3 DAGs
[2024-09-27T14:31:42.676+0200] {logging_mixin.py:190} INFO - [2024-09-27T14:31:42.676+0200] {dag.py:4180} INFO - Setting next_dagrun for dataset_with_extra_by_context to 2024-09-26 00:00:00+00:00, run_after=2024-09-27 00:00:00+00:00
[2024-09-27T14:31:42.679+0200] {logging_mixin.py:190} INFO - [2024-09-27T14:31:42.679+0200] {dag.py:4180} INFO - Setting next_dagrun for dataset_with_extra_by_yield to 2024-09-26 00:00:00+00:00, run_after=2024-09-27 00:00:00+00:00
[2024-09-27T14:31:42.680+0200] {logging_mixin.py:190} INFO - [2024-09-27T14:31:42.680+0200] {dag.py:4180} INFO - Setting next_dagrun for dataset_with_extra_from_classic_operator to 2024-09-26 00:00:00+00:00, run_after=2024-09-27 00:00:00+00:00
[2024-09-27T14:31:42.695+0200] {processor.py:208} INFO - Processing /home/julian/.cache/pypoetry/virtualenvs/real-time-data-lake-QWGm5iRW-py3.11/lib/python3.11/site-packages/airflow/example_dags/example_outlet_event_extra.py took 0.083 seconds
[2024-09-27T14:32:38.057+0200] {processor.py:186} INFO - Started process (PID=281706) to work on /home/julian/.cache/pypoetry/virtualenvs/real-time-data-lake-QWGm5iRW-py3.11/lib/python3.11/site-packages/airflow/example_dags/example_outlet_event_extra.py
[2024-09-27T14:32:38.058+0200] {processor.py:914} INFO - Processing file /home/julian/.cache/pypoetry/virtualenvs/real-time-data-lake-QWGm5iRW-py3.11/lib/python3.11/site-packages/airflow/example_dags/example_outlet_event_extra.py for tasks to queue
[2024-09-27T14:32:38.061+0200] {logging_mixin.py:190} INFO - [2024-09-27T14:32:38.060+0200] {dagbag.py:588} INFO - Filling up the DagBag from /home/julian/.cache/pypoetry/virtualenvs/real-time-data-lake-QWGm5iRW-py3.11/lib/python3.11/site-packages/airflow/example_dags/example_outlet_event_extra.py
[2024-09-27T14:32:38.080+0200] {processor.py:925} INFO - DAG(s) 'dataset_with_extra_by_yield', 'dataset_with_extra_from_classic_operator', 'dataset_with_extra_by_context' retrieved from /home/julian/.cache/pypoetry/virtualenvs/real-time-data-lake-QWGm5iRW-py3.11/lib/python3.11/site-packages/airflow/example_dags/example_outlet_event_extra.py
[2024-09-27T14:32:38.101+0200] {logging_mixin.py:190} INFO - [2024-09-27T14:32:38.100+0200] {dag.py:3239} INFO - Sync 3 DAGs
[2024-09-27T14:32:38.114+0200] {logging_mixin.py:190} INFO - [2024-09-27T14:32:38.113+0200] {dag.py:4180} INFO - Setting next_dagrun for dataset_with_extra_by_context to 2024-09-26 00:00:00+00:00, run_after=2024-09-27 00:00:00+00:00
[2024-09-27T14:32:38.116+0200] {logging_mixin.py:190} INFO - [2024-09-27T14:32:38.116+0200] {dag.py:4180} INFO - Setting next_dagrun for dataset_with_extra_by_yield to 2024-09-26 00:00:00+00:00, run_after=2024-09-27 00:00:00+00:00
[2024-09-27T14:32:38.118+0200] {logging_mixin.py:190} INFO - [2024-09-27T14:32:38.118+0200] {dag.py:4180} INFO - Setting next_dagrun for dataset_with_extra_from_classic_operator to 2024-09-26 00:00:00+00:00, run_after=2024-09-27 00:00:00+00:00
[2024-09-27T14:32:38.133+0200] {processor.py:208} INFO - Processing /home/julian/.cache/pypoetry/virtualenvs/real-time-data-lake-QWGm5iRW-py3.11/lib/python3.11/site-packages/airflow/example_dags/example_outlet_event_extra.py took 0.084 seconds
[2024-09-27T14:33:50.744+0200] {processor.py:186} INFO - Started process (PID=281881) to work on /home/julian/.cache/pypoetry/virtualenvs/real-time-data-lake-QWGm5iRW-py3.11/lib/python3.11/site-packages/airflow/example_dags/example_outlet_event_extra.py
[2024-09-27T14:33:50.750+0200] {processor.py:914} INFO - Processing file /home/julian/.cache/pypoetry/virtualenvs/real-time-data-lake-QWGm5iRW-py3.11/lib/python3.11/site-packages/airflow/example_dags/example_outlet_event_extra.py for tasks to queue
[2024-09-27T14:33:50.752+0200] {logging_mixin.py:190} INFO - [2024-09-27T14:33:50.752+0200] {dagbag.py:588} INFO - Filling up the DagBag from /home/julian/.cache/pypoetry/virtualenvs/real-time-data-lake-QWGm5iRW-py3.11/lib/python3.11/site-packages/airflow/example_dags/example_outlet_event_extra.py
[2024-09-27T14:33:50.771+0200] {processor.py:925} INFO - DAG(s) 'dataset_with_extra_from_classic_operator', 'dataset_with_extra_by_context', 'dataset_with_extra_by_yield' retrieved from /home/julian/.cache/pypoetry/virtualenvs/real-time-data-lake-QWGm5iRW-py3.11/lib/python3.11/site-packages/airflow/example_dags/example_outlet_event_extra.py
[2024-09-27T14:33:50.796+0200] {logging_mixin.py:190} INFO - [2024-09-27T14:33:50.796+0200] {dag.py:3239} INFO - Sync 3 DAGs
[2024-09-27T14:33:50.809+0200] {logging_mixin.py:190} INFO - [2024-09-27T14:33:50.808+0200] {dag.py:4180} INFO - Setting next_dagrun for dataset_with_extra_by_context to 2024-09-26 00:00:00+00:00, run_after=2024-09-27 00:00:00+00:00
[2024-09-27T14:33:50.811+0200] {logging_mixin.py:190} INFO - [2024-09-27T14:33:50.811+0200] {dag.py:4180} INFO - Setting next_dagrun for dataset_with_extra_by_yield to 2024-09-26 00:00:00+00:00, run_after=2024-09-27 00:00:00+00:00
[2024-09-27T14:33:50.813+0200] {logging_mixin.py:190} INFO - [2024-09-27T14:33:50.813+0200] {dag.py:4180} INFO - Setting next_dagrun for dataset_with_extra_from_classic_operator to 2024-09-26 00:00:00+00:00, run_after=2024-09-27 00:00:00+00:00
[2024-09-27T14:33:50.827+0200] {processor.py:208} INFO - Processing /home/julian/.cache/pypoetry/virtualenvs/real-time-data-lake-QWGm5iRW-py3.11/lib/python3.11/site-packages/airflow/example_dags/example_outlet_event_extra.py took 0.091 seconds
[2024-09-27T14:35:03.421+0200] {processor.py:186} INFO - Started process (PID=282123) to work on /home/julian/.cache/pypoetry/virtualenvs/real-time-data-lake-QWGm5iRW-py3.11/lib/python3.11/site-packages/airflow/example_dags/example_outlet_event_extra.py
[2024-09-27T14:35:03.427+0200] {processor.py:914} INFO - Processing file /home/julian/.cache/pypoetry/virtualenvs/real-time-data-lake-QWGm5iRW-py3.11/lib/python3.11/site-packages/airflow/example_dags/example_outlet_event_extra.py for tasks to queue
[2024-09-27T14:35:03.429+0200] {logging_mixin.py:190} INFO - [2024-09-27T14:35:03.429+0200] {dagbag.py:588} INFO - Filling up the DagBag from /home/julian/.cache/pypoetry/virtualenvs/real-time-data-lake-QWGm5iRW-py3.11/lib/python3.11/site-packages/airflow/example_dags/example_outlet_event_extra.py
[2024-09-27T14:35:03.448+0200] {processor.py:925} INFO - DAG(s) 'dataset_with_extra_by_context', 'dataset_with_extra_by_yield', 'dataset_with_extra_from_classic_operator' retrieved from /home/julian/.cache/pypoetry/virtualenvs/real-time-data-lake-QWGm5iRW-py3.11/lib/python3.11/site-packages/airflow/example_dags/example_outlet_event_extra.py
[2024-09-27T14:35:03.473+0200] {logging_mixin.py:190} INFO - [2024-09-27T14:35:03.472+0200] {dag.py:3239} INFO - Sync 3 DAGs
[2024-09-27T14:35:03.485+0200] {logging_mixin.py:190} INFO - [2024-09-27T14:35:03.485+0200] {dag.py:4180} INFO - Setting next_dagrun for dataset_with_extra_by_context to 2024-09-26 00:00:00+00:00, run_after=2024-09-27 00:00:00+00:00
[2024-09-27T14:35:03.488+0200] {logging_mixin.py:190} INFO - [2024-09-27T14:35:03.488+0200] {dag.py:4180} INFO - Setting next_dagrun for dataset_with_extra_by_yield to 2024-09-26 00:00:00+00:00, run_after=2024-09-27 00:00:00+00:00
[2024-09-27T14:35:03.490+0200] {logging_mixin.py:190} INFO - [2024-09-27T14:35:03.489+0200] {dag.py:4180} INFO - Setting next_dagrun for dataset_with_extra_from_classic_operator to 2024-09-26 00:00:00+00:00, run_after=2024-09-27 00:00:00+00:00
[2024-09-27T14:35:03.504+0200] {processor.py:208} INFO - Processing /home/julian/.cache/pypoetry/virtualenvs/real-time-data-lake-QWGm5iRW-py3.11/lib/python3.11/site-packages/airflow/example_dags/example_outlet_event_extra.py took 0.090 seconds
[2024-09-27T14:36:12.819+0200] {processor.py:186} INFO - Started process (PID=282234) to work on /home/julian/.cache/pypoetry/virtualenvs/real-time-data-lake-QWGm5iRW-py3.11/lib/python3.11/site-packages/airflow/example_dags/example_outlet_event_extra.py
[2024-09-27T14:36:12.820+0200] {processor.py:914} INFO - Processing file /home/julian/.cache/pypoetry/virtualenvs/real-time-data-lake-QWGm5iRW-py3.11/lib/python3.11/site-packages/airflow/example_dags/example_outlet_event_extra.py for tasks to queue
[2024-09-27T14:36:12.822+0200] {logging_mixin.py:190} INFO - [2024-09-27T14:36:12.822+0200] {dagbag.py:588} INFO - Filling up the DagBag from /home/julian/.cache/pypoetry/virtualenvs/real-time-data-lake-QWGm5iRW-py3.11/lib/python3.11/site-packages/airflow/example_dags/example_outlet_event_extra.py
[2024-09-27T14:36:12.841+0200] {processor.py:925} INFO - DAG(s) 'dataset_with_extra_by_context', 'dataset_with_extra_by_yield', 'dataset_with_extra_from_classic_operator' retrieved from /home/julian/.cache/pypoetry/virtualenvs/real-time-data-lake-QWGm5iRW-py3.11/lib/python3.11/site-packages/airflow/example_dags/example_outlet_event_extra.py
[2024-09-27T14:36:12.862+0200] {logging_mixin.py:190} INFO - [2024-09-27T14:36:12.862+0200] {dag.py:3239} INFO - Sync 3 DAGs
[2024-09-27T14:36:12.875+0200] {logging_mixin.py:190} INFO - [2024-09-27T14:36:12.875+0200] {dag.py:4180} INFO - Setting next_dagrun for dataset_with_extra_by_context to 2024-09-26 00:00:00+00:00, run_after=2024-09-27 00:00:00+00:00
[2024-09-27T14:36:12.878+0200] {logging_mixin.py:190} INFO - [2024-09-27T14:36:12.878+0200] {dag.py:4180} INFO - Setting next_dagrun for dataset_with_extra_by_yield to 2024-09-26 00:00:00+00:00, run_after=2024-09-27 00:00:00+00:00
[2024-09-27T14:36:12.880+0200] {logging_mixin.py:190} INFO - [2024-09-27T14:36:12.880+0200] {dag.py:4180} INFO - Setting next_dagrun for dataset_with_extra_from_classic_operator to 2024-09-26 00:00:00+00:00, run_after=2024-09-27 00:00:00+00:00
[2024-09-27T14:36:12.895+0200] {processor.py:208} INFO - Processing /home/julian/.cache/pypoetry/virtualenvs/real-time-data-lake-QWGm5iRW-py3.11/lib/python3.11/site-packages/airflow/example_dags/example_outlet_event_extra.py took 0.084 seconds
[2024-09-27T14:37:03.895+0200] {processor.py:186} INFO - Started process (PID=282314) to work on /home/julian/.cache/pypoetry/virtualenvs/real-time-data-lake-QWGm5iRW-py3.11/lib/python3.11/site-packages/airflow/example_dags/example_outlet_event_extra.py
[2024-09-27T14:37:03.901+0200] {processor.py:914} INFO - Processing file /home/julian/.cache/pypoetry/virtualenvs/real-time-data-lake-QWGm5iRW-py3.11/lib/python3.11/site-packages/airflow/example_dags/example_outlet_event_extra.py for tasks to queue
[2024-09-27T14:37:03.903+0200] {logging_mixin.py:190} INFO - [2024-09-27T14:37:03.903+0200] {dagbag.py:588} INFO - Filling up the DagBag from /home/julian/.cache/pypoetry/virtualenvs/real-time-data-lake-QWGm5iRW-py3.11/lib/python3.11/site-packages/airflow/example_dags/example_outlet_event_extra.py
[2024-09-27T14:37:03.920+0200] {processor.py:925} INFO - DAG(s) 'dataset_with_extra_by_yield', 'dataset_with_extra_by_context', 'dataset_with_extra_from_classic_operator' retrieved from /home/julian/.cache/pypoetry/virtualenvs/real-time-data-lake-QWGm5iRW-py3.11/lib/python3.11/site-packages/airflow/example_dags/example_outlet_event_extra.py
[2024-09-27T14:37:03.946+0200] {logging_mixin.py:190} INFO - [2024-09-27T14:37:03.946+0200] {dag.py:3239} INFO - Sync 3 DAGs
[2024-09-27T14:37:03.964+0200] {logging_mixin.py:190} INFO - [2024-09-27T14:37:03.964+0200] {dag.py:4180} INFO - Setting next_dagrun for dataset_with_extra_by_context to 2024-09-26 00:00:00+00:00, run_after=2024-09-27 00:00:00+00:00
[2024-09-27T14:37:03.967+0200] {logging_mixin.py:190} INFO - [2024-09-27T14:37:03.966+0200] {dag.py:4180} INFO - Setting next_dagrun for dataset_with_extra_by_yield to 2024-09-26 00:00:00+00:00, run_after=2024-09-27 00:00:00+00:00
[2024-09-27T14:37:03.968+0200] {logging_mixin.py:190} INFO - [2024-09-27T14:37:03.968+0200] {dag.py:4180} INFO - Setting next_dagrun for dataset_with_extra_from_classic_operator to 2024-09-26 00:00:00+00:00, run_after=2024-09-27 00:00:00+00:00
[2024-09-27T14:37:03.984+0200] {processor.py:208} INFO - Processing /home/julian/.cache/pypoetry/virtualenvs/real-time-data-lake-QWGm5iRW-py3.11/lib/python3.11/site-packages/airflow/example_dags/example_outlet_event_extra.py took 0.096 seconds
[2024-09-27T14:38:17.285+0200] {processor.py:186} INFO - Started process (PID=282703) to work on /home/julian/.cache/pypoetry/virtualenvs/real-time-data-lake-QWGm5iRW-py3.11/lib/python3.11/site-packages/airflow/example_dags/example_outlet_event_extra.py
[2024-09-27T14:38:17.290+0200] {processor.py:914} INFO - Processing file /home/julian/.cache/pypoetry/virtualenvs/real-time-data-lake-QWGm5iRW-py3.11/lib/python3.11/site-packages/airflow/example_dags/example_outlet_event_extra.py for tasks to queue
[2024-09-27T14:38:17.292+0200] {logging_mixin.py:190} INFO - [2024-09-27T14:38:17.292+0200] {dagbag.py:588} INFO - Filling up the DagBag from /home/julian/.cache/pypoetry/virtualenvs/real-time-data-lake-QWGm5iRW-py3.11/lib/python3.11/site-packages/airflow/example_dags/example_outlet_event_extra.py
[2024-09-27T14:38:17.301+0200] {processor.py:925} INFO - DAG(s) 'dataset_with_extra_by_context', 'dataset_with_extra_from_classic_operator', 'dataset_with_extra_by_yield' retrieved from /home/julian/.cache/pypoetry/virtualenvs/real-time-data-lake-QWGm5iRW-py3.11/lib/python3.11/site-packages/airflow/example_dags/example_outlet_event_extra.py
[2024-09-27T14:38:17.315+0200] {logging_mixin.py:190} INFO - [2024-09-27T14:38:17.314+0200] {dag.py:3239} INFO - Sync 3 DAGs
[2024-09-27T14:38:17.329+0200] {logging_mixin.py:190} INFO - [2024-09-27T14:38:17.328+0200] {dag.py:4180} INFO - Setting next_dagrun for dataset_with_extra_by_context to 2024-09-26 00:00:00+00:00, run_after=2024-09-27 00:00:00+00:00
[2024-09-27T14:38:17.332+0200] {logging_mixin.py:190} INFO - [2024-09-27T14:38:17.332+0200] {dag.py:4180} INFO - Setting next_dagrun for dataset_with_extra_by_yield to 2024-09-26 00:00:00+00:00, run_after=2024-09-27 00:00:00+00:00
[2024-09-27T14:38:17.333+0200] {logging_mixin.py:190} INFO - [2024-09-27T14:38:17.333+0200] {dag.py:4180} INFO - Setting next_dagrun for dataset_with_extra_from_classic_operator to 2024-09-26 00:00:00+00:00, run_after=2024-09-27 00:00:00+00:00
[2024-09-27T14:38:17.349+0200] {processor.py:208} INFO - Processing /home/julian/.cache/pypoetry/virtualenvs/real-time-data-lake-QWGm5iRW-py3.11/lib/python3.11/site-packages/airflow/example_dags/example_outlet_event_extra.py took 0.068 seconds
[2024-09-27T14:39:08.086+0200] {processor.py:186} INFO - Started process (PID=282853) to work on /home/julian/.cache/pypoetry/virtualenvs/real-time-data-lake-QWGm5iRW-py3.11/lib/python3.11/site-packages/airflow/example_dags/example_outlet_event_extra.py
[2024-09-27T14:39:08.092+0200] {processor.py:914} INFO - Processing file /home/julian/.cache/pypoetry/virtualenvs/real-time-data-lake-QWGm5iRW-py3.11/lib/python3.11/site-packages/airflow/example_dags/example_outlet_event_extra.py for tasks to queue
[2024-09-27T14:39:08.094+0200] {logging_mixin.py:190} INFO - [2024-09-27T14:39:08.094+0200] {dagbag.py:588} INFO - Filling up the DagBag from /home/julian/.cache/pypoetry/virtualenvs/real-time-data-lake-QWGm5iRW-py3.11/lib/python3.11/site-packages/airflow/example_dags/example_outlet_event_extra.py
[2024-09-27T14:39:08.113+0200] {processor.py:925} INFO - DAG(s) 'dataset_with_extra_from_classic_operator', 'dataset_with_extra_by_context', 'dataset_with_extra_by_yield' retrieved from /home/julian/.cache/pypoetry/virtualenvs/real-time-data-lake-QWGm5iRW-py3.11/lib/python3.11/site-packages/airflow/example_dags/example_outlet_event_extra.py
[2024-09-27T14:39:08.137+0200] {logging_mixin.py:190} INFO - [2024-09-27T14:39:08.137+0200] {dag.py:3239} INFO - Sync 3 DAGs
[2024-09-27T14:39:08.151+0200] {logging_mixin.py:190} INFO - [2024-09-27T14:39:08.150+0200] {dag.py:4180} INFO - Setting next_dagrun for dataset_with_extra_by_context to 2024-09-26 00:00:00+00:00, run_after=2024-09-27 00:00:00+00:00
[2024-09-27T14:39:08.153+0200] {logging_mixin.py:190} INFO - [2024-09-27T14:39:08.153+0200] {dag.py:4180} INFO - Setting next_dagrun for dataset_with_extra_by_yield to 2024-09-26 00:00:00+00:00, run_after=2024-09-27 00:00:00+00:00
[2024-09-27T14:39:08.155+0200] {logging_mixin.py:190} INFO - [2024-09-27T14:39:08.155+0200] {dag.py:4180} INFO - Setting next_dagrun for dataset_with_extra_from_classic_operator to 2024-09-26 00:00:00+00:00, run_after=2024-09-27 00:00:00+00:00
[2024-09-27T14:39:08.168+0200] {processor.py:208} INFO - Processing /home/julian/.cache/pypoetry/virtualenvs/real-time-data-lake-QWGm5iRW-py3.11/lib/python3.11/site-packages/airflow/example_dags/example_outlet_event_extra.py took 0.090 seconds
