[2024-09-27T14:20:13.781+0200] {processor.py:186} INFO - Started process (PID=280016) to work on /home/julian/.cache/pypoetry/virtualenvs/real-time-data-lake-QWGm5iRW-py3.11/lib/python3.11/site-packages/airflow/example_dags/tutorial_taskflow_api.py
[2024-09-27T14:20:13.782+0200] {processor.py:914} INFO - Processing file /home/julian/.cache/pypoetry/virtualenvs/real-time-data-lake-QWGm5iRW-py3.11/lib/python3.11/site-packages/airflow/example_dags/tutorial_taskflow_api.py for tasks to queue
[2024-09-27T14:20:13.785+0200] {logging_mixin.py:190} INFO - [2024-09-27T14:20:13.784+0200] {dagbag.py:588} INFO - Filling up the DagBag from /home/julian/.cache/pypoetry/virtualenvs/real-time-data-lake-QWGm5iRW-py3.11/lib/python3.11/site-packages/airflow/example_dags/tutorial_taskflow_api.py
[2024-09-27T14:20:13.796+0200] {processor.py:925} INFO - DAG(s) 'tutorial_taskflow_api' retrieved from /home/julian/.cache/pypoetry/virtualenvs/real-time-data-lake-QWGm5iRW-py3.11/lib/python3.11/site-packages/airflow/example_dags/tutorial_taskflow_api.py
[2024-09-27T14:20:13.872+0200] {logging_mixin.py:190} INFO - [2024-09-27T14:20:13.872+0200] {override.py:1901} INFO - Created Permission View: can delete on DAG:tutorial_taskflow_api
[2024-09-27T14:20:13.879+0200] {logging_mixin.py:190} INFO - [2024-09-27T14:20:13.879+0200] {override.py:1901} INFO - Created Permission View: can read on DAG:tutorial_taskflow_api
[2024-09-27T14:20:13.885+0200] {logging_mixin.py:190} INFO - [2024-09-27T14:20:13.885+0200] {override.py:1901} INFO - Created Permission View: can edit on DAG:tutorial_taskflow_api
[2024-09-27T14:20:13.896+0200] {logging_mixin.py:190} INFO - [2024-09-27T14:20:13.895+0200] {override.py:1901} INFO - Created Permission View: can create on DAG Run:tutorial_taskflow_api
[2024-09-27T14:20:13.902+0200] {logging_mixin.py:190} INFO - [2024-09-27T14:20:13.901+0200] {override.py:1901} INFO - Created Permission View: can delete on DAG Run:tutorial_taskflow_api
[2024-09-27T14:20:13.907+0200] {logging_mixin.py:190} INFO - [2024-09-27T14:20:13.907+0200] {override.py:1901} INFO - Created Permission View: can read on DAG Run:tutorial_taskflow_api
[2024-09-27T14:20:13.912+0200] {logging_mixin.py:190} INFO - [2024-09-27T14:20:13.912+0200] {override.py:1901} INFO - Created Permission View: menu access on DAG Run:tutorial_taskflow_api
[2024-09-27T14:20:13.912+0200] {logging_mixin.py:190} INFO - [2024-09-27T14:20:13.912+0200] {dag.py:3239} INFO - Sync 1 DAGs
[2024-09-27T14:20:13.919+0200] {logging_mixin.py:190} INFO - [2024-09-27T14:20:13.919+0200] {dag.py:3262} INFO - Creating ORM DAG for tutorial_taskflow_api
[2024-09-27T14:20:13.920+0200] {logging_mixin.py:190} INFO - [2024-09-27T14:20:13.920+0200] {dag.py:4180} INFO - Setting next_dagrun for tutorial_taskflow_api to None, run_after=None
[2024-09-27T14:20:13.932+0200] {processor.py:208} INFO - Processing /home/julian/.cache/pypoetry/virtualenvs/real-time-data-lake-QWGm5iRW-py3.11/lib/python3.11/site-packages/airflow/example_dags/tutorial_taskflow_api.py took 0.158 seconds
[2024-09-27T14:21:14.362+0200] {processor.py:186} INFO - Started process (PID=280115) to work on /home/julian/.cache/pypoetry/virtualenvs/real-time-data-lake-QWGm5iRW-py3.11/lib/python3.11/site-packages/airflow/example_dags/tutorial_taskflow_api.py
[2024-09-27T14:21:14.368+0200] {processor.py:914} INFO - Processing file /home/julian/.cache/pypoetry/virtualenvs/real-time-data-lake-QWGm5iRW-py3.11/lib/python3.11/site-packages/airflow/example_dags/tutorial_taskflow_api.py for tasks to queue
[2024-09-27T14:21:14.371+0200] {logging_mixin.py:190} INFO - [2024-09-27T14:21:14.371+0200] {dagbag.py:588} INFO - Filling up the DagBag from /home/julian/.cache/pypoetry/virtualenvs/real-time-data-lake-QWGm5iRW-py3.11/lib/python3.11/site-packages/airflow/example_dags/tutorial_taskflow_api.py
[2024-09-27T14:21:14.381+0200] {processor.py:925} INFO - DAG(s) 'tutorial_taskflow_api' retrieved from /home/julian/.cache/pypoetry/virtualenvs/real-time-data-lake-QWGm5iRW-py3.11/lib/python3.11/site-packages/airflow/example_dags/tutorial_taskflow_api.py
[2024-09-27T14:21:14.402+0200] {logging_mixin.py:190} INFO - [2024-09-27T14:21:14.402+0200] {dag.py:3239} INFO - Sync 1 DAGs
[2024-09-27T14:21:14.417+0200] {logging_mixin.py:190} INFO - [2024-09-27T14:21:14.417+0200] {dag.py:4180} INFO - Setting next_dagrun for tutorial_taskflow_api to None, run_after=None
[2024-09-27T14:21:14.430+0200] {processor.py:208} INFO - Processing /home/julian/.cache/pypoetry/virtualenvs/real-time-data-lake-QWGm5iRW-py3.11/lib/python3.11/site-packages/airflow/example_dags/tutorial_taskflow_api.py took 0.076 seconds
[2024-09-27T14:21:56.942+0200] {processor.py:186} INFO - Started process (PID=280218) to work on /home/julian/.cache/pypoetry/virtualenvs/real-time-data-lake-QWGm5iRW-py3.11/lib/python3.11/site-packages/airflow/example_dags/tutorial_taskflow_api.py
[2024-09-27T14:21:56.944+0200] {processor.py:914} INFO - Processing file /home/julian/.cache/pypoetry/virtualenvs/real-time-data-lake-QWGm5iRW-py3.11/lib/python3.11/site-packages/airflow/example_dags/tutorial_taskflow_api.py for tasks to queue
[2024-09-27T14:21:56.945+0200] {logging_mixin.py:190} INFO - [2024-09-27T14:21:56.945+0200] {dagbag.py:588} INFO - Filling up the DagBag from /home/julian/.cache/pypoetry/virtualenvs/real-time-data-lake-QWGm5iRW-py3.11/lib/python3.11/site-packages/airflow/example_dags/tutorial_taskflow_api.py
[2024-09-27T14:21:56.953+0200] {processor.py:925} INFO - DAG(s) 'tutorial_taskflow_api' retrieved from /home/julian/.cache/pypoetry/virtualenvs/real-time-data-lake-QWGm5iRW-py3.11/lib/python3.11/site-packages/airflow/example_dags/tutorial_taskflow_api.py
[2024-09-27T14:21:56.965+0200] {logging_mixin.py:190} INFO - [2024-09-27T14:21:56.965+0200] {dag.py:3239} INFO - Sync 1 DAGs
[2024-09-27T14:21:56.974+0200] {logging_mixin.py:190} INFO - [2024-09-27T14:21:56.973+0200] {dag.py:4180} INFO - Setting next_dagrun for tutorial_taskflow_api to None, run_after=None
[2024-09-27T14:21:56.990+0200] {processor.py:208} INFO - Processing /home/julian/.cache/pypoetry/virtualenvs/real-time-data-lake-QWGm5iRW-py3.11/lib/python3.11/site-packages/airflow/example_dags/tutorial_taskflow_api.py took 0.052 seconds
[2024-09-27T14:22:51.185+0200] {processor.py:186} INFO - Started process (PID=280315) to work on /home/julian/.cache/pypoetry/virtualenvs/real-time-data-lake-QWGm5iRW-py3.11/lib/python3.11/site-packages/airflow/example_dags/tutorial_taskflow_api.py
[2024-09-27T14:22:51.191+0200] {processor.py:914} INFO - Processing file /home/julian/.cache/pypoetry/virtualenvs/real-time-data-lake-QWGm5iRW-py3.11/lib/python3.11/site-packages/airflow/example_dags/tutorial_taskflow_api.py for tasks to queue
[2024-09-27T14:22:51.193+0200] {logging_mixin.py:190} INFO - [2024-09-27T14:22:51.193+0200] {dagbag.py:588} INFO - Filling up the DagBag from /home/julian/.cache/pypoetry/virtualenvs/real-time-data-lake-QWGm5iRW-py3.11/lib/python3.11/site-packages/airflow/example_dags/tutorial_taskflow_api.py
[2024-09-27T14:22:51.198+0200] {processor.py:925} INFO - DAG(s) 'tutorial_taskflow_api' retrieved from /home/julian/.cache/pypoetry/virtualenvs/real-time-data-lake-QWGm5iRW-py3.11/lib/python3.11/site-packages/airflow/example_dags/tutorial_taskflow_api.py
[2024-09-27T14:22:51.208+0200] {logging_mixin.py:190} INFO - [2024-09-27T14:22:51.208+0200] {dag.py:3239} INFO - Sync 1 DAGs
[2024-09-27T14:22:51.216+0200] {logging_mixin.py:190} INFO - [2024-09-27T14:22:51.215+0200] {dag.py:4180} INFO - Setting next_dagrun for tutorial_taskflow_api to None, run_after=None
[2024-09-27T14:22:51.230+0200] {processor.py:208} INFO - Processing /home/julian/.cache/pypoetry/virtualenvs/real-time-data-lake-QWGm5iRW-py3.11/lib/python3.11/site-packages/airflow/example_dags/tutorial_taskflow_api.py took 0.048 seconds
[2024-09-27T14:23:42.921+0200] {processor.py:186} INFO - Started process (PID=280472) to work on /home/julian/.cache/pypoetry/virtualenvs/real-time-data-lake-QWGm5iRW-py3.11/lib/python3.11/site-packages/airflow/example_dags/tutorial_taskflow_api.py
[2024-09-27T14:23:42.922+0200] {processor.py:914} INFO - Processing file /home/julian/.cache/pypoetry/virtualenvs/real-time-data-lake-QWGm5iRW-py3.11/lib/python3.11/site-packages/airflow/example_dags/tutorial_taskflow_api.py for tasks to queue
[2024-09-27T14:23:42.924+0200] {logging_mixin.py:190} INFO - [2024-09-27T14:23:42.924+0200] {dagbag.py:588} INFO - Filling up the DagBag from /home/julian/.cache/pypoetry/virtualenvs/real-time-data-lake-QWGm5iRW-py3.11/lib/python3.11/site-packages/airflow/example_dags/tutorial_taskflow_api.py
[2024-09-27T14:23:42.934+0200] {processor.py:925} INFO - DAG(s) 'tutorial_taskflow_api' retrieved from /home/julian/.cache/pypoetry/virtualenvs/real-time-data-lake-QWGm5iRW-py3.11/lib/python3.11/site-packages/airflow/example_dags/tutorial_taskflow_api.py
[2024-09-27T14:23:42.953+0200] {logging_mixin.py:190} INFO - [2024-09-27T14:23:42.953+0200] {dag.py:3239} INFO - Sync 1 DAGs
[2024-09-27T14:23:42.970+0200] {logging_mixin.py:190} INFO - [2024-09-27T14:23:42.970+0200] {dag.py:4180} INFO - Setting next_dagrun for tutorial_taskflow_api to None, run_after=None
[2024-09-27T14:23:42.984+0200] {processor.py:208} INFO - Processing /home/julian/.cache/pypoetry/virtualenvs/real-time-data-lake-QWGm5iRW-py3.11/lib/python3.11/site-packages/airflow/example_dags/tutorial_taskflow_api.py took 0.070 seconds
[2024-09-27T14:24:34.080+0200] {processor.py:186} INFO - Started process (PID=280670) to work on /home/julian/.cache/pypoetry/virtualenvs/real-time-data-lake-QWGm5iRW-py3.11/lib/python3.11/site-packages/airflow/example_dags/tutorial_taskflow_api.py
[2024-09-27T14:24:34.086+0200] {processor.py:914} INFO - Processing file /home/julian/.cache/pypoetry/virtualenvs/real-time-data-lake-QWGm5iRW-py3.11/lib/python3.11/site-packages/airflow/example_dags/tutorial_taskflow_api.py for tasks to queue
[2024-09-27T14:24:34.089+0200] {logging_mixin.py:190} INFO - [2024-09-27T14:24:34.088+0200] {dagbag.py:588} INFO - Filling up the DagBag from /home/julian/.cache/pypoetry/virtualenvs/real-time-data-lake-QWGm5iRW-py3.11/lib/python3.11/site-packages/airflow/example_dags/tutorial_taskflow_api.py
[2024-09-27T14:24:34.099+0200] {processor.py:925} INFO - DAG(s) 'tutorial_taskflow_api' retrieved from /home/julian/.cache/pypoetry/virtualenvs/real-time-data-lake-QWGm5iRW-py3.11/lib/python3.11/site-packages/airflow/example_dags/tutorial_taskflow_api.py
[2024-09-27T14:24:34.119+0200] {logging_mixin.py:190} INFO - [2024-09-27T14:24:34.119+0200] {dag.py:3239} INFO - Sync 1 DAGs
[2024-09-27T14:24:34.134+0200] {logging_mixin.py:190} INFO - [2024-09-27T14:24:34.134+0200] {dag.py:4180} INFO - Setting next_dagrun for tutorial_taskflow_api to None, run_after=None
[2024-09-27T14:24:34.147+0200] {processor.py:208} INFO - Processing /home/julian/.cache/pypoetry/virtualenvs/real-time-data-lake-QWGm5iRW-py3.11/lib/python3.11/site-packages/airflow/example_dags/tutorial_taskflow_api.py took 0.075 seconds
[2024-09-27T14:25:25.055+0200] {processor.py:186} INFO - Started process (PID=280773) to work on /home/julian/.cache/pypoetry/virtualenvs/real-time-data-lake-QWGm5iRW-py3.11/lib/python3.11/site-packages/airflow/example_dags/tutorial_taskflow_api.py
[2024-09-27T14:25:25.061+0200] {processor.py:914} INFO - Processing file /home/julian/.cache/pypoetry/virtualenvs/real-time-data-lake-QWGm5iRW-py3.11/lib/python3.11/site-packages/airflow/example_dags/tutorial_taskflow_api.py for tasks to queue
[2024-09-27T14:25:25.064+0200] {logging_mixin.py:190} INFO - [2024-09-27T14:25:25.064+0200] {dagbag.py:588} INFO - Filling up the DagBag from /home/julian/.cache/pypoetry/virtualenvs/real-time-data-lake-QWGm5iRW-py3.11/lib/python3.11/site-packages/airflow/example_dags/tutorial_taskflow_api.py
[2024-09-27T14:25:25.073+0200] {processor.py:925} INFO - DAG(s) 'tutorial_taskflow_api' retrieved from /home/julian/.cache/pypoetry/virtualenvs/real-time-data-lake-QWGm5iRW-py3.11/lib/python3.11/site-packages/airflow/example_dags/tutorial_taskflow_api.py
[2024-09-27T14:25:25.092+0200] {logging_mixin.py:190} INFO - [2024-09-27T14:25:25.092+0200] {dag.py:3239} INFO - Sync 1 DAGs
[2024-09-27T14:25:25.109+0200] {logging_mixin.py:190} INFO - [2024-09-27T14:25:25.109+0200] {dag.py:4180} INFO - Setting next_dagrun for tutorial_taskflow_api to None, run_after=None
[2024-09-27T14:25:25.123+0200] {processor.py:208} INFO - Processing /home/julian/.cache/pypoetry/virtualenvs/real-time-data-lake-QWGm5iRW-py3.11/lib/python3.11/site-packages/airflow/example_dags/tutorial_taskflow_api.py took 0.075 seconds
[2024-09-27T14:30:23.929+0200] {processor.py:186} INFO - Started process (PID=281407) to work on /home/julian/.cache/pypoetry/virtualenvs/real-time-data-lake-QWGm5iRW-py3.11/lib/python3.11/site-packages/airflow/example_dags/tutorial_taskflow_api.py
[2024-09-27T14:30:23.934+0200] {processor.py:914} INFO - Processing file /home/julian/.cache/pypoetry/virtualenvs/real-time-data-lake-QWGm5iRW-py3.11/lib/python3.11/site-packages/airflow/example_dags/tutorial_taskflow_api.py for tasks to queue
[2024-09-27T14:30:23.936+0200] {logging_mixin.py:190} INFO - [2024-09-27T14:30:23.936+0200] {dagbag.py:588} INFO - Filling up the DagBag from /home/julian/.cache/pypoetry/virtualenvs/real-time-data-lake-QWGm5iRW-py3.11/lib/python3.11/site-packages/airflow/example_dags/tutorial_taskflow_api.py
[2024-09-27T14:30:23.942+0200] {processor.py:925} INFO - DAG(s) 'tutorial_taskflow_api' retrieved from /home/julian/.cache/pypoetry/virtualenvs/real-time-data-lake-QWGm5iRW-py3.11/lib/python3.11/site-packages/airflow/example_dags/tutorial_taskflow_api.py
[2024-09-27T14:30:23.953+0200] {logging_mixin.py:190} INFO - [2024-09-27T14:30:23.953+0200] {dag.py:3239} INFO - Sync 1 DAGs
[2024-09-27T14:30:23.961+0200] {logging_mixin.py:190} INFO - [2024-09-27T14:30:23.961+0200] {dag.py:4180} INFO - Setting next_dagrun for tutorial_taskflow_api to None, run_after=None
[2024-09-27T14:30:23.974+0200] {processor.py:208} INFO - Processing /home/julian/.cache/pypoetry/virtualenvs/real-time-data-lake-QWGm5iRW-py3.11/lib/python3.11/site-packages/airflow/example_dags/tutorial_taskflow_api.py took 0.049 seconds
[2024-09-27T14:31:18.021+0200] {processor.py:186} INFO - Started process (PID=281525) to work on /home/julian/.cache/pypoetry/virtualenvs/real-time-data-lake-QWGm5iRW-py3.11/lib/python3.11/site-packages/airflow/example_dags/tutorial_taskflow_api.py
[2024-09-27T14:31:18.027+0200] {processor.py:914} INFO - Processing file /home/julian/.cache/pypoetry/virtualenvs/real-time-data-lake-QWGm5iRW-py3.11/lib/python3.11/site-packages/airflow/example_dags/tutorial_taskflow_api.py for tasks to queue
[2024-09-27T14:31:18.029+0200] {logging_mixin.py:190} INFO - [2024-09-27T14:31:18.029+0200] {dagbag.py:588} INFO - Filling up the DagBag from /home/julian/.cache/pypoetry/virtualenvs/real-time-data-lake-QWGm5iRW-py3.11/lib/python3.11/site-packages/airflow/example_dags/tutorial_taskflow_api.py
[2024-09-27T14:31:18.033+0200] {processor.py:925} INFO - DAG(s) 'tutorial_taskflow_api' retrieved from /home/julian/.cache/pypoetry/virtualenvs/real-time-data-lake-QWGm5iRW-py3.11/lib/python3.11/site-packages/airflow/example_dags/tutorial_taskflow_api.py
[2024-09-27T14:31:18.044+0200] {logging_mixin.py:190} INFO - [2024-09-27T14:31:18.044+0200] {dag.py:3239} INFO - Sync 1 DAGs
[2024-09-27T14:31:18.052+0200] {logging_mixin.py:190} INFO - [2024-09-27T14:31:18.052+0200] {dag.py:4180} INFO - Setting next_dagrun for tutorial_taskflow_api to None, run_after=None
[2024-09-27T14:31:18.066+0200] {processor.py:208} INFO - Processing /home/julian/.cache/pypoetry/virtualenvs/real-time-data-lake-QWGm5iRW-py3.11/lib/python3.11/site-packages/airflow/example_dags/tutorial_taskflow_api.py took 0.048 seconds
[2024-09-27T14:32:07.713+0200] {processor.py:186} INFO - Started process (PID=281603) to work on /home/julian/.cache/pypoetry/virtualenvs/real-time-data-lake-QWGm5iRW-py3.11/lib/python3.11/site-packages/airflow/example_dags/tutorial_taskflow_api.py
[2024-09-27T14:32:07.719+0200] {processor.py:914} INFO - Processing file /home/julian/.cache/pypoetry/virtualenvs/real-time-data-lake-QWGm5iRW-py3.11/lib/python3.11/site-packages/airflow/example_dags/tutorial_taskflow_api.py for tasks to queue
[2024-09-27T14:32:07.722+0200] {logging_mixin.py:190} INFO - [2024-09-27T14:32:07.721+0200] {dagbag.py:588} INFO - Filling up the DagBag from /home/julian/.cache/pypoetry/virtualenvs/real-time-data-lake-QWGm5iRW-py3.11/lib/python3.11/site-packages/airflow/example_dags/tutorial_taskflow_api.py
[2024-09-27T14:32:07.732+0200] {processor.py:925} INFO - DAG(s) 'tutorial_taskflow_api' retrieved from /home/julian/.cache/pypoetry/virtualenvs/real-time-data-lake-QWGm5iRW-py3.11/lib/python3.11/site-packages/airflow/example_dags/tutorial_taskflow_api.py
[2024-09-27T14:32:07.752+0200] {logging_mixin.py:190} INFO - [2024-09-27T14:32:07.752+0200] {dag.py:3239} INFO - Sync 1 DAGs
[2024-09-27T14:32:07.766+0200] {logging_mixin.py:190} INFO - [2024-09-27T14:32:07.766+0200] {dag.py:4180} INFO - Setting next_dagrun for tutorial_taskflow_api to None, run_after=None
[2024-09-27T14:32:07.779+0200] {processor.py:208} INFO - Processing /home/julian/.cache/pypoetry/virtualenvs/real-time-data-lake-QWGm5iRW-py3.11/lib/python3.11/site-packages/airflow/example_dags/tutorial_taskflow_api.py took 0.073 seconds
[2024-09-27T14:32:55.973+0200] {processor.py:186} INFO - Started process (PID=281754) to work on /home/julian/.cache/pypoetry/virtualenvs/real-time-data-lake-QWGm5iRW-py3.11/lib/python3.11/site-packages/airflow/example_dags/tutorial_taskflow_api.py
[2024-09-27T14:32:55.974+0200] {processor.py:914} INFO - Processing file /home/julian/.cache/pypoetry/virtualenvs/real-time-data-lake-QWGm5iRW-py3.11/lib/python3.11/site-packages/airflow/example_dags/tutorial_taskflow_api.py for tasks to queue
[2024-09-27T14:32:55.976+0200] {logging_mixin.py:190} INFO - [2024-09-27T14:32:55.976+0200] {dagbag.py:588} INFO - Filling up the DagBag from /home/julian/.cache/pypoetry/virtualenvs/real-time-data-lake-QWGm5iRW-py3.11/lib/python3.11/site-packages/airflow/example_dags/tutorial_taskflow_api.py
[2024-09-27T14:32:55.985+0200] {processor.py:925} INFO - DAG(s) 'tutorial_taskflow_api' retrieved from /home/julian/.cache/pypoetry/virtualenvs/real-time-data-lake-QWGm5iRW-py3.11/lib/python3.11/site-packages/airflow/example_dags/tutorial_taskflow_api.py
[2024-09-27T14:32:56.005+0200] {logging_mixin.py:190} INFO - [2024-09-27T14:32:56.005+0200] {dag.py:3239} INFO - Sync 1 DAGs
[2024-09-27T14:32:56.020+0200] {logging_mixin.py:190} INFO - [2024-09-27T14:32:56.020+0200] {dag.py:4180} INFO - Setting next_dagrun for tutorial_taskflow_api to None, run_after=None
[2024-09-27T14:32:56.034+0200] {processor.py:208} INFO - Processing /home/julian/.cache/pypoetry/virtualenvs/real-time-data-lake-QWGm5iRW-py3.11/lib/python3.11/site-packages/airflow/example_dags/tutorial_taskflow_api.py took 0.068 seconds
[2024-09-27T14:33:45.594+0200] {processor.py:186} INFO - Started process (PID=281847) to work on /home/julian/.cache/pypoetry/virtualenvs/real-time-data-lake-QWGm5iRW-py3.11/lib/python3.11/site-packages/airflow/example_dags/tutorial_taskflow_api.py
[2024-09-27T14:33:45.600+0200] {processor.py:914} INFO - Processing file /home/julian/.cache/pypoetry/virtualenvs/real-time-data-lake-QWGm5iRW-py3.11/lib/python3.11/site-packages/airflow/example_dags/tutorial_taskflow_api.py for tasks to queue
[2024-09-27T14:33:45.604+0200] {logging_mixin.py:190} INFO - [2024-09-27T14:33:45.603+0200] {dagbag.py:588} INFO - Filling up the DagBag from /home/julian/.cache/pypoetry/virtualenvs/real-time-data-lake-QWGm5iRW-py3.11/lib/python3.11/site-packages/airflow/example_dags/tutorial_taskflow_api.py
[2024-09-27T14:33:45.614+0200] {processor.py:925} INFO - DAG(s) 'tutorial_taskflow_api' retrieved from /home/julian/.cache/pypoetry/virtualenvs/real-time-data-lake-QWGm5iRW-py3.11/lib/python3.11/site-packages/airflow/example_dags/tutorial_taskflow_api.py
[2024-09-27T14:33:45.632+0200] {logging_mixin.py:190} INFO - [2024-09-27T14:33:45.632+0200] {dag.py:3239} INFO - Sync 1 DAGs
[2024-09-27T14:33:45.647+0200] {logging_mixin.py:190} INFO - [2024-09-27T14:33:45.647+0200] {dag.py:4180} INFO - Setting next_dagrun for tutorial_taskflow_api to None, run_after=None
[2024-09-27T14:33:45.664+0200] {processor.py:208} INFO - Processing /home/julian/.cache/pypoetry/virtualenvs/real-time-data-lake-QWGm5iRW-py3.11/lib/python3.11/site-packages/airflow/example_dags/tutorial_taskflow_api.py took 0.076 seconds
[2024-09-27T14:34:35.267+0200] {processor.py:186} INFO - Started process (PID=282049) to work on /home/julian/.cache/pypoetry/virtualenvs/real-time-data-lake-QWGm5iRW-py3.11/lib/python3.11/site-packages/airflow/example_dags/tutorial_taskflow_api.py
[2024-09-27T14:34:35.273+0200] {processor.py:914} INFO - Processing file /home/julian/.cache/pypoetry/virtualenvs/real-time-data-lake-QWGm5iRW-py3.11/lib/python3.11/site-packages/airflow/example_dags/tutorial_taskflow_api.py for tasks to queue
[2024-09-27T14:34:35.275+0200] {logging_mixin.py:190} INFO - [2024-09-27T14:34:35.275+0200] {dagbag.py:588} INFO - Filling up the DagBag from /home/julian/.cache/pypoetry/virtualenvs/real-time-data-lake-QWGm5iRW-py3.11/lib/python3.11/site-packages/airflow/example_dags/tutorial_taskflow_api.py
[2024-09-27T14:34:35.285+0200] {processor.py:925} INFO - DAG(s) 'tutorial_taskflow_api' retrieved from /home/julian/.cache/pypoetry/virtualenvs/real-time-data-lake-QWGm5iRW-py3.11/lib/python3.11/site-packages/airflow/example_dags/tutorial_taskflow_api.py
[2024-09-27T14:34:35.305+0200] {logging_mixin.py:190} INFO - [2024-09-27T14:34:35.304+0200] {dag.py:3239} INFO - Sync 1 DAGs
[2024-09-27T14:34:35.320+0200] {logging_mixin.py:190} INFO - [2024-09-27T14:34:35.320+0200] {dag.py:4180} INFO - Setting next_dagrun for tutorial_taskflow_api to None, run_after=None
[2024-09-27T14:34:35.333+0200] {processor.py:208} INFO - Processing /home/julian/.cache/pypoetry/virtualenvs/real-time-data-lake-QWGm5iRW-py3.11/lib/python3.11/site-packages/airflow/example_dags/tutorial_taskflow_api.py took 0.074 seconds
[2024-09-27T14:35:23.049+0200] {processor.py:186} INFO - Started process (PID=282151) to work on /home/julian/.cache/pypoetry/virtualenvs/real-time-data-lake-QWGm5iRW-py3.11/lib/python3.11/site-packages/airflow/example_dags/tutorial_taskflow_api.py
[2024-09-27T14:35:23.050+0200] {processor.py:914} INFO - Processing file /home/julian/.cache/pypoetry/virtualenvs/real-time-data-lake-QWGm5iRW-py3.11/lib/python3.11/site-packages/airflow/example_dags/tutorial_taskflow_api.py for tasks to queue
[2024-09-27T14:35:23.053+0200] {logging_mixin.py:190} INFO - [2024-09-27T14:35:23.053+0200] {dagbag.py:588} INFO - Filling up the DagBag from /home/julian/.cache/pypoetry/virtualenvs/real-time-data-lake-QWGm5iRW-py3.11/lib/python3.11/site-packages/airflow/example_dags/tutorial_taskflow_api.py
[2024-09-27T14:35:23.063+0200] {processor.py:925} INFO - DAG(s) 'tutorial_taskflow_api' retrieved from /home/julian/.cache/pypoetry/virtualenvs/real-time-data-lake-QWGm5iRW-py3.11/lib/python3.11/site-packages/airflow/example_dags/tutorial_taskflow_api.py
[2024-09-27T14:35:23.084+0200] {logging_mixin.py:190} INFO - [2024-09-27T14:35:23.083+0200] {dag.py:3239} INFO - Sync 1 DAGs
[2024-09-27T14:35:23.093+0200] {logging_mixin.py:190} INFO - [2024-09-27T14:35:23.092+0200] {dag.py:4180} INFO - Setting next_dagrun for tutorial_taskflow_api to None, run_after=None
[2024-09-27T14:35:23.106+0200] {processor.py:208} INFO - Processing /home/julian/.cache/pypoetry/virtualenvs/real-time-data-lake-QWGm5iRW-py3.11/lib/python3.11/site-packages/airflow/example_dags/tutorial_taskflow_api.py took 0.064 seconds
[2024-09-27T14:36:09.755+0200] {processor.py:186} INFO - Started process (PID=282229) to work on /home/julian/.cache/pypoetry/virtualenvs/real-time-data-lake-QWGm5iRW-py3.11/lib/python3.11/site-packages/airflow/example_dags/tutorial_taskflow_api.py
[2024-09-27T14:36:09.761+0200] {processor.py:914} INFO - Processing file /home/julian/.cache/pypoetry/virtualenvs/real-time-data-lake-QWGm5iRW-py3.11/lib/python3.11/site-packages/airflow/example_dags/tutorial_taskflow_api.py for tasks to queue
[2024-09-27T14:36:09.764+0200] {logging_mixin.py:190} INFO - [2024-09-27T14:36:09.763+0200] {dagbag.py:588} INFO - Filling up the DagBag from /home/julian/.cache/pypoetry/virtualenvs/real-time-data-lake-QWGm5iRW-py3.11/lib/python3.11/site-packages/airflow/example_dags/tutorial_taskflow_api.py
[2024-09-27T14:36:09.774+0200] {processor.py:925} INFO - DAG(s) 'tutorial_taskflow_api' retrieved from /home/julian/.cache/pypoetry/virtualenvs/real-time-data-lake-QWGm5iRW-py3.11/lib/python3.11/site-packages/airflow/example_dags/tutorial_taskflow_api.py
[2024-09-27T14:36:09.794+0200] {logging_mixin.py:190} INFO - [2024-09-27T14:36:09.794+0200] {dag.py:3239} INFO - Sync 1 DAGs
[2024-09-27T14:36:09.809+0200] {logging_mixin.py:190} INFO - [2024-09-27T14:36:09.809+0200] {dag.py:4180} INFO - Setting next_dagrun for tutorial_taskflow_api to None, run_after=None
[2024-09-27T14:36:09.822+0200] {processor.py:208} INFO - Processing /home/julian/.cache/pypoetry/virtualenvs/real-time-data-lake-QWGm5iRW-py3.11/lib/python3.11/site-packages/airflow/example_dags/tutorial_taskflow_api.py took 0.074 seconds
[2024-09-27T14:36:56.437+0200] {processor.py:186} INFO - Started process (PID=282301) to work on /home/julian/.cache/pypoetry/virtualenvs/real-time-data-lake-QWGm5iRW-py3.11/lib/python3.11/site-packages/airflow/example_dags/tutorial_taskflow_api.py
[2024-09-27T14:36:56.443+0200] {processor.py:914} INFO - Processing file /home/julian/.cache/pypoetry/virtualenvs/real-time-data-lake-QWGm5iRW-py3.11/lib/python3.11/site-packages/airflow/example_dags/tutorial_taskflow_api.py for tasks to queue
[2024-09-27T14:36:56.445+0200] {logging_mixin.py:190} INFO - [2024-09-27T14:36:56.445+0200] {dagbag.py:588} INFO - Filling up the DagBag from /home/julian/.cache/pypoetry/virtualenvs/real-time-data-lake-QWGm5iRW-py3.11/lib/python3.11/site-packages/airflow/example_dags/tutorial_taskflow_api.py
[2024-09-27T14:36:56.455+0200] {processor.py:925} INFO - DAG(s) 'tutorial_taskflow_api' retrieved from /home/julian/.cache/pypoetry/virtualenvs/real-time-data-lake-QWGm5iRW-py3.11/lib/python3.11/site-packages/airflow/example_dags/tutorial_taskflow_api.py
[2024-09-27T14:36:56.474+0200] {logging_mixin.py:190} INFO - [2024-09-27T14:36:56.474+0200] {dag.py:3239} INFO - Sync 1 DAGs
[2024-09-27T14:36:56.492+0200] {logging_mixin.py:190} INFO - [2024-09-27T14:36:56.491+0200] {dag.py:4180} INFO - Setting next_dagrun for tutorial_taskflow_api to None, run_after=None
[2024-09-27T14:36:56.505+0200] {processor.py:208} INFO - Processing /home/julian/.cache/pypoetry/virtualenvs/real-time-data-lake-QWGm5iRW-py3.11/lib/python3.11/site-packages/airflow/example_dags/tutorial_taskflow_api.py took 0.075 seconds
[2024-09-27T14:37:49.124+0200] {processor.py:186} INFO - Started process (PID=282522) to work on /home/julian/.cache/pypoetry/virtualenvs/real-time-data-lake-QWGm5iRW-py3.11/lib/python3.11/site-packages/airflow/example_dags/tutorial_taskflow_api.py
[2024-09-27T14:37:49.130+0200] {processor.py:914} INFO - Processing file /home/julian/.cache/pypoetry/virtualenvs/real-time-data-lake-QWGm5iRW-py3.11/lib/python3.11/site-packages/airflow/example_dags/tutorial_taskflow_api.py for tasks to queue
[2024-09-27T14:37:49.132+0200] {logging_mixin.py:190} INFO - [2024-09-27T14:37:49.131+0200] {dagbag.py:588} INFO - Filling up the DagBag from /home/julian/.cache/pypoetry/virtualenvs/real-time-data-lake-QWGm5iRW-py3.11/lib/python3.11/site-packages/airflow/example_dags/tutorial_taskflow_api.py
[2024-09-27T14:37:49.137+0200] {processor.py:925} INFO - DAG(s) 'tutorial_taskflow_api' retrieved from /home/julian/.cache/pypoetry/virtualenvs/real-time-data-lake-QWGm5iRW-py3.11/lib/python3.11/site-packages/airflow/example_dags/tutorial_taskflow_api.py
[2024-09-27T14:37:49.146+0200] {logging_mixin.py:190} INFO - [2024-09-27T14:37:49.146+0200] {dag.py:3239} INFO - Sync 1 DAGs
[2024-09-27T14:37:49.153+0200] {logging_mixin.py:190} INFO - [2024-09-27T14:37:49.153+0200] {dag.py:4180} INFO - Setting next_dagrun for tutorial_taskflow_api to None, run_after=None
[2024-09-27T14:37:49.167+0200] {processor.py:208} INFO - Processing /home/julian/.cache/pypoetry/virtualenvs/real-time-data-lake-QWGm5iRW-py3.11/lib/python3.11/site-packages/airflow/example_dags/tutorial_taskflow_api.py took 0.047 seconds
[2024-09-27T14:38:40.573+0200] {processor.py:186} INFO - Started process (PID=282772) to work on /home/julian/.cache/pypoetry/virtualenvs/real-time-data-lake-QWGm5iRW-py3.11/lib/python3.11/site-packages/airflow/example_dags/tutorial_taskflow_api.py
[2024-09-27T14:38:40.579+0200] {processor.py:914} INFO - Processing file /home/julian/.cache/pypoetry/virtualenvs/real-time-data-lake-QWGm5iRW-py3.11/lib/python3.11/site-packages/airflow/example_dags/tutorial_taskflow_api.py for tasks to queue
[2024-09-27T14:38:40.582+0200] {logging_mixin.py:190} INFO - [2024-09-27T14:38:40.581+0200] {dagbag.py:588} INFO - Filling up the DagBag from /home/julian/.cache/pypoetry/virtualenvs/real-time-data-lake-QWGm5iRW-py3.11/lib/python3.11/site-packages/airflow/example_dags/tutorial_taskflow_api.py
[2024-09-27T14:38:40.592+0200] {processor.py:925} INFO - DAG(s) 'tutorial_taskflow_api' retrieved from /home/julian/.cache/pypoetry/virtualenvs/real-time-data-lake-QWGm5iRW-py3.11/lib/python3.11/site-packages/airflow/example_dags/tutorial_taskflow_api.py
[2024-09-27T14:38:40.613+0200] {logging_mixin.py:190} INFO - [2024-09-27T14:38:40.612+0200] {dag.py:3239} INFO - Sync 1 DAGs
[2024-09-27T14:38:40.626+0200] {logging_mixin.py:190} INFO - [2024-09-27T14:38:40.626+0200] {dag.py:4180} INFO - Setting next_dagrun for tutorial_taskflow_api to None, run_after=None
[2024-09-27T14:38:40.640+0200] {processor.py:208} INFO - Processing /home/julian/.cache/pypoetry/virtualenvs/real-time-data-lake-QWGm5iRW-py3.11/lib/python3.11/site-packages/airflow/example_dags/tutorial_taskflow_api.py took 0.074 seconds
