[2024-09-27T14:20:04.542+0200] {processor.py:186} INFO - Started process (PID=279990) to work on /home/julian/.cache/pypoetry/virtualenvs/real-time-data-lake-QWGm5iRW-py3.11/lib/python3.11/site-packages/airflow/example_dags/tutorial_objectstorage.py
[2024-09-27T14:20:04.543+0200] {processor.py:914} INFO - Processing file /home/julian/.cache/pypoetry/virtualenvs/real-time-data-lake-QWGm5iRW-py3.11/lib/python3.11/site-packages/airflow/example_dags/tutorial_objectstorage.py for tasks to queue
[2024-09-27T14:20:04.545+0200] {logging_mixin.py:190} INFO - [2024-09-27T14:20:04.545+0200] {dagbag.py:588} INFO - Filling up the DagBag from /home/julian/.cache/pypoetry/virtualenvs/real-time-data-lake-QWGm5iRW-py3.11/lib/python3.11/site-packages/airflow/example_dags/tutorial_objectstorage.py
[2024-09-27T14:20:04.558+0200] {processor.py:925} INFO - DAG(s) 'tutorial_objectstorage' retrieved from /home/julian/.cache/pypoetry/virtualenvs/real-time-data-lake-QWGm5iRW-py3.11/lib/python3.11/site-packages/airflow/example_dags/tutorial_objectstorage.py
[2024-09-27T14:20:04.634+0200] {logging_mixin.py:190} INFO - [2024-09-27T14:20:04.633+0200] {override.py:1901} INFO - Created Permission View: can delete on DAG:tutorial_objectstorage
[2024-09-27T14:20:04.642+0200] {logging_mixin.py:190} INFO - [2024-09-27T14:20:04.642+0200] {override.py:1901} INFO - Created Permission View: can read on DAG:tutorial_objectstorage
[2024-09-27T14:20:04.647+0200] {logging_mixin.py:190} INFO - [2024-09-27T14:20:04.647+0200] {override.py:1901} INFO - Created Permission View: can edit on DAG:tutorial_objectstorage
[2024-09-27T14:20:04.658+0200] {logging_mixin.py:190} INFO - [2024-09-27T14:20:04.658+0200] {override.py:1901} INFO - Created Permission View: can create on DAG Run:tutorial_objectstorage
[2024-09-27T14:20:04.664+0200] {logging_mixin.py:190} INFO - [2024-09-27T14:20:04.664+0200] {override.py:1901} INFO - Created Permission View: can delete on DAG Run:tutorial_objectstorage
[2024-09-27T14:20:04.670+0200] {logging_mixin.py:190} INFO - [2024-09-27T14:20:04.670+0200] {override.py:1901} INFO - Created Permission View: can read on DAG Run:tutorial_objectstorage
[2024-09-27T14:20:04.675+0200] {logging_mixin.py:190} INFO - [2024-09-27T14:20:04.675+0200] {override.py:1901} INFO - Created Permission View: menu access on DAG Run:tutorial_objectstorage
[2024-09-27T14:20:04.675+0200] {logging_mixin.py:190} INFO - [2024-09-27T14:20:04.675+0200] {dag.py:3239} INFO - Sync 1 DAGs
[2024-09-27T14:20:04.682+0200] {logging_mixin.py:190} INFO - [2024-09-27T14:20:04.682+0200] {dag.py:3262} INFO - Creating ORM DAG for tutorial_objectstorage
[2024-09-27T14:20:04.682+0200] {logging_mixin.py:190} INFO - [2024-09-27T14:20:04.682+0200] {dag.py:4180} INFO - Setting next_dagrun for tutorial_objectstorage to None, run_after=None
[2024-09-27T14:20:04.694+0200] {processor.py:208} INFO - Processing /home/julian/.cache/pypoetry/virtualenvs/real-time-data-lake-QWGm5iRW-py3.11/lib/python3.11/site-packages/airflow/example_dags/tutorial_objectstorage.py took 0.160 seconds
[2024-09-27T14:21:05.044+0200] {processor.py:186} INFO - Started process (PID=280102) to work on /home/julian/.cache/pypoetry/virtualenvs/real-time-data-lake-QWGm5iRW-py3.11/lib/python3.11/site-packages/airflow/example_dags/tutorial_objectstorage.py
[2024-09-27T14:21:05.050+0200] {processor.py:914} INFO - Processing file /home/julian/.cache/pypoetry/virtualenvs/real-time-data-lake-QWGm5iRW-py3.11/lib/python3.11/site-packages/airflow/example_dags/tutorial_objectstorage.py for tasks to queue
[2024-09-27T14:21:05.052+0200] {logging_mixin.py:190} INFO - [2024-09-27T14:21:05.052+0200] {dagbag.py:588} INFO - Filling up the DagBag from /home/julian/.cache/pypoetry/virtualenvs/real-time-data-lake-QWGm5iRW-py3.11/lib/python3.11/site-packages/airflow/example_dags/tutorial_objectstorage.py
[2024-09-27T14:21:05.064+0200] {processor.py:925} INFO - DAG(s) 'tutorial_objectstorage' retrieved from /home/julian/.cache/pypoetry/virtualenvs/real-time-data-lake-QWGm5iRW-py3.11/lib/python3.11/site-packages/airflow/example_dags/tutorial_objectstorage.py
[2024-09-27T14:21:05.084+0200] {logging_mixin.py:190} INFO - [2024-09-27T14:21:05.084+0200] {dag.py:3239} INFO - Sync 1 DAGs
[2024-09-27T14:21:05.098+0200] {logging_mixin.py:190} INFO - [2024-09-27T14:21:05.098+0200] {dag.py:4180} INFO - Setting next_dagrun for tutorial_objectstorage to None, run_after=None
[2024-09-27T14:21:05.110+0200] {processor.py:208} INFO - Processing /home/julian/.cache/pypoetry/virtualenvs/real-time-data-lake-QWGm5iRW-py3.11/lib/python3.11/site-packages/airflow/example_dags/tutorial_objectstorage.py took 0.074 seconds
[2024-09-27T14:21:48.100+0200] {processor.py:186} INFO - Started process (PID=280174) to work on /home/julian/.cache/pypoetry/virtualenvs/real-time-data-lake-QWGm5iRW-py3.11/lib/python3.11/site-packages/airflow/example_dags/tutorial_objectstorage.py
[2024-09-27T14:21:48.106+0200] {processor.py:914} INFO - Processing file /home/julian/.cache/pypoetry/virtualenvs/real-time-data-lake-QWGm5iRW-py3.11/lib/python3.11/site-packages/airflow/example_dags/tutorial_objectstorage.py for tasks to queue
[2024-09-27T14:21:48.109+0200] {logging_mixin.py:190} INFO - [2024-09-27T14:21:48.108+0200] {dagbag.py:588} INFO - Filling up the DagBag from /home/julian/.cache/pypoetry/virtualenvs/real-time-data-lake-QWGm5iRW-py3.11/lib/python3.11/site-packages/airflow/example_dags/tutorial_objectstorage.py
[2024-09-27T14:21:48.120+0200] {processor.py:925} INFO - DAG(s) 'tutorial_objectstorage' retrieved from /home/julian/.cache/pypoetry/virtualenvs/real-time-data-lake-QWGm5iRW-py3.11/lib/python3.11/site-packages/airflow/example_dags/tutorial_objectstorage.py
[2024-09-27T14:21:48.144+0200] {logging_mixin.py:190} INFO - [2024-09-27T14:21:48.144+0200] {dag.py:3239} INFO - Sync 1 DAGs
[2024-09-27T14:21:48.156+0200] {logging_mixin.py:190} INFO - [2024-09-27T14:21:48.156+0200] {dag.py:4180} INFO - Setting next_dagrun for tutorial_objectstorage to None, run_after=None
[2024-09-27T14:21:48.170+0200] {processor.py:208} INFO - Processing /home/julian/.cache/pypoetry/virtualenvs/real-time-data-lake-QWGm5iRW-py3.11/lib/python3.11/site-packages/airflow/example_dags/tutorial_objectstorage.py took 0.077 seconds
[2024-09-27T14:22:42.353+0200] {processor.py:186} INFO - Started process (PID=280299) to work on /home/julian/.cache/pypoetry/virtualenvs/real-time-data-lake-QWGm5iRW-py3.11/lib/python3.11/site-packages/airflow/example_dags/tutorial_objectstorage.py
[2024-09-27T14:22:42.358+0200] {processor.py:914} INFO - Processing file /home/julian/.cache/pypoetry/virtualenvs/real-time-data-lake-QWGm5iRW-py3.11/lib/python3.11/site-packages/airflow/example_dags/tutorial_objectstorage.py for tasks to queue
[2024-09-27T14:22:42.361+0200] {logging_mixin.py:190} INFO - [2024-09-27T14:22:42.360+0200] {dagbag.py:588} INFO - Filling up the DagBag from /home/julian/.cache/pypoetry/virtualenvs/real-time-data-lake-QWGm5iRW-py3.11/lib/python3.11/site-packages/airflow/example_dags/tutorial_objectstorage.py
[2024-09-27T14:22:42.366+0200] {processor.py:925} INFO - DAG(s) 'tutorial_objectstorage' retrieved from /home/julian/.cache/pypoetry/virtualenvs/real-time-data-lake-QWGm5iRW-py3.11/lib/python3.11/site-packages/airflow/example_dags/tutorial_objectstorage.py
[2024-09-27T14:22:42.375+0200] {logging_mixin.py:190} INFO - [2024-09-27T14:22:42.375+0200] {dag.py:3239} INFO - Sync 1 DAGs
[2024-09-27T14:22:42.383+0200] {logging_mixin.py:190} INFO - [2024-09-27T14:22:42.382+0200] {dag.py:4180} INFO - Setting next_dagrun for tutorial_objectstorage to None, run_after=None
[2024-09-27T14:22:42.404+0200] {processor.py:208} INFO - Processing /home/julian/.cache/pypoetry/virtualenvs/real-time-data-lake-QWGm5iRW-py3.11/lib/python3.11/site-packages/airflow/example_dags/tutorial_objectstorage.py took 0.059 seconds
[2024-09-27T14:23:34.610+0200] {processor.py:186} INFO - Started process (PID=280441) to work on /home/julian/.cache/pypoetry/virtualenvs/real-time-data-lake-QWGm5iRW-py3.11/lib/python3.11/site-packages/airflow/example_dags/tutorial_objectstorage.py
[2024-09-27T14:23:34.616+0200] {processor.py:914} INFO - Processing file /home/julian/.cache/pypoetry/virtualenvs/real-time-data-lake-QWGm5iRW-py3.11/lib/python3.11/site-packages/airflow/example_dags/tutorial_objectstorage.py for tasks to queue
[2024-09-27T14:23:34.618+0200] {logging_mixin.py:190} INFO - [2024-09-27T14:23:34.617+0200] {dagbag.py:588} INFO - Filling up the DagBag from /home/julian/.cache/pypoetry/virtualenvs/real-time-data-lake-QWGm5iRW-py3.11/lib/python3.11/site-packages/airflow/example_dags/tutorial_objectstorage.py
[2024-09-27T14:23:34.623+0200] {processor.py:925} INFO - DAG(s) 'tutorial_objectstorage' retrieved from /home/julian/.cache/pypoetry/virtualenvs/real-time-data-lake-QWGm5iRW-py3.11/lib/python3.11/site-packages/airflow/example_dags/tutorial_objectstorage.py
[2024-09-27T14:23:34.632+0200] {logging_mixin.py:190} INFO - [2024-09-27T14:23:34.632+0200] {dag.py:3239} INFO - Sync 1 DAGs
[2024-09-27T14:23:34.640+0200] {logging_mixin.py:190} INFO - [2024-09-27T14:23:34.640+0200] {dag.py:4180} INFO - Setting next_dagrun for tutorial_objectstorage to None, run_after=None
[2024-09-27T14:23:34.653+0200] {processor.py:208} INFO - Processing /home/julian/.cache/pypoetry/virtualenvs/real-time-data-lake-QWGm5iRW-py3.11/lib/python3.11/site-packages/airflow/example_dags/tutorial_objectstorage.py took 0.046 seconds
[2024-09-27T14:24:25.323+0200] {processor.py:186} INFO - Started process (PID=280576) to work on /home/julian/.cache/pypoetry/virtualenvs/real-time-data-lake-QWGm5iRW-py3.11/lib/python3.11/site-packages/airflow/example_dags/tutorial_objectstorage.py
[2024-09-27T14:24:25.328+0200] {processor.py:914} INFO - Processing file /home/julian/.cache/pypoetry/virtualenvs/real-time-data-lake-QWGm5iRW-py3.11/lib/python3.11/site-packages/airflow/example_dags/tutorial_objectstorage.py for tasks to queue
[2024-09-27T14:24:25.331+0200] {logging_mixin.py:190} INFO - [2024-09-27T14:24:25.330+0200] {dagbag.py:588} INFO - Filling up the DagBag from /home/julian/.cache/pypoetry/virtualenvs/real-time-data-lake-QWGm5iRW-py3.11/lib/python3.11/site-packages/airflow/example_dags/tutorial_objectstorage.py
[2024-09-27T14:24:25.341+0200] {processor.py:925} INFO - DAG(s) 'tutorial_objectstorage' retrieved from /home/julian/.cache/pypoetry/virtualenvs/real-time-data-lake-QWGm5iRW-py3.11/lib/python3.11/site-packages/airflow/example_dags/tutorial_objectstorage.py
[2024-09-27T14:24:25.357+0200] {logging_mixin.py:190} INFO - [2024-09-27T14:24:25.357+0200] {dag.py:3239} INFO - Sync 1 DAGs
[2024-09-27T14:24:25.366+0200] {logging_mixin.py:190} INFO - [2024-09-27T14:24:25.366+0200] {dag.py:4180} INFO - Setting next_dagrun for tutorial_objectstorage to None, run_after=None
[2024-09-27T14:24:25.381+0200] {processor.py:208} INFO - Processing /home/julian/.cache/pypoetry/virtualenvs/real-time-data-lake-QWGm5iRW-py3.11/lib/python3.11/site-packages/airflow/example_dags/tutorial_objectstorage.py took 0.065 seconds
[2024-09-27T14:25:16.057+0200] {processor.py:186} INFO - Started process (PID=280759) to work on /home/julian/.cache/pypoetry/virtualenvs/real-time-data-lake-QWGm5iRW-py3.11/lib/python3.11/site-packages/airflow/example_dags/tutorial_objectstorage.py
[2024-09-27T14:25:16.063+0200] {processor.py:914} INFO - Processing file /home/julian/.cache/pypoetry/virtualenvs/real-time-data-lake-QWGm5iRW-py3.11/lib/python3.11/site-packages/airflow/example_dags/tutorial_objectstorage.py for tasks to queue
[2024-09-27T14:25:16.066+0200] {logging_mixin.py:190} INFO - [2024-09-27T14:25:16.065+0200] {dagbag.py:588} INFO - Filling up the DagBag from /home/julian/.cache/pypoetry/virtualenvs/real-time-data-lake-QWGm5iRW-py3.11/lib/python3.11/site-packages/airflow/example_dags/tutorial_objectstorage.py
[2024-09-27T14:25:16.077+0200] {processor.py:925} INFO - DAG(s) 'tutorial_objectstorage' retrieved from /home/julian/.cache/pypoetry/virtualenvs/real-time-data-lake-QWGm5iRW-py3.11/lib/python3.11/site-packages/airflow/example_dags/tutorial_objectstorage.py
[2024-09-27T14:25:16.096+0200] {logging_mixin.py:190} INFO - [2024-09-27T14:25:16.095+0200] {dag.py:3239} INFO - Sync 1 DAGs
[2024-09-27T14:25:16.110+0200] {logging_mixin.py:190} INFO - [2024-09-27T14:25:16.110+0200] {dag.py:4180} INFO - Setting next_dagrun for tutorial_objectstorage to None, run_after=None
[2024-09-27T14:25:16.124+0200] {processor.py:208} INFO - Processing /home/julian/.cache/pypoetry/virtualenvs/real-time-data-lake-QWGm5iRW-py3.11/lib/python3.11/site-packages/airflow/example_dags/tutorial_objectstorage.py took 0.074 seconds
[2024-09-27T14:30:15.083+0200] {processor.py:186} INFO - Started process (PID=281394) to work on /home/julian/.cache/pypoetry/virtualenvs/real-time-data-lake-QWGm5iRW-py3.11/lib/python3.11/site-packages/airflow/example_dags/tutorial_objectstorage.py
[2024-09-27T14:30:15.089+0200] {processor.py:914} INFO - Processing file /home/julian/.cache/pypoetry/virtualenvs/real-time-data-lake-QWGm5iRW-py3.11/lib/python3.11/site-packages/airflow/example_dags/tutorial_objectstorage.py for tasks to queue
[2024-09-27T14:30:15.091+0200] {logging_mixin.py:190} INFO - [2024-09-27T14:30:15.091+0200] {dagbag.py:588} INFO - Filling up the DagBag from /home/julian/.cache/pypoetry/virtualenvs/real-time-data-lake-QWGm5iRW-py3.11/lib/python3.11/site-packages/airflow/example_dags/tutorial_objectstorage.py
[2024-09-27T14:30:15.102+0200] {processor.py:925} INFO - DAG(s) 'tutorial_objectstorage' retrieved from /home/julian/.cache/pypoetry/virtualenvs/real-time-data-lake-QWGm5iRW-py3.11/lib/python3.11/site-packages/airflow/example_dags/tutorial_objectstorage.py
[2024-09-27T14:30:15.126+0200] {logging_mixin.py:190} INFO - [2024-09-27T14:30:15.126+0200] {dag.py:3239} INFO - Sync 1 DAGs
[2024-09-27T14:30:15.138+0200] {logging_mixin.py:190} INFO - [2024-09-27T14:30:15.138+0200] {dag.py:4180} INFO - Setting next_dagrun for tutorial_objectstorage to None, run_after=None
[2024-09-27T14:30:15.151+0200] {processor.py:208} INFO - Processing /home/julian/.cache/pypoetry/virtualenvs/real-time-data-lake-QWGm5iRW-py3.11/lib/python3.11/site-packages/airflow/example_dags/tutorial_objectstorage.py took 0.075 seconds
[2024-09-27T14:31:09.384+0200] {processor.py:186} INFO - Started process (PID=281512) to work on /home/julian/.cache/pypoetry/virtualenvs/real-time-data-lake-QWGm5iRW-py3.11/lib/python3.11/site-packages/airflow/example_dags/tutorial_objectstorage.py
[2024-09-27T14:31:09.390+0200] {processor.py:914} INFO - Processing file /home/julian/.cache/pypoetry/virtualenvs/real-time-data-lake-QWGm5iRW-py3.11/lib/python3.11/site-packages/airflow/example_dags/tutorial_objectstorage.py for tasks to queue
[2024-09-27T14:31:09.392+0200] {logging_mixin.py:190} INFO - [2024-09-27T14:31:09.392+0200] {dagbag.py:588} INFO - Filling up the DagBag from /home/julian/.cache/pypoetry/virtualenvs/real-time-data-lake-QWGm5iRW-py3.11/lib/python3.11/site-packages/airflow/example_dags/tutorial_objectstorage.py
[2024-09-27T14:31:09.403+0200] {processor.py:925} INFO - DAG(s) 'tutorial_objectstorage' retrieved from /home/julian/.cache/pypoetry/virtualenvs/real-time-data-lake-QWGm5iRW-py3.11/lib/python3.11/site-packages/airflow/example_dags/tutorial_objectstorage.py
[2024-09-27T14:31:09.423+0200] {logging_mixin.py:190} INFO - [2024-09-27T14:31:09.422+0200] {dag.py:3239} INFO - Sync 1 DAGs
[2024-09-27T14:31:09.437+0200] {logging_mixin.py:190} INFO - [2024-09-27T14:31:09.437+0200] {dag.py:4180} INFO - Setting next_dagrun for tutorial_objectstorage to None, run_after=None
[2024-09-27T14:31:09.450+0200] {processor.py:208} INFO - Processing /home/julian/.cache/pypoetry/virtualenvs/real-time-data-lake-QWGm5iRW-py3.11/lib/python3.11/site-packages/airflow/example_dags/tutorial_objectstorage.py took 0.073 seconds
[2024-09-27T14:31:58.551+0200] {processor.py:186} INFO - Started process (PID=281590) to work on /home/julian/.cache/pypoetry/virtualenvs/real-time-data-lake-QWGm5iRW-py3.11/lib/python3.11/site-packages/airflow/example_dags/tutorial_objectstorage.py
[2024-09-27T14:31:58.556+0200] {processor.py:914} INFO - Processing file /home/julian/.cache/pypoetry/virtualenvs/real-time-data-lake-QWGm5iRW-py3.11/lib/python3.11/site-packages/airflow/example_dags/tutorial_objectstorage.py for tasks to queue
[2024-09-27T14:31:58.558+0200] {logging_mixin.py:190} INFO - [2024-09-27T14:31:58.558+0200] {dagbag.py:588} INFO - Filling up the DagBag from /home/julian/.cache/pypoetry/virtualenvs/real-time-data-lake-QWGm5iRW-py3.11/lib/python3.11/site-packages/airflow/example_dags/tutorial_objectstorage.py
[2024-09-27T14:31:58.563+0200] {processor.py:925} INFO - DAG(s) 'tutorial_objectstorage' retrieved from /home/julian/.cache/pypoetry/virtualenvs/real-time-data-lake-QWGm5iRW-py3.11/lib/python3.11/site-packages/airflow/example_dags/tutorial_objectstorage.py
[2024-09-27T14:31:58.572+0200] {logging_mixin.py:190} INFO - [2024-09-27T14:31:58.572+0200] {dag.py:3239} INFO - Sync 1 DAGs
[2024-09-27T14:31:58.580+0200] {logging_mixin.py:190} INFO - [2024-09-27T14:31:58.580+0200] {dag.py:4180} INFO - Setting next_dagrun for tutorial_objectstorage to None, run_after=None
[2024-09-27T14:31:58.593+0200] {processor.py:208} INFO - Processing /home/julian/.cache/pypoetry/virtualenvs/real-time-data-lake-QWGm5iRW-py3.11/lib/python3.11/site-packages/airflow/example_dags/tutorial_objectstorage.py took 0.046 seconds
[2024-09-27T14:32:48.266+0200] {processor.py:186} INFO - Started process (PID=281738) to work on /home/julian/.cache/pypoetry/virtualenvs/real-time-data-lake-QWGm5iRW-py3.11/lib/python3.11/site-packages/airflow/example_dags/tutorial_objectstorage.py
[2024-09-27T14:32:48.272+0200] {processor.py:914} INFO - Processing file /home/julian/.cache/pypoetry/virtualenvs/real-time-data-lake-QWGm5iRW-py3.11/lib/python3.11/site-packages/airflow/example_dags/tutorial_objectstorage.py for tasks to queue
[2024-09-27T14:32:48.275+0200] {logging_mixin.py:190} INFO - [2024-09-27T14:32:48.275+0200] {dagbag.py:588} INFO - Filling up the DagBag from /home/julian/.cache/pypoetry/virtualenvs/real-time-data-lake-QWGm5iRW-py3.11/lib/python3.11/site-packages/airflow/example_dags/tutorial_objectstorage.py
[2024-09-27T14:32:48.286+0200] {processor.py:925} INFO - DAG(s) 'tutorial_objectstorage' retrieved from /home/julian/.cache/pypoetry/virtualenvs/real-time-data-lake-QWGm5iRW-py3.11/lib/python3.11/site-packages/airflow/example_dags/tutorial_objectstorage.py
[2024-09-27T14:32:48.305+0200] {logging_mixin.py:190} INFO - [2024-09-27T14:32:48.305+0200] {dag.py:3239} INFO - Sync 1 DAGs
[2024-09-27T14:32:48.320+0200] {logging_mixin.py:190} INFO - [2024-09-27T14:32:48.320+0200] {dag.py:4180} INFO - Setting next_dagrun for tutorial_objectstorage to None, run_after=None
[2024-09-27T14:32:48.334+0200] {processor.py:208} INFO - Processing /home/julian/.cache/pypoetry/virtualenvs/real-time-data-lake-QWGm5iRW-py3.11/lib/python3.11/site-packages/airflow/example_dags/tutorial_objectstorage.py took 0.075 seconds
[2024-09-27T14:33:36.441+0200] {processor.py:186} INFO - Started process (PID=281817) to work on /home/julian/.cache/pypoetry/virtualenvs/real-time-data-lake-QWGm5iRW-py3.11/lib/python3.11/site-packages/airflow/example_dags/tutorial_objectstorage.py
[2024-09-27T14:33:36.447+0200] {processor.py:914} INFO - Processing file /home/julian/.cache/pypoetry/virtualenvs/real-time-data-lake-QWGm5iRW-py3.11/lib/python3.11/site-packages/airflow/example_dags/tutorial_objectstorage.py for tasks to queue
[2024-09-27T14:33:36.449+0200] {logging_mixin.py:190} INFO - [2024-09-27T14:33:36.449+0200] {dagbag.py:588} INFO - Filling up the DagBag from /home/julian/.cache/pypoetry/virtualenvs/real-time-data-lake-QWGm5iRW-py3.11/lib/python3.11/site-packages/airflow/example_dags/tutorial_objectstorage.py
[2024-09-27T14:33:36.460+0200] {processor.py:925} INFO - DAG(s) 'tutorial_objectstorage' retrieved from /home/julian/.cache/pypoetry/virtualenvs/real-time-data-lake-QWGm5iRW-py3.11/lib/python3.11/site-packages/airflow/example_dags/tutorial_objectstorage.py
[2024-09-27T14:33:36.480+0200] {logging_mixin.py:190} INFO - [2024-09-27T14:33:36.480+0200] {dag.py:3239} INFO - Sync 1 DAGs
[2024-09-27T14:33:36.493+0200] {logging_mixin.py:190} INFO - [2024-09-27T14:33:36.493+0200] {dag.py:4180} INFO - Setting next_dagrun for tutorial_objectstorage to None, run_after=None
[2024-09-27T14:33:36.507+0200] {processor.py:208} INFO - Processing /home/julian/.cache/pypoetry/virtualenvs/real-time-data-lake-QWGm5iRW-py3.11/lib/python3.11/site-packages/airflow/example_dags/tutorial_objectstorage.py took 0.074 seconds
[2024-09-27T14:34:26.364+0200] {processor.py:186} INFO - Started process (PID=281931) to work on /home/julian/.cache/pypoetry/virtualenvs/real-time-data-lake-QWGm5iRW-py3.11/lib/python3.11/site-packages/airflow/example_dags/tutorial_objectstorage.py
[2024-09-27T14:34:26.370+0200] {processor.py:914} INFO - Processing file /home/julian/.cache/pypoetry/virtualenvs/real-time-data-lake-QWGm5iRW-py3.11/lib/python3.11/site-packages/airflow/example_dags/tutorial_objectstorage.py for tasks to queue
[2024-09-27T14:34:26.373+0200] {logging_mixin.py:190} INFO - [2024-09-27T14:34:26.373+0200] {dagbag.py:588} INFO - Filling up the DagBag from /home/julian/.cache/pypoetry/virtualenvs/real-time-data-lake-QWGm5iRW-py3.11/lib/python3.11/site-packages/airflow/example_dags/tutorial_objectstorage.py
[2024-09-27T14:34:26.384+0200] {processor.py:925} INFO - DAG(s) 'tutorial_objectstorage' retrieved from /home/julian/.cache/pypoetry/virtualenvs/real-time-data-lake-QWGm5iRW-py3.11/lib/python3.11/site-packages/airflow/example_dags/tutorial_objectstorage.py
[2024-09-27T14:34:26.404+0200] {logging_mixin.py:190} INFO - [2024-09-27T14:34:26.403+0200] {dag.py:3239} INFO - Sync 1 DAGs
[2024-09-27T14:34:26.418+0200] {logging_mixin.py:190} INFO - [2024-09-27T14:34:26.417+0200] {dag.py:4180} INFO - Setting next_dagrun for tutorial_objectstorage to None, run_after=None
[2024-09-27T14:34:26.431+0200] {processor.py:208} INFO - Processing /home/julian/.cache/pypoetry/virtualenvs/real-time-data-lake-QWGm5iRW-py3.11/lib/python3.11/site-packages/airflow/example_dags/tutorial_objectstorage.py took 0.074 seconds
[2024-09-27T14:35:13.574+0200] {processor.py:186} INFO - Started process (PID=282136) to work on /home/julian/.cache/pypoetry/virtualenvs/real-time-data-lake-QWGm5iRW-py3.11/lib/python3.11/site-packages/airflow/example_dags/tutorial_objectstorage.py
[2024-09-27T14:35:13.580+0200] {processor.py:914} INFO - Processing file /home/julian/.cache/pypoetry/virtualenvs/real-time-data-lake-QWGm5iRW-py3.11/lib/python3.11/site-packages/airflow/example_dags/tutorial_objectstorage.py for tasks to queue
[2024-09-27T14:35:13.582+0200] {logging_mixin.py:190} INFO - [2024-09-27T14:35:13.581+0200] {dagbag.py:588} INFO - Filling up the DagBag from /home/julian/.cache/pypoetry/virtualenvs/real-time-data-lake-QWGm5iRW-py3.11/lib/python3.11/site-packages/airflow/example_dags/tutorial_objectstorage.py
[2024-09-27T14:35:13.587+0200] {processor.py:925} INFO - DAG(s) 'tutorial_objectstorage' retrieved from /home/julian/.cache/pypoetry/virtualenvs/real-time-data-lake-QWGm5iRW-py3.11/lib/python3.11/site-packages/airflow/example_dags/tutorial_objectstorage.py
[2024-09-27T14:35:13.596+0200] {logging_mixin.py:190} INFO - [2024-09-27T14:35:13.596+0200] {dag.py:3239} INFO - Sync 1 DAGs
[2024-09-27T14:35:13.604+0200] {logging_mixin.py:190} INFO - [2024-09-27T14:35:13.603+0200] {dag.py:4180} INFO - Setting next_dagrun for tutorial_objectstorage to None, run_after=None
[2024-09-27T14:35:13.616+0200] {processor.py:208} INFO - Processing /home/julian/.cache/pypoetry/virtualenvs/real-time-data-lake-QWGm5iRW-py3.11/lib/python3.11/site-packages/airflow/example_dags/tutorial_objectstorage.py took 0.050 seconds
[2024-09-27T14:36:00.963+0200] {processor.py:186} INFO - Started process (PID=282218) to work on /home/julian/.cache/pypoetry/virtualenvs/real-time-data-lake-QWGm5iRW-py3.11/lib/python3.11/site-packages/airflow/example_dags/tutorial_objectstorage.py
[2024-09-27T14:36:00.969+0200] {processor.py:914} INFO - Processing file /home/julian/.cache/pypoetry/virtualenvs/real-time-data-lake-QWGm5iRW-py3.11/lib/python3.11/site-packages/airflow/example_dags/tutorial_objectstorage.py for tasks to queue
[2024-09-27T14:36:00.972+0200] {logging_mixin.py:190} INFO - [2024-09-27T14:36:00.971+0200] {dagbag.py:588} INFO - Filling up the DagBag from /home/julian/.cache/pypoetry/virtualenvs/real-time-data-lake-QWGm5iRW-py3.11/lib/python3.11/site-packages/airflow/example_dags/tutorial_objectstorage.py
[2024-09-27T14:36:00.983+0200] {processor.py:925} INFO - DAG(s) 'tutorial_objectstorage' retrieved from /home/julian/.cache/pypoetry/virtualenvs/real-time-data-lake-QWGm5iRW-py3.11/lib/python3.11/site-packages/airflow/example_dags/tutorial_objectstorage.py
[2024-09-27T14:36:01.003+0200] {logging_mixin.py:190} INFO - [2024-09-27T14:36:01.003+0200] {dag.py:3239} INFO - Sync 1 DAGs
[2024-09-27T14:36:01.017+0200] {logging_mixin.py:190} INFO - [2024-09-27T14:36:01.017+0200] {dag.py:4180} INFO - Setting next_dagrun for tutorial_objectstorage to None, run_after=None
[2024-09-27T14:36:01.031+0200] {processor.py:208} INFO - Processing /home/julian/.cache/pypoetry/virtualenvs/real-time-data-lake-QWGm5iRW-py3.11/lib/python3.11/site-packages/airflow/example_dags/tutorial_objectstorage.py took 0.075 seconds
[2024-09-27T14:36:48.538+0200] {processor.py:186} INFO - Started process (PID=282289) to work on /home/julian/.cache/pypoetry/virtualenvs/real-time-data-lake-QWGm5iRW-py3.11/lib/python3.11/site-packages/airflow/example_dags/tutorial_objectstorage.py
[2024-09-27T14:36:48.543+0200] {processor.py:914} INFO - Processing file /home/julian/.cache/pypoetry/virtualenvs/real-time-data-lake-QWGm5iRW-py3.11/lib/python3.11/site-packages/airflow/example_dags/tutorial_objectstorage.py for tasks to queue
[2024-09-27T14:36:48.546+0200] {logging_mixin.py:190} INFO - [2024-09-27T14:36:48.545+0200] {dagbag.py:588} INFO - Filling up the DagBag from /home/julian/.cache/pypoetry/virtualenvs/real-time-data-lake-QWGm5iRW-py3.11/lib/python3.11/site-packages/airflow/example_dags/tutorial_objectstorage.py
[2024-09-27T14:36:48.557+0200] {processor.py:925} INFO - DAG(s) 'tutorial_objectstorage' retrieved from /home/julian/.cache/pypoetry/virtualenvs/real-time-data-lake-QWGm5iRW-py3.11/lib/python3.11/site-packages/airflow/example_dags/tutorial_objectstorage.py
[2024-09-27T14:36:48.577+0200] {logging_mixin.py:190} INFO - [2024-09-27T14:36:48.576+0200] {dag.py:3239} INFO - Sync 1 DAGs
[2024-09-27T14:36:48.590+0200] {logging_mixin.py:190} INFO - [2024-09-27T14:36:48.590+0200] {dag.py:4180} INFO - Setting next_dagrun for tutorial_objectstorage to None, run_after=None
[2024-09-27T14:36:48.604+0200] {processor.py:208} INFO - Processing /home/julian/.cache/pypoetry/virtualenvs/real-time-data-lake-QWGm5iRW-py3.11/lib/python3.11/site-packages/airflow/example_dags/tutorial_objectstorage.py took 0.073 seconds
[2024-09-27T14:37:39.962+0200] {processor.py:186} INFO - Started process (PID=282500) to work on /home/julian/.cache/pypoetry/virtualenvs/real-time-data-lake-QWGm5iRW-py3.11/lib/python3.11/site-packages/airflow/example_dags/tutorial_objectstorage.py
[2024-09-27T14:37:39.968+0200] {processor.py:914} INFO - Processing file /home/julian/.cache/pypoetry/virtualenvs/real-time-data-lake-QWGm5iRW-py3.11/lib/python3.11/site-packages/airflow/example_dags/tutorial_objectstorage.py for tasks to queue
[2024-09-27T14:37:39.969+0200] {logging_mixin.py:190} INFO - [2024-09-27T14:37:39.969+0200] {dagbag.py:588} INFO - Filling up the DagBag from /home/julian/.cache/pypoetry/virtualenvs/real-time-data-lake-QWGm5iRW-py3.11/lib/python3.11/site-packages/airflow/example_dags/tutorial_objectstorage.py
[2024-09-27T14:37:39.975+0200] {processor.py:925} INFO - DAG(s) 'tutorial_objectstorage' retrieved from /home/julian/.cache/pypoetry/virtualenvs/real-time-data-lake-QWGm5iRW-py3.11/lib/python3.11/site-packages/airflow/example_dags/tutorial_objectstorage.py
[2024-09-27T14:37:39.986+0200] {logging_mixin.py:190} INFO - [2024-09-27T14:37:39.986+0200] {dag.py:3239} INFO - Sync 1 DAGs
[2024-09-27T14:37:39.995+0200] {logging_mixin.py:190} INFO - [2024-09-27T14:37:39.995+0200] {dag.py:4180} INFO - Setting next_dagrun for tutorial_objectstorage to None, run_after=None
[2024-09-27T14:37:40.009+0200] {processor.py:208} INFO - Processing /home/julian/.cache/pypoetry/virtualenvs/real-time-data-lake-QWGm5iRW-py3.11/lib/python3.11/site-packages/airflow/example_dags/tutorial_objectstorage.py took 0.052 seconds
[2024-09-27T14:38:31.396+0200] {processor.py:186} INFO - Started process (PID=282750) to work on /home/julian/.cache/pypoetry/virtualenvs/real-time-data-lake-QWGm5iRW-py3.11/lib/python3.11/site-packages/airflow/example_dags/tutorial_objectstorage.py
[2024-09-27T14:38:31.402+0200] {processor.py:914} INFO - Processing file /home/julian/.cache/pypoetry/virtualenvs/real-time-data-lake-QWGm5iRW-py3.11/lib/python3.11/site-packages/airflow/example_dags/tutorial_objectstorage.py for tasks to queue
[2024-09-27T14:38:31.405+0200] {logging_mixin.py:190} INFO - [2024-09-27T14:38:31.405+0200] {dagbag.py:588} INFO - Filling up the DagBag from /home/julian/.cache/pypoetry/virtualenvs/real-time-data-lake-QWGm5iRW-py3.11/lib/python3.11/site-packages/airflow/example_dags/tutorial_objectstorage.py
[2024-09-27T14:38:31.417+0200] {processor.py:925} INFO - DAG(s) 'tutorial_objectstorage' retrieved from /home/julian/.cache/pypoetry/virtualenvs/real-time-data-lake-QWGm5iRW-py3.11/lib/python3.11/site-packages/airflow/example_dags/tutorial_objectstorage.py
[2024-09-27T14:38:31.429+0200] {logging_mixin.py:190} INFO - [2024-09-27T14:38:31.428+0200] {dag.py:3239} INFO - Sync 1 DAGs
[2024-09-27T14:38:31.436+0200] {logging_mixin.py:190} INFO - [2024-09-27T14:38:31.436+0200] {dag.py:4180} INFO - Setting next_dagrun for tutorial_objectstorage to None, run_after=None
[2024-09-27T14:38:31.451+0200] {processor.py:208} INFO - Processing /home/julian/.cache/pypoetry/virtualenvs/real-time-data-lake-QWGm5iRW-py3.11/lib/python3.11/site-packages/airflow/example_dags/tutorial_objectstorage.py took 0.062 seconds
