[2024-09-27T14:20:00.864+0200] {processor.py:186} INFO - Started process (PID=279987) to work on /home/julian/.cache/pypoetry/virtualenvs/real-time-data-lake-QWGm5iRW-py3.11/lib/python3.11/site-packages/airflow/example_dags/tutorial_dag.py
[2024-09-27T14:20:00.865+0200] {processor.py:914} INFO - Processing file /home/julian/.cache/pypoetry/virtualenvs/real-time-data-lake-QWGm5iRW-py3.11/lib/python3.11/site-packages/airflow/example_dags/tutorial_dag.py for tasks to queue
[2024-09-27T14:20:00.868+0200] {logging_mixin.py:190} INFO - [2024-09-27T14:20:00.867+0200] {dagbag.py:588} INFO - Filling up the DagBag from /home/julian/.cache/pypoetry/virtualenvs/real-time-data-lake-QWGm5iRW-py3.11/lib/python3.11/site-packages/airflow/example_dags/tutorial_dag.py
[2024-09-27T14:20:00.879+0200] {processor.py:925} INFO - DAG(s) 'tutorial_dag' retrieved from /home/julian/.cache/pypoetry/virtualenvs/real-time-data-lake-QWGm5iRW-py3.11/lib/python3.11/site-packages/airflow/example_dags/tutorial_dag.py
[2024-09-27T14:20:00.954+0200] {logging_mixin.py:190} INFO - [2024-09-27T14:20:00.954+0200] {override.py:1901} INFO - Created Permission View: can delete on DAG:tutorial_dag
[2024-09-27T14:20:00.963+0200] {logging_mixin.py:190} INFO - [2024-09-27T14:20:00.963+0200] {override.py:1901} INFO - Created Permission View: can read on DAG:tutorial_dag
[2024-09-27T14:20:00.969+0200] {logging_mixin.py:190} INFO - [2024-09-27T14:20:00.969+0200] {override.py:1901} INFO - Created Permission View: can edit on DAG:tutorial_dag
[2024-09-27T14:20:00.980+0200] {logging_mixin.py:190} INFO - [2024-09-27T14:20:00.980+0200] {override.py:1901} INFO - Created Permission View: can create on DAG Run:tutorial_dag
[2024-09-27T14:20:00.985+0200] {logging_mixin.py:190} INFO - [2024-09-27T14:20:00.985+0200] {override.py:1901} INFO - Created Permission View: can delete on DAG Run:tutorial_dag
[2024-09-27T14:20:00.990+0200] {logging_mixin.py:190} INFO - [2024-09-27T14:20:00.990+0200] {override.py:1901} INFO - Created Permission View: can read on DAG Run:tutorial_dag
[2024-09-27T14:20:00.995+0200] {logging_mixin.py:190} INFO - [2024-09-27T14:20:00.995+0200] {override.py:1901} INFO - Created Permission View: menu access on DAG Run:tutorial_dag
[2024-09-27T14:20:00.996+0200] {logging_mixin.py:190} INFO - [2024-09-27T14:20:00.996+0200] {dag.py:3239} INFO - Sync 1 DAGs
[2024-09-27T14:20:01.003+0200] {logging_mixin.py:190} INFO - [2024-09-27T14:20:01.003+0200] {dag.py:3262} INFO - Creating ORM DAG for tutorial_dag
[2024-09-27T14:20:01.004+0200] {logging_mixin.py:190} INFO - [2024-09-27T14:20:01.004+0200] {dag.py:4180} INFO - Setting next_dagrun for tutorial_dag to None, run_after=None
[2024-09-27T14:20:01.016+0200] {processor.py:208} INFO - Processing /home/julian/.cache/pypoetry/virtualenvs/real-time-data-lake-QWGm5iRW-py3.11/lib/python3.11/site-packages/airflow/example_dags/tutorial_dag.py took 0.159 seconds
[2024-09-27T14:21:02.202+0200] {processor.py:186} INFO - Started process (PID=280099) to work on /home/julian/.cache/pypoetry/virtualenvs/real-time-data-lake-QWGm5iRW-py3.11/lib/python3.11/site-packages/airflow/example_dags/tutorial_dag.py
[2024-09-27T14:21:02.208+0200] {processor.py:914} INFO - Processing file /home/julian/.cache/pypoetry/virtualenvs/real-time-data-lake-QWGm5iRW-py3.11/lib/python3.11/site-packages/airflow/example_dags/tutorial_dag.py for tasks to queue
[2024-09-27T14:21:02.211+0200] {logging_mixin.py:190} INFO - [2024-09-27T14:21:02.210+0200] {dagbag.py:588} INFO - Filling up the DagBag from /home/julian/.cache/pypoetry/virtualenvs/real-time-data-lake-QWGm5iRW-py3.11/lib/python3.11/site-packages/airflow/example_dags/tutorial_dag.py
[2024-09-27T14:21:02.220+0200] {processor.py:925} INFO - DAG(s) 'tutorial_dag' retrieved from /home/julian/.cache/pypoetry/virtualenvs/real-time-data-lake-QWGm5iRW-py3.11/lib/python3.11/site-packages/airflow/example_dags/tutorial_dag.py
[2024-09-27T14:21:02.240+0200] {logging_mixin.py:190} INFO - [2024-09-27T14:21:02.240+0200] {dag.py:3239} INFO - Sync 1 DAGs
[2024-09-27T14:21:02.254+0200] {logging_mixin.py:190} INFO - [2024-09-27T14:21:02.254+0200] {dag.py:4180} INFO - Setting next_dagrun for tutorial_dag to None, run_after=None
[2024-09-27T14:21:02.267+0200] {processor.py:208} INFO - Processing /home/julian/.cache/pypoetry/virtualenvs/real-time-data-lake-QWGm5iRW-py3.11/lib/python3.11/site-packages/airflow/example_dags/tutorial_dag.py took 0.071 seconds
[2024-09-27T14:21:45.465+0200] {processor.py:186} INFO - Started process (PID=280167) to work on /home/julian/.cache/pypoetry/virtualenvs/real-time-data-lake-QWGm5iRW-py3.11/lib/python3.11/site-packages/airflow/example_dags/tutorial_dag.py
[2024-09-27T14:21:45.471+0200] {processor.py:914} INFO - Processing file /home/julian/.cache/pypoetry/virtualenvs/real-time-data-lake-QWGm5iRW-py3.11/lib/python3.11/site-packages/airflow/example_dags/tutorial_dag.py for tasks to queue
[2024-09-27T14:21:45.474+0200] {logging_mixin.py:190} INFO - [2024-09-27T14:21:45.474+0200] {dagbag.py:588} INFO - Filling up the DagBag from /home/julian/.cache/pypoetry/virtualenvs/real-time-data-lake-QWGm5iRW-py3.11/lib/python3.11/site-packages/airflow/example_dags/tutorial_dag.py
[2024-09-27T14:21:45.483+0200] {processor.py:925} INFO - DAG(s) 'tutorial_dag' retrieved from /home/julian/.cache/pypoetry/virtualenvs/real-time-data-lake-QWGm5iRW-py3.11/lib/python3.11/site-packages/airflow/example_dags/tutorial_dag.py
[2024-09-27T14:21:45.513+0200] {logging_mixin.py:190} INFO - [2024-09-27T14:21:45.513+0200] {dag.py:3239} INFO - Sync 1 DAGs
[2024-09-27T14:21:45.532+0200] {logging_mixin.py:190} INFO - [2024-09-27T14:21:45.532+0200] {dag.py:4180} INFO - Setting next_dagrun for tutorial_dag to None, run_after=None
[2024-09-27T14:21:45.550+0200] {processor.py:208} INFO - Processing /home/julian/.cache/pypoetry/virtualenvs/real-time-data-lake-QWGm5iRW-py3.11/lib/python3.11/site-packages/airflow/example_dags/tutorial_dag.py took 0.092 seconds
[2024-09-27T14:22:39.744+0200] {processor.py:186} INFO - Started process (PID=280280) to work on /home/julian/.cache/pypoetry/virtualenvs/real-time-data-lake-QWGm5iRW-py3.11/lib/python3.11/site-packages/airflow/example_dags/tutorial_dag.py
[2024-09-27T14:22:39.750+0200] {processor.py:914} INFO - Processing file /home/julian/.cache/pypoetry/virtualenvs/real-time-data-lake-QWGm5iRW-py3.11/lib/python3.11/site-packages/airflow/example_dags/tutorial_dag.py for tasks to queue
[2024-09-27T14:22:39.753+0200] {logging_mixin.py:190} INFO - [2024-09-27T14:22:39.753+0200] {dagbag.py:588} INFO - Filling up the DagBag from /home/julian/.cache/pypoetry/virtualenvs/real-time-data-lake-QWGm5iRW-py3.11/lib/python3.11/site-packages/airflow/example_dags/tutorial_dag.py
[2024-09-27T14:22:39.762+0200] {processor.py:925} INFO - DAG(s) 'tutorial_dag' retrieved from /home/julian/.cache/pypoetry/virtualenvs/real-time-data-lake-QWGm5iRW-py3.11/lib/python3.11/site-packages/airflow/example_dags/tutorial_dag.py
[2024-09-27T14:22:39.783+0200] {logging_mixin.py:190} INFO - [2024-09-27T14:22:39.783+0200] {dag.py:3239} INFO - Sync 1 DAGs
[2024-09-27T14:22:39.797+0200] {logging_mixin.py:190} INFO - [2024-09-27T14:22:39.797+0200] {dag.py:4180} INFO - Setting next_dagrun for tutorial_dag to None, run_after=None
[2024-09-27T14:22:39.810+0200] {processor.py:208} INFO - Processing /home/julian/.cache/pypoetry/virtualenvs/real-time-data-lake-QWGm5iRW-py3.11/lib/python3.11/site-packages/airflow/example_dags/tutorial_dag.py took 0.073 seconds
[2024-09-27T14:23:31.222+0200] {processor.py:186} INFO - Started process (PID=280434) to work on /home/julian/.cache/pypoetry/virtualenvs/real-time-data-lake-QWGm5iRW-py3.11/lib/python3.11/site-packages/airflow/example_dags/tutorial_dag.py
[2024-09-27T14:23:31.228+0200] {processor.py:914} INFO - Processing file /home/julian/.cache/pypoetry/virtualenvs/real-time-data-lake-QWGm5iRW-py3.11/lib/python3.11/site-packages/airflow/example_dags/tutorial_dag.py for tasks to queue
[2024-09-27T14:23:31.230+0200] {logging_mixin.py:190} INFO - [2024-09-27T14:23:31.230+0200] {dagbag.py:588} INFO - Filling up the DagBag from /home/julian/.cache/pypoetry/virtualenvs/real-time-data-lake-QWGm5iRW-py3.11/lib/python3.11/site-packages/airflow/example_dags/tutorial_dag.py
[2024-09-27T14:23:31.240+0200] {processor.py:925} INFO - DAG(s) 'tutorial_dag' retrieved from /home/julian/.cache/pypoetry/virtualenvs/real-time-data-lake-QWGm5iRW-py3.11/lib/python3.11/site-packages/airflow/example_dags/tutorial_dag.py
[2024-09-27T14:23:31.258+0200] {logging_mixin.py:190} INFO - [2024-09-27T14:23:31.258+0200] {dag.py:3239} INFO - Sync 1 DAGs
[2024-09-27T14:23:31.274+0200] {logging_mixin.py:190} INFO - [2024-09-27T14:23:31.274+0200] {dag.py:4180} INFO - Setting next_dagrun for tutorial_dag to None, run_after=None
[2024-09-27T14:23:31.287+0200] {processor.py:208} INFO - Processing /home/julian/.cache/pypoetry/virtualenvs/real-time-data-lake-QWGm5iRW-py3.11/lib/python3.11/site-packages/airflow/example_dags/tutorial_dag.py took 0.072 seconds
[2024-09-27T14:24:22.639+0200] {processor.py:186} INFO - Started process (PID=280540) to work on /home/julian/.cache/pypoetry/virtualenvs/real-time-data-lake-QWGm5iRW-py3.11/lib/python3.11/site-packages/airflow/example_dags/tutorial_dag.py
[2024-09-27T14:24:22.640+0200] {processor.py:914} INFO - Processing file /home/julian/.cache/pypoetry/virtualenvs/real-time-data-lake-QWGm5iRW-py3.11/lib/python3.11/site-packages/airflow/example_dags/tutorial_dag.py for tasks to queue
[2024-09-27T14:24:22.643+0200] {logging_mixin.py:190} INFO - [2024-09-27T14:24:22.642+0200] {dagbag.py:588} INFO - Filling up the DagBag from /home/julian/.cache/pypoetry/virtualenvs/real-time-data-lake-QWGm5iRW-py3.11/lib/python3.11/site-packages/airflow/example_dags/tutorial_dag.py
[2024-09-27T14:24:22.652+0200] {processor.py:925} INFO - DAG(s) 'tutorial_dag' retrieved from /home/julian/.cache/pypoetry/virtualenvs/real-time-data-lake-QWGm5iRW-py3.11/lib/python3.11/site-packages/airflow/example_dags/tutorial_dag.py
[2024-09-27T14:24:22.669+0200] {logging_mixin.py:190} INFO - [2024-09-27T14:24:22.669+0200] {dag.py:3239} INFO - Sync 1 DAGs
[2024-09-27T14:24:22.676+0200] {logging_mixin.py:190} INFO - [2024-09-27T14:24:22.676+0200] {dag.py:4180} INFO - Setting next_dagrun for tutorial_dag to None, run_after=None
[2024-09-27T14:24:22.689+0200] {processor.py:208} INFO - Processing /home/julian/.cache/pypoetry/virtualenvs/real-time-data-lake-QWGm5iRW-py3.11/lib/python3.11/site-packages/airflow/example_dags/tutorial_dag.py took 0.057 seconds
[2024-09-27T14:25:12.994+0200] {processor.py:186} INFO - Started process (PID=280754) to work on /home/julian/.cache/pypoetry/virtualenvs/real-time-data-lake-QWGm5iRW-py3.11/lib/python3.11/site-packages/airflow/example_dags/tutorial_dag.py
[2024-09-27T14:25:13.000+0200] {processor.py:914} INFO - Processing file /home/julian/.cache/pypoetry/virtualenvs/real-time-data-lake-QWGm5iRW-py3.11/lib/python3.11/site-packages/airflow/example_dags/tutorial_dag.py for tasks to queue
[2024-09-27T14:25:13.002+0200] {logging_mixin.py:190} INFO - [2024-09-27T14:25:13.002+0200] {dagbag.py:588} INFO - Filling up the DagBag from /home/julian/.cache/pypoetry/virtualenvs/real-time-data-lake-QWGm5iRW-py3.11/lib/python3.11/site-packages/airflow/example_dags/tutorial_dag.py
[2024-09-27T14:25:13.007+0200] {processor.py:925} INFO - DAG(s) 'tutorial_dag' retrieved from /home/julian/.cache/pypoetry/virtualenvs/real-time-data-lake-QWGm5iRW-py3.11/lib/python3.11/site-packages/airflow/example_dags/tutorial_dag.py
[2024-09-27T14:25:13.016+0200] {logging_mixin.py:190} INFO - [2024-09-27T14:25:13.016+0200] {dag.py:3239} INFO - Sync 1 DAGs
[2024-09-27T14:25:13.024+0200] {logging_mixin.py:190} INFO - [2024-09-27T14:25:13.023+0200] {dag.py:4180} INFO - Setting next_dagrun for tutorial_dag to None, run_after=None
[2024-09-27T14:25:13.037+0200] {processor.py:208} INFO - Processing /home/julian/.cache/pypoetry/virtualenvs/real-time-data-lake-QWGm5iRW-py3.11/lib/python3.11/site-packages/airflow/example_dags/tutorial_dag.py took 0.050 seconds
[2024-09-27T14:30:12.460+0200] {processor.py:186} INFO - Started process (PID=281390) to work on /home/julian/.cache/pypoetry/virtualenvs/real-time-data-lake-QWGm5iRW-py3.11/lib/python3.11/site-packages/airflow/example_dags/tutorial_dag.py
[2024-09-27T14:30:12.462+0200] {processor.py:914} INFO - Processing file /home/julian/.cache/pypoetry/virtualenvs/real-time-data-lake-QWGm5iRW-py3.11/lib/python3.11/site-packages/airflow/example_dags/tutorial_dag.py for tasks to queue
[2024-09-27T14:30:12.465+0200] {logging_mixin.py:190} INFO - [2024-09-27T14:30:12.464+0200] {dagbag.py:588} INFO - Filling up the DagBag from /home/julian/.cache/pypoetry/virtualenvs/real-time-data-lake-QWGm5iRW-py3.11/lib/python3.11/site-packages/airflow/example_dags/tutorial_dag.py
[2024-09-27T14:30:12.474+0200] {processor.py:925} INFO - DAG(s) 'tutorial_dag' retrieved from /home/julian/.cache/pypoetry/virtualenvs/real-time-data-lake-QWGm5iRW-py3.11/lib/python3.11/site-packages/airflow/example_dags/tutorial_dag.py
[2024-09-27T14:30:12.499+0200] {logging_mixin.py:190} INFO - [2024-09-27T14:30:12.499+0200] {dag.py:3239} INFO - Sync 1 DAGs
[2024-09-27T14:30:12.507+0200] {logging_mixin.py:190} INFO - [2024-09-27T14:30:12.506+0200] {dag.py:4180} INFO - Setting next_dagrun for tutorial_dag to None, run_after=None
[2024-09-27T14:30:12.520+0200] {processor.py:208} INFO - Processing /home/julian/.cache/pypoetry/virtualenvs/real-time-data-lake-QWGm5iRW-py3.11/lib/python3.11/site-packages/airflow/example_dags/tutorial_dag.py took 0.067 seconds
[2024-09-27T14:31:06.569+0200] {processor.py:186} INFO - Started process (PID=281509) to work on /home/julian/.cache/pypoetry/virtualenvs/real-time-data-lake-QWGm5iRW-py3.11/lib/python3.11/site-packages/airflow/example_dags/tutorial_dag.py
[2024-09-27T14:31:06.575+0200] {processor.py:914} INFO - Processing file /home/julian/.cache/pypoetry/virtualenvs/real-time-data-lake-QWGm5iRW-py3.11/lib/python3.11/site-packages/airflow/example_dags/tutorial_dag.py for tasks to queue
[2024-09-27T14:31:06.579+0200] {logging_mixin.py:190} INFO - [2024-09-27T14:31:06.578+0200] {dagbag.py:588} INFO - Filling up the DagBag from /home/julian/.cache/pypoetry/virtualenvs/real-time-data-lake-QWGm5iRW-py3.11/lib/python3.11/site-packages/airflow/example_dags/tutorial_dag.py
[2024-09-27T14:31:06.587+0200] {processor.py:925} INFO - DAG(s) 'tutorial_dag' retrieved from /home/julian/.cache/pypoetry/virtualenvs/real-time-data-lake-QWGm5iRW-py3.11/lib/python3.11/site-packages/airflow/example_dags/tutorial_dag.py
[2024-09-27T14:31:06.606+0200] {logging_mixin.py:190} INFO - [2024-09-27T14:31:06.606+0200] {dag.py:3239} INFO - Sync 1 DAGs
[2024-09-27T14:31:06.624+0200] {logging_mixin.py:190} INFO - [2024-09-27T14:31:06.624+0200] {dag.py:4180} INFO - Setting next_dagrun for tutorial_dag to None, run_after=None
[2024-09-27T14:31:06.639+0200] {processor.py:208} INFO - Processing /home/julian/.cache/pypoetry/virtualenvs/real-time-data-lake-QWGm5iRW-py3.11/lib/python3.11/site-packages/airflow/example_dags/tutorial_dag.py took 0.076 seconds
[2024-09-27T14:31:54.864+0200] {processor.py:186} INFO - Started process (PID=281582) to work on /home/julian/.cache/pypoetry/virtualenvs/real-time-data-lake-QWGm5iRW-py3.11/lib/python3.11/site-packages/airflow/example_dags/tutorial_dag.py
[2024-09-27T14:31:54.870+0200] {processor.py:914} INFO - Processing file /home/julian/.cache/pypoetry/virtualenvs/real-time-data-lake-QWGm5iRW-py3.11/lib/python3.11/site-packages/airflow/example_dags/tutorial_dag.py for tasks to queue
[2024-09-27T14:31:54.873+0200] {logging_mixin.py:190} INFO - [2024-09-27T14:31:54.872+0200] {dagbag.py:588} INFO - Filling up the DagBag from /home/julian/.cache/pypoetry/virtualenvs/real-time-data-lake-QWGm5iRW-py3.11/lib/python3.11/site-packages/airflow/example_dags/tutorial_dag.py
[2024-09-27T14:31:54.882+0200] {processor.py:925} INFO - DAG(s) 'tutorial_dag' retrieved from /home/julian/.cache/pypoetry/virtualenvs/real-time-data-lake-QWGm5iRW-py3.11/lib/python3.11/site-packages/airflow/example_dags/tutorial_dag.py
[2024-09-27T14:31:54.902+0200] {logging_mixin.py:190} INFO - [2024-09-27T14:31:54.902+0200] {dag.py:3239} INFO - Sync 1 DAGs
[2024-09-27T14:31:54.917+0200] {logging_mixin.py:190} INFO - [2024-09-27T14:31:54.917+0200] {dag.py:4180} INFO - Setting next_dagrun for tutorial_dag to None, run_after=None
[2024-09-27T14:31:54.933+0200] {processor.py:208} INFO - Processing /home/julian/.cache/pypoetry/virtualenvs/real-time-data-lake-QWGm5iRW-py3.11/lib/python3.11/site-packages/airflow/example_dags/tutorial_dag.py took 0.076 seconds
[2024-09-27T14:32:44.857+0200] {processor.py:186} INFO - Started process (PID=281732) to work on /home/julian/.cache/pypoetry/virtualenvs/real-time-data-lake-QWGm5iRW-py3.11/lib/python3.11/site-packages/airflow/example_dags/tutorial_dag.py
[2024-09-27T14:32:44.863+0200] {processor.py:914} INFO - Processing file /home/julian/.cache/pypoetry/virtualenvs/real-time-data-lake-QWGm5iRW-py3.11/lib/python3.11/site-packages/airflow/example_dags/tutorial_dag.py for tasks to queue
[2024-09-27T14:32:44.865+0200] {logging_mixin.py:190} INFO - [2024-09-27T14:32:44.865+0200] {dagbag.py:588} INFO - Filling up the DagBag from /home/julian/.cache/pypoetry/virtualenvs/real-time-data-lake-QWGm5iRW-py3.11/lib/python3.11/site-packages/airflow/example_dags/tutorial_dag.py
[2024-09-27T14:32:44.875+0200] {processor.py:925} INFO - DAG(s) 'tutorial_dag' retrieved from /home/julian/.cache/pypoetry/virtualenvs/real-time-data-lake-QWGm5iRW-py3.11/lib/python3.11/site-packages/airflow/example_dags/tutorial_dag.py
[2024-09-27T14:32:44.895+0200] {logging_mixin.py:190} INFO - [2024-09-27T14:32:44.894+0200] {dag.py:3239} INFO - Sync 1 DAGs
[2024-09-27T14:32:44.909+0200] {logging_mixin.py:190} INFO - [2024-09-27T14:32:44.909+0200] {dag.py:4180} INFO - Setting next_dagrun for tutorial_dag to None, run_after=None
[2024-09-27T14:32:44.922+0200] {processor.py:208} INFO - Processing /home/julian/.cache/pypoetry/virtualenvs/real-time-data-lake-QWGm5iRW-py3.11/lib/python3.11/site-packages/airflow/example_dags/tutorial_dag.py took 0.072 seconds
[2024-09-27T14:33:33.274+0200] {processor.py:186} INFO - Started process (PID=281812) to work on /home/julian/.cache/pypoetry/virtualenvs/real-time-data-lake-QWGm5iRW-py3.11/lib/python3.11/site-packages/airflow/example_dags/tutorial_dag.py
[2024-09-27T14:33:33.280+0200] {processor.py:914} INFO - Processing file /home/julian/.cache/pypoetry/virtualenvs/real-time-data-lake-QWGm5iRW-py3.11/lib/python3.11/site-packages/airflow/example_dags/tutorial_dag.py for tasks to queue
[2024-09-27T14:33:33.283+0200] {logging_mixin.py:190} INFO - [2024-09-27T14:33:33.282+0200] {dagbag.py:588} INFO - Filling up the DagBag from /home/julian/.cache/pypoetry/virtualenvs/real-time-data-lake-QWGm5iRW-py3.11/lib/python3.11/site-packages/airflow/example_dags/tutorial_dag.py
[2024-09-27T14:33:33.292+0200] {processor.py:925} INFO - DAG(s) 'tutorial_dag' retrieved from /home/julian/.cache/pypoetry/virtualenvs/real-time-data-lake-QWGm5iRW-py3.11/lib/python3.11/site-packages/airflow/example_dags/tutorial_dag.py
[2024-09-27T14:33:33.312+0200] {logging_mixin.py:190} INFO - [2024-09-27T14:33:33.312+0200] {dag.py:3239} INFO - Sync 1 DAGs
[2024-09-27T14:33:33.328+0200] {logging_mixin.py:190} INFO - [2024-09-27T14:33:33.327+0200] {dag.py:4180} INFO - Setting next_dagrun for tutorial_dag to None, run_after=None
[2024-09-27T14:33:33.341+0200] {processor.py:208} INFO - Processing /home/julian/.cache/pypoetry/virtualenvs/real-time-data-lake-QWGm5iRW-py3.11/lib/python3.11/site-packages/airflow/example_dags/tutorial_dag.py took 0.074 seconds
[2024-09-27T14:34:22.827+0200] {processor.py:186} INFO - Started process (PID=281926) to work on /home/julian/.cache/pypoetry/virtualenvs/real-time-data-lake-QWGm5iRW-py3.11/lib/python3.11/site-packages/airflow/example_dags/tutorial_dag.py
[2024-09-27T14:34:22.833+0200] {processor.py:914} INFO - Processing file /home/julian/.cache/pypoetry/virtualenvs/real-time-data-lake-QWGm5iRW-py3.11/lib/python3.11/site-packages/airflow/example_dags/tutorial_dag.py for tasks to queue
[2024-09-27T14:34:22.836+0200] {logging_mixin.py:190} INFO - [2024-09-27T14:34:22.835+0200] {dagbag.py:588} INFO - Filling up the DagBag from /home/julian/.cache/pypoetry/virtualenvs/real-time-data-lake-QWGm5iRW-py3.11/lib/python3.11/site-packages/airflow/example_dags/tutorial_dag.py
[2024-09-27T14:34:22.845+0200] {processor.py:925} INFO - DAG(s) 'tutorial_dag' retrieved from /home/julian/.cache/pypoetry/virtualenvs/real-time-data-lake-QWGm5iRW-py3.11/lib/python3.11/site-packages/airflow/example_dags/tutorial_dag.py
[2024-09-27T14:34:22.865+0200] {logging_mixin.py:190} INFO - [2024-09-27T14:34:22.865+0200] {dag.py:3239} INFO - Sync 1 DAGs
[2024-09-27T14:34:22.881+0200] {logging_mixin.py:190} INFO - [2024-09-27T14:34:22.880+0200] {dag.py:4180} INFO - Setting next_dagrun for tutorial_dag to None, run_after=None
[2024-09-27T14:34:22.893+0200] {processor.py:208} INFO - Processing /home/julian/.cache/pypoetry/virtualenvs/real-time-data-lake-QWGm5iRW-py3.11/lib/python3.11/site-packages/airflow/example_dags/tutorial_dag.py took 0.073 seconds
[2024-09-27T14:35:11.220+0200] {processor.py:186} INFO - Started process (PID=282132) to work on /home/julian/.cache/pypoetry/virtualenvs/real-time-data-lake-QWGm5iRW-py3.11/lib/python3.11/site-packages/airflow/example_dags/tutorial_dag.py
[2024-09-27T14:35:11.226+0200] {processor.py:914} INFO - Processing file /home/julian/.cache/pypoetry/virtualenvs/real-time-data-lake-QWGm5iRW-py3.11/lib/python3.11/site-packages/airflow/example_dags/tutorial_dag.py for tasks to queue
[2024-09-27T14:35:11.229+0200] {logging_mixin.py:190} INFO - [2024-09-27T14:35:11.229+0200] {dagbag.py:588} INFO - Filling up the DagBag from /home/julian/.cache/pypoetry/virtualenvs/real-time-data-lake-QWGm5iRW-py3.11/lib/python3.11/site-packages/airflow/example_dags/tutorial_dag.py
[2024-09-27T14:35:11.238+0200] {processor.py:925} INFO - DAG(s) 'tutorial_dag' retrieved from /home/julian/.cache/pypoetry/virtualenvs/real-time-data-lake-QWGm5iRW-py3.11/lib/python3.11/site-packages/airflow/example_dags/tutorial_dag.py
[2024-09-27T14:35:11.258+0200] {logging_mixin.py:190} INFO - [2024-09-27T14:35:11.258+0200] {dag.py:3239} INFO - Sync 1 DAGs
[2024-09-27T14:35:11.273+0200] {logging_mixin.py:190} INFO - [2024-09-27T14:35:11.273+0200] {dag.py:4180} INFO - Setting next_dagrun for tutorial_dag to None, run_after=None
[2024-09-27T14:35:11.286+0200] {processor.py:208} INFO - Processing /home/julian/.cache/pypoetry/virtualenvs/real-time-data-lake-QWGm5iRW-py3.11/lib/python3.11/site-packages/airflow/example_dags/tutorial_dag.py took 0.073 seconds
[2024-09-27T14:35:57.664+0200] {processor.py:186} INFO - Started process (PID=282213) to work on /home/julian/.cache/pypoetry/virtualenvs/real-time-data-lake-QWGm5iRW-py3.11/lib/python3.11/site-packages/airflow/example_dags/tutorial_dag.py
[2024-09-27T14:35:57.665+0200] {processor.py:914} INFO - Processing file /home/julian/.cache/pypoetry/virtualenvs/real-time-data-lake-QWGm5iRW-py3.11/lib/python3.11/site-packages/airflow/example_dags/tutorial_dag.py for tasks to queue
[2024-09-27T14:35:57.668+0200] {logging_mixin.py:190} INFO - [2024-09-27T14:35:57.667+0200] {dagbag.py:588} INFO - Filling up the DagBag from /home/julian/.cache/pypoetry/virtualenvs/real-time-data-lake-QWGm5iRW-py3.11/lib/python3.11/site-packages/airflow/example_dags/tutorial_dag.py
[2024-09-27T14:35:57.677+0200] {processor.py:925} INFO - DAG(s) 'tutorial_dag' retrieved from /home/julian/.cache/pypoetry/virtualenvs/real-time-data-lake-QWGm5iRW-py3.11/lib/python3.11/site-packages/airflow/example_dags/tutorial_dag.py
[2024-09-27T14:35:57.697+0200] {logging_mixin.py:190} INFO - [2024-09-27T14:35:57.697+0200] {dag.py:3239} INFO - Sync 1 DAGs
[2024-09-27T14:35:57.707+0200] {logging_mixin.py:190} INFO - [2024-09-27T14:35:57.707+0200] {dag.py:4180} INFO - Setting next_dagrun for tutorial_dag to None, run_after=None
[2024-09-27T14:35:57.721+0200] {processor.py:208} INFO - Processing /home/julian/.cache/pypoetry/virtualenvs/real-time-data-lake-QWGm5iRW-py3.11/lib/python3.11/site-packages/airflow/example_dags/tutorial_dag.py took 0.064 seconds
[2024-09-27T14:36:45.977+0200] {processor.py:186} INFO - Started process (PID=282284) to work on /home/julian/.cache/pypoetry/virtualenvs/real-time-data-lake-QWGm5iRW-py3.11/lib/python3.11/site-packages/airflow/example_dags/tutorial_dag.py
[2024-09-27T14:36:45.978+0200] {processor.py:914} INFO - Processing file /home/julian/.cache/pypoetry/virtualenvs/real-time-data-lake-QWGm5iRW-py3.11/lib/python3.11/site-packages/airflow/example_dags/tutorial_dag.py for tasks to queue
[2024-09-27T14:36:45.981+0200] {logging_mixin.py:190} INFO - [2024-09-27T14:36:45.980+0200] {dagbag.py:588} INFO - Filling up the DagBag from /home/julian/.cache/pypoetry/virtualenvs/real-time-data-lake-QWGm5iRW-py3.11/lib/python3.11/site-packages/airflow/example_dags/tutorial_dag.py
[2024-09-27T14:36:45.990+0200] {processor.py:925} INFO - DAG(s) 'tutorial_dag' retrieved from /home/julian/.cache/pypoetry/virtualenvs/real-time-data-lake-QWGm5iRW-py3.11/lib/python3.11/site-packages/airflow/example_dags/tutorial_dag.py
[2024-09-27T14:36:46.010+0200] {logging_mixin.py:190} INFO - [2024-09-27T14:36:46.010+0200] {dag.py:3239} INFO - Sync 1 DAGs
[2024-09-27T14:36:46.020+0200] {logging_mixin.py:190} INFO - [2024-09-27T14:36:46.020+0200] {dag.py:4180} INFO - Setting next_dagrun for tutorial_dag to None, run_after=None
[2024-09-27T14:36:46.034+0200] {processor.py:208} INFO - Processing /home/julian/.cache/pypoetry/virtualenvs/real-time-data-lake-QWGm5iRW-py3.11/lib/python3.11/site-packages/airflow/example_dags/tutorial_dag.py took 0.064 seconds
[2024-09-27T14:37:36.723+0200] {processor.py:186} INFO - Started process (PID=282456) to work on /home/julian/.cache/pypoetry/virtualenvs/real-time-data-lake-QWGm5iRW-py3.11/lib/python3.11/site-packages/airflow/example_dags/tutorial_dag.py
[2024-09-27T14:37:36.729+0200] {processor.py:914} INFO - Processing file /home/julian/.cache/pypoetry/virtualenvs/real-time-data-lake-QWGm5iRW-py3.11/lib/python3.11/site-packages/airflow/example_dags/tutorial_dag.py for tasks to queue
[2024-09-27T14:37:36.731+0200] {logging_mixin.py:190} INFO - [2024-09-27T14:37:36.730+0200] {dagbag.py:588} INFO - Filling up the DagBag from /home/julian/.cache/pypoetry/virtualenvs/real-time-data-lake-QWGm5iRW-py3.11/lib/python3.11/site-packages/airflow/example_dags/tutorial_dag.py
[2024-09-27T14:37:36.735+0200] {processor.py:925} INFO - DAG(s) 'tutorial_dag' retrieved from /home/julian/.cache/pypoetry/virtualenvs/real-time-data-lake-QWGm5iRW-py3.11/lib/python3.11/site-packages/airflow/example_dags/tutorial_dag.py
[2024-09-27T14:37:36.745+0200] {logging_mixin.py:190} INFO - [2024-09-27T14:37:36.745+0200] {dag.py:3239} INFO - Sync 1 DAGs
[2024-09-27T14:37:36.752+0200] {logging_mixin.py:190} INFO - [2024-09-27T14:37:36.752+0200] {dag.py:4180} INFO - Setting next_dagrun for tutorial_dag to None, run_after=None
[2024-09-27T14:37:36.766+0200] {processor.py:208} INFO - Processing /home/julian/.cache/pypoetry/virtualenvs/real-time-data-lake-QWGm5iRW-py3.11/lib/python3.11/site-packages/airflow/example_dags/tutorial_dag.py took 0.047 seconds
[2024-09-27T14:38:28.526+0200] {processor.py:186} INFO - Started process (PID=282743) to work on /home/julian/.cache/pypoetry/virtualenvs/real-time-data-lake-QWGm5iRW-py3.11/lib/python3.11/site-packages/airflow/example_dags/tutorial_dag.py
[2024-09-27T14:38:28.532+0200] {processor.py:914} INFO - Processing file /home/julian/.cache/pypoetry/virtualenvs/real-time-data-lake-QWGm5iRW-py3.11/lib/python3.11/site-packages/airflow/example_dags/tutorial_dag.py for tasks to queue
[2024-09-27T14:38:28.535+0200] {logging_mixin.py:190} INFO - [2024-09-27T14:38:28.534+0200] {dagbag.py:588} INFO - Filling up the DagBag from /home/julian/.cache/pypoetry/virtualenvs/real-time-data-lake-QWGm5iRW-py3.11/lib/python3.11/site-packages/airflow/example_dags/tutorial_dag.py
[2024-09-27T14:38:28.540+0200] {processor.py:925} INFO - DAG(s) 'tutorial_dag' retrieved from /home/julian/.cache/pypoetry/virtualenvs/real-time-data-lake-QWGm5iRW-py3.11/lib/python3.11/site-packages/airflow/example_dags/tutorial_dag.py
[2024-09-27T14:38:28.551+0200] {logging_mixin.py:190} INFO - [2024-09-27T14:38:28.551+0200] {dag.py:3239} INFO - Sync 1 DAGs
[2024-09-27T14:38:28.560+0200] {logging_mixin.py:190} INFO - [2024-09-27T14:38:28.560+0200] {dag.py:4180} INFO - Setting next_dagrun for tutorial_dag to None, run_after=None
[2024-09-27T14:38:28.576+0200] {processor.py:208} INFO - Processing /home/julian/.cache/pypoetry/virtualenvs/real-time-data-lake-QWGm5iRW-py3.11/lib/python3.11/site-packages/airflow/example_dags/tutorial_dag.py took 0.053 seconds
