[2024-09-27T14:20:07.032+0200] {processor.py:186} INFO - Started process (PID=279992) to work on /home/julian/.cache/pypoetry/virtualenvs/real-time-data-lake-QWGm5iRW-py3.11/lib/python3.11/site-packages/airflow/example_dags/tutorial.py
[2024-09-27T14:20:07.033+0200] {processor.py:914} INFO - Processing file /home/julian/.cache/pypoetry/virtualenvs/real-time-data-lake-QWGm5iRW-py3.11/lib/python3.11/site-packages/airflow/example_dags/tutorial.py for tasks to queue
[2024-09-27T14:20:07.035+0200] {logging_mixin.py:190} INFO - [2024-09-27T14:20:07.035+0200] {dagbag.py:588} INFO - Filling up the DagBag from /home/julian/.cache/pypoetry/virtualenvs/real-time-data-lake-QWGm5iRW-py3.11/lib/python3.11/site-packages/airflow/example_dags/tutorial.py
[2024-09-27T14:20:07.046+0200] {processor.py:925} INFO - DAG(s) 'tutorial' retrieved from /home/julian/.cache/pypoetry/virtualenvs/real-time-data-lake-QWGm5iRW-py3.11/lib/python3.11/site-packages/airflow/example_dags/tutorial.py
[2024-09-27T14:20:07.128+0200] {logging_mixin.py:190} INFO - [2024-09-27T14:20:07.127+0200] {override.py:1901} INFO - Created Permission View: can delete on DAG:tutorial
[2024-09-27T14:20:07.135+0200] {logging_mixin.py:190} INFO - [2024-09-27T14:20:07.135+0200] {override.py:1901} INFO - Created Permission View: can read on DAG:tutorial
[2024-09-27T14:20:07.141+0200] {logging_mixin.py:190} INFO - [2024-09-27T14:20:07.140+0200] {override.py:1901} INFO - Created Permission View: can edit on DAG:tutorial
[2024-09-27T14:20:07.151+0200] {logging_mixin.py:190} INFO - [2024-09-27T14:20:07.150+0200] {override.py:1901} INFO - Created Permission View: can create on DAG Run:tutorial
[2024-09-27T14:20:07.157+0200] {logging_mixin.py:190} INFO - [2024-09-27T14:20:07.156+0200] {override.py:1901} INFO - Created Permission View: can delete on DAG Run:tutorial
[2024-09-27T14:20:07.165+0200] {logging_mixin.py:190} INFO - [2024-09-27T14:20:07.165+0200] {override.py:1901} INFO - Created Permission View: can read on DAG Run:tutorial
[2024-09-27T14:20:07.173+0200] {logging_mixin.py:190} INFO - [2024-09-27T14:20:07.173+0200] {override.py:1901} INFO - Created Permission View: menu access on DAG Run:tutorial
[2024-09-27T14:20:07.174+0200] {logging_mixin.py:190} INFO - [2024-09-27T14:20:07.174+0200] {dag.py:3239} INFO - Sync 1 DAGs
[2024-09-27T14:20:07.180+0200] {logging_mixin.py:190} INFO - [2024-09-27T14:20:07.180+0200] {dag.py:3262} INFO - Creating ORM DAG for tutorial
[2024-09-27T14:20:07.185+0200] {logging_mixin.py:190} INFO - [2024-09-27T14:20:07.185+0200] {dag.py:4180} INFO - Setting next_dagrun for tutorial to 2024-09-26 00:00:00+00:00, run_after=2024-09-27 00:00:00+00:00
[2024-09-27T14:20:07.198+0200] {processor.py:208} INFO - Processing /home/julian/.cache/pypoetry/virtualenvs/real-time-data-lake-QWGm5iRW-py3.11/lib/python3.11/site-packages/airflow/example_dags/tutorial.py took 0.173 seconds
[2024-09-27T14:21:07.355+0200] {processor.py:186} INFO - Started process (PID=280104) to work on /home/julian/.cache/pypoetry/virtualenvs/real-time-data-lake-QWGm5iRW-py3.11/lib/python3.11/site-packages/airflow/example_dags/tutorial.py
[2024-09-27T14:21:07.361+0200] {processor.py:914} INFO - Processing file /home/julian/.cache/pypoetry/virtualenvs/real-time-data-lake-QWGm5iRW-py3.11/lib/python3.11/site-packages/airflow/example_dags/tutorial.py for tasks to queue
[2024-09-27T14:21:07.363+0200] {logging_mixin.py:190} INFO - [2024-09-27T14:21:07.363+0200] {dagbag.py:588} INFO - Filling up the DagBag from /home/julian/.cache/pypoetry/virtualenvs/real-time-data-lake-QWGm5iRW-py3.11/lib/python3.11/site-packages/airflow/example_dags/tutorial.py
[2024-09-27T14:21:07.373+0200] {processor.py:925} INFO - DAG(s) 'tutorial' retrieved from /home/julian/.cache/pypoetry/virtualenvs/real-time-data-lake-QWGm5iRW-py3.11/lib/python3.11/site-packages/airflow/example_dags/tutorial.py
[2024-09-27T14:21:07.394+0200] {logging_mixin.py:190} INFO - [2024-09-27T14:21:07.394+0200] {dag.py:3239} INFO - Sync 1 DAGs
[2024-09-27T14:21:07.413+0200] {logging_mixin.py:190} INFO - [2024-09-27T14:21:07.413+0200] {dag.py:4180} INFO - Setting next_dagrun for tutorial to 2024-09-26 00:00:00+00:00, run_after=2024-09-27 00:00:00+00:00
[2024-09-27T14:21:07.426+0200] {processor.py:208} INFO - Processing /home/julian/.cache/pypoetry/virtualenvs/real-time-data-lake-QWGm5iRW-py3.11/lib/python3.11/site-packages/airflow/example_dags/tutorial.py took 0.078 seconds
[2024-09-27T14:21:50.376+0200] {processor.py:186} INFO - Started process (PID=280205) to work on /home/julian/.cache/pypoetry/virtualenvs/real-time-data-lake-QWGm5iRW-py3.11/lib/python3.11/site-packages/airflow/example_dags/tutorial.py
[2024-09-27T14:21:50.382+0200] {processor.py:914} INFO - Processing file /home/julian/.cache/pypoetry/virtualenvs/real-time-data-lake-QWGm5iRW-py3.11/lib/python3.11/site-packages/airflow/example_dags/tutorial.py for tasks to queue
[2024-09-27T14:21:50.385+0200] {logging_mixin.py:190} INFO - [2024-09-27T14:21:50.384+0200] {dagbag.py:588} INFO - Filling up the DagBag from /home/julian/.cache/pypoetry/virtualenvs/real-time-data-lake-QWGm5iRW-py3.11/lib/python3.11/site-packages/airflow/example_dags/tutorial.py
[2024-09-27T14:21:50.394+0200] {processor.py:925} INFO - DAG(s) 'tutorial' retrieved from /home/julian/.cache/pypoetry/virtualenvs/real-time-data-lake-QWGm5iRW-py3.11/lib/python3.11/site-packages/airflow/example_dags/tutorial.py
[2024-09-27T14:21:50.417+0200] {logging_mixin.py:190} INFO - [2024-09-27T14:21:50.417+0200] {dag.py:3239} INFO - Sync 1 DAGs
[2024-09-27T14:21:50.441+0200] {logging_mixin.py:190} INFO - [2024-09-27T14:21:50.441+0200] {dag.py:4180} INFO - Setting next_dagrun for tutorial to 2024-09-26 00:00:00+00:00, run_after=2024-09-27 00:00:00+00:00
[2024-09-27T14:21:50.455+0200] {processor.py:208} INFO - Processing /home/julian/.cache/pypoetry/virtualenvs/real-time-data-lake-QWGm5iRW-py3.11/lib/python3.11/site-packages/airflow/example_dags/tutorial.py took 0.086 seconds
[2024-09-27T14:22:43.740+0200] {processor.py:186} INFO - Started process (PID=280303) to work on /home/julian/.cache/pypoetry/virtualenvs/real-time-data-lake-QWGm5iRW-py3.11/lib/python3.11/site-packages/airflow/example_dags/tutorial.py
[2024-09-27T14:22:43.741+0200] {processor.py:914} INFO - Processing file /home/julian/.cache/pypoetry/virtualenvs/real-time-data-lake-QWGm5iRW-py3.11/lib/python3.11/site-packages/airflow/example_dags/tutorial.py for tasks to queue
[2024-09-27T14:22:43.744+0200] {logging_mixin.py:190} INFO - [2024-09-27T14:22:43.743+0200] {dagbag.py:588} INFO - Filling up the DagBag from /home/julian/.cache/pypoetry/virtualenvs/real-time-data-lake-QWGm5iRW-py3.11/lib/python3.11/site-packages/airflow/example_dags/tutorial.py
[2024-09-27T14:22:43.753+0200] {processor.py:925} INFO - DAG(s) 'tutorial' retrieved from /home/julian/.cache/pypoetry/virtualenvs/real-time-data-lake-QWGm5iRW-py3.11/lib/python3.11/site-packages/airflow/example_dags/tutorial.py
[2024-09-27T14:22:43.771+0200] {logging_mixin.py:190} INFO - [2024-09-27T14:22:43.771+0200] {dag.py:3239} INFO - Sync 1 DAGs
[2024-09-27T14:22:43.790+0200] {logging_mixin.py:190} INFO - [2024-09-27T14:22:43.790+0200] {dag.py:4180} INFO - Setting next_dagrun for tutorial to 2024-09-26 00:00:00+00:00, run_after=2024-09-27 00:00:00+00:00
[2024-09-27T14:22:43.803+0200] {processor.py:208} INFO - Processing /home/julian/.cache/pypoetry/virtualenvs/real-time-data-lake-QWGm5iRW-py3.11/lib/python3.11/site-packages/airflow/example_dags/tutorial.py took 0.070 seconds
[2024-09-27T14:23:36.383+0200] {processor.py:186} INFO - Started process (PID=280445) to work on /home/julian/.cache/pypoetry/virtualenvs/real-time-data-lake-QWGm5iRW-py3.11/lib/python3.11/site-packages/airflow/example_dags/tutorial.py
[2024-09-27T14:23:36.389+0200] {processor.py:914} INFO - Processing file /home/julian/.cache/pypoetry/virtualenvs/real-time-data-lake-QWGm5iRW-py3.11/lib/python3.11/site-packages/airflow/example_dags/tutorial.py for tasks to queue
[2024-09-27T14:23:36.392+0200] {logging_mixin.py:190} INFO - [2024-09-27T14:23:36.392+0200] {dagbag.py:588} INFO - Filling up the DagBag from /home/julian/.cache/pypoetry/virtualenvs/real-time-data-lake-QWGm5iRW-py3.11/lib/python3.11/site-packages/airflow/example_dags/tutorial.py
[2024-09-27T14:23:36.396+0200] {processor.py:925} INFO - DAG(s) 'tutorial' retrieved from /home/julian/.cache/pypoetry/virtualenvs/real-time-data-lake-QWGm5iRW-py3.11/lib/python3.11/site-packages/airflow/example_dags/tutorial.py
[2024-09-27T14:23:36.406+0200] {logging_mixin.py:190} INFO - [2024-09-27T14:23:36.406+0200] {dag.py:3239} INFO - Sync 1 DAGs
[2024-09-27T14:23:36.418+0200] {logging_mixin.py:190} INFO - [2024-09-27T14:23:36.417+0200] {dag.py:4180} INFO - Setting next_dagrun for tutorial to 2024-09-26 00:00:00+00:00, run_after=2024-09-27 00:00:00+00:00
[2024-09-27T14:23:36.433+0200] {processor.py:208} INFO - Processing /home/julian/.cache/pypoetry/virtualenvs/real-time-data-lake-QWGm5iRW-py3.11/lib/python3.11/site-packages/airflow/example_dags/tutorial.py took 0.056 seconds
[2024-09-27T14:24:26.637+0200] {processor.py:186} INFO - Started process (PID=280583) to work on /home/julian/.cache/pypoetry/virtualenvs/real-time-data-lake-QWGm5iRW-py3.11/lib/python3.11/site-packages/airflow/example_dags/tutorial.py
[2024-09-27T14:24:26.638+0200] {processor.py:914} INFO - Processing file /home/julian/.cache/pypoetry/virtualenvs/real-time-data-lake-QWGm5iRW-py3.11/lib/python3.11/site-packages/airflow/example_dags/tutorial.py for tasks to queue
[2024-09-27T14:24:26.642+0200] {logging_mixin.py:190} INFO - [2024-09-27T14:24:26.641+0200] {dagbag.py:588} INFO - Filling up the DagBag from /home/julian/.cache/pypoetry/virtualenvs/real-time-data-lake-QWGm5iRW-py3.11/lib/python3.11/site-packages/airflow/example_dags/tutorial.py
[2024-09-27T14:24:26.651+0200] {processor.py:925} INFO - DAG(s) 'tutorial' retrieved from /home/julian/.cache/pypoetry/virtualenvs/real-time-data-lake-QWGm5iRW-py3.11/lib/python3.11/site-packages/airflow/example_dags/tutorial.py
[2024-09-27T14:24:26.669+0200] {logging_mixin.py:190} INFO - [2024-09-27T14:24:26.669+0200] {dag.py:3239} INFO - Sync 1 DAGs
[2024-09-27T14:24:26.688+0200] {logging_mixin.py:190} INFO - [2024-09-27T14:24:26.688+0200] {dag.py:4180} INFO - Setting next_dagrun for tutorial to 2024-09-26 00:00:00+00:00, run_after=2024-09-27 00:00:00+00:00
[2024-09-27T14:24:26.702+0200] {processor.py:208} INFO - Processing /home/julian/.cache/pypoetry/virtualenvs/real-time-data-lake-QWGm5iRW-py3.11/lib/python3.11/site-packages/airflow/example_dags/tutorial.py took 0.072 seconds
[2024-09-27T14:25:18.154+0200] {processor.py:186} INFO - Started process (PID=280762) to work on /home/julian/.cache/pypoetry/virtualenvs/real-time-data-lake-QWGm5iRW-py3.11/lib/python3.11/site-packages/airflow/example_dags/tutorial.py
[2024-09-27T14:25:18.160+0200] {processor.py:914} INFO - Processing file /home/julian/.cache/pypoetry/virtualenvs/real-time-data-lake-QWGm5iRW-py3.11/lib/python3.11/site-packages/airflow/example_dags/tutorial.py for tasks to queue
[2024-09-27T14:25:18.163+0200] {logging_mixin.py:190} INFO - [2024-09-27T14:25:18.162+0200] {dagbag.py:588} INFO - Filling up the DagBag from /home/julian/.cache/pypoetry/virtualenvs/real-time-data-lake-QWGm5iRW-py3.11/lib/python3.11/site-packages/airflow/example_dags/tutorial.py
[2024-09-27T14:25:18.173+0200] {processor.py:925} INFO - DAG(s) 'tutorial' retrieved from /home/julian/.cache/pypoetry/virtualenvs/real-time-data-lake-QWGm5iRW-py3.11/lib/python3.11/site-packages/airflow/example_dags/tutorial.py
[2024-09-27T14:25:18.192+0200] {logging_mixin.py:190} INFO - [2024-09-27T14:25:18.192+0200] {dag.py:3239} INFO - Sync 1 DAGs
[2024-09-27T14:25:18.213+0200] {logging_mixin.py:190} INFO - [2024-09-27T14:25:18.212+0200] {dag.py:4180} INFO - Setting next_dagrun for tutorial to 2024-09-26 00:00:00+00:00, run_after=2024-09-27 00:00:00+00:00
[2024-09-27T14:25:18.226+0200] {processor.py:208} INFO - Processing /home/julian/.cache/pypoetry/virtualenvs/real-time-data-lake-QWGm5iRW-py3.11/lib/python3.11/site-packages/airflow/example_dags/tutorial.py took 0.079 seconds
[2024-09-27T14:30:17.385+0200] {processor.py:186} INFO - Started process (PID=281396) to work on /home/julian/.cache/pypoetry/virtualenvs/real-time-data-lake-QWGm5iRW-py3.11/lib/python3.11/site-packages/airflow/example_dags/tutorial.py
[2024-09-27T14:30:17.391+0200] {processor.py:914} INFO - Processing file /home/julian/.cache/pypoetry/virtualenvs/real-time-data-lake-QWGm5iRW-py3.11/lib/python3.11/site-packages/airflow/example_dags/tutorial.py for tasks to queue
[2024-09-27T14:30:17.394+0200] {logging_mixin.py:190} INFO - [2024-09-27T14:30:17.394+0200] {dagbag.py:588} INFO - Filling up the DagBag from /home/julian/.cache/pypoetry/virtualenvs/real-time-data-lake-QWGm5iRW-py3.11/lib/python3.11/site-packages/airflow/example_dags/tutorial.py
[2024-09-27T14:30:17.404+0200] {processor.py:925} INFO - DAG(s) 'tutorial' retrieved from /home/julian/.cache/pypoetry/virtualenvs/real-time-data-lake-QWGm5iRW-py3.11/lib/python3.11/site-packages/airflow/example_dags/tutorial.py
[2024-09-27T14:30:17.429+0200] {logging_mixin.py:190} INFO - [2024-09-27T14:30:17.429+0200] {dag.py:3239} INFO - Sync 1 DAGs
[2024-09-27T14:30:17.444+0200] {logging_mixin.py:190} INFO - [2024-09-27T14:30:17.444+0200] {dag.py:4180} INFO - Setting next_dagrun for tutorial to 2024-09-26 00:00:00+00:00, run_after=2024-09-27 00:00:00+00:00
[2024-09-27T14:30:17.457+0200] {processor.py:208} INFO - Processing /home/julian/.cache/pypoetry/virtualenvs/real-time-data-lake-QWGm5iRW-py3.11/lib/python3.11/site-packages/airflow/example_dags/tutorial.py took 0.078 seconds
[2024-09-27T14:31:10.569+0200] {processor.py:186} INFO - Started process (PID=281514) to work on /home/julian/.cache/pypoetry/virtualenvs/real-time-data-lake-QWGm5iRW-py3.11/lib/python3.11/site-packages/airflow/example_dags/tutorial.py
[2024-09-27T14:31:10.575+0200] {processor.py:914} INFO - Processing file /home/julian/.cache/pypoetry/virtualenvs/real-time-data-lake-QWGm5iRW-py3.11/lib/python3.11/site-packages/airflow/example_dags/tutorial.py for tasks to queue
[2024-09-27T14:31:10.578+0200] {logging_mixin.py:190} INFO - [2024-09-27T14:31:10.577+0200] {dagbag.py:588} INFO - Filling up the DagBag from /home/julian/.cache/pypoetry/virtualenvs/real-time-data-lake-QWGm5iRW-py3.11/lib/python3.11/site-packages/airflow/example_dags/tutorial.py
[2024-09-27T14:31:10.586+0200] {processor.py:925} INFO - DAG(s) 'tutorial' retrieved from /home/julian/.cache/pypoetry/virtualenvs/real-time-data-lake-QWGm5iRW-py3.11/lib/python3.11/site-packages/airflow/example_dags/tutorial.py
[2024-09-27T14:31:10.606+0200] {logging_mixin.py:190} INFO - [2024-09-27T14:31:10.606+0200] {dag.py:3239} INFO - Sync 1 DAGs
[2024-09-27T14:31:10.627+0200] {logging_mixin.py:190} INFO - [2024-09-27T14:31:10.627+0200] {dag.py:4180} INFO - Setting next_dagrun for tutorial to 2024-09-26 00:00:00+00:00, run_after=2024-09-27 00:00:00+00:00
[2024-09-27T14:31:10.640+0200] {processor.py:208} INFO - Processing /home/julian/.cache/pypoetry/virtualenvs/real-time-data-lake-QWGm5iRW-py3.11/lib/python3.11/site-packages/airflow/example_dags/tutorial.py took 0.078 seconds
[2024-09-27T14:32:00.828+0200] {processor.py:186} INFO - Started process (PID=281596) to work on /home/julian/.cache/pypoetry/virtualenvs/real-time-data-lake-QWGm5iRW-py3.11/lib/python3.11/site-packages/airflow/example_dags/tutorial.py
[2024-09-27T14:32:00.834+0200] {processor.py:914} INFO - Processing file /home/julian/.cache/pypoetry/virtualenvs/real-time-data-lake-QWGm5iRW-py3.11/lib/python3.11/site-packages/airflow/example_dags/tutorial.py for tasks to queue
[2024-09-27T14:32:00.837+0200] {logging_mixin.py:190} INFO - [2024-09-27T14:32:00.837+0200] {dagbag.py:588} INFO - Filling up the DagBag from /home/julian/.cache/pypoetry/virtualenvs/real-time-data-lake-QWGm5iRW-py3.11/lib/python3.11/site-packages/airflow/example_dags/tutorial.py
[2024-09-27T14:32:00.847+0200] {processor.py:925} INFO - DAG(s) 'tutorial' retrieved from /home/julian/.cache/pypoetry/virtualenvs/real-time-data-lake-QWGm5iRW-py3.11/lib/python3.11/site-packages/airflow/example_dags/tutorial.py
[2024-09-27T14:32:00.867+0200] {logging_mixin.py:190} INFO - [2024-09-27T14:32:00.867+0200] {dag.py:3239} INFO - Sync 1 DAGs
[2024-09-27T14:32:00.886+0200] {logging_mixin.py:190} INFO - [2024-09-27T14:32:00.886+0200] {dag.py:4180} INFO - Setting next_dagrun for tutorial to 2024-09-26 00:00:00+00:00, run_after=2024-09-27 00:00:00+00:00
[2024-09-27T14:32:00.900+0200] {processor.py:208} INFO - Processing /home/julian/.cache/pypoetry/virtualenvs/real-time-data-lake-QWGm5iRW-py3.11/lib/python3.11/site-packages/airflow/example_dags/tutorial.py took 0.078 seconds
[2024-09-27T14:32:50.020+0200] {processor.py:186} INFO - Started process (PID=281741) to work on /home/julian/.cache/pypoetry/virtualenvs/real-time-data-lake-QWGm5iRW-py3.11/lib/python3.11/site-packages/airflow/example_dags/tutorial.py
[2024-09-27T14:32:50.022+0200] {processor.py:914} INFO - Processing file /home/julian/.cache/pypoetry/virtualenvs/real-time-data-lake-QWGm5iRW-py3.11/lib/python3.11/site-packages/airflow/example_dags/tutorial.py for tasks to queue
[2024-09-27T14:32:50.025+0200] {logging_mixin.py:190} INFO - [2024-09-27T14:32:50.024+0200] {dagbag.py:588} INFO - Filling up the DagBag from /home/julian/.cache/pypoetry/virtualenvs/real-time-data-lake-QWGm5iRW-py3.11/lib/python3.11/site-packages/airflow/example_dags/tutorial.py
[2024-09-27T14:32:50.035+0200] {processor.py:925} INFO - DAG(s) 'tutorial' retrieved from /home/julian/.cache/pypoetry/virtualenvs/real-time-data-lake-QWGm5iRW-py3.11/lib/python3.11/site-packages/airflow/example_dags/tutorial.py
[2024-09-27T14:32:50.054+0200] {logging_mixin.py:190} INFO - [2024-09-27T14:32:50.054+0200] {dag.py:3239} INFO - Sync 1 DAGs
[2024-09-27T14:32:50.072+0200] {logging_mixin.py:190} INFO - [2024-09-27T14:32:50.072+0200] {dag.py:4180} INFO - Setting next_dagrun for tutorial to 2024-09-26 00:00:00+00:00, run_after=2024-09-27 00:00:00+00:00
[2024-09-27T14:32:50.087+0200] {processor.py:208} INFO - Processing /home/julian/.cache/pypoetry/virtualenvs/real-time-data-lake-QWGm5iRW-py3.11/lib/python3.11/site-packages/airflow/example_dags/tutorial.py took 0.074 seconds
[2024-09-27T14:33:38.811+0200] {processor.py:186} INFO - Started process (PID=281821) to work on /home/julian/.cache/pypoetry/virtualenvs/real-time-data-lake-QWGm5iRW-py3.11/lib/python3.11/site-packages/airflow/example_dags/tutorial.py
[2024-09-27T14:33:38.816+0200] {processor.py:914} INFO - Processing file /home/julian/.cache/pypoetry/virtualenvs/real-time-data-lake-QWGm5iRW-py3.11/lib/python3.11/site-packages/airflow/example_dags/tutorial.py for tasks to queue
[2024-09-27T14:33:38.818+0200] {logging_mixin.py:190} INFO - [2024-09-27T14:33:38.817+0200] {dagbag.py:588} INFO - Filling up the DagBag from /home/julian/.cache/pypoetry/virtualenvs/real-time-data-lake-QWGm5iRW-py3.11/lib/python3.11/site-packages/airflow/example_dags/tutorial.py
[2024-09-27T14:33:38.823+0200] {processor.py:925} INFO - DAG(s) 'tutorial' retrieved from /home/julian/.cache/pypoetry/virtualenvs/real-time-data-lake-QWGm5iRW-py3.11/lib/python3.11/site-packages/airflow/example_dags/tutorial.py
[2024-09-27T14:33:38.834+0200] {logging_mixin.py:190} INFO - [2024-09-27T14:33:38.834+0200] {dag.py:3239} INFO - Sync 1 DAGs
[2024-09-27T14:33:38.847+0200] {logging_mixin.py:190} INFO - [2024-09-27T14:33:38.847+0200] {dag.py:4180} INFO - Setting next_dagrun for tutorial to 2024-09-26 00:00:00+00:00, run_after=2024-09-27 00:00:00+00:00
[2024-09-27T14:33:38.863+0200] {processor.py:208} INFO - Processing /home/julian/.cache/pypoetry/virtualenvs/real-time-data-lake-QWGm5iRW-py3.11/lib/python3.11/site-packages/airflow/example_dags/tutorial.py took 0.056 seconds
[2024-09-27T14:34:27.901+0200] {processor.py:186} INFO - Started process (PID=281935) to work on /home/julian/.cache/pypoetry/virtualenvs/real-time-data-lake-QWGm5iRW-py3.11/lib/python3.11/site-packages/airflow/example_dags/tutorial.py
[2024-09-27T14:34:27.907+0200] {processor.py:914} INFO - Processing file /home/julian/.cache/pypoetry/virtualenvs/real-time-data-lake-QWGm5iRW-py3.11/lib/python3.11/site-packages/airflow/example_dags/tutorial.py for tasks to queue
[2024-09-27T14:34:27.910+0200] {logging_mixin.py:190} INFO - [2024-09-27T14:34:27.910+0200] {dagbag.py:588} INFO - Filling up the DagBag from /home/julian/.cache/pypoetry/virtualenvs/real-time-data-lake-QWGm5iRW-py3.11/lib/python3.11/site-packages/airflow/example_dags/tutorial.py
[2024-09-27T14:34:27.920+0200] {processor.py:925} INFO - DAG(s) 'tutorial' retrieved from /home/julian/.cache/pypoetry/virtualenvs/real-time-data-lake-QWGm5iRW-py3.11/lib/python3.11/site-packages/airflow/example_dags/tutorial.py
[2024-09-27T14:34:27.940+0200] {logging_mixin.py:190} INFO - [2024-09-27T14:34:27.940+0200] {dag.py:3239} INFO - Sync 1 DAGs
[2024-09-27T14:34:27.958+0200] {logging_mixin.py:190} INFO - [2024-09-27T14:34:27.958+0200] {dag.py:4180} INFO - Setting next_dagrun for tutorial to 2024-09-26 00:00:00+00:00, run_after=2024-09-27 00:00:00+00:00
[2024-09-27T14:34:27.972+0200] {processor.py:208} INFO - Processing /home/julian/.cache/pypoetry/virtualenvs/real-time-data-lake-QWGm5iRW-py3.11/lib/python3.11/site-packages/airflow/example_dags/tutorial.py took 0.078 seconds
[2024-09-27T14:35:15.864+0200] {processor.py:186} INFO - Started process (PID=282141) to work on /home/julian/.cache/pypoetry/virtualenvs/real-time-data-lake-QWGm5iRW-py3.11/lib/python3.11/site-packages/airflow/example_dags/tutorial.py
[2024-09-27T14:35:15.870+0200] {processor.py:914} INFO - Processing file /home/julian/.cache/pypoetry/virtualenvs/real-time-data-lake-QWGm5iRW-py3.11/lib/python3.11/site-packages/airflow/example_dags/tutorial.py for tasks to queue
[2024-09-27T14:35:15.873+0200] {logging_mixin.py:190} INFO - [2024-09-27T14:35:15.872+0200] {dagbag.py:588} INFO - Filling up the DagBag from /home/julian/.cache/pypoetry/virtualenvs/real-time-data-lake-QWGm5iRW-py3.11/lib/python3.11/site-packages/airflow/example_dags/tutorial.py
[2024-09-27T14:35:15.882+0200] {processor.py:925} INFO - DAG(s) 'tutorial' retrieved from /home/julian/.cache/pypoetry/virtualenvs/real-time-data-lake-QWGm5iRW-py3.11/lib/python3.11/site-packages/airflow/example_dags/tutorial.py
[2024-09-27T14:35:15.901+0200] {logging_mixin.py:190} INFO - [2024-09-27T14:35:15.901+0200] {dag.py:3239} INFO - Sync 1 DAGs
[2024-09-27T14:35:15.921+0200] {logging_mixin.py:190} INFO - [2024-09-27T14:35:15.920+0200] {dag.py:4180} INFO - Setting next_dagrun for tutorial to 2024-09-26 00:00:00+00:00, run_after=2024-09-27 00:00:00+00:00
[2024-09-27T14:35:15.936+0200] {processor.py:208} INFO - Processing /home/julian/.cache/pypoetry/virtualenvs/real-time-data-lake-QWGm5iRW-py3.11/lib/python3.11/site-packages/airflow/example_dags/tutorial.py took 0.079 seconds
[2024-09-27T14:36:03.262+0200] {processor.py:186} INFO - Started process (PID=282220) to work on /home/julian/.cache/pypoetry/virtualenvs/real-time-data-lake-QWGm5iRW-py3.11/lib/python3.11/site-packages/airflow/example_dags/tutorial.py
[2024-09-27T14:36:03.268+0200] {processor.py:914} INFO - Processing file /home/julian/.cache/pypoetry/virtualenvs/real-time-data-lake-QWGm5iRW-py3.11/lib/python3.11/site-packages/airflow/example_dags/tutorial.py for tasks to queue
[2024-09-27T14:36:03.270+0200] {logging_mixin.py:190} INFO - [2024-09-27T14:36:03.270+0200] {dagbag.py:588} INFO - Filling up the DagBag from /home/julian/.cache/pypoetry/virtualenvs/real-time-data-lake-QWGm5iRW-py3.11/lib/python3.11/site-packages/airflow/example_dags/tutorial.py
[2024-09-27T14:36:03.280+0200] {processor.py:925} INFO - DAG(s) 'tutorial' retrieved from /home/julian/.cache/pypoetry/virtualenvs/real-time-data-lake-QWGm5iRW-py3.11/lib/python3.11/site-packages/airflow/example_dags/tutorial.py
[2024-09-27T14:36:03.301+0200] {logging_mixin.py:190} INFO - [2024-09-27T14:36:03.300+0200] {dag.py:3239} INFO - Sync 1 DAGs
[2024-09-27T14:36:03.318+0200] {logging_mixin.py:190} INFO - [2024-09-27T14:36:03.318+0200] {dag.py:4180} INFO - Setting next_dagrun for tutorial to 2024-09-26 00:00:00+00:00, run_after=2024-09-27 00:00:00+00:00
[2024-09-27T14:36:03.332+0200] {processor.py:208} INFO - Processing /home/julian/.cache/pypoetry/virtualenvs/real-time-data-lake-QWGm5iRW-py3.11/lib/python3.11/site-packages/airflow/example_dags/tutorial.py took 0.077 seconds
[2024-09-27T14:36:50.836+0200] {processor.py:186} INFO - Started process (PID=282293) to work on /home/julian/.cache/pypoetry/virtualenvs/real-time-data-lake-QWGm5iRW-py3.11/lib/python3.11/site-packages/airflow/example_dags/tutorial.py
[2024-09-27T14:36:50.841+0200] {processor.py:914} INFO - Processing file /home/julian/.cache/pypoetry/virtualenvs/real-time-data-lake-QWGm5iRW-py3.11/lib/python3.11/site-packages/airflow/example_dags/tutorial.py for tasks to queue
[2024-09-27T14:36:50.845+0200] {logging_mixin.py:190} INFO - [2024-09-27T14:36:50.844+0200] {dagbag.py:588} INFO - Filling up the DagBag from /home/julian/.cache/pypoetry/virtualenvs/real-time-data-lake-QWGm5iRW-py3.11/lib/python3.11/site-packages/airflow/example_dags/tutorial.py
[2024-09-27T14:36:50.854+0200] {processor.py:925} INFO - DAG(s) 'tutorial' retrieved from /home/julian/.cache/pypoetry/virtualenvs/real-time-data-lake-QWGm5iRW-py3.11/lib/python3.11/site-packages/airflow/example_dags/tutorial.py
[2024-09-27T14:36:50.874+0200] {logging_mixin.py:190} INFO - [2024-09-27T14:36:50.874+0200] {dag.py:3239} INFO - Sync 1 DAGs
[2024-09-27T14:36:50.894+0200] {logging_mixin.py:190} INFO - [2024-09-27T14:36:50.893+0200] {dag.py:4180} INFO - Setting next_dagrun for tutorial to 2024-09-26 00:00:00+00:00, run_after=2024-09-27 00:00:00+00:00
[2024-09-27T14:36:50.907+0200] {processor.py:208} INFO - Processing /home/julian/.cache/pypoetry/virtualenvs/real-time-data-lake-QWGm5iRW-py3.11/lib/python3.11/site-packages/airflow/example_dags/tutorial.py took 0.078 seconds
[2024-09-27T14:37:42.244+0200] {processor.py:186} INFO - Started process (PID=282504) to work on /home/julian/.cache/pypoetry/virtualenvs/real-time-data-lake-QWGm5iRW-py3.11/lib/python3.11/site-packages/airflow/example_dags/tutorial.py
[2024-09-27T14:37:42.250+0200] {processor.py:914} INFO - Processing file /home/julian/.cache/pypoetry/virtualenvs/real-time-data-lake-QWGm5iRW-py3.11/lib/python3.11/site-packages/airflow/example_dags/tutorial.py for tasks to queue
[2024-09-27T14:37:42.253+0200] {logging_mixin.py:190} INFO - [2024-09-27T14:37:42.252+0200] {dagbag.py:588} INFO - Filling up the DagBag from /home/julian/.cache/pypoetry/virtualenvs/real-time-data-lake-QWGm5iRW-py3.11/lib/python3.11/site-packages/airflow/example_dags/tutorial.py
[2024-09-27T14:37:42.263+0200] {processor.py:925} INFO - DAG(s) 'tutorial' retrieved from /home/julian/.cache/pypoetry/virtualenvs/real-time-data-lake-QWGm5iRW-py3.11/lib/python3.11/site-packages/airflow/example_dags/tutorial.py
[2024-09-27T14:37:42.283+0200] {logging_mixin.py:190} INFO - [2024-09-27T14:37:42.283+0200] {dag.py:3239} INFO - Sync 1 DAGs
[2024-09-27T14:37:42.302+0200] {logging_mixin.py:190} INFO - [2024-09-27T14:37:42.301+0200] {dag.py:4180} INFO - Setting next_dagrun for tutorial to 2024-09-26 00:00:00+00:00, run_after=2024-09-27 00:00:00+00:00
[2024-09-27T14:37:42.317+0200] {processor.py:208} INFO - Processing /home/julian/.cache/pypoetry/virtualenvs/real-time-data-lake-QWGm5iRW-py3.11/lib/python3.11/site-packages/airflow/example_dags/tutorial.py took 0.079 seconds
[2024-09-27T14:38:33.680+0200] {processor.py:186} INFO - Started process (PID=282755) to work on /home/julian/.cache/pypoetry/virtualenvs/real-time-data-lake-QWGm5iRW-py3.11/lib/python3.11/site-packages/airflow/example_dags/tutorial.py
[2024-09-27T14:38:33.686+0200] {processor.py:914} INFO - Processing file /home/julian/.cache/pypoetry/virtualenvs/real-time-data-lake-QWGm5iRW-py3.11/lib/python3.11/site-packages/airflow/example_dags/tutorial.py for tasks to queue
[2024-09-27T14:38:33.689+0200] {logging_mixin.py:190} INFO - [2024-09-27T14:38:33.688+0200] {dagbag.py:588} INFO - Filling up the DagBag from /home/julian/.cache/pypoetry/virtualenvs/real-time-data-lake-QWGm5iRW-py3.11/lib/python3.11/site-packages/airflow/example_dags/tutorial.py
[2024-09-27T14:38:33.694+0200] {processor.py:925} INFO - DAG(s) 'tutorial' retrieved from /home/julian/.cache/pypoetry/virtualenvs/real-time-data-lake-QWGm5iRW-py3.11/lib/python3.11/site-packages/airflow/example_dags/tutorial.py
[2024-09-27T14:38:33.705+0200] {logging_mixin.py:190} INFO - [2024-09-27T14:38:33.704+0200] {dag.py:3239} INFO - Sync 1 DAGs
[2024-09-27T14:38:33.717+0200] {logging_mixin.py:190} INFO - [2024-09-27T14:38:33.717+0200] {dag.py:4180} INFO - Setting next_dagrun for tutorial to 2024-09-26 00:00:00+00:00, run_after=2024-09-27 00:00:00+00:00
[2024-09-27T14:38:33.731+0200] {processor.py:208} INFO - Processing /home/julian/.cache/pypoetry/virtualenvs/real-time-data-lake-QWGm5iRW-py3.11/lib/python3.11/site-packages/airflow/example_dags/tutorial.py took 0.058 seconds
