[2024-09-27T14:20:17.781+0200] {processor.py:186} INFO - Started process (PID=280022) to work on /home/julian/.cache/pypoetry/virtualenvs/real-time-data-lake-QWGm5iRW-py3.11/lib/python3.11/site-packages/airflow/example_dags/plugins/workday.py
[2024-09-27T14:20:17.782+0200] {processor.py:914} INFO - Processing file /home/julian/.cache/pypoetry/virtualenvs/real-time-data-lake-QWGm5iRW-py3.11/lib/python3.11/site-packages/airflow/example_dags/plugins/workday.py for tasks to queue
[2024-09-27T14:20:17.785+0200] {logging_mixin.py:190} INFO - [2024-09-27T14:20:17.784+0200] {dagbag.py:588} INFO - Filling up the DagBag from /home/julian/.cache/pypoetry/virtualenvs/real-time-data-lake-QWGm5iRW-py3.11/lib/python3.11/site-packages/airflow/example_dags/plugins/workday.py
[2024-09-27T14:20:17.787+0200] {processor.py:927} WARNING - No viable dags retrieved from /home/julian/.cache/pypoetry/virtualenvs/real-time-data-lake-QWGm5iRW-py3.11/lib/python3.11/site-packages/airflow/example_dags/plugins/workday.py
[2024-09-27T14:20:17.800+0200] {processor.py:208} INFO - Processing /home/julian/.cache/pypoetry/virtualenvs/real-time-data-lake-QWGm5iRW-py3.11/lib/python3.11/site-packages/airflow/example_dags/plugins/workday.py took 0.025 seconds
[2024-09-27T14:21:18.756+0200] {processor.py:186} INFO - Started process (PID=280122) to work on /home/julian/.cache/pypoetry/virtualenvs/real-time-data-lake-QWGm5iRW-py3.11/lib/python3.11/site-packages/airflow/example_dags/plugins/workday.py
[2024-09-27T14:21:18.762+0200] {processor.py:914} INFO - Processing file /home/julian/.cache/pypoetry/virtualenvs/real-time-data-lake-QWGm5iRW-py3.11/lib/python3.11/site-packages/airflow/example_dags/plugins/workday.py for tasks to queue
[2024-09-27T14:21:18.765+0200] {logging_mixin.py:190} INFO - [2024-09-27T14:21:18.764+0200] {dagbag.py:588} INFO - Filling up the DagBag from /home/julian/.cache/pypoetry/virtualenvs/real-time-data-lake-QWGm5iRW-py3.11/lib/python3.11/site-packages/airflow/example_dags/plugins/workday.py
[2024-09-27T14:21:18.767+0200] {processor.py:927} WARNING - No viable dags retrieved from /home/julian/.cache/pypoetry/virtualenvs/real-time-data-lake-QWGm5iRW-py3.11/lib/python3.11/site-packages/airflow/example_dags/plugins/workday.py
[2024-09-27T14:21:18.774+0200] {processor.py:208} INFO - Processing /home/julian/.cache/pypoetry/virtualenvs/real-time-data-lake-QWGm5iRW-py3.11/lib/python3.11/site-packages/airflow/example_dags/plugins/workday.py took 0.025 seconds
[2024-09-27T14:22:00.571+0200] {processor.py:186} INFO - Started process (PID=280224) to work on /home/julian/.cache/pypoetry/virtualenvs/real-time-data-lake-QWGm5iRW-py3.11/lib/python3.11/site-packages/airflow/example_dags/plugins/workday.py
[2024-09-27T14:22:00.576+0200] {processor.py:914} INFO - Processing file /home/julian/.cache/pypoetry/virtualenvs/real-time-data-lake-QWGm5iRW-py3.11/lib/python3.11/site-packages/airflow/example_dags/plugins/workday.py for tasks to queue
[2024-09-27T14:22:00.578+0200] {logging_mixin.py:190} INFO - [2024-09-27T14:22:00.578+0200] {dagbag.py:588} INFO - Filling up the DagBag from /home/julian/.cache/pypoetry/virtualenvs/real-time-data-lake-QWGm5iRW-py3.11/lib/python3.11/site-packages/airflow/example_dags/plugins/workday.py
[2024-09-27T14:22:00.579+0200] {processor.py:927} WARNING - No viable dags retrieved from /home/julian/.cache/pypoetry/virtualenvs/real-time-data-lake-QWGm5iRW-py3.11/lib/python3.11/site-packages/airflow/example_dags/plugins/workday.py
[2024-09-27T14:22:00.587+0200] {processor.py:208} INFO - Processing /home/julian/.cache/pypoetry/virtualenvs/real-time-data-lake-QWGm5iRW-py3.11/lib/python3.11/site-packages/airflow/example_dags/plugins/workday.py took 0.019 seconds
[2024-09-27T14:22:55.195+0200] {processor.py:186} INFO - Started process (PID=280319) to work on /home/julian/.cache/pypoetry/virtualenvs/real-time-data-lake-QWGm5iRW-py3.11/lib/python3.11/site-packages/airflow/example_dags/plugins/workday.py
[2024-09-27T14:22:55.201+0200] {processor.py:914} INFO - Processing file /home/julian/.cache/pypoetry/virtualenvs/real-time-data-lake-QWGm5iRW-py3.11/lib/python3.11/site-packages/airflow/example_dags/plugins/workday.py for tasks to queue
[2024-09-27T14:22:55.203+0200] {logging_mixin.py:190} INFO - [2024-09-27T14:22:55.203+0200] {dagbag.py:588} INFO - Filling up the DagBag from /home/julian/.cache/pypoetry/virtualenvs/real-time-data-lake-QWGm5iRW-py3.11/lib/python3.11/site-packages/airflow/example_dags/plugins/workday.py
[2024-09-27T14:22:55.206+0200] {processor.py:927} WARNING - No viable dags retrieved from /home/julian/.cache/pypoetry/virtualenvs/real-time-data-lake-QWGm5iRW-py3.11/lib/python3.11/site-packages/airflow/example_dags/plugins/workday.py
[2024-09-27T14:22:55.219+0200] {processor.py:208} INFO - Processing /home/julian/.cache/pypoetry/virtualenvs/real-time-data-lake-QWGm5iRW-py3.11/lib/python3.11/site-packages/airflow/example_dags/plugins/workday.py took 0.031 seconds
[2024-09-27T14:23:46.694+0200] {processor.py:186} INFO - Started process (PID=280479) to work on /home/julian/.cache/pypoetry/virtualenvs/real-time-data-lake-QWGm5iRW-py3.11/lib/python3.11/site-packages/airflow/example_dags/plugins/workday.py
[2024-09-27T14:23:46.695+0200] {processor.py:914} INFO - Processing file /home/julian/.cache/pypoetry/virtualenvs/real-time-data-lake-QWGm5iRW-py3.11/lib/python3.11/site-packages/airflow/example_dags/plugins/workday.py for tasks to queue
[2024-09-27T14:23:46.696+0200] {logging_mixin.py:190} INFO - [2024-09-27T14:23:46.696+0200] {dagbag.py:588} INFO - Filling up the DagBag from /home/julian/.cache/pypoetry/virtualenvs/real-time-data-lake-QWGm5iRW-py3.11/lib/python3.11/site-packages/airflow/example_dags/plugins/workday.py
[2024-09-27T14:23:46.697+0200] {processor.py:927} WARNING - No viable dags retrieved from /home/julian/.cache/pypoetry/virtualenvs/real-time-data-lake-QWGm5iRW-py3.11/lib/python3.11/site-packages/airflow/example_dags/plugins/workday.py
[2024-09-27T14:23:46.703+0200] {processor.py:208} INFO - Processing /home/julian/.cache/pypoetry/virtualenvs/real-time-data-lake-QWGm5iRW-py3.11/lib/python3.11/site-packages/airflow/example_dags/plugins/workday.py took 0.013 seconds
[2024-09-27T14:24:36.944+0200] {processor.py:186} INFO - Started process (PID=280676) to work on /home/julian/.cache/pypoetry/virtualenvs/real-time-data-lake-QWGm5iRW-py3.11/lib/python3.11/site-packages/airflow/example_dags/plugins/workday.py
[2024-09-27T14:24:36.945+0200] {processor.py:914} INFO - Processing file /home/julian/.cache/pypoetry/virtualenvs/real-time-data-lake-QWGm5iRW-py3.11/lib/python3.11/site-packages/airflow/example_dags/plugins/workday.py for tasks to queue
[2024-09-27T14:24:36.947+0200] {logging_mixin.py:190} INFO - [2024-09-27T14:24:36.947+0200] {dagbag.py:588} INFO - Filling up the DagBag from /home/julian/.cache/pypoetry/virtualenvs/real-time-data-lake-QWGm5iRW-py3.11/lib/python3.11/site-packages/airflow/example_dags/plugins/workday.py
[2024-09-27T14:24:36.950+0200] {processor.py:927} WARNING - No viable dags retrieved from /home/julian/.cache/pypoetry/virtualenvs/real-time-data-lake-QWGm5iRW-py3.11/lib/python3.11/site-packages/airflow/example_dags/plugins/workday.py
[2024-09-27T14:24:36.964+0200] {processor.py:208} INFO - Processing /home/julian/.cache/pypoetry/virtualenvs/real-time-data-lake-QWGm5iRW-py3.11/lib/python3.11/site-packages/airflow/example_dags/plugins/workday.py took 0.027 seconds
[2024-09-27T14:25:28.967+0200] {processor.py:186} INFO - Started process (PID=280778) to work on /home/julian/.cache/pypoetry/virtualenvs/real-time-data-lake-QWGm5iRW-py3.11/lib/python3.11/site-packages/airflow/example_dags/plugins/workday.py
[2024-09-27T14:25:28.972+0200] {processor.py:914} INFO - Processing file /home/julian/.cache/pypoetry/virtualenvs/real-time-data-lake-QWGm5iRW-py3.11/lib/python3.11/site-packages/airflow/example_dags/plugins/workday.py for tasks to queue
[2024-09-27T14:25:28.973+0200] {logging_mixin.py:190} INFO - [2024-09-27T14:25:28.973+0200] {dagbag.py:588} INFO - Filling up the DagBag from /home/julian/.cache/pypoetry/virtualenvs/real-time-data-lake-QWGm5iRW-py3.11/lib/python3.11/site-packages/airflow/example_dags/plugins/workday.py
[2024-09-27T14:25:28.975+0200] {processor.py:927} WARNING - No viable dags retrieved from /home/julian/.cache/pypoetry/virtualenvs/real-time-data-lake-QWGm5iRW-py3.11/lib/python3.11/site-packages/airflow/example_dags/plugins/workday.py
[2024-09-27T14:25:28.981+0200] {processor.py:208} INFO - Processing /home/julian/.cache/pypoetry/virtualenvs/real-time-data-lake-QWGm5iRW-py3.11/lib/python3.11/site-packages/airflow/example_dags/plugins/workday.py took 0.018 seconds
[2024-09-27T14:30:27.520+0200] {processor.py:186} INFO - Started process (PID=281413) to work on /home/julian/.cache/pypoetry/virtualenvs/real-time-data-lake-QWGm5iRW-py3.11/lib/python3.11/site-packages/airflow/example_dags/plugins/workday.py
[2024-09-27T14:30:27.526+0200] {processor.py:914} INFO - Processing file /home/julian/.cache/pypoetry/virtualenvs/real-time-data-lake-QWGm5iRW-py3.11/lib/python3.11/site-packages/airflow/example_dags/plugins/workday.py for tasks to queue
[2024-09-27T14:30:27.529+0200] {logging_mixin.py:190} INFO - [2024-09-27T14:30:27.528+0200] {dagbag.py:588} INFO - Filling up the DagBag from /home/julian/.cache/pypoetry/virtualenvs/real-time-data-lake-QWGm5iRW-py3.11/lib/python3.11/site-packages/airflow/example_dags/plugins/workday.py
[2024-09-27T14:30:27.531+0200] {processor.py:927} WARNING - No viable dags retrieved from /home/julian/.cache/pypoetry/virtualenvs/real-time-data-lake-QWGm5iRW-py3.11/lib/python3.11/site-packages/airflow/example_dags/plugins/workday.py
[2024-09-27T14:30:27.543+0200] {processor.py:208} INFO - Processing /home/julian/.cache/pypoetry/virtualenvs/real-time-data-lake-QWGm5iRW-py3.11/lib/python3.11/site-packages/airflow/example_dags/plugins/workday.py took 0.029 seconds
[2024-09-27T14:31:22.029+0200] {processor.py:186} INFO - Started process (PID=281531) to work on /home/julian/.cache/pypoetry/virtualenvs/real-time-data-lake-QWGm5iRW-py3.11/lib/python3.11/site-packages/airflow/example_dags/plugins/workday.py
[2024-09-27T14:31:22.035+0200] {processor.py:914} INFO - Processing file /home/julian/.cache/pypoetry/virtualenvs/real-time-data-lake-QWGm5iRW-py3.11/lib/python3.11/site-packages/airflow/example_dags/plugins/workday.py for tasks to queue
[2024-09-27T14:31:22.037+0200] {logging_mixin.py:190} INFO - [2024-09-27T14:31:22.037+0200] {dagbag.py:588} INFO - Filling up the DagBag from /home/julian/.cache/pypoetry/virtualenvs/real-time-data-lake-QWGm5iRW-py3.11/lib/python3.11/site-packages/airflow/example_dags/plugins/workday.py
[2024-09-27T14:31:22.039+0200] {processor.py:927} WARNING - No viable dags retrieved from /home/julian/.cache/pypoetry/virtualenvs/real-time-data-lake-QWGm5iRW-py3.11/lib/python3.11/site-packages/airflow/example_dags/plugins/workday.py
[2024-09-27T14:31:22.052+0200] {processor.py:208} INFO - Processing /home/julian/.cache/pypoetry/virtualenvs/real-time-data-lake-QWGm5iRW-py3.11/lib/python3.11/site-packages/airflow/example_dags/plugins/workday.py took 0.029 seconds
[2024-09-27T14:32:16.405+0200] {processor.py:186} INFO - Started process (PID=281617) to work on /home/julian/.cache/pypoetry/virtualenvs/real-time-data-lake-QWGm5iRW-py3.11/lib/python3.11/site-packages/airflow/example_dags/plugins/workday.py
[2024-09-27T14:32:16.411+0200] {processor.py:914} INFO - Processing file /home/julian/.cache/pypoetry/virtualenvs/real-time-data-lake-QWGm5iRW-py3.11/lib/python3.11/site-packages/airflow/example_dags/plugins/workday.py for tasks to queue
[2024-09-27T14:32:16.414+0200] {logging_mixin.py:190} INFO - [2024-09-27T14:32:16.413+0200] {dagbag.py:588} INFO - Filling up the DagBag from /home/julian/.cache/pypoetry/virtualenvs/real-time-data-lake-QWGm5iRW-py3.11/lib/python3.11/site-packages/airflow/example_dags/plugins/workday.py
[2024-09-27T14:32:16.416+0200] {processor.py:927} WARNING - No viable dags retrieved from /home/julian/.cache/pypoetry/virtualenvs/real-time-data-lake-QWGm5iRW-py3.11/lib/python3.11/site-packages/airflow/example_dags/plugins/workday.py
[2024-09-27T14:32:16.429+0200] {processor.py:208} INFO - Processing /home/julian/.cache/pypoetry/virtualenvs/real-time-data-lake-QWGm5iRW-py3.11/lib/python3.11/site-packages/airflow/example_dags/plugins/workday.py took 0.031 seconds
[2024-09-27T14:33:06.654+0200] {processor.py:186} INFO - Started process (PID=281770) to work on /home/julian/.cache/pypoetry/virtualenvs/real-time-data-lake-QWGm5iRW-py3.11/lib/python3.11/site-packages/airflow/example_dags/plugins/workday.py
[2024-09-27T14:33:06.660+0200] {processor.py:914} INFO - Processing file /home/julian/.cache/pypoetry/virtualenvs/real-time-data-lake-QWGm5iRW-py3.11/lib/python3.11/site-packages/airflow/example_dags/plugins/workday.py for tasks to queue
[2024-09-27T14:33:06.662+0200] {logging_mixin.py:190} INFO - [2024-09-27T14:33:06.662+0200] {dagbag.py:588} INFO - Filling up the DagBag from /home/julian/.cache/pypoetry/virtualenvs/real-time-data-lake-QWGm5iRW-py3.11/lib/python3.11/site-packages/airflow/example_dags/plugins/workday.py
[2024-09-27T14:33:06.665+0200] {processor.py:927} WARNING - No viable dags retrieved from /home/julian/.cache/pypoetry/virtualenvs/real-time-data-lake-QWGm5iRW-py3.11/lib/python3.11/site-packages/airflow/example_dags/plugins/workday.py
[2024-09-27T14:33:06.678+0200] {processor.py:208} INFO - Processing /home/julian/.cache/pypoetry/virtualenvs/real-time-data-lake-QWGm5iRW-py3.11/lib/python3.11/site-packages/airflow/example_dags/plugins/workday.py took 0.032 seconds
[2024-09-27T14:33:54.735+0200] {processor.py:186} INFO - Started process (PID=281886) to work on /home/julian/.cache/pypoetry/virtualenvs/real-time-data-lake-QWGm5iRW-py3.11/lib/python3.11/site-packages/airflow/example_dags/plugins/workday.py
[2024-09-27T14:33:54.741+0200] {processor.py:914} INFO - Processing file /home/julian/.cache/pypoetry/virtualenvs/real-time-data-lake-QWGm5iRW-py3.11/lib/python3.11/site-packages/airflow/example_dags/plugins/workday.py for tasks to queue
[2024-09-27T14:33:54.743+0200] {logging_mixin.py:190} INFO - [2024-09-27T14:33:54.743+0200] {dagbag.py:588} INFO - Filling up the DagBag from /home/julian/.cache/pypoetry/virtualenvs/real-time-data-lake-QWGm5iRW-py3.11/lib/python3.11/site-packages/airflow/example_dags/plugins/workday.py
[2024-09-27T14:33:54.746+0200] {processor.py:927} WARNING - No viable dags retrieved from /home/julian/.cache/pypoetry/virtualenvs/real-time-data-lake-QWGm5iRW-py3.11/lib/python3.11/site-packages/airflow/example_dags/plugins/workday.py
[2024-09-27T14:33:54.759+0200] {processor.py:208} INFO - Processing /home/julian/.cache/pypoetry/virtualenvs/real-time-data-lake-QWGm5iRW-py3.11/lib/python3.11/site-packages/airflow/example_dags/plugins/workday.py took 0.032 seconds
[2024-09-27T14:34:43.114+0200] {processor.py:186} INFO - Started process (PID=282094) to work on /home/julian/.cache/pypoetry/virtualenvs/real-time-data-lake-QWGm5iRW-py3.11/lib/python3.11/site-packages/airflow/example_dags/plugins/workday.py
[2024-09-27T14:34:43.115+0200] {processor.py:914} INFO - Processing file /home/julian/.cache/pypoetry/virtualenvs/real-time-data-lake-QWGm5iRW-py3.11/lib/python3.11/site-packages/airflow/example_dags/plugins/workday.py for tasks to queue
[2024-09-27T14:34:43.117+0200] {logging_mixin.py:190} INFO - [2024-09-27T14:34:43.117+0200] {dagbag.py:588} INFO - Filling up the DagBag from /home/julian/.cache/pypoetry/virtualenvs/real-time-data-lake-QWGm5iRW-py3.11/lib/python3.11/site-packages/airflow/example_dags/plugins/workday.py
[2024-09-27T14:34:43.120+0200] {processor.py:927} WARNING - No viable dags retrieved from /home/julian/.cache/pypoetry/virtualenvs/real-time-data-lake-QWGm5iRW-py3.11/lib/python3.11/site-packages/airflow/example_dags/plugins/workday.py
[2024-09-27T14:34:43.133+0200] {processor.py:208} INFO - Processing /home/julian/.cache/pypoetry/virtualenvs/real-time-data-lake-QWGm5iRW-py3.11/lib/python3.11/site-packages/airflow/example_dags/plugins/workday.py took 0.027 seconds
[2024-09-27T14:35:32.201+0200] {processor.py:186} INFO - Started process (PID=282167) to work on /home/julian/.cache/pypoetry/virtualenvs/real-time-data-lake-QWGm5iRW-py3.11/lib/python3.11/site-packages/airflow/example_dags/plugins/workday.py
[2024-09-27T14:35:32.206+0200] {processor.py:914} INFO - Processing file /home/julian/.cache/pypoetry/virtualenvs/real-time-data-lake-QWGm5iRW-py3.11/lib/python3.11/site-packages/airflow/example_dags/plugins/workday.py for tasks to queue
[2024-09-27T14:35:32.209+0200] {logging_mixin.py:190} INFO - [2024-09-27T14:35:32.208+0200] {dagbag.py:588} INFO - Filling up the DagBag from /home/julian/.cache/pypoetry/virtualenvs/real-time-data-lake-QWGm5iRW-py3.11/lib/python3.11/site-packages/airflow/example_dags/plugins/workday.py
[2024-09-27T14:35:32.212+0200] {processor.py:927} WARNING - No viable dags retrieved from /home/julian/.cache/pypoetry/virtualenvs/real-time-data-lake-QWGm5iRW-py3.11/lib/python3.11/site-packages/airflow/example_dags/plugins/workday.py
[2024-09-27T14:35:32.224+0200] {processor.py:208} INFO - Processing /home/julian/.cache/pypoetry/virtualenvs/real-time-data-lake-QWGm5iRW-py3.11/lib/python3.11/site-packages/airflow/example_dags/plugins/workday.py took 0.030 seconds
[2024-09-27T14:36:19.892+0200] {processor.py:186} INFO - Started process (PID=282245) to work on /home/julian/.cache/pypoetry/virtualenvs/real-time-data-lake-QWGm5iRW-py3.11/lib/python3.11/site-packages/airflow/example_dags/plugins/workday.py
[2024-09-27T14:36:19.898+0200] {processor.py:914} INFO - Processing file /home/julian/.cache/pypoetry/virtualenvs/real-time-data-lake-QWGm5iRW-py3.11/lib/python3.11/site-packages/airflow/example_dags/plugins/workday.py for tasks to queue
[2024-09-27T14:36:19.901+0200] {logging_mixin.py:190} INFO - [2024-09-27T14:36:19.900+0200] {dagbag.py:588} INFO - Filling up the DagBag from /home/julian/.cache/pypoetry/virtualenvs/real-time-data-lake-QWGm5iRW-py3.11/lib/python3.11/site-packages/airflow/example_dags/plugins/workday.py
[2024-09-27T14:36:19.904+0200] {processor.py:927} WARNING - No viable dags retrieved from /home/julian/.cache/pypoetry/virtualenvs/real-time-data-lake-QWGm5iRW-py3.11/lib/python3.11/site-packages/airflow/example_dags/plugins/workday.py
[2024-09-27T14:36:19.917+0200] {processor.py:208} INFO - Processing /home/julian/.cache/pypoetry/virtualenvs/real-time-data-lake-QWGm5iRW-py3.11/lib/python3.11/site-packages/airflow/example_dags/plugins/workday.py took 0.032 seconds
[2024-09-27T14:37:11.442+0200] {processor.py:186} INFO - Started process (PID=282322) to work on /home/julian/.cache/pypoetry/virtualenvs/real-time-data-lake-QWGm5iRW-py3.11/lib/python3.11/site-packages/airflow/example_dags/plugins/workday.py
[2024-09-27T14:37:11.443+0200] {processor.py:914} INFO - Processing file /home/julian/.cache/pypoetry/virtualenvs/real-time-data-lake-QWGm5iRW-py3.11/lib/python3.11/site-packages/airflow/example_dags/plugins/workday.py for tasks to queue
[2024-09-27T14:37:11.445+0200] {logging_mixin.py:190} INFO - [2024-09-27T14:37:11.444+0200] {dagbag.py:588} INFO - Filling up the DagBag from /home/julian/.cache/pypoetry/virtualenvs/real-time-data-lake-QWGm5iRW-py3.11/lib/python3.11/site-packages/airflow/example_dags/plugins/workday.py
[2024-09-27T14:37:11.447+0200] {processor.py:927} WARNING - No viable dags retrieved from /home/julian/.cache/pypoetry/virtualenvs/real-time-data-lake-QWGm5iRW-py3.11/lib/python3.11/site-packages/airflow/example_dags/plugins/workday.py
[2024-09-27T14:37:11.460+0200] {processor.py:208} INFO - Processing /home/julian/.cache/pypoetry/virtualenvs/real-time-data-lake-QWGm5iRW-py3.11/lib/python3.11/site-packages/airflow/example_dags/plugins/workday.py took 0.025 seconds
[2024-09-27T14:38:02.292+0200] {processor.py:186} INFO - Started process (PID=282554) to work on /home/julian/.cache/pypoetry/virtualenvs/real-time-data-lake-QWGm5iRW-py3.11/lib/python3.11/site-packages/airflow/example_dags/plugins/workday.py
[2024-09-27T14:38:02.298+0200] {processor.py:914} INFO - Processing file /home/julian/.cache/pypoetry/virtualenvs/real-time-data-lake-QWGm5iRW-py3.11/lib/python3.11/site-packages/airflow/example_dags/plugins/workday.py for tasks to queue
[2024-09-27T14:38:02.301+0200] {logging_mixin.py:190} INFO - [2024-09-27T14:38:02.300+0200] {dagbag.py:588} INFO - Filling up the DagBag from /home/julian/.cache/pypoetry/virtualenvs/real-time-data-lake-QWGm5iRW-py3.11/lib/python3.11/site-packages/airflow/example_dags/plugins/workday.py
[2024-09-27T14:38:02.303+0200] {processor.py:927} WARNING - No viable dags retrieved from /home/julian/.cache/pypoetry/virtualenvs/real-time-data-lake-QWGm5iRW-py3.11/lib/python3.11/site-packages/airflow/example_dags/plugins/workday.py
[2024-09-27T14:38:02.316+0200] {processor.py:208} INFO - Processing /home/julian/.cache/pypoetry/virtualenvs/real-time-data-lake-QWGm5iRW-py3.11/lib/python3.11/site-packages/airflow/example_dags/plugins/workday.py took 0.031 seconds
[2024-09-27T14:38:50.876+0200] {processor.py:186} INFO - Started process (PID=282800) to work on /home/julian/.cache/pypoetry/virtualenvs/real-time-data-lake-QWGm5iRW-py3.11/lib/python3.11/site-packages/airflow/example_dags/plugins/workday.py
[2024-09-27T14:38:50.882+0200] {processor.py:914} INFO - Processing file /home/julian/.cache/pypoetry/virtualenvs/real-time-data-lake-QWGm5iRW-py3.11/lib/python3.11/site-packages/airflow/example_dags/plugins/workday.py for tasks to queue
[2024-09-27T14:38:50.885+0200] {logging_mixin.py:190} INFO - [2024-09-27T14:38:50.884+0200] {dagbag.py:588} INFO - Filling up the DagBag from /home/julian/.cache/pypoetry/virtualenvs/real-time-data-lake-QWGm5iRW-py3.11/lib/python3.11/site-packages/airflow/example_dags/plugins/workday.py
[2024-09-27T14:38:50.887+0200] {processor.py:927} WARNING - No viable dags retrieved from /home/julian/.cache/pypoetry/virtualenvs/real-time-data-lake-QWGm5iRW-py3.11/lib/python3.11/site-packages/airflow/example_dags/plugins/workday.py
[2024-09-27T14:38:50.900+0200] {processor.py:208} INFO - Processing /home/julian/.cache/pypoetry/virtualenvs/real-time-data-lake-QWGm5iRW-py3.11/lib/python3.11/site-packages/airflow/example_dags/plugins/workday.py took 0.030 seconds
