[2024-09-27T14:20:16.278+0200] {processor.py:186} INFO - Started process (PID=280020) to work on /home/julian/.cache/pypoetry/virtualenvs/real-time-data-lake-QWGm5iRW-py3.11/lib/python3.11/site-packages/airflow/example_dags/subdags/subdag.py
[2024-09-27T14:20:16.279+0200] {processor.py:914} INFO - Processing file /home/julian/.cache/pypoetry/virtualenvs/real-time-data-lake-QWGm5iRW-py3.11/lib/python3.11/site-packages/airflow/example_dags/subdags/subdag.py for tasks to queue
[2024-09-27T14:20:16.281+0200] {logging_mixin.py:190} INFO - [2024-09-27T14:20:16.281+0200] {dagbag.py:588} INFO - Filling up the DagBag from /home/julian/.cache/pypoetry/virtualenvs/real-time-data-lake-QWGm5iRW-py3.11/lib/python3.11/site-packages/airflow/example_dags/subdags/subdag.py
[2024-09-27T14:20:16.284+0200] {processor.py:927} WARNING - No viable dags retrieved from /home/julian/.cache/pypoetry/virtualenvs/real-time-data-lake-QWGm5iRW-py3.11/lib/python3.11/site-packages/airflow/example_dags/subdags/subdag.py
[2024-09-27T14:20:16.296+0200] {processor.py:208} INFO - Processing /home/julian/.cache/pypoetry/virtualenvs/real-time-data-lake-QWGm5iRW-py3.11/lib/python3.11/site-packages/airflow/example_dags/subdags/subdag.py took 0.025 seconds
[2024-09-27T14:21:16.452+0200] {processor.py:186} INFO - Started process (PID=280118) to work on /home/julian/.cache/pypoetry/virtualenvs/real-time-data-lake-QWGm5iRW-py3.11/lib/python3.11/site-packages/airflow/example_dags/subdags/subdag.py
[2024-09-27T14:21:16.458+0200] {processor.py:914} INFO - Processing file /home/julian/.cache/pypoetry/virtualenvs/real-time-data-lake-QWGm5iRW-py3.11/lib/python3.11/site-packages/airflow/example_dags/subdags/subdag.py for tasks to queue
[2024-09-27T14:21:16.461+0200] {logging_mixin.py:190} INFO - [2024-09-27T14:21:16.460+0200] {dagbag.py:588} INFO - Filling up the DagBag from /home/julian/.cache/pypoetry/virtualenvs/real-time-data-lake-QWGm5iRW-py3.11/lib/python3.11/site-packages/airflow/example_dags/subdags/subdag.py
[2024-09-27T14:21:16.463+0200] {processor.py:927} WARNING - No viable dags retrieved from /home/julian/.cache/pypoetry/virtualenvs/real-time-data-lake-QWGm5iRW-py3.11/lib/python3.11/site-packages/airflow/example_dags/subdags/subdag.py
[2024-09-27T14:21:16.476+0200] {processor.py:208} INFO - Processing /home/julian/.cache/pypoetry/virtualenvs/real-time-data-lake-QWGm5iRW-py3.11/lib/python3.11/site-packages/airflow/example_dags/subdags/subdag.py took 0.031 seconds
[2024-09-27T14:21:58.278+0200] {processor.py:186} INFO - Started process (PID=280221) to work on /home/julian/.cache/pypoetry/virtualenvs/real-time-data-lake-QWGm5iRW-py3.11/lib/python3.11/site-packages/airflow/example_dags/subdags/subdag.py
[2024-09-27T14:21:58.284+0200] {processor.py:914} INFO - Processing file /home/julian/.cache/pypoetry/virtualenvs/real-time-data-lake-QWGm5iRW-py3.11/lib/python3.11/site-packages/airflow/example_dags/subdags/subdag.py for tasks to queue
[2024-09-27T14:21:58.286+0200] {logging_mixin.py:190} INFO - [2024-09-27T14:21:58.286+0200] {dagbag.py:588} INFO - Filling up the DagBag from /home/julian/.cache/pypoetry/virtualenvs/real-time-data-lake-QWGm5iRW-py3.11/lib/python3.11/site-packages/airflow/example_dags/subdags/subdag.py
[2024-09-27T14:21:58.289+0200] {processor.py:927} WARNING - No viable dags retrieved from /home/julian/.cache/pypoetry/virtualenvs/real-time-data-lake-QWGm5iRW-py3.11/lib/python3.11/site-packages/airflow/example_dags/subdags/subdag.py
[2024-09-27T14:21:58.305+0200] {processor.py:208} INFO - Processing /home/julian/.cache/pypoetry/virtualenvs/real-time-data-lake-QWGm5iRW-py3.11/lib/python3.11/site-packages/airflow/example_dags/subdags/subdag.py took 0.034 seconds
[2024-09-27T14:22:52.872+0200] {processor.py:186} INFO - Started process (PID=280317) to work on /home/julian/.cache/pypoetry/virtualenvs/real-time-data-lake-QWGm5iRW-py3.11/lib/python3.11/site-packages/airflow/example_dags/subdags/subdag.py
[2024-09-27T14:22:52.878+0200] {processor.py:914} INFO - Processing file /home/julian/.cache/pypoetry/virtualenvs/real-time-data-lake-QWGm5iRW-py3.11/lib/python3.11/site-packages/airflow/example_dags/subdags/subdag.py for tasks to queue
[2024-09-27T14:22:52.881+0200] {logging_mixin.py:190} INFO - [2024-09-27T14:22:52.881+0200] {dagbag.py:588} INFO - Filling up the DagBag from /home/julian/.cache/pypoetry/virtualenvs/real-time-data-lake-QWGm5iRW-py3.11/lib/python3.11/site-packages/airflow/example_dags/subdags/subdag.py
[2024-09-27T14:22:52.883+0200] {processor.py:927} WARNING - No viable dags retrieved from /home/julian/.cache/pypoetry/virtualenvs/real-time-data-lake-QWGm5iRW-py3.11/lib/python3.11/site-packages/airflow/example_dags/subdags/subdag.py
[2024-09-27T14:22:52.895+0200] {processor.py:208} INFO - Processing /home/julian/.cache/pypoetry/virtualenvs/real-time-data-lake-QWGm5iRW-py3.11/lib/python3.11/site-packages/airflow/example_dags/subdags/subdag.py took 0.029 seconds
[2024-09-27T14:23:44.747+0200] {processor.py:186} INFO - Started process (PID=280475) to work on /home/julian/.cache/pypoetry/virtualenvs/real-time-data-lake-QWGm5iRW-py3.11/lib/python3.11/site-packages/airflow/example_dags/subdags/subdag.py
[2024-09-27T14:23:44.752+0200] {processor.py:914} INFO - Processing file /home/julian/.cache/pypoetry/virtualenvs/real-time-data-lake-QWGm5iRW-py3.11/lib/python3.11/site-packages/airflow/example_dags/subdags/subdag.py for tasks to queue
[2024-09-27T14:23:44.754+0200] {logging_mixin.py:190} INFO - [2024-09-27T14:23:44.754+0200] {dagbag.py:588} INFO - Filling up the DagBag from /home/julian/.cache/pypoetry/virtualenvs/real-time-data-lake-QWGm5iRW-py3.11/lib/python3.11/site-packages/airflow/example_dags/subdags/subdag.py
[2024-09-27T14:23:44.755+0200] {processor.py:927} WARNING - No viable dags retrieved from /home/julian/.cache/pypoetry/virtualenvs/real-time-data-lake-QWGm5iRW-py3.11/lib/python3.11/site-packages/airflow/example_dags/subdags/subdag.py
[2024-09-27T14:23:44.761+0200] {processor.py:208} INFO - Processing /home/julian/.cache/pypoetry/virtualenvs/real-time-data-lake-QWGm5iRW-py3.11/lib/python3.11/site-packages/airflow/example_dags/subdags/subdag.py took 0.018 seconds
[2024-09-27T14:24:35.485+0200] {processor.py:186} INFO - Started process (PID=280673) to work on /home/julian/.cache/pypoetry/virtualenvs/real-time-data-lake-QWGm5iRW-py3.11/lib/python3.11/site-packages/airflow/example_dags/subdags/subdag.py
[2024-09-27T14:24:35.486+0200] {processor.py:914} INFO - Processing file /home/julian/.cache/pypoetry/virtualenvs/real-time-data-lake-QWGm5iRW-py3.11/lib/python3.11/site-packages/airflow/example_dags/subdags/subdag.py for tasks to queue
[2024-09-27T14:24:35.488+0200] {logging_mixin.py:190} INFO - [2024-09-27T14:24:35.488+0200] {dagbag.py:588} INFO - Filling up the DagBag from /home/julian/.cache/pypoetry/virtualenvs/real-time-data-lake-QWGm5iRW-py3.11/lib/python3.11/site-packages/airflow/example_dags/subdags/subdag.py
[2024-09-27T14:24:35.490+0200] {processor.py:927} WARNING - No viable dags retrieved from /home/julian/.cache/pypoetry/virtualenvs/real-time-data-lake-QWGm5iRW-py3.11/lib/python3.11/site-packages/airflow/example_dags/subdags/subdag.py
[2024-09-27T14:24:35.504+0200] {processor.py:208} INFO - Processing /home/julian/.cache/pypoetry/virtualenvs/real-time-data-lake-QWGm5iRW-py3.11/lib/python3.11/site-packages/airflow/example_dags/subdags/subdag.py took 0.027 seconds
[2024-09-27T14:25:27.344+0200] {processor.py:186} INFO - Started process (PID=280776) to work on /home/julian/.cache/pypoetry/virtualenvs/real-time-data-lake-QWGm5iRW-py3.11/lib/python3.11/site-packages/airflow/example_dags/subdags/subdag.py
[2024-09-27T14:25:27.350+0200] {processor.py:914} INFO - Processing file /home/julian/.cache/pypoetry/virtualenvs/real-time-data-lake-QWGm5iRW-py3.11/lib/python3.11/site-packages/airflow/example_dags/subdags/subdag.py for tasks to queue
[2024-09-27T14:25:27.353+0200] {logging_mixin.py:190} INFO - [2024-09-27T14:25:27.353+0200] {dagbag.py:588} INFO - Filling up the DagBag from /home/julian/.cache/pypoetry/virtualenvs/real-time-data-lake-QWGm5iRW-py3.11/lib/python3.11/site-packages/airflow/example_dags/subdags/subdag.py
[2024-09-27T14:25:27.356+0200] {processor.py:927} WARNING - No viable dags retrieved from /home/julian/.cache/pypoetry/virtualenvs/real-time-data-lake-QWGm5iRW-py3.11/lib/python3.11/site-packages/airflow/example_dags/subdags/subdag.py
[2024-09-27T14:25:27.368+0200] {processor.py:208} INFO - Processing /home/julian/.cache/pypoetry/virtualenvs/real-time-data-lake-QWGm5iRW-py3.11/lib/python3.11/site-packages/airflow/example_dags/subdags/subdag.py took 0.031 seconds
[2024-09-27T14:30:25.228+0200] {processor.py:186} INFO - Started process (PID=281410) to work on /home/julian/.cache/pypoetry/virtualenvs/real-time-data-lake-QWGm5iRW-py3.11/lib/python3.11/site-packages/airflow/example_dags/subdags/subdag.py
[2024-09-27T14:30:25.234+0200] {processor.py:914} INFO - Processing file /home/julian/.cache/pypoetry/virtualenvs/real-time-data-lake-QWGm5iRW-py3.11/lib/python3.11/site-packages/airflow/example_dags/subdags/subdag.py for tasks to queue
[2024-09-27T14:30:25.236+0200] {logging_mixin.py:190} INFO - [2024-09-27T14:30:25.235+0200] {dagbag.py:588} INFO - Filling up the DagBag from /home/julian/.cache/pypoetry/virtualenvs/real-time-data-lake-QWGm5iRW-py3.11/lib/python3.11/site-packages/airflow/example_dags/subdags/subdag.py
[2024-09-27T14:30:25.237+0200] {processor.py:927} WARNING - No viable dags retrieved from /home/julian/.cache/pypoetry/virtualenvs/real-time-data-lake-QWGm5iRW-py3.11/lib/python3.11/site-packages/airflow/example_dags/subdags/subdag.py
[2024-09-27T14:30:25.245+0200] {processor.py:208} INFO - Processing /home/julian/.cache/pypoetry/virtualenvs/real-time-data-lake-QWGm5iRW-py3.11/lib/python3.11/site-packages/airflow/example_dags/subdags/subdag.py took 0.021 seconds
[2024-09-27T14:31:19.835+0200] {processor.py:186} INFO - Started process (PID=281527) to work on /home/julian/.cache/pypoetry/virtualenvs/real-time-data-lake-QWGm5iRW-py3.11/lib/python3.11/site-packages/airflow/example_dags/subdags/subdag.py
[2024-09-27T14:31:19.841+0200] {processor.py:914} INFO - Processing file /home/julian/.cache/pypoetry/virtualenvs/real-time-data-lake-QWGm5iRW-py3.11/lib/python3.11/site-packages/airflow/example_dags/subdags/subdag.py for tasks to queue
[2024-09-27T14:31:19.845+0200] {logging_mixin.py:190} INFO - [2024-09-27T14:31:19.844+0200] {dagbag.py:588} INFO - Filling up the DagBag from /home/julian/.cache/pypoetry/virtualenvs/real-time-data-lake-QWGm5iRW-py3.11/lib/python3.11/site-packages/airflow/example_dags/subdags/subdag.py
[2024-09-27T14:31:19.847+0200] {processor.py:927} WARNING - No viable dags retrieved from /home/julian/.cache/pypoetry/virtualenvs/real-time-data-lake-QWGm5iRW-py3.11/lib/python3.11/site-packages/airflow/example_dags/subdags/subdag.py
[2024-09-27T14:31:19.853+0200] {processor.py:208} INFO - Processing /home/julian/.cache/pypoetry/virtualenvs/real-time-data-lake-QWGm5iRW-py3.11/lib/python3.11/site-packages/airflow/example_dags/subdags/subdag.py took 0.025 seconds
[2024-09-27T14:32:09.440+0200] {processor.py:186} INFO - Started process (PID=281605) to work on /home/julian/.cache/pypoetry/virtualenvs/real-time-data-lake-QWGm5iRW-py3.11/lib/python3.11/site-packages/airflow/example_dags/subdags/subdag.py
[2024-09-27T14:32:09.446+0200] {processor.py:914} INFO - Processing file /home/julian/.cache/pypoetry/virtualenvs/real-time-data-lake-QWGm5iRW-py3.11/lib/python3.11/site-packages/airflow/example_dags/subdags/subdag.py for tasks to queue
[2024-09-27T14:32:09.449+0200] {logging_mixin.py:190} INFO - [2024-09-27T14:32:09.448+0200] {dagbag.py:588} INFO - Filling up the DagBag from /home/julian/.cache/pypoetry/virtualenvs/real-time-data-lake-QWGm5iRW-py3.11/lib/python3.11/site-packages/airflow/example_dags/subdags/subdag.py
[2024-09-27T14:32:09.451+0200] {processor.py:927} WARNING - No viable dags retrieved from /home/julian/.cache/pypoetry/virtualenvs/real-time-data-lake-QWGm5iRW-py3.11/lib/python3.11/site-packages/airflow/example_dags/subdags/subdag.py
[2024-09-27T14:32:09.464+0200] {processor.py:208} INFO - Processing /home/julian/.cache/pypoetry/virtualenvs/real-time-data-lake-QWGm5iRW-py3.11/lib/python3.11/site-packages/airflow/example_dags/subdags/subdag.py took 0.031 seconds
[2024-09-27T14:32:58.265+0200] {processor.py:186} INFO - Started process (PID=281757) to work on /home/julian/.cache/pypoetry/virtualenvs/real-time-data-lake-QWGm5iRW-py3.11/lib/python3.11/site-packages/airflow/example_dags/subdags/subdag.py
[2024-09-27T14:32:58.271+0200] {processor.py:914} INFO - Processing file /home/julian/.cache/pypoetry/virtualenvs/real-time-data-lake-QWGm5iRW-py3.11/lib/python3.11/site-packages/airflow/example_dags/subdags/subdag.py for tasks to queue
[2024-09-27T14:32:58.273+0200] {logging_mixin.py:190} INFO - [2024-09-27T14:32:58.273+0200] {dagbag.py:588} INFO - Filling up the DagBag from /home/julian/.cache/pypoetry/virtualenvs/real-time-data-lake-QWGm5iRW-py3.11/lib/python3.11/site-packages/airflow/example_dags/subdags/subdag.py
[2024-09-27T14:32:58.276+0200] {processor.py:927} WARNING - No viable dags retrieved from /home/julian/.cache/pypoetry/virtualenvs/real-time-data-lake-QWGm5iRW-py3.11/lib/python3.11/site-packages/airflow/example_dags/subdags/subdag.py
[2024-09-27T14:32:58.289+0200] {processor.py:208} INFO - Processing /home/julian/.cache/pypoetry/virtualenvs/real-time-data-lake-QWGm5iRW-py3.11/lib/python3.11/site-packages/airflow/example_dags/subdags/subdag.py took 0.032 seconds
[2024-09-27T14:33:47.892+0200] {processor.py:186} INFO - Started process (PID=281851) to work on /home/julian/.cache/pypoetry/virtualenvs/real-time-data-lake-QWGm5iRW-py3.11/lib/python3.11/site-packages/airflow/example_dags/subdags/subdag.py
[2024-09-27T14:33:47.898+0200] {processor.py:914} INFO - Processing file /home/julian/.cache/pypoetry/virtualenvs/real-time-data-lake-QWGm5iRW-py3.11/lib/python3.11/site-packages/airflow/example_dags/subdags/subdag.py for tasks to queue
[2024-09-27T14:33:47.901+0200] {logging_mixin.py:190} INFO - [2024-09-27T14:33:47.901+0200] {dagbag.py:588} INFO - Filling up the DagBag from /home/julian/.cache/pypoetry/virtualenvs/real-time-data-lake-QWGm5iRW-py3.11/lib/python3.11/site-packages/airflow/example_dags/subdags/subdag.py
[2024-09-27T14:33:47.903+0200] {processor.py:927} WARNING - No viable dags retrieved from /home/julian/.cache/pypoetry/virtualenvs/real-time-data-lake-QWGm5iRW-py3.11/lib/python3.11/site-packages/airflow/example_dags/subdags/subdag.py
[2024-09-27T14:33:47.916+0200] {processor.py:208} INFO - Processing /home/julian/.cache/pypoetry/virtualenvs/real-time-data-lake-QWGm5iRW-py3.11/lib/python3.11/site-packages/airflow/example_dags/subdags/subdag.py took 0.031 seconds
[2024-09-27T14:34:37.038+0200] {processor.py:186} INFO - Started process (PID=282073) to work on /home/julian/.cache/pypoetry/virtualenvs/real-time-data-lake-QWGm5iRW-py3.11/lib/python3.11/site-packages/airflow/example_dags/subdags/subdag.py
[2024-09-27T14:34:37.039+0200] {processor.py:914} INFO - Processing file /home/julian/.cache/pypoetry/virtualenvs/real-time-data-lake-QWGm5iRW-py3.11/lib/python3.11/site-packages/airflow/example_dags/subdags/subdag.py for tasks to queue
[2024-09-27T14:34:37.042+0200] {logging_mixin.py:190} INFO - [2024-09-27T14:34:37.041+0200] {dagbag.py:588} INFO - Filling up the DagBag from /home/julian/.cache/pypoetry/virtualenvs/real-time-data-lake-QWGm5iRW-py3.11/lib/python3.11/site-packages/airflow/example_dags/subdags/subdag.py
[2024-09-27T14:34:37.044+0200] {processor.py:927} WARNING - No viable dags retrieved from /home/julian/.cache/pypoetry/virtualenvs/real-time-data-lake-QWGm5iRW-py3.11/lib/python3.11/site-packages/airflow/example_dags/subdags/subdag.py
[2024-09-27T14:34:37.057+0200] {processor.py:208} INFO - Processing /home/julian/.cache/pypoetry/virtualenvs/real-time-data-lake-QWGm5iRW-py3.11/lib/python3.11/site-packages/airflow/example_dags/subdags/subdag.py took 0.026 seconds
[2024-09-27T14:35:24.761+0200] {processor.py:186} INFO - Started process (PID=282153) to work on /home/julian/.cache/pypoetry/virtualenvs/real-time-data-lake-QWGm5iRW-py3.11/lib/python3.11/site-packages/airflow/example_dags/subdags/subdag.py
[2024-09-27T14:35:24.767+0200] {processor.py:914} INFO - Processing file /home/julian/.cache/pypoetry/virtualenvs/real-time-data-lake-QWGm5iRW-py3.11/lib/python3.11/site-packages/airflow/example_dags/subdags/subdag.py for tasks to queue
[2024-09-27T14:35:24.770+0200] {logging_mixin.py:190} INFO - [2024-09-27T14:35:24.769+0200] {dagbag.py:588} INFO - Filling up the DagBag from /home/julian/.cache/pypoetry/virtualenvs/real-time-data-lake-QWGm5iRW-py3.11/lib/python3.11/site-packages/airflow/example_dags/subdags/subdag.py
[2024-09-27T14:35:24.772+0200] {processor.py:927} WARNING - No viable dags retrieved from /home/julian/.cache/pypoetry/virtualenvs/real-time-data-lake-QWGm5iRW-py3.11/lib/python3.11/site-packages/airflow/example_dags/subdags/subdag.py
[2024-09-27T14:35:24.785+0200] {processor.py:208} INFO - Processing /home/julian/.cache/pypoetry/virtualenvs/real-time-data-lake-QWGm5iRW-py3.11/lib/python3.11/site-packages/airflow/example_dags/subdags/subdag.py took 0.032 seconds
[2024-09-27T14:36:17.593+0200] {processor.py:186} INFO - Started process (PID=282242) to work on /home/julian/.cache/pypoetry/virtualenvs/real-time-data-lake-QWGm5iRW-py3.11/lib/python3.11/site-packages/airflow/example_dags/subdags/subdag.py
[2024-09-27T14:36:17.599+0200] {processor.py:914} INFO - Processing file /home/julian/.cache/pypoetry/virtualenvs/real-time-data-lake-QWGm5iRW-py3.11/lib/python3.11/site-packages/airflow/example_dags/subdags/subdag.py for tasks to queue
[2024-09-27T14:36:17.602+0200] {logging_mixin.py:190} INFO - [2024-09-27T14:36:17.601+0200] {dagbag.py:588} INFO - Filling up the DagBag from /home/julian/.cache/pypoetry/virtualenvs/real-time-data-lake-QWGm5iRW-py3.11/lib/python3.11/site-packages/airflow/example_dags/subdags/subdag.py
[2024-09-27T14:36:17.604+0200] {processor.py:927} WARNING - No viable dags retrieved from /home/julian/.cache/pypoetry/virtualenvs/real-time-data-lake-QWGm5iRW-py3.11/lib/python3.11/site-packages/airflow/example_dags/subdags/subdag.py
[2024-09-27T14:36:17.617+0200] {processor.py:208} INFO - Processing /home/julian/.cache/pypoetry/virtualenvs/real-time-data-lake-QWGm5iRW-py3.11/lib/python3.11/site-packages/airflow/example_dags/subdags/subdag.py took 0.031 seconds
[2024-09-27T14:37:09.167+0200] {processor.py:186} INFO - Started process (PID=282320) to work on /home/julian/.cache/pypoetry/virtualenvs/real-time-data-lake-QWGm5iRW-py3.11/lib/python3.11/site-packages/airflow/example_dags/subdags/subdag.py
[2024-09-27T14:37:09.173+0200] {processor.py:914} INFO - Processing file /home/julian/.cache/pypoetry/virtualenvs/real-time-data-lake-QWGm5iRW-py3.11/lib/python3.11/site-packages/airflow/example_dags/subdags/subdag.py for tasks to queue
[2024-09-27T14:37:09.176+0200] {logging_mixin.py:190} INFO - [2024-09-27T14:37:09.175+0200] {dagbag.py:588} INFO - Filling up the DagBag from /home/julian/.cache/pypoetry/virtualenvs/real-time-data-lake-QWGm5iRW-py3.11/lib/python3.11/site-packages/airflow/example_dags/subdags/subdag.py
[2024-09-27T14:37:09.178+0200] {processor.py:927} WARNING - No viable dags retrieved from /home/julian/.cache/pypoetry/virtualenvs/real-time-data-lake-QWGm5iRW-py3.11/lib/python3.11/site-packages/airflow/example_dags/subdags/subdag.py
[2024-09-27T14:37:09.191+0200] {processor.py:208} INFO - Processing /home/julian/.cache/pypoetry/virtualenvs/real-time-data-lake-QWGm5iRW-py3.11/lib/python3.11/site-packages/airflow/example_dags/subdags/subdag.py took 0.031 seconds
[2024-09-27T14:38:00.002+0200] {processor.py:186} INFO - Started process (PID=282548) to work on /home/julian/.cache/pypoetry/virtualenvs/real-time-data-lake-QWGm5iRW-py3.11/lib/python3.11/site-packages/airflow/example_dags/subdags/subdag.py
[2024-09-27T14:38:00.008+0200] {processor.py:914} INFO - Processing file /home/julian/.cache/pypoetry/virtualenvs/real-time-data-lake-QWGm5iRW-py3.11/lib/python3.11/site-packages/airflow/example_dags/subdags/subdag.py for tasks to queue
[2024-09-27T14:38:00.011+0200] {logging_mixin.py:190} INFO - [2024-09-27T14:38:00.010+0200] {dagbag.py:588} INFO - Filling up the DagBag from /home/julian/.cache/pypoetry/virtualenvs/real-time-data-lake-QWGm5iRW-py3.11/lib/python3.11/site-packages/airflow/example_dags/subdags/subdag.py
[2024-09-27T14:38:00.013+0200] {processor.py:927} WARNING - No viable dags retrieved from /home/julian/.cache/pypoetry/virtualenvs/real-time-data-lake-QWGm5iRW-py3.11/lib/python3.11/site-packages/airflow/example_dags/subdags/subdag.py
[2024-09-27T14:38:00.026+0200] {processor.py:208} INFO - Processing /home/julian/.cache/pypoetry/virtualenvs/real-time-data-lake-QWGm5iRW-py3.11/lib/python3.11/site-packages/airflow/example_dags/subdags/subdag.py took 0.031 seconds
[2024-09-27T14:38:48.929+0200] {processor.py:186} INFO - Started process (PID=282794) to work on /home/julian/.cache/pypoetry/virtualenvs/real-time-data-lake-QWGm5iRW-py3.11/lib/python3.11/site-packages/airflow/example_dags/subdags/subdag.py
[2024-09-27T14:38:48.935+0200] {processor.py:914} INFO - Processing file /home/julian/.cache/pypoetry/virtualenvs/real-time-data-lake-QWGm5iRW-py3.11/lib/python3.11/site-packages/airflow/example_dags/subdags/subdag.py for tasks to queue
[2024-09-27T14:38:48.938+0200] {logging_mixin.py:190} INFO - [2024-09-27T14:38:48.937+0200] {dagbag.py:588} INFO - Filling up the DagBag from /home/julian/.cache/pypoetry/virtualenvs/real-time-data-lake-QWGm5iRW-py3.11/lib/python3.11/site-packages/airflow/example_dags/subdags/subdag.py
[2024-09-27T14:38:48.940+0200] {processor.py:927} WARNING - No viable dags retrieved from /home/julian/.cache/pypoetry/virtualenvs/real-time-data-lake-QWGm5iRW-py3.11/lib/python3.11/site-packages/airflow/example_dags/subdags/subdag.py
[2024-09-27T14:38:48.954+0200] {processor.py:208} INFO - Processing /home/julian/.cache/pypoetry/virtualenvs/real-time-data-lake-QWGm5iRW-py3.11/lib/python3.11/site-packages/airflow/example_dags/subdags/subdag.py took 0.032 seconds
